Customized_statistics: h20_c50_l100_01 11 13 NOT_FIXED_OPT 1.0e7 610.9249986104928 498.0 7 615.6999997995692 615.7 32.88 154.59
Customized_statistics: h20_c50_l100_02 12 13 NOT_FIXED_OPT 1.0e7 655.7559529334595 504.0 21 661.3999999999999 661.3999999999999 151.44 156.85999999999999
Customized_statistics: h20_c50_l100_03 11 12 NOT_FIXED_OPT 1.0e7 621.5696480184488 1281.0 183 648.6771316841475 656.1999999999864 8031.5 8035.83
Customized_statistics: h20_c50_l100_04 12 13 NOT_FIXED_OPT 1.0e7 700.2582613973411 657.0 147 719.9999998699999 720.0 1994.14 1998.25
Customized_statistics: h20_c50_l100_05 11 13 NOT_FIXED_OPT 1.0e7 691.4698093556347 745.0 215 711.6999998699995 711.7 1749.74 1754.98
Customized_statistics: h20_c50_l100_06 11 13 NOT_FIXED_OPT 1.0e7 674.2798707383382 695.0 73 690.1999998699999 690.2 654.12 659.65
Customized_statistics: h20_c50_l100_07 11 15 NOT_FIXED_OPT 1.0e7 870.7410298679695 828.0 995 889.0999997402444 889.0999999999999 16952.25 16957.69
Customized_statistics: h20_c50_l100_08 11 13 NOT_FIXED_OPT 1.0e7 644.8571584968082 623.0 1245 664.0999998700005 664.1 5686.49 5697.65
Customized_statistics: h20_c50_l100_10 11 14 NOT_FIXED_OPT 1.0e7 737.4999999996362 274.0 93 770.7999997427016 770.8 466.61 472.03000000000003
Customized_statistics: h20_c50_l150_01 7 8 NOT_FIXED_OPT 1.0e7 567.9289539015882 1408.0 109 583.0999999999999 583.1 4229.19 4235.03
Customized_statistics: h20_c50_l150_02 8 8 NOT_FIXED_OPT 1.0e7 592.4400994465287 1050.0 135 597.2999999199999 597.3 2550.44 2550.44
Customized_statistics: h20_c50_l150_03 7 8 NOT_FIXED_OPT 1.0e7 549.0624996979201 1145.0 7 552.3999998399995 552.4000000000002 226.76 235.12
Customized_statistics: h20_c50_l150_04 8 9 NOT_FIXED_OPT 1.0e7 625.2039837574276 1242.0 7 630.0999996755405 630.1000000000008 209.04 9403.560000000001
Customized_statistics: h20_c50_l150_05 8 8 NOT_FIXED_OPT 1.0e7 615.393923791489 7611.0 3 615.7999998435425 615.8000000000002 282.27 282.27
Customized_statistics: h20_c50_l150_06 8 8 NOT_FIXED_OPT 1.0e7 586.4952163208185 1537.0 117 601.7999998742898 601.8 4458.83 4458.83
Customized_statistics: h20_c50_l150_07 8 9 NOT_FIXED_OPT 1.0e7 645.7215786838761 1045.0 59 660.8999998200003 660.9 919.22 1017.69
Customized_statistics: h20_c50_l150_08 7 8 NOT_FIXED_OPT 1.0e7 568.7989862898478 876.0 55 586.2999999199999 586.3 1912.49 1917.69
Customized_statistics: h20_c50_l150_10 8 8 NOT_FIXED_OPT 1.0e7 612.018414360594 1209.0 3 613.6999999999998 613.6999999999998 36.22 36.22
Customized_statistics: h20_c50_l200_01 6 6 NOT_FIXED_OPT 1.0e7 550.4357046798605 4312.0 39 558.6999999600017 558.7 3338.69 3338.69
Customized_statistics: h20_c50_l200_02 6 6 NOT_FIXED_OPT 1.0e7 579.6104157696586 1445.0 9 583.6999999714176 583.6999999999998 533.98 533.98
Customized_statistics: h20_c50_l200_03 6 6 NOT_FIXED_OPT 1.0e7 529.3987741436781 2572.0 15 539.2999998446314 539.2999999999988 930.76 930.76
Customized_statistics: h20_c50_l200_04 5 6 NOT_FIXED_OPT 1.0e7 625.8231200235417 2084.0 155 646.2999998306994 646.3 13669.34 13671.54
Customized_statistics: h20_c50_l200_05 6 6 NOT_FIXED_OPT 1.0e7 587.1373461126859 4256.0 161 592.499999927711 592.4999999999999 7495.66 7495.66
Customized_statistics: h20_c50_l200_06 5 6 NOT_FIXED_OPT 1.0e7 574.8442610004754 3086.0 155 585.4999998562523 585.5000000000001 7617.6 7621.160000000001
Customized_statistics: h20_c50_l200_07 6 6 NOT_FIXED_OPT 1.0e7 607.3675170459361 2931.0 7 612.5999998945955 612.5999999999998 297.74 297.74
Customized_statistics: h20_c50_l200_08 6 6 NOT_FIXED_OPT 1.0e7 550.6186490391704 1778.0 5 554.2999997467222 554.3000000000048 88.51 88.51
