Application parameters:
  batch  =>  nothing
  tikz  =>  "/TIKZ/100-45-2-3.tex"
  instance  =>  "/IN/100-45-2-3.ophs"
  out  =>  "/OUT/100-45-2-3.sol"
  nosolve  =>  false
  ub  =>  -367
  complete  =>  false
  cfg  =>  "/BWTSP/src/../config/OPHS.cfg"
VRPSolver warning: Interval set for resource 1 on source node (when source != sink) is ignored (by definition is [0.0,0.0])
VRPSolver warning: Interval set for resource 1 on source node (when source != sink) is ignored (by definition is [0.0,0.0])
VRPSolver warning: Interval set for resource 1 on source node (when source != sink) is ignored (by definition is [0.0,0.0])
[41m solve [00m
~~~~~~~~~~~~~~~~~~~~~~~~~~~~~~~~~~~~~~~~~~~~~~~~~~~~~~~~~~~~~~~~~~~~~~~~~~~~~~
VRPSolver v0.4.1, 24/03/2021. Web: vrpsolver.math.u-bordeaux.fr
Corresponds to the solver by Pessoa, Sadykov, Uchoa and Vanderbeck (2020)
Paper: dx.doi.org/10.1007/s10107-020-01523-z
USE THIS CODE ONLY FOR ACADEMIC PURPOSES AT YOUR OWN RISK
~~~~~~~~~~~~~~~~~~~~~~~~~~~~~~~~~~~~~~~~~~~~~~~~~~~~~~~~~~~~~~~~~~~~~~~~~~~~~~
BaPCod v053, 24/03/2021, © Inria Bordeaux, France
~~~~~~~~~~~~~~~~~~~~~~~~~~~~~~~~~~~~~~~~~~~~~~~~~~~~~~~~~~~~~~~~~~~~~~~~~~~~~~
VRPSolver parameters:
GlobalTimeLimit = 18000
MaxNbOfBBtreeNodeTreated = 100000
treeSearchStrategy = 1
RCSPstopCutGenTimeThresholdInPricing = 10
RCSPhardTimeThresholdInPricing = 25
RCSPnumberOfBucketsPerVertex = 25
RCSPdynamicBucketSteps = 1
RCSPuseBidirectionalSearch = 2
RCSPapplyReducedCostFixing = 1
RCSPredCostFixingFalseGap = 0
RCSPmaxNumOfColsPerIteration = 30
RCSPmaxNumOfColsPerExactIteration = 150
RCSPheurLabelingStrategy = 0
StabilizationMinPhaseOfStage = 0
RCSPmaxNumOfLabelsInEnumeration = 500000
RCSPmaxNumOfEnumeratedSolutions = 5000000
RCSPmaxNumOfEnumSolutionsForMIP = 10000
RCSPinitNGneighbourhoodSize = 8
RCSPmaxNGneighbourhoodSize = 8
RCSPrankOneCutsMaxNumPerRound = 100
RCSPrankOneCutsMaxNumRows = 5
RCSPrankOneCutsMemoryType = 0
CutTailingOffThreshold = 0.015
CutTailingOffCounterThreshold = 3
SafeDualBoundScaleFactor = -1
StrongBranchingPhaseOneCandidatesNumber = 100
StrongBranchingPhaseOneTreeSizeEstimRatio = 0.2
StrongBranchingPhaseTwoCandidatesNumber = 3
StrongBranchingPhaseTwoTreeSizeEstimRatio = 0.02
MaxTimeForRestrictedMasterIpHeur = -1
DivingHeurUseDepthLimit = 0
MaxLDSbreadth = 1
MaxLDSdepth = 10000
New model incumbent solution -366, TIME = 0h0m0s2t = 2
Model is built TIME = 0h0m1s4t = 104
************************************************************************************************
**** BaB tree root node
**** Local DB = -1e+12, global bounds : [ -1e+12 , -366 ], TIME = 0h0m1s4t = 104
**** 1 open nodes, 0 columns (0 active), 0 dyn. constrs. (0 active), 419 art. vars. (419 active)
************************************************************************************************
--------------------------------------------------------------------------
BaPCod info : first we run the root node with rank-1 cuts with node memory
--------------------------------------------------------------------------
<DWph=2> <it= 10> <et=1.17> <Mt= 0.00> <Spt= 0.10> <nCl= 71> <DB= -380.3359> <Mlp= -367.0000> <PB=-367> 
<DWph=2> <it= 13> <et=1.23> <Mt= 0.00> <Spt= 0.06> <nCl=  2> <DB= -367.0000> <Mlp= -367.0000> <PB=-367> 
<DWph=1> <it= 15> <et=1.28> <Mt= 0.00> <Spt= 0.04> <nCl=  3> <DB= -367.0000> <Mlp= -367.0000> <PB=-367> 
<DWph=0> <it= 16> <et=1.32> <Mt= 0.00> <Spt= 0.04> <nCl=  0> <DB= -367.0000> <Mlp= -367.0000> <PB=-367> 
ColGenEvalAlg final dual bound: -367 (rounded: -367)
New model incumbent solution -367, TIME = 0h0m1s33t = 133
************************************************************************************************
Search is finished, global bounds : [ -367 , -367 ], TIME = 0h0m1s33t = 133
************************************************************************************************
[32mBaPCod : solution defined.[00m
statistics_cols: instance & :Optimal & cutoff & :bcRecRootDb & :bcTimeRootEval & :bcCountNodeProc & :bcRecBestDb & :bcRecBestInc & :bcTimeMain \\
statistics: 100-45-2-3 & 1 & -365.99999 & -367.00 & 1.33 & 1 & -367.00 & -367 & 1.33 \\
########################################################
trip 1 : 1 100 54 7 51 27 11 18 3 
trip 2 : 3 71 14 73 84 26 92 21 4 
trip 3 : 4 43 66 49 78 82 28 2 
tour : 1 100 54 7 51 27 11 18 3 71 14 73 84 26 92 21 4 43 66 49 78 82 28 2
Cost 367.0
########################################################
