Application parameters:
  batch  =>  nothing
  tikz  =>  "/TIKZ/64-45-2-3.tex"
  instance  =>  "/IN/64-45-2-3.ophs"
  out  =>  "/OUT/64-45-2-3.sol"
  nosolve  =>  false
  ub  =>  -816
  complete  =>  false
  cfg  =>  "/BWTSP/src/../config/OPHS.cfg"
VRPSolver warning: Interval set for resource 1 on source node (when source != sink) is ignored (by definition is [0.0,0.0])
VRPSolver warning: Interval set for resource 1 on source node (when source != sink) is ignored (by definition is [0.0,0.0])
VRPSolver warning: Interval set for resource 1 on source node (when source != sink) is ignored (by definition is [0.0,0.0])
[41m solve [00m
~~~~~~~~~~~~~~~~~~~~~~~~~~~~~~~~~~~~~~~~~~~~~~~~~~~~~~~~~~~~~~~~~~~~~~~~~~~~~~
VRPSolver v0.4.1, 24/03/2021. Web: vrpsolver.math.u-bordeaux.fr
Corresponds to the solver by Pessoa, Sadykov, Uchoa and Vanderbeck (2020)
Paper: dx.doi.org/10.1007/s10107-020-01523-z
USE THIS CODE ONLY FOR ACADEMIC PURPOSES AT YOUR OWN RISK
~~~~~~~~~~~~~~~~~~~~~~~~~~~~~~~~~~~~~~~~~~~~~~~~~~~~~~~~~~~~~~~~~~~~~~~~~~~~~~
BaPCod v053, 24/03/2021, © Inria Bordeaux, France
~~~~~~~~~~~~~~~~~~~~~~~~~~~~~~~~~~~~~~~~~~~~~~~~~~~~~~~~~~~~~~~~~~~~~~~~~~~~~~
VRPSolver parameters:
GlobalTimeLimit = 18000
MaxNbOfBBtreeNodeTreated = 100000
treeSearchStrategy = 1
RCSPstopCutGenTimeThresholdInPricing = 10
RCSPhardTimeThresholdInPricing = 25
RCSPnumberOfBucketsPerVertex = 25
RCSPdynamicBucketSteps = 1
RCSPuseBidirectionalSearch = 2
RCSPapplyReducedCostFixing = 1
RCSPredCostFixingFalseGap = 0
RCSPmaxNumOfColsPerIteration = 30
RCSPmaxNumOfColsPerExactIteration = 150
RCSPheurLabelingStrategy = 0
StabilizationMinPhaseOfStage = 0
RCSPmaxNumOfLabelsInEnumeration = 500000
RCSPmaxNumOfEnumeratedSolutions = 5000000
RCSPmaxNumOfEnumSolutionsForMIP = 10000
RCSPinitNGneighbourhoodSize = 8
RCSPmaxNGneighbourhoodSize = 8
RCSPrankOneCutsMaxNumPerRound = 100
RCSPrankOneCutsMaxNumRows = 5
RCSPrankOneCutsMemoryType = 0
CutTailingOffThreshold = 0.015
CutTailingOffCounterThreshold = 3
SafeDualBoundScaleFactor = -1
StrongBranchingPhaseOneCandidatesNumber = 100
StrongBranchingPhaseOneTreeSizeEstimRatio = 0.2
StrongBranchingPhaseTwoCandidatesNumber = 3
StrongBranchingPhaseTwoTreeSizeEstimRatio = 0.02
MaxTimeForRestrictedMasterIpHeur = -1
DivingHeurUseDepthLimit = 0
MaxLDSbreadth = 1
MaxLDSdepth = 10000
New model incumbent solution -815, TIME = 0h0m0s2t = 2
Model is built TIME = 0h0m0s89t = 89
************************************************************************************************
**** BaB tree root node
**** Local DB = -1e+12, global bounds : [ -1e+12 , -815 ], TIME = 0h0m0s89t = 89
**** 1 open nodes, 0 columns (0 active), 0 dyn. constrs. (0 active), 275 art. vars. (275 active)
************************************************************************************************
--------------------------------------------------------------------------
BaPCod info : first we run the root node with rank-1 cuts with node memory
--------------------------------------------------------------------------
<DWph=2> <it= 10> <et=0.99> <Mt= 0.00> <Spt= 0.08> <nCl= 80> <DB= -907.5267> <Mlp= -755.6471> <PB=-814.99999> 
<DWph=2> <it= 20> <et=1.08> <Mt= 0.00> <Spt= 0.09> <nCl= 36> <DB= -817.9804> <Mlp= -815.8667> <PB=-814.99999> 
<DWph=2> <it= 22> <et=1.11> <Mt= 0.00> <Spt= 0.02> <nCl=  1> <DB= -816.0000> <Mlp= -816.0000> <PB=-814.99999> 
<DWph=1> <it= 23> <et=1.14> <Mt= 0.00> <Spt= 0.03> <nCl=  0> <DB= -816.0000> <Mlp= -816.0000> <PB=-814.99999> 
<DWph=0> <it= 24> <et=1.19> <Mt= 0.01> <Spt= 0.06> <nCl=  0> <DB= -816.0000> <Mlp= -816.0000> <PB=-814.99999> 
Reduced cost fixing for graph G_3... took 0.01 sec., 997 buck. arcs remain (2.69% from prev., 0.613% from max.)
Run enumeration... took 0.01 sec. and succeeded! Pricing will be done by inspection.
Reduced cost fixing for graph G_2... took 0.01 sec., 2359 buck. arcs remain (4.88% from prev., 1.42% from max.)
Run enumeration... took 0.01 sec. and succeeded! Pricing will be done by inspection.
Reduced cost fixing for graph G_1... took 0.01 sec., 444 buck. arcs remain (0.996% from prev., 0.273% from max.)
Run enumeration... took 0.01 sec. and succeeded! Pricing will be done by inspection.
ColGenEvalAlg final dual bound: -816 (rounded: -816)
----- Terminating the node by MIP -----
MIP found solution with value -816
New model incumbent solution -816, TIME = 0h0m1s39t = 139
************************************************************************************************
Search is finished, global bounds : [ -816 , -816 ], TIME = 0h0m1s39t = 139
************************************************************************************************
[32mBaPCod : solution defined.[00m
statistics_cols: instance & :Optimal & cutoff & :bcRecRootDb & :bcTimeRootEval & :bcCountNodeProc & :bcRecBestDb & :bcRecBestInc & :bcTimeMain \\
statistics: 64-45-2-3 & 1 & -814.99999 & -816.00 & 1.39 & 1 & -816.00 & -816 & 1.39 \\
########################################################
trip 1 : 1 5 7 10 14 19 26 33 25 32 40 3 
trip 2 : 3 47 41 34 27 35 36 29 37 45 38 30 4 
trip 3 : 4 24 31 39 46 52 57 61 64 66 2 
tour : 1 5 7 10 14 19 26 33 25 32 40 3 47 41 34 27 35 36 29 37 45 38 30 4 24 31 39 46 52 57 61 64 66 2
Cost 816.0
########################################################
