Application parameters:
  batch  =>  nothing
  tikz  =>  "/TIKZ/64-50-2-3.tex"
  instance  =>  "/IN/64-50-2-3.ophs"
  out  =>  "/OUT/64-50-2-3.sol"
  nosolve  =>  false
  ub  =>  -900
  complete  =>  false
  cfg  =>  "/BWTSP/src/../config/OPHS.cfg"
VRPSolver warning: Interval set for resource 1 on source node (when source != sink) is ignored (by definition is [0.0,0.0])
VRPSolver warning: Interval set for resource 1 on source node (when source != sink) is ignored (by definition is [0.0,0.0])
VRPSolver warning: Interval set for resource 1 on source node (when source != sink) is ignored (by definition is [0.0,0.0])
[41m solve [00m
~~~~~~~~~~~~~~~~~~~~~~~~~~~~~~~~~~~~~~~~~~~~~~~~~~~~~~~~~~~~~~~~~~~~~~~~~~~~~~
VRPSolver v0.4.1, 24/03/2021. Web: vrpsolver.math.u-bordeaux.fr
Corresponds to the solver by Pessoa, Sadykov, Uchoa and Vanderbeck (2020)
Paper: dx.doi.org/10.1007/s10107-020-01523-z
USE THIS CODE ONLY FOR ACADEMIC PURPOSES AT YOUR OWN RISK
~~~~~~~~~~~~~~~~~~~~~~~~~~~~~~~~~~~~~~~~~~~~~~~~~~~~~~~~~~~~~~~~~~~~~~~~~~~~~~
BaPCod v053, 24/03/2021, © Inria Bordeaux, France
~~~~~~~~~~~~~~~~~~~~~~~~~~~~~~~~~~~~~~~~~~~~~~~~~~~~~~~~~~~~~~~~~~~~~~~~~~~~~~
VRPSolver parameters:
GlobalTimeLimit = 18000
MaxNbOfBBtreeNodeTreated = 100000
treeSearchStrategy = 1
RCSPstopCutGenTimeThresholdInPricing = 10
RCSPhardTimeThresholdInPricing = 25
RCSPnumberOfBucketsPerVertex = 25
RCSPdynamicBucketSteps = 1
RCSPuseBidirectionalSearch = 2
RCSPapplyReducedCostFixing = 1
RCSPredCostFixingFalseGap = 0
RCSPmaxNumOfColsPerIteration = 30
RCSPmaxNumOfColsPerExactIteration = 150
RCSPheurLabelingStrategy = 0
StabilizationMinPhaseOfStage = 0
RCSPmaxNumOfLabelsInEnumeration = 500000
RCSPmaxNumOfEnumeratedSolutions = 5000000
RCSPmaxNumOfEnumSolutionsForMIP = 10000
RCSPinitNGneighbourhoodSize = 8
RCSPmaxNGneighbourhoodSize = 8
RCSPrankOneCutsMaxNumPerRound = 100
RCSPrankOneCutsMaxNumRows = 5
RCSPrankOneCutsMemoryType = 0
CutTailingOffThreshold = 0.015
CutTailingOffCounterThreshold = 3
SafeDualBoundScaleFactor = -1
StrongBranchingPhaseOneCandidatesNumber = 100
StrongBranchingPhaseOneTreeSizeEstimRatio = 0.2
StrongBranchingPhaseTwoCandidatesNumber = 3
StrongBranchingPhaseTwoTreeSizeEstimRatio = 0.02
MaxTimeForRestrictedMasterIpHeur = -1
DivingHeurUseDepthLimit = 0
MaxLDSbreadth = 1
MaxLDSdepth = 10000
New model incumbent solution -899, TIME = 0h0m0s4t = 4
Model is built TIME = 0h0m0s91t = 91
************************************************************************************************
**** BaB tree root node
**** Local DB = -1e+12, global bounds : [ -1e+12 , -899 ], TIME = 0h0m0s91t = 91
**** 1 open nodes, 0 columns (0 active), 0 dyn. constrs. (0 active), 275 art. vars. (275 active)
************************************************************************************************
--------------------------------------------------------------------------
BaPCod info : first we run the root node with rank-1 cuts with node memory
--------------------------------------------------------------------------
<DWph=2> <it= 10> <et=1.01> <Mt= 0.00> <Spt= 0.09> <nCl= 99> <DB= -991.2292> <Mlp= -833.8727> <PB=-898.99999> 
<DWph=2> <it= 20> <et=1.12> <Mt= 0.00> <Spt= 0.10> <nCl= 48> <DB= -899.4890> <Mlp= -890.1290> <PB=-898.99999> 
<DWph=2> <it= 27> <et=1.18> <Mt= 0.01> <Spt= 0.06> <nCl= 17> <DB= -901.9241> <Mlp= -894.0000> <PB=-898.99999> 
<DWph=1> <it= 30> <et=1.24> <Mt= 0.00> <Spt= 0.06> <nCl= 13> <DB= -924.2799> <Mlp= -904.1111> <PB=-898.99999> 
<DWph=1> <it= 33> <et=1.34> <Mt= 0.00> <Spt= 0.09> <nCl=  4> <DB= -906.0000> <Mlp= -906.0000> <PB=-898.99999> 
<DWph=0> <it= 34> <et=1.41> <Mt= 0.00> <Spt= 0.07> <nCl=  0> <DB= -906.0000> <Mlp= -906.0000> <PB=-898.99999> 
Reduced cost fixing for graph G_3... took 0.01 sec., 2443 buck. arcs remain (5.29% from prev., 1.47% from max.)
Run enumeration... took 0.01 sec. and succeeded! Pricing will be done by inspection.
Reduced cost fixing for graph G_2... took 0.01 sec., 1756 buck. arcs remain (3.3% from prev., 1.02% from max.)
Run enumeration... took 0.01 sec. and succeeded! Pricing will be done by inspection.
Reduced cost fixing for graph G_1... took 0.02 sec., 3058 buck. arcs remain (5.69% from prev., 1.77% from max.)
Run enumeration... took 0.01 sec. and succeeded! Pricing will be done by inspection.
ColGenEvalAlg final dual bound: -906 (rounded: -906)
----- Terminating the node by MIP -----
MIP found solution with value -900
New model incumbent solution -900, TIME = 0h0m1s64t = 164
************************************************************************************************
Search is finished, global bounds : [ -900 , -900 ], TIME = 0h0m1s64t = 164
************************************************************************************************
[32mBaPCod : solution defined.[00m
statistics_cols: instance & :Optimal & cutoff & :bcRecRootDb & :bcTimeRootEval & :bcCountNodeProc & :bcRecBestDb & :bcRecBestInc & :bcTimeMain \\
statistics: 64-50-2-3 & 1 & -898.99999 & -900.00 & 1.64 & 1 & -900.00 & -900 & 1.64 \\
########################################################
trip 1 : 1 11 15 20 27 34 26 19 25 32 40 3 
trip 2 : 3 33 41 47 53 48 42 35 28 36 44 37 45 38 4 
trip 3 : 4 30 24 31 39 46 52 57 61 64 66 2 
tour : 1 11 15 20 27 34 26 19 25 32 40 3 33 41 47 53 48 42 35 28 36 44 37 45 38 4 30 24 31 39 46 52 57 61 64 66 2
Cost 900.0
########################################################
