Application parameters:
  batch  =>  nothing
  tikz  =>  "/TIKZ/64-55-2-3.tex"
  instance  =>  "/IN/64-55-2-3.ophs"
  out  =>  "/OUT/64-55-2-3.sol"
  nosolve  =>  false
  ub  =>  -984
  complete  =>  false
  cfg  =>  "/BWTSP/src/../config/OPHS.cfg"
VRPSolver warning: Interval set for resource 1 on source node (when source != sink) is ignored (by definition is [0.0,0.0])
VRPSolver warning: Interval set for resource 1 on source node (when source != sink) is ignored (by definition is [0.0,0.0])
VRPSolver warning: Interval set for resource 1 on source node (when source != sink) is ignored (by definition is [0.0,0.0])
[41m solve [00m
~~~~~~~~~~~~~~~~~~~~~~~~~~~~~~~~~~~~~~~~~~~~~~~~~~~~~~~~~~~~~~~~~~~~~~~~~~~~~~
VRPSolver v0.4.1, 24/03/2021. Web: vrpsolver.math.u-bordeaux.fr
Corresponds to the solver by Pessoa, Sadykov, Uchoa and Vanderbeck (2020)
Paper: dx.doi.org/10.1007/s10107-020-01523-z
USE THIS CODE ONLY FOR ACADEMIC PURPOSES AT YOUR OWN RISK
~~~~~~~~~~~~~~~~~~~~~~~~~~~~~~~~~~~~~~~~~~~~~~~~~~~~~~~~~~~~~~~~~~~~~~~~~~~~~~
BaPCod v053, 24/03/2021, © Inria Bordeaux, France
~~~~~~~~~~~~~~~~~~~~~~~~~~~~~~~~~~~~~~~~~~~~~~~~~~~~~~~~~~~~~~~~~~~~~~~~~~~~~~
VRPSolver parameters:
GlobalTimeLimit = 18000
MaxNbOfBBtreeNodeTreated = 100000
treeSearchStrategy = 1
RCSPstopCutGenTimeThresholdInPricing = 10
RCSPhardTimeThresholdInPricing = 25
RCSPnumberOfBucketsPerVertex = 25
RCSPdynamicBucketSteps = 1
RCSPuseBidirectionalSearch = 2
RCSPapplyReducedCostFixing = 1
RCSPredCostFixingFalseGap = 0
RCSPmaxNumOfColsPerIteration = 30
RCSPmaxNumOfColsPerExactIteration = 150
RCSPheurLabelingStrategy = 0
StabilizationMinPhaseOfStage = 0
RCSPmaxNumOfLabelsInEnumeration = 0
RCSPmaxNumOfEnumeratedSolutions = 0
RCSPmaxNumOfEnumSolutionsForMIP = 10000
RCSPinitNGneighbourhoodSize = 8
RCSPmaxNGneighbourhoodSize = 8
RCSPrankOneCutsMaxNumPerRound = 100
RCSPrankOneCutsMaxNumRows = 5
RCSPrankOneCutsMemoryType = 0
CutTailingOffThreshold = 0.015
CutTailingOffCounterThreshold = 3
SafeDualBoundScaleFactor = -1
StrongBranchingPhaseOneCandidatesNumber = 100
StrongBranchingPhaseOneTreeSizeEstimRatio = 0.2
StrongBranchingPhaseTwoCandidatesNumber = 3
StrongBranchingPhaseTwoTreeSizeEstimRatio = 0.02
MaxTimeForRestrictedMasterIpHeur = -1
DivingHeurUseDepthLimit = 0
MaxLDSbreadth = 1
MaxLDSdepth = 10000
New model incumbent solution -983, TIME = 0h0m0s0t = 0
Model is built TIME = 0h0m0s91t = 91
************************************************************************************************
**** BaB tree root node
**** Local DB = -1e+12, global bounds : [ -1e+12 , -983 ], TIME = 0h0m0s91t = 91
**** 1 open nodes, 0 columns (0 active), 0 dyn. constrs. (0 active), 275 art. vars. (275 active)
************************************************************************************************
--------------------------------------------------------------------------
BaPCod info : first we run the root node with rank-1 cuts with node memory
--------------------------------------------------------------------------
<DWph=2> <it= 10> <et=1.05> <Mt= 0.00> <Spt= 0.12> <nCl=110> <DB=-1118.3449> <Mlp= -953.0000> <PB=-982.99999> 
<DWph=2> <it= 17> <et=1.16> <Mt= 0.00> <Spt= 0.10> <nCl= 42> <DB= -984.0000> <Mlp= -984.0000> <PB=-982.99999> 
<DWph=1> <it= 18> <et=1.21> <Mt= 0.01> <Spt= 0.05> <nCl=  0> <DB= -984.0000> <Mlp= -984.0000> <PB=-982.99999> 
<DWph=0> <it= 19> <et=1.30> <Mt= 0.00> <Spt= 0.09> <nCl=  0> <DB= -984.0000> <Mlp= -984.0000> <PB=-982.99999> 
Reduced cost fixing for graph G_3... took 0.02 sec., 3516 buck. arcs remain (6.51% from prev., 2.04% from max.)
Reduced cost fixing for graph G_2... took 0.02 sec., 3246 buck. arcs remain (5.2% from prev., 1.78% from max.)
Reduced cost fixing for graph G_1... took 0.02 sec., 1601 buck. arcs remain (2.6% from prev., 0.839% from max.)
ColGenEvalAlg final dual bound: -984 (rounded: -984)
----- Add fac. cuts : R1C(169), max.viol = 0.416119, aver.viol = 0.227563, sep/add took 0/0.02 sec. -----
634 columns (634 active), 169 dyn. constrs. (169 active), 444 art. vars. (444 active)
<DWph=2> <it= 10> <et=1.57> <Mt= 0.07> <Spt= 0.07> <nCl= 49> <DB= -987.4063> <Mlp= -982.1689> <PB=-982.99999> 
<DWph=2> <it= 17> <et=1.65> <Mt= 0.02> <Spt= 0.07> <nCl= 20> <DB= -984.0000> <Mlp= -984.0000> <PB=-982.99999> 
<DWph=1> <it= 18> <et=1.67> <Mt= 0.00> <Spt= 0.01> <nCl=  0> <DB= -984.0000> <Mlp= -984.0000> <PB=-982.99999> 
<DWph=0> <it= 19> <et=1.67> <Mt= 0.00> <Spt= 0.00> <nCl=  0> <DB= -984.0000> <Mlp= -984.0000> <PB=-982.99999> 
ColGenEvalAlg final dual bound: -984 (rounded: -984)
Gap improvement since the last cut separation : 1.34149e-11 (-984)
----- Add fac. cuts : R1C(315), max.viol = 0.357001, aver.viol = 0.188709, sep/add took 0.36/0.07 sec. -----
728 columns (728 active), 484 dyn. constrs. (484 active), 759 art. vars. (759 active)
<DWph=2> <it= 10> <et=2.52> <Mt= 0.30> <Spt= 0.09> <nCl= 33> <DB= -986.0842> <Mlp= -984.0000> <PB=-984> 
ColGenEvalAlg final dual bound: -984 (rounded: -984)
Gap improvement since the last cut separation : 1 (-984)
New model incumbent solution -984, TIME = 0h0m2s52t = 252
************************************************************************************************
Search is finished, global bounds : [ -984 , -984 ], TIME = 0h0m2s52t = 252
************************************************************************************************
[32mBaPCod : solution defined.[00m
statistics_cols: instance & :Optimal & cutoff & :bcRecRootDb & :bcTimeRootEval & :bcCountNodeProc & :bcRecBestDb & :bcRecBestInc & :bcTimeMain \\
statistics: 64-55-2-3 & 1 & -982.99999 & -984.00 & 2.52 & 1 & -984.00 & -984 & 2.52 \\
########################################################
trip 1 : 1 5 7 10 14 20 27 34 26 19 25 32 40 3 
trip 2 : 3 33 41 47 53 48 42 35 36 29 37 45 38 30 4 
trip 3 : 4 23 18 24 31 39 46 52 51 57 61 64 66 2 
tour : 1 5 7 10 14 20 27 34 26 19 25 32 40 3 33 41 47 53 48 42 35 36 29 37 45 38 30 4 23 18 24 31 39 46 52 51 57 61 64 66 2
Cost 984.0
########################################################
