Application parameters:
  batch  =>  nothing
  tikz  =>  "/TIKZ/64-60-2-3.tex"
  instance  =>  "/IN/64-60-2-3.ophs"
  out  =>  "/OUT/64-60-2-3.sol"
  nosolve  =>  false
  ub  =>  -1062
  complete  =>  false
  cfg  =>  "/BWTSP/src/../config/OPHS.cfg"
VRPSolver warning: Interval set for resource 1 on source node (when source != sink) is ignored (by definition is [0.0,0.0])
VRPSolver warning: Interval set for resource 1 on source node (when source != sink) is ignored (by definition is [0.0,0.0])
VRPSolver warning: Interval set for resource 1 on source node (when source != sink) is ignored (by definition is [0.0,0.0])
[41m solve [00m
~~~~~~~~~~~~~~~~~~~~~~~~~~~~~~~~~~~~~~~~~~~~~~~~~~~~~~~~~~~~~~~~~~~~~~~~~~~~~~
VRPSolver v0.4.1, 24/03/2021. Web: vrpsolver.math.u-bordeaux.fr
Corresponds to the solver by Pessoa, Sadykov, Uchoa and Vanderbeck (2020)
Paper: dx.doi.org/10.1007/s10107-020-01523-z
USE THIS CODE ONLY FOR ACADEMIC PURPOSES AT YOUR OWN RISK
~~~~~~~~~~~~~~~~~~~~~~~~~~~~~~~~~~~~~~~~~~~~~~~~~~~~~~~~~~~~~~~~~~~~~~~~~~~~~~
BaPCod v053, 24/03/2021, © Inria Bordeaux, France
~~~~~~~~~~~~~~~~~~~~~~~~~~~~~~~~~~~~~~~~~~~~~~~~~~~~~~~~~~~~~~~~~~~~~~~~~~~~~~
VRPSolver parameters:
GlobalTimeLimit = 18000
MaxNbOfBBtreeNodeTreated = 100000
treeSearchStrategy = 1
RCSPstopCutGenTimeThresholdInPricing = 10
RCSPhardTimeThresholdInPricing = 25
RCSPnumberOfBucketsPerVertex = 25
RCSPdynamicBucketSteps = 1
RCSPuseBidirectionalSearch = 2
RCSPapplyReducedCostFixing = 1
RCSPredCostFixingFalseGap = 0
RCSPmaxNumOfColsPerIteration = 30
RCSPmaxNumOfColsPerExactIteration = 150
RCSPheurLabelingStrategy = 0
StabilizationMinPhaseOfStage = 0
RCSPmaxNumOfLabelsInEnumeration = 500000
RCSPmaxNumOfEnumeratedSolutions = 5000000
RCSPmaxNumOfEnumSolutionsForMIP = 10000
RCSPinitNGneighbourhoodSize = 8
RCSPmaxNGneighbourhoodSize = 8
RCSPrankOneCutsMaxNumPerRound = 100
RCSPrankOneCutsMaxNumRows = 5
RCSPrankOneCutsMemoryType = 0
CutTailingOffThreshold = 0.015
CutTailingOffCounterThreshold = 3
SafeDualBoundScaleFactor = -1
StrongBranchingPhaseOneCandidatesNumber = 100
StrongBranchingPhaseOneTreeSizeEstimRatio = 0.2
StrongBranchingPhaseTwoCandidatesNumber = 3
StrongBranchingPhaseTwoTreeSizeEstimRatio = 0.02
MaxTimeForRestrictedMasterIpHeur = -1
DivingHeurUseDepthLimit = 0
MaxLDSbreadth = 1
MaxLDSdepth = 10000
New model incumbent solution -1061, TIME = 0h0m0s2t = 2
Model is built TIME = 0h0m0s90t = 90
************************************************************************************************
**** BaB tree root node
**** Local DB = -1e+12, global bounds : [ -1e+12 , -1061 ], TIME = 0h0m0s90t = 90
**** 1 open nodes, 0 columns (0 active), 0 dyn. constrs. (0 active), 275 art. vars. (275 active)
************************************************************************************************
--------------------------------------------------------------------------
BaPCod info : first we run the root node with rank-1 cuts with node memory
--------------------------------------------------------------------------
<DWph=2> <it= 10> <et=1.02> <Mt= 0.00> <Spt= 0.10> <nCl=119> <DB=-1212.6066> <Mlp= -972.7013> <PB=-1061> 
<DWph=2> <it= 20> <et=1.14> <Mt= 0.01> <Spt= 0.12> <nCl= 84> <DB=-1088.1197> <Mlp=-1047.4617> <PB=-1061> 
<DWph=2> <it= 30> <et=1.27> <Mt= 0.01> <Spt= 0.11> <nCl= 56> <DB=-1070.4107> <Mlp=-1059.5228> <PB=-1061> 
<DWph=2> <it= 40> <et=1.40> <Mt= 0.00> <Spt= 0.12> <nCl= 35> <DB=-1063.6327> <Mlp=-1061.0882> <PB=-1061> 
<DWph=2> <it= 47> <et=1.53> <Mt= 0.01> <Spt= 0.12> <nCl= 16> <DB=-1062.0000> <Mlp=-1062.0000> <PB=-1061> 
<DWph=1> <it= 50> <et=1.64> <Mt= 0.00> <Spt= 0.12> <nCl=  3> <DB=-1062.0000> <Mlp=-1062.0000> <PB=-1061> 
<DWph=0> <it= 54> <et=1.87> <Mt= 0.00> <Spt= 0.22> <nCl=  8> <DB=-1062.0000> <Mlp=-1062.0000> <PB=-1061> 
Reduced cost fixing for graph G_3... took 0.01 sec., 2317 buck. arcs remain (4.42% from prev., 1.36% from max.)
Run enumeration... took 0.01 sec. and succeeded! Pricing will be done by inspection.
Reduced cost fixing for graph G_2... took 0.02 sec., 2495 buck. arcs remain (3.84% from prev., 1.37% from max.)
Run enumeration... took 0.06 sec. and succeeded! Pricing will be done by inspection.
Reduced cost fixing for graph G_1... took 0.02 sec., 3606 buck. arcs remain (5.55% from prev., 1.98% from max.)
Run enumeration... took 0.16 sec. and succeeded! Pricing will be done by inspection.
<DWph=2> <it= 55> <et=2.24> <Mt= 0.02> <Spt= 0.01> <nCl=  0> <DB=-1062.0000> <Mlp=-1062.0000> <PB=-1061> 
<DWph=1> <it= 56> <et=2.24> <Mt= 0.00> <Spt= 0.00> <nCl=  0> <DB=-1062.0000> <Mlp=-1062.0000> <PB=-1061> 
<DWph=0> <it= 57> <et=2.25> <Mt= 0.00> <Spt= 0.00> <nCl=  0> <DB=-1062.0000> <Mlp=-1062.0000> <PB=-1061> 
ColGenEvalAlg final dual bound: -1062 (rounded: -1062)
----- Add fac. cuts : R1C(150), max.viol = 0.388889, aver.viol = 0.3, sep/add took 0/0.01 sec. -----
540 columns (540 active), 150 dyn. constrs. (150 active), 425 art. vars. (425 active)
<DWph=2> <it=  1> <et=2.33> <Mt= 0.02> <Spt= 0.00> <nCl=  0> <DB=-1035.3396> <Mlp=-1035.3396> <PB=-1061> 
<DWph=1> <it=  2> <et=2.34> <Mt= 0.00> <Spt= 0.01> <nCl=  0> <DB=-1035.3396> <Mlp=-1035.3396> <PB=-1061> 
<DWph=0> <it=  5> <et=2.48> <Mt= 0.02> <Spt= 0.12> <nCl=576> <DB=-1062.0000> <Mlp=-1062.0000> <PB=-1062> 
ColGenEvalAlg final dual bound: -1062 (rounded: -1062)
Gap improvement since the last cut separation : 1 (-1062)
New model incumbent solution -1062, TIME = 0h0m2s53t = 253
************************************************************************************************
Search is finished, global bounds : [ -1062 , -1062 ], TIME = 0h0m2s53t = 253
************************************************************************************************
[32mBaPCod : solution defined.[00m
statistics_cols: instance & :Optimal & cutoff & :bcRecRootDb & :bcTimeRootEval & :bcCountNodeProc & :bcRecBestDb & :bcRecBestInc & :bcTimeMain \\
statistics: 64-60-2-3 & 1 & -1060.99999 & -1062.00 & 2.53 & 1 & -1062.00 & -1062 & 2.54 \\
########################################################
trip 1 : 1 5 7 10 14 19 25 32 40 47 53 48 41 33 26 20 3 
trip 2 : 3 27 34 42 35 28 36 29 23 18 24 30 37 45 38 4 
trip 3 : 4 31 39 46 52 57 51 44 50 56 61 64 66 2 
tour : 1 5 7 10 14 19 25 32 40 47 53 48 41 33 26 20 3 27 34 42 35 28 36 29 23 18 24 30 37 45 38 4 31 39 46 52 57 51 44 50 56 61 64 66 2
Cost 1062.0
########################################################
