Application parameters:
  batch  =>  nothing
  tikz  =>  "/TIKZ/64-70-2-3.tex"
  instance  =>  "/IN/64-70-2-3.ophs"
  out  =>  "/OUT/64-70-2-3.sol"
  nosolve  =>  false
  ub  =>  -1188
  complete  =>  false
  cfg  =>  "/BWTSP/src/../config/OPHS.cfg"
VRPSolver warning: Interval set for resource 1 on source node (when source != sink) is ignored (by definition is [0.0,0.0])
VRPSolver warning: Interval set for resource 1 on source node (when source != sink) is ignored (by definition is [0.0,0.0])
VRPSolver warning: Interval set for resource 1 on source node (when source != sink) is ignored (by definition is [0.0,0.0])
[41m solve [00m
~~~~~~~~~~~~~~~~~~~~~~~~~~~~~~~~~~~~~~~~~~~~~~~~~~~~~~~~~~~~~~~~~~~~~~~~~~~~~~
VRPSolver v0.4.1, 24/03/2021. Web: vrpsolver.math.u-bordeaux.fr
Corresponds to the solver by Pessoa, Sadykov, Uchoa and Vanderbeck (2020)
Paper: dx.doi.org/10.1007/s10107-020-01523-z
USE THIS CODE ONLY FOR ACADEMIC PURPOSES AT YOUR OWN RISK
~~~~~~~~~~~~~~~~~~~~~~~~~~~~~~~~~~~~~~~~~~~~~~~~~~~~~~~~~~~~~~~~~~~~~~~~~~~~~~
BaPCod v053, 24/03/2021, © Inria Bordeaux, France
~~~~~~~~~~~~~~~~~~~~~~~~~~~~~~~~~~~~~~~~~~~~~~~~~~~~~~~~~~~~~~~~~~~~~~~~~~~~~~
VRPSolver parameters:
GlobalTimeLimit = 18000
MaxNbOfBBtreeNodeTreated = 100000
treeSearchStrategy = 1
RCSPstopCutGenTimeThresholdInPricing = 10
RCSPhardTimeThresholdInPricing = 25
RCSPnumberOfBucketsPerVertex = 25
RCSPdynamicBucketSteps = 1
RCSPuseBidirectionalSearch = 2
RCSPapplyReducedCostFixing = 1
RCSPredCostFixingFalseGap = 0
RCSPmaxNumOfColsPerIteration = 30
RCSPmaxNumOfColsPerExactIteration = 150
RCSPheurLabelingStrategy = 0
StabilizationMinPhaseOfStage = 0
RCSPmaxNumOfLabelsInEnumeration = 500000
RCSPmaxNumOfEnumeratedSolutions = 5000000
RCSPmaxNumOfEnumSolutionsForMIP = 10000
RCSPinitNGneighbourhoodSize = 8
RCSPmaxNGneighbourhoodSize = 8
RCSPrankOneCutsMaxNumPerRound = 100
RCSPrankOneCutsMaxNumRows = 5
RCSPrankOneCutsMemoryType = 0
CutTailingOffThreshold = 0.015
CutTailingOffCounterThreshold = 3
SafeDualBoundScaleFactor = -1
StrongBranchingPhaseOneCandidatesNumber = 100
StrongBranchingPhaseOneTreeSizeEstimRatio = 0.2
StrongBranchingPhaseTwoCandidatesNumber = 3
StrongBranchingPhaseTwoTreeSizeEstimRatio = 0.02
MaxTimeForRestrictedMasterIpHeur = -1
DivingHeurUseDepthLimit = 0
MaxLDSbreadth = 1
MaxLDSdepth = 10000
New model incumbent solution -1187, TIME = 0h0m0s2t = 2
Model is built TIME = 0h0m0s90t = 90
************************************************************************************************
**** BaB tree root node
**** Local DB = -1e+12, global bounds : [ -1e+12 , -1187 ], TIME = 0h0m0s90t = 90
**** 1 open nodes, 0 columns (0 active), 0 dyn. constrs. (0 active), 275 art. vars. (275 active)
************************************************************************************************
--------------------------------------------------------------------------
BaPCod info : first we run the root node with rank-1 cuts with node memory
--------------------------------------------------------------------------
<DWph=2> <it= 10> <et=1.03> <Mt= 0.00> <Spt= 0.11> <nCl=119> <DB=-1379.3518> <Mlp=-1096.3698> <PB=-1187> 
<DWph=2> <it= 20> <et=1.16> <Mt= 0.01> <Spt= 0.12> <nCl=112> <DB=-1229.5172> <Mlp=-1162.8197> <PB=-1187> 
<DWph=2> <it= 30> <et=1.29> <Mt= 0.01> <Spt= 0.12> <nCl= 69> <DB=-1200.0049> <Mlp=-1181.4478> <PB=-1187> 
<DWph=2> <it= 40> <et=1.44> <Mt= 0.01> <Spt= 0.14> <nCl= 43> <DB=-1190.4604> <Mlp=-1188.0000> <PB=-1187> 
<DWph=2> <it= 43> <et=1.49> <Mt= 0.00> <Spt= 0.05> <nCl=  4> <DB=-1188.9607> <Mlp=-1188.0000> <PB=-1187> 
<DWph=1> <it= 48> <et=1.74> <Mt= 0.01> <Spt= 0.24> <nCl= 16> <DB=-1188.0000> <Mlp=-1188.0000> <PB=-1187> 
<DWph=0> <it= 49> <et=1.88> <Mt= 0.00> <Spt= 0.14> <nCl=  0> <DB=-1188.0000> <Mlp=-1188.0000> <PB=-1187> 
Reduced cost fixing for graph G_3... took 0.02 sec., 3580 buck. arcs remain (5.54% from prev., 1.98% from max.)
Run enumeration... took 0.02 sec. and succeeded! Pricing will be done by inspection.
Reduced cost fixing for graph G_2... took 0.03 sec., 3965 buck. arcs remain (5.86% from prev., 2.19% from max.)
Run enumeration... took 0.17 sec. and succeeded! Pricing will be done by inspection.
Reduced cost fixing for graph G_1... took 0.03 sec., 4048 buck. arcs remain (5.96% from prev., 2.24% from max.)
Run enumeration... took 0.07 sec. and succeeded! Pricing will be done by inspection.
<DWph=2> <it= 50> <et=2.28> <Mt= 0.00> <Spt= 0.00> <nCl=  0> <DB= -119.8083> <Mlp= -119.8083> <PB=-1187> 
<DWph=1> <it= 51> <et=2.29> <Mt= 0.00> <Spt= 0.01> <nCl=  0> <DB= -119.8083> <Mlp= -119.8083> <PB=-1187> 
<DWph=0> <it= 53> <et=2.31> <Mt= 0.01> <Spt= 0.01> <nCl=450> <DB=-1188.0000> <Mlp=-1188.0000> <PB=-1187> 
ColGenEvalAlg final dual bound: -1188 (rounded: -1188)
----- Add fac. cuts : R1C(150), max.viol = 0.395054, aver.viol = 0.243144, sep/add took 0/0.02 sec. -----
667 columns (667 active), 150 dyn. constrs. (150 active), 425 art. vars. (425 active)
<DWph=2> <it=  1> <et=2.42> <Mt= 0.05> <Spt= 0.01> <nCl=  0> <DB= 2857.2283> <Mlp= 2857.2283> <PB=-1187> 
<DWph=1> <it=  2> <et=2.42> <Mt= 0.00> <Spt= 0.00> <nCl=  0> <DB= 2857.2283> <Mlp= 2857.2283> <PB=-1187> 
<DWph=0> <it=  5> <et=2.61> <Mt= 0.07> <Spt= 0.12> <nCl=554> <DB=-1188.0000> <Mlp=-1188.0000> <PB=-1187> 
ColGenEvalAlg final dual bound: -1188 (rounded: -1188)
Gap improvement since the last cut separation : -6.13903e-12 (-1188)
----- Add fac. cuts : R1C(154), max.viol = 0.333333, aver.viol = 0.333333, sep/add took 0/0.05 sec. -----
1258 columns (1258 active), 304 dyn. constrs. (304 active), 579 art. vars. (579 active)
<DWph=2> <it=  1> <et=2.71> <Mt= 0.01> <Spt= 0.01> <nCl=  0> <DB=-1188.0000> <Mlp=-1188.0000> <PB=-1187> 
<DWph=1> <it=  2> <et=2.72> <Mt= 0.00> <Spt= 0.00> <nCl=  0> <DB=-1188.0000> <Mlp=-1188.0000> <PB=-1187> 
<DWph=0> <it=  3> <et=2.72> <Mt= 0.00> <Spt= 0.00> <nCl=  0> <DB=-1188.0000> <Mlp=-1188.0000> <PB=-1187> 
ColGenEvalAlg final dual bound: -1188 (rounded: -1188)
Gap improvement since the last cut separation : 0 (-1188)
----- Add fac. cuts : R1C(273), max.viol = 0.5, aver.viol = 0.5, sep/add took 0.08/0.11 sec. -----
1258 columns (1258 active), 577 dyn. constrs. (577 active), 852 art. vars. (852 active)
<DWph=2> <it=  1> <et=2.96> <Mt= 0.01> <Spt= 0.01> <nCl=  0> <DB=-1188.0000> <Mlp=-1188.0000> <PB=-1187> 
<DWph=1> <it=  2> <et=2.96> <Mt= 0.00> <Spt= 0.00> <nCl=  0> <DB=-1188.0000> <Mlp=-1188.0000> <PB=-1187> 
<DWph=0> <it=  3> <et=2.97> <Mt= 0.01> <Spt= 0.00> <nCl=  0> <DB=-1188.0000> <Mlp=-1188.0000> <PB=-1187> 
ColGenEvalAlg final dual bound: -1188 (rounded: -1188)
Gap improvement since the last cut separation : 0 (-1188)
----- Add fac. cuts : R1C(168), max.viol = 0.5, aver.viol = 0.5, sep/add took 0.08/0.04 sec. -----
1258 columns (1258 active), 745 dyn. constrs. (745 active), 1020 art. vars. (1020 active)
<DWph=2> <it=  1> <et=3.12> <Mt= 0.00> <Spt= 0.00> <nCl=  0> <DB=-1000000000000.0000> <Mlp=-1188.0000> <PB=-1188> 
ColGenEvalAlg final dual bound: -1188 (rounded: -1188)
Gap improvement since the last cut separation : 1 (-1188)
New model incumbent solution -1188, TIME = 0h0m3s16t = 316
************************************************************************************************
Search is finished, global bounds : [ -1188 , -1188 ], TIME = 0h0m3s16t = 316
************************************************************************************************
[32mBaPCod : solution defined.[00m
statistics_cols: instance & :Optimal & cutoff & :bcRecRootDb & :bcTimeRootEval & :bcCountNodeProc & :bcRecBestDb & :bcRecBestInc & :bcTimeMain \\
statistics: 64-70-2-3 & 1 & -1186.99999 & -1188.00 & 3.16 & 1 & -1188.00 & -1188 & 3.16 \\
########################################################
trip 1 : 1 5 7 10 14 19 25 32 40 47 53 41 33 26 20 15 21 3 
trip 2 : 3 28 36 44 51 45 37 29 23 17 13 18 24 30 38 31 39 46 4 
trip 3 : 4 52 57 61 56 50 43 35 27 34 42 48 54 58 62 65 2 
tour : 1 5 7 10 14 19 25 32 40 47 53 41 33 26 20 15 21 3 28 36 44 51 45 37 29 23 17 13 18 24 30 38 31 39 46 4 52 57 61 56 50 43 35 27 34 42 48 54 58 62 65 2
Cost 1188.0
########################################################
