Application parameters:
  batch  =>  nothing
  tikz  =>  "/TIKZ/64-75-2-3.tex"
  instance  =>  "/IN/64-75-2-3.ophs"
  out  =>  "/OUT/64-75-2-3.sol"
  nosolve  =>  false
  ub  =>  -1236
  complete  =>  false
  cfg  =>  "/BWTSP/src/../config/OPHS.cfg"
VRPSolver warning: Interval set for resource 1 on source node (when source != sink) is ignored (by definition is [0.0,0.0])
VRPSolver warning: Interval set for resource 1 on source node (when source != sink) is ignored (by definition is [0.0,0.0])
VRPSolver warning: Interval set for resource 1 on source node (when source != sink) is ignored (by definition is [0.0,0.0])
[41m solve [00m
~~~~~~~~~~~~~~~~~~~~~~~~~~~~~~~~~~~~~~~~~~~~~~~~~~~~~~~~~~~~~~~~~~~~~~~~~~~~~~
VRPSolver v0.4.1, 24/03/2021. Web: vrpsolver.math.u-bordeaux.fr
Corresponds to the solver by Pessoa, Sadykov, Uchoa and Vanderbeck (2020)
Paper: dx.doi.org/10.1007/s10107-020-01523-z
USE THIS CODE ONLY FOR ACADEMIC PURPOSES AT YOUR OWN RISK
~~~~~~~~~~~~~~~~~~~~~~~~~~~~~~~~~~~~~~~~~~~~~~~~~~~~~~~~~~~~~~~~~~~~~~~~~~~~~~
BaPCod v053, 24/03/2021, © Inria Bordeaux, France
~~~~~~~~~~~~~~~~~~~~~~~~~~~~~~~~~~~~~~~~~~~~~~~~~~~~~~~~~~~~~~~~~~~~~~~~~~~~~~
VRPSolver parameters:
GlobalTimeLimit = 18000
MaxNbOfBBtreeNodeTreated = 100000
treeSearchStrategy = 1
RCSPstopCutGenTimeThresholdInPricing = 10
RCSPhardTimeThresholdInPricing = 25
RCSPnumberOfBucketsPerVertex = 25
RCSPdynamicBucketSteps = 1
RCSPuseBidirectionalSearch = 2
RCSPapplyReducedCostFixing = 1
RCSPredCostFixingFalseGap = 0
RCSPmaxNumOfColsPerIteration = 30
RCSPmaxNumOfColsPerExactIteration = 150
RCSPheurLabelingStrategy = 0
StabilizationMinPhaseOfStage = 0
RCSPmaxNumOfLabelsInEnumeration = 500000
RCSPmaxNumOfEnumeratedSolutions = 5000000
RCSPmaxNumOfEnumSolutionsForMIP = 10000
RCSPinitNGneighbourhoodSize = 8
RCSPmaxNGneighbourhoodSize = 8
RCSPrankOneCutsMaxNumPerRound = 100
RCSPrankOneCutsMaxNumRows = 5
RCSPrankOneCutsMemoryType = 0
CutTailingOffThreshold = 0.015
CutTailingOffCounterThreshold = 3
SafeDualBoundScaleFactor = -1
StrongBranchingPhaseOneCandidatesNumber = 100
StrongBranchingPhaseOneTreeSizeEstimRatio = 0.2
StrongBranchingPhaseTwoCandidatesNumber = 3
StrongBranchingPhaseTwoTreeSizeEstimRatio = 0.02
MaxTimeForRestrictedMasterIpHeur = -1
DivingHeurUseDepthLimit = 0
MaxLDSbreadth = 1
MaxLDSdepth = 10000
New model incumbent solution -1235, TIME = 0h0m0s2t = 2
Model is built TIME = 0h0m0s91t = 91
************************************************************************************************
**** BaB tree root node
**** Local DB = -1e+12, global bounds : [ -1e+12 , -1235 ], TIME = 0h0m0s91t = 91
**** 1 open nodes, 0 columns (0 active), 0 dyn. constrs. (0 active), 275 art. vars. (275 active)
************************************************************************************************
--------------------------------------------------------------------------
BaPCod info : first we run the root node with rank-1 cuts with node memory
--------------------------------------------------------------------------
<DWph=2> <it= 10> <et=1.05> <Mt= 0.00> <Spt= 0.12> <nCl=119> <DB=-1583.3501> <Mlp=-1133.8862> <PB=-1235> 
<DWph=2> <it= 20> <et=1.19> <Mt= 0.01> <Spt= 0.13> <nCl=116> <DB=-1295.3944> <Mlp=-1206.5454> <PB=-1235> 
<DWph=2> <it= 30> <et=1.34> <Mt= 0.02> <Spt= 0.13> <nCl= 91> <DB=-1254.4864> <Mlp=-1234.9188> <PB=-1235> 
<DWph=2> <it= 33> <et=1.41> <Mt= 0.00> <Spt= 0.07> <nCl= 18> <DB=-1236.0000> <Mlp=-1236.0000> <PB=-1235> 
<DWph=1> <it= 34> <et=1.47> <Mt= 0.00> <Spt= 0.06> <nCl=  0> <DB=-1236.0000> <Mlp=-1236.0000> <PB=-1235> 
<DWph=0> <it= 35> <et=1.61> <Mt= 0.00> <Spt= 0.14> <nCl=  0> <DB=-1236.0000> <Mlp=-1236.0000> <PB=-1235> 
Reduced cost fixing for graph G_3... took 0.02 sec., 3678 buck. arcs remain (5.46% from prev., 2.02% from max.)
Run enumeration... took 0.36 sec. and succeeded! Pricing will be done by inspection.
Reduced cost fixing for graph G_2... took 0.04 sec., 7655 buck. arcs remain (10.3% from prev., 4.08% from max.)
Run enumeration... took 2.57 sec. and not succeeded.
Reduced cost fixing for graph G_1... took 0.03 sec., 3878 buck. arcs remain (5.33% from prev., 2.07% from max.)
Run enumeration... took 1.37 sec. and succeeded! Pricing will be done by inspection.
<DWph=2> <it= 36> <et=6.12> <Mt= 0.03> <Spt= 0.01> <nCl=  3> <DB= 4394.0091> <Mlp=-1230.9323> <PB=-1235> 
<DWph=1> <it= 37> <et=6.12> <Mt= 0.00> <Spt= 0.00> <nCl=  3> <DB= 1553.7583> <Mlp=-1232.3674> <PB=-1235> 
<DWph=0> <it= 39> <et=6.17> <Mt= 0.00> <Spt= 0.05> <nCl=450> <DB=-1236.0000> <Mlp=-1236.0000> <PB=-1235> 
ColGenEvalAlg final dual bound: -1236 (rounded: -1236)
----- Add fac. cuts : R1C(183), max.viol = 0.380047, aver.viol = 0.219329, sep/add took 0/0.04 sec. -----
955 columns (955 active), 183 dyn. constrs. (183 active), 458 art. vars. (458 active)
<DWph=2> <it=  1> <et=6.50> <Mt= 0.10> <Spt= 0.00> <nCl=  3> <DB= -524.6997> <Mlp=-1196.4667> <PB=-1235> 
<DWph=1> <it=  2> <et=6.53> <Mt= 0.02> <Spt= 0.01> <nCl=  3> <DB= -821.0494> <Mlp=-1209.1003> <PB=-1235> 
<DWph=0> <it=  5> <et=7.43> <Mt= 0.08> <Spt= 0.81> <nCl=573> <DB=-1236.0000> <Mlp=-1236.0000> <PB=-1235> 
ColGenEvalAlg final dual bound: -1236 (rounded: -1236)
Gap improvement since the last cut separation : -1.31875e-11 (-1236)
----- Add fac. cuts : R1C(299), max.viol = 0.436098, aver.viol = 0.21612, sep/add took 0.52/0.17 sec. -----
1593 columns (1593 active), 482 dyn. constrs. (482 active), 757 art. vars. (757 active)
<DWph=2> <it=  2> <et=9.07> <Mt= 0.79> <Spt= 0.02> <nCl=  3> <DB=-1219.8469> <Mlp=-1221.2605> <PB=-1235> 
<DWph=1> <it= 10> <et=9.77> <Mt= 0.60> <Spt= 0.08> <nCl= 24> <DB=-1262.4326> <Mlp=-1232.9419> <PB=-1235> 
<DWph=1> <it= 20> <et=10.28> <Mt= 0.42> <Spt= 0.09> <nCl= 30> <DB=-1248.0000> <Mlp=-1236.0000> <PB=-1235> 
<DWph=1> <it= 21> <et=10.29> <Mt= 0.00> <Spt= 0.00> <nCl=  0> <DB=-1236.0000> <Mlp=-1236.0000> <PB=-1235> 
<DWph=0> <it= 22> <et=10.29> <Mt= 0.01> <Spt= 0.00> <nCl=  0> <DB=-1236.0000> <Mlp=-1236.0000> <PB=-1235> 
ColGenEvalAlg final dual bound: -1236 (rounded: -1236)
Gap improvement since the last cut separation : 1.27328e-11 (-1236)
----- Add fac. cuts : R1C(354), max.viol = 0.333477, aver.viol = 0.158569, sep/add took 0.77/0.2 sec. -----
1650 columns (1650 active), 836 dyn. constrs. (836 active), 1111 art. vars. (1111 active)
<DWph=2> <it= 10> <et=15.39> <Mt= 3.85> <Spt= 0.11> <nCl= 27> <DB=-1251.9392> <Mlp=-1230.3045> <PB=-1235> 
<DWph=2> <it= 20> <et=16.39> <Mt= 0.89> <Spt= 0.11> <nCl= 21> <DB=-1253.9126> <Mlp=-1233.2148> <PB=-1235> 
<DWph=2> <it= 30> <et=17.20> <Mt= 0.70> <Spt= 0.11> <nCl= 24> <DB=-1251.0797> <Mlp=-1234.5933> <PB=-1235> 
<DWph=2> <it= 40> <et=18.27> <Mt= 0.96> <Spt= 0.10> <nCl= 22> <DB=-1241.1178> <Mlp=-1235.6659> <PB=-1235> 
<DWph=2> <it= 50> <et=19.05> <Mt= 0.67> <Spt= 0.11> <nCl= 18> <DB=-1236.0000> <Mlp=-1236.0000> <PB=-1235> 
<DWph=1> <it= 51> <et=19.06> <Mt= 0.01> <Spt= 0.00> <nCl=  0> <DB=-1236.0000> <Mlp=-1236.0000> <PB=-1235> 
<DWph=0> <it= 52> <et=19.07> <Mt= 0.00> <Spt= 0.00> <nCl=  0> <DB=-1236.0000> <Mlp=-1236.0000> <PB=-1235> 
ColGenEvalAlg final dual bound: -1236 (rounded: -1236)
Gap improvement since the last cut separation : 4.54743e-13 (-1236)
----- Add fac. cuts : R1C(295), max.viol = 0.224599, aver.viol = 0.091549, sep/add took 1.06/0.17 sec. -----
1794 columns (1794 active), 1131 dyn. constrs. (1131 active), 1406 art. vars. (1406 active)
<DWph=2> <it= 10> <et=26.06> <Mt= 5.45> <Spt= 0.14> <nCl= 23> <DB=-1261.8729> <Mlp=-1231.9152> <PB=-1235> 
<DWph=2> <it= 20> <et=28.45> <Mt= 2.25> <Spt= 0.13> <nCl= 20> <DB=-1246.4127> <Mlp=-1234.1916> <PB=-1235> 
<DWph=2> <it= 30> <et=30.36> <Mt= 1.77> <Spt= 0.14> <nCl= 20> <DB=-1237.8914> <Mlp=-1235.1756> <PB=-1235> 
<DWph=2> <it= 40> <et=31.32> <Mt= 0.82> <Spt= 0.13> <nCl= 20> <DB=-1238.4207> <Mlp=-1235.3765> <PB=-1235> 
<DWph=2> <it= 50> <et=33.04> <Mt= 1.58> <Spt= 0.14> <nCl= 22> <DB=-1238.9811> <Mlp=-1235.7778> <PB=-1235> 
<DWph=2> <it= 60> <et=34.17> <Mt= 0.98> <Spt= 0.13> <nCl= 20> <DB=-1238.6326> <Mlp=-1235.8761> <PB=-1235> 
<DWph=2> <it= 70> <et=35.30> <Mt= 1.01> <Spt= 0.13> <nCl= 18> <DB=-1236.0000> <Mlp=-1236.0000> <PB=-1235> 
<DWph=1> <it= 71> <et=35.31> <Mt= 0.00> <Spt= 0.01> <nCl=  0> <DB=-1236.0000> <Mlp=-1236.0000> <PB=-1235> 
<DWph=0> <it= 72> <et=35.32> <Mt= 0.01> <Spt= 0.00> <nCl=  0> <DB=-1236.0000> <Mlp=-1236.0000> <PB=-1235> 
ColGenEvalAlg final dual bound: -1236 (rounded: -1236)
Gap improvement since the last cut separation : -1.18233e-11 (-1236)
----- Cut generation is stopped due to tailing off -----
----------- Diving heuristic started -----------
<DWph=2> <it=  1> <et=35.56> <Mt= 0.01> <Spt= 0.00> <nCl=  0> <DB=-1236.0000> <Mlp=-1236.0000> <PB=-1235> 
<DWph=1> <it=  2> <et=35.57> <Mt= 0.00> <Spt= 0.00> <nCl=  0> <DB=-1236.0000> <Mlp=-1236.0000> <PB=-1235> 
---- Diving heuristic node with dive number = 0, fix depth = 1 and tabu list size = 0
Fixed projected solution = [t_3_2_3_3_OspV=1, x_3_2_66_3_OspV=1, x_3_4_23_3_OspV=1, x_3_13_17_3_OspV=1, x_3_13_18_3_OspV=1, x_3_17_23_3_OspV=1, x_3_18_24_3_OspV=1, x_3_24_30_3_OspV=1, x_3_30_38_3_OspV=1, x_3_31_38_3_OspV=1, x_3_31_39_3_OspV=1, x_3_39_46_3_OspV=1, x_3_46_52_3_OspV=1, x_3_52_57_3_OspV=1, x_3_57_61_3_OspV=1, x_3_61_64_3_OspV=1, x_3_64_66_3_OspV=1, y_3_4_3_3_OspV=1]
<DWph=2> <it= 10> <et=38.89> <Mt= 3.13> <Spt= 0.08> <nCl= 29> <DB=-9139.7644> <Mlp= 7193.6022> <PB=-1235> 
<DWph=2> <it= 20> <et=39.13> <Mt= 0.13> <Spt= 0.08> <nCl= 21> <DB=-10647.3929> <Mlp= 3735.4802> <PB=-1235> 
<DWph=2> <it= 30> <et=39.39> <Mt= 0.15> <Spt= 0.08> <nCl= 10> <DB=-9504.9678> <Mlp= -826.4843> <PB=-1235> 
<DWph=2> <it= 40> <et=39.62> <Mt= 0.12> <Spt= 0.08> <nCl= 24> <DB=-7167.4426> <Mlp=-1199.0999> <PB=-1235> 
<DWph=2> <it= 50> <et=39.82> <Mt= 0.10> <Spt= 0.08> <nCl= 17> <DB=-7152.7560> <Mlp=-1203.2767> <PB=-1235> 
<DWph=2> <it= 60> <et=40.05> <Mt= 0.11> <Spt= 0.08> <nCl= 20> <DB=-7166.0469> <Mlp=-1209.6679> <PB=-1235> 
<DWph=2> <it= 70> <et=40.29> <Mt= 0.12> <Spt= 0.09> <nCl= 19> <DB=-7143.4106> <Mlp=-1212.6110> <PB=-1235> 
<DWph=2> <it= 80> <et=40.55> <Mt= 0.14> <Spt= 0.09> <nCl= 18> <DB=-7140.0284> <Mlp=-1215.0344> <PB=-1235> 
<DWph=2> <it= 90> <et=40.81> <Mt= 0.13> <Spt= 0.09> <nCl= 20> <DB=-7144.5040> <Mlp=-1217.8708> <PB=-1235> 
<DWph=2> <it=100> <et=41.10> <Mt= 0.17> <Spt= 0.08> <nCl= 14> <DB=-7146.1961> <Mlp=-1220.1303> <PB=-1235> 
<DWph=2> <it=110> <et=41.33> <Mt= 0.11> <Spt= 0.09> <nCl= 11> <DB=-7137.9009> <Mlp=-1220.7853> <PB=-1235> 
<DWph=2> <it=120> <et=41.62> <Mt= 0.15> <Spt= 0.09> <nCl= 18> <DB=-7144.4723> <Mlp=-1222.4383> <PB=-1235> 
<DWph=2> <it=130> <et=41.90> <Mt= 0.15> <Spt= 0.10> <nCl= 17> <DB=-7135.5467> <Mlp=-1223.0002> <PB=-1235> 
<DWph=2> <it=140> <et=43.18> <Mt= 1.15> <Spt= 0.09> <nCl= 23> <DB=-7244.1885> <Mlp=-1225.0611> <PB=-1235> 
<DWph=2> <it=150> <et=43.47> <Mt= 0.15> <Spt= 0.10> <nCl= 17> <DB=-7240.5118> <Mlp=-1225.6559> <PB=-1235> 
<DWph=2> <it=160> <et=43.77> <Mt= 0.17> <Spt= 0.09> <nCl= 23> <DB=-7294.7650> <Mlp=-1226.4002> <PB=-1235> 
<DWph=2> <it=170> <et=44.07> <Mt= 0.17> <Spt= 0.09> <nCl= 15> <DB=-7285.4718> <Mlp=-1226.9218> <PB=-1235> 
<DWph=2> <it=180> <et=44.34> <Mt= 0.13> <Spt= 0.10> <nCl= 15> <DB=-7276.6706> <Mlp=-1227.1431> <PB=-1235> 
<DWph=2> <it=190> <et=44.63> <Mt= 0.15> <Spt= 0.09> <nCl= 12> <DB=-7276.0552> <Mlp=-1227.4381> <PB=-1235> 
<DWph=2> <it=200> <et=44.90> <Mt= 0.13> <Spt= 0.10> <nCl= 13> <DB=-6065.3997> <Mlp=-1227.6712> <PB=-1235> 
<DWph=2> <it=210> <et=46.99> <Mt= 1.94> <Spt= 0.10> <nCl= 22> <DB=-6160.7935> <Mlp=-1230.0000> <PB=-1235> 
<DWph=2> <it=220> <et=47.38> <Mt= 0.27> <Spt= 0.09> <nCl= 23> <DB=-6136.1569> <Mlp=-1230.0000> <PB=-1235> 
<DWph=2> <it=230> <et=50.93> <Mt= 3.40> <Spt= 0.09> <nCl= 21> <DB=-6146.9663> <Mlp=-1230.0000> <PB=-1235> 
<DWph=2> <it=240> <et=53.05> <Mt= 1.97> <Spt= 0.10> <nCl= 26> <DB=-6155.3149> <Mlp=-1230.0000> <PB=-1235> 
<DWph=2> <it=250> <et=53.41> <Mt= 0.23> <Spt= 0.09> <nCl= 17> <DB=-6139.8366> <Mlp=-1230.0000> <PB=-1235> 
<DWph=2> <it=260> <et=55.78> <Mt= 2.21> <Spt= 0.10> <nCl= 22> <DB=-6144.1649> <Mlp=-1230.0000> <PB=-1235> 
<DWph=2> <it=270> <et=56.14> <Mt= 0.24> <Spt= 0.09> <nCl= 18> <DB=-6133.1383> <Mlp=-1230.0000> <PB=-1235> 
<DWph=2> <it=280> <et=58.54> <Mt= 2.24> <Spt= 0.10> <nCl= 17> <DB=-6134.5614> <Mlp=-1230.0000> <PB=-1235> 
<DWph=2> <it=290> <et=58.88> <Mt= 0.19> <Spt= 0.11> <nCl= 17> <DB=-4909.7845> <Mlp=-1230.0000> <PB=-1235> 
<DWph=2> <it=300> <et=61.17> <Mt= 2.15> <Spt= 0.09> <nCl= 19> <DB=-4913.8224> <Mlp=-1230.0000> <PB=-1235> 
<DWph=2> <it=310> <et=61.59> <Mt= 0.25> <Spt= 0.10> <nCl= 18> <DB=-3694.6235> <Mlp=-1230.0000> <PB=-1235> 
<DWph=2> <it=320> <et=63.97> <Mt= 2.24> <Spt= 0.10> <nCl= 25> <DB=-3615.8037> <Mlp=-1230.0000> <PB=-1235> 
<DWph=2> <it=330> <et=66.98> <Mt= 2.86> <Spt= 0.10> <nCl= 19> <DB=-3610.9116> <Mlp=-1230.0000> <PB=-1235> 
<DWph=2> <it=340> <et=74.07> <Mt= 6.93> <Spt= 0.10> <nCl= 24> <DB=-3601.3925> <Mlp=-1230.0000> <PB=-1235> 
<DWph=2> <it=350> <et=78.81> <Mt= 4.58> <Spt= 0.09> <nCl= 21> <DB=-3601.4368> <Mlp=-1230.0000> <PB=-1235> 
<DWph=2> <it=360> <et=83.92> <Mt= 4.95> <Spt= 0.11> <nCl= 14> <DB=-3629.5580> <Mlp=-1230.0000> <PB=-1235> 
<DWph=2> <it=370> <et=91.27> <Mt= 7.21> <Spt= 0.09> <nCl= 13> <DB=-3629.6558> <Mlp=-1236.0000> <PB=-1236> 
New model incumbent solution -1236, TIME = 0h1m31s53t = 9153
************************************************************************************************
Search is finished, global bounds : [ -1236 , -1236 ], TIME = 0h1m31s53t = 9153
************************************************************************************************
[32mBaPCod : solution defined.[00m
statistics_cols: instance & :Optimal & cutoff & :bcRecRootDb & :bcTimeRootEval & :bcCountNodeProc & :bcRecBestDb & :bcRecBestInc & :bcTimeMain \\
statistics: 64-75-2-3 & 1 & -1234.99999 & -1236.00 & 35.55 & 1 & -1236.00 & -1236 & 91.53 \\
########################################################
trip 1 : 1 5 7 10 14 19 25 32 40 47 53 58 54 48 41 33 26 20 27 3 
trip 2 : 3 34 42 49 43 50 56 51 45 37 44 36 35 28 21 15 16 22 29 4 
trip 3 : 4 23 17 13 18 24 30 38 31 39 46 52 57 61 64 66 2 
tour : 1 5 7 10 14 19 25 32 40 47 53 58 54 48 41 33 26 20 27 3 34 42 49 43 50 56 51 45 37 44 36 35 28 21 15 16 22 29 4 23 17 13 18 24 30 38 31 39 46 52 57 61 64 66 2
Cost 1236.0
########################################################
