Application parameters:
  batch  =>  nothing
  tikz  =>  "/TIKZ/64-80-2-3.tex"
  instance  =>  "/IN/64-80-2-3.ophs"
  out  =>  "/OUT/64-80-2-3.sol"
  nosolve  =>  false
  ub  =>  -1284
  complete  =>  false
  cfg  =>  "/BWTSP/src/../config/OPHS.cfg"
VRPSolver warning: Interval set for resource 1 on source node (when source != sink) is ignored (by definition is [0.0,0.0])
VRPSolver warning: Interval set for resource 1 on source node (when source != sink) is ignored (by definition is [0.0,0.0])
VRPSolver warning: Interval set for resource 1 on source node (when source != sink) is ignored (by definition is [0.0,0.0])
[41m solve [00m
~~~~~~~~~~~~~~~~~~~~~~~~~~~~~~~~~~~~~~~~~~~~~~~~~~~~~~~~~~~~~~~~~~~~~~~~~~~~~~
VRPSolver v0.4.1, 24/03/2021. Web: vrpsolver.math.u-bordeaux.fr
Corresponds to the solver by Pessoa, Sadykov, Uchoa and Vanderbeck (2020)
Paper: dx.doi.org/10.1007/s10107-020-01523-z
USE THIS CODE ONLY FOR ACADEMIC PURPOSES AT YOUR OWN RISK
~~~~~~~~~~~~~~~~~~~~~~~~~~~~~~~~~~~~~~~~~~~~~~~~~~~~~~~~~~~~~~~~~~~~~~~~~~~~~~
BaPCod v053, 24/03/2021, © Inria Bordeaux, France
~~~~~~~~~~~~~~~~~~~~~~~~~~~~~~~~~~~~~~~~~~~~~~~~~~~~~~~~~~~~~~~~~~~~~~~~~~~~~~
VRPSolver parameters:
GlobalTimeLimit = 18000
MaxNbOfBBtreeNodeTreated = 100000
treeSearchStrategy = 1
RCSPstopCutGenTimeThresholdInPricing = 10
RCSPhardTimeThresholdInPricing = 25
RCSPnumberOfBucketsPerVertex = 25
RCSPdynamicBucketSteps = 1
RCSPuseBidirectionalSearch = 2
RCSPapplyReducedCostFixing = 1
RCSPredCostFixingFalseGap = 0
RCSPmaxNumOfColsPerIteration = 30
RCSPmaxNumOfColsPerExactIteration = 150
RCSPheurLabelingStrategy = 0
StabilizationMinPhaseOfStage = 0
RCSPmaxNumOfLabelsInEnumeration = 500000
RCSPmaxNumOfEnumeratedSolutions = 5000000
RCSPmaxNumOfEnumSolutionsForMIP = 10000
RCSPinitNGneighbourhoodSize = 8
RCSPmaxNGneighbourhoodSize = 8
RCSPrankOneCutsMaxNumPerRound = 100
RCSPrankOneCutsMaxNumRows = 5
RCSPrankOneCutsMemoryType = 0
CutTailingOffThreshold = 0.015
CutTailingOffCounterThreshold = 3
SafeDualBoundScaleFactor = -1
StrongBranchingPhaseOneCandidatesNumber = 100
StrongBranchingPhaseOneTreeSizeEstimRatio = 0.2
StrongBranchingPhaseTwoCandidatesNumber = 3
StrongBranchingPhaseTwoTreeSizeEstimRatio = 0.02
MaxTimeForRestrictedMasterIpHeur = -1
DivingHeurUseDepthLimit = 0
MaxLDSbreadth = 1
MaxLDSdepth = 10000
New model incumbent solution -1283, TIME = 0h0m0s4t = 4
Model is built TIME = 0h0m0s95t = 95
************************************************************************************************
**** BaB tree root node
**** Local DB = -1e+12, global bounds : [ -1e+12 , -1283 ], TIME = 0h0m0s95t = 95
**** 1 open nodes, 0 columns (0 active), 0 dyn. constrs. (0 active), 275 art. vars. (275 active)
************************************************************************************************
--------------------------------------------------------------------------
BaPCod info : first we run the root node with rank-1 cuts with node memory
--------------------------------------------------------------------------
<DWph=2> <it= 10> <et=1.10> <Mt= 0.00> <Spt= 0.13> <nCl=116> <DB=-1775.5123> <Mlp=-1159.1765> <PB=-1283> 
<DWph=2> <it= 20> <et=1.25> <Mt= 0.02> <Spt= 0.13> <nCl=118> <DB=-1400.0844> <Mlp=-1254.1329> <PB=-1283> 
<DWph=2> <it= 30> <et=1.41> <Mt= 0.01> <Spt= 0.14> <nCl=110> <DB=-1312.0079> <Mlp=-1271.9946> <PB=-1283> 
<DWph=2> <it= 40> <et=1.56> <Mt= 0.01> <Spt= 0.14> <nCl= 74> <DB=-1305.4517> <Mlp=-1279.6701> <PB=-1283> 
<DWph=2> <it= 50> <et=1.72> <Mt= 0.02> <Spt= 0.14> <nCl= 66> <DB=-1291.0239> <Mlp=-1282.8391> <PB=-1283> 
<DWph=2> <it= 60> <et=1.89> <Mt= 0.01> <Spt= 0.15> <nCl= 41> <DB=-1284.8699> <Mlp=-1283.8675> <PB=-1283> 
<DWph=2> <it= 63> <et=1.98> <Mt= 0.00> <Spt= 0.08> <nCl=  8> <DB=-1284.0000> <Mlp=-1284.0000> <PB=-1283> 
<DWph=1> <it= 64> <et=2.07> <Mt= 0.01> <Spt= 0.09> <nCl=  0> <DB=-1284.0000> <Mlp=-1284.0000> <PB=-1283> 
<DWph=0> <it= 65> <et=2.30> <Mt= 0.00> <Spt= 0.23> <nCl=  0> <DB=-1284.0000> <Mlp=-1284.0000> <PB=-1283> 
Reduced cost fixing for graph G_3... took 0.03 sec., 6898 buck. arcs remain (9.49% from prev., 3.67% from max.)
Run enumeration... took 1.19 sec. and not succeeded.
Reduced cost fixing for graph G_2... took 0.05 sec., 6856 buck. arcs remain (9.24% from prev., 3.65% from max.)
Run enumeration... took 1.49 sec. and not succeeded.
Reduced cost fixing for graph G_1... took 0.04 sec., 5814 buck. arcs remain (7.84% from prev., 3.1% from max.)
Run enumeration... took 3.24 sec. and succeeded! Pricing will be done by the labelling algorithm.
ColGenEvalAlg final dual bound: -1284 (rounded: -1284)
----- Add fac. cuts : R1C(181), max.viol = 0.359348, aver.viol = 0.185069, sep/add took 0/0.06 sec. -----
1181 columns (1181 active), 181 dyn. constrs. (181 active), 456 art. vars. (456 active)
<DWph=2> <it= 10> <et=9.27> <Mt= 0.22> <Spt= 0.09> <nCl= 65> <DB=-1289.0920> <Mlp=-1276.3031> <PB=-1283> 
<DWph=2> <it= 20> <et=9.43> <Mt= 0.06> <Spt= 0.09> <nCl= 53> <DB=-1284.8177> <Mlp=-1278.6747> <PB=-1283> 
<DWph=2> <it= 30> <et=9.59> <Mt= 0.06> <Spt= 0.08> <nCl= 42> <DB=-1284.1188> <Mlp=-1279.1453> <PB=-1283> 
<DWph=2> <it= 40> <et=9.74> <Mt= 0.05> <Spt= 0.09> <nCl= 42> <DB=-1284.0269> <Mlp=-1279.4798> <PB=-1283> 
<DWph=2> <it= 50> <et=9.88> <Mt= 0.04> <Spt= 0.09> <nCl= 39> <DB=-1283.3265> <Mlp=-1279.6487> <PB=-1283> 
<DWph=2> <it= 60> <et=10.07> <Mt= 0.08> <Spt= 0.09> <nCl= 32> <DB=-1287.5701> <Mlp=-1280.9722> <PB=-1283> 
<DWph=2> <it= 69> <et=10.26> <Mt= 0.10> <Spt= 0.08> <nCl= 21> <DB=-1286.8851> <Mlp=-1282.4633> <PB=-1283> 
<DWph=1> <it= 70> <et=10.28> <Mt= 0.00> <Spt= 0.01> <nCl=  6> <DB=-1295.5273> <Mlp=-1282.4633> <PB=-1283> 
<DWph=1> <it= 80> <et=10.59> <Mt= 0.12> <Spt= 0.18> <nCl= 38> <DB=-1290.0000> <Mlp=-1284.0000> <PB=-1283> 
<DWph=1> <it= 84> <et=10.68> <Mt= 0.01> <Spt= 0.07> <nCl=  4> <DB=-1284.0000> <Mlp=-1284.0000> <PB=-1283> 
<DWph=0> <it= 85> <et=10.69> <Mt= 0.00> <Spt= 0.00> <nCl=  0> <DB=-1284.0000> <Mlp=-1284.0000> <PB=-1283> 
ColGenEvalAlg final dual bound: -1284 (rounded: -1284)
Gap improvement since the last cut separation : 0 (-1284)
----- Add fac. cuts : R1C(353), max.viol = 0.413533, aver.viol = 0.200479, sep/add took 0.34/0.21 sec. -----
1660 columns (1660 active), 534 dyn. constrs. (534 active), 809 art. vars. (809 active)
<DWph=2> <it= 10> <et=12.26> <Mt= 0.57> <Spt= 0.12> <nCl= 32> <DB=-1284.7490> <Mlp=-1282.7523> <PB=-1283> 
<DWph=2> <it= 18> <et=12.65> <Mt= 0.26> <Spt= 0.11> <nCl= 22> <DB=-1288.2399> <Mlp=-1284.0000> <PB=-1283> 
<DWph=1> <it= 20> <et=12.69> <Mt= 0.01> <Spt= 0.03> <nCl=  2> <DB=-1284.7655> <Mlp=-1284.0000> <PB=-1283> 
<DWph=1> <it= 24> <et=12.80> <Mt= 0.02> <Spt= 0.09> <nCl=  5> <DB=-1284.0000> <Mlp=-1284.0000> <PB=-1283> 
<DWph=0> <it= 25> <et=12.81> <Mt= 0.00> <Spt= 0.00> <nCl=  0> <DB=-1284.0000> <Mlp=-1284.0000> <PB=-1283> 
ColGenEvalAlg final dual bound: -1284 (rounded: -1284)
Gap improvement since the last cut separation : -2.27371e-13 (-1284)
----- Add fac. cuts : R1C(371), max.viol = 0.316387, aver.viol = 0.168212, sep/add took 0.48/0.25 sec. -----
1800 columns (1800 active), 905 dyn. constrs. (905 active), 1180 art. vars. (1180 active)
<DWph=2> <it=  9> <et=15.72> <Mt= 1.70> <Spt= 0.16> <nCl= 33> <DB=-1277.9572> <Mlp=-1280.8544> <PB=-1283> 
<DWph=1> <it= 10> <et=15.83> <Mt= 0.08> <Spt= 0.03> <nCl=  6> <DB=-1294.8941> <Mlp=-1281.2258> <PB=-1283> 
<DWph=1> <it= 20> <et=17.02> <Mt= 0.89> <Spt= 0.26> <nCl= 31> <DB=-1290.8187> <Mlp=-1283.8148> <PB=-1283> 
<DWph=1> <it= 27> <et=17.49> <Mt= 0.15> <Spt= 0.28> <nCl= 21> <DB=-1284.0000> <Mlp=-1284.0000> <PB=-1283> 
<DWph=0> <it= 28> <et=17.49> <Mt= 0.00> <Spt= 0.00> <nCl=  0> <DB=-1284.0000> <Mlp=-1284.0000> <PB=-1283> 
ColGenEvalAlg final dual bound: -1284 (rounded: -1284)
Gap improvement since the last cut separation : 0 (-1284)
----- Add fac. cuts : R1C(357), max.viol = 0.309819, aver.viol = 0.156669, sep/add took 0.58/0.29 sec. -----
1937 columns (1937 active), 1262 dyn. constrs. (1262 active), 1537 art. vars. (1537 active)
<DWph=2> <it= 10> <et=21.09> <Mt= 2.18> <Spt= 0.23> <nCl= 35> <DB=-1289.2147> <Mlp=-1281.2122> <PB=-1283> 
<DWph=2> <it= 12> <et=21.33> <Mt= 0.18> <Spt= 0.04> <nCl=  5> <DB=-1281.2750> <Mlp=-1281.4654> <PB=-1283> 
<DWph=1> <it= 20> <et=22.86> <Mt= 1.21> <Spt= 0.28> <nCl= 32> <DB=-1294.9397> <Mlp=-1282.8628> <PB=-1283> 
<DWph=1> <it= 30> <et=24.81> <Mt= 1.44> <Spt= 0.46> <nCl= 41> <DB=-1288.2499> <Mlp=-1283.7539> <PB=-1283> 
<DWph=1> <it= 40> <et=25.97> <Mt= 0.61> <Spt= 0.47> <nCl= 24> <DB=-1284.6695> <Mlp=-1284.0000> <PB=-1283> 
<DWph=1> <it= 43> <et=26.27> <Mt= 0.04> <Spt= 0.24> <nCl=  3> <DB=-1284.0000> <Mlp=-1284.0000> <PB=-1283> 
<DWph=0> <it= 44> <et=26.28> <Mt= 0.00> <Spt= 0.00> <nCl=  0> <DB=-1284.0000> <Mlp=-1284.0000> <PB=-1283> 
ColGenEvalAlg final dual bound: -1284 (rounded: -1284)
Gap improvement since the last cut separation : 2.27371e-13 (-1284)
----- Cut generation is stopped due to tailing off -----
----------- Diving heuristic started -----------
<DWph=2> <it=  1> <et=26.81> <Mt= 0.03> <Spt= 0.00> <nCl=  0> <DB=-1284.0000> <Mlp=-1284.0000> <PB=-1283> 
<DWph=1> <it=  2> <et=26.82> <Mt= 0.01> <Spt= 0.00> <nCl=  0> <DB=-1284.0000> <Mlp=-1284.0000> <PB=-1283> 
---- Diving heuristic node with dive number = 0, fix depth = 1 and tabu list size = 0
Fixed projected solution = [t_3_2_3_3_OspV=1, x_3_2_66_3_OspV=1, x_3_4_29_3_OspV=1, x_3_9_12_3_OspV=1, x_3_9_13_3_OspV=1, x_3_12_17_3_OspV=1, x_3_13_18_3_OspV=1, x_3_17_23_3_OspV=1, x_3_18_24_3_OspV=1, x_3_23_29_3_OspV=1, x_3_24_31_3_OspV=1, x_3_31_39_3_OspV=1, x_3_38_45_3_OspV=1, x_3_38_46_3_OspV=1, x_3_39_46_3_OspV=1, x_3_45_52_3_OspV=1, x_3_52_57_3_OspV=1, x_3_57_61_3_OspV=1, x_3_61_64_3_OspV=1, x_3_64_66_3_OspV=1, y_3_4_3_3_OspV=1]
<DWph=2> <it= 10> <et=29.80> <Mt= 2.61> <Spt= 0.11> <nCl= 30> <DB=-1329.3498> <Mlp=-1217.3931> <PB=-1283> 
<DWph=2> <it= 20> <et=30.20> <Mt= 0.24> <Spt= 0.12> <nCl= 26> <DB=-1313.5168> <Mlp=-1241.5742> <PB=-1283> 
<DWph=2> <it= 30> <et=30.62> <Mt= 0.25> <Spt= 0.13> <nCl= 25> <DB=-1300.7390> <Mlp=-1249.1086> <PB=-1283> 
<DWph=2> <it= 40> <et=31.00> <Mt= 0.22> <Spt= 0.13> <nCl= 20> <DB=-1270.3405> <Mlp=-1252.2116> <PB=-1283> 
<DWph=2> <it= 50> <et=31.37> <Mt= 0.19> <Spt= 0.13> <nCl= 14> <DB=-1270.7204> <Mlp=-1256.2156> <PB=-1283> 
<DWph=2> <it= 60> <et=31.72> <Mt= 0.16> <Spt= 0.14> <nCl= 16> <DB=-1260.2149> <Mlp=-1257.0600> <PB=-1283> 
<DWph=2> <it= 66> <et=31.95> <Mt= 0.11> <Spt= 0.09> <nCl= 10> <DB=-1237.5873> <Mlp=-1257.6106> <PB=-1283> 
<DWph=1> <it= 70> <et=32.15> <Mt= 0.10> <Spt= 0.08> <nCl= 13> <DB=-1278.7119> <Mlp=-1258.1674> <PB=-1283> 
<DWph=1> <it= 80> <et=32.72> <Mt= 0.30> <Spt= 0.21> <nCl= 26> <DB=-1269.1835> <Mlp=-1261.5951> <PB=-1283> 
<DWph=1> <it= 89> <et=33.09> <Mt= 0.15> <Spt= 0.18> <nCl= 12> <DB=-1279.9803> <Mlp=-1262.4013> <PB=-1283> 
---- Diving heuristic node with dive number = 1, fix depth = 1 and tabu list size = 1
Fixed projected solution = [t_1_3_1_1_OspV=1, x_1_1_6_1_OspV=1, x_1_3_53_1_OspV=1, x_1_6_9_1_OspV=1, x_1_7_10_1_OspV=1, x_1_7_11_1_OspV=1, x_1_9_13_1_OspV=1, x_1_10_14_1_OspV=1, x_1_11_16_1_OspV=1, x_1_13_17_1_OspV=1, x_1_14_19_1_OspV=1, x_1_16_22_1_OspV=1, x_1_17_22_1_OspV=1, x_1_19_25_1_OspV=1, x_1_25_32_1_OspV=1, x_1_32_40_1_OspV=1, x_1_33_40_1_OspV=1, x_1_33_41_1_OspV=1, x_1_41_47_1_OspV=1, x_1_47_53_1_OspV=1, y_1_1_1_1_OspV=1]
<DWph=2> <it= 10> <et=35.85> <Mt= 1.84> <Spt= 0.10> <nCl= 22> <DB=-12419.8867> <Mlp=  803.3015> <PB=-1283> 
<DWph=2> <it= 20> <et=36.17> <Mt= 0.16> <Spt= 0.12> <nCl= 25> <DB=-1324.3335> <Mlp=-1226.0695> <PB=-1283> 
<DWph=2> <it= 30> <et=36.52> <Mt= 0.18> <Spt= 0.13> <nCl= 26> <DB=-1293.8989> <Mlp=-1266.0000> <PB=-1283> 
<DWph=2> <it= 40> <et=36.79> <Mt= 0.12> <Spt= 0.11> <nCl= 23> <DB=-1293.8367> <Mlp=-1266.0000> <PB=-1283> 
<DWph=2> <it= 50> <et=37.10> <Mt= 0.17> <Spt= 0.11> <nCl= 21> <DB=-1292.6666> <Mlp=-1272.0000> <PB=-1283> 
<DWph=2> <it= 60> <et=37.41> <Mt= 0.17> <Spt= 0.10> <nCl= 23> <DB=-1287.8644> <Mlp=-1272.0000> <PB=-1283> 
<DWph=2> <it= 70> <et=37.77> <Mt= 0.21> <Spt= 0.12> <nCl= 21> <DB=-1293.3786> <Mlp=-1272.0000> <PB=-1283> 
<DWph=2> <it= 80> <et=38.16> <Mt= 0.24> <Spt= 0.11> <nCl= 22> <DB=-1292.3878> <Mlp=-1272.0000> <PB=-1283> 
<DWph=2> <it= 90> <et=39.08> <Mt= 0.74> <Spt= 0.13> <nCl= 24> <DB=-1293.3493> <Mlp=-1272.0000> <PB=-1283> 
<DWph=2> <it=100> <et=39.55> <Mt= 0.30> <Spt= 0.12> <nCl= 21> <DB=-1294.7133> <Mlp=-1272.0000> <PB=-1283> 
<DWph=2> <it=110> <et=40.81> <Mt= 1.07> <Spt= 0.13> <nCl= 17> <DB=-1277.2637> <Mlp=-1272.0000> <PB=-1283> 
<DWph=2> <it=115> <et=42.35> <Mt= 1.46> <Spt= 0.06> <nCl=  5> <DB=-1280.2175> <Mlp=-1284.0000> <PB=-1284> 
New model incumbent solution -1284, TIME = 0h0m42s49t = 4249
************************************************************************************************
Search is finished, global bounds : [ -1284 , -1284 ], TIME = 0h0m42s49t = 4249
************************************************************************************************
[32mBaPCod : solution defined.[00m
statistics_cols: instance & :Optimal & cutoff & :bcRecRootDb & :bcTimeRootEval & :bcCountNodeProc & :bcRecBestDb & :bcRecBestInc & :bcTimeMain \\
statistics: 64-80-2-3 & 1 & -1282.99999 & -1284.00 & 26.66 & 1 & -1284.00 & -1284 & 42.49 \\
########################################################
trip 1 : 1 6 9 13 17 22 16 11 7 10 14 19 25 32 40 33 41 47 53 3 
trip 2 : 3 48 42 34 26 20 15 21 27 35 28 36 43 50 44 51 45 38 30 37 29 4 
trip 3 : 4 23 18 24 31 39 46 52 57 61 56 60 55 49 54 58 62 65 2 
tour : 1 6 9 13 17 22 16 11 7 10 14 19 25 32 40 33 41 47 53 3 48 42 34 26 20 15 21 27 35 28 36 43 50 44 51 45 38 30 37 29 4 23 18 24 31 39 46 52 57 61 56 60 55 49 54 58 62 65 2
Cost 1284.0
########################################################
