Application parameters:
  batch  =>  nothing
  tikz  =>  "/TIKZ/66-45-2-3.tex"
  instance  =>  "/IN/66-45-2-3.ophs"
  out  =>  "/OUT/66-45-2-3.sol"
  nosolve  =>  false
  ub  =>  -650
  complete  =>  false
  cfg  =>  "/BWTSP/src/../config/OPHS.cfg"
VRPSolver warning: Interval set for resource 1 on source node (when source != sink) is ignored (by definition is [0.0,0.0])
VRPSolver warning: Interval set for resource 1 on source node (when source != sink) is ignored (by definition is [0.0,0.0])
VRPSolver warning: Interval set for resource 1 on source node (when source != sink) is ignored (by definition is [0.0,0.0])
[41m solve [00m
~~~~~~~~~~~~~~~~~~~~~~~~~~~~~~~~~~~~~~~~~~~~~~~~~~~~~~~~~~~~~~~~~~~~~~~~~~~~~~
VRPSolver v0.4.1, 24/03/2021. Web: vrpsolver.math.u-bordeaux.fr
Corresponds to the solver by Pessoa, Sadykov, Uchoa and Vanderbeck (2020)
Paper: dx.doi.org/10.1007/s10107-020-01523-z
USE THIS CODE ONLY FOR ACADEMIC PURPOSES AT YOUR OWN RISK
~~~~~~~~~~~~~~~~~~~~~~~~~~~~~~~~~~~~~~~~~~~~~~~~~~~~~~~~~~~~~~~~~~~~~~~~~~~~~~
BaPCod v053, 24/03/2021, © Inria Bordeaux, France
~~~~~~~~~~~~~~~~~~~~~~~~~~~~~~~~~~~~~~~~~~~~~~~~~~~~~~~~~~~~~~~~~~~~~~~~~~~~~~
VRPSolver parameters:
GlobalTimeLimit = 18000
MaxNbOfBBtreeNodeTreated = 100000
treeSearchStrategy = 1
RCSPstopCutGenTimeThresholdInPricing = 10
RCSPhardTimeThresholdInPricing = 25
RCSPnumberOfBucketsPerVertex = 25
RCSPdynamicBucketSteps = 1
RCSPuseBidirectionalSearch = 2
RCSPapplyReducedCostFixing = 1
RCSPredCostFixingFalseGap = 0
RCSPmaxNumOfColsPerIteration = 30
RCSPmaxNumOfColsPerExactIteration = 150
RCSPheurLabelingStrategy = 0
StabilizationMinPhaseOfStage = 0
RCSPmaxNumOfLabelsInEnumeration = 500000
RCSPmaxNumOfEnumeratedSolutions = 5000000
RCSPmaxNumOfEnumSolutionsForMIP = 10000
RCSPinitNGneighbourhoodSize = 8
RCSPmaxNGneighbourhoodSize = 8
RCSPrankOneCutsMaxNumPerRound = 100
RCSPrankOneCutsMaxNumRows = 5
RCSPrankOneCutsMemoryType = 0
CutTailingOffThreshold = 0.015
CutTailingOffCounterThreshold = 3
SafeDualBoundScaleFactor = -1
StrongBranchingPhaseOneCandidatesNumber = 100
StrongBranchingPhaseOneTreeSizeEstimRatio = 0.2
StrongBranchingPhaseTwoCandidatesNumber = 3
StrongBranchingPhaseTwoTreeSizeEstimRatio = 0.02
MaxTimeForRestrictedMasterIpHeur = -1
DivingHeurUseDepthLimit = 0
MaxLDSbreadth = 1
MaxLDSdepth = 10000
New model incumbent solution -649, TIME = 0h0m0s2t = 2
Model is built TIME = 0h0m0s89t = 89
************************************************************************************************
**** BaB tree root node
**** Local DB = -1e+12, global bounds : [ -1e+12 , -649 ], TIME = 0h0m0s89t = 89
**** 1 open nodes, 0 columns (0 active), 0 dyn. constrs. (0 active), 283 art. vars. (283 active)
************************************************************************************************
--------------------------------------------------------------------------
BaPCod info : first we run the root node with rank-1 cuts with node memory
--------------------------------------------------------------------------
<DWph=2> <it= 10> <et=0.97> <Mt= 0.00> <Spt= 0.06> <nCl= 76> <DB= -673.3333> <Mlp= -620.0000> <PB=-648.99999> 
<DWph=2> <it= 12> <et=0.99> <Mt= 0.00> <Spt= 0.02> <nCl=  1> <DB= -650.0000> <Mlp= -650.0000> <PB=-650> 
<DWph=1> <it= 14> <et=1.01> <Mt= 0.00> <Spt= 0.02> <nCl=  1> <DB= -650.0000> <Mlp= -650.0000> <PB=-650> 
<DWph=0> <it= 15> <et=1.03> <Mt= 0.00> <Spt= 0.02> <nCl=  0> <DB= -650.0000> <Mlp= -650.0000> <PB=-650> 
ColGenEvalAlg final dual bound: -650 (rounded: -650)
New model incumbent solution -650, TIME = 0h0m1s4t = 104
************************************************************************************************
Search is finished, global bounds : [ -650 , -650 ], TIME = 0h0m1s5t = 105
************************************************************************************************
[32mBaPCod : solution defined.[00m
statistics_cols: instance & :Optimal & cutoff & :bcRecRootDb & :bcTimeRootEval & :bcCountNodeProc & :bcRecBestDb & :bcRecBestInc & :bcTimeMain \\
statistics: 66-45-2-3 & 1 & -648.99999 & -650.00 & 1.04 & 1 & -650.00 & -650 & 1.05 \\
########################################################
trip 1 : 1 33 34 35 36 44 52 60 3 
trip 2 : 3 68 67 66 65 64 63 62 61 53 4 
trip 3 : 4 45 37 29 30 31 32 2 
tour : 1 33 34 35 36 44 52 60 3 68 67 66 65 64 63 62 61 53 4 45 37 29 30 31 32 2
Cost 650.0
########################################################
