Application parameters:
  batch  =>  nothing
  tikz  =>  "/TIKZ/66-55-2-3.tex"
  instance  =>  "/IN/66-55-2-3.ophs"
  out  =>  "/OUT/66-55-2-3.sol"
  nosolve  =>  false
  ub  =>  -825
  complete  =>  false
  cfg  =>  "/BWTSP/src/../config/OPHS.cfg"
VRPSolver warning: Interval set for resource 1 on source node (when source != sink) is ignored (by definition is [0.0,0.0])
VRPSolver warning: Interval set for resource 1 on source node (when source != sink) is ignored (by definition is [0.0,0.0])
VRPSolver warning: Interval set for resource 1 on source node (when source != sink) is ignored (by definition is [0.0,0.0])
[41m solve [00m
~~~~~~~~~~~~~~~~~~~~~~~~~~~~~~~~~~~~~~~~~~~~~~~~~~~~~~~~~~~~~~~~~~~~~~~~~~~~~~
VRPSolver v0.4.1, 24/03/2021. Web: vrpsolver.math.u-bordeaux.fr
Corresponds to the solver by Pessoa, Sadykov, Uchoa and Vanderbeck (2020)
Paper: dx.doi.org/10.1007/s10107-020-01523-z
USE THIS CODE ONLY FOR ACADEMIC PURPOSES AT YOUR OWN RISK
~~~~~~~~~~~~~~~~~~~~~~~~~~~~~~~~~~~~~~~~~~~~~~~~~~~~~~~~~~~~~~~~~~~~~~~~~~~~~~
BaPCod v053, 24/03/2021, © Inria Bordeaux, France
~~~~~~~~~~~~~~~~~~~~~~~~~~~~~~~~~~~~~~~~~~~~~~~~~~~~~~~~~~~~~~~~~~~~~~~~~~~~~~
VRPSolver parameters:
GlobalTimeLimit = 18000
MaxNbOfBBtreeNodeTreated = 100000
treeSearchStrategy = 1
RCSPstopCutGenTimeThresholdInPricing = 10
RCSPhardTimeThresholdInPricing = 25
RCSPnumberOfBucketsPerVertex = 25
RCSPdynamicBucketSteps = 1
RCSPuseBidirectionalSearch = 2
RCSPapplyReducedCostFixing = 1
RCSPredCostFixingFalseGap = 0
RCSPmaxNumOfColsPerIteration = 30
RCSPmaxNumOfColsPerExactIteration = 150
RCSPheurLabelingStrategy = 0
StabilizationMinPhaseOfStage = 0
RCSPmaxNumOfLabelsInEnumeration = 500000
RCSPmaxNumOfEnumeratedSolutions = 5000000
RCSPmaxNumOfEnumSolutionsForMIP = 10000
RCSPinitNGneighbourhoodSize = 8
RCSPmaxNGneighbourhoodSize = 8
RCSPrankOneCutsMaxNumPerRound = 100
RCSPrankOneCutsMaxNumRows = 5
RCSPrankOneCutsMemoryType = 0
CutTailingOffThreshold = 0.015
CutTailingOffCounterThreshold = 3
SafeDualBoundScaleFactor = -1
StrongBranchingPhaseOneCandidatesNumber = 100
StrongBranchingPhaseOneTreeSizeEstimRatio = 0.2
StrongBranchingPhaseTwoCandidatesNumber = 3
StrongBranchingPhaseTwoTreeSizeEstimRatio = 0.02
MaxTimeForRestrictedMasterIpHeur = -1
DivingHeurUseDepthLimit = 0
MaxLDSbreadth = 1
MaxLDSdepth = 10000
New model incumbent solution -824, TIME = 0h0m0s2t = 2
Model is built TIME = 0h0m0s89t = 89
************************************************************************************************
**** BaB tree root node
**** Local DB = -1e+12, global bounds : [ -1e+12 , -824 ], TIME = 0h0m0s89t = 89
**** 1 open nodes, 0 columns (0 active), 0 dyn. constrs. (0 active), 283 art. vars. (283 active)
************************************************************************************************
--------------------------------------------------------------------------
BaPCod info : first we run the root node with rank-1 cuts with node memory
--------------------------------------------------------------------------
<DWph=2> <it=  8> <et=0.98> <Mt= 0.00> <Spt= 0.07> <nCl= 71> <DB= -825.0000> <Mlp= -825.0000> <PB=-825> 
<DWph=1> <it= 10> <et=1.01> <Mt= 0.00> <Spt= 0.03> <nCl=  2> <DB= -825.0000> <Mlp= -825.0000> <PB=-825> 
<DWph=0> <it= 11> <et=1.04> <Mt= 0.00> <Spt= 0.03> <nCl=  0> <DB= -825.0000> <Mlp= -825.0000> <PB=-825> 
ColGenEvalAlg final dual bound: -825 (rounded: -825)
New model incumbent solution -825, TIME = 0h0m1s5t = 105
************************************************************************************************
Search is finished, global bounds : [ -825 , -825 ], TIME = 0h0m1s5t = 105
************************************************************************************************
[32mBaPCod : solution defined.[00m
statistics_cols: instance & :Optimal & cutoff & :bcRecRootDb & :bcTimeRootEval & :bcCountNodeProc & :bcRecBestDb & :bcRecBestInc & :bcTimeMain \\
statistics: 66-55-2-3 & 1 & -823.99999 & -825.00 & 1.05 & 1 & -825.00 & -825 & 1.05 \\
########################################################
trip 1 : 1 33 34 35 36 28 20 12 11 10 3 
trip 2 : 3 9 8 7 6 5 13 21 29 37 45 53 4 
trip 3 : 4 61 62 63 64 56 48 40 2 
tour : 1 33 34 35 36 28 20 12 11 10 3 9 8 7 6 5 13 21 29 37 45 53 4 61 62 63 64 56 48 40 2
Cost 825.0
########################################################
