Application parameters:
  batch  =>  nothing
  tikz  =>  "/TIKZ/66-60-2-3.tex"
  instance  =>  "/IN/66-60-2-3.ophs"
  out  =>  "/OUT/66-60-2-3.sol"
  nosolve  =>  false
  ub  =>  -915
  complete  =>  false
  cfg  =>  "/BWTSP/src/../config/OPHS.cfg"
VRPSolver warning: Interval set for resource 1 on source node (when source != sink) is ignored (by definition is [0.0,0.0])
VRPSolver warning: Interval set for resource 1 on source node (when source != sink) is ignored (by definition is [0.0,0.0])
VRPSolver warning: Interval set for resource 1 on source node (when source != sink) is ignored (by definition is [0.0,0.0])
[41m solve [00m
~~~~~~~~~~~~~~~~~~~~~~~~~~~~~~~~~~~~~~~~~~~~~~~~~~~~~~~~~~~~~~~~~~~~~~~~~~~~~~
VRPSolver v0.4.1, 24/03/2021. Web: vrpsolver.math.u-bordeaux.fr
Corresponds to the solver by Pessoa, Sadykov, Uchoa and Vanderbeck (2020)
Paper: dx.doi.org/10.1007/s10107-020-01523-z
USE THIS CODE ONLY FOR ACADEMIC PURPOSES AT YOUR OWN RISK
~~~~~~~~~~~~~~~~~~~~~~~~~~~~~~~~~~~~~~~~~~~~~~~~~~~~~~~~~~~~~~~~~~~~~~~~~~~~~~
BaPCod v053, 24/03/2021, © Inria Bordeaux, France
~~~~~~~~~~~~~~~~~~~~~~~~~~~~~~~~~~~~~~~~~~~~~~~~~~~~~~~~~~~~~~~~~~~~~~~~~~~~~~
VRPSolver parameters:
GlobalTimeLimit = 18000
MaxNbOfBBtreeNodeTreated = 100000
treeSearchStrategy = 1
RCSPstopCutGenTimeThresholdInPricing = 10
RCSPhardTimeThresholdInPricing = 25
RCSPnumberOfBucketsPerVertex = 25
RCSPdynamicBucketSteps = 1
RCSPuseBidirectionalSearch = 2
RCSPapplyReducedCostFixing = 1
RCSPredCostFixingFalseGap = 0
RCSPmaxNumOfColsPerIteration = 30
RCSPmaxNumOfColsPerExactIteration = 150
RCSPheurLabelingStrategy = 0
StabilizationMinPhaseOfStage = 0
RCSPmaxNumOfLabelsInEnumeration = 500000
RCSPmaxNumOfEnumeratedSolutions = 5000000
RCSPmaxNumOfEnumSolutionsForMIP = 10000
RCSPinitNGneighbourhoodSize = 8
RCSPmaxNGneighbourhoodSize = 8
RCSPrankOneCutsMaxNumPerRound = 100
RCSPrankOneCutsMaxNumRows = 5
RCSPrankOneCutsMemoryType = 0
CutTailingOffThreshold = 0.015
CutTailingOffCounterThreshold = 3
SafeDualBoundScaleFactor = -1
StrongBranchingPhaseOneCandidatesNumber = 100
StrongBranchingPhaseOneTreeSizeEstimRatio = 0.2
StrongBranchingPhaseTwoCandidatesNumber = 3
StrongBranchingPhaseTwoTreeSizeEstimRatio = 0.02
MaxTimeForRestrictedMasterIpHeur = -1
DivingHeurUseDepthLimit = 0
MaxLDSbreadth = 1
MaxLDSdepth = 10000
New model incumbent solution -914, TIME = 0h0m0s2t = 2
Model is built TIME = 0h0m0s90t = 90
************************************************************************************************
**** BaB tree root node
**** Local DB = -1e+12, global bounds : [ -1e+12 , -914 ], TIME = 0h0m0s90t = 90
**** 1 open nodes, 0 columns (0 active), 0 dyn. constrs. (0 active), 283 art. vars. (283 active)
************************************************************************************************
--------------------------------------------------------------------------
BaPCod info : first we run the root node with rank-1 cuts with node memory
--------------------------------------------------------------------------
<DWph=2> <it= 10> <et=1.00> <Mt= 0.00> <Spt= 0.09> <nCl= 86> <DB= -924.8673> <Mlp= -895.0000> <PB=-913.99999> 
<DWph=2> <it= 11> <et=1.02> <Mt= 0.00> <Spt= 0.02> <nCl=  0> <DB= -895.0000> <Mlp= -895.0000> <PB=-913.99999> 
<DWph=1> <it= 15> <et=1.15> <Mt= 0.00> <Spt= 0.12> <nCl=  8> <DB= -895.0000> <Mlp= -895.0000> <PB=-913.99999> 
<DWph=0> <it= 17> <et=1.19> <Mt= 0.00> <Spt= 0.04> <nCl=  5> <DB= -915.0000> <Mlp= -915.0000> <PB=-915> 
ColGenEvalAlg final dual bound: -915 (rounded: -915)
New model incumbent solution -915, TIME = 0h0m1s20t = 120
************************************************************************************************
Search is finished, global bounds : [ -915 , -915 ], TIME = 0h0m1s20t = 120
************************************************************************************************
[32mBaPCod : solution defined.[00m
statistics_cols: instance & :Optimal & cutoff & :bcRecRootDb & :bcTimeRootEval & :bcCountNodeProc & :bcRecBestDb & :bcRecBestInc & :bcTimeMain \\
statistics: 66-60-2-3 & 1 & -913.99999 & -915.00 & 1.20 & 1 & -915.00 & -915 & 1.20 \\
########################################################
trip 1 : 1 24 16 15 7 8 9 10 11 12 3 
trip 2 : 3 20 28 36 44 52 60 68 67 66 65 64 4 
trip 3 : 4 63 62 61 53 45 37 38 39 40 2 
tour : 1 24 16 15 7 8 9 10 11 12 3 20 28 36 44 52 60 68 67 66 65 64 4 63 62 61 53 45 37 38 39 40 2
Cost 915.0
########################################################
