Application parameters:
  batch  =>  nothing
  tikz  =>  "/TIKZ/T1-70-2-3.tex"
  instance  =>  "/IN/T1-70-2-3.ophs"
  out  =>  "/OUT/T1-70-2-3.sol"
  nosolve  =>  false
  ub  =>  -260
  complete  =>  false
  cfg  =>  "/BWTSP/src/../config/OPHS.cfg"
VRPSolver warning: Interval set for resource 1 on source node (when source != sink) is ignored (by definition is [0.0,0.0])
VRPSolver warning: Interval set for resource 1 on source node (when source != sink) is ignored (by definition is [0.0,0.0])
VRPSolver warning: Interval set for resource 1 on source node (when source != sink) is ignored (by definition is [0.0,0.0])
[41m solve [00m
~~~~~~~~~~~~~~~~~~~~~~~~~~~~~~~~~~~~~~~~~~~~~~~~~~~~~~~~~~~~~~~~~~~~~~~~~~~~~~
VRPSolver v0.4.1, 24/03/2021. Web: vrpsolver.math.u-bordeaux.fr
Corresponds to the solver by Pessoa, Sadykov, Uchoa and Vanderbeck (2020)
Paper: dx.doi.org/10.1007/s10107-020-01523-z
USE THIS CODE ONLY FOR ACADEMIC PURPOSES AT YOUR OWN RISK
~~~~~~~~~~~~~~~~~~~~~~~~~~~~~~~~~~~~~~~~~~~~~~~~~~~~~~~~~~~~~~~~~~~~~~~~~~~~~~
BaPCod v053, 24/03/2021, © Inria Bordeaux, France
~~~~~~~~~~~~~~~~~~~~~~~~~~~~~~~~~~~~~~~~~~~~~~~~~~~~~~~~~~~~~~~~~~~~~~~~~~~~~~
VRPSolver parameters:
GlobalTimeLimit = 18000
MaxNbOfBBtreeNodeTreated = 100000
treeSearchStrategy = 1
RCSPstopCutGenTimeThresholdInPricing = 10
RCSPhardTimeThresholdInPricing = 25
RCSPnumberOfBucketsPerVertex = 25
RCSPdynamicBucketSteps = 1
RCSPuseBidirectionalSearch = 2
RCSPapplyReducedCostFixing = 1
RCSPredCostFixingFalseGap = 0
RCSPmaxNumOfColsPerIteration = 30
RCSPmaxNumOfColsPerExactIteration = 150
RCSPheurLabelingStrategy = 0
StabilizationMinPhaseOfStage = 0
RCSPmaxNumOfLabelsInEnumeration = 500000
RCSPmaxNumOfEnumeratedSolutions = 5000000
RCSPmaxNumOfEnumSolutionsForMIP = 10000
RCSPinitNGneighbourhoodSize = 8
RCSPmaxNGneighbourhoodSize = 8
RCSPrankOneCutsMaxNumPerRound = 100
RCSPrankOneCutsMaxNumRows = 5
RCSPrankOneCutsMemoryType = 0
CutTailingOffThreshold = 0.015
CutTailingOffCounterThreshold = 3
SafeDualBoundScaleFactor = -1
StrongBranchingPhaseOneCandidatesNumber = 100
StrongBranchingPhaseOneTreeSizeEstimRatio = 0.2
StrongBranchingPhaseTwoCandidatesNumber = 3
StrongBranchingPhaseTwoTreeSizeEstimRatio = 0.02
MaxTimeForRestrictedMasterIpHeur = -1
DivingHeurUseDepthLimit = 0
MaxLDSbreadth = 1
MaxLDSdepth = 10000
New model incumbent solution -259, TIME = 0h0m0s2t = 2
Model is built TIME = 0h0m0s80t = 80
************************************************************************************************
**** BaB tree root node
**** Local DB = -1e+12, global bounds : [ -1e+12 , -259 ], TIME = 0h0m0s80t = 80
**** 1 open nodes, 0 columns (0 active), 0 dyn. constrs. (0 active), 147 art. vars. (147 active)
************************************************************************************************
--------------------------------------------------------------------------
BaPCod info : first we run the root node with rank-1 cuts with node memory
--------------------------------------------------------------------------
<DWph=2> <it= 10> <et=0.83> <Mt= 0.00> <Spt= 0.02> <nCl= 99> <DB= -281.6176> <Mlp= -236.3235> <PB=-258.99999> 
<DWph=2> <it= 20> <et=0.86> <Mt= 0.00> <Spt= 0.02> <nCl= 50> <DB= -251.4623> <Mlp= -250.0000> <PB=-258.99999> 
<DWph=2> <it= 22> <et=0.86> <Mt= 0.00> <Spt= 0.00> <nCl=  1> <DB= -255.3015> <Mlp= -255.0000> <PB=-258.99999> 
<DWph=1> <it= 30> <et=0.92> <Mt= 0.00> <Spt= 0.06> <nCl= 32> <DB= -266.4355> <Mlp= -255.0000> <PB=-258.99999> 
<DWph=1> <it= 31> <et=0.92> <Mt= 0.01> <Spt= 0.00> <nCl=  0> <DB= -266.4355> <Mlp= -260.0000> <PB=-260> 
<DWph=0> <it= 33> <et=0.97> <Mt= 0.00> <Spt= 0.05> <nCl= 71> <DB= -260.0000> <Mlp= -260.0000> <PB=-260> 
ColGenEvalAlg final dual bound: -260 (rounded: -260)
New model incumbent solution -260, TIME = 0h0m0s97t = 97
************************************************************************************************
Search is finished, global bounds : [ -260 , -260 ], TIME = 0h0m0s97t = 97
************************************************************************************************
[32mBaPCod : solution defined.[00m
statistics_cols: instance & :Optimal & cutoff & :bcRecRootDb & :bcTimeRootEval & :bcCountNodeProc & :bcRecBestDb & :bcRecBestInc & :bcTimeMain \\
statistics: T1-70-2-3 & 1 & -258.99999 & -260.00 & 0.97 & 1 & -260.00 & -260 & 0.97 \\
########################################################
trip 1 : 1 31 32 20 19 18 17 7 3 
trip 2 : 3 8 9 10 6 5 11 13 14 15 24 25 4 
trip 3 : 4 26 27 28 29 34 30 23 22 2 
tour : 1 31 32 20 19 18 17 7 3 8 9 10 6 5 11 13 14 15 24 25 4 26 27 28 29 34 30 23 22 2
Cost 260.0
########################################################
