Application parameters:
  batch  =>  nothing
  tikz  =>  "/TIKZ/T1-80-2-3.tex"
  instance  =>  "/IN/T1-80-2-3.ophs"
  out  =>  "/OUT/T1-80-2-3.sol"
  nosolve  =>  false
  ub  =>  -280
  complete  =>  false
  cfg  =>  "/BWTSP/src/../config/OPHS.cfg"
VRPSolver warning: Interval set for resource 1 on source node (when source != sink) is ignored (by definition is [0.0,0.0])
VRPSolver warning: Interval set for resource 1 on source node (when source != sink) is ignored (by definition is [0.0,0.0])
VRPSolver warning: Interval set for resource 1 on source node (when source != sink) is ignored (by definition is [0.0,0.0])
[41m solve [00m
~~~~~~~~~~~~~~~~~~~~~~~~~~~~~~~~~~~~~~~~~~~~~~~~~~~~~~~~~~~~~~~~~~~~~~~~~~~~~~
VRPSolver v0.4.1, 24/03/2021. Web: vrpsolver.math.u-bordeaux.fr
Corresponds to the solver by Pessoa, Sadykov, Uchoa and Vanderbeck (2020)
Paper: dx.doi.org/10.1007/s10107-020-01523-z
USE THIS CODE ONLY FOR ACADEMIC PURPOSES AT YOUR OWN RISK
~~~~~~~~~~~~~~~~~~~~~~~~~~~~~~~~~~~~~~~~~~~~~~~~~~~~~~~~~~~~~~~~~~~~~~~~~~~~~~
BaPCod v053, 24/03/2021, © Inria Bordeaux, France
~~~~~~~~~~~~~~~~~~~~~~~~~~~~~~~~~~~~~~~~~~~~~~~~~~~~~~~~~~~~~~~~~~~~~~~~~~~~~~
VRPSolver parameters:
GlobalTimeLimit = 18000
MaxNbOfBBtreeNodeTreated = 100000
treeSearchStrategy = 1
RCSPstopCutGenTimeThresholdInPricing = 10
RCSPhardTimeThresholdInPricing = 25
RCSPnumberOfBucketsPerVertex = 25
RCSPdynamicBucketSteps = 1
RCSPuseBidirectionalSearch = 2
RCSPapplyReducedCostFixing = 1
RCSPredCostFixingFalseGap = 0
RCSPmaxNumOfColsPerIteration = 30
RCSPmaxNumOfColsPerExactIteration = 150
RCSPheurLabelingStrategy = 0
StabilizationMinPhaseOfStage = 0
RCSPmaxNumOfLabelsInEnumeration = 500000
RCSPmaxNumOfEnumeratedSolutions = 5000000
RCSPmaxNumOfEnumSolutionsForMIP = 10000
RCSPinitNGneighbourhoodSize = 8
RCSPmaxNGneighbourhoodSize = 8
RCSPrankOneCutsMaxNumPerRound = 100
RCSPrankOneCutsMaxNumRows = 5
RCSPrankOneCutsMemoryType = 0
CutTailingOffThreshold = 0.015
CutTailingOffCounterThreshold = 3
SafeDualBoundScaleFactor = -1
StrongBranchingPhaseOneCandidatesNumber = 100
StrongBranchingPhaseOneTreeSizeEstimRatio = 0.2
StrongBranchingPhaseTwoCandidatesNumber = 3
StrongBranchingPhaseTwoTreeSizeEstimRatio = 0.02
MaxTimeForRestrictedMasterIpHeur = -1
DivingHeurUseDepthLimit = 0
MaxLDSbreadth = 1
MaxLDSdepth = 10000
New model incumbent solution -279, TIME = 0h0m0s2t = 2
Model is built TIME = 0h0m0s81t = 81
************************************************************************************************
**** BaB tree root node
**** Local DB = -1e+12, global bounds : [ -1e+12 , -279 ], TIME = 0h0m0s81t = 81
**** 1 open nodes, 0 columns (0 active), 0 dyn. constrs. (0 active), 147 art. vars. (147 active)
************************************************************************************************
--------------------------------------------------------------------------
BaPCod info : first we run the root node with rank-1 cuts with node memory
--------------------------------------------------------------------------
<DWph=2> <it= 10> <et=0.84> <Mt= 0.00> <Spt= 0.02> <nCl=120> <DB= -307.8993> <Mlp= -255.9623> <PB=-278.99999> 
<DWph=2> <it= 20> <et=0.88> <Mt= 0.00> <Spt= 0.03> <nCl= 63> <DB= -277.9793> <Mlp= -273.3821> <PB=-278.99999> 
<DWph=2> <it= 21> <et=0.88> <Mt= 0.00> <Spt= 0.00> <nCl=  0> <DB= -277.9793> <Mlp= -275.0667> <PB=-278.99999> 
<DWph=1> <it= 30> <et=0.96> <Mt= 0.01> <Spt= 0.08> <nCl= 24> <DB= -278.0749> <Mlp= -276.7073> <PB=-278.99999> 
<DWph=1> <it= 40> <et=1.07> <Mt= 0.00> <Spt= 0.11> <nCl= 20> <DB= -277.7051> <Mlp= -277.0833> <PB=-278.99999> 
<DWph=1> <it= 43> <et=1.10> <Mt= 0.00> <Spt= 0.02> <nCl=  2> <DB= -280.1234> <Mlp= -280.0000> <PB=-280> 
<DWph=0> <it= 47> <et=1.18> <Mt= 0.01> <Spt= 0.08> <nCl=520> <DB= -280.4319> <Mlp= -280.0000> <PB=-280> 
ColGenEvalAlg final dual bound: -280.432 (rounded: -280)
New model incumbent solution -280, TIME = 0h0m1s19t = 119
************************************************************************************************
Search is finished, global bounds : [ -280 , -280 ], TIME = 0h0m1s19t = 119
************************************************************************************************
[32mBaPCod : solution defined.[00m
statistics_cols: instance & :Optimal & cutoff & :bcRecRootDb & :bcTimeRootEval & :bcCountNodeProc & :bcRecBestDb & :bcRecBestInc & :bcTimeMain \\
statistics: T1-80-2-3 & 1 & -278.99999 & -280.00 & 1.19 & 1 & -280.00 & -280 & 1.19 \\
########################################################
trip 1 : 1 31 32 20 19 18 17 7 8 3 
trip 2 : 3 9 10 6 5 16 12 11 13 14 15 24 25 4 
trip 3 : 4 26 27 28 29 33 34 30 23 22 2 
tour : 1 31 32 20 19 18 17 7 8 3 9 10 6 5 16 12 11 13 14 15 24 25 4 26 27 28 29 33 34 30 23 22 2
Cost 280.0
########################################################
