Application parameters:
  batch  =>  nothing
  tikz  =>  "/TIKZ/T1-85-2-3.tex"
  instance  =>  "/IN/T1-85-2-3.ophs"
  out  =>  "/OUT/T1-85-2-3.sol"
  nosolve  =>  false
  ub  =>  -285
  complete  =>  false
  cfg  =>  "/BWTSP/src/../config/OPHS.cfg"
VRPSolver warning: Interval set for resource 1 on source node (when source != sink) is ignored (by definition is [0.0,0.0])
VRPSolver warning: Interval set for resource 1 on source node (when source != sink) is ignored (by definition is [0.0,0.0])
VRPSolver warning: Interval set for resource 1 on source node (when source != sink) is ignored (by definition is [0.0,0.0])
[41m solve [00m
~~~~~~~~~~~~~~~~~~~~~~~~~~~~~~~~~~~~~~~~~~~~~~~~~~~~~~~~~~~~~~~~~~~~~~~~~~~~~~
VRPSolver v0.4.1, 24/03/2021. Web: vrpsolver.math.u-bordeaux.fr
Corresponds to the solver by Pessoa, Sadykov, Uchoa and Vanderbeck (2020)
Paper: dx.doi.org/10.1007/s10107-020-01523-z
USE THIS CODE ONLY FOR ACADEMIC PURPOSES AT YOUR OWN RISK
~~~~~~~~~~~~~~~~~~~~~~~~~~~~~~~~~~~~~~~~~~~~~~~~~~~~~~~~~~~~~~~~~~~~~~~~~~~~~~
BaPCod v053, 24/03/2021, © Inria Bordeaux, France
~~~~~~~~~~~~~~~~~~~~~~~~~~~~~~~~~~~~~~~~~~~~~~~~~~~~~~~~~~~~~~~~~~~~~~~~~~~~~~
VRPSolver parameters:
GlobalTimeLimit = 18000
MaxNbOfBBtreeNodeTreated = 100000
treeSearchStrategy = 1
RCSPstopCutGenTimeThresholdInPricing = 10
RCSPhardTimeThresholdInPricing = 25
RCSPnumberOfBucketsPerVertex = 25
RCSPdynamicBucketSteps = 1
RCSPuseBidirectionalSearch = 2
RCSPapplyReducedCostFixing = 1
RCSPredCostFixingFalseGap = 0
RCSPmaxNumOfColsPerIteration = 30
RCSPmaxNumOfColsPerExactIteration = 150
RCSPheurLabelingStrategy = 0
StabilizationMinPhaseOfStage = 0
RCSPmaxNumOfLabelsInEnumeration = 500000
RCSPmaxNumOfEnumeratedSolutions = 5000000
RCSPmaxNumOfEnumSolutionsForMIP = 10000
RCSPinitNGneighbourhoodSize = 8
RCSPmaxNGneighbourhoodSize = 8
RCSPrankOneCutsMaxNumPerRound = 100
RCSPrankOneCutsMaxNumRows = 5
RCSPrankOneCutsMemoryType = 0
CutTailingOffThreshold = 0.015
CutTailingOffCounterThreshold = 3
SafeDualBoundScaleFactor = -1
StrongBranchingPhaseOneCandidatesNumber = 100
StrongBranchingPhaseOneTreeSizeEstimRatio = 0.2
StrongBranchingPhaseTwoCandidatesNumber = 3
StrongBranchingPhaseTwoTreeSizeEstimRatio = 0.02
MaxTimeForRestrictedMasterIpHeur = -1
DivingHeurUseDepthLimit = 0
MaxLDSbreadth = 1
MaxLDSdepth = 10000
New model incumbent solution -284, TIME = 0h0m0s2t = 2
Model is built TIME = 0h0m0s80t = 80
************************************************************************************************
**** BaB tree root node
**** Local DB = -1e+12, global bounds : [ -1e+12 , -284 ], TIME = 0h0m0s80t = 80
**** 1 open nodes, 0 columns (0 active), 0 dyn. constrs. (0 active), 147 art. vars. (147 active)
************************************************************************************************
--------------------------------------------------------------------------
BaPCod info : first we run the root node with rank-1 cuts with node memory
--------------------------------------------------------------------------
<DWph=2> <it= 10> <et=0.83> <Mt= 0.00> <Spt= 0.02> <nCl=116> <DB= -350.4016> <Mlp= -265.9420> <PB=-283.99999> 
<DWph=2> <it= 20> <et=0.87> <Mt= 0.00> <Spt= 0.03> <nCl= 95> <DB= -279.6432> <Mlp= -275.0000> <PB=-283.99999> 
<DWph=2> <it= 29> <et=0.89> <Mt= 0.01> <Spt= 0.02> <nCl= 25> <DB= -283.1942> <Mlp= -279.0000> <PB=-283.99999> 
<DWph=1> <it= 30> <et=0.90> <Mt= 0.00> <Spt= 0.01> <nCl=  8> <DB= -287.4252> <Mlp= -279.0000> <PB=-283.99999> 
<DWph=1> <it= 40> <et=1.02> <Mt= 0.00> <Spt= 0.12> <nCl= 21> <DB= -285.0000> <Mlp= -285.0000> <PB=-285> 
<DWph=0> <it= 43> <et=1.10> <Mt= 0.00> <Spt= 0.07> <nCl= 46> <DB= -285.0000> <Mlp= -285.0000> <PB=-285> 
ColGenEvalAlg final dual bound: -285 (rounded: -285)
New model incumbent solution -285, TIME = 0h0m1s11t = 111
************************************************************************************************
Search is finished, global bounds : [ -285 , -285 ], TIME = 0h0m1s11t = 111
************************************************************************************************
[32mBaPCod : solution defined.[00m
statistics_cols: instance & :Optimal & cutoff & :bcRecRootDb & :bcTimeRootEval & :bcCountNodeProc & :bcRecBestDb & :bcRecBestInc & :bcTimeMain \\
statistics: T1-85-2-3 & 1 & -283.99999 & -285.00 & 1.11 & 1 & -285.00 & -285 & 1.11 \\
########################################################
trip 1 : 1 22 23 30 29 34 33 28 27 26 25 24 3 
trip 2 : 3 15 14 13 12 11 5 6 10 16 9 8 7 4 
trip 3 : 4 17 18 19 20 32 31 21 2 
tour : 1 22 23 30 29 34 33 28 27 26 25 24 3 15 14 13 12 11 5 6 10 16 9 8 7 4 17 18 19 20 32 31 21 2
Cost 285.0
########################################################
