Application parameters:
  batch  =>  nothing
  tikz  =>  "/TIKZ/T3-100-2-3.tex"
  instance  =>  "/IN/T3-100-2-3.ophs"
  out  =>  "/OUT/T3-100-2-3.sol"
  nosolve  =>  false
  ub  =>  -800
  complete  =>  false
  cfg  =>  "/BWTSP/src/../config/OPHS.cfg"
VRPSolver warning: Interval set for resource 1 on source node (when source != sink) is ignored (by definition is [0.0,0.0])
VRPSolver warning: Interval set for resource 1 on source node (when source != sink) is ignored (by definition is [0.0,0.0])
VRPSolver warning: Interval set for resource 1 on source node (when source != sink) is ignored (by definition is [0.0,0.0])
[41m solve [00m
~~~~~~~~~~~~~~~~~~~~~~~~~~~~~~~~~~~~~~~~~~~~~~~~~~~~~~~~~~~~~~~~~~~~~~~~~~~~~~
VRPSolver v0.4.1, 24/03/2021. Web: vrpsolver.math.u-bordeaux.fr
Corresponds to the solver by Pessoa, Sadykov, Uchoa and Vanderbeck (2020)
Paper: dx.doi.org/10.1007/s10107-020-01523-z
USE THIS CODE ONLY FOR ACADEMIC PURPOSES AT YOUR OWN RISK
~~~~~~~~~~~~~~~~~~~~~~~~~~~~~~~~~~~~~~~~~~~~~~~~~~~~~~~~~~~~~~~~~~~~~~~~~~~~~~
BaPCod v053, 24/03/2021, © Inria Bordeaux, France
~~~~~~~~~~~~~~~~~~~~~~~~~~~~~~~~~~~~~~~~~~~~~~~~~~~~~~~~~~~~~~~~~~~~~~~~~~~~~~
VRPSolver parameters:
GlobalTimeLimit = 18000
MaxNbOfBBtreeNodeTreated = 100000
treeSearchStrategy = 1
RCSPstopCutGenTimeThresholdInPricing = 10
RCSPhardTimeThresholdInPricing = 25
RCSPnumberOfBucketsPerVertex = 25
RCSPdynamicBucketSteps = 1
RCSPuseBidirectionalSearch = 2
RCSPapplyReducedCostFixing = 1
RCSPredCostFixingFalseGap = 0
RCSPmaxNumOfColsPerIteration = 30
RCSPmaxNumOfColsPerExactIteration = 150
RCSPheurLabelingStrategy = 0
StabilizationMinPhaseOfStage = 0
RCSPmaxNumOfLabelsInEnumeration = 500000
RCSPmaxNumOfEnumeratedSolutions = 5000000
RCSPmaxNumOfEnumSolutionsForMIP = 10000
RCSPinitNGneighbourhoodSize = 8
RCSPmaxNGneighbourhoodSize = 8
RCSPrankOneCutsMaxNumPerRound = 100
RCSPrankOneCutsMaxNumRows = 5
RCSPrankOneCutsMemoryType = 0
CutTailingOffThreshold = 0.015
CutTailingOffCounterThreshold = 3
SafeDualBoundScaleFactor = -1
StrongBranchingPhaseOneCandidatesNumber = 100
StrongBranchingPhaseOneTreeSizeEstimRatio = 0.2
StrongBranchingPhaseTwoCandidatesNumber = 3
StrongBranchingPhaseTwoTreeSizeEstimRatio = 0.02
MaxTimeForRestrictedMasterIpHeur = -1
DivingHeurUseDepthLimit = 0
MaxLDSbreadth = 1
MaxLDSdepth = 10000
New model incumbent solution -799, TIME = 0h0m0s2t = 2
Model is built TIME = 0h0m0s82t = 82
************************************************************************************************
**** BaB tree root node
**** Local DB = -1e+12, global bounds : [ -1e+12 , -799 ], TIME = 0h0m0s82t = 82
**** 1 open nodes, 0 columns (0 active), 0 dyn. constrs. (0 active), 151 art. vars. (151 active)
************************************************************************************************
--------------------------------------------------------------------------
BaPCod info : first we run the root node with rank-1 cuts with node memory
--------------------------------------------------------------------------
<DWph=2> <it= 10> <et=0.86> <Mt= 0.00> <Spt= 0.03> <nCl=117> <DB= -979.9792> <Mlp= -744.4367> <PB=-798.99999> 
<DWph=2> <it= 20> <et=0.89> <Mt= 0.01> <Spt= 0.03> <nCl=112> <DB= -832.7122> <Mlp= -785.7880> <PB=-798.99999> 
<DWph=2> <it= 30> <et=0.93> <Mt= 0.00> <Spt= 0.03> <nCl= 70> <DB= -806.2503> <Mlp= -799.9747> <PB=-798.99999> 
<DWph=2> <it= 31> <et=0.94> <Mt= 0.00> <Spt= 0.01> <nCl=  0> <DB= -800.0000> <Mlp= -800.0000> <PB=-798.99999> 
<DWph=1> <it= 32> <et=0.95> <Mt= 0.00> <Spt= 0.00> <nCl=  0> <DB= -800.0000> <Mlp= -800.0000> <PB=-798.99999> 
<DWph=0> <it= 33> <et=0.96> <Mt= 0.00> <Spt= 0.01> <nCl=  0> <DB= -800.0000> <Mlp= -800.0000> <PB=-798.99999> 
Reduced cost fixing for graph G_3... took 0.01 sec., 13322 buck. arcs remain (83.1% from prev., 28.4% from max.)
Run enumeration... took 1.28 sec. and not succeeded.
Reduced cost fixing for graph G_2... took 0.01 sec., 13612 buck. arcs remain (83.6% from prev., 29% from max.)
Run enumeration... took 1.51 sec. and not succeeded.
Reduced cost fixing for graph G_1... took 0.01 sec., 14001 buck. arcs remain (84.2% from prev., 29.5% from max.)
Run enumeration... took 1.5 sec. and not succeeded.
ColGenEvalAlg final dual bound: -800 (rounded: -800)
----- Add fac. cuts : R1C(152), max.viol = 0.462264, aver.viol = 0.222005, sep/add took 0/0.02 sec. -----
839 columns (839 active), 152 dyn. constrs. (152 active), 303 art. vars. (303 active)
<DWph=2> <it= 10> <et=5.47> <Mt= 0.06> <Spt= 0.07> <nCl=101> <DB= -805.3647> <Mlp= -793.5756> <PB=-798.99999> 
<DWph=2> <it= 20> <et=5.57> <Mt= 0.05> <Spt= 0.05> <nCl= 80> <DB= -800.7121> <Mlp= -798.1345> <PB=-798.99999> 
<DWph=2> <it= 30> <et=5.64> <Mt= 0.02> <Spt= 0.05> <nCl= 58> <DB= -800.1623> <Mlp= -798.8202> <PB=-798.99999> 
<DWph=2> <it= 40> <et=5.71> <Mt= 0.01> <Spt= 0.04> <nCl= 34> <DB= -799.9959> <Mlp= -798.9362> <PB=-798.99999> 
<DWph=2> <it= 43> <et=5.73> <Mt= 0.01> <Spt= 0.01> <nCl=  5> <DB= -800.2688> <Mlp= -800.0000> <PB=-798.99999> 
<DWph=1> <it= 50> <et=5.87> <Mt= 0.01> <Spt= 0.12> <nCl= 25> <DB= -800.9549> <Mlp= -800.0000> <PB=-798.99999> 
<DWph=1> <it= 60> <et=6.06> <Mt= 0.02> <Spt= 0.17> <nCl= 22> <DB= -800.4835> <Mlp= -800.0000> <PB=-798.99999> 
<DWph=1> <it= 70> <et=6.34> <Mt= 0.02> <Spt= 0.25> <nCl= 19> <DB= -800.4274> <Mlp= -800.0000> <PB=-798.99999> 
<DWph=1> <it= 74> <et=6.44> <Mt= 0.01> <Spt= 0.09> <nCl=  4> <DB= -800.0000> <Mlp= -800.0000> <PB=-798.99999> 
<DWph=0> <it= 75> <et=6.44> <Mt= 0.00> <Spt= 0.00> <nCl=  0> <DB= -800.0000> <Mlp= -800.0000> <PB=-798.99999> 
ColGenEvalAlg final dual bound: -800 (rounded: -800)
Gap improvement since the last cut separation : -1.13686e-13 (-800)
----- Add fac. cuts : R1C(150), max.viol = 0.25, aver.viol = 0.148333, sep/add took 0/0.04 sec. -----
1357 columns (1357 active), 302 dyn. constrs. (302 active), 453 art. vars. (453 active)
<DWph=2> <it=  1> <et=6.51> <Mt= 0.01> <Spt= 0.01> <nCl=  0> <DB= -800.0000> <Mlp= -800.0000> <PB=-798.99999> 
<DWph=1> <it=  2> <et=6.54> <Mt= 0.00> <Spt= 0.02> <nCl=  0> <DB= -800.0000> <Mlp= -800.0000> <PB=-798.99999> 
<DWph=0> <it=  3> <et=6.54> <Mt= 0.00> <Spt= 0.00> <nCl=  0> <DB= -800.0000> <Mlp= -800.0000> <PB=-798.99999> 
ColGenEvalAlg final dual bound: -800 (rounded: -800)
Gap improvement since the last cut separation : 1.13686e-13 (-800)
----- Add fac. cuts : sep. took 0.07 sec.----- no cuts found  -----
-----------------------------------------------------------------------
BaPCod info : now we run the root node with rank-1 cuts with arc memory
-----------------------------------------------------------------------
<DWph=2> <it=  1> <et=6.64> <Mt= 0.01> <Spt= 0.00> <nCl=  0> <DB= -800.0000> <Mlp= -800.0000> <PB=-798.99999> 
<DWph=1> <it=  2> <et=6.64> <Mt= 0.00> <Spt= 0.00> <nCl=  0> <DB= -800.0000> <Mlp= -800.0000> <PB=-798.99999> 
<DWph=0> <it=  3> <et=6.64> <Mt= 0.00> <Spt= 0.00> <nCl=  0> <DB= -800.0000> <Mlp= -800.0000> <PB=-798.99999> 
ColGenEvalAlg final dual bound: -800 (rounded: -800)
----- Add fac. cuts : R1C(152), max.viol = 0.467, aver.viol = 0.228135, sep/add took 0/0.02 sec. -----
1360 columns (839 active), 454 dyn. constrs. (152 active), 605 art. vars. (303 active)
<DWph=2> <it= 10> <et=6.77> <Mt= 0.04> <Spt= 0.06> <nCl= 98> <DB= -804.4773> <Mlp= -792.1152> <PB=-798.99999> 
<DWph=2> <it= 20> <et=6.86> <Mt= 0.04> <Spt= 0.05> <nCl= 93> <DB= -800.7012> <Mlp= -797.6399> <PB=-798.99999> 
<DWph=2> <it= 30> <et=6.95> <Mt= 0.02> <Spt= 0.05> <nCl= 54> <DB= -800.0429> <Mlp= -798.7258> <PB=-798.99999> 
<DWph=2> <it= 40> <et=7.03> <Mt= 0.02> <Spt= 0.06> <nCl= 31> <DB= -800.0144> <Mlp= -799.2965> <PB=-798.99999> 
<DWph=2> <it= 48> <et=7.11> <Mt= 0.02> <Spt= 0.06> <nCl= 13> <DB= -799.4118> <Mlp= -799.4118> <PB=-798.99999> 
<DWph=1> <it= 50> <et=7.15> <Mt= 0.00> <Spt= 0.03> <nCl= 13> <DB= -807.7390> <Mlp= -799.4536> <PB=-798.99999> 
<DWph=1> <it= 59> <et=7.33> <Mt= 0.03> <Spt= 0.15> <nCl= 30> <DB= -801.9259> <Mlp= -800.0000> <PB=-798.99999> 
ColGenEvalAlg final dual bound: -800 (rounded: -800)
Gap improvement since the last cut separation : 0 (-800)
----- Add fac. cuts : R1C(180), max.viol = 0.416667, aver.viol = 0.199537, sep/add took 0.01/0.04 sec. -----
1927 columns (1406 active), 634 dyn. constrs. (332 active), 785 art. vars. (483 active)
<DWph=2> <it=  1> <et=7.40> <Mt= 0.00> <Spt= 0.00> <nCl=  0> <DB= -800.0000> <Mlp= -800.0000> <PB=-798.99999> 
<DWph=1> <it=  2> <et=7.40> <Mt= 0.00> <Spt= 0.00> <nCl=  0> <DB= -800.0000> <Mlp= -800.0000> <PB=-798.99999> 
<DWph=0> <it=  3> <et=7.40> <Mt= 0.00> <Spt= 0.00> <nCl=  0> <DB= -800.0000> <Mlp= -800.0000> <PB=-798.99999> 
ColGenEvalAlg final dual bound: -800 (rounded: -800)
Gap improvement since the last cut separation : 0 (-800)
----- Add fac. cuts : sep. took 0.06 sec.----- no cuts found  -----
-----------------------------------------------------------------------
Node memory is preferred (score = 1.44693)
-----------------------------------------------------------------------
----------- Diving heuristic started -----------
<DWph=2> <it=  1> <et=7.52> <Mt= 0.01> <Spt= 0.00> <nCl=  0> <DB= -800.0000> <Mlp= -800.0000> <PB=-798.99999> 
<DWph=1> <it=  2> <et=7.52> <Mt= 0.00> <Spt= 0.00> <nCl=  0> <DB= -800.0000> <Mlp= -800.0000> <PB=-798.99999> 
---- Diving heuristic node with dive number = 0, fix depth = 1 and tabu list size = 0
Fixed projected solution = [t_2_2_2_2_OspV=1, x_2_2_26_2_OspV=1, x_2_3_19_2_OspV=1, x_2_7_17_2_OspV=1, x_2_7_23_2_OspV=1, x_2_8_10_2_OspV=1, x_2_8_31_2_OspV=1, x_2_10_30_2_OspV=1, x_2_17_31_2_OspV=1, x_2_19_24_2_OspV=1, x_2_20_23_2_OspV=1, x_2_20_24_2_OspV=1, x_2_26_30_2_OspV=1, y_2_3_2_2_OspV=1]
<DWph=2> <it= 10> <et=7.65> <Mt= 0.06> <Spt= 0.04> <nCl= 73> <DB= -949.1326> <Mlp= -602.5000> <PB=-798.99999> 
<DWph=2> <it= 20> <et=7.72> <Mt= 0.03> <Spt= 0.04> <nCl= 40> <DB= -787.4795> <Mlp= -705.2000> <PB=-798.99999> 
<DWph=2> <it= 30> <et=7.80> <Mt= 0.03> <Spt= 0.04> <nCl= 29> <DB= -766.3883> <Mlp= -720.0000> <PB=-798.99999> 
<DWph=2> <it= 40> <et=7.88> <Mt= 0.03> <Spt= 0.04> <nCl= 26> <DB= -743.6366> <Mlp= -721.1236> <PB=-798.99999> 
<DWph=2> <it= 50> <et=7.94> <Mt= 0.02> <Spt= 0.03> <nCl= 14> <DB= -731.7094> <Mlp= -721.4286> <PB=-798.99999> 
<DWph=2> <it= 60> <et=8.00> <Mt= 0.02> <Spt= 0.04> <nCl= 22> <DB= -735.0269> <Mlp= -721.7647> <PB=-798.99999> 
<DWph=2> <it= 70> <et=8.08> <Mt= 0.02> <Spt= 0.05> <nCl= 18> <DB= -722.3361> <Mlp= -722.0000> <PB=-798.99999> 
<DWph=2> <it= 71> <et=8.09> <Mt= 0.00> <Spt= 0.00> <nCl=  0> <DB= -722.0000> <Mlp= -722.0000> <PB=-798.99999> 
<DWph=1> <it= 80> <et=8.23> <Mt= 0.05> <Spt= 0.09> <nCl= 18> <DB= -726.7925> <Mlp= -725.0000> <PB=-798.99999> 
<DWph=1> <it= 89> <et=8.37> <Mt= 0.03> <Spt= 0.10> <nCl= 13> <DB= -725.6835> <Mlp= -726.0000> <PB=-798.99999> 
---- Diving heuristic node with dive number = 1, fix depth = 1 and tabu list size = 1
Fixed projected solution = [t_1_3_1_1_OspV=1, x_1_1_27_1_OspV=1, x_1_3_18_1_OspV=1, x_1_6_7_1_OspV=1, x_1_6_23_1_OspV=1, x_1_7_17_1_OspV=1, x_1_8_10_1_OspV=1, x_1_8_31_1_OspV=1, x_1_10_25_1_OspV=1, x_1_17_31_1_OspV=1, x_1_18_19_1_OspV=1, x_1_19_24_1_OspV=1, x_1_20_23_1_OspV=1, x_1_20_24_1_OspV=1, x_1_25_27_1_OspV=1, y_1_1_1_1_OspV=1]
<DWph=2> <it= 10> <et=8.50> <Mt= 0.05> <Spt= 0.05> <nCl= 79> <DB= -899.1569> <Mlp= -782.7273> <PB=-798.99999> 
<DWph=2> <it= 13> <et=8.52> <Mt= 0.01> <Spt= 0.00> <nCl= 14> <DB= -815.8499> <Mlp= -800.0000> <PB=-800> 
New model incumbent solution -800, TIME = 0h0m8s52t = 852
************************************************************************************************
Search is finished, global bounds : [ -800 , -800 ], TIME = 0h0m8s52t = 852
************************************************************************************************
[32mBaPCod : solution defined.[00m
statistics_cols: instance & :Optimal & cutoff & :bcRecRootDb & :bcTimeRootEval & :bcCountNodeProc & :bcRecBestDb & :bcRecBestInc & :bcTimeMain \\
statistics: T3-100-2-3 & 1 & -798.99999 & -800.00 & 7.48 & 1 & -800.00 & -800 & 8.52 \\
########################################################
trip 1 : 1 27 25 10 8 31 17 7 6 23 20 24 19 18 3 
trip 2 : 3 16 9 5 11 34 15 14 22 4 
trip 3 : 4 21 13 12 28 33 32 29 35 26 30 2 
tour : 1 27 25 10 8 31 17 7 6 23 20 24 19 18 3 16 9 5 11 34 15 14 22 4 21 13 12 28 33 32 29 35 26 30 2
Cost 800.0
########################################################
