Application parameters:
  batch  =>  nothing
  tikz  =>  "/TIKZ/T3-75-2-3.tex"
  instance  =>  "/IN/T3-75-2-3.ophs"
  out  =>  "/OUT/T3-75-2-3.sol"
  nosolve  =>  false
  ub  =>  -670
  complete  =>  false
  cfg  =>  "/BWTSP/src/../config/OPHS.cfg"
VRPSolver warning: Interval set for resource 1 on source node (when source != sink) is ignored (by definition is [0.0,0.0])
VRPSolver warning: Interval set for resource 1 on source node (when source != sink) is ignored (by definition is [0.0,0.0])
VRPSolver warning: Interval set for resource 1 on source node (when source != sink) is ignored (by definition is [0.0,0.0])
[41m solve [00m
~~~~~~~~~~~~~~~~~~~~~~~~~~~~~~~~~~~~~~~~~~~~~~~~~~~~~~~~~~~~~~~~~~~~~~~~~~~~~~
VRPSolver v0.4.1, 24/03/2021. Web: vrpsolver.math.u-bordeaux.fr
Corresponds to the solver by Pessoa, Sadykov, Uchoa and Vanderbeck (2020)
Paper: dx.doi.org/10.1007/s10107-020-01523-z
USE THIS CODE ONLY FOR ACADEMIC PURPOSES AT YOUR OWN RISK
~~~~~~~~~~~~~~~~~~~~~~~~~~~~~~~~~~~~~~~~~~~~~~~~~~~~~~~~~~~~~~~~~~~~~~~~~~~~~~
BaPCod v053, 24/03/2021, © Inria Bordeaux, France
~~~~~~~~~~~~~~~~~~~~~~~~~~~~~~~~~~~~~~~~~~~~~~~~~~~~~~~~~~~~~~~~~~~~~~~~~~~~~~
VRPSolver parameters:
GlobalTimeLimit = 18000
MaxNbOfBBtreeNodeTreated = 100000
treeSearchStrategy = 1
RCSPstopCutGenTimeThresholdInPricing = 10
RCSPhardTimeThresholdInPricing = 25
RCSPnumberOfBucketsPerVertex = 25
RCSPdynamicBucketSteps = 1
RCSPuseBidirectionalSearch = 2
RCSPapplyReducedCostFixing = 1
RCSPredCostFixingFalseGap = 0
RCSPmaxNumOfColsPerIteration = 30
RCSPmaxNumOfColsPerExactIteration = 150
RCSPheurLabelingStrategy = 0
StabilizationMinPhaseOfStage = 0
RCSPmaxNumOfLabelsInEnumeration = 500000
RCSPmaxNumOfEnumeratedSolutions = 5000000
RCSPmaxNumOfEnumSolutionsForMIP = 10000
RCSPinitNGneighbourhoodSize = 8
RCSPmaxNGneighbourhoodSize = 8
RCSPrankOneCutsMaxNumPerRound = 100
RCSPrankOneCutsMaxNumRows = 5
RCSPrankOneCutsMemoryType = 0
CutTailingOffThreshold = 0.015
CutTailingOffCounterThreshold = 3
SafeDualBoundScaleFactor = -1
StrongBranchingPhaseOneCandidatesNumber = 100
StrongBranchingPhaseOneTreeSizeEstimRatio = 0.2
StrongBranchingPhaseTwoCandidatesNumber = 3
StrongBranchingPhaseTwoTreeSizeEstimRatio = 0.02
MaxTimeForRestrictedMasterIpHeur = -1
DivingHeurUseDepthLimit = 0
MaxLDSbreadth = 1
MaxLDSdepth = 10000
New model incumbent solution -669, TIME = 0h0m0s2t = 2
Model is built TIME = 0h0m0s80t = 80
************************************************************************************************
**** BaB tree root node
**** Local DB = -1e+12, global bounds : [ -1e+12 , -669 ], TIME = 0h0m0s80t = 80
**** 1 open nodes, 0 columns (0 active), 0 dyn. constrs. (0 active), 151 art. vars. (151 active)
************************************************************************************************
--------------------------------------------------------------------------
BaPCod info : first we run the root node with rank-1 cuts with node memory
--------------------------------------------------------------------------
<DWph=2> <it= 10> <et=0.83> <Mt= 0.00> <Spt= 0.02> <nCl= 92> <DB= -813.6425> <Mlp= -628.8889> <PB=-668.99999> 
<DWph=2> <it= 20> <et=0.86> <Mt= 0.00> <Spt= 0.03> <nCl= 70> <DB= -670.3261> <Mlp= -660.0000> <PB=-668.99999> 
<DWph=2> <it= 24> <et=0.88> <Mt= 0.00> <Spt= 0.01> <nCl= 19> <DB= -691.3103> <Mlp= -670.0000> <PB=-670> 
<DWph=1> <it= 30> <et=0.94> <Mt= 0.01> <Spt= 0.05> <nCl= 28> <DB= -673.5823> <Mlp= -670.0000> <PB=-670> 
<DWph=1> <it= 34> <et=0.98> <Mt= 0.00> <Spt= 0.05> <nCl=  7> <DB= -669.5950> <Mlp= -670.0000> <PB=-670> 
<DWph=0> <it= 37> <et=1.09> <Mt= 0.00> <Spt= 0.10> <nCl= 24> <DB= -670.0000> <Mlp= -670.0000> <PB=-670> 
ColGenEvalAlg final dual bound: -670 (rounded: -670)
New model incumbent solution -670, TIME = 0h0m1s9t = 109
************************************************************************************************
Search is finished, global bounds : [ -670 , -670 ], TIME = 0h0m1s10t = 110
************************************************************************************************
[32mBaPCod : solution defined.[00m
statistics_cols: instance & :Optimal & cutoff & :bcRecRootDb & :bcTimeRootEval & :bcCountNodeProc & :bcRecBestDb & :bcRecBestInc & :bcTimeMain \\
statistics: T3-75-2-3 & 1 & -668.99999 & -670.00 & 1.09 & 1 & -670.00 & -670 & 1.10 \\
########################################################
trip 1 : 1 28 12 13 33 32 15 34 3 
trip 2 : 3 11 5 9 6 16 18 19 24 4 
trip 3 : 4 20 23 7 31 17 8 10 25 27 30 26 2 
tour : 1 28 12 13 33 32 15 34 3 11 5 9 6 16 18 19 24 4 20 23 7 31 17 8 10 25 27 30 26 2
Cost 670.0
########################################################
