Application parameters:
  batch  =>  nothing
  tikz  =>  "/TIKZ/T3-85-2-3.tex"
  instance  =>  "/IN/T3-85-2-3.ophs"
  out  =>  "/OUT/T3-85-2-3.sol"
  nosolve  =>  false
  ub  =>  -740
  complete  =>  false
  cfg  =>  "/BWTSP/src/../config/OPHS.cfg"
VRPSolver warning: Interval set for resource 1 on source node (when source != sink) is ignored (by definition is [0.0,0.0])
VRPSolver warning: Interval set for resource 1 on source node (when source != sink) is ignored (by definition is [0.0,0.0])
VRPSolver warning: Interval set for resource 1 on source node (when source != sink) is ignored (by definition is [0.0,0.0])
[41m solve [00m
~~~~~~~~~~~~~~~~~~~~~~~~~~~~~~~~~~~~~~~~~~~~~~~~~~~~~~~~~~~~~~~~~~~~~~~~~~~~~~
VRPSolver v0.4.1, 24/03/2021. Web: vrpsolver.math.u-bordeaux.fr
Corresponds to the solver by Pessoa, Sadykov, Uchoa and Vanderbeck (2020)
Paper: dx.doi.org/10.1007/s10107-020-01523-z
USE THIS CODE ONLY FOR ACADEMIC PURPOSES AT YOUR OWN RISK
~~~~~~~~~~~~~~~~~~~~~~~~~~~~~~~~~~~~~~~~~~~~~~~~~~~~~~~~~~~~~~~~~~~~~~~~~~~~~~
BaPCod v053, 24/03/2021, © Inria Bordeaux, France
~~~~~~~~~~~~~~~~~~~~~~~~~~~~~~~~~~~~~~~~~~~~~~~~~~~~~~~~~~~~~~~~~~~~~~~~~~~~~~
VRPSolver parameters:
GlobalTimeLimit = 18000
MaxNbOfBBtreeNodeTreated = 100000
treeSearchStrategy = 1
RCSPstopCutGenTimeThresholdInPricing = 10
RCSPhardTimeThresholdInPricing = 25
RCSPnumberOfBucketsPerVertex = 25
RCSPdynamicBucketSteps = 1
RCSPuseBidirectionalSearch = 2
RCSPapplyReducedCostFixing = 1
RCSPredCostFixingFalseGap = 0
RCSPmaxNumOfColsPerIteration = 30
RCSPmaxNumOfColsPerExactIteration = 150
RCSPheurLabelingStrategy = 0
StabilizationMinPhaseOfStage = 0
RCSPmaxNumOfLabelsInEnumeration = 500000
RCSPmaxNumOfEnumeratedSolutions = 5000000
RCSPmaxNumOfEnumSolutionsForMIP = 10000
RCSPinitNGneighbourhoodSize = 8
RCSPmaxNGneighbourhoodSize = 8
RCSPrankOneCutsMaxNumPerRound = 100
RCSPrankOneCutsMaxNumRows = 5
RCSPrankOneCutsMemoryType = 0
CutTailingOffThreshold = 0.015
CutTailingOffCounterThreshold = 3
SafeDualBoundScaleFactor = -1
StrongBranchingPhaseOneCandidatesNumber = 100
StrongBranchingPhaseOneTreeSizeEstimRatio = 0.2
StrongBranchingPhaseTwoCandidatesNumber = 3
StrongBranchingPhaseTwoTreeSizeEstimRatio = 0.02
MaxTimeForRestrictedMasterIpHeur = -1
DivingHeurUseDepthLimit = 0
MaxLDSbreadth = 1
MaxLDSdepth = 10000
New model incumbent solution -739, TIME = 0h0m0s2t = 2
Model is built TIME = 0h0m0s80t = 80
************************************************************************************************
**** BaB tree root node
**** Local DB = -1e+12, global bounds : [ -1e+12 , -739 ], TIME = 0h0m0s80t = 80
**** 1 open nodes, 0 columns (0 active), 0 dyn. constrs. (0 active), 151 art. vars. (151 active)
************************************************************************************************
--------------------------------------------------------------------------
BaPCod info : first we run the root node with rank-1 cuts with node memory
--------------------------------------------------------------------------
<DWph=2> <it= 10> <et=0.84> <Mt= 0.00> <Spt= 0.02> <nCl=106> <DB= -797.5862> <Mlp= -688.9655> <PB=-738.99999> 
<DWph=2> <it= 20> <et=0.87> <Mt= 0.00> <Spt= 0.03> <nCl= 87> <DB= -733.4593> <Mlp= -722.0847> <PB=-738.99999> 
<DWph=2> <it= 25> <et=0.89> <Mt= 0.01> <Spt= 0.02> <nCl= 20> <DB= -726.6822> <Mlp= -726.6822> <PB=-738.99999> 
<DWph=1> <it= 30> <et=0.96> <Mt= 0.00> <Spt= 0.06> <nCl= 21> <DB= -729.8456> <Mlp= -728.2353> <PB=-738.99999> 
<DWph=1> <it= 34> <et=1.03> <Mt= 0.00> <Spt= 0.07> <nCl=  3> <DB= -728.2353> <Mlp= -728.2353> <PB=-738.99999> 
<DWph=0> <it= 38> <et=1.20> <Mt= 0.00> <Spt= 0.17> <nCl=182> <DB= -740.0000> <Mlp= -740.0000> <PB=-740> 
ColGenEvalAlg final dual bound: -740 (rounded: -740)
New model incumbent solution -740, TIME = 0h0m1s21t = 121
************************************************************************************************
Search is finished, global bounds : [ -740 , -740 ], TIME = 0h0m1s21t = 121
************************************************************************************************
[32mBaPCod : solution defined.[00m
statistics_cols: instance & :Optimal & cutoff & :bcRecRootDb & :bcTimeRootEval & :bcCountNodeProc & :bcRecBestDb & :bcRecBestInc & :bcTimeMain \\
statistics: T3-85-2-3 & 1 & -738.99999 & -740.00 & 1.21 & 1 & -740.00 & -740 & 1.21 \\
########################################################
trip 1 : 1 27 28 12 13 21 22 3 
trip 2 : 3 14 33 29 32 15 34 11 5 9 6 16 18 4 
trip 3 : 4 19 20 23 7 17 31 8 10 25 30 26 2 
tour : 1 27 28 12 13 21 22 3 14 33 29 32 15 34 11 5 9 6 16 18 4 19 20 23 7 17 31 8 10 25 30 26 2
Cost 740.0
########################################################
