Application parameters:
  batch  =>  nothing
  tikz  =>  "/TIKZ/T3-80-2-3.tex"
  instance  =>  "/IN/T3-80-2-3.ophs"
  out  =>  "/OUT/T3-80-2-3.sol"
  nosolve  =>  false
  ub  =>  -710
  complete  =>  false
  cfg  =>  "/BWTSP/src/../config/OPHS.cfg"
VRPSolver warning: Interval set for resource 1 on source node (when source != sink) is ignored (by definition is [0.0,0.0])
VRPSolver warning: Interval set for resource 1 on source node (when source != sink) is ignored (by definition is [0.0,0.0])
VRPSolver warning: Interval set for resource 1 on source node (when source != sink) is ignored (by definition is [0.0,0.0])
[41m solve [00m
~~~~~~~~~~~~~~~~~~~~~~~~~~~~~~~~~~~~~~~~~~~~~~~~~~~~~~~~~~~~~~~~~~~~~~~~~~~~~~
VRPSolver v0.4.1, 24/03/2021. Web: vrpsolver.math.u-bordeaux.fr
Corresponds to the solver by Pessoa, Sadykov, Uchoa and Vanderbeck (2020)
Paper: dx.doi.org/10.1007/s10107-020-01523-z
USE THIS CODE ONLY FOR ACADEMIC PURPOSES AT YOUR OWN RISK
~~~~~~~~~~~~~~~~~~~~~~~~~~~~~~~~~~~~~~~~~~~~~~~~~~~~~~~~~~~~~~~~~~~~~~~~~~~~~~
BaPCod v053, 24/03/2021, © Inria Bordeaux, France
~~~~~~~~~~~~~~~~~~~~~~~~~~~~~~~~~~~~~~~~~~~~~~~~~~~~~~~~~~~~~~~~~~~~~~~~~~~~~~
VRPSolver parameters:
GlobalTimeLimit = 18000
MaxNbOfBBtreeNodeTreated = 100000
treeSearchStrategy = 1
RCSPstopCutGenTimeThresholdInPricing = 10
RCSPhardTimeThresholdInPricing = 25
RCSPnumberOfBucketsPerVertex = 25
RCSPdynamicBucketSteps = 1
RCSPuseBidirectionalSearch = 2
RCSPapplyReducedCostFixing = 1
RCSPredCostFixingFalseGap = 0
RCSPmaxNumOfColsPerIteration = 30
RCSPmaxNumOfColsPerExactIteration = 150
RCSPheurLabelingStrategy = 0
StabilizationMinPhaseOfStage = 0
RCSPmaxNumOfLabelsInEnumeration = 500000
RCSPmaxNumOfEnumeratedSolutions = 5000000
RCSPmaxNumOfEnumSolutionsForMIP = 10000
RCSPinitNGneighbourhoodSize = 8
RCSPmaxNGneighbourhoodSize = 8
RCSPrankOneCutsMaxNumPerRound = 100
RCSPrankOneCutsMaxNumRows = 5
RCSPrankOneCutsMemoryType = 0
CutTailingOffThreshold = 0.015
CutTailingOffCounterThreshold = 3
SafeDualBoundScaleFactor = -1
StrongBranchingPhaseOneCandidatesNumber = 100
StrongBranchingPhaseOneTreeSizeEstimRatio = 0.2
StrongBranchingPhaseTwoCandidatesNumber = 3
StrongBranchingPhaseTwoTreeSizeEstimRatio = 0.02
MaxTimeForRestrictedMasterIpHeur = -1
DivingHeurUseDepthLimit = 0
MaxLDSbreadth = 1
MaxLDSdepth = 10000
New model incumbent solution -709, TIME = 0h0m0s2t = 2
Model is built TIME = 0h0m0s82t = 82
************************************************************************************************
**** BaB tree root node
**** Local DB = -1e+12, global bounds : [ -1e+12 , -709 ], TIME = 0h0m0s82t = 82
**** 1 open nodes, 0 columns (0 active), 0 dyn. constrs. (0 active), 151 art. vars. (151 active)
************************************************************************************************
--------------------------------------------------------------------------
BaPCod info : first we run the root node with rank-1 cuts with node memory
--------------------------------------------------------------------------
<DWph=2> <it= 10> <et=0.85> <Mt= 0.00> <Spt= 0.02> <nCl= 98> <DB= -845.5152> <Mlp= -648.0769> <PB=-708.99999> 
<DWph=2> <it= 20> <et=0.88> <Mt= 0.00> <Spt= 0.03> <nCl= 80> <DB= -720.0803> <Mlp= -710.0000> <PB=-710> 
<DWph=2> <it= 29> <et=0.92> <Mt= 0.01> <Spt= 0.03> <nCl= 23> <DB= -710.3125> <Mlp= -710.3125> <PB=-710> 
<DWph=1> <it= 30> <et=0.93> <Mt= 0.00> <Spt= 0.01> <nCl=  6> <DB= -724.6875> <Mlp= -710.3125> <PB=-710> 
<DWph=1> <it= 34> <et=0.98> <Mt= 0.00> <Spt= 0.05> <nCl= 13> <DB= -710.4651> <Mlp= -710.4651> <PB=-710> 
<DWph=0> <it= 37> <et=1.10> <Mt= 0.00> <Spt= 0.11> <nCl= 58> <DB= -710.8000> <Mlp= -710.8000> <PB=-710> 
ColGenEvalAlg final dual bound: -710.8 (rounded: -710)
New model incumbent solution -710, TIME = 0h0m1s10t = 110
************************************************************************************************
Search is finished, global bounds : [ -710 , -710 ], TIME = 0h0m1s10t = 110
************************************************************************************************
[32mBaPCod : solution defined.[00m
statistics_cols: instance & :Optimal & cutoff & :bcRecRootDb & :bcTimeRootEval & :bcCountNodeProc & :bcRecBestDb & :bcRecBestInc & :bcTimeMain \\
statistics: T3-80-2-3 & 1 & -708.99999 & -710.00 & 1.10 & 1 & -710.00 & -710 & 1.10 \\
########################################################
trip 1 : 1 27 25 10 8 31 17 7 23 20 19 18 16 3 
trip 2 : 3 6 9 5 11 34 15 32 33 14 4 
trip 3 : 4 22 21 13 12 28 2 
tour : 1 27 25 10 8 31 17 7 23 20 19 18 16 3 6 9 5 11 34 15 32 33 14 4 22 21 13 12 28 2
Cost 710.0
########################################################
