Application parameters:
  batch  =>  nothing
  tikz  =>  "/TIKZ/T3-90-2-3.tex"
  instance  =>  "/IN/T3-90-2-3.ophs"
  out  =>  "/OUT/T3-90-2-3.sol"
  nosolve  =>  false
  ub  =>  -770
  complete  =>  false
  cfg  =>  "/BWTSP/src/../config/OPHS.cfg"
VRPSolver warning: Interval set for resource 1 on source node (when source != sink) is ignored (by definition is [0.0,0.0])
VRPSolver warning: Interval set for resource 1 on source node (when source != sink) is ignored (by definition is [0.0,0.0])
VRPSolver warning: Interval set for resource 1 on source node (when source != sink) is ignored (by definition is [0.0,0.0])
[41m solve [00m
~~~~~~~~~~~~~~~~~~~~~~~~~~~~~~~~~~~~~~~~~~~~~~~~~~~~~~~~~~~~~~~~~~~~~~~~~~~~~~
VRPSolver v0.4.1, 24/03/2021. Web: vrpsolver.math.u-bordeaux.fr
Corresponds to the solver by Pessoa, Sadykov, Uchoa and Vanderbeck (2020)
Paper: dx.doi.org/10.1007/s10107-020-01523-z
USE THIS CODE ONLY FOR ACADEMIC PURPOSES AT YOUR OWN RISK
~~~~~~~~~~~~~~~~~~~~~~~~~~~~~~~~~~~~~~~~~~~~~~~~~~~~~~~~~~~~~~~~~~~~~~~~~~~~~~
BaPCod v053, 24/03/2021, © Inria Bordeaux, France
~~~~~~~~~~~~~~~~~~~~~~~~~~~~~~~~~~~~~~~~~~~~~~~~~~~~~~~~~~~~~~~~~~~~~~~~~~~~~~
VRPSolver parameters:
GlobalTimeLimit = 18000
MaxNbOfBBtreeNodeTreated = 100000
treeSearchStrategy = 1
RCSPstopCutGenTimeThresholdInPricing = 10
RCSPhardTimeThresholdInPricing = 25
RCSPnumberOfBucketsPerVertex = 25
RCSPdynamicBucketSteps = 1
RCSPuseBidirectionalSearch = 2
RCSPapplyReducedCostFixing = 1
RCSPredCostFixingFalseGap = 0
RCSPmaxNumOfColsPerIteration = 30
RCSPmaxNumOfColsPerExactIteration = 150
RCSPheurLabelingStrategy = 0
StabilizationMinPhaseOfStage = 0
RCSPmaxNumOfLabelsInEnumeration = 500000
RCSPmaxNumOfEnumeratedSolutions = 5000000
RCSPmaxNumOfEnumSolutionsForMIP = 10000
RCSPinitNGneighbourhoodSize = 8
RCSPmaxNGneighbourhoodSize = 8
RCSPrankOneCutsMaxNumPerRound = 100
RCSPrankOneCutsMaxNumRows = 5
RCSPrankOneCutsMemoryType = 0
CutTailingOffThreshold = 0.015
CutTailingOffCounterThreshold = 3
SafeDualBoundScaleFactor = -1
StrongBranchingPhaseOneCandidatesNumber = 100
StrongBranchingPhaseOneTreeSizeEstimRatio = 0.2
StrongBranchingPhaseTwoCandidatesNumber = 3
StrongBranchingPhaseTwoTreeSizeEstimRatio = 0.02
MaxTimeForRestrictedMasterIpHeur = -1
DivingHeurUseDepthLimit = 0
MaxLDSbreadth = 1
MaxLDSdepth = 10000
New model incumbent solution -769, TIME = 0h0m0s2t = 2
Model is built TIME = 0h0m0s80t = 80
************************************************************************************************
**** BaB tree root node
**** Local DB = -1e+12, global bounds : [ -1e+12 , -769 ], TIME = 0h0m0s80t = 80
**** 1 open nodes, 0 columns (0 active), 0 dyn. constrs. (0 active), 151 art. vars. (151 active)
************************************************************************************************
--------------------------------------------------------------------------
BaPCod info : first we run the root node with rank-1 cuts with node memory
--------------------------------------------------------------------------
<DWph=2> <it= 10> <et=0.84> <Mt= 0.00> <Spt= 0.02> <nCl=113> <DB= -846.4124> <Mlp= -740.2825> <PB=-768.99999> 
<DWph=2> <it= 20> <et=0.87> <Mt= 0.00> <Spt= 0.03> <nCl= 88> <DB= -773.2178> <Mlp= -758.5167> <PB=-768.99999> 
<DWph=2> <it= 30> <et=0.90> <Mt= 0.01> <Spt= 0.03> <nCl= 32> <DB= -770.9312> <Mlp= -763.8650> <PB=-768.99999> 
<DWph=2> <it= 34> <et=0.92> <Mt= 0.00> <Spt= 0.02> <nCl=  8> <DB= -764.1826> <Mlp= -764.1826> <PB=-768.99999> 
<DWph=1> <it= 40> <et=1.00> <Mt= 0.00> <Spt= 0.07> <nCl= 37> <DB= -775.3607> <Mlp= -770.0000> <PB=-770> 
<DWph=1> <it= 50> <et=1.15> <Mt= 0.01> <Spt= 0.15> <nCl= 28> <DB= -771.8779> <Mlp= -770.0000> <PB=-770> 
<DWph=1> <it= 51> <et=1.18> <Mt= 0.00> <Spt= 0.02> <nCl=  0> <DB= -770.0000> <Mlp= -770.0000> <PB=-770> 
<DWph=0> <it= 54> <et=1.34> <Mt= 0.00> <Spt= 0.16> <nCl= 43> <DB= -770.0000> <Mlp= -770.0000> <PB=-770> 
ColGenEvalAlg final dual bound: -770 (rounded: -770)
New model incumbent solution -770, TIME = 0h0m1s35t = 135
************************************************************************************************
Search is finished, global bounds : [ -770 , -770 ], TIME = 0h0m1s35t = 135
************************************************************************************************
[32mBaPCod : solution defined.[00m
statistics_cols: instance & :Optimal & cutoff & :bcRecRootDb & :bcTimeRootEval & :bcCountNodeProc & :bcRecBestDb & :bcRecBestInc & :bcTimeMain \\
statistics: T3-90-2-3 & 1 & -768.99999 & -770.00 & 1.35 & 1 & -770.00 & -770 & 1.35 \\
########################################################
trip 1 : 1 27 25 10 8 31 17 7 23 20 24 19 18 3 
trip 2 : 3 16 6 9 5 11 34 15 14 22 21 4 
trip 3 : 4 13 12 33 32 29 35 2 
tour : 1 27 25 10 8 31 17 7 23 20 24 19 18 3 16 6 9 5 11 34 15 14 22 21 4 13 12 33 32 29 35 2
Cost 770.0
########################################################
