Application parameters:
  batch  =>  nothing
  tikz  =>  "/TIKZ/T3-95-2-3.tex"
  instance  =>  "/IN/T3-95-2-3.ophs"
  out  =>  "/OUT/T3-95-2-3.sol"
  nosolve  =>  false
  ub  =>  -790
  complete  =>  false
  cfg  =>  "/BWTSP/src/../config/OPHS.cfg"
VRPSolver warning: Interval set for resource 1 on source node (when source != sink) is ignored (by definition is [0.0,0.0])
VRPSolver warning: Interval set for resource 1 on source node (when source != sink) is ignored (by definition is [0.0,0.0])
VRPSolver warning: Interval set for resource 1 on source node (when source != sink) is ignored (by definition is [0.0,0.0])
[41m solve [00m
~~~~~~~~~~~~~~~~~~~~~~~~~~~~~~~~~~~~~~~~~~~~~~~~~~~~~~~~~~~~~~~~~~~~~~~~~~~~~~
VRPSolver v0.4.1, 24/03/2021. Web: vrpsolver.math.u-bordeaux.fr
Corresponds to the solver by Pessoa, Sadykov, Uchoa and Vanderbeck (2020)
Paper: dx.doi.org/10.1007/s10107-020-01523-z
USE THIS CODE ONLY FOR ACADEMIC PURPOSES AT YOUR OWN RISK
~~~~~~~~~~~~~~~~~~~~~~~~~~~~~~~~~~~~~~~~~~~~~~~~~~~~~~~~~~~~~~~~~~~~~~~~~~~~~~
BaPCod v053, 24/03/2021, © Inria Bordeaux, France
~~~~~~~~~~~~~~~~~~~~~~~~~~~~~~~~~~~~~~~~~~~~~~~~~~~~~~~~~~~~~~~~~~~~~~~~~~~~~~
VRPSolver parameters:
GlobalTimeLimit = 18000
MaxNbOfBBtreeNodeTreated = 100000
treeSearchStrategy = 1
RCSPstopCutGenTimeThresholdInPricing = 10
RCSPhardTimeThresholdInPricing = 25
RCSPnumberOfBucketsPerVertex = 25
RCSPdynamicBucketSteps = 1
RCSPuseBidirectionalSearch = 2
RCSPapplyReducedCostFixing = 1
RCSPredCostFixingFalseGap = 0
RCSPmaxNumOfColsPerIteration = 30
RCSPmaxNumOfColsPerExactIteration = 150
RCSPheurLabelingStrategy = 0
StabilizationMinPhaseOfStage = 0
RCSPmaxNumOfLabelsInEnumeration = 500000
RCSPmaxNumOfEnumeratedSolutions = 5000000
RCSPmaxNumOfEnumSolutionsForMIP = 10000
RCSPinitNGneighbourhoodSize = 8
RCSPmaxNGneighbourhoodSize = 8
RCSPrankOneCutsMaxNumPerRound = 100
RCSPrankOneCutsMaxNumRows = 5
RCSPrankOneCutsMemoryType = 0
CutTailingOffThreshold = 0.015
CutTailingOffCounterThreshold = 3
SafeDualBoundScaleFactor = -1
StrongBranchingPhaseOneCandidatesNumber = 100
StrongBranchingPhaseOneTreeSizeEstimRatio = 0.2
StrongBranchingPhaseTwoCandidatesNumber = 3
StrongBranchingPhaseTwoTreeSizeEstimRatio = 0.02
MaxTimeForRestrictedMasterIpHeur = -1
DivingHeurUseDepthLimit = 0
MaxLDSbreadth = 1
MaxLDSdepth = 10000
New model incumbent solution -789, TIME = 0h0m0s2t = 2
Model is built TIME = 0h0m0s80t = 80
************************************************************************************************
**** BaB tree root node
**** Local DB = -1e+12, global bounds : [ -1e+12 , -789 ], TIME = 0h0m0s80t = 80
**** 1 open nodes, 0 columns (0 active), 0 dyn. constrs. (0 active), 151 art. vars. (151 active)
************************************************************************************************
--------------------------------------------------------------------------
BaPCod info : first we run the root node with rank-1 cuts with node memory
--------------------------------------------------------------------------
<DWph=2> <it= 10> <et=0.84> <Mt= 0.00> <Spt= 0.02> <nCl=104> <DB= -891.7383> <Mlp= -732.9262> <PB=-788.99999> 
<DWph=2> <it= 20> <et=0.87> <Mt= 0.00> <Spt= 0.03> <nCl= 99> <DB= -795.5468> <Mlp= -773.2682> <PB=-788.99999> 
<DWph=2> <it= 29> <et=0.91> <Mt= 0.01> <Spt= 0.03> <nCl= 35> <DB= -779.6383> <Mlp= -779.8496> <PB=-788.99999> 
<DWph=1> <it= 30> <et=0.92> <Mt= 0.00> <Spt= 0.01> <nCl=  5> <DB= -803.6017> <Mlp= -779.8496> <PB=-788.99999> 
<DWph=1> <it= 40> <et=1.07> <Mt= 0.01> <Spt= 0.14> <nCl= 48> <DB= -798.3283> <Mlp= -790.0000> <PB=-790> 
<DWph=1> <it= 50> <et=1.25> <Mt= 0.00> <Spt= 0.18> <nCl= 27> <DB= -790.4146> <Mlp= -790.0000> <PB=-790> 
<DWph=1> <it= 53> <et=1.31> <Mt= 0.00> <Spt= 0.06> <nCl=  2> <DB= -790.0000> <Mlp= -790.0000> <PB=-790> 
<DWph=0> <it= 56> <et=1.44> <Mt= 0.00> <Spt= 0.12> <nCl= 30> <DB= -790.4056> <Mlp= -790.0000> <PB=-790> 
ColGenEvalAlg final dual bound: -790.406 (rounded: -790)
New model incumbent solution -790, TIME = 0h0m1s44t = 144
************************************************************************************************
Search is finished, global bounds : [ -790 , -790 ], TIME = 0h0m1s44t = 144
************************************************************************************************
[32mBaPCod : solution defined.[00m
statistics_cols: instance & :Optimal & cutoff & :bcRecRootDb & :bcTimeRootEval & :bcCountNodeProc & :bcRecBestDb & :bcRecBestInc & :bcTimeMain \\
statistics: T3-95-2-3 & 1 & -788.99999 & -790.00 & 1.44 & 1 & -790.00 & -790 & 1.44 \\
########################################################
trip 1 : 1 27 25 10 8 31 17 7 6 23 20 24 19 3 
trip 2 : 3 18 16 9 5 11 34 15 14 22 4 
trip 3 : 4 21 13 12 33 32 29 35 26 30 2 
tour : 1 27 25 10 8 31 17 7 6 23 20 24 19 3 18 16 9 5 11 34 15 14 22 4 21 13 12 33 32 29 35 26 30 2
Cost 790.0
########################################################
