Application parameters:
  batch  =>  nothing
  tikz  =>  nothing
  instance  =>  "/IN/h10_c50_l150_05.txt"
  out  =>  nothing
  nosolve  =>  false
  ub  =>  684.5
  qvalue  =>  8
  cfg  =>  "/BWTSP/src/../config/TSPHS.cfg"
  sol  =>  nothing
########################################################
VRPSolver warning: Interval set for resource 1 on source node (when source != sink) is ignored (by definition is [0.0,0.0])
[41m solve [00m
~~~~~~~~~~~~~~~~~~~~~~~~~~~~~~~~~~~~~~~~~~~~~~~~~~~~~~~~~~~~~~~~~~~~~~~~~~~~~~
VRPSolver v0.4.1, 24/03/2021. Web: vrpsolver.math.u-bordeaux.fr
Corresponds to the solver by Pessoa, Sadykov, Uchoa and Vanderbeck (2020)
Paper: dx.doi.org/10.1007/s10107-020-01523-z
USE THIS CODE ONLY FOR ACADEMIC PURPOSES AT YOUR OWN RISK
~~~~~~~~~~~~~~~~~~~~~~~~~~~~~~~~~~~~~~~~~~~~~~~~~~~~~~~~~~~~~~~~~~~~~~~~~~~~~~
BaPCod v053, 24/03/2021, © Inria Bordeaux, France
~~~~~~~~~~~~~~~~~~~~~~~~~~~~~~~~~~~~~~~~~~~~~~~~~~~~~~~~~~~~~~~~~~~~~~~~~~~~~~
VRPSolver parameters:
GlobalTimeLimit = 21474836
MaxNbOfBBtreeNodeTreated = 100000
treeSearchStrategy = 1
RCSPstopCutGenTimeThresholdInPricing = 10
RCSPhardTimeThresholdInPricing = 25
RCSPnumberOfBucketsPerVertex = 25
RCSPdynamicBucketSteps = 1
RCSPuseBidirectionalSearch = 2
RCSPapplyReducedCostFixing = 1
RCSPredCostFixingFalseGap = 0
RCSPmaxNumOfColsPerIteration = 30
RCSPmaxNumOfColsPerExactIteration = 150
RCSPheurLabelingStrategy = 0
StabilizationMinPhaseOfStage = 0
RCSPmaxNumOfLabelsInEnumeration = 0
RCSPmaxNumOfEnumeratedSolutions = 0
RCSPmaxNumOfEnumSolutionsForMIP = 0
RCSPinitNGneighbourhoodSize = 12
RCSPmaxNGneighbourhoodSize = 12
RCSPrankOneCutsMaxNumPerRound = 100
RCSPrankOneCutsMaxNumRows = 5
RCSPrankOneCutsMemoryType = 1
CutTailingOffThreshold = 0.015
CutTailingOffCounterThreshold = 3
SafeDualBoundScaleFactor = -1
StrongBranchingPhaseOneCandidatesNumber = 100
StrongBranchingPhaseOneTreeSizeEstimRatio = 0.2
StrongBranchingPhaseTwoCandidatesNumber = 5
StrongBranchingPhaseTwoTreeSizeEstimRatio = 0.02
MaxTimeForRestrictedMasterIpHeur = -1
DivingHeurUseDepthLimit = -1
MaxLDSbreadth = 0
MaxLDSdepth = 0
New model incumbent solution 684.6, TIME = 0h0m0s2t = 2
Model is built TIME = 0h0m0s97t = 97
************************************************************************************************
**** BaB tree root node
**** Local DB = -1e+12, global bounds : [ -1e+12 , 684.6 ], TIME = 0h0m0s97t = 97
**** 1 open nodes, 0 columns (0 active), 0 dyn. constrs. (0 active), 123 art. vars. (123 active)
************************************************************************************************
<DWph=2> <it= 10> <et=1.00> <Mt= 0.00> <Spt= 0.02> <nCl=100> <DB=-216623.9077> <Mlp=45906.3059> <PB=684.6> 
<DWph=2> <it= 20> <et=1.02> <Mt= 0.00> <Spt= 0.02> <nCl= 87> <DB=-22516.7708> <Mlp= 2310.5836> <PB=684.6> 
<DWph=2> <it= 30> <et=1.06> <Mt= 0.01> <Spt= 0.03> <nCl= 87> <DB=  521.7363> <Mlp=  627.0559> <PB=684.6> 
<DWph=2> <it= 40> <et=1.08> <Mt= 0.01> <Spt= 0.02> <nCl= 59> <DB=  582.0777> <Mlp=  606.9648> <PB=684.6> 
<DWph=2> <it= 50> <et=1.11> <Mt= 0.00> <Spt= 0.02> <nCl= 12> <DB=  606.1323> <Mlp=  606.1323> <PB=684.6> 
<DWph=1> <it= 57> <et=1.15> <Mt= 0.00> <Spt= 0.04> <nCl= 14> <DB=  605.1086> <Mlp=  605.1086> <PB=684.6> 
<DWph=0> <it= 59> <et=1.17> <Mt= 0.00> <Spt= 0.01> <nCl=  3> <DB=  605.0721> <Mlp=  605.0721> <PB=684.6> 
Reduced cost fixing for graph G_1... took 0.05 sec., 28447 buck. arcs remain (75.2% from prev., 21.1% from max.)
ColGenEvalAlg final dual bound: 605.072 (rounded: 605.072)
>>>>> Add min cuts : 7 cut(s) added
----- Add fac. cuts : UserCuts0(7), max.viol = 1.40357, aver.viol = 0.728061, sep/add took 0.67/0 sec. -----
470 columns (470 active), 7 dyn. constrs. (7 active), 137 art. vars. (137 active)
<DWph=2> <it=  9> <et=1.94> <Mt= 0.01> <Spt= 0.03> <nCl= 24> <DB=  610.8341> <Mlp=  610.8341> <PB=684.6> 
<DWph=1> <it= 10> <et=1.94> <Mt= 0.00> <Spt= 0.00> <nCl=  3> <DB=  591.5198> <Mlp=  610.8341> <PB=684.6> 
<DWph=1> <it= 12> <et=1.95> <Mt= 0.00> <Spt= 0.01> <nCl=  2> <DB=  610.6743> <Mlp=  610.6743> <PB=684.6> 
<DWph=0> <it= 13> <et=1.96> <Mt= 0.00> <Spt= 0.01> <nCl=  0> <DB=  610.6743> <Mlp=  610.6743> <PB=684.6> 
ColGenEvalAlg final dual bound: 610.674 (rounded: 610.674)
>>>>> Add min cuts : 8 cut(s) added
----- Add fac. cuts : UserCuts0(8), max.viol = 1.11429, aver.viol = 0.582738, sep/add took 0.01/0 sec. -----
528 columns (528 active), 15 dyn. constrs. (11 active), 153 art. vars. (145 active)
<DWph=2> <it= 10> <et=2.02> <Mt= 0.01> <Spt= 0.03> <nCl= 31> <DB=  623.8978> <Mlp=  623.8978> <PB=684.6> 
<DWph=1> <it= 13> <et=2.03> <Mt= 0.00> <Spt= 0.02> <nCl=  4> <DB=  623.8599> <Mlp=  623.8599> <PB=684.6> 
<DWph=0> <it= 14> <et=2.04> <Mt= 0.00> <Spt= 0.00> <nCl=  0> <DB=  623.8599> <Mlp=  623.8599> <PB=684.6> 
Reduced cost fixing for graph G_1... took 0.04 sec., 26326 buck. arcs remain (92.5% from prev., 19.5% from max.)
ColGenEvalAlg final dual bound: 623.86 (rounded: 623.86)
>>>>> Add min cuts : 3 cut(s) added
----- Add fac. cuts : UserCuts0(3), max.viol = 1, aver.viol = 0.534628, sep/add took 0/0 sec. -----
599 columns (599 active), 14 dyn. constrs. (8 active), 159 art. vars. (139 active)
<DWph=2> <it=  8> <et=2.13> <Mt= 0.00> <Spt= 0.03> <nCl= 16> <DB=  627.1480> <Mlp=  627.1480> <PB=684.6> 
<DWph=1> <it= 10> <et=2.14> <Mt= 0.00> <Spt= 0.01> <nCl=  3> <DB=  625.8395> <Mlp=  627.0193> <PB=684.6> 
<DWph=1> <it= 11> <et=2.15> <Mt= 0.01> <Spt= 0.00> <nCl=  0> <DB=  627.0192> <Mlp=  627.0192> <PB=684.6> 
<DWph=0> <it= 13> <et=2.16> <Mt= 0.00> <Spt= 0.02> <nCl=  4> <DB=  626.9586> <Mlp=  626.9586> <PB=684.6> 
ColGenEvalAlg final dual bound: 626.959 (rounded: 626.959)
Gap improvement since the last cut separation : 0.0510155 (623.86)
>>>>> Add min cuts : 5 cut(s) added
----- Add fac. cuts : UserCuts0(5), max.viol = 0.67094, aver.viol = 0.518974, sep/add took 0.01/0 sec. -----
666 columns (666 active), 13 dyn. constrs. (11 active), 169 art. vars. (145 active)
<DWph=2> <it=  8> <et=2.22> <Mt= 0.00> <Spt= 0.03> <nCl= 26> <DB=  631.7597> <Mlp=  631.7597> <PB=684.6> 
<DWph=1> <it= 10> <et=2.23> <Mt= 0.00> <Spt= 0.01> <nCl=  4> <DB=  631.7582> <Mlp=  631.7582> <PB=684.6> 
<DWph=0> <it= 12> <et=2.24> <Mt= 0.00> <Spt= 0.01> <nCl=  4> <DB=  631.7399> <Mlp=  631.7399> <PB=684.6> 
Reduced cost fixing for graph G_1... took 0.04 sec., 24730 buck. arcs remain (93.9% from prev., 18.3% from max.)
ColGenEvalAlg final dual bound: 631.74 (rounded: 631.74)
Gap improvement since the last cut separation : 0.0829498 (626.959)
>>>>> Add min cuts : 8 cut(s) added
----- Add fac. cuts : UserCuts0(8), max.viol = 0.620418, aver.viol = 0.349362, sep/add took 0.01/0 sec. -----
747 columns (747 active), 19 dyn. constrs. (15 active), 185 art. vars. (153 active)
<DWph=2> <it=  4> <et=2.32> <Mt= 0.01> <Spt= 0.02> <nCl=  4> <DB=  632.5625> <Mlp=  632.5625> <PB=684.6> 
<DWph=1> <it=  6> <et=2.33> <Mt= 0.00> <Spt= 0.01> <nCl=  2> <DB=  632.5625> <Mlp=  632.5625> <PB=684.6> 
<DWph=0> <it=  7> <et=2.35> <Mt= 0.00> <Spt= 0.01> <nCl=  0> <DB=  632.5625> <Mlp=  632.5625> <PB=684.6> 
ColGenEvalAlg final dual bound: 632.562 (rounded: 632.562)
Gap improvement since the last cut separation : 0.0155613 (631.74)
>>>>> Add min cuts : 3 cut(s) added
----- Add fac. cuts : UserCuts0(3), max.viol = 0.6, aver.viol = 0.333333, sep/add took 0/0 sec. -----
768 columns (768 active), 18 dyn. constrs. (13 active), 191 art. vars. (149 active)
<DWph=2> <it=  5> <et=2.38> <Mt= 0.00> <Spt= 0.02> <nCl=  9> <DB=  633.5373> <Mlp=  633.5373> <PB=684.6> 
<DWph=1> <it=  6> <et=2.39> <Mt= 0.01> <Spt= 0.01> <nCl=  0> <DB=  633.5373> <Mlp=  633.5373> <PB=684.6> 
<DWph=0> <it=  7> <et=2.40> <Mt= 0.00> <Spt= 0.01> <nCl=  0> <DB=  633.5373> <Mlp=  633.5373> <PB=684.6> 
ColGenEvalAlg final dual bound: 633.537 (rounded: 633.537)
Gap improvement since the last cut separation : 0.0187332 (632.562)
>>>>> Add min cuts : 6 cut(s) added
----- Add fac. cuts : UserCuts0(6), max.viol = 0.0202703, aver.viol = 0.0185811, sep/add took 0/0 sec. -----
795 columns (795 active), 19 dyn. constrs. (17 active), 203 art. vars. (157 active)
<DWph=2> <it=  1> <et=2.42> <Mt= 0.00> <Spt= 0.00> <nCl=  0> <DB=  633.5375> <Mlp=  633.5375> <PB=684.6> 
<DWph=1> <it=  2> <et=2.42> <Mt= 0.00> <Spt= 0.01> <nCl=  0> <DB=  633.5375> <Mlp=  633.5375> <PB=684.6> 
<DWph=0> <it=  3> <et=2.43> <Mt= 0.00> <Spt= 0.01> <nCl=  0> <DB=  633.5375> <Mlp=  633.5375> <PB=684.6> 
ColGenEvalAlg final dual bound: 633.537 (rounded: 633.537)
Gap improvement since the last cut separation : 3.30807e-06 (633.537)
----- Add fac. cuts : R1C(150), max.viol = 0.5, aver.viol = 0.244667, sep/add took 0/0.02 sec. -----
795 columns (795 active), 167 dyn. constrs. (162 active), 353 art. vars. (297 active)
<DWph=2> <it= 10> <et=2.54> <Mt= 0.03> <Spt= 0.04> <nCl= 59> <DB=  631.8260> <Mlp=  641.4260> <PB=684.6> 
<DWph=2> <it= 11> <et=2.55> <Mt= 0.00> <Spt= 0.01> <nCl=  0> <DB=  641.4260> <Mlp=  641.4260> <PB=684.6> 
<DWph=1> <it= 16> <et=2.58> <Mt= 0.00> <Spt= 0.02> <nCl=  8> <DB=  641.3296> <Mlp=  641.3296> <PB=684.6> 
<DWph=0> <it= 20> <et=2.63> <Mt= 0.01> <Spt= 0.05> <nCl= 30> <DB=  641.0485> <Mlp=  641.0485> <PB=684.6> 
Reduced cost fixing for graph G_1... took 0.05 sec., 22637 buck. arcs remain (91.5% from prev., 16.8% from max.)
ColGenEvalAlg final dual bound: 641.049 (rounded: 641.049)
Gap improvement since the last cut separation : 0.147095 (633.538)
>>>>> Add min cuts : 9 cut(s) added
----- Add fac. cuts : R1C(151) UserCuts0(9), max.viol = 0.395539, aver.viol = 0.188608, sep/add took 0.01/0.02 sec. -----
957 columns (957 active), 322 dyn. constrs. (198 active), 522 art. vars. (340 active)
<DWph=2> <it= 10> <et=2.82> <Mt= 0.05> <Spt= 0.04> <nCl= 36> <DB=  601.1944> <Mlp=  649.0792> <PB=684.6> 
<DWph=2> <it= 19> <et=2.89> <Mt= 0.01> <Spt= 0.04> <nCl= 14> <DB=  648.5884> <Mlp=  648.5884> <PB=684.6> 
<DWph=1> <it= 20> <et=2.89> <Mt= 0.00> <Spt= 0.01> <nCl=  6> <DB=  612.9482> <Mlp=  648.5884> <PB=684.6> 
<DWph=1> <it= 27> <et=2.96> <Mt= 0.02> <Spt= 0.04> <nCl= 27> <DB=  647.6110> <Mlp=  647.6110> <PB=684.6> 
<DWph=0> <it= 30> <et=3.00> <Mt= 0.01> <Spt= 0.04> <nCl= 54> <DB=  645.4081> <Mlp=  647.1560> <PB=684.6> 
<DWph=0> <it= 31> <et=3.02> <Mt= 0.00> <Spt= 0.02> <nCl=  0> <DB=  647.1560> <Mlp=  647.1560> <PB=684.6> 
Reduced cost fixing for graph G_1... took 0.07 sec., 19897 buck. arcs remain (87.9% from prev., 14.8% from max.)
ColGenEvalAlg final dual bound: 647.156 (rounded: 647.156)
Gap improvement since the last cut separation : 0.140236 (641.049)
>>>>> Add min cuts : 1 cut(s) added
----- Add fac. cuts : R1C(151) UserCuts0(1), max.viol = 0.557647, aver.viol = 0.191489, sep/add took 0.01/0.03 sec. -----
1175 columns (1175 active), 350 dyn. constrs. (202 active), 675 art. vars. (336 active)
<DWph=2> <it=  6> <et=3.20> <Mt= 0.03> <Spt= 0.03> <nCl= 12> <DB=  649.7291> <Mlp=  649.7291> <PB=684.6> 
<DWph=1> <it= 10> <et=3.24> <Mt= 0.00> <Spt= 0.02> <nCl=  9> <DB=  642.1329> <Mlp=  649.7283> <PB=684.6> 
<DWph=1> <it= 11> <et=3.25> <Mt= 0.00> <Spt= 0.01> <nCl=  0> <DB=  649.7283> <Mlp=  649.7283> <PB=684.6> 
<DWph=0> <it= 14> <et=3.30> <Mt= 0.01> <Spt= 0.04> <nCl= 44> <DB=  649.5882> <Mlp=  649.5882> <PB=684.6> 
ColGenEvalAlg final dual bound: 649.588 (rounded: 649.588)
Gap improvement since the last cut separation : 0.0649567 (647.156)
>>>>> Add min cuts : 3 cut(s) added
----- Add fac. cuts : R1C(151) UserCuts0(3), max.viol = 0.366744, aver.viol = 0.152557, sep/add took 0.01/0.03 sec. -----
1278 columns (1278 active), 356 dyn. constrs. (218 active), 832 art. vars. (354 active)
<DWph=2> <it= 10> <et=3.49> <Mt= 0.08> <Spt= 0.06> <nCl= 27> <DB=  653.0096> <Mlp=  653.4448> <PB=684.6> 
<DWph=2> <it= 11> <et=3.50> <Mt= 0.00> <Spt= 0.01> <nCl=  0> <DB=  653.4448> <Mlp=  653.4448> <PB=684.6> 
<DWph=1> <it= 18> <et=3.56> <Mt= 0.01> <Spt= 0.05> <nCl= 18> <DB=  652.9395> <Mlp=  652.9395> <PB=684.6> 
<DWph=0> <it= 20> <et=3.60> <Mt= 0.01> <Spt= 0.02> <nCl= 31> <DB=  648.2998> <Mlp=  652.8013> <PB=684.6> 
<DWph=0> <it= 21> <et=3.62> <Mt= 0.00> <Spt= 0.02> <nCl=  0> <DB=  652.8013> <Mlp=  652.8013> <PB=684.6> 
Reduced cost fixing for graph G_1... took 0.08 sec., 17362 buck. arcs remain (87.3% from prev., 12.9% from max.)
ColGenEvalAlg final dual bound: 652.801 (rounded: 652.801)
Gap improvement since the last cut separation : 0.0917714 (649.588)
----- Add fac. cuts : R1C(151), max.viol = 0.236507, aver.viol = 0.0970751, sep/add took 0.01/0.04 sec. -----
1404 columns (1404 active), 369 dyn. constrs. (227 active), 983 art. vars. (360 active)
<DWph=2> <it= 10> <et=3.92> <Mt= 0.09> <Spt= 0.06> <nCl= 36> <DB=  655.7116> <Mlp=  656.1757> <PB=684.6> 
<DWph=2> <it= 15> <et=3.95> <Mt= 0.01> <Spt= 0.02> <nCl=  5> <DB=  656.1450> <Mlp=  656.1450> <PB=684.6> 
<DWph=1> <it= 20> <et=4.01> <Mt= 0.02> <Spt= 0.03> <nCl= 30> <DB=  628.3904> <Mlp=  655.6166> <PB=684.6> 
<DWph=1> <it= 29> <et=4.09> <Mt= 0.02> <Spt= 0.06> <nCl= 15> <DB=  655.4155> <Mlp=  655.4155> <PB=684.6> 
<DWph=0> <it= 30> <et=4.11> <Mt= 0.01> <Spt= 0.02> <nCl= 46> <DB=  637.4714> <Mlp=  655.4155> <PB=684.6> 
<DWph=0> <it= 33> <et=4.18> <Mt= 0.01> <Spt= 0.05> <nCl= 12> <DB=  655.3470> <Mlp=  655.3470> <PB=684.6> 
ColGenEvalAlg final dual bound: 655.347 (rounded: 655.347)
Gap improvement since the last cut separation : 0.080056 (652.801)
>>>>> Add min cuts : 1 cut(s) added
----- Add fac. cuts : R1C(268) UserCuts0(1), max.viol = 0.301381, aver.viol = 0.153667, sep/add took 0.62/0.1 sec. -----
1610 columns (1610 active), 496 dyn. constrs. (352 active), 1253 art. vars. (485 active)
<DWph=2> <it=  7> <et=5.11> <Mt= 0.15> <Spt= 0.05> <nCl= 22> <DB=  657.5463> <Mlp=  657.5463> <PB=684.6> 
<DWph=1> <it= 10> <et=5.19> <Mt= 0.06> <Spt= 0.02> <nCl= 19> <DB=  642.4219> <Mlp=  657.4012> <PB=684.6> 
<DWph=1> <it= 17> <et=5.28> <Mt= 0.02> <Spt= 0.06> <nCl= 15> <DB=  657.3233> <Mlp=  657.3233> <PB=684.6> 
<DWph=0> <it= 20> <et=5.41> <Mt= 0.05> <Spt= 0.09> <nCl=212> <DB=  648.4808> <Mlp=  657.1664> <PB=684.6> 
<DWph=0> <it= 23> <et=5.47> <Mt= 0.00> <Spt= 0.05> <nCl= 12> <DB=  657.1664> <Mlp=  657.1664> <PB=684.6> 
Reduced cost fixing for graph G_1... took 0.12 sec., 15705 buck. arcs remain (90.5% from prev., 11.7% from max.)
ColGenEvalAlg final dual bound: 657.166 (rounded: 657.166)
Gap improvement since the last cut separation : 0.0621939 (655.347)
>>>>> Add min cuts : 2 cut(s) added
----- Add fac. cuts : R1C(273) UserCuts0(2), max.viol = 0.335121, aver.viol = 0.140644, sep/add took 0.38/0.11 sec. -----
1943 columns (1943 active), 627 dyn. constrs. (359 active), 1530 art. vars. (494 active)
<DWph=2> <it=  4> <et=6.22> <Mt= 0.08> <Spt= 0.03> <nCl=  8> <DB=  658.5906> <Mlp=  658.5906> <PB=684.6> 
<DWph=1> <it=  8> <et=6.27> <Mt= 0.02> <Spt= 0.04> <nCl= 11> <DB=  658.5490> <Mlp=  658.5490> <PB=684.6> 
<DWph=0> <it= 10> <et=6.33> <Mt= 0.01> <Spt= 0.04> <nCl= 38> <DB=  647.9281> <Mlp=  658.4153> <PB=684.6> 
<DWph=0> <it= 12> <et=6.37> <Mt= 0.01> <Spt= 0.03> <nCl=  2> <DB=  658.4093> <Mlp=  658.4093> <PB=684.6> 
ColGenEvalAlg final dual bound: 658.409 (rounded: 658.409)
Gap improvement since the last cut separation : 0.0453068 (657.166)
>>>>> Add min cuts : 3 cut(s) added
----- Add fac. cuts : R1C(343) UserCuts0(3), max.viol = 0.204953, aver.viol = 0.103883, sep/add took 0.57/0.14 sec. -----
2030 columns (2030 active), 705 dyn. constrs. (435 active), 1879 art. vars. (571 active)
<DWph=2> <it=  5> <et=7.27> <Mt= 0.10> <Spt= 0.05> <nCl= 10> <DB=  659.9579> <Mlp=  659.9579> <PB=684.6> 
<DWph=1> <it=  8> <et=7.32> <Mt= 0.03> <Spt= 0.03> <nCl=  7> <DB=  659.9252> <Mlp=  659.9252> <PB=684.6> 
<DWph=0> <it= 10> <et=7.41> <Mt= 0.04> <Spt= 0.05> <nCl= 60> <DB=  650.4896> <Mlp=  659.8257> <PB=684.6> 
<DWph=0> <it= 13> <et=7.50> <Mt= 0.01> <Spt= 0.07> <nCl= 10> <DB=  659.8234> <Mlp=  659.8234> <PB=684.6> 
ColGenEvalAlg final dual bound: 659.823 (rounded: 659.823)
Gap improvement since the last cut separation : 0.0539938 (658.409)
>>>>> Add min cuts : 1 cut(s) added
----- Add fac. cuts : R1C(275) UserCuts0(1), max.viol = 0.301481, aver.viol = 0.110653, sep/add took 0.73/0.12 sec. -----
2151 columns (2151 active), 711 dyn. constrs. (385 active), 2156 art. vars. (520 active)
<DWph=2> <it=  6> <et=8.57> <Mt= 0.12> <Spt= 0.05> <nCl= 13> <DB=  661.0591> <Mlp=  661.0591> <PB=684.6> 
<DWph=1> <it= 10> <et=8.64> <Mt= 0.04> <Spt= 0.04> <nCl=  9> <DB=  659.8866> <Mlp=  660.9660> <PB=684.6> 
<DWph=1> <it= 11> <et=8.66> <Mt= 0.00> <Spt= 0.01> <nCl=  0> <DB=  660.9659> <Mlp=  660.9659> <PB=684.6> 
<DWph=0> <it= 16> <et=8.86> <Mt= 0.06> <Spt= 0.14> <nCl=104> <DB=  660.7795> <Mlp=  660.7795> <PB=684.6> 
Reduced cost fixing for graph G_1... took 0.2 sec., 14730 buck. arcs remain (93.8% from prev., 10.9% from max.)
ColGenEvalAlg final dual bound: 660.78 (rounded: 660.78)
Gap improvement since the last cut separation : 0.038589 (659.823)
----- Add fac. cuts : R1C(302), max.viol = 0.271123, aver.viol = 0.0855041, sep/add took 0.7/0.15 sec. -----
2300 columns (2300 active), 687 dyn. constrs. (426 active), 2458 art. vars. (559 active)
<DWph=2> <it=  7> <et=10.20> <Mt= 0.19> <Spt= 0.06> <nCl= 10> <DB=  661.8997> <Mlp=  661.8997> <PB=684.6> 
<DWph=1> <it= 10> <et=10.24> <Mt= 0.01> <Spt= 0.03> <nCl=  6> <DB=  659.8305> <Mlp=  661.8994> <PB=684.6> 
<DWph=1> <it= 12> <et=10.27> <Mt= 0.01> <Spt= 0.02> <nCl=  2> <DB=  661.8994> <Mlp=  661.8994> <PB=684.6> 
<DWph=0> <it= 16> <et=10.41> <Mt= 0.03> <Spt= 0.10> <nCl= 26> <DB=  661.8630> <Mlp=  661.8630> <PB=684.6> 
ColGenEvalAlg final dual bound: 661.863 (rounded: 661.863)
Gap improvement since the last cut separation : 0.0454838 (660.78)
>>>>> Add min cuts : 1 cut(s) added
----- Add fac. cuts : R1C(214) UserCuts0(1), max.viol = 0.262449, aver.viol = 0.0867327, sep/add took 0.61/0.11 sec. -----
2385 columns (2385 active), 641 dyn. constrs. (352 active), 2674 art. vars. (486 active)
<DWph=2> <it=  5> <et=11.32> <Mt= 0.11> <Spt= 0.05> <nCl=  6> <DB=  662.5951> <Mlp=  662.5951> <PB=684.6> 
<DWph=1> <it= 10> <et=11.43> <Mt= 0.05> <Spt= 0.05> <nCl= 14> <DB=  662.5367> <Mlp=  662.5367> <PB=684.6> 
<DWph=0> <it= 15> <et=11.60> <Mt= 0.04> <Spt= 0.13> <nCl= 58> <DB=  662.5016> <Mlp=  662.5016> <PB=684.6> 
ColGenEvalAlg final dual bound: 662.502 (rounded: 662.502)
Gap improvement since the last cut separation : 0.0280878 (661.863)
>>>>> Add min cuts : 5 cut(s) added
----- Add fac. cuts : R1C(262) UserCuts0(5), max.viol = 0.161396, aver.viol = 0.0619386, sep/add took 0.7/0.13 sec. -----
2501 columns (2501 active), 619 dyn. constrs. (397 active), 2946 art. vars. (535 active)
<DWph=2> <it=  4> <et=12.65> <Mt= 0.14> <Spt= 0.04> <nCl=  8> <DB=  663.1576> <Mlp=  663.1576> <PB=684.6> 
<DWph=1> <it=  7> <et=12.70> <Mt= 0.01> <Spt= 0.04> <nCl=  2> <DB=  663.1420> <Mlp=  663.1420> <PB=684.6> 
<DWph=0> <it= 10> <et=12.84> <Mt= 0.04> <Spt= 0.10> <nCl= 68> <DB=  663.0738> <Mlp=  663.0738> <PB=684.6> 
ColGenEvalAlg final dual bound: 663.074 (rounded: 663.074)
Gap improvement since the last cut separation : 0.0258914 (662.502)
----- Add fac. cuts : R1C(206), max.viol = 0.16964, aver.viol = 0.0553249, sep/add took 0.8/0.11 sec. -----
2601 columns (2601 active), 603 dyn. constrs. (347 active), 3152 art. vars. (482 active)
<DWph=2> <it=  4> <et=13.98> <Mt= 0.14> <Spt= 0.04> <nCl=  5> <DB=  663.5286> <Mlp=  663.5286> <PB=684.6> 
<DWph=1> <it=  9> <et=14.08> <Mt= 0.04> <Spt= 0.06> <nCl= 12> <DB=  663.5044> <Mlp=  663.5044> <PB=684.6> 
<DWph=0> <it= 10> <et=14.11> <Mt= 0.00> <Spt= 0.03> <nCl= 54> <DB=  648.5688> <Mlp=  663.5044> <PB=684.6> 
<DWph=0> <it= 14> <et=14.27> <Mt= 0.04> <Spt= 0.11> <nCl= 11> <DB=  663.4830> <Mlp=  663.4830> <PB=684.6> 
Reduced cost fixing for graph G_1... took 0.27 sec., 13789 buck. arcs remain (93.6% from prev., 10.2% from max.)
ColGenEvalAlg final dual bound: 663.483 (rounded: 663.483)
Gap improvement since the last cut separation : 0.019009 (663.074)
>>>>> Add min cuts : 1 cut(s) added
----- Add fac. cuts : R1C(137) UserCuts0(1), max.viol = 0.109032, aver.viol = 0.0344209, sep/add took 0.75/0.09 sec. -----
2708 columns (2708 active), 485 dyn. constrs. (287 active), 3291 art. vars. (423 active)
<DWph=2> <it=  4> <et=15.61> <Mt= 0.14> <Spt= 0.04> <nCl=  5> <DB=  663.6795> <Mlp=  663.6795> <PB=684.6> 
<DWph=1> <it=  9> <et=15.69> <Mt= 0.04> <Spt= 0.06> <nCl=  9> <DB=  663.6786> <Mlp=  663.6786> <PB=684.6> 
<DWph=0> <it= 10> <et=15.73> <Mt= 0.00> <Spt= 0.03> <nCl= 67> <DB=  647.5126> <Mlp=  663.6786> <PB=684.6> 
<DWph=0> <it= 12> <et=15.85> <Mt= 0.05> <Spt= 0.07> <nCl= 17> <DB=  663.6616> <Mlp=  663.6616> <PB=684.6> 
ColGenEvalAlg final dual bound: 663.662 (rounded: 663.662)
Gap improvement since the last cut separation : 0.0084594 (663.483)
>>>>> Add min cuts : 2 cut(s) added
----- Add fac. cuts : R1C(59) UserCuts0(2), max.viol = 0.0980494, aver.viol = 0.0297409, sep/add took 0.7/0.04 sec. -----
2825 columns (2825 active), 348 dyn. constrs. (210 active), 3354 art. vars. (348 active)
<DWph=2> <it=  2> <et=16.74> <Mt= 0.08> <Spt= 0.03> <nCl=  2> <DB=  663.7465> <Mlp=  663.7465> <PB=684.6> 
<DWph=1> <it=  3> <et=16.77> <Mt= 0.00> <Spt= 0.02> <nCl=  0> <DB=  663.7465> <Mlp=  663.7465> <PB=684.6> 
<DWph=0> <it=  6> <et=16.86> <Mt= 0.02> <Spt= 0.07> <nCl= 28> <DB=  663.7367> <Mlp=  663.7367> <PB=684.6> 
ColGenEvalAlg final dual bound: 663.737 (rounded: 663.737)
Gap improvement since the last cut separation : 0.00358632 (663.662)
>>>>> Add min cuts : 2 cut(s) added
----- Add fac. cuts : R1C(10) UserCuts0(2), max.viol = 0.0339988, aver.viol = 0.0251509, sep/add took 0.9/0.01 sec. -----
2859 columns (2859 active), 222 dyn. constrs. (166 active), 3368 art. vars. (305 active)
<DWph=2> <it=  1> <et=17.87> <Mt= 0.06> <Spt= 0.01> <nCl=  0> <DB=  663.7831> <Mlp=  663.7831> <PB=684.6> 
<DWph=1> <it=  4> <et=17.92> <Mt= 0.01> <Spt= 0.04> <nCl=  2> <DB=  663.7831> <Mlp=  663.7831> <PB=684.6> 
<DWph=0> <it=  6> <et=18.00> <Mt= 0.01> <Spt= 0.07> <nCl= 13> <DB=  663.7793> <Mlp=  663.7793> <PB=684.6> 
ColGenEvalAlg final dual bound: 663.779 (rounded: 663.779)
Gap improvement since the last cut separation : 0.00204067 (663.737)
----- Cut generation is stopped due to tailing off -----
**** Strong branching phase 1 is started *****
SB phase 1 cand.  1 branch on var b_1_3_1_OspV (lhs=1.4987)    : [  671.1460,   673.5942], score = 72.30      <et=18.34>
SB phase 1 cand.  2 branch on var b_1_10_1_OspV (lhs=0.7075)   : [  665.1336,   671.0401], score = 9.83      <et=18.6>
SB phase 1 cand.  3 branch on var b_1_8_1_OspV (lhs=0.8356)    : [  665.4902,  1466.3606], score = 35.62      <et=18.93>
**** Strong branching phase 2 is started *****
<DWph=1> <it= 10> <et=39.47> <Mt= 0.13> <Spt= 0.11> <nCl= 25> <DB=  671.4008> <Mlp=  671.4008> <PB=684.6> 
<DWph=1> <it= 13> <et=39.78> <Mt= 0.15> <Spt= 0.12> <nCl= 22> <DB=  669.4079> <Mlp=  669.4079> <PB=684.6> 
SB phase 2 cand.  1 branch on var b_1_3_1_OspV (lhs=1.4987)    : [  669.4079,   671.4008], score = 42.90      <et=39.78>
<DWph=1> <it= 24> <et=40.15> <Mt= 0.17> <Spt= 0.19> <nCl= 87> <DB= 1172.0999> <Mlp= 1172.0999> <PB=684.6> 
<DWph=1> <it=  8> <et=40.28> <Mt= 0.04> <Spt= 0.09> <nCl= 13> <DB=  665.4485> <Mlp=  665.4485> <PB=684.6> 
SB phase 2 cand.  2 branch on var b_1_8_1_OspV (lhs=0.8356)    : [  665.4485, 1000000000000.0000], score = 1669232.64      <et=40.29>
<DWph=1> <it= 10> <et=40.49> <Mt= 0.09> <Spt= 0.09> <nCl= 21> <DB=  670.1171> <Mlp=  670.1171> <PB=684.6> 
<DWph=1> <it=  3> <et=40.55> <Mt= 0.01> <Spt= 0.04> <nCl=  1> <DB=  665.1320> <Mlp=  665.1320> <PB=684.6> 
SB phase 2 cand.  3 branch on var b_1_10_1_OspV (lhs=0.7075)   : [  665.1320,   670.1171], score = 8.57      <et=40.55>
<DWph=1> <it= 10> <et=40.70> <Mt= 0.04> <Spt= 0.09> <nCl= 17> <DB=  667.3326> <Mlp=  667.3326> <PB=684.6> 
<DWph=1> <it= 10> <et=40.89> <Mt= 0.07> <Spt= 0.11> <nCl= 15> <DB=  665.1920> <Mlp=  665.1920> <PB=684.6> 
SB phase 2 cand.  4 branch on var x_1_8_31_1_OspV (lhs=0.6245) : [  665.1920,   667.3326], score = 5.02      <et=40.9>
<DWph=1> <it=  5> <et=40.98> <Mt= 0.02> <Spt= 0.06> <nCl=  7> <DB=  667.0313> <Mlp=  667.0313> <PB=684.6> 
<DWph=1> <it= 13> <et=41.38> <Mt= 0.25> <Spt= 0.13> <nCl= 29> <DB=  664.6333> <Mlp=  664.6333> <PB=684.6> 
SB phase 2 cand.  5 branch on var x_1_17_53_1_OspV (lhs=0.8356): [  664.6333,   667.0313], score = 2.78      <et=41.38>
**** Strong branching phase 3 is started *****
**** SB phase 3 evaluation of candidate 1, branch 1 ( b_1_8_1_OspV <= 0 ), value = 1e+12
<DWph=2> <it=  2> <et=41.42> <Mt= 0.00> <Spt= 0.01> <nCl=  1> <DB= 1171.8609> <Mlp= 1171.8609> <PB=684.6> 
<DWph=1> <it=  3> <et=41.44> <Mt= 0.00> <Spt= 0.02> <nCl=  0> <DB= 1171.8609> <Mlp= 1171.8609> <PB=684.6> 
<DWph=0> <it=  7> <et=41.59> <Mt= 0.06> <Spt= 0.10> <nCl=108> <DB=  978.7481> <Mlp= 1129.5976> <PB=684.6> 
ColGenEvalAlg final dual bound: 978.748 (rounded: 978.748)
**** SB phase 3 evaluation of candidate 1, branch 2 ( b_1_8_1_OspV >= 1 ), value = 665.448
<DWph=2> <it=  2> <et=41.64> <Mt= 0.00> <Spt= 0.01> <nCl=  1> <DB=  665.4422> <Mlp=  665.4422> <PB=684.6> 
<DWph=1> <it=  4> <et=41.67> <Mt= 0.01> <Spt= 0.03> <nCl=  1> <DB=  665.4422> <Mlp=  665.4422> <PB=684.6> 
<DWph=0> <it=  7> <et=41.80> <Mt= 0.03> <Spt= 0.10> <nCl=104> <DB=  665.3111> <Mlp=  665.3111> <PB=684.6> 
ColGenEvalAlg final dual bound: 665.311 (rounded: 665.311)
>>>>> Add min cuts : 3 cut(s) added
----- Add fac. cuts : R1C(138) UserCuts0(3), max.viol = 0.115721, aver.viol = 0.0451566, sep/add took 0.89/0.09 sec. -----
3289 columns (3031 active), 298 dyn. constrs. (272 active), 440 art. vars. (413 active)
<DWph=2> <it=  4> <et=43.00> <Mt= 0.16> <Spt= 0.04> <nCl=  7> <DB=  665.7536> <Mlp=  665.7536> <PB=684.6> 
<DWph=1> <it=  8> <et=43.08> <Mt= 0.02> <Spt= 0.05> <nCl=  7> <DB=  665.7350> <Mlp=  665.7350> <PB=684.6> 
<DWph=0> <it= 10> <et=43.16> <Mt= 0.02> <Spt= 0.06> <nCl= 87> <DB=  656.1786> <Mlp=  665.7027> <PB=684.6> 
<DWph=0> <it= 14> <et=43.32> <Mt= 0.03> <Spt= 0.14> <nCl= 12> <DB=  665.7011> <Mlp=  665.7011> <PB=684.6> 
Reduced cost fixing for graph G_1... took 0.24 sec., 12506 buck. arcs remain (90.7% from prev., 9.28% from max.)
ColGenEvalAlg final dual bound: 665.701 (rounded: 665.701)
Gap improvement since the last cut separation : 0.0202194 (665.311)
>>>>> Add min cuts : 4 cut(s) added
----- Add fac. cuts : R1C(162) UserCuts0(4), max.viol = 0.0683126, aver.viol = 0.0371417, sep/add took 0.72/0.11 sec. -----
3469 columns (3211 active), 464 dyn. constrs. (309 active), 610 art. vars. (452 active)
<DWph=2> <it=  3> <et=44.61> <Mt= 0.15> <Spt= 0.04> <nCl=  4> <DB=  665.9168> <Mlp=  665.9168> <PB=684.6> 
<DWph=1> <it=  8> <et=44.71> <Mt= 0.04> <Spt= 0.05> <nCl= 10> <DB=  665.9054> <Mlp=  665.9054> <PB=684.6> 
<DWph=0> <it= 10> <et=44.80> <Mt= 0.03> <Spt= 0.06> <nCl= 67> <DB=  662.8997> <Mlp=  665.8773> <PB=684.6> 
<DWph=0> <it= 12> <et=44.88> <Mt= 0.01> <Spt= 0.07> <nCl=  4> <DB=  665.8772> <Mlp=  665.8772> <PB=684.6> 
ColGenEvalAlg final dual bound: 665.877 (rounded: 665.877)
Gap improvement since the last cut separation : 0.00931815 (665.701)
>>>>> Add min cuts : 2 cut(s) added
----- Add fac. cuts : R1C(122) UserCuts0(2), max.viol = 0.130614, aver.viol = 0.0331505, sep/add took 0.72/0.09 sec. -----
3573 columns (3315 active), 480 dyn. constrs. (276 active), 736 art. vars. (416 active)
<DWph=2> <it=  2> <et=45.87> <Mt= 0.12> <Spt= 0.03> <nCl=  1> <DB=  666.0645> <Mlp=  666.0645> <PB=684.6> 
<DWph=1> <it=  6> <et=45.97> <Mt= 0.05> <Spt= 0.05> <nCl=  6> <DB=  666.0498> <Mlp=  666.0498> <PB=684.6> 
<DWph=0> <it=  9> <et=46.09> <Mt= 0.02> <Spt= 0.09> <nCl= 30> <DB=  666.0486> <Mlp=  666.0486> <PB=684.6> 
ColGenEvalAlg final dual bound: 666.049 (rounded: 666.049)
Gap improvement since the last cut separation : 0.00915588 (665.877)
>>>>> Add min cuts : 1 cut(s) added
----- Add fac. cuts : R1C(121) UserCuts0(1), max.viol = 0.0598223, aver.viol = 0.032536, sep/add took 0.82/0.09 sec. -----
3624 columns (3366 active), 457 dyn. constrs. (275 active), 859 art. vars. (415 active)
<DWph=2> <it=  1> <et=47.14> <Mt= 0.10> <Spt= 0.02> <nCl=  0> <DB=  666.2241> <Mlp=  666.2241> <PB=684.6> 
<DWph=1> <it=  5> <et=47.22> <Mt= 0.02> <Spt= 0.05> <nCl= 10> <DB=  666.2184> <Mlp=  666.2184> <PB=684.6> 
<DWph=0> <it=  9> <et=47.38> <Mt= 0.04> <Spt= 0.12> <nCl= 54> <DB=  666.2022> <Mlp=  666.2022> <PB=684.6> 
ColGenEvalAlg final dual bound: 666.202 (rounded: 666.202)
Gap improvement since the last cut separation : 0.00827926 (666.049)
----- Cut generation is stopped due to tailing off -----
SB exact phase 3 branch on var b_1_8_1_OspV (lhs=0.835576) : [1e+12, 666.20218], tree depth = 2.469, tree size = 9.075, score = -2.469
************************************************************************************************
**** BaB tree node (N° 3, parent N° 1, depth 1)
**** Local DB = 666.202, global bounds : [ 666.202 , 684.6 ], TIME = 0h0m47s41t = 4741
**** 2 open nodes, 3441 columns (3441 active), 225 dyn. constrs. (159 active), 369 art. vars. (298 active)
************************************************************************************************
**** Strong branching phase 2 is started *****
<DWph=1> <it= 18> <et=48.08> <Mt= 0.48> <Spt= 0.18> <nCl= 44> <DB=  674.5497> <Mlp=  674.5497> <PB=684.6> 
<DWph=1> <it= 13> <et=48.66> <Mt= 0.42> <Spt= 0.13> <nCl= 31> <DB=  678.1972> <Mlp=  678.1972> <PB=684.6> 
SB phase 2 cand.  1 branch on var b_1_3_1_OspV (lhs=1.5031)    : [  674.5497,   678.1972], score = 100.13 (h)  <et=48.66>
**** Strong branching phase 3 is started *****
**** SB phase 3 evaluation of candidate 1, branch 1 ( b_1_3_1_OspV <= 1 ), value = 678.197
<DWph=2> <it=  3> <et=48.75> <Mt= 0.05> <Spt= 0.02> <nCl=  5> <DB=  676.6764> <Mlp=  676.6764> <PB=684.6> 
<DWph=1> <it=  6> <et=48.81> <Mt= 0.02> <Spt= 0.03> <nCl=  8> <DB=  676.5235> <Mlp=  676.5235> <PB=684.6> 
<DWph=0> <it= 10> <et=48.98> <Mt= 0.06> <Spt= 0.11> <nCl= 69> <DB=  675.0136> <Mlp=  675.0136> <PB=684.6> 
Reduced cost fixing for graph G_1... took 0.11 sec., 8610 buck. arcs remain (68.8% from prev., 6.39% from max.)
ColGenEvalAlg final dual bound: 675.014 (rounded: 675.014)
>>>>> Add min cuts : 2 cut(s) added
----- Add fac. cuts : R1C(315) UserCuts0(2), max.viol = 0.631985, aver.viol = 0.120539, sep/add took 0.86/0.25 sec. -----
3625 columns (3577 active), 478 dyn. constrs. (436 active), 619 art. vars. (571 active)
<DWph=2> <it= 10> <et=50.84> <Mt= 0.53> <Spt= 0.10> <nCl= 29> <DB=  700.1310> <Mlp=  700.1310> <PB=684.6> 
<DWph=1> <it= 19> <et=51.12> <Mt= 0.18> <Spt= 0.10> <nCl= 30> <DB=  683.0021> <Mlp=  683.0021> <PB=684.6> 
<DWph=0> <it= 20> <et=51.16> <Mt= 0.00> <Spt= 0.03> <nCl= 66> <DB=  516.7692> <Mlp=  683.0021> <PB=684.6> 
<DWph=0> <it= 23> <et=51.37> <Mt= 0.13> <Spt= 0.09> <nCl= 31> <DB=  681.7101> <Mlp=  681.7101> <PB=684.6> 
Reduced cost fixing for graph G_1... took 0.04 sec., 5804 buck. arcs remain (67.4% from prev., 4.31% from max.)
ColGenEvalAlg final dual bound: 681.71 (rounded: 681.71)
Gap improvement since the last cut separation : 0.698538 (675.014)
>>>>> Add min cuts : 2 cut(s) added
----- Add fac. cuts : R1C(252) UserCuts0(2), max.viol = 0.31922, aver.viol = 0.0928554, sep/add took 0.76/0.19 sec. -----
3845 columns (3797 active), 732 dyn. constrs. (384 active), 875 art. vars. (519 active)
<DWph=2> <it=  3> <et=52.63> <Mt= 0.21> <Spt= 0.02> <nCl=  2> <DB=  713.8987> <Mlp=  713.8987> <PB=684.6> 
<DWph=1> <it=  9> <et=52.73> <Mt= 0.05> <Spt= 0.05> <nCl= 11> <DB=  710.4936> <Mlp=  710.4936> <PB=684.6> 
<DWph=0> <it= 10> <et=52.75> <Mt= 0.00> <Spt= 0.02> <nCl= 44> <DB= -531.2016> <Mlp=  710.4936> <PB=684.6> 
<DWph=0> <it= 12> <et=52.81> <Mt= 0.03> <Spt= 0.03> <nCl=  9> <DB=  703.1429> <Mlp=  706.4717> <PB=684.6> 
ColGenEvalAlg final dual bound: 703.143 (rounded: 703.143)
Gap improvement since the last cut separation : 8.56825 (681.71)
**** SB phase 3 evaluation of candidate 1, branch 2 ( b_1_3_1_OspV >= 2 ), value = 674.55
<DWph=2> <it=  1> <et=53.62> <Mt= 0.74> <Spt= 0.01> <nCl=  0> <DB=  674.5497> <Mlp=  674.5497> <PB=684.6> 
<DWph=1> <it=  2> <et=53.64> <Mt= 0.00> <Spt= 0.01> <nCl=  0> <DB=  674.5497> <Mlp=  674.5497> <PB=684.6> 
<DWph=0> <it=  6> <et=53.78> <Mt= 0.03> <Spt= 0.11> <nCl= 78> <DB=  674.3149> <Mlp=  674.3149> <PB=684.6> 
Reduced cost fixing for graph G_1... took 0.1 sec., 9034 buck. arcs remain (72.2% from prev., 6.7% from max.)
ColGenEvalAlg final dual bound: 674.315 (rounded: 674.315)
>>>>> Add min cuts : 3 cut(s) added
----- Add fac. cuts : R1C(258) UserCuts0(3), max.viol = 0.290852, aver.viol = 0.0839628, sep/add took 0.68/0.2 sec. -----
4083 columns (3626 active), 422 dyn. constrs. (378 active), 877 art. vars. (517 active)
<DWph=2> <it=  7> <et=55.11> <Mt= 0.24> <Spt= 0.07> <nCl= 11> <DB=  676.3845> <Mlp=  676.3845> <PB=684.6> 
<DWph=1> <it= 10> <et=55.18> <Mt= 0.04> <Spt= 0.03> <nCl=  8> <DB=  655.9228> <Mlp=  676.3393> <PB=684.6> 
<DWph=1> <it= 14> <et=55.29> <Mt= 0.07> <Spt= 0.04> <nCl=  4> <DB=  676.2276> <Mlp=  676.2276> <PB=684.6> 
<DWph=0> <it= 17> <et=55.42> <Mt= 0.03> <Spt= 0.09> <nCl= 68> <DB=  676.1912> <Mlp=  676.1912> <PB=684.6> 
Reduced cost fixing for graph G_1... took 0.08 sec., 8469 buck. arcs remain (93.7% from prev., 6.28% from max.)
ColGenEvalAlg final dual bound: 676.191 (rounded: 676.191)
Gap improvement since the last cut separation : 0.182425 (674.315)
----- Add fac. cuts : R1C(200), max.viol = 0.176433, aver.viol = 0.0672581, sep/add took 0.77/0.16 sec. -----
4225 columns (3768 active), 622 dyn. constrs. (335 active), 1077 art. vars. (470 active)
<DWph=2> <it=  5> <et=56.71> <Mt= 0.20> <Spt= 0.05> <nCl=  6> <DB=  676.7870> <Mlp=  676.7870> <PB=684.6> 
<DWph=1> <it=  9> <et=56.79> <Mt= 0.04> <Spt= 0.04> <nCl=  7> <DB=  676.7432> <Mlp=  676.7432> <PB=684.6> 
<DWph=0> <it= 10> <et=56.82> <Mt= 0.00> <Spt= 0.03> <nCl= 32> <DB=  671.0258> <Mlp=  676.7432> <PB=684.6> 
<DWph=0> <it= 11> <et=56.86> <Mt= 0.02> <Spt= 0.02> <nCl=  0> <DB=  676.7311> <Mlp=  676.7311> <PB=684.6> 
ColGenEvalAlg final dual bound: 676.731 (rounded: 676.731)
Gap improvement since the last cut separation : 0.0642032 (676.191)
>>>>> Add min cuts : 3 cut(s) added
----- Add fac. cuts : R1C(168) UserCuts0(3), max.viol = 0.202098, aver.viol = 0.0566117, sep/add took 0.89/0.16 sec. -----
4299 columns (3842 active), 580 dyn. constrs. (319 active), 1251 art. vars. (456 active)
<DWph=2> <it=  4> <et=58.19> <Mt= 0.19> <Spt= 0.04> <nCl=  3> <DB=  677.6118> <Mlp=  677.6118> <PB=684.6> 
<DWph=1> <it=  9> <et=58.29> <Mt= 0.05> <Spt= 0.04> <nCl= 15> <DB=  677.5475> <Mlp=  677.5475> <PB=684.6> 
<DWph=0> <it= 10> <et=58.32> <Mt= 0.01> <Spt= 0.03> <nCl= 55> <DB=  646.6566> <Mlp=  677.5475> <PB=684.6> 
<DWph=0> <it= 13> <et=58.44> <Mt= 0.03> <Spt= 0.09> <nCl= 10> <DB=  677.4942> <Mlp=  677.4942> <PB=684.6> 
Reduced cost fixing for graph G_1... took 0.07 sec., 8045 buck. arcs remain (95% from prev., 5.97% from max.)
ColGenEvalAlg final dual bound: 677.494 (rounded: 677.494)
Gap improvement since the last cut separation : 0.0969789 (676.731)
----- Add fac. cuts : R1C(181), max.viol = 0.125628, aver.viol = 0.0507544, sep/add took 0.88/0.16 sec. -----
4428 columns (3971 active), 578 dyn. constrs. (332 active), 1432 art. vars. (466 active)
<DWph=2> <it=  3> <et=59.81> <Mt= 0.19> <Spt= 0.03> <nCl=  2> <DB=  678.0155> <Mlp=  678.0155> <PB=684.6> 
<DWph=1> <it=  5> <et=59.85> <Mt= 0.01> <Spt= 0.02> <nCl=  4> <DB=  678.0101> <Mlp=  678.0101> <PB=684.6> 
<DWph=0> <it= 10> <et=60.06> <Mt= 0.06> <Spt= 0.14> <nCl= 40> <DB=  677.9351> <Mlp=  677.9351> <PB=684.6> 
ColGenEvalAlg final dual bound: 677.935 (rounded: 677.935)
Gap improvement since the last cut separation : 0.0620552 (677.494)
>>>>> Add min cuts : 1 cut(s) added
----- Add fac. cuts : R1C(144) UserCuts0(1), max.viol = 0.116433, aver.viol = 0.053945, sep/add took 0.92/0.16 sec. -----
4518 columns (4061 active), 563 dyn. constrs. (304 active), 1578 art. vars. (439 active)
<DWph=2> <it=  4> <et=61.40> <Mt= 0.17> <Spt= 0.04> <nCl=  4> <DB=  678.2441> <Mlp=  678.2441> <PB=684.6> 
<DWph=1> <it=  6> <et=61.44> <Mt= 0.02> <Spt= 0.03> <nCl=  1> <DB=  678.2436> <Mlp=  678.2436> <PB=684.6> 
<DWph=0> <it=  9> <et=61.59> <Mt= 0.03> <Spt= 0.11> <nCl= 44> <DB=  678.2263> <Mlp=  678.2263> <PB=684.6> 
Reduced cost fixing for graph G_1... took 0.08 sec., 7822 buck. arcs remain (97.2% from prev., 5.8% from max.)
ColGenEvalAlg final dual bound: 678.226 (rounded: 678.226)
Gap improvement since the last cut separation : 0.0436811 (677.935)
----- Add fac. cuts : R1C(167), max.viol = 0.11636, aver.viol = 0.0511563, sep/add took 1.06/0.15 sec. -----
4594 columns (4137 active), 561 dyn. constrs. (340 active), 1745 art. vars. (475 active)
<DWph=2> <it=  5> <et=63.25> <Mt= 0.28> <Spt= 0.06> <nCl=  7> <DB=  678.6754> <Mlp=  678.6754> <PB=684.6> 
<DWph=1> <it=  9> <et=63.33> <Mt= 0.03> <Spt= 0.04> <nCl=  7> <DB=  678.6630> <Mlp=  678.6630> <PB=684.6> 
<DWph=0> <it= 10> <et=63.36> <Mt= 0.00> <Spt= 0.03> <nCl= 45> <DB=  649.6987> <Mlp=  678.6630> <PB=684.6> 
<DWph=0> <it= 14> <et=63.54> <Mt= 0.07> <Spt= 0.10> <nCl= 22> <DB=  678.5970> <Mlp=  678.5970> <PB=684.6> 
ColGenEvalAlg final dual bound: 678.597 (rounded: 678.597)
Gap improvement since the last cut separation : 0.0581697 (678.226)
>>>>> Add min cuts : 1 cut(s) added
----- Add fac. cuts : R1C(107) UserCuts0(1), max.viol = 0.101943, aver.viol = 0.0442592, sep/add took 1.05/0.12 sec. -----
4722 columns (4265 active), 539 dyn. constrs. (277 active), 1854 art. vars. (412 active)
<DWph=2> <it=  8> <et=65.07> <Mt= 0.23> <Spt= 0.09> <nCl=  8> <DB=  679.0215> <Mlp=  679.0215> <PB=684.6> 
<DWph=1> <it= 10> <et=65.13> <Mt= 0.04> <Spt= 0.01> <nCl=  7> <DB=  658.7804> <Mlp=  678.9861> <PB=684.6> 
<DWph=1> <it= 13> <et=65.20> <Mt= 0.03> <Spt= 0.03> <nCl=  2> <DB=  678.9779> <Mlp=  678.9779> <PB=684.6> 
<DWph=0> <it= 16> <et=65.35> <Mt= 0.06> <Spt= 0.09> <nCl= 44> <DB=  678.9347> <Mlp=  678.9347> <PB=684.6> 
Reduced cost fixing for graph G_1... took 0.07 sec., 7552 buck. arcs remain (96.5% from prev., 5.6% from max.)
ColGenEvalAlg final dual bound: 678.935 (rounded: 678.935)
Gap improvement since the last cut separation : 0.0562569 (678.597)
----- Add fac. cuts : R1C(196), max.viol = 0.101691, aver.viol = 0.0433751, sep/add took 1.01/0.18 sec. -----
4817 columns (4360 active), 571 dyn. constrs. (365 active), 2050 art. vars. (500 active)
<DWph=2> <it=  2> <et=66.86> <Mt= 0.19> <Spt= 0.03> <nCl=  1> <DB=  679.1360> <Mlp=  679.1360> <PB=684.6> 
<DWph=1> <it=  5> <et=66.92> <Mt= 0.02> <Spt= 0.03> <nCl=  3> <DB=  679.1348> <Mlp=  679.1348> <PB=684.6> 
<DWph=0> <it=  8> <et=67.03> <Mt= 0.02> <Spt= 0.08> <nCl= 20> <DB=  679.1293> <Mlp=  679.1293> <PB=684.6> 
ColGenEvalAlg final dual bound: 679.129 (rounded: 679.129)
Gap improvement since the last cut separation : 0.0343372 (678.935)
----- Add fac. cuts : R1C(135), max.viol = 0.0943106, aver.viol = 0.0364791, sep/add took 0.98/0.14 sec. -----
4879 columns (4422 active), 601 dyn. constrs. (302 active), 2185 art. vars. (436 active)
<DWph=2> <it=  3> <et=68.46> <Mt= 0.23> <Spt= 0.04> <nCl=  3> <DB=  679.4521> <Mlp=  679.4521> <PB=684.6> 
<DWph=1> <it=  6> <et=68.50> <Mt= 0.01> <Spt= 0.03> <nCl=  4> <DB=  679.4521> <Mlp=  679.4521> <PB=684.6> 
<DWph=0> <it=  9> <et=68.63> <Mt= 0.02> <Spt= 0.11> <nCl= 32> <DB=  679.4469> <Mlp=  679.4469> <PB=684.6> 
ColGenEvalAlg final dual bound: 679.447 (rounded: 679.447)
Gap improvement since the last cut separation : 0.0580579 (679.129)
----- Add fac. cuts : R1C(126), max.viol = 0.0863179, aver.viol = 0.0447546, sep/add took 1.05/0.16 sec. -----
4958 columns (4501 active), 533 dyn. constrs. (297 active), 2311 art. vars. (431 active)
<DWph=2> <it=  2> <et=70.08> <Mt= 0.18> <Spt= 0.03> <nCl=  1> <DB=  679.6445> <Mlp=  679.6445> <PB=684.6> 
<DWph=1> <it=  5> <et=70.14> <Mt= 0.02> <Spt= 0.03> <nCl=  3> <DB=  679.6426> <Mlp=  679.6426> <PB=684.6> 
<DWph=0> <it=  9> <et=70.30> <Mt= 0.05> <Spt= 0.12> <nCl= 26> <DB=  679.6322> <Mlp=  679.6322> <PB=684.6> 
Reduced cost fixing for graph G_1... took 0.07 sec., 7241 buck. arcs remain (95.9% from prev., 5.37% from max.)
ColGenEvalAlg final dual bound: 679.632 (rounded: 679.632)
Gap improvement since the last cut separation : 0.035964 (679.447)
>>>>> Add min cuts : 1 cut(s) added
----- Add fac. cuts : R1C(118) UserCuts0(1), max.viol = 0.0857053, aver.viol = 0.0442134, sep/add took 1.09/0.13 sec. -----
5033 columns (4576 active), 521 dyn. constrs. (295 active), 2431 art. vars. (430 active)
<DWph=2> <it=  1> <et=71.85> <Mt= 0.19> <Spt= 0.01> <nCl=  0> <DB=  679.8535> <Mlp=  679.8535> <PB=684.6> 
<DWph=1> <it=  4> <et=71.91> <Mt= 0.02> <Spt= 0.04> <nCl=  2> <DB=  679.8511> <Mlp=  679.8511> <PB=684.6> 
<DWph=0> <it=  7> <et=72.04> <Mt= 0.04> <Spt= 0.09> <nCl= 42> <DB=  679.8407> <Mlp=  679.8407> <PB=684.6> 
ColGenEvalAlg final dual bound: 679.841 (rounded: 679.841)
Gap improvement since the last cut separation : 0.041965 (679.632)
----- Add fac. cuts : R1C(117), max.viol = 0.0956748, aver.viol = 0.0466238, sep/add took 1.09/0.15 sec. -----
5105 columns (4648 active), 518 dyn. constrs. (295 active), 2548 art. vars. (429 active)
<DWph=2> <it=  2> <et=73.52> <Mt= 0.16> <Spt= 0.03> <nCl=  1> <DB=  679.9940> <Mlp=  679.9940> <PB=684.6> 
<DWph=1> <it=  6> <et=73.61> <Mt= 0.04> <Spt= 0.05> <nCl=  3> <DB=  679.9899> <Mlp=  679.9899> <PB=684.6> 
<DWph=0> <it=  9> <et=73.73> <Mt= 0.02> <Spt= 0.09> <nCl= 28> <DB=  679.9874> <Mlp=  679.9874> <PB=684.6> 
ColGenEvalAlg final dual bound: 679.987 (rounded: 679.987)
Gap improvement since the last cut separation : 0.0308206 (679.841)
----- Add fac. cuts : R1C(124), max.viol = 0.08287, aver.viol = 0.0348921, sep/add took 1.1/0.14 sec. -----
5157 columns (4700 active), 526 dyn. constrs. (303 active), 2672 art. vars. (437 active)
<DWph=2> <it=  3> <et=75.22> <Mt= 0.19> <Spt= 0.03> <nCl=  2> <DB=  680.1307> <Mlp=  680.1307> <PB=684.6> 
<DWph=1> <it=  6> <et=75.30> <Mt= 0.03> <Spt= 0.04> <nCl=  3> <DB=  680.1211> <Mlp=  680.1211> <PB=684.6> 
<DWph=0> <it=  8> <et=75.40> <Mt= 0.03> <Spt= 0.07> <nCl= 12> <DB=  680.1137> <Mlp=  680.1137> <PB=684.6> 
ColGenEvalAlg final dual bound: 680.114 (rounded: 680.114)
Gap improvement since the last cut separation : 0.0273917 (679.987)
----- Add fac. cuts : R1C(106), max.viol = 0.0748355, aver.viol = 0.0380509, sep/add took 1.13/0.15 sec. -----
5201 columns (4744 active), 518 dyn. constrs. (297 active), 2778 art. vars. (431 active)
<DWph=2> <it=  1> <et=76.94> <Mt= 0.21> <Spt= 0.01> <nCl=  0> <DB=  680.3362> <Mlp=  680.3362> <PB=684.6> 
<DWph=1> <it=  5> <et=77.04> <Mt= 0.04> <Spt= 0.06> <nCl=  8> <DB=  680.3317> <Mlp=  680.3317> <PB=684.6> 
<DWph=0> <it= 10> <et=77.25> <Mt= 0.07> <Spt= 0.13> <nCl= 38> <DB=  680.3061> <Mlp=  680.3061> <PB=684.6> 
Reduced cost fixing for graph G_1... took 0.06 sec., 7060 buck. arcs remain (97.5% from prev., 5.24% from max.)
ColGenEvalAlg final dual bound: 680.306 (rounded: 680.306)
Gap improvement since the last cut separation : 0.0428891 (680.114)
----- Add fac. cuts : R1C(64), max.viol = 0.0775962, aver.viol = 0.0353807, sep/add took 1.17/0.09 sec. -----
5288 columns (4831 active), 471 dyn. constrs. (252 active), 2842 art. vars. (386 active)
<DWph=2> <it=  1> <et=78.86> <Mt= 0.22> <Spt= 0.02> <nCl=  0> <DB=  680.6319> <Mlp=  680.6319> <PB=684.6> 
<DWph=1> <it=  3> <et=78.90> <Mt= 0.01> <Spt= 0.02> <nCl=  2> <DB=  680.6317> <Mlp=  680.6317> <PB=684.6> 
<DWph=0> <it=  5> <et=78.99> <Mt= 0.03> <Spt= 0.06> <nCl= 29> <DB=  680.6071> <Mlp=  680.6071> <PB=684.6> 
ColGenEvalAlg final dual bound: 680.607 (rounded: 680.607)
Gap improvement since the last cut separation : 0.0701036 (680.306)
>>>>> Add min cuts : 1 cut(s) added
----- Add fac. cuts : R1C(33) UserCuts0(1), max.viol = 0.0914811, aver.viol = 0.0343982, sep/add took 1.22/0.04 sec. -----
5335 columns (4878 active), 396 dyn. constrs. (213 active), 2877 art. vars. (348 active)
<DWph=2> <it=  1> <et=80.46> <Mt= 0.13> <Spt= 0.02> <nCl=  0> <DB=  680.7673> <Mlp=  680.7673> <PB=684.6> 
<DWph=1> <it=  4> <et=80.53> <Mt= 0.03> <Spt= 0.03> <nCl=  4> <DB=  680.7643> <Mlp=  680.7643> <PB=684.6> 
<DWph=0> <it=  7> <et=80.66> <Mt= 0.05> <Spt= 0.08> <nCl= 26> <DB=  680.7506> <Mlp=  680.7506> <PB=684.6> 
Reduced cost fixing for graph G_1... took 0.05 sec., 6899 buck. arcs remain (97.7% from prev., 5.12% from max.)
ColGenEvalAlg final dual bound: 680.751 (rounded: 680.751)
Gap improvement since the last cut separation : 0.0359338 (680.607)
----- Add fac. cuts : R1C(92), max.viol = 0.0695523, aver.viol = 0.0303143, sep/add took 0.99/0.1 sec. -----
5385 columns (4928 active), 417 dyn. constrs. (264 active), 2969 art. vars. (398 active)
<DWph=2> <it=  2> <et=82.05> <Mt= 0.17> <Spt= 0.03> <nCl=  1> <DB=  680.9113> <Mlp=  680.9113> <PB=684.6> 
<DWph=1> <it=  4> <et=82.08> <Mt= 0.01> <Spt= 0.02> <nCl=  2> <DB=  680.9111> <Mlp=  680.9111> <PB=684.6> 
<DWph=0> <it=  7> <et=82.23> <Mt= 0.06> <Spt= 0.08> <nCl= 13> <DB=  680.9047> <Mlp=  680.9047> <PB=684.6> 
ColGenEvalAlg final dual bound: 680.905 (rounded: 680.905)
Gap improvement since the last cut separation : 0.0400287 (680.751)
----- Add fac. cuts : R1C(59), max.viol = 0.0977116, aver.viol = 0.0373066, sep/add took 1.05/0.09 sec. -----
5434 columns (4977 active), 438 dyn. constrs. (236 active), 3028 art. vars. (369 active)
<DWph=2> <it=  1> <et=83.60> <Mt= 0.20> <Spt= 0.01> <nCl=  0> <DB=  681.1042> <Mlp=  681.1042> <PB=684.6> 
<DWph=1> <it=  4> <et=83.67> <Mt= 0.03> <Spt= 0.04> <nCl=  5> <DB=  681.0936> <Mlp=  681.0936> <PB=684.6> 
<DWph=0> <it=  7> <et=83.78> <Mt= 0.03> <Spt= 0.07> <nCl= 10> <DB=  681.0933> <Mlp=  681.0933> <PB=684.6> 
ColGenEvalAlg final dual bound: 681.093 (rounded: 681.093)
Gap improvement since the last cut separation : 0.0510231 (680.905)
----- Add fac. cuts : R1C(28), max.viol = 0.0624116, aver.viol = 0.0363927, sep/add took 1.07/0.03 sec. -----
5472 columns (5015 active), 382 dyn. constrs. (212 active), 3056 art. vars. (345 active)
<DWph=2> <it=  1> <et=85.04> <Mt= 0.11> <Spt= 0.02> <nCl=  0> <DB=  681.1463> <Mlp=  681.1463> <PB=684.6> 
<DWph=1> <it=  3> <et=85.08> <Mt= 0.01> <Spt= 0.02> <nCl=  1> <DB=  681.1434> <Mlp=  681.1434> <PB=684.6> 
<DWph=0> <it=  5> <et=85.16> <Mt= 0.02> <Spt= 0.06> <nCl= 10> <DB=  681.1427> <Mlp=  681.1427> <PB=684.6> 
Reduced cost fixing for graph G_1... took 0.05 sec., 6761 buck. arcs remain (98% from prev., 5.02% from max.)
ColGenEvalAlg final dual bound: 681.143 (rounded: 681.143)
Gap improvement since the last cut separation : 0.0140954 (681.093)
----- Add fac. cuts : R1C(32), max.viol = 0.0591747, aver.viol = 0.0253008, sep/add took 1.1/0.03 sec. -----
5501 columns (5044 active), 363 dyn. constrs. (214 active), 3088 art. vars. (347 active)
<DWph=2> <it=  1> <et=86.52> <Mt= 0.12> <Spt= 0.01> <nCl=  0> <DB=  681.2334> <Mlp=  681.2334> <PB=684.6> 
<DWph=1> <it=  3> <et=86.56> <Mt= 0.02> <Spt= 0.03> <nCl=  2> <DB=  681.2311> <Mlp=  681.2311> <PB=684.6> 
<DWph=0> <it=  6> <et=86.67> <Mt= 0.03> <Spt= 0.07> <nCl=  9> <DB=  681.2267> <Mlp=  681.2267> <PB=684.6> 
ColGenEvalAlg final dual bound: 681.227 (rounded: 681.227)
Gap improvement since the last cut separation : 0.0243026 (681.143)
----- Add fac. cuts : R1C(47), max.viol = 0.061007, aver.viol = 0.0329541, sep/add took 0.89/0.06 sec. -----
5532 columns (5075 active), 380 dyn. constrs. (234 active), 3135 art. vars. (367 active)
<DWph=2> <it=  1> <et=87.82> <Mt= 0.15> <Spt= 0.02> <nCl=  0> <DB=  681.3273> <Mlp=  681.3273> <PB=684.6> 
<DWph=1> <it=  4> <et=87.88> <Mt= 0.02> <Spt= 0.04> <nCl=  4> <DB=  681.3272> <Mlp=  681.3272> <PB=684.6> 
<DWph=0> <it=  7> <et=88.00> <Mt= 0.03> <Spt= 0.09> <nCl= 18> <DB=  681.3241> <Mlp=  681.3241> <PB=684.6> 
ColGenEvalAlg final dual bound: 681.324 (rounded: 681.324)
Gap improvement since the last cut separation : 0.0288782 (681.227)
----- Add fac. cuts : R1C(49), max.viol = 0.0597634, aver.viol = 0.0274449, sep/add took 1.13/0.05 sec. -----
5589 columns (5132 active), 402 dyn. constrs. (238 active), 3184 art. vars. (371 active)
<DWph=2> <it=  2> <et=89.40> <Mt= 0.15> <Spt= 0.03> <nCl=  2> <DB=  681.4105> <Mlp=  681.4105> <PB=684.6> 
<DWph=1> <it=  4> <et=89.44> <Mt= 0.02> <Spt= 0.03> <nCl=  2> <DB=  681.4058> <Mlp=  681.4058> <PB=684.6> 
<DWph=0> <it=  8> <et=89.56> <Mt= 0.03> <Spt= 0.08> <nCl= 13> <DB=  681.4046> <Mlp=  681.4046> <PB=684.6> 
ColGenEvalAlg final dual bound: 681.405 (rounded: 681.405)
Gap improvement since the last cut separation : 0.0245681 (681.324)
----- Add fac. cuts : R1C(56), max.viol = 0.068169, aver.viol = 0.0294961, sep/add took 1.13/0.07 sec. -----
5632 columns (5175 active), 413 dyn. constrs. (247 active), 3240 art. vars. (380 active)
<DWph=2> <it=  1> <et=90.98> <Mt= 0.18> <Spt= 0.01> <nCl=  0> <DB=  681.5474> <Mlp=  681.5474> <PB=684.6> 
<DWph=1> <it=  3> <et=91.02> <Mt= 0.01> <Spt= 0.02> <nCl=  2> <DB=  681.5460> <Mlp=  681.5460> <PB=684.6> 
<DWph=0> <it=  6> <et=91.14> <Mt= 0.04> <Spt= 0.09> <nCl= 12> <DB=  681.5318> <Mlp=  681.5318> <PB=684.6> 
Reduced cost fixing for graph G_1... took 0.05 sec., 6659 buck. arcs remain (98.5% from prev., 4.94% from max.)
ColGenEvalAlg final dual bound: 681.532 (rounded: 681.532)
Gap improvement since the last cut separation : 0.0397956 (681.405)
----- Add fac. cuts : R1C(13), max.viol = 0.0621737, aver.viol = 0.0366791, sep/add took 1.2/0.02 sec. -----
5675 columns (5218 active), 379 dyn. constrs. (206 active), 3253 art. vars. (339 active)
<DWph=2> <it=  1> <et=92.60> <Mt= 0.14> <Spt= 0.01> <nCl=  0> <DB=  681.6227> <Mlp=  681.6227> <PB=684.6> 
<DWph=1> <it=  4> <et=92.66> <Mt= 0.02> <Spt= 0.04> <nCl=  3> <DB=  681.6181> <Mlp=  681.6181> <PB=684.6> 
<DWph=0> <it=  6> <et=92.73> <Mt= 0.02> <Spt= 0.05> <nCl=  3> <DB=  681.6177> <Mlp=  681.6177> <PB=684.6> 
ColGenEvalAlg final dual bound: 681.618 (rounded: 681.618)
Gap improvement since the last cut separation : 0.0279992 (681.532)
----- Add fac. cuts : R1C(7), max.viol = 0.0537213, aver.viol = 0.0384507, sep/add took 0.82/0.01 sec. -----
5696 columns (5239 active), 333 dyn. constrs. (193 active), 3260 art. vars. (326 active)
<DWph=2> <it=  1> <et=93.70> <Mt= 0.09> <Spt= 0.02> <nCl=  0> <DB=  681.6847> <Mlp=  681.6847> <PB=684.6> 
<DWph=1> <it=  2> <et=93.72> <Mt= 0.00> <Spt= 0.01> <nCl=  0> <DB=  681.6847> <Mlp=  681.6847> <PB=684.6> 
<DWph=0> <it=  5> <et=93.84> <Mt= 0.03> <Spt= 0.09> <nCl= 14> <DB=  681.6834> <Mlp=  681.6834> <PB=684.6> 
ColGenEvalAlg final dual bound: 681.683 (rounded: 681.683)
Gap improvement since the last cut separation : 0.0220295 (681.618)
----- Add fac. cuts : R1C(38), max.viol = 0.055792, aver.viol = 0.037097, sep/add took 1.03/0.05 sec. -----
5751 columns (5294 active), 351 dyn. constrs. (218 active), 3298 art. vars. (351 active)
<DWph=2> <it=  1> <et=95.10> <Mt= 0.15> <Spt= 0.02> <nCl=  0> <DB=  681.7615> <Mlp=  681.7615> <PB=684.6> 
<DWph=1> <it=  2> <et=95.12> <Mt= 0.00> <Spt= 0.01> <nCl=  0> <DB=  681.7615> <Mlp=  681.7615> <PB=684.6> 
<DWph=0> <it=  4> <et=95.19> <Mt= 0.01> <Spt= 0.06> <nCl= 10> <DB=  681.7601> <Mlp=  681.7601> <PB=684.6> 
ColGenEvalAlg final dual bound: 681.76 (rounded: 681.76)
Gap improvement since the last cut separation : 0.0263213 (681.683)
>>>>> Add min cuts : 5 cut(s) added
----- Add fac. cuts : R1C(4) UserCuts0(5), max.viol = 0.0515063, aver.viol = 0.027067, sep/add took 1.11/0 sec. -----
5784 columns (5327 active), 349 dyn. constrs. (188 active), 3312 art. vars. (325 active)
<DWph=2> <it=  3> <et=96.45> <Mt= 0.08> <Spt= 0.04> <nCl=  2> <DB=  681.7892> <Mlp=  681.7892> <PB=684.6> 
<DWph=1> <it=  4> <et=96.46> <Mt= 0.00> <Spt= 0.01> <nCl=  0> <DB=  681.7892> <Mlp=  681.7892> <PB=684.6> 
<DWph=0> <it=  5> <et=96.51> <Mt= 0.00> <Spt= 0.04> <nCl=  0> <DB=  681.7892> <Mlp=  681.7892> <PB=684.6> 
ColGenEvalAlg final dual bound: 681.789 (rounded: 681.789)
Gap improvement since the last cut separation : 0.0102308 (681.76)
----- Add fac. cuts : R1C(6), max.viol = 0.0234361, aver.viol = 0.022659, sep/add took 1.06/0 sec. -----
5802 columns (5345 active), 316 dyn. constrs. (184 active), 3318 art. vars. (317 active)
<DWph=2> <it=  1> <et=97.65> <Mt= 0.04> <Spt= 0.01> <nCl=  0> <DB=  681.7993> <Mlp=  681.7993> <PB=684.6> 
<DWph=1> <it=  3> <et=97.68> <Mt= 0.01> <Spt= 0.03> <nCl=  1> <DB=  681.7984> <Mlp=  681.7984> <PB=684.6> 
<DWph=0> <it=  4> <et=97.72> <Mt= 0.00> <Spt= 0.03> <nCl=  0> <DB=  681.7984> <Mlp=  681.7984> <PB=684.6> 
ColGenEvalAlg final dual bound: 681.798 (rounded: 681.798)
Gap improvement since the last cut separation : 0.00327806 (681.789)
----- Cut generation is stopped due to tailing off -----
SB exact phase 3 branch on var b_1_3_1_OspV (lhs=1.50311) : [1e+12, 681.79841], tree depth = 1.085, tree size = 2.243, score = -1.228 (h)
************************************************************************************************
**** BaB tree node (N° 5, parent N° 3, depth 2)
**** Local DB = 681.798, global bounds : [ 681.798 , 684.6 ], TIME = 0h1m37s75t = 9775
**** 3 open nodes, 5357 columns (5357 active), 301 dyn. constrs. (179 active), 443 art. vars. (312 active)
************************************************************************************************
**** Strong branching phase 3 is started *****
**** SB phase 3 evaluation of candidate 1, branch 1 ( x_1_7_53_1_OspV >= 1 ), value = 1e+12
<DWph=2> <it=  3> <et=98.21> <Mt= 0.42> <Spt= 0.03> <nCl=  5> <DB= 1084.6026> <Mlp= 1084.6026> <PB=684.6> 
<DWph=1> <it= 10> <et=98.31> <Mt= 0.07> <Spt= 0.04> <nCl= 15> <DB=  839.2468> <Mlp= 1032.0648> <PB=684.6> 
<DWph=1> <it= 11> <et=98.33> <Mt= 0.01> <Spt= 0.01> <nCl=  0> <DB= 1032.0535> <Mlp= 1032.0535> <PB=684.6> 
<DWph=0> <it= 14> <et=98.40> <Mt= 0.01> <Spt= 0.05> <nCl= 26> <DB= 1028.9004> <Mlp= 1030.5004> <PB=684.6> 
ColGenEvalAlg final dual bound: 1028.9 (rounded: 1028.9)
**** SB phase 3 evaluation of candidate 1, branch 2 ( x_1_7_53_1_OspV <= 0 ), value = 1e+12
<DWph=2> <it=  2> <et=98.90> <Mt= 0.44> <Spt= 0.03> <nCl=  2> <DB=  736.5363> <Mlp=  736.5363> <PB=684.6> 
<DWph=1> <it=  6> <et=99.66> <Mt= 0.71> <Spt= 0.04> <nCl=  9> <DB=  684.5000> <Mlp=  684.5000> <PB=684.5> 
<DWph=0> <it= 10> <et=99.98> <Mt= 0.24> <Spt= 0.08> <nCl= 34> <DB=  683.4438> <Mlp=  684.5000> <PB=684.5> 
<DWph=0> <it= 12> <et=100.04> <Mt= 0.01> <Spt= 0.05> <nCl=  2> <DB=  684.5000> <Mlp=  684.5000> <PB=684.5> 
ColGenEvalAlg final dual bound: 684.5 (rounded: 684.5)
 SB phase 3 candidate 1 is conquered !
New model incumbent solution 684.5, TIME = 0h1m40s5t = 10005
************************************************************************************************
Search is finished, global bounds : [ 684.5 , 684.5 ], TIME = 0h1m40s5t = 10005
************************************************************************************************
[32mBaPCod : solution defined.[00m
statistics_cols: instance & :Optimal & cutoff & :bcRecRootDb & :bcTimeRootEval & :bcCountNodeProc & :bcRecBestDb & :bcRecBestInc & :bcTimeMain \\
statistics: h10_c50_l150_05 & 1 & 684.6 & 663.78 & 18.02 & 7 & 684.50 & 684.50 & 100.05 \\
 
########################################################
Route #1: 2 58 54 39 13 49 19 0 56 29 46 57 43 26 8 24 10 45 42 51 48 4 31 50 36 12 55 17 14 5 37 53 23 30 18 21 38 7 52 16 59 44 41 20 6 33 32 22 11 34 2 25 35 28 27 15 47 40 2 
Cost 684.5
########################################################
