Application parameters:
  batch  =>  nothing
  tikz  =>  "/TIKZ/100-30-5-3.tex"
  instance  =>  "/IN/100-30-5-3.ophs"
  out  =>  "/OUT/100-30-5-3.sol"
  nosolve  =>  false
  ub  =>  -173
  complete  =>  false
  cfg  =>  "/BWTSP/src/../config/OPHS.cfg"
VRPSolver warning: Interval set for resource 1 on source node (when source != sink) is ignored (by definition is [0.0,0.0])
VRPSolver warning: Interval set for resource 1 on source node (when source != sink) is ignored (by definition is [0.0,0.0])
VRPSolver warning: Interval set for resource 1 on source node (when source != sink) is ignored (by definition is [0.0,0.0])
[41m solve [00m
~~~~~~~~~~~~~~~~~~~~~~~~~~~~~~~~~~~~~~~~~~~~~~~~~~~~~~~~~~~~~~~~~~~~~~~~~~~~~~
VRPSolver v0.4.1, 24/03/2021. Web: vrpsolver.math.u-bordeaux.fr
Corresponds to the solver by Pessoa, Sadykov, Uchoa and Vanderbeck (2020)
Paper: dx.doi.org/10.1007/s10107-020-01523-z
USE THIS CODE ONLY FOR ACADEMIC PURPOSES AT YOUR OWN RISK
~~~~~~~~~~~~~~~~~~~~~~~~~~~~~~~~~~~~~~~~~~~~~~~~~~~~~~~~~~~~~~~~~~~~~~~~~~~~~~
BaPCod v053, 24/03/2021, © Inria Bordeaux, France
~~~~~~~~~~~~~~~~~~~~~~~~~~~~~~~~~~~~~~~~~~~~~~~~~~~~~~~~~~~~~~~~~~~~~~~~~~~~~~
VRPSolver parameters:
GlobalTimeLimit = 18000
MaxNbOfBBtreeNodeTreated = 100000
treeSearchStrategy = 1
RCSPstopCutGenTimeThresholdInPricing = 10
RCSPhardTimeThresholdInPricing = 25
RCSPnumberOfBucketsPerVertex = 25
RCSPdynamicBucketSteps = 1
RCSPuseBidirectionalSearch = 2
RCSPapplyReducedCostFixing = 1
RCSPredCostFixingFalseGap = 0
RCSPmaxNumOfColsPerIteration = 30
RCSPmaxNumOfColsPerExactIteration = 150
RCSPheurLabelingStrategy = 0
StabilizationMinPhaseOfStage = 0
RCSPmaxNumOfLabelsInEnumeration = 500000
RCSPmaxNumOfEnumeratedSolutions = 5000000
RCSPmaxNumOfEnumSolutionsForMIP = 10000
RCSPinitNGneighbourhoodSize = 8
RCSPmaxNGneighbourhoodSize = 8
RCSPrankOneCutsMaxNumPerRound = 100
RCSPrankOneCutsMaxNumRows = 5
RCSPrankOneCutsMemoryType = 0
CutTailingOffThreshold = 0.015
CutTailingOffCounterThreshold = 3
SafeDualBoundScaleFactor = -1
StrongBranchingPhaseOneCandidatesNumber = 100
StrongBranchingPhaseOneTreeSizeEstimRatio = 0.2
StrongBranchingPhaseTwoCandidatesNumber = 3
StrongBranchingPhaseTwoTreeSizeEstimRatio = 0.02
MaxTimeForRestrictedMasterIpHeur = -1
DivingHeurUseDepthLimit = 0
MaxLDSbreadth = 1
MaxLDSdepth = 10000
New model incumbent solution -172, TIME = 0h0m0s2t = 2
Model is built TIME = 0h0m1s6t = 106
************************************************************************************************
**** BaB tree root node
**** Local DB = -1e+12, global bounds : [ -1e+12 , -172 ], TIME = 0h0m1s6t = 106
**** 1 open nodes, 0 columns (0 active), 0 dyn. constrs. (0 active), 431 art. vars. (431 active)
************************************************************************************************
--------------------------------------------------------------------------
BaPCod info : first we run the root node with rank-1 cuts with node memory
--------------------------------------------------------------------------
<DWph=2> <it= 10> <et=1.19> <Mt= 0.00> <Spt= 0.10> <nCl= 92> <DB= -403.0534> <Mlp= -167.0000> <PB=-171.99999> 
<DWph=2> <it= 17> <et=1.27> <Mt= 0.00> <Spt= 0.08> <nCl=  9> <DB= -173.0000> <Mlp= -173.0000> <PB=-173> 
<DWph=1> <it= 20> <et=1.31> <Mt= 0.00> <Spt= 0.03> <nCl=  4> <DB= -173.0000> <Mlp= -173.0000> <PB=-173> 
<DWph=0> <it= 22> <et=1.34> <Mt= 0.01> <Spt= 0.03> <nCl=  4> <DB= -173.0000> <Mlp= -173.0000> <PB=-173> 
ColGenEvalAlg final dual bound: -173 (rounded: -173)
New model incumbent solution -173, TIME = 0h0m1s36t = 136
************************************************************************************************
Search is finished, global bounds : [ -173 , -173 ], TIME = 0h0m1s36t = 136
************************************************************************************************
[32mBaPCod : solution defined.[00m
statistics_cols: instance & :Optimal & cutoff & :bcRecRootDb & :bcTimeRootEval & :bcCountNodeProc & :bcRecBestDb & :bcRecBestInc & :bcTimeMain \\
statistics: 100-30-5-3 & 1 & -171.99999 & -173.00 & 1.36 & 1 & -173.00 & -173 & 1.36 \\
########################################################
trip 1 : 1 21 74 17 3 
trip 2 : 3 87 29 4 
trip 3 : 4 46 69 81 85 31 2 
tour : 1 21 74 17 3 87 29 4 46 69 81 85 31 2
Cost 173.0
########################################################
