Application parameters:
  batch  =>  nothing
  tikz  =>  "/TIKZ/64-50-5-3.tex"
  instance  =>  "/IN/64-50-5-3.ophs"
  out  =>  "/OUT/64-50-5-3.sol"
  nosolve  =>  false
  ub  =>  -900
  complete  =>  false
  cfg  =>  "/BWTSP/src/../config/OPHS.cfg"
VRPSolver warning: Interval set for resource 1 on source node (when source != sink) is ignored (by definition is [0.0,0.0])
VRPSolver warning: Interval set for resource 1 on source node (when source != sink) is ignored (by definition is [0.0,0.0])
VRPSolver warning: Interval set for resource 1 on source node (when source != sink) is ignored (by definition is [0.0,0.0])
[41m solve [00m
~~~~~~~~~~~~~~~~~~~~~~~~~~~~~~~~~~~~~~~~~~~~~~~~~~~~~~~~~~~~~~~~~~~~~~~~~~~~~~
VRPSolver v0.4.1, 24/03/2021. Web: vrpsolver.math.u-bordeaux.fr
Corresponds to the solver by Pessoa, Sadykov, Uchoa and Vanderbeck (2020)
Paper: dx.doi.org/10.1007/s10107-020-01523-z
USE THIS CODE ONLY FOR ACADEMIC PURPOSES AT YOUR OWN RISK
~~~~~~~~~~~~~~~~~~~~~~~~~~~~~~~~~~~~~~~~~~~~~~~~~~~~~~~~~~~~~~~~~~~~~~~~~~~~~~
BaPCod v053, 24/03/2021, © Inria Bordeaux, France
~~~~~~~~~~~~~~~~~~~~~~~~~~~~~~~~~~~~~~~~~~~~~~~~~~~~~~~~~~~~~~~~~~~~~~~~~~~~~~
VRPSolver parameters:
GlobalTimeLimit = 18000
MaxNbOfBBtreeNodeTreated = 100000
treeSearchStrategy = 1
RCSPstopCutGenTimeThresholdInPricing = 10
RCSPhardTimeThresholdInPricing = 25
RCSPnumberOfBucketsPerVertex = 25
RCSPdynamicBucketSteps = 1
RCSPuseBidirectionalSearch = 2
RCSPapplyReducedCostFixing = 1
RCSPredCostFixingFalseGap = 0
RCSPmaxNumOfColsPerIteration = 30
RCSPmaxNumOfColsPerExactIteration = 150
RCSPheurLabelingStrategy = 0
StabilizationMinPhaseOfStage = 0
RCSPmaxNumOfLabelsInEnumeration = 500000
RCSPmaxNumOfEnumeratedSolutions = 5000000
RCSPmaxNumOfEnumSolutionsForMIP = 10000
RCSPinitNGneighbourhoodSize = 8
RCSPmaxNGneighbourhoodSize = 8
RCSPrankOneCutsMaxNumPerRound = 100
RCSPrankOneCutsMaxNumRows = 5
RCSPrankOneCutsMemoryType = 0
CutTailingOffThreshold = 0.015
CutTailingOffCounterThreshold = 3
SafeDualBoundScaleFactor = -1
StrongBranchingPhaseOneCandidatesNumber = 100
StrongBranchingPhaseOneTreeSizeEstimRatio = 0.2
StrongBranchingPhaseTwoCandidatesNumber = 3
StrongBranchingPhaseTwoTreeSizeEstimRatio = 0.02
MaxTimeForRestrictedMasterIpHeur = -1
DivingHeurUseDepthLimit = 0
MaxLDSbreadth = 1
MaxLDSdepth = 10000
New model incumbent solution -899, TIME = 0h0m0s3t = 3
Model is built TIME = 0h0m1s1t = 101
************************************************************************************************
**** BaB tree root node
**** Local DB = -1e+12, global bounds : [ -1e+12 , -899 ], TIME = 0h0m1s1t = 101
**** 1 open nodes, 0 columns (0 active), 0 dyn. constrs. (0 active), 287 art. vars. (287 active)
************************************************************************************************
--------------------------------------------------------------------------
BaPCod info : first we run the root node with rank-1 cuts with node memory
--------------------------------------------------------------------------
<DWph=2> <it= 10> <et=1.14> <Mt= 0.00> <Spt= 0.11> <nCl=184> <DB=-1015.0337> <Mlp= -902.8636> <PB=-898.99999> 
<DWph=2> <it= 20> <et=1.26> <Mt= 0.01> <Spt= 0.11> <nCl= 89> <DB= -938.9859> <Mlp= -926.0000> <PB=-898.99999> 
<DWph=2> <it= 25> <et=1.35> <Mt= 0.00> <Spt= 0.09> <nCl= 21> <DB= -926.0000> <Mlp= -926.0000> <PB=-898.99999> 
<DWph=1> <it= 30> <et=1.47> <Mt= 0.01> <Spt= 0.11> <nCl= 39> <DB= -944.2180> <Mlp= -936.5000> <PB=-898.99999> 
<DWph=1> <it= 33> <et=1.56> <Mt= 0.00> <Spt= 0.09> <nCl=  8> <DB= -936.9375> <Mlp= -936.9375> <PB=-898.99999> 
<DWph=0> <it= 36> <et=1.73> <Mt= 0.00> <Spt= 0.17> <nCl= 12> <DB= -937.2500> <Mlp= -937.2500> <PB=-898.99999> 
Reduced cost fixing for graph G_3... took 0.02 sec., 9343 buck. arcs remain (18.4% from prev., 5.24% from max.)
Run enumeration... took 0.05 sec. and succeeded! Pricing will be done by inspection.
Reduced cost fixing for graph G_2... took 0.03 sec., 10210 buck. arcs remain (17.7% from prev., 5.53% from max.)
Run enumeration... took 0.33 sec. and succeeded! Pricing will be done by inspection.
Reduced cost fixing for graph G_1... took 0.03 sec., 6420 buck. arcs remain (11% from prev., 3.48% from max.)
Run enumeration... took 0.16 sec. and succeeded! Pricing will be done by inspection.
<DWph=2> <it= 37> <et=2.45> <Mt= 0.01> <Spt= 0.01> <nCl=  0> <DB= -934.8000> <Mlp= -934.8000> <PB=-898.99999> 
<DWph=1> <it= 38> <et=2.45> <Mt= 0.01> <Spt= 0.00> <nCl=  0> <DB= -934.8000> <Mlp= -934.8000> <PB=-898.99999> 
<DWph=0> <it= 40> <et=2.49> <Mt= 0.00> <Spt= 0.03> <nCl=315> <DB= -970.7775> <Mlp= -934.8000> <PB=-898.99999> 
<DWph=0> <it= 41> <et=2.53> <Mt= 0.00> <Spt= 0.04> <nCl=  0> <DB= -934.8000> <Mlp= -934.8000> <PB=-898.99999> 
Reduced cost fixing for graph G_3...  took 0 sec., done by inspection with 23348 solutions, remains 8215 (35.2%)
Reduced cost fixing for graph G_2...  took 0.01 sec., done by inspection with 137152 solutions, remains 71138 (51.9%)
Reduced cost fixing for graph G_1...  took 0 sec., done by inspection with 72984 solutions, remains 36547 (50.1%)
ColGenEvalAlg final dual bound: -934.8 (rounded: -934)
----- Add fac. cuts : R1C(150), max.viol = 0.3, aver.viol = 0.197333, sep/add took 0/0.04 sec. -----
1284 columns (1284 active), 150 dyn. constrs. (150 active), 437 art. vars. (437 active)
<DWph=2> <it=  1> <et=2.67> <Mt= 0.01> <Spt= 0.00> <nCl=  0> <DB= -931.5000> <Mlp= -931.5000> <PB=-898.99999> 
<DWph=1> <it=  2> <et=2.67> <Mt= 0.00> <Spt= 0.01> <nCl=  0> <DB= -931.5000> <Mlp= -931.5000> <PB=-898.99999> 
<DWph=0> <it=  4> <et=2.77> <Mt= 0.01> <Spt= 0.09> <nCl= 18> <DB= -931.6250> <Mlp= -931.6250> <PB=-898.99999> 
Reduced cost fixing for graph G_3...  took 0 sec., done by inspection with 8215 solutions, remains 6726 (81.9%)
Reduced cost fixing for graph G_2...  took 0.01 sec., done by inspection with 71138 solutions, remains 36891 (51.9%)
Reduced cost fixing for graph G_1...  took 0 sec., done by inspection with 36547 solutions, remains 27365 (74.9%)
ColGenEvalAlg final dual bound: -931.625 (rounded: -931)
Gap improvement since the last cut separation : 0.0886871 (-934.8)
----- Add fac. cuts : R1C(150), max.viol = 0.333333, aver.viol = 0.110833, sep/add took 0/0.06 sec. -----
1535 columns (1535 active), 300 dyn. constrs. (162 active), 587 art. vars. (449 active)
<DWph=2> <it=  1> <et=2.92> <Mt= 0.02> <Spt= 0.01> <nCl=  0> <DB= -930.0000> <Mlp= -930.0000> <PB=-898.99999> 
<DWph=1> <it=  2> <et=2.93> <Mt= 0.00> <Spt= 0.00> <nCl=  0> <DB= -930.0000> <Mlp= -930.0000> <PB=-898.99999> 
<DWph=0> <it=  4> <et=3.02> <Mt= 0.00> <Spt= 0.09> <nCl= 45> <DB= -930.0000> <Mlp= -930.0000> <PB=-898.99999> 
Reduced cost fixing for graph G_3...  took 0 sec., done by inspection with 6726 solutions, remains 6315 (93.9%)
Reduced cost fixing for graph G_2...  took 0 sec., done by inspection with 36891 solutions, remains 31497 (85.4%)
Reduced cost fixing for graph G_1...  took 0 sec., done by inspection with 27365 solutions, remains 24133 (88.2%)
ColGenEvalAlg final dual bound: -930 (rounded: -930)
Gap improvement since the last cut separation : 0.0498084 (-931.625)
----- Add fac. cuts : R1C(179), max.viol = 0.25, aver.viol = 0.073324, sep/add took 0.02/0.07 sec. -----
1777 columns (1776 active), 341 dyn. constrs. (204 active), 766 art. vars. (491 active)
<DWph=2> <it=  1> <et=3.20> <Mt= 0.02> <Spt= 0.00> <nCl=  0> <DB= -930.0000> <Mlp= -930.0000> <PB=-898.99999> 
<DWph=1> <it=  2> <et=3.21> <Mt= 0.00> <Spt= 0.01> <nCl=  0> <DB= -930.0000> <Mlp= -930.0000> <PB=-898.99999> 
<DWph=0> <it=  3> <et=3.21> <Mt= 0.00> <Spt= 0.00> <nCl=  0> <DB= -930.0000> <Mlp= -930.0000> <PB=-898.99999> 
ColGenEvalAlg final dual bound: -930 (rounded: -930)
Gap improvement since the last cut separation : -6.9679e-13 (-930)
----- Add fac. cuts : sep. took 0.08 sec.----- no cuts found  -----
-----------------------------------------------------------------------
BaPCod info : now we run the root node with rank-1 cuts with arc memory
-----------------------------------------------------------------------
<DWph=2> <it=  1> <et=3.37> <Mt= 0.02> <Spt= 0.00> <nCl=  0> <DB= -934.8000> <Mlp= -934.8000> <PB=-898.99999> 
<DWph=1> <it=  2> <et=3.37> <Mt= 0.00> <Spt= 0.00> <nCl=  0> <DB= -934.8000> <Mlp= -934.8000> <PB=-898.99999> 
<DWph=0> <it=  3> <et=3.37> <Mt= 0.00> <Spt= 0.00> <nCl=  0> <DB= -934.8000> <Mlp= -934.8000> <PB=-898.99999> 
ColGenEvalAlg final dual bound: -934.8 (rounded: -934)
----- Add fac. cuts : R1C(150), max.viol = 0.3, aver.viol = 0.213, sep/add took 0/0.04 sec. -----
1777 columns (1284 active), 354 dyn. constrs. (150 active), 641 art. vars. (437 active)
<DWph=2> <it=  1> <et=3.45> <Mt= 0.01> <Spt= 0.00> <nCl=  0> <DB= -931.5000> <Mlp= -931.5000> <PB=-898.99999> 
<DWph=1> <it=  2> <et=3.46> <Mt= 0.00> <Spt= 0.01> <nCl=  0> <DB= -931.5000> <Mlp= -931.5000> <PB=-898.99999> 
<DWph=0> <it=  4> <et=3.58> <Mt= 0.00> <Spt= 0.11> <nCl=  5> <DB= -931.5000> <Mlp= -931.5000> <PB=-898.99999> 
Reduced cost fixing for graph G_3...  took 0 sec., done by inspection with 8215 solutions, remains 6229 (75.8%)
Reduced cost fixing for graph G_2...  took 0.01 sec., done by inspection with 71138 solutions, remains 44058 (61.9%)
Reduced cost fixing for graph G_1...  took 0 sec., done by inspection with 36547 solutions, remains 27209 (74.4%)
ColGenEvalAlg final dual bound: -931.5 (rounded: -931)
Gap improvement since the last cut separation : 0.0921787 (-934.8)
----- Add fac. cuts : R1C(124), max.viol = 0.25, aver.viol = 0.25, sep/add took 0.01/0.04 sec. -----
2218 columns (1655 active), 478 dyn. constrs. (143 active), 765 art. vars. (430 active)
<DWph=2> <it=  1> <et=3.72> <Mt= 0.01> <Spt= 0.01> <nCl=  0> <DB= -930.5373> <Mlp= -930.5373> <PB=-898.99999> 
<DWph=1> <it=  2> <et=3.73> <Mt= 0.00> <Spt= 0.00> <nCl=  0> <DB= -930.5373> <Mlp= -930.5373> <PB=-898.99999> 
<DWph=0> <it=  3> <et=3.80> <Mt= 0.00> <Spt= 0.07> <nCl=  0> <DB= -930.5373> <Mlp= -930.5373> <PB=-898.99999> 
Reduced cost fixing for graph G_3...  took 0 sec., done by inspection with 6229 solutions, remains 5879 (94.4%)
Reduced cost fixing for graph G_2...  took 0.01 sec., done by inspection with 44058 solutions, remains 35172 (79.8%)
Reduced cost fixing for graph G_1...  took 0 sec., done by inspection with 27209 solutions, remains 24559 (90.3%)
ColGenEvalAlg final dual bound: -930.537 (rounded: -930)
Gap improvement since the last cut separation : 0.0296211 (-931.5)
----- Add fac. cuts : R1C(236), max.viol = 0.149254, aver.viol = 0.061662, sep/add took 0.02/0.12 sec. -----
2544 columns (1978 active), 583 dyn. constrs. (254 active), 1001 art. vars. (541 active)
<DWph=2> <it=  1> <et=4.04> <Mt= 0.02> <Spt= 0.01> <nCl=  0> <DB= -930.0000> <Mlp= -930.0000> <PB=-898.99999> 
<DWph=1> <it=  2> <et=4.05> <Mt= 0.00> <Spt= 0.00> <nCl=  0> <DB= -930.0000> <Mlp= -930.0000> <PB=-898.99999> 
<DWph=0> <it=  4> <et=4.20> <Mt= 0.01> <Spt= 0.13> <nCl= 31> <DB= -930.0000> <Mlp= -930.0000> <PB=-898.99999> 
Reduced cost fixing for graph G_3...  took 0 sec., done by inspection with 5879 solutions, remains 5608 (95.4%)
Reduced cost fixing for graph G_2...  took 0.01 sec., done by inspection with 35172 solutions, remains 34138 (97.1%)
Reduced cost fixing for graph G_1...  took 0 sec., done by inspection with 24559 solutions, remains 23001 (93.7%)
ColGenEvalAlg final dual bound: -930 (rounded: -930)
Gap improvement since the last cut separation : 0.0170374 (-930.537)
----- Add fac. cuts : sep. took 0.08 sec.----- no cuts found  -----
-----------------------------------------------------------------------
Node memory is preferred (score = 0.634171)
-----------------------------------------------------------------------
----------- Diving heuristic started -----------
<DWph=2> <it=  1> <et=4.48> <Mt= 0.00> <Spt= 0.00> <nCl=  0> <DB= -930.0000> <Mlp= -930.0000> <PB=-898.99999> 
<DWph=1> <it=  2> <et=4.48> <Mt= 0.00> <Spt= 0.00> <nCl=  0> <DB= -930.0000> <Mlp= -930.0000> <PB=-898.99999> 
<DWph=0> <it=  3> <et=4.49> <Mt= 0.00> <Spt= 0.00> <nCl=  0> <DB= -930.0000> <Mlp= -930.0000> <PB=-898.99999> 
ColGenEvalAlg final dual bound: -930 (rounded: -930)
---- Diving heuristic node with dive number = 0, fix depth = 1 and tabu list size = 0
Fixed projected solution = [t_3_2_3_3_OspV=1, x_3_2_69_3_OspV=1, x_3_5_16_3_OspV=1, x_3_16_21_3_OspV=1, x_3_21_27_3_OspV=1, x_3_27_34_3_OspV=1, x_3_34_42_3_OspV=1, x_3_42_49_3_OspV=1, x_3_49_55_3_OspV=1, x_3_55_60_3_OspV=1, x_3_60_64_3_OspV=1, x_3_64_67_3_OspV=1, x_3_67_69_3_OspV=1, y_3_5_3_3_OspV=1]
<DWph=2> <it=  1> <et=4.63> <Mt= 0.10> <Spt= 0.01> <nCl=  0> <DB=23085.0000> <Mlp=23085.0000> <PB=-898.99999> 
<DWph=1> <it=  2> <et=4.64> <Mt= 0.00> <Spt= 0.00> <nCl=  0> <DB=23085.0000> <Mlp=23085.0000> <PB=-898.99999> 
<DWph=0> <it=  3> <et=4.68> <Mt= 0.00> <Spt= 0.04> <nCl=175> <DB=23037.0000> <Mlp=23085.0000> <PB=-898.99999> 
ColGenEvalAlg final dual bound: 23037 (rounded: 23037)
---- Diving heuristic node with dive number = 1, fix depth = 1 and tabu list size = 1
Fixed projected solution = [t_2_5_2_2_OspV=1, x_2_4_41_2_OspV=1, x_2_5_16_2_OspV=1, x_2_16_21_2_OspV=1, x_2_21_27_2_OspV=1, x_2_27_33_2_OspV=1, x_2_33_40_2_OspV=1, x_2_34_41_2_OspV=1, x_2_34_42_2_OspV=1, x_2_40_48_2_OspV=1, x_2_42_49_2_OspV=1, x_2_48_54_2_OspV=1, x_2_49_55_2_OspV=1, x_2_54_60_2_OspV=1, x_2_55_60_2_OspV=1, y_2_4_2_2_OspV=1]
<DWph=2> <it=  1> <et=4.83> <Mt= 0.07> <Spt= 0.00> <nCl=  0> <DB=47064.0000> <Mlp=47064.0000> <PB=-898.99999> 
<DWph=1> <it=  2> <et=4.83> <Mt= 0.00> <Spt= 0.01> <nCl=  0> <DB=47064.0000> <Mlp=47064.0000> <PB=-898.99999> 
<DWph=0> <it=  3> <et=4.86> <Mt= 0.00> <Spt= 0.03> <nCl=207> <DB= -891.3333> <Mlp=47064.0000> <PB=-898.99999> 
ColGenEvalAlg final dual bound: -891.333 (rounded: -891)
**** Strong branching phase 1 is started *****
SB phase 1 cand.  1 branch on t_4_1 (lhs=0.5000): [ -928.5000,  5070.0000], score = 46.51      <et=4.93>
SB phase 1 cand.  2 branch on t_5_2 (lhs=0.5000): [ -928.5000,  5070.0000], score = 46.51      <et=4.97>
SB phase 1 cand.  3 branch on t_3_1 (lhs=0.2500): [ -930.0000,  -912.0000], score = 0.00      <et=5.01>
SB phase 1 cand.  4 branch on t_3_2 (lhs=0.2500): [ -930.0000,  -870.0000], score = 0.00      <et=5.08>
SB phase 1 cand.  7 branch on y_4_2 (lhs=0.5000): [ -928.5000,  5070.0000], score = 46.51      <et=5.2>
SB phase 1 cand.  8 branch on y_5_3 (lhs=0.5000): [ -928.5000,  5070.0000], score = 46.51      <et=5.22>
**** Strong branching phase 2 is started *****
<DWph=0> <it=  8> <et=6.35> <Mt= 0.52> <Spt= 0.36> <nCl=706> <DB= -900.0000> <Mlp= -900.0000> <PB=-900> 
<DWph=0> <it=  5> <et=6.57> <Mt= 0.02> <Spt= 0.13> <nCl= 12> <DB= -928.5000> <Mlp= -928.5000> <PB=-900> 
SB phase 2 cand.  1 branch on t_4_1 (lhs=0.5000): [ -928.5000,  -900.0000], score = 45.00      <et=6.63>
<DWph=0> <it=  5> <et=6.86> <Mt= 0.02> <Spt= 0.16> <nCl=204> <DB= -882.0000> <Mlp= -882.0000> <PB=-900> 
<DWph=0> <it=  3> <et=6.90> <Mt= 0.01> <Spt= 0.00> <nCl=  0> <DB= -930.0000> <Mlp= -930.0000> <PB=-900> 
SB phase 2 cand.  2 branch on t_3_2 (lhs=0.2500): [ -930.0000,  -882.0000], score = 0.00      <et=6.93>
<DWph=0> <it=  6> <et=7.19> <Mt= 0.03> <Spt= 0.21> <nCl=459> <DB= -906.0000> <Mlp= -906.0000> <PB=-900> 
<DWph=0> <it=  3> <et=7.27> <Mt= 0.01> <Spt= 0.00> <nCl=  0> <DB= -930.0000> <Mlp= -930.0000> <PB=-900> 
SB phase 2 cand.  3 branch on t_6_1 (lhs=0.2500): [ -930.0000,  -906.0000], score = 0.00      <et=7.29>
**** Strong branching phase 3 is started *****
**** SB phase 3 evaluation of candidate 1, branch 1 ( t_4_1 >= 1 ), value = -900
**** SB phase 3 evaluation of candidate 1, branch 2 ( t_4_1 <= 0 ), value = -928.5
<DWph=2> <it=  1> <et=7.34> <Mt= 0.01> <Spt= 0.01> <nCl=  0> <DB= -928.5000> <Mlp= -928.5000> <PB=-900> 
<DWph=1> <it=  2> <et=7.35> <Mt= 0.00> <Spt= 0.00> <nCl=  0> <DB= -928.5000> <Mlp= -928.5000> <PB=-900> 
<DWph=0> <it=  3> <et=7.40> <Mt= 0.00> <Spt= 0.05> <nCl=  0> <DB= -928.5000> <Mlp= -928.5000> <PB=-900> 
Reduced cost fixing for graph G_3...  took 0 sec., done by inspection with 6315 solutions, remains 4975 (78.8%)
Reduced cost fixing for graph G_2...  took 0 sec., done by inspection with 31497 solutions, remains 26141 (83%)
Reduced cost fixing for graph G_1...  took 0 sec., done by inspection with 24133 solutions, remains 16984 (70.4%)
ColGenEvalAlg final dual bound: -928.5 (rounded: -928)
----- Add fac. cuts : R1C(147), max.viol = 0.25, aver.viol = 0.15068, sep/add took 0.01/0.08 sec. -----
2159 columns (2154 active), 353 dyn. constrs. (180 active), 644 art. vars. (467 active)
<DWph=2> <it=  1> <et=7.61> <Mt= 0.02> <Spt= 0.01> <nCl=  0> <DB= -927.0857> <Mlp= -927.0857> <PB=-900> 
<DWph=1> <it=  2> <et=7.61> <Mt= 0.01> <Spt= 0.00> <nCl=  0> <DB= -927.0857> <Mlp= -927.0857> <PB=-900> 
<DWph=0> <it=  3> <et=7.66> <Mt= 0.00> <Spt= 0.05> <nCl=  0> <DB= -927.0857> <Mlp= -927.0857> <PB=-900> 
Reduced cost fixing for graph G_3...  took 0 sec., done by inspection with 4975 solutions, remains 4354 (87.5%)
Reduced cost fixing for graph G_2...  took 0 sec., done by inspection with 26141 solutions, remains 21849 (83.6%)
Reduced cost fixing for graph G_1...  took 0 sec., done by inspection with 16984 solutions, remains 14940 (88%)
ColGenEvalAlg final dual bound: -927.086 (rounded: -927)
Gap improvement since the last cut separation : 0.0496241 (-928.5)
----- Add fac. cuts : R1C(217), max.viol = 0.142857, aver.viol = 0.0958525, sep/add took 0.02/0.13 sec. -----
2230 columns (2209 active), 570 dyn. constrs. (249 active), 861 art. vars. (536 active)
<DWph=2> <it=  1> <et=7.89> <Mt= 0.01> <Spt= 0.01> <nCl=  0> <DB= -927.0000> <Mlp= -927.0000> <PB=-900> 
<DWph=1> <it=  2> <et=7.90> <Mt= 0.00> <Spt= 0.00> <nCl=  0> <DB= -927.0000> <Mlp= -927.0000> <PB=-900> 
<DWph=0> <it=  3> <et=7.94> <Mt= 0.00> <Spt= 0.04> <nCl=  0> <DB= -927.0000> <Mlp= -927.0000> <PB=-900> 
Reduced cost fixing for graph G_3...  took 0 sec., done by inspection with 4354 solutions, remains 4277 (98.2%)
Reduced cost fixing for graph G_2...  took 0 sec., done by inspection with 21849 solutions, remains 20091 (92%)
Reduced cost fixing for graph G_1...  took 0 sec., done by inspection with 14940 solutions, remains 14857 (99.4%)
ColGenEvalAlg final dual bound: -927 (rounded: -927)
Gap improvement since the last cut separation : 0.00316456 (-927.086)
----- Add fac. cuts : sep. took 0.11 sec.----- no cuts found  -----
SB exact phase 3 branch on t_4_1 (lhs=0.5) : [-900, -927], tree depth = 2.687, tree size = 10.88, score = -2.6
New model incumbent solution -900, TIME = 0h0m8s18t = 818
************************************************************************************************
**** BaB tree node (N° 3, parent N° 1, depth 1)
**** Local DB = -927, global bounds : [ -927 , -900 ], TIME = 0h0m8s18t = 818
**** 2 open nodes, 2263 columns (2235 active), 218 dyn. constrs. (26 active), 505 art. vars. (313 active)
************************************************************************************************
**** Strong branching phase 2 is started *****
<DWph=0> <it=  6> <et=8.34> <Mt= 0.03> <Spt= 0.12> <nCl=382> <DB= -906.0000> <Mlp= -906.0000> <PB=-900> 
<DWph=0> <it=  3> <et=8.41> <Mt= 0.01> <Spt= 0.00> <nCl=  0> <DB= -927.0000> <Mlp= -927.0000> <PB=-900> 
SB phase 2 cand.  1 branch on t_6_1 (lhs=0.5000): [ -927.0000,  -906.0000], score = 0.00 (h)  <et=8.42>
**** Strong branching phase 3 is started *****
**** SB phase 3 evaluation of candidate 1, branch 1 ( t_6_1 >= 1 ), value = -906
<DWph=2> <it=  1> <et=8.45> <Mt= 0.00> <Spt= 0.01> <nCl=  0> <DB= -906.0000> <Mlp= -906.0000> <PB=-900> 
<DWph=1> <it=  2> <et=8.46> <Mt= 0.01> <Spt= 0.00> <nCl=  0> <DB= -906.0000> <Mlp= -906.0000> <PB=-900> 
<DWph=0> <it=  3> <et=8.49> <Mt= 0.00> <Spt= 0.04> <nCl=  0> <DB= -906.0000> <Mlp= -906.0000> <PB=-900> 
Reduced cost fixing for graph G_3...  took 0 sec., done by inspection with 4277 solutions, remains 18 (0.421%)
Reduced cost fixing for graph G_2...  took 0 sec., done by inspection with 20091 solutions, remains 49 (0.244%)
Reduced cost fixing for graph G_1...  took 0 sec., done by inspection with 14857 solutions, remains 65 (0.438%)
ColGenEvalAlg final dual bound: -906 (rounded: -906)
----- Terminating the node by MIP -----
**** SB phase 3 evaluation of candidate 1, branch 2 ( t_6_1 <= 0 ), value = -927
<DWph=2> <it=  1> <et=8.59> <Mt= 0.01> <Spt= 0.00> <nCl=  0> <DB= -927.0000> <Mlp= -927.0000> <PB=-900> 
<DWph=1> <it=  2> <et=8.59> <Mt= 0.00> <Spt= 0.00> <nCl=  0> <DB= -927.0000> <Mlp= -927.0000> <PB=-900> 
<DWph=0> <it=  3> <et=8.59> <Mt= 0.00> <Spt= 0.00> <nCl=  0> <DB= -927.0000> <Mlp= -927.0000> <PB=-900> 
ColGenEvalAlg final dual bound: -927 (rounded: -927)
----- Add fac. cuts : R1C(194), max.viol = 0.181818, aver.viol = 0.111528, sep/add took 0.01/0.09 sec. -----
2293 columns (2235 active), 222 dyn. constrs. (221 active), 509 art. vars. (508 active)
<DWph=2> <it=  1> <et=8.73> <Mt= 0.02> <Spt= 0.00> <nCl=  0> <DB= -927.0000> <Mlp= -927.0000> <PB=-900> 
<DWph=1> <it=  2> <et=8.74> <Mt= 0.00> <Spt= 0.00> <nCl=  0> <DB= -927.0000> <Mlp= -927.0000> <PB=-900> 
<DWph=0> <it=  3> <et=8.74> <Mt= 0.00> <Spt= 0.00> <nCl=  0> <DB= -927.0000> <Mlp= -927.0000> <PB=-900> 
ColGenEvalAlg final dual bound: -927 (rounded: -927)
Gap improvement since the last cut separation : -5.55802e-13 (-927)
----- Add fac. cuts : sep. took 0.07 sec.----- no cuts found  -----
SB exact phase 3 branch on t_6_1 (lhs=0.5) : [-900, -927], tree depth = 10.43, tree size = 2764, score = -12.04 (h)
************************************************************************************************
**** BaB tree node (N° 5, parent N° 3, depth 2)
**** Local DB = -927, global bounds : [ -927 , -900 ], TIME = 0h0m8s85t = 885
**** 3 open nodes, 2237 columns (2235 active), 222 dyn. constrs. (221 active), 509 art. vars. (508 active)
************************************************************************************************
**** Strong branching phase 1 is started *****
SB phase 1 cand.  1 branch on t_7_2 (lhs=0.2500): [ -927.0000,  1897.3846], score = 0.00 (h)  <et=8.9>
SB phase 1 cand.  2 branch on t_4_2 (lhs=0.5000): [ -903.0000,  5073.0000], score = 624.14      <et=8.94>
SB phase 1 cand.  3 branch on y_7_3 (lhs=0.2500): [ -927.0000,  1897.3846], score = 0.00 (h)  <et=8.98>
SB phase 1 cand.  4 branch on t_5_1 (lhs=0.5000): [ -918.0000,  5073.0000], score = 234.05      <et=9.02>
SB phase 1 cand.  6 branch on t_6_2 (lhs=0.2500): [ -921.0000,  5076.0000], score = 156.04      <et=9.09>
SB phase 1 cand.  7 branch on y_4_3 (lhs=0.5000): [ -903.0000,  5073.0000], score = 624.14      <et=9.13>
**** Strong branching phase 2 is started *****
<DWph=0> <it=  8> <et=9.76> <Mt= 0.28> <Spt= 0.24> <nCl=288> <DB= -900.0000> <Mlp= -900.0000> <PB=-900> 
<DWph=0> <it=  7> <et=10.25> <Mt= 0.19> <Spt= 0.25> <nCl=556> <DB= -909.0000> <Mlp= -909.0000> <PB=-900> 
SB phase 2 cand.  1 branch on t_4_2 (lhs=0.5000): [ -909.0000,  -900.0000], score = 468.00      <et=10.29>
<DWph=0> <it=  3> <et=10.41> <Mt= 0.01> <Spt= 0.04> <nCl= 11> <DB= 5053.0000> <Mlp= 5073.0000> <PB=-900> 
<DWph=0> <it=  6> <et=10.66> <Mt= 0.02> <Spt= 0.19> <nCl= 70> <DB= -918.0000> <Mlp= -918.0000> <PB=-900> 
SB phase 2 cand.  2 branch on t_5_1 (lhs=0.5000): [ -918.0000, 1000000000000.0000], score = 9000234.01      <et=10.68>
<DWph=0> <it=  7> <et=11.20> <Mt= 0.23> <Spt= 0.23> <nCl=456> <DB= -900.3750> <Mlp= -899.3750> <PB=-900> 
<DWph=0> <it=  6> <et=11.41> <Mt= 0.03> <Spt= 0.14> <nCl= 43> <DB= -921.0000> <Mlp= -921.0000> <PB=-900> 
SB phase 2 cand.  3 branch on t_6_2 (lhs=0.2500): [ -921.0000,  -899.3750], score = 156.00      <et=11.45>
**** Strong branching phase 3 is started *****
**** SB phase 3 evaluation of candidate 1, branch 1 ( t_5_1 >= 1 ), value = 1e+12
**** SB phase 3 evaluation of candidate 1, branch 2 ( t_5_1 <= 0 ), value = -918
<DWph=2> <it=  1> <et=11.49> <Mt= 0.00> <Spt= 0.00> <nCl=  0> <DB= -918.0000> <Mlp= -918.0000> <PB=-900> 
<DWph=1> <it=  2> <et=11.50> <Mt= 0.00> <Spt= 0.01> <nCl=  0> <DB= -918.0000> <Mlp= -918.0000> <PB=-900> 
<DWph=0> <it=  3> <et=11.54> <Mt= 0.00> <Spt= 0.04> <nCl=  0> <DB= -918.0000> <Mlp= -918.0000> <PB=-900> 
Reduced cost fixing for graph G_3...  took 0 sec., done by inspection with 4277 solutions, remains 901 (21.1%)
Reduced cost fixing for graph G_2...  took 0 sec., done by inspection with 20091 solutions, remains 3411 (17%)
Reduced cost fixing for graph G_1...  took 0 sec., done by inspection with 14857 solutions, remains 1851 (12.5%)
ColGenEvalAlg final dual bound: -918 (rounded: -918)
----- Terminating the node by MIP -----
 SB phase 3 candidate 1 is conquered !
************************************************************************************************
Search is finished, global bounds : [ -900 , -900 ], TIME = 0h0m12s68t = 1268
************************************************************************************************
[32mBaPCod : solution defined.[00m
statistics_cols: instance & :Optimal & cutoff & :bcRecRootDb & :bcTimeRootEval & :bcCountNodeProc & :bcRecBestDb & :bcRecBestInc & :bcTimeMain \\
statistics: 64-50-5-3 & 1 & -898.99999 & -930.00 & 4.42 & 7 & -900.00 & -900 & 12.68 \\
########################################################
trip 1 : 1 15 20 26 32 40 33 27 34 42 49 4 
trip 2 : 4 41 48 55 60 54 47 39 31 38 45 37 44 7 
trip 3 : 7 36 29 22 28 35 43 50 56 61 65 68 2 
tour : 1 15 20 26 32 40 33 27 34 42 49 4 41 48 55 60 54 47 39 31 38 45 37 44 7 36 29 22 28 35 43 50 56 61 65 68 2
Cost 900.0
########################################################
