Application parameters:
  batch  =>  nothing
  tikz  =>  "/TIKZ/64-75-5-3.tex"
  instance  =>  "/IN/64-75-5-3.ophs"
  out  =>  "/OUT/64-75-5-3.sol"
  nosolve  =>  false
  ub  =>  -1236
  complete  =>  false
  cfg  =>  "/BWTSP/src/../config/OPHS.cfg"
VRPSolver warning: Interval set for resource 1 on source node (when source != sink) is ignored (by definition is [0.0,0.0])
VRPSolver warning: Interval set for resource 1 on source node (when source != sink) is ignored (by definition is [0.0,0.0])
VRPSolver warning: Interval set for resource 1 on source node (when source != sink) is ignored (by definition is [0.0,0.0])
[41m solve [00m
~~~~~~~~~~~~~~~~~~~~~~~~~~~~~~~~~~~~~~~~~~~~~~~~~~~~~~~~~~~~~~~~~~~~~~~~~~~~~~
VRPSolver v0.4.1, 24/03/2021. Web: vrpsolver.math.u-bordeaux.fr
Corresponds to the solver by Pessoa, Sadykov, Uchoa and Vanderbeck (2020)
Paper: dx.doi.org/10.1007/s10107-020-01523-z
USE THIS CODE ONLY FOR ACADEMIC PURPOSES AT YOUR OWN RISK
~~~~~~~~~~~~~~~~~~~~~~~~~~~~~~~~~~~~~~~~~~~~~~~~~~~~~~~~~~~~~~~~~~~~~~~~~~~~~~
BaPCod v053, 24/03/2021, © Inria Bordeaux, France
~~~~~~~~~~~~~~~~~~~~~~~~~~~~~~~~~~~~~~~~~~~~~~~~~~~~~~~~~~~~~~~~~~~~~~~~~~~~~~
VRPSolver parameters:
GlobalTimeLimit = 18000
MaxNbOfBBtreeNodeTreated = 100000
treeSearchStrategy = 1
RCSPstopCutGenTimeThresholdInPricing = 10
RCSPhardTimeThresholdInPricing = 25
RCSPnumberOfBucketsPerVertex = 25
RCSPdynamicBucketSteps = 1
RCSPuseBidirectionalSearch = 2
RCSPapplyReducedCostFixing = 1
RCSPredCostFixingFalseGap = 0
RCSPmaxNumOfColsPerIteration = 30
RCSPmaxNumOfColsPerExactIteration = 150
RCSPheurLabelingStrategy = 0
StabilizationMinPhaseOfStage = 0
RCSPmaxNumOfLabelsInEnumeration = 0
RCSPmaxNumOfEnumeratedSolutions = 0
RCSPmaxNumOfEnumSolutionsForMIP = 10000
RCSPinitNGneighbourhoodSize = 8
RCSPmaxNGneighbourhoodSize = 8
RCSPrankOneCutsMaxNumPerRound = 100
RCSPrankOneCutsMaxNumRows = 5
RCSPrankOneCutsMemoryType = 0
CutTailingOffThreshold = 0.015
CutTailingOffCounterThreshold = 3
SafeDualBoundScaleFactor = -1
StrongBranchingPhaseOneCandidatesNumber = 100
StrongBranchingPhaseOneTreeSizeEstimRatio = 0.2
StrongBranchingPhaseTwoCandidatesNumber = 3
StrongBranchingPhaseTwoTreeSizeEstimRatio = 0.02
MaxTimeForRestrictedMasterIpHeur = -1
DivingHeurUseDepthLimit = 0
MaxLDSbreadth = 1
MaxLDSdepth = 10000
New model incumbent solution -1235, TIME = 0h0m0s2t = 2
Model is built TIME = 0h0m1s0t = 100
************************************************************************************************
**** BaB tree root node
**** Local DB = -1e+12, global bounds : [ -1e+12 , -1235 ], TIME = 0h0m1s0t = 100
**** 1 open nodes, 0 columns (0 active), 0 dyn. constrs. (0 active), 287 art. vars. (287 active)
************************************************************************************************
--------------------------------------------------------------------------
BaPCod info : first we run the root node with rank-1 cuts with node memory
--------------------------------------------------------------------------
<DWph=2> <it= 10> <et=1.16> <Mt= 0.00> <Spt= 0.14> <nCl=210> <DB=-1557.7643> <Mlp=-1172.2903> <PB=-1235> 
<DWph=2> <it= 20> <et=1.32> <Mt= 0.02> <Spt= 0.14> <nCl=179> <DB=-1295.8349> <Mlp=-1241.9150> <PB=-1235> 
<DWph=2> <it= 27> <et=1.47> <Mt= 0.01> <Spt= 0.14> <nCl= 80> <DB=-1248.0000> <Mlp=-1248.0000> <PB=-1235> 
<DWph=1> <it= 28> <et=1.54> <Mt= 0.00> <Spt= 0.06> <nCl=  0> <DB=-1248.0000> <Mlp=-1248.0000> <PB=-1235> 
<DWph=0> <it= 29> <et=1.73> <Mt= 0.00> <Spt= 0.20> <nCl=  0> <DB=-1248.0000> <Mlp=-1248.0000> <PB=-1235> 
Reduced cost fixing for graph G_3... took 0.05 sec., 17564 buck. arcs remain (24.1% from prev., 8.97% from max.)
Reduced cost fixing for graph G_2... took 0.09 sec., 21516 buck. arcs remain (27.2% from prev., 10.8% from max.)
Reduced cost fixing for graph G_1... took 0.06 sec., 12721 buck. arcs remain (16.4% from prev., 6.37% from max.)
ColGenEvalAlg final dual bound: -1248 (rounded: -1248)
----- Add fac. cuts : R1C(182), max.viol = 0.377138, aver.viol = 0.196091, sep/add took 0/0.06 sec. -----
1056 columns (1056 active), 182 dyn. constrs. (182 active), 469 art. vars. (469 active)
<DWph=2> <it= 10> <et=2.48> <Mt= 0.29> <Spt= 0.16> <nCl=116> <DB=-1248.0000> <Mlp=-1248.0000> <PB=-1235> 
<DWph=1> <it= 12> <et=2.52> <Mt= 0.00> <Spt= 0.04> <nCl=  1> <DB=-1248.0000> <Mlp=-1248.0000> <PB=-1235> 
<DWph=0> <it= 13> <et=2.52> <Mt= 0.01> <Spt= 0.00> <nCl=  0> <DB=-1248.0000> <Mlp=-1248.0000> <PB=-1235> 
ColGenEvalAlg final dual bound: -1248 (rounded: -1248)
Gap improvement since the last cut separation : -1.01444e-12 (-1248)
----- Add fac. cuts : R1C(187), max.viol = 0.380107, aver.viol = 0.151797, sep/add took 0.5/0.08 sec. -----
1191 columns (1191 active), 369 dyn. constrs. (369 active), 656 art. vars. (656 active)
<DWph=2> <it= 10> <et=4.16> <Mt= 0.83> <Spt= 0.20> <nCl=122> <DB=-1250.9638> <Mlp=-1246.3213> <PB=-1235> 
<DWph=2> <it= 15> <et=4.47> <Mt= 0.17> <Spt= 0.12> <nCl= 48> <DB=-1248.0000> <Mlp=-1248.0000> <PB=-1235> 
<DWph=1> <it= 16> <et=4.52> <Mt= 0.00> <Spt= 0.05> <nCl=  0> <DB=-1248.0000> <Mlp=-1248.0000> <PB=-1235> 
<DWph=0> <it= 17> <et=4.52> <Mt= 0.01> <Spt= 0.00> <nCl=  0> <DB=-1248.0000> <Mlp=-1248.0000> <PB=-1235> 
ColGenEvalAlg final dual bound: -1248 (rounded: -1248)
Gap improvement since the last cut separation : 1.64409e-12 (-1248)
----- Add fac. cuts : R1C(347), max.viol = 0.381977, aver.viol = 0.184317, sep/add took 0.74/0.2 sec. -----
1408 columns (1408 active), 716 dyn. constrs. (716 active), 1003 art. vars. (1003 active)
<DWph=2> <it= 10> <et=8.38> <Mt= 2.57> <Spt= 0.29> <nCl=120> <DB=-1250.0695> <Mlp=-1247.0569> <PB=-1235> 
<DWph=2> <it= 17> <et=9.48> <Mt= 0.86> <Spt= 0.22> <nCl= 64> <DB=-1248.0000> <Mlp=-1248.0000> <PB=-1235> 
<DWph=1> <it= 18> <et=9.53> <Mt= 0.00> <Spt= 0.04> <nCl=  0> <DB=-1248.0000> <Mlp=-1248.0000> <PB=-1235> 
<DWph=0> <it= 19> <et=9.53> <Mt= 0.01> <Spt= 0.00> <nCl=  0> <DB=-1248.0000> <Mlp=-1248.0000> <PB=-1235> 
ColGenEvalAlg final dual bound: -1248 (rounded: -1248)
Gap improvement since the last cut separation : 2.97335e-13 (-1248)
----- Add fac. cuts : R1C(327), max.viol = 0.289783, aver.viol = 0.127605, sep/add took 0.85/0.21 sec. -----
1623 columns (1623 active), 1043 dyn. constrs. (1043 active), 1330 art. vars. (1330 active)
<DWph=2> <it= 10> <et=17.97> <Mt= 6.91> <Spt= 0.42> <nCl=105> <DB=-1248.7587> <Mlp=-1247.6910> <PB=-1235> 
<DWph=2> <it= 15> <et=19.47> <Mt= 1.25> <Spt= 0.22> <nCl= 42> <DB=-1248.0000> <Mlp=-1248.0000> <PB=-1235> 
<DWph=1> <it= 16> <et=19.52> <Mt= 0.01> <Spt= 0.05> <nCl=  0> <DB=-1248.0000> <Mlp=-1248.0000> <PB=-1235> 
<DWph=0> <it= 17> <et=19.52> <Mt= 0.01> <Spt= 0.00> <nCl=  0> <DB=-1248.0000> <Mlp=-1248.0000> <PB=-1235> 
ColGenEvalAlg final dual bound: -1248 (rounded: -1248)
Gap improvement since the last cut separation : -7.52082e-13 (-1248)
----- Cut generation is stopped due to tailing off -----
----------- Diving heuristic started -----------
<DWph=2> <it=  1> <et=19.54> <Mt= 0.00> <Spt= 0.00> <nCl=  0> <DB=-1248.0000> <Mlp=-1248.0000> <PB=-1235> 
<DWph=1> <it=  2> <et=19.55> <Mt= 0.01> <Spt= 0.00> <nCl=  0> <DB=-1248.0000> <Mlp=-1248.0000> <PB=-1235> 
---- Diving heuristic node with dive number = 0, fix depth = 1 and tabu list size = 0
Fixed projected solution = [t_3_2_3_3_OspV=1, x_3_2_69_3_OspV=1, x_3_3_30_3_OspV=1, x_3_17_22_3_OspV=1, x_3_17_23_3_OspV=1, x_3_22_28_3_OspV=1, x_3_23_30_3_OspV=1, x_3_28_35_3_OspV=1, x_3_35_43_3_OspV=1, x_3_43_50_3_OspV=1, x_3_50_56_3_OspV=1, x_3_52_57_3_OspV=1, x_3_52_58_3_OspV=1, x_3_56_61_3_OspV=1, x_3_57_61_3_OspV=1, x_3_58_63_3_OspV=1, x_3_63_67_3_OspV=1, x_3_67_69_3_OspV=1, y_3_3_3_3_OspV=1]
<DWph=2> <it= 10> <et=22.28> <Mt= 2.50> <Spt= 0.18> <nCl= 96> <DB=-2768.3349> <Mlp=20407.4365> <PB=-1235> 
<DWph=2> <it= 20> <et=22.77> <Mt= 0.29> <Spt= 0.19> <nCl= 86> <DB=-1248.9116> <Mlp=-1122.9758> <PB=-1235> 
<DWph=2> <it= 30> <et=23.26> <Mt= 0.23> <Spt= 0.21> <nCl= 37> <DB=-1248.8026> <Mlp=-1187.6807> <PB=-1235> 
<DWph=2> <it= 40> <et=23.83> <Mt= 0.26> <Spt= 0.26> <nCl= 42> <DB=-1248.1985> <Mlp=-1204.5821> <PB=-1235> 
<DWph=2> <it= 50> <et=24.56> <Mt= 0.40> <Spt= 0.28> <nCl= 30> <DB=-1239.5275> <Mlp=-1220.0741> <PB=-1235> 
<DWph=2> <it= 60> <et=25.18> <Mt= 0.26> <Spt= 0.30> <nCl= 26> <DB=-1236.7355> <Mlp=-1223.1307> <PB=-1235> 
<DWph=2> <it= 70> <et=25.86> <Mt= 0.28> <Spt= 0.33> <nCl= 35> <DB=-1236.7289> <Mlp=-1224.9138> <PB=-1235> 
<DWph=2> <it= 80> <et=26.45> <Mt= 0.16> <Spt= 0.34> <nCl= 23> <DB=-1231.5835> <Mlp=-1225.3927> <PB=-1235> 
<DWph=2> <it= 90> <et=27.12> <Mt= 0.25> <Spt= 0.35> <nCl= 19> <DB=-1232.3068> <Mlp=-1226.0401> <PB=-1235> 
<DWph=2> <it= 95> <et=27.45> <Mt= 0.15> <Spt= 0.13> <nCl=  5> <DB=-1245.3708> <Mlp=-1226.6965> <PB=-1235> 
<DWph=1> <it=100> <et=27.88> <Mt= 0.11> <Spt= 0.28> <nCl= 19> <DB=-1247.1010> <Mlp=-1226.8060> <PB=-1235> 
<DWph=1> <it=110> <et=29.02> <Mt= 0.47> <Spt= 0.57> <nCl= 28> <DB=-1256.7371> <Mlp=-1229.8311> <PB=-1235> 
<DWph=1> <it=120> <et=30.23> <Mt= 0.48> <Spt= 0.62> <nCl= 28> <DB=-1247.4575> <Mlp=-1232.5653> <PB=-1235> 
<DWph=1> <it=130> <et=31.34> <Mt= 0.38> <Spt= 0.63> <nCl= 25> <DB=-1243.0574> <Mlp=-1233.7632> <PB=-1235> 
<DWph=1> <it=140> <et=32.41> <Mt= 0.31> <Spt= 0.64> <nCl= 22> <DB=-1246.1215> <Mlp=-1234.8741> <PB=-1235> 
<DWph=1> <it=150> <et=33.51> <Mt= 0.32> <Spt= 0.65> <nCl= 18> <DB=-1246.6684> <Mlp=-1235.8962> <PB=-1235> 
<DWph=1> <it=160> <et=34.68> <Mt= 0.31> <Spt= 0.73> <nCl= 17> <DB=-1238.4435> <Mlp=-1236.4644> <PB=-1235> 
<DWph=1> <it=170> <et=35.88> <Mt= 0.33> <Spt= 0.73> <nCl= 11> <DB=-1239.5659> <Mlp=-1236.8837> <PB=-1235> 
<DWph=1> <it=174> <et=36.38> <Mt= 0.10> <Spt= 0.32> <nCl=  5> <DB=-1248.3418> <Mlp=-1236.9642> <PB=-1235> 
---- Diving heuristic node with dive number = 0, fix depth = 2 and tabu list size = 0
Fixed projected solution = [t_2_3_2_2_OspV=1, x_2_3_37_2_OspV=1, x_2_4_32_2_OspV=1, x_2_29_36_2_OspV=1, x_2_29_37_2_OspV=1, x_2_32_40_2_OspV=1, x_2_34_41_2_OspV=1, x_2_34_42_2_OspV=1, x_2_36_44_2_OspV=1, x_2_40_41_2_OspV=1, x_2_42_49_2_OspV=1, x_2_44_51_2_OspV=1, x_2_45_46_2_OspV=1, x_2_45_51_2_OspV=1, x_2_46_53_2_OspV=1, x_2_49_55_2_OspV=1, x_2_53_59_2_OspV=1, x_2_55_60_2_OspV=1, x_2_59_64_2_OspV=1, x_2_60_64_2_OspV=1, y_2_4_2_2_OspV=1]
<DWph=2> <it= 10> <et=38.22> <Mt= 1.47> <Spt= 0.21> <nCl= 50> <DB=-11647.5694> <Mlp=22812.0000> <PB=-1235> 
<DWph=2> <it= 20> <et=38.62> <Mt= 0.07> <Spt= 0.19> <nCl= 40> <DB=14400.2268> <Mlp=22812.0000> <PB=-1235> 
<DWph=2> <it= 30> <et=39.06> <Mt= 0.05> <Spt= 0.22> <nCl= 24> <DB=22477.8526> <Mlp=22810.8000> <PB=-1235> 
<DWph=2> <it= 40> <et=39.44> <Mt= 0.06> <Spt= 0.19> <nCl= 46> <DB=17408.4108> <Mlp=10193.3333> <PB=-1235> 
<DWph=2> <it= 44> <et=39.56> <Mt= 0.02> <Spt= 0.06> <nCl=  6> <DB=-4191.0348> <Mlp=-1170.0000> <PB=-1235> 
<DWph=1> <it= 50> <et=39.85> <Mt= 0.03> <Spt= 0.17> <nCl= 13> <DB=-21107.8297> <Mlp=-1170.0000> <PB=-1235> 
<DWph=1> <it= 60> <et=40.25> <Mt= 0.05> <Spt= 0.23> <nCl= 10> <DB=-1290.0910> <Mlp=-1170.0000> <PB=-1235> 
<DWph=1> <it= 70> <et=40.45> <Mt= 0.05> <Spt= 0.10> <nCl= 10> <DB=-1205.9318> <Mlp=-1170.0000> <PB=-1235> 
<DWph=1> <it= 80> <et=40.65> <Mt= 0.05> <Spt= 0.11> <nCl= 10> <DB=-1213.0635> <Mlp=-1194.0000> <PB=-1235> 
<DWph=1> <it= 88> <et=40.82> <Mt= 0.04> <Spt= 0.09> <nCl=  7> <DB=-1194.0000> <Mlp=-1194.0000> <PB=-1235> 
---- Diving heuristic node with dive number = 1, fix depth = 2 and tabu list size = 1
Fixed projected solution = [t_2_3_2_2_OspV=1, x_2_3_37_2_OspV=1, x_2_6_26_2_OspV=1, x_2_26_33_2_OspV=1, x_2_29_36_2_OspV=1, x_2_29_37_2_OspV=1, x_2_33_34_2_OspV=1, x_2_34_42_2_OspV=1, x_2_36_44_2_OspV=1, x_2_38_45_2_OspV=1, x_2_38_46_2_OspV=1, x_2_42_49_2_OspV=1, x_2_44_51_2_OspV=1, x_2_45_51_2_OspV=1, x_2_46_53_2_OspV=1, x_2_49_55_2_OspV=1, x_2_53_59_2_OspV=1, x_2_55_60_2_OspV=1, x_2_59_64_2_OspV=1, x_2_60_64_2_OspV=1, y_2_6_2_2_OspV=1]
<DWph=2> <it= 10> <et=41.95> <Mt= 0.54> <Spt= 0.21> <nCl= 50> <DB=-4150.9712> <Mlp=22800.0000> <PB=-1235> 
<DWph=2> <it= 20> <et=42.38> <Mt= 0.07> <Spt= 0.21> <nCl= 45> <DB=-2033.6295> <Mlp=-1206.0000> <PB=-1235> 
<DWph=2> <it= 30> <et=42.85> <Mt= 0.06> <Spt= 0.24> <nCl= 22> <DB=-10714.8297> <Mlp=-1206.0000> <PB=-1235> 
<DWph=2> <it= 40> <et=43.29> <Mt= 0.05> <Spt= 0.22> <nCl= 26> <DB=-1265.2862> <Mlp=-1206.0000> <PB=-1235> 
<DWph=2> <it= 50> <et=43.66> <Mt= 0.04> <Spt= 0.18> <nCl= 16> <DB=-1217.4016> <Mlp=-1206.0000> <PB=-1235> 
<DWph=2> <it= 55> <et=43.82> <Mt= 0.03> <Spt= 0.08> <nCl=  5> <DB=-1212.0174> <Mlp=-1212.0000> <PB=-1235> 
<DWph=1> <it= 60> <et=43.95> <Mt= 0.02> <Spt= 0.07> <nCl=  8> <DB=-1240.6985> <Mlp=-1212.0000> <PB=-1235> 
<DWph=1> <it= 66> <et=44.06> <Mt= 0.03> <Spt= 0.07> <nCl=  7> <DB=-1212.0000> <Mlp=-1212.0000> <PB=-1235> 
---- Diving heuristic node with dive number = 2, fix depth = 1 and tabu list size = 1
Fixed projected solution = [t_2_6_2_2_OspV=1, x_2_4_32_2_OspV=1, x_2_6_26_2_OspV=1, x_2_16_20_2_OspV=1, x_2_16_21_2_OspV=1, x_2_20_25_2_OspV=1, x_2_21_27_2_OspV=1, x_2_25_26_2_OspV=1, x_2_27_33_2_OspV=1, x_2_32_40_2_OspV=1, x_2_33_41_2_OspV=1, x_2_34_41_2_OspV=1, x_2_34_42_2_OspV=1, x_2_40_48_2_OspV=1, x_2_42_49_2_OspV=1, x_2_48_54_2_OspV=1, x_2_49_55_2_OspV=1, x_2_54_59_2_OspV=1, x_2_55_60_2_OspV=1, x_2_59_64_2_OspV=1, x_2_60_64_2_OspV=1, y_2_4_2_2_OspV=1]
<DWph=2> <it= 10> <et=44.81> <Mt= 0.36> <Spt= 0.16> <nCl= 86> <DB=-2135.0507> <Mlp=46776.0000> <PB=-1235> 
<DWph=2> <it= 20> <et=45.60> <Mt= 0.59> <Spt= 0.16> <nCl= 79> <DB=-2034.5351> <Mlp=22824.0000> <PB=-1235> 
<DWph=2> <it= 30> <et=45.88> <Mt= 0.06> <Spt= 0.17> <nCl= 43> <DB=22452.0000> <Mlp=22824.0000> <PB=-1235> 
<DWph=2> <it= 40> <et=46.06> <Mt= 0.06> <Spt= 0.11> <nCl= 27> <DB=22544.0136> <Mlp=22824.0000> <PB=-1235> 
<DWph=2> <it= 50> <et=46.37> <Mt= 0.13> <Spt= 0.15> <nCl= 27> <DB=22256.9789> <Mlp=22812.8191> <PB=-1235> 
<DWph=2> <it= 60> <et=46.71> <Mt= 0.12> <Spt= 0.18> <nCl= 18> <DB=22785.9047> <Mlp=22798.3600> <PB=-1235> 
<DWph=2> <it= 70> <et=47.10> <Mt= 0.15> <Spt= 0.20> <nCl= 24> <DB=22755.8401> <Mlp=22784.9440> <PB=-1235> 
<DWph=2> <it= 80> <et=47.47> <Mt= 0.11> <Spt= 0.21> <nCl= 19> <DB=22719.2353> <Mlp=22780.6476> <PB=-1235> 
<DWph=2> <it= 90> <et=47.87> <Mt= 0.12> <Spt= 0.21> <nCl= 15> <DB=22803.3397> <Mlp=22775.5574> <PB=-1235> 
<DWph=2> <it=100> <et=48.31> <Mt= 0.16> <Spt= 0.23> <nCl= 17> <DB=22727.5783> <Mlp=22769.0158> <PB=-1235> 
<DWph=2> <it=110> <et=48.74> <Mt= 0.15> <Spt= 0.22> <nCl= 16> <DB=22783.3723> <Mlp=22767.3182> <PB=-1235> 
<DWph=2> <it=120> <et=49.16> <Mt= 0.08> <Spt= 0.27> <nCl= 13> <DB=22741.0945> <Mlp=22767.2371> <PB=-1235> 
<DWph=2> <it=130> <et=49.63> <Mt= 0.14> <Spt= 0.26> <nCl= 12> <DB=22755.4679> <Mlp=22765.8524> <PB=-1235> 
<DWph=2> <it=140> <et=50.01> <Mt= 0.11> <Spt= 0.21> <nCl= 12> <DB=22797.3045> <Mlp=22765.1269> <PB=-1235> 
<DWph=2> <it=150> <et=50.49> <Mt= 0.14> <Spt= 0.27> <nCl= 16> <DB=22750.4804> <Mlp=22763.7578> <PB=-1235> 
<DWph=2> <it=160> <et=50.99> <Mt= 0.19> <Spt= 0.24> <nCl= 14> <DB=22770.7351> <Mlp=22762.5259> <PB=-1235> 
<DWph=2> <it=170> <et=51.42> <Mt= 0.12> <Spt= 0.24> <nCl= 11> <DB=22750.9560> <Mlp=22762.3863> <PB=-1235> 
<DWph=2> <it=180> <et=51.91> <Mt= 0.14> <Spt= 0.27> <nCl= 11> <DB=22752.8287> <Mlp=22761.8310> <PB=-1235> 
<DWph=2> <it=190> <et=52.38> <Mt= 0.15> <Spt= 0.25> <nCl= 13> <DB=22761.1987> <Mlp=22761.3255> <PB=-1235> 
<DWph=2> <it=200> <et=52.84> <Mt= 0.13> <Spt= 0.25> <nCl= 11> <DB=22755.4605> <Mlp=22760.9861> <PB=-1235> 
<DWph=2> <it=210> <et=53.29> <Mt= 0.15> <Spt= 0.24> <nCl= 13> <DB=22758.6435> <Mlp=22760.5626> <PB=-1235> 
<DWph=2> <it=220> <et=53.70> <Mt= 0.13> <Spt= 0.22> <nCl= 12> <DB=22758.8416> <Mlp=22760.3942> <PB=-1235> 
<DWph=2> <it=230> <et=54.17> <Mt= 0.16> <Spt= 0.23> <nCl= 12> <DB=22751.9302> <Mlp=22760.2506> <PB=-1235> 
<DWph=2> <it=232> <et=54.27> <Mt= 0.03> <Spt= 0.06> <nCl=  1> <DB=22760.9051> <Mlp=22760.2027> <PB=-1235> 
<DWph=1> <it=240> <et=54.82> <Mt= 0.24> <Spt= 0.24> <nCl= 15> <DB=22743.0622> <Mlp=22757.5056> <PB=-1235> 
<DWph=1> <it=250> <et=55.42> <Mt= 0.19> <Spt= 0.31> <nCl= 12> <DB=22754.5828> <Mlp=22756.7440> <PB=-1235> 
<DWph=1> <it=260> <et=56.11> <Mt= 0.21> <Spt= 0.37> <nCl= 12> <DB=22754.7623> <Mlp=22756.2804> <PB=-1235> 
<DWph=1> <it=270> <et=56.75> <Mt= 0.17> <Spt= 0.35> <nCl= 14> <DB=22754.5333> <Mlp=22755.9800> <PB=-1235> 
<DWph=1> <it=280> <et=57.32> <Mt= 0.16> <Spt= 0.31> <nCl= 13> <DB=22753.1994> <Mlp=22755.7551> <PB=-1235> 
<DWph=1> <it=290> <et=58.00> <Mt= 0.17> <Spt= 0.38> <nCl= 11> <DB=22752.0843> <Mlp=22755.5140> <PB=-1235> 
<DWph=1> <it=300> <et=58.69> <Mt= 0.21> <Spt= 0.36> <nCl= 12> <DB=22753.8980> <Mlp=22754.9477> <PB=-1235> 
<DWph=1> <it=310> <et=59.43> <Mt= 0.16> <Spt= 0.44> <nCl= 11> <DB=22753.6203> <Mlp=22754.8210> <PB=-1235> 
<DWph=1> <it=320> <et=60.22> <Mt= 0.18> <Spt= 0.48> <nCl= 15> <DB=22750.8164> <Mlp=22754.6882> <PB=-1235> 
<DWph=1> <it=330> <et=60.87> <Mt= 0.14> <Spt= 0.38> <nCl= 12> <DB=22754.1238> <Mlp=22754.6321> <PB=-1235> 
<DWph=1> <it=334> <et=61.13> <Mt= 0.04> <Spt= 0.18> <nCl=  3> <DB=22754.6318> <Mlp=22754.6318> <PB=-1235> 
**** Strong branching phase 1 is started *****
SB phase 1 cand.  1 branch on t_4_1 (lhs=0.4826): [-1231.8293,  1084.5030], score = 37718.28      <et=68.87>
SB phase 1 cand.  2 branch on t_7_2 (lhs=0.3467): [-1244.4053,  4752.7657], score = 46.75      <et=76>
SB phase 1 cand.  3 branch on t_6_2 (lhs=0.3296): [-1245.2470,  4752.8096], score = 35.81      <et=85.79>
SB phase 1 cand.  4 branch on t_3_1 (lhs=0.3113): [-1242.8314,  1952.4004], score = 67.21      <et=93.71>
SB phase 1 cand. 11 branch on y_4_2 (lhs=0.4826): [-1231.8293,  1084.5030], score = 37718.28      <et=145.77>
**** Strong branching phase 2 is started *****
<DWph=1> <it= 89> <et=236.00> <Mt=15.64> <Spt= 4.90> <nCl=426> <DB=-1242.0000> <Mlp=-1242.0000> <PB=-1235> 
<DWph=1> <it= 56> <et=249.69> <Mt=10.84> <Spt= 2.11> <nCl=364> <DB=-1259.1742> <Mlp=-1248.0000> <PB=-1235> 
SB phase 2 cand.  1 branch on y_4_2 (lhs=0.4826): [-1248.0000, -1242.0000], score = 0.00      <et=249.7>
<DWph=1> <it= 55> <et=260.99> <Mt= 7.15> <Spt= 3.25> <nCl=302> <DB=-1242.0000> <Mlp=-1242.0000> <PB=-1235> 
<DWph=1> <it= 13> <et=267.04> <Mt= 5.47> <Spt= 0.42> <nCl=110> <DB=-1248.0000> <Mlp=-1248.0000> <PB=-1235> 
SB phase 2 cand.  2 branch on t_3_1 (lhs=0.3113): [-1248.0000, -1242.0000], score = 0.00      <et=267.05>
<DWph=1> <it= 93> <et=286.60> <Mt=13.25> <Spt= 4.69> <nCl=415> <DB=-1236.0000> <Mlp=-1236.0000> <PB=-1235> 
<DWph=1> <it= 16> <et=290.74> <Mt= 3.35> <Spt= 0.56> <nCl=133> <DB=-1248.0000> <Mlp=-1248.0000> <PB=-1235> 
SB phase 2 cand.  3 branch on y_7_3 (lhs=0.3467): [-1248.0000, -1236.0000], score = 0.00      <et=290.75>
**** Strong branching phase 3 is started *****
**** SB phase 3 evaluation of candidate 1, branch 1 ( y_7_3 >= 1 ), value = -1236
<DWph=2> <it=  1> <et=290.93> <Mt= 0.00> <Spt= 0.03> <nCl=  0> <DB=-1236.0000> <Mlp=-1236.0000> <PB=-1235> 
<DWph=1> <it=  2> <et=290.97> <Mt= 0.01> <Spt= 0.03> <nCl=  0> <DB=-1236.0000> <Mlp=-1236.0000> <PB=-1235> 
<DWph=0> <it=  3> <et=291.48> <Mt= 0.01> <Spt= 0.50> <nCl=  0> <DB=-1236.0000> <Mlp=-1236.0000> <PB=-1235> 
Reduced cost fixing for graph G_3... took 0.02 sec., 5992 buck. arcs remain (34.1% from prev., 3.06% from max.)
Reduced cost fixing for graph G_2... took 0.07 sec., 7157 buck. arcs remain (33.3% from prev., 3.59% from max.)
Reduced cost fixing for graph G_1... took 0.03 sec., 4664 buck. arcs remain (36.7% from prev., 2.34% from max.)
ColGenEvalAlg final dual bound: -1236 (rounded: -1236)
----- Add fac. cuts : R1C(154), max.viol = 0.190911, aver.viol = 0.113596, sep/add took 0/0.2 sec. -----
5548 columns (3191 active), 1199 dyn. constrs. (243 active), 1490 art. vars. (530 active)
<DWph=2> <it=  8> <et=293.23> <Mt= 1.14> <Spt= 0.16> <nCl= 38> <DB=-1236.0000> <Mlp=-1236.0000> <PB=-1235> 
<DWph=1> <it=  9> <et=293.26> <Mt= 0.01> <Spt= 0.03> <nCl=  0> <DB=-1236.0000> <Mlp=-1236.0000> <PB=-1235> 
ColGenEvalAlg final dual bound: -1236 (rounded: -1236)
Gap improvement since the last cut separation : -1.65981e-11 (-1236)
----- Add fac. cuts : R1C(255), max.viol = 0.268444, aver.viol = 0.131577, sep/add took 0.07/0.33 sec. -----
5625 columns (3268 active), 1454 dyn. constrs. (498 active), 1745 art. vars. (785 active)
<DWph=2> <it= 10> <et=296.89> <Mt= 2.86> <Spt= 0.24> <nCl= 45> <DB=-1236.7100> <Mlp=-1235.1921> <PB=-1235> 
<DWph=2> <it= 20> <et=297.88> <Mt= 0.65> <Spt= 0.23> <nCl= 35> <DB=-1236.1815> <Mlp=-1235.5519> <PB=-1235> 
<DWph=2> <it= 30> <et=298.74> <Mt= 0.51> <Spt= 0.23> <nCl= 37> <DB=-1236.0354> <Mlp=-1235.7266> <PB=-1235> 
<DWph=2> <it= 40> <et=299.64> <Mt= 0.56> <Spt= 0.24> <nCl= 37> <DB=-1236.0051> <Mlp=-1235.8515> <PB=-1235> 
<DWph=2> <it= 50> <et=300.37> <Mt= 0.39> <Spt= 0.22> <nCl= 23> <DB=-1236.0025> <Mlp=-1235.8853> <PB=-1235> 
<DWph=2> <it= 60> <et=301.04> <Mt= 0.22> <Spt= 0.29> <nCl= 15> <DB=-1235.9468> <Mlp=-1235.9007> <PB=-1235> 
<DWph=2> <it= 66> <et=301.42> <Mt= 0.10> <Spt= 0.19> <nCl=  5> <DB=-1235.9023> <Mlp=-1235.9023> <PB=-1235> 
<DWph=1> <it= 68> <et=301.89> <Mt= 0.39> <Spt= 0.06> <nCl=  6> <DB=-1236.0000> <Mlp=-1236.0000> <PB=-1235> 
<DWph=0> <it= 69> <et=301.89> <Mt= 0.01> <Spt= 0.00> <nCl=  0> <DB=-1236.0000> <Mlp=-1236.0000> <PB=-1235> 
ColGenEvalAlg final dual bound: -1236 (rounded: -1236)
Gap improvement since the last cut separation : -6.59377e-12 (-1236)
----- Add fac. cuts : R1C(350), max.viol = 0.261349, aver.viol = 0.123178, sep/add took 1.02/0.59 sec. -----
6155 columns (3798 active), 1804 dyn. constrs. (848 active), 2095 art. vars. (1135 active)
<DWph=2> <it= 10> <et=310.46> <Mt= 6.50> <Spt= 0.31> <nCl= 34> <DB=-1236.0662> <Mlp=-1235.1556> <PB=-1235> 
<DWph=2> <it= 20> <et=311.63> <Mt= 0.73> <Spt= 0.30> <nCl= 15> <DB=-1236.0950> <Mlp=-1235.2180> <PB=-1235> 
<DWph=2> <it= 21> <et=311.80> <Mt= 0.12> <Spt= 0.03> <nCl=  1> <DB=-1235.0036> <Mlp=-1235.2300> <PB=-1235> 
<DWph=1> <it= 30> <et=315.08> <Mt= 2.74> <Spt= 0.38> <nCl= 41> <DB=-1239.0002> <Mlp=-1235.8969> <PB=-1235> 
<DWph=1> <it= 33> <et=316.27> <Mt= 0.98> <Spt= 0.16> <nCl=  8> <DB=-1236.0000> <Mlp=-1236.0000> <PB=-1235> 
<DWph=0> <it= 34> <et=316.29> <Mt= 0.02> <Spt= 0.00> <nCl=  0> <DB=-1236.0000> <Mlp=-1236.0000> <PB=-1235> 
ColGenEvalAlg final dual bound: -1236 (rounded: -1236)
Gap improvement since the last cut separation : 4.61564e-11 (-1236)
----- Add fac. cuts : R1C(351), max.viol = 0.194833, aver.viol = 0.0880061, sep/add took 1.12/0.62 sec. -----
6413 columns (4056 active), 2155 dyn. constrs. (1199 active), 2446 art. vars. (1486 active)
<DWph=2> <it= 10> <et=335.69> <Mt=17.11> <Spt= 0.39> <nCl= 42> <DB=-1236.9719> <Mlp=-1235.3732> <PB=-1235> 
<DWph=2> <it= 20> <et=338.07> <Mt= 1.87> <Spt= 0.36> <nCl= 28> <DB=-1236.1533> <Mlp=-1235.4422> <PB=-1235> 
<DWph=2> <it= 25> <et=339.39> <Mt= 0.86> <Spt= 0.33> <nCl=  8> <DB=-1235.4677> <Mlp=-1235.4677> <PB=-1235> 
<DWph=1> <it= 30> <et=341.63> <Mt= 1.92> <Spt= 0.23> <nCl= 19> <DB=-1240.5286> <Mlp=-1235.5971> <PB=-1235> 
<DWph=1> <it= 40> <et=348.59> <Mt= 6.23> <Spt= 0.55> <nCl= 39> <DB=-1237.2283> <Mlp=-1235.9830> <PB=-1235> 
<DWph=1> <it= 42> <et=349.14> <Mt= 0.39> <Spt= 0.11> <nCl=  5> <DB=-1236.0000> <Mlp=-1236.0000> <PB=-1235> 
<DWph=0> <it= 43> <et=349.16> <Mt= 0.02> <Spt= 0.00> <nCl=  0> <DB=-1236.0000> <Mlp=-1236.0000> <PB=-1235> 
ColGenEvalAlg final dual bound: -1236 (rounded: -1236)
Gap improvement since the last cut separation : -1.72802e-11 (-1236)
----- Add fac. cuts : R1C(351), max.viol = 0.206581, aver.viol = 0.067786, sep/add took 1.25/0.68 sec. -----
6734 columns (4377 active), 2506 dyn. constrs. (1550 active), 2797 art. vars. (1837 active)
<DWph=2> <it= 10> <et=382.31> <Mt=30.59> <Spt= 0.46> <nCl= 34> <DB=-1237.4546> <Mlp=-1234.8474> <PB=-1235> 
<DWph=2> <it= 20> <et=386.84> <Mt= 3.81> <Spt= 0.51> <nCl= 28> <DB=-1235.8739> <Mlp=-1235.0039> <PB=-1235> 
<DWph=2> <it= 25> <et=387.81> <Mt= 0.65> <Spt= 0.22> <nCl=  4> <DB=-1235.0111> <Mlp=-1235.0111> <PB=-1235> 
<DWph=1> <it= 30> <et=392.71> <Mt= 4.53> <Spt= 0.28> <nCl= 20> <DB=-1242.4205> <Mlp=-1235.2549> <PB=-1235> 
<DWph=1> <it= 40> <et=408.38> <Mt=14.64> <Spt= 0.77> <nCl= 38> <DB=-1239.1117> <Mlp=-1235.9885> <PB=-1235> 
<DWph=1> <it= 42> <et=409.23> <Mt= 0.63> <Spt= 0.17> <nCl=  5> <DB=-1236.0000> <Mlp=-1236.0000> <PB=-1235> 
<DWph=0> <it= 43> <et=409.26> <Mt= 0.03> <Spt= 0.00> <nCl=  0> <DB=-1236.0000> <Mlp=-1236.0000> <PB=-1235> 
ColGenEvalAlg final dual bound: -1236 (rounded: -1236)
Gap improvement since the last cut separation : -2.84214e-11 (-1236)
----- Cut generation is stopped due to tailing off -----
**** SB phase 3 evaluation of candidate 1, branch 2 ( y_7_3 <= 0 ), value = -1248
<DWph=2> <it=  1> <et=412.82> <Mt= 3.01> <Spt= 0.00> <nCl=  0> <DB=-1248.0000> <Mlp=-1248.0000> <PB=-1235> 
<DWph=1> <it=  2> <et=412.82> <Mt= 0.01> <Spt= 0.00> <nCl=  0> <DB=-1248.0000> <Mlp=-1248.0000> <PB=-1235> 
<DWph=0> <it=  3> <et=412.82> <Mt= 0.00> <Spt= 0.00> <nCl=  0> <DB=-1248.0000> <Mlp=-1248.0000> <PB=-1235> 
ColGenEvalAlg final dual bound: -1248 (rounded: -1248)
----- Add fac. cuts : R1C(160), max.viol = 0.178294, aver.viol = 0.0668191, sep/add took 0.01/0.13 sec. -----
4877 columns (2010 active), 2666 dyn. constrs. (1204 active), 2953 art. vars. (1491 active)
<DWph=2> <it= 10> <et=422.62> <Mt= 9.02> <Spt= 0.50> <nCl= 91> <DB=-1248.2649> <Mlp=-1247.2863> <PB=-1235> 
<DWph=2> <it= 20> <et=425.79> <Mt= 2.53> <Spt= 0.51> <nCl= 66> <DB=-1248.0339> <Mlp=-1247.7234> <PB=-1235> 
<DWph=2> <it= 26> <et=428.83> <Mt= 2.73> <Spt= 0.26> <nCl= 35> <DB=-1248.0213> <Mlp=-1248.0000> <PB=-1235> 
<DWph=1> <it= 27> <et=428.84> <Mt= 0.01> <Spt= 0.00> <nCl=  0> <DB=-1248.0000> <Mlp=-1248.0000> <PB=-1235> 
<DWph=0> <it= 28> <et=428.85> <Mt= 0.00> <Spt= 0.00> <nCl=  0> <DB=-1248.0000> <Mlp=-1248.0000> <PB=-1235> 
ColGenEvalAlg final dual bound: -1248 (rounded: -1248)
Gap improvement since the last cut separation : -2.44864e-12 (-1248)
----- Add fac. cuts : R1C(253), max.viol = 0.189777, aver.viol = 0.0621933, sep/add took 0.14/0.26 sec. -----
5183 columns (2316 active), 2919 dyn. constrs. (1457 active), 3206 art. vars. (1744 active)
<DWph=2> <it= 10> <et=446.98> <Mt=16.98> <Spt= 0.61> <nCl= 77> <DB=-1248.0134> <Mlp=-1247.1168> <PB=-1235> 
<DWph=2> <it= 20> <et=451.96> <Mt= 4.24> <Spt= 0.60> <nCl= 61> <DB=-1248.0049> <Mlp=-1247.6223> <PB=-1235> 
<DWph=2> <it= 30> <et=458.71> <Mt= 6.05> <Spt= 0.57> <nCl= 54> <DB=-1248.0016> <Mlp=-1247.9269> <PB=-1235> 
<DWph=1> <it= 41> <et=461.77> <Mt= 2.42> <Spt= 0.51> <nCl= 42> <DB=-1248.0000> <Mlp=-1248.0000> <PB=-1235> 
<DWph=0> <it= 42> <et=461.78> <Mt= 0.01> <Spt= 0.00> <nCl=  0> <DB=-1248.0000> <Mlp=-1248.0000> <PB=-1235> 
ColGenEvalAlg final dual bound: -1248 (rounded: -1248)
Gap improvement since the last cut separation : 1.6091e-12 (-1248)
----- Add fac. cuts : R1C(342), max.viol = 0.188779, aver.viol = 0.0767343, sep/add took 1.36/0.45 sec. -----
5560 columns (2693 active), 3261 dyn. constrs. (1799 active), 3548 art. vars. (2086 active)
<DWph=2> <it= 10> <et=490.66> <Mt=26.19> <Spt= 0.72> <nCl= 63> <DB=-1248.0036> <Mlp=-1247.6084> <PB=-1235> 
<DWph=2> <it= 20> <et=497.58> <Mt= 6.05> <Spt= 0.71> <nCl= 48> <DB=-1248.0038> <Mlp=-1247.7643> <PB=-1235> 
<DWph=2> <it= 25> <et=508.22> <Mt=10.30> <Spt= 0.28> <nCl= 24> <DB=-1248.0040> <Mlp=-1248.0000> <PB=-1235> 
<DWph=1> <it= 26> <et=508.24> <Mt= 0.02> <Spt= 0.00> <nCl=  0> <DB=-1248.0000> <Mlp=-1248.0000> <PB=-1235> 
<DWph=0> <it= 27> <et=508.25> <Mt= 0.01> <Spt= 0.00> <nCl=  0> <DB=-1248.0000> <Mlp=-1248.0000> <PB=-1235> 
ColGenEvalAlg final dual bound: -1248 (rounded: -1248)
Gap improvement since the last cut separation : 9.96945e-13 (-1248)
----- Add fac. cuts : R1C(296), max.viol = 0.131723, aver.viol = 0.0581146, sep/add took 1.66/0.43 sec. -----
5768 columns (2901 active), 3557 dyn. constrs. (2095 active), 3844 art. vars. (2382 active)
<DWph=2> <it= 10> <et=551.22> <Mt=39.89> <Spt= 0.81> <nCl= 52> <DB=-1248.0050> <Mlp=-1247.3183> <PB=-1235> 
<DWph=2> <it= 20> <et=558.92> <Mt= 6.78> <Spt= 0.75> <nCl= 34> <DB=-1248.0001> <Mlp=-1247.5389> <PB=-1235> 
<DWph=2> <it= 30> <et=566.74> <Mt= 6.94> <Spt= 0.71> <nCl= 25> <DB=-1248.0010> <Mlp=-1247.7021> <PB=-1235> 
<DWph=2> <it= 35> <et=568.36> <Mt= 0.60> <Spt= 0.83> <nCl= 13> <DB=-1247.7050> <Mlp=-1247.7050> <PB=-1235> 
<DWph=1> <it= 37> <et=582.87> <Mt=14.40> <Spt= 0.12> <nCl=  7> <DB=-1271.2436> <Mlp=-1248.0000> <PB=-1235> 
<DWph=0> <it= 38> <et=582.88> <Mt= 0.00> <Spt= 0.00> <nCl=  0> <DB=-1248.0000> <Mlp=-1248.0000> <PB=-1235> 
ColGenEvalAlg final dual bound: -1248 (rounded: -1248)
Gap improvement since the last cut separation : -5.07218e-13 (-1248)
----- Add fac. cuts : R1C(291), max.viol = 0.138187, aver.viol = 0.0513652, sep/add took 1.66/0.43 sec. -----
6009 columns (3142 active), 3848 dyn. constrs. (2386 active), 4135 art. vars. (2673 active)
<DWph=2> <it= 10> <et=644.50> <Mt=58.15> <Spt= 1.13> <nCl= 38> <DB=-1251.0121> <Mlp=-1247.5466> <PB=-1235> 
<DWph=2> <it= 16> <et=650.15> <Mt= 4.67> <Spt= 0.82> <nCl= 17> <DB=-1249.7021> <Mlp=-1247.6231> <PB=-1235> 
<DWph=1> <it= 18> <et=668.82> <Mt=18.44> <Spt= 0.20> <nCl= 10> <DB=-1267.7073> <Mlp=-1248.0000> <PB=-1235> 
<DWph=0> <it= 19> <et=668.82> <Mt= 0.01> <Spt= 0.00> <nCl=  0> <DB=-1248.0000> <Mlp=-1248.0000> <PB=-1235> 
ColGenEvalAlg final dual bound: -1248 (rounded: -1248)
Gap improvement since the last cut separation : 9.44475e-13 (-1248)
----- Cut generation is stopped due to tailing off -----
SB exact phase 3 branch on y_7_3 (lhs=0.346704) : [-1236, -1248], tree depth = 11.19, tree size = 4682, score = -10.33
************************************************************************************************
**** BaB tree node (N° 3, parent N° 1, depth 1)
**** Local DB = -1248, global bounds : [ -1248 , -1235 ], TIME = 0h11m8s84t = 66884
**** 2 open nodes, 6116 columns (3249 active), 3848 dyn. constrs. (2386 active), 4135 art. vars. (2673 active)
************************************************************************************************
**** Strong branching phase 1 is started *****
SB phase 1 cand.  1 branch on t_3_1 (lhs=0.2491): [-1244.9888,  2302.5235], score = 39.16 (h)  <et=766.43>
SB phase 1 cand.  2 branch on y_4_2 (lhs=0.3702): [-1244.0963,  1312.2863], score = 50.76 (h)  <et=866.88>
SB phase 1 cand.  3 branch on t_4_1 (lhs=0.3702): [-1244.0963,  1312.2863], score = 50.76 (h)  <et=962.07>
SB phase 1 cand.  4 branch on y_3_2 (lhs=0.2491): [-1244.9888,  2302.5235], score = 39.16 (h)  <et=1068.08>
SB phase 1 cand.  5 branch on t_6_2 (lhs=0.3860): [-1242.0636,  4752.4477], score = 77.21 (h)  <et=1193.16>
SB phase 1 cand.  6 branch on y_6_3 (lhs=0.3860): [-1242.0636,  4752.4477], score = 77.21 (h)  <et=1306.41>
SB phase 1 cand. 11 branch on t_7_1 (lhs=0.3558): [-1236.4373,  1100.4779], score = 150.34 (h)  <et=1799.48>
SB phase 1 cand. 12 branch on y_7_2 (lhs=0.3558): [-1236.4373,  1100.4779], score = 150.34 (h)  <et=1893.01>
**** Strong branching phase 2 is started *****
SEARCH IS INTERRUPTED due to the pricing problem return status. 
<DWph=1> <it=  3> <et=2385.26> <Mt= 3.98> <Spt= 0.34> <nCl= 21> <DB=-7320.9654> <Mlp=-1168.1960> <PB=-1235> 
<DWph=1> <it=  0> <et=2385.33> <Mt= 0.00> <Spt= 0.00> <nCl=  0> <DB=-1248.0000> <Mlp=1000000000000.0000> <PB=-1235> 
SB phase 2 cand.  1 branch on t_7_1 (lhs=0.3558): [-1168.1960, 1000000000000.0000], score = 79803954217891.47 (h)  <et=2385.34>
**** Strong branching phase 3 is started *****
************************************************************************************************
Search is finished, global bounds : [ -1248 , -1235 ], TIME = 0h39m45s35t = 238535
************************************************************************************************
statistics_cols: instance & :Optimal & cutoff & :bcRecRootDb & :bcTimeRootEval & :bcCountNodeProc & :bcRecBestDb & :bcRecBestInc & :bcTimeMain \\
statistics: 64-75-5-3 & 0 & -1234.99999 & -1248.00 & 19.53 & 3 & -1248.00 & -- & 2385.35 \\
########################################################
Solution not found
########################################################
