Application parameters:
  batch  =>  nothing
  tikz  =>  "/TIKZ/66-130-5-3.tex"
  instance  =>  "/IN/66-130-5-3.ophs"
  out  =>  "/OUT/66-130-5-3.sol"
  nosolve  =>  false
  ub  =>  -1680
  complete  =>  false
  cfg  =>  "/BWTSP/src/../config/OPHS.cfg"
VRPSolver warning: Interval set for resource 1 on source node (when source != sink) is ignored (by definition is [0.0,0.0])
VRPSolver warning: Interval set for resource 1 on source node (when source != sink) is ignored (by definition is [0.0,0.0])
VRPSolver warning: Interval set for resource 1 on source node (when source != sink) is ignored (by definition is [0.0,0.0])
[41m solve [00m
~~~~~~~~~~~~~~~~~~~~~~~~~~~~~~~~~~~~~~~~~~~~~~~~~~~~~~~~~~~~~~~~~~~~~~~~~~~~~~
VRPSolver v0.4.1, 24/03/2021. Web: vrpsolver.math.u-bordeaux.fr
Corresponds to the solver by Pessoa, Sadykov, Uchoa and Vanderbeck (2020)
Paper: dx.doi.org/10.1007/s10107-020-01523-z
USE THIS CODE ONLY FOR ACADEMIC PURPOSES AT YOUR OWN RISK
~~~~~~~~~~~~~~~~~~~~~~~~~~~~~~~~~~~~~~~~~~~~~~~~~~~~~~~~~~~~~~~~~~~~~~~~~~~~~~
BaPCod v053, 24/03/2021, © Inria Bordeaux, France
~~~~~~~~~~~~~~~~~~~~~~~~~~~~~~~~~~~~~~~~~~~~~~~~~~~~~~~~~~~~~~~~~~~~~~~~~~~~~~
VRPSolver parameters:
GlobalTimeLimit = 18000
MaxNbOfBBtreeNodeTreated = 100000
treeSearchStrategy = 1
RCSPstopCutGenTimeThresholdInPricing = 10
RCSPhardTimeThresholdInPricing = 25
RCSPnumberOfBucketsPerVertex = 25
RCSPdynamicBucketSteps = 1
RCSPuseBidirectionalSearch = 2
RCSPapplyReducedCostFixing = 1
RCSPredCostFixingFalseGap = 0
RCSPmaxNumOfColsPerIteration = 30
RCSPmaxNumOfColsPerExactIteration = 150
RCSPheurLabelingStrategy = 0
StabilizationMinPhaseOfStage = 0
RCSPmaxNumOfLabelsInEnumeration = 0
RCSPmaxNumOfEnumeratedSolutions = 0
RCSPmaxNumOfEnumSolutionsForMIP = 10000
RCSPinitNGneighbourhoodSize = 8
RCSPmaxNGneighbourhoodSize = 8
RCSPrankOneCutsMaxNumPerRound = 100
RCSPrankOneCutsMaxNumRows = 5
RCSPrankOneCutsMemoryType = 0
CutTailingOffThreshold = 0.015
CutTailingOffCounterThreshold = 3
SafeDualBoundScaleFactor = -1
StrongBranchingPhaseOneCandidatesNumber = 100
StrongBranchingPhaseOneTreeSizeEstimRatio = 0.2
StrongBranchingPhaseTwoCandidatesNumber = 3
StrongBranchingPhaseTwoTreeSizeEstimRatio = 0.02
MaxTimeForRestrictedMasterIpHeur = -1
DivingHeurUseDepthLimit = 0
MaxLDSbreadth = 1
MaxLDSdepth = 10000
New model incumbent solution -1679, TIME = 0h0m0s2t = 2
Model is built TIME = 0h0m1s5t = 105
************************************************************************************************
**** BaB tree root node
**** Local DB = -1e+12, global bounds : [ -1e+12 , -1679 ], TIME = 0h0m1s5t = 105
**** 1 open nodes, 0 columns (0 active), 0 dyn. constrs. (0 active), 295 art. vars. (295 active)
************************************************************************************************
--------------------------------------------------------------------------
BaPCod info : first we run the root node with rank-1 cuts with node memory
--------------------------------------------------------------------------
<DWph=2> <it= 10> <et=1.22> <Mt= 0.00> <Spt= 0.15> <nCl=200> <DB=-63020.6956> <Mlp= 2647.3351> <PB=-1679> 
<DWph=2> <it= 20> <et=1.41> <Mt= 0.03> <Spt= 0.17> <nCl=207> <DB=-1896.1459> <Mlp=-1660.8390> <PB=-1679> 
<DWph=2> <it= 29> <et=1.63> <Mt= 0.03> <Spt= 0.17> <nCl=164> <DB=-1680.0000> <Mlp=-1680.0000> <PB=-1679> 
<DWph=1> <it= 30> <et=1.64> <Mt= 0.01> <Spt= 0.01> <nCl=  0> <DB=-1680.0000> <Mlp=-1680.0000> <PB=-1679> 
<DWph=0> <it= 31> <et=1.69> <Mt= 0.00> <Spt= 0.05> <nCl=  0> <DB=-1680.0000> <Mlp=-1680.0000> <PB=-1679> 
Reduced cost fixing for graph G_3... took 0.07 sec., 78828 buck. arcs remain (92.7% from prev., 37% from max.)
Reduced cost fixing for graph G_2... took 0.07 sec., 82645 buck. arcs remain (93.4% from prev., 38.8% from max.)
Reduced cost fixing for graph G_1... took 0.07 sec., 82485 buck. arcs remain (93.4% from prev., 38.7% from max.)
ColGenEvalAlg final dual bound: -1680 (rounded: -1680)
----- Add fac. cuts : R1C(95), max.viol = 0.423004, aver.viol = 0.219279, sep/add took 0.15/0.02 sec. -----
1205 columns (1205 active), 95 dyn. constrs. (95 active), 390 art. vars. (390 active)
<DWph=2> <it= 10> <et=2.51> <Mt= 0.12> <Spt= 0.27> <nCl=210> <DB=-1862.3595> <Mlp=-1631.7616> <PB=-1679> 
<DWph=2> <it= 20> <et=2.88> <Mt= 0.09> <Spt= 0.27> <nCl=207> <DB=-1695.5277> <Mlp=-1668.0751> <PB=-1679> 
<DWph=2> <it= 30> <et=3.27> <Mt= 0.10> <Spt= 0.27> <nCl=210> <DB=-1681.5789> <Mlp=-1676.1290> <PB=-1679> 
<DWph=2> <it= 38> <et=3.60> <Mt= 0.08> <Spt= 0.25> <nCl=141> <DB=-1680.0000> <Mlp=-1680.0000> <PB=-1679> 
<DWph=1> <it= 39> <et=3.64> <Mt= 0.00> <Spt= 0.03> <nCl=  0> <DB=-1680.0000> <Mlp=-1680.0000> <PB=-1679> 
ColGenEvalAlg final dual bound: -1680 (rounded: -1680)
Gap improvement since the last cut separation : 0 (-1680)
----- Add fac. cuts : R1C(263), max.viol = 0.402613, aver.viol = 0.19241, sep/add took 0.44/0.15 sec. -----
1982 columns (1982 active), 358 dyn. constrs. (358 active), 653 art. vars. (653 active)
<DWph=2> <it= 10> <et=5.94> <Mt= 1.23> <Spt= 0.44> <nCl=209> <DB=-1695.4612> <Mlp=-1660.9129> <PB=-1679> 
<DWph=2> <it= 20> <et=7.01> <Mt= 0.63> <Spt= 0.42> <nCl=210> <DB=-1682.2898> <Mlp=-1676.1709> <PB=-1679> 
<DWph=2> <it= 30> <et=7.87> <Mt= 0.41> <Spt= 0.41> <nCl=176> <DB=-1680.0000> <Mlp=-1680.0000> <PB=-1679> 
<DWph=1> <it= 31> <et=7.91> <Mt= 0.00> <Spt= 0.04> <nCl=  0> <DB=-1680.0000> <Mlp=-1680.0000> <PB=-1679> 
<DWph=0> <it= 32> <et=7.91> <Mt= 0.01> <Spt= 0.00> <nCl=  0> <DB=-1680.0000> <Mlp=-1680.0000> <PB=-1679> 
ColGenEvalAlg final dual bound: -1680 (rounded: -1680)
Gap improvement since the last cut separation : 0 (-1680)
----- Add fac. cuts : R1C(307), max.viol = 0.488793, aver.viol = 0.180712, sep/add took 0.55/0.28 sec. -----
2591 columns (2591 active), 665 dyn. constrs. (665 active), 960 art. vars. (960 active)
<DWph=2> <it= 10> <et=13.88> <Mt= 4.43> <Spt= 0.65> <nCl=206> <DB=-1687.8922> <Mlp=-1667.8764> <PB=-1679> 
<DWph=2> <it= 20> <et=16.57> <Mt= 2.02> <Spt= 0.63> <nCl=195> <DB=-1681.1900> <Mlp=-1676.9428> <PB=-1679> 
<DWph=2> <it= 30> <et=18.83> <Mt= 1.61> <Spt= 0.61> <nCl=199> <DB=-1680.2145> <Mlp=-1679.9664> <PB=-1679> 
<DWph=2> <it= 31> <et=18.90> <Mt= 0.01> <Spt= 0.05> <nCl=  0> <DB=-1680.0000> <Mlp=-1680.0000> <PB=-1679> 
<DWph=1> <it= 32> <et=18.94> <Mt= 0.01> <Spt= 0.04> <nCl=  0> <DB=-1680.0000> <Mlp=-1680.0000> <PB=-1679> 
<DWph=0> <it= 33> <et=18.95> <Mt= 0.00> <Spt= 0.00> <nCl=  0> <DB=-1680.0000> <Mlp=-1680.0000> <PB=-1679> 
ColGenEvalAlg final dual bound: -1680 (rounded: -1680)
Gap improvement since the last cut separation : 0 (-1680)
----- Cut generation is stopped due to tailing off -----
----------- Diving heuristic started -----------
<DWph=2> <it=  1> <et=18.96> <Mt= 0.00> <Spt= 0.00> <nCl=  0> <DB=-1680.0000> <Mlp=-1680.0000> <PB=-1679> 
<DWph=1> <it=  2> <et=18.97> <Mt= 0.01> <Spt= 0.00> <nCl=  0> <DB=-1680.0000> <Mlp=-1680.0000> <PB=-1679> 
---- Diving heuristic node with dive number = 0, fix depth = 1 and tabu list size = 0
Fixed projected solution = [t_3_2_3_3_OspV=1, x_3_2_44_3_OspV=1, x_3_4_66_3_OspV=1, x_3_41_42_3_OspV=1, x_3_41_49_3_OspV=1, x_3_42_50_3_OspV=1, x_3_44_52_3_OspV=1, x_3_49_57_3_OspV=1, x_3_50_51_3_OspV=1, x_3_51_52_3_OspV=1, x_3_57_58_3_OspV=1, x_3_58_59_3_OspV=1, x_3_59_60_3_OspV=1, x_3_60_61_3_OspV=1, x_3_61_62_3_OspV=1, x_3_62_63_3_OspV=1, x_3_63_71_3_OspV=1, x_3_66_67_3_OspV=1, x_3_67_68_3_OspV=1, x_3_68_69_3_OspV=1, x_3_69_70_3_OspV=1, x_3_70_71_3_OspV=1, y_3_4_3_3_OspV=1]
<DWph=2> <it= 10> <et=20.83> <Mt= 1.52> <Spt= 0.29> <nCl=140> <DB=-2095.0764> <Mlp=-1295.1875> <PB=-1679> 
<DWph=2> <it= 20> <et=21.42> <Mt= 0.25> <Spt= 0.30> <nCl=139> <DB=-1702.0355> <Mlp=-1395.1667> <PB=-1679> 
<DWph=2> <it= 30> <et=22.30> <Mt= 0.54> <Spt= 0.31> <nCl=134> <DB=-1687.0164> <Mlp=-1470.0000> <PB=-1679> 
<DWph=2> <it= 40> <et=23.73> <Mt= 1.09> <Spt= 0.31> <nCl=134> <DB=-1682.2036> <Mlp=-1536.0243> <PB=-1679> 
<DWph=2> <it= 50> <et=24.53> <Mt= 0.45> <Spt= 0.30> <nCl=140> <DB=-1680.6155> <Mlp=-1592.7933> <PB=-1679> 
<DWph=2> <it= 60> <et=25.66> <Mt= 0.76> <Spt= 0.33> <nCl=140> <DB=-1680.2009> <Mlp=-1609.8504> <PB=-1679> 
<DWph=2> <it= 70> <et=27.02> <Mt= 0.96> <Spt= 0.35> <nCl=133> <DB=-1680.1134> <Mlp=-1620.9700> <PB=-1679> 
<DWph=2> <it= 80> <et=28.58> <Mt= 1.17> <Spt= 0.34> <nCl=134> <DB=-1680.1248> <Mlp=-1629.6145> <PB=-1679> 
<DWph=2> <it= 90> <et=29.68> <Mt= 0.70> <Spt= 0.35> <nCl=132> <DB=-1680.0944> <Mlp=-1633.2112> <PB=-1679> 
<DWph=2> <it=100> <et=30.87> <Mt= 0.79> <Spt= 0.34> <nCl=133> <DB=-1680.0833> <Mlp=-1636.7818> <PB=-1679> 
<DWph=2> <it=110> <et=32.48> <Mt= 1.19> <Spt= 0.37> <nCl=136> <DB=-1680.0812> <Mlp=-1642.4819> <PB=-1679> 
<DWph=2> <it=120> <et=34.45> <Mt= 1.56> <Spt= 0.35> <nCl=140> <DB=-1680.1284> <Mlp=-1646.7511> <PB=-1679> 
<DWph=2> <it=130> <et=36.53> <Mt= 1.64> <Spt= 0.37> <nCl=136> <DB=-1680.1656> <Mlp=-1651.7062> <PB=-1679> 
<DWph=2> <it=140> <et=38.17> <Mt= 1.20> <Spt= 0.37> <nCl=129> <DB=-1680.0706> <Mlp=-1654.5558> <PB=-1679> 
<DWph=2> <it=150> <et=39.20> <Mt= 0.59> <Spt= 0.37> <nCl=135> <DB=-1680.0580> <Mlp=-1655.6987> <PB=-1679> 
<DWph=2> <it=160> <et=40.63> <Mt= 0.99> <Spt= 0.38> <nCl=124> <DB=-1680.0382> <Mlp=-1657.4141> <PB=-1679> 
<DWph=2> <it=170> <et=41.90> <Mt= 0.81> <Spt= 0.38> <nCl=128> <DB=-1680.0395> <Mlp=-1659.0401> <PB=-1679> 
<DWph=2> <it=180> <et=43.96> <Mt= 1.60> <Spt= 0.38> <nCl=122> <DB=-1680.0599> <Mlp=-1663.0479> <PB=-1679> 
<DWph=2> <it=190> <et=45.37> <Mt= 0.95> <Spt= 0.38> <nCl=111> <DB=-1680.0323> <Mlp=-1664.4716> <PB=-1679> 
<DWph=2> <it=200> <et=46.62> <Mt= 0.79> <Spt= 0.38> <nCl=121> <DB=-1680.0249> <Mlp=-1665.5647> <PB=-1679> 
<DWph=2> <it=210> <et=49.15> <Mt= 2.05> <Spt= 0.39> <nCl=127> <DB=-1680.0466> <Mlp=-1669.2174> <PB=-1679> 
<DWph=2> <it=220> <et=50.83> <Mt= 1.19> <Spt= 0.39> <nCl=131> <DB=-1680.0327> <Mlp=-1670.8270> <PB=-1679> 
<DWph=2> <it=230> <et=52.53> <Mt= 1.21> <Spt= 0.41> <nCl=131> <DB=-1680.0344> <Mlp=-1671.5701> <PB=-1679> 
<DWph=2> <it=240> <et=54.00> <Mt= 0.96> <Spt= 0.40> <nCl=110> <DB=-1680.0324> <Mlp=-1672.2227> <PB=-1679> 
<DWph=2> <it=250> <et=55.96> <Mt= 1.46> <Spt= 0.41> <nCl=127> <DB=-1680.0311> <Mlp=-1673.0578> <PB=-1679> 
<DWph=2> <it=260> <et=57.97> <Mt= 1.52> <Spt= 0.39> <nCl=107> <DB=-1680.0123> <Mlp=-1673.8718> <PB=-1679> 
<DWph=2> <it=270> <et=58.97> <Mt= 0.50> <Spt= 0.39> <nCl=115> <DB=-1680.0207> <Mlp=-1674.0564> <PB=-1679> 
<DWph=2> <it=280> <et=60.39> <Mt= 0.91> <Spt= 0.40> <nCl= 82> <DB=-1680.0117> <Mlp=-1674.2864> <PB=-1679> 
<DWph=2> <it=290> <et=62.57> <Mt= 1.67> <Spt= 0.41> <nCl=109> <DB=-1680.0149> <Mlp=-1674.6086> <PB=-1679> 
<DWph=2> <it=300> <et=63.96> <Mt= 0.87> <Spt= 0.40> <nCl= 98> <DB=-1680.0100> <Mlp=-1674.7265> <PB=-1679> 
<DWph=2> <it=310> <et=65.01> <Mt= 0.55> <Spt= 0.40> <nCl= 70> <DB=-1680.0042> <Mlp=-1674.8578> <PB=-1679> 
<DWph=2> <it=320> <et=66.00> <Mt= 0.45> <Spt= 0.41> <nCl= 91> <DB=-1680.0073> <Mlp=-1674.9188> <PB=-1679> 
<DWph=2> <it=330> <et=68.36> <Mt= 1.85> <Spt= 0.40> <nCl=101> <DB=-1680.0080> <Mlp=-1675.4784> <PB=-1679> 
<DWph=2> <it=340> <et=69.92> <Mt= 1.05> <Spt= 0.38> <nCl=119> <DB=-1680.0107> <Mlp=-1675.8900> <PB=-1679> 
<DWph=2> <it=350> <et=71.89> <Mt= 1.46> <Spt= 0.39> <nCl= 89> <DB=-1680.0107> <Mlp=-1676.2613> <PB=-1679> 
<DWph=2> <it=360> <et=73.19> <Mt= 0.78> <Spt= 0.39> <nCl= 90> <DB=-1680.0134> <Mlp=-1676.4088> <PB=-1679> 
<DWph=2> <it=370> <et=74.37> <Mt= 0.65> <Spt= 0.40> <nCl= 96> <DB=-1680.0109> <Mlp=-1676.5133> <PB=-1679> 
<DWph=2> <it=380> <et=76.08> <Mt= 1.20> <Spt= 0.38> <nCl=113> <DB=-1680.0093> <Mlp=-1676.7727> <PB=-1679> 
<DWph=2> <it=390> <et=78.30> <Mt= 1.72> <Spt= 0.37> <nCl=114> <DB=-1680.0099> <Mlp=-1677.0531> <PB=-1679> 
<DWph=2> <it=400> <et=79.61> <Mt= 0.78> <Spt= 0.39> <nCl=110> <DB=-1680.0027> <Mlp=-1677.1348> <PB=-1679> 
<DWph=2> <it=410> <et=81.15> <Mt= 1.00> <Spt= 0.40> <nCl= 92> <DB=-1680.0049> <Mlp=-1677.2735> <PB=-1679> 
<DWph=2> <it=420> <et=82.48> <Mt= 0.79> <Spt= 0.40> <nCl=104> <DB=-1680.0049> <Mlp=-1677.3362> <PB=-1679> 
<DWph=2> <it=430> <et=84.14> <Mt= 1.11> <Spt= 0.40> <nCl=102> <DB=-1680.0018> <Mlp=-1677.4740> <PB=-1679> 
<DWph=2> <it=440> <et=86.13> <Mt= 1.45> <Spt= 0.39> <nCl= 84> <DB=-1680.0067> <Mlp=-1677.7145> <PB=-1679> 
<DWph=2> <it=450> <et=87.98> <Mt= 1.31> <Spt= 0.40> <nCl= 71> <DB=-1680.0078> <Mlp=-1677.7791> <PB=-1679> 
<DWph=2> <it=460> <et=89.32> <Mt= 0.82> <Spt= 0.38> <nCl= 68> <DB=-1680.0038> <Mlp=-1677.8483> <PB=-1679> 
<DWph=2> <it=470> <et=91.31> <Mt= 1.42> <Spt= 0.40> <nCl= 61> <DB=-1680.2071> <Mlp=-1677.9444> <PB=-1679> 
<DWph=2> <it=480> <et=96.45> <Mt= 4.52> <Spt= 0.45> <nCl= 95> <DB=-1680.1730> <Mlp=-1678.1867> <PB=-1679> 
<DWph=2> <it=490> <et=100.80> <Mt= 3.72> <Spt= 0.45> <nCl= 91> <DB=-1680.0643> <Mlp=-1678.2985> <PB=-1679> 
<DWph=2> <it=500> <et=104.62> <Mt= 3.16> <Spt= 0.46> <nCl= 67> <DB=-1680.0389> <Mlp=-1678.3471> <PB=-1679> 
<DWph=2> <it=510> <et=108.17> <Mt= 2.85> <Spt= 0.49> <nCl= 59> <DB=-1680.1119> <Mlp=-1678.3786> <PB=-1679> 
<DWph=2> <it=520> <et=109.62> <Mt= 0.73> <Spt= 0.50> <nCl= 45> <DB=-1681.0183> <Mlp=-1678.3877> <PB=-1679> 
<DWph=2> <it=530> <et=113.68> <Mt= 3.29> <Spt= 0.54> <nCl= 50> <DB=-1680.9343> <Mlp=-1678.4589> <PB=-1679> 
<DWph=2> <it=539> <et=119.29> <Mt= 4.86> <Spt= 0.52> <nCl= 30> <DB=-1678.4377> <Mlp=-1678.5646> <PB=-1679> 
<DWph=1> <it=540> <et=119.55> <Mt= 0.03> <Spt= 0.20> <nCl=  9> <DB=-1685.5875> <Mlp=-1678.5646> <PB=-1679> 
<DWph=1> <it=550> <et=135.84> <Mt=13.86> <Spt= 2.16> <nCl= 82> <DB=-1685.2713> <Mlp=-1679.8354> <PB=-1679> 
<DWph=1> <it=553> <et=145.78> <Mt= 8.62> <Spt= 1.17> <nCl= 14> <DB=-1680.0000> <Mlp=-1680.0000> <PB=-1679> 
---- Diving heuristic node with dive number = 0, fix depth = 2 and tabu list size = 0
Fixed projected solution = [t_1_6_1_1_OspV=1, x_1_1_35_1_OspV=1, x_1_6_28_1_OspV=1, x_1_13_14_1_OspV=1, x_1_13_21_1_OspV=1, x_1_14_15_1_OspV=1, x_1_15_23_1_OspV=1, x_1_21_29_1_OspV=1, x_1_22_23_1_OspV=1, x_1_22_30_1_OspV=1, x_1_28_29_1_OspV=1, x_1_30_31_1_OspV=1, x_1_31_39_1_OspV=1, x_1_35_43_1_OspV=1, x_1_36_37_1_OspV=1, x_1_36_43_1_OspV=1, x_1_37_45_1_OspV=1, x_1_38_39_1_OspV=1, x_1_38_46_1_OspV=1, x_1_45_53_1_OspV=1, x_1_46_47_1_OspV=1, x_1_47_55_1_OspV=1, x_1_53_54_1_OspV=1, x_1_54_55_1_OspV=1, y_1_1_1_1_OspV=1]
<DWph=2> <it= 10> <et=150.79> <Mt= 4.69> <Spt= 0.15> <nCl= 70> <DB=-4117.6692> <Mlp=22335.0000> <PB=-1679> 
<DWph=2> <it= 20> <et=151.31> <Mt= 0.29> <Spt= 0.13> <nCl= 70> <DB=-2410.0905> <Mlp=22335.0000> <PB=-1679> 
<DWph=2> <it= 30> <et=151.76> <Mt= 0.22> <Spt= 0.12> <nCl= 70> <DB=-1710.4394> <Mlp=22335.0000> <PB=-1679> 
<DWph=2> <it= 40> <et=152.16> <Mt= 0.17> <Spt= 0.13> <nCl= 70> <DB=-1740.0193> <Mlp=22335.0000> <PB=-1679> 
<DWph=2> <it= 50> <et=152.56> <Mt= 0.17> <Spt= 0.13> <nCl= 70> <DB=-1684.8407> <Mlp=22335.0000> <PB=-1679> 
<DWph=2> <it= 60> <et=152.92> <Mt= 0.13> <Spt= 0.12> <nCl= 70> <DB=-1680.4239> <Mlp=22335.0000> <PB=-1679> 
<DWph=2> <it= 70> <et=153.35> <Mt= 0.20> <Spt= 0.13> <nCl= 70> <DB=-1680.3957> <Mlp=22335.0000> <PB=-1679> 
<DWph=2> <it= 80> <et=153.76> <Mt= 0.18> <Spt= 0.12> <nCl= 70> <DB=-1681.4317> <Mlp=22335.0000> <PB=-1679> 
<DWph=2> <it= 90> <et=154.99> <Mt= 0.99> <Spt= 0.13> <nCl= 70> <DB=-1693.8010> <Mlp=22335.0000> <PB=-1679> 
<DWph=2> <it=100> <et=155.38> <Mt= 0.15> <Spt= 0.13> <nCl= 70> <DB=-1680.4606> <Mlp=22335.0000> <PB=-1679> 
<DWph=2> <it=110> <et=155.81> <Mt= 0.18> <Spt= 0.14> <nCl= 69> <DB=-1680.4250> <Mlp=22335.0000> <PB=-1679> 
<DWph=2> <it=120> <et=156.25> <Mt= 0.21> <Spt= 0.13> <nCl= 70> <DB=-1716.4215> <Mlp=22335.0000> <PB=-1679> 
<DWph=2> <it=130> <et=156.68> <Mt= 0.18> <Spt= 0.13> <nCl= 70> <DB=-1695.6769> <Mlp=22335.0000> <PB=-1679> 
<DWph=2> <it=140> <et=158.53> <Mt= 1.61> <Spt= 0.14> <nCl= 70> <DB=-1688.7493> <Mlp=15529.5238> <PB=-1679> 
<DWph=2> <it=150> <et=158.94> <Mt= 0.16> <Spt= 0.13> <nCl= 70> <DB=-1687.8745> <Mlp=15529.5238> <PB=-1679> 
<DWph=2> <it=160> <et=159.40> <Mt= 0.20> <Spt= 0.14> <nCl= 70> <DB=-1697.7538> <Mlp= 9955.0000> <PB=-1679> 
<DWph=2> <it=170> <et=159.84> <Mt= 0.18> <Spt= 0.14> <nCl= 70> <DB=-1707.1394> <Mlp= 7076.2500> <PB=-1679> 
<DWph=2> <it=180> <et=160.25> <Mt= 0.16> <Spt= 0.14> <nCl= 70> <DB=-1701.7249> <Mlp= 7076.2500> <PB=-1679> 
<DWph=2> <it=190> <et=160.68> <Mt= 0.17> <Spt= 0.14> <nCl= 70> <DB=-1698.6657> <Mlp= 3815.9091> <PB=-1679> 
<DWph=2> <it=200> <et=161.12> <Mt= 0.18> <Spt= 0.14> <nCl= 70> <DB=-1703.8575> <Mlp=-1515.0000> <PB=-1679> 
<DWph=2> <it=210> <et=161.56> <Mt= 0.18> <Spt= 0.14> <nCl= 70> <DB=-1712.3596> <Mlp=-1515.0000> <PB=-1679> 
<DWph=2> <it=220> <et=161.95> <Mt= 0.14> <Spt= 0.14> <nCl= 34> <DB=-1692.2626> <Mlp=-1515.0000> <PB=-1679> 
<DWph=2> <it=230> <et=162.34> <Mt= 0.14> <Spt= 0.13> <nCl= 10> <DB=-1694.1226> <Mlp=-1515.0000> <PB=-1679> 
<DWph=2> <it=240> <et=162.75> <Mt= 0.16> <Spt= 0.14> <nCl= 31> <DB=-1692.3896> <Mlp=-1515.0000> <PB=-1679> 
<DWph=2> <it=250> <et=163.24> <Mt= 0.20> <Spt= 0.15> <nCl= 10> <DB=-1681.6025> <Mlp=-1540.6667> <PB=-1679> 
<DWph=2> <it=260> <et=163.68> <Mt= 0.16> <Spt= 0.15> <nCl= 10> <DB=-1681.4628> <Mlp=-1540.6667> <PB=-1679> 
<DWph=2> <it=270> <et=164.13> <Mt= 0.17> <Spt= 0.15> <nCl= 10> <DB=-1681.5649> <Mlp=-1540.6667> <PB=-1679> 
<DWph=2> <it=280> <et=164.56> <Mt= 0.16> <Spt= 0.15> <nCl= 10> <DB=-1680.8022> <Mlp=-1540.6667> <PB=-1679> 
<DWph=2> <it=290> <et=165.02> <Mt= 0.18> <Spt= 0.15> <nCl= 10> <DB=-1680.9785> <Mlp=-1540.6667> <PB=-1679> 
<DWph=2> <it=300> <et=165.48> <Mt= 0.17> <Spt= 0.15> <nCl= 10> <DB=-1681.8167> <Mlp=-1540.6667> <PB=-1679> 
<DWph=2> <it=310> <et=165.93> <Mt= 0.18> <Spt= 0.14> <nCl= 10> <DB=-1681.1242> <Mlp=-1540.6667> <PB=-1679> 
<DWph=2> <it=320> <et=166.38> <Mt= 0.17> <Spt= 0.15> <nCl= 10> <DB=-1681.0220> <Mlp=-1540.6667> <PB=-1679> 
<DWph=2> <it=330> <et=166.83> <Mt= 0.17> <Spt= 0.14> <nCl= 10> <DB=-1680.4895> <Mlp=-1540.6667> <PB=-1679> 
<DWph=2> <it=340> <et=167.28> <Mt= 0.16> <Spt= 0.15> <nCl= 10> <DB=-1680.8470> <Mlp=-1540.6667> <PB=-1679> 
<DWph=2> <it=350> <et=167.71> <Mt= 0.16> <Spt= 0.14> <nCl= 10> <DB=-1680.5323> <Mlp=-1540.6667> <PB=-1679> 
<DWph=2> <it=360> <et=168.18> <Mt= 0.19> <Spt= 0.15> <nCl= 10> <DB=-1682.1235> <Mlp=-1540.6667> <PB=-1679> 
<DWph=2> <it=370> <et=168.68> <Mt= 0.21> <Spt= 0.15> <nCl= 10> <DB=-1680.3891> <Mlp=-1540.6667> <PB=-1679> 
<DWph=2> <it=380> <et=169.18> <Mt= 0.21> <Spt= 0.16> <nCl= 10> <DB=-1680.6141> <Mlp=-1540.6667> <PB=-1679> 
<DWph=2> <it=390> <et=169.64> <Mt= 0.17> <Spt= 0.15> <nCl= 10> <DB=-1680.3991> <Mlp=-1540.6667> <PB=-1679> 
<DWph=2> <it=400> <et=170.11> <Mt= 0.18> <Spt= 0.15> <nCl= 10> <DB=-1680.7828> <Mlp=-1540.6667> <PB=-1679> 
<DWph=2> <it=410> <et=170.61> <Mt= 0.21> <Spt= 0.15> <nCl= 10> <DB=-1680.4608> <Mlp=-1540.6667> <PB=-1679> 
<DWph=2> <it=420> <et=171.14> <Mt= 0.23> <Spt= 0.16> <nCl= 10> <DB=-1680.3857> <Mlp=-1540.6667> <PB=-1679> 
<DWph=2> <it=430> <et=171.63> <Mt= 0.20> <Spt= 0.15> <nCl= 10> <DB=-1680.3887> <Mlp=-1540.6667> <PB=-1679> 
<DWph=2> <it=440> <et=172.12> <Mt= 0.20> <Spt= 0.15> <nCl= 10> <DB=-1680.3475> <Mlp=-1540.6667> <PB=-1679> 
<DWph=2> <it=450> <et=172.64> <Mt= 0.23> <Spt= 0.15> <nCl= 10> <DB=-1680.2542> <Mlp=-1540.6667> <PB=-1679> 
<DWph=2> <it=460> <et=173.15> <Mt= 0.22> <Spt= 0.16> <nCl= 10> <DB=-1680.4386> <Mlp=-1540.6667> <PB=-1679> 
<DWph=2> <it=470> <et=173.65> <Mt= 0.20> <Spt= 0.15> <nCl= 10> <DB=-1680.3225> <Mlp=-1540.6667> <PB=-1679> 
<DWph=2> <it=480> <et=174.17> <Mt= 0.22> <Spt= 0.15> <nCl= 10> <DB=-1680.2355> <Mlp=-1540.6667> <PB=-1679> 
<DWph=2> <it=490> <et=174.68> <Mt= 0.23> <Spt= 0.15> <nCl= 10> <DB=-1680.3230> <Mlp=-1540.6667> <PB=-1679> 
<DWph=2> <it=500> <et=175.22> <Mt= 0.24> <Spt= 0.15> <nCl= 10> <DB=-1680.2336> <Mlp=-1540.6667> <PB=-1679> 
<DWph=2> <it=510> <et=175.73> <Mt= 0.22> <Spt= 0.15> <nCl= 10> <DB=-1680.3002> <Mlp=-1540.6667> <PB=-1679> 
<DWph=2> <it=520> <et=176.24> <Mt= 0.21> <Spt= 0.15> <nCl= 10> <DB=-1680.4053> <Mlp=-1540.6667> <PB=-1679> 
<DWph=2> <it=530> <et=176.78> <Mt= 0.25> <Spt= 0.15> <nCl= 10> <DB=-1680.3175> <Mlp=-1540.6667> <PB=-1679> 
<DWph=2> <it=540> <et=177.30> <Mt= 0.22> <Spt= 0.15> <nCl= 10> <DB=-1680.6651> <Mlp=-1540.6667> <PB=-1679> 
<DWph=2> <it=550> <et=177.86> <Mt= 0.27> <Spt= 0.15> <nCl= 10> <DB=-1680.5085> <Mlp=-1540.6667> <PB=-1679> 
<DWph=2> <it=560> <et=178.42> <Mt= 0.27> <Spt= 0.15> <nCl= 10> <DB=-1680.3472> <Mlp=-1540.6667> <PB=-1679> 
<DWph=2> <it=570> <et=179.00> <Mt= 0.27> <Spt= 0.15> <nCl= 10> <DB=-1680.4031> <Mlp=-1540.6667> <PB=-1679> 
<DWph=2> <it=580> <et=179.57> <Mt= 0.28> <Spt= 0.15> <nCl= 10> <DB=-1680.2687> <Mlp=-1540.6667> <PB=-1679> 
<DWph=2> <it=590> <et=180.16> <Mt= 0.29> <Spt= 0.15> <nCl= 10> <DB=-1681.4396> <Mlp=-1559.2105> <PB=-1679> 
<DWph=2> <it=600> <et=180.76> <Mt= 0.30> <Spt= 0.15> <nCl= 10> <DB=-1680.4773> <Mlp=-1559.2105> <PB=-1679> 
<DWph=2> <it=610> <et=181.33> <Mt= 0.28> <Spt= 0.14> <nCl= 10> <DB=-1680.1721> <Mlp=-1559.2105> <PB=-1679> 
<DWph=2> <it=620> <et=181.87> <Mt= 0.24> <Spt= 0.15> <nCl= 10> <DB=-1680.3799> <Mlp=-1559.2105> <PB=-1679> 
<DWph=2> <it=630> <et=182.47> <Mt= 0.31> <Spt= 0.15> <nCl= 10> <DB=-1680.2747> <Mlp=-1559.2105> <PB=-1679> 
<DWph=2> <it=640> <et=183.07> <Mt= 0.30> <Spt= 0.15> <nCl= 10> <DB=-1680.1848> <Mlp=-1559.2105> <PB=-1679> 
<DWph=2> <it=650> <et=183.63> <Mt= 0.26> <Spt= 0.15> <nCl= 10> <DB=-1680.1528> <Mlp=-1559.2105> <PB=-1679> 
<DWph=2> <it=660> <et=184.18> <Mt= 0.24> <Spt= 0.14> <nCl= 10> <DB=-1680.1520> <Mlp=-1559.2105> <PB=-1679> 
<DWph=2> <it=670> <et=184.75> <Mt= 0.27> <Spt= 0.15> <nCl= 10> <DB=-1680.0896> <Mlp=-1559.2105> <PB=-1679> 
<DWph=2> <it=680> <et=185.34> <Mt= 0.30> <Spt= 0.15> <nCl= 10> <DB=-1680.0848> <Mlp=-1559.2105> <PB=-1679> 
<DWph=2> <it=690> <et=185.90> <Mt= 0.26> <Spt= 0.15> <nCl= 10> <DB=-1680.1015> <Mlp=-1559.2105> <PB=-1679> 
<DWph=2> <it=700> <et=186.44> <Mt= 0.24> <Spt= 0.15> <nCl= 10> <DB=-1680.1323> <Mlp=-1559.2105> <PB=-1679> 
<DWph=2> <it=710> <et=187.05> <Mt= 0.30> <Spt= 0.14> <nCl= 10> <DB=-1680.2054> <Mlp=-1559.2105> <PB=-1679> 
<DWph=2> <it=720> <et=187.67> <Mt= 0.32> <Spt= 0.15> <nCl= 10> <DB=-1680.1574> <Mlp=-1559.2105> <PB=-1679> 
<DWph=2> <it=730> <et=188.28> <Mt= 0.31> <Spt= 0.15> <nCl= 10> <DB=-1680.1779> <Mlp=-1559.2105> <PB=-1679> 
<DWph=2> <it=740> <et=188.82> <Mt= 0.24> <Spt= 0.14> <nCl= 10> <DB=-1680.1340> <Mlp=-1559.2105> <PB=-1679> 
<DWph=2> <it=750> <et=189.37> <Mt= 0.25> <Spt= 0.15> <nCl= 10> <DB=-1680.1886> <Mlp=-1559.2105> <PB=-1679> 
<DWph=2> <it=760> <et=189.98> <Mt= 0.30> <Spt= 0.15> <nCl= 10> <DB=-1680.1600> <Mlp=-1559.2105> <PB=-1679> 
<DWph=2> <it=770> <et=190.56> <Mt= 0.23> <Spt= 0.15> <nCl= 10> <DB=-1680.0974> <Mlp=-1559.2105> <PB=-1679> 
<DWph=2> <it=780> <et=191.04> <Mt= 0.18> <Spt= 0.15> <nCl= 10> <DB=-1680.1798> <Mlp=-1559.2105> <PB=-1679> 
<DWph=2> <it=790> <et=191.53> <Mt= 0.18> <Spt= 0.15> <nCl= 10> <DB=-1680.3003> <Mlp=-1559.2105> <PB=-1679> 
<DWph=2> <it=800> <et=192.04> <Mt= 0.21> <Spt= 0.14> <nCl= 10> <DB=-1680.2192> <Mlp=-1559.2105> <PB=-1679> 
<DWph=2> <it=810> <et=192.52> <Mt= 0.18> <Spt= 0.15> <nCl= 10> <DB=-1680.1775> <Mlp=-1559.2105> <PB=-1679> 
<DWph=2> <it=820> <et=193.05> <Mt= 0.21> <Spt= 0.15> <nCl= 10> <DB=-1680.1784> <Mlp=-1565.1210> <PB=-1679> 
<DWph=2> <it=830> <et=193.59> <Mt= 0.24> <Spt= 0.15> <nCl= 10> <DB=-1680.1301> <Mlp=-1574.5000> <PB=-1679> 
<DWph=2> <it=840> <et=194.07> <Mt= 0.18> <Spt= 0.15> <nCl= 10> <DB=-1680.2567> <Mlp=-1574.5000> <PB=-1679> 
<DWph=2> <it=850> <et=194.55> <Mt= 0.18> <Spt= 0.15> <nCl= 10> <DB=-1680.0527> <Mlp=-1574.5000> <PB=-1679> 
<DWph=2> <it=860> <et=195.04> <Mt= 0.20> <Spt= 0.14> <nCl= 10> <DB=-1680.0635> <Mlp=-1574.5000> <PB=-1679> 
<DWph=2> <it=870> <et=195.52> <Mt= 0.17> <Spt= 0.15> <nCl= 10> <DB=-1680.1483> <Mlp=-1574.5000> <PB=-1679> 
<DWph=2> <it=880> <et=196.02> <Mt= 0.21> <Spt= 0.14> <nCl= 10> <DB=-1680.3367> <Mlp=-1574.5000> <PB=-1679> 
<DWph=2> <it=890> <et=196.55> <Mt= 0.22> <Spt= 0.15> <nCl= 10> <DB=-1680.1151> <Mlp=-1574.5000> <PB=-1679> 
<DWph=2> <it=900> <et=197.05> <Mt= 0.19> <Spt= 0.15> <nCl= 10> <DB=-1680.0692> <Mlp=-1574.5000> <PB=-1679> 
<DWph=2> <it=910> <et=197.56> <Mt= 0.22> <Spt= 0.14> <nCl= 10> <DB=-1680.1424> <Mlp=-1574.5000> <PB=-1679> 
<DWph=2> <it=920> <et=198.07> <Mt= 0.20> <Spt= 0.14> <nCl= 10> <DB=-1680.1612> <Mlp=-1574.5000> <PB=-1679> 
<DWph=2> <it=930> <et=198.54> <Mt= 0.18> <Spt= 0.14> <nCl= 10> <DB=-1680.2027> <Mlp=-1574.5000> <PB=-1679> 
<DWph=2> <it=940> <et=199.05> <Mt= 0.22> <Spt= 0.14> <nCl= 10> <DB=-1680.0843> <Mlp=-1574.5000> <PB=-1679> 
<DWph=2> <it=950> <et=199.65> <Mt= 0.29> <Spt= 0.14> <nCl= 10> <DB=-1680.3749> <Mlp=-1574.5000> <PB=-1679> 
<DWph=2> <it=960> <et=200.22> <Mt= 0.27> <Spt= 0.15> <nCl= 10> <DB=-1680.4183> <Mlp=-1574.5000> <PB=-1679> 
<DWph=2> <it=970> <et=200.75> <Mt= 0.23> <Spt= 0.14> <nCl= 10> <DB=-1680.1474> <Mlp=-1574.5000> <PB=-1679> 
<DWph=2> <it=980> <et=201.25> <Mt= 0.20> <Spt= 0.15> <nCl= 10> <DB=-1680.0693> <Mlp=-1574.5000> <PB=-1679> 
<DWph=2> <it=990> <et=201.76> <Mt= 0.21> <Spt= 0.14> <nCl= 10> <DB=-1680.0331> <Mlp=-1574.5000> <PB=-1679> 
<DWph=2> <it=1000> <et=202.31> <Mt= 0.25> <Spt= 0.14> <nCl= 10> <DB=-1680.2306> <Mlp=-1574.5000> <PB=-1679> 
<DWph=2> <it=1010> <et=202.86> <Mt= 0.24> <Spt= 0.14> <nCl= 10> <DB=-1680.0343> <Mlp=-1574.5000> <PB=-1679> 
<DWph=2> <it=1020> <et=203.37> <Mt= 0.22> <Spt= 0.14> <nCl= 10> <DB=-1680.0531> <Mlp=-1574.5000> <PB=-1679> 
<DWph=2> <it=1030> <et=204.13> <Mt= 0.45> <Spt= 0.15> <nCl= 10> <DB=-1680.1453> <Mlp=-1574.5000> <PB=-1679> 
<DWph=2> <it=1040> <et=204.76> <Mt= 0.29> <Spt= 0.16> <nCl= 10> <DB=-1680.1554> <Mlp=-1574.5000> <PB=-1679> 
<DWph=2> <it=1050> <et=205.32> <Mt= 0.24> <Spt= 0.16> <nCl= 10> <DB=-1680.1962> <Mlp=-1574.5000> <PB=-1679> 
<DWph=2> <it=1060> <et=206.10> <Mt= 0.45> <Spt= 0.15> <nCl= 10> <DB=-1680.1980> <Mlp=-1574.5000> <PB=-1679> 
<DWph=2> <it=1070> <et=206.78> <Mt= 0.35> <Spt= 0.16> <nCl= 10> <DB=-1680.1641> <Mlp=-1574.5000> <PB=-1679> 
<DWph=2> <it=1080> <et=207.53> <Mt= 0.42> <Spt= 0.16> <nCl= 10> <DB=-1680.1673> <Mlp=-1574.5000> <PB=-1679> 
<DWph=2> <it=1090> <et=208.18> <Mt= 0.32> <Spt= 0.15> <nCl= 10> <DB=-1680.0732> <Mlp=-1574.5000> <PB=-1679> 
<DWph=2> <it=1100> <et=209.12> <Mt= 0.60> <Spt= 0.16> <nCl= 10> <DB=-1680.1387> <Mlp=-1574.5000> <PB=-1679> 
<DWph=2> <it=1110> <et=209.84> <Mt= 0.40> <Spt= 0.16> <nCl= 10> <DB=-1680.2759> <Mlp=-1574.5000> <PB=-1679> 
<DWph=2> <it=1120> <et=210.53> <Mt= 0.35> <Spt= 0.15> <nCl= 10> <DB=-1680.3196> <Mlp=-1574.5000> <PB=-1679> 
<DWph=2> <it=1130> <et=211.19> <Mt= 0.34> <Spt= 0.16> <nCl= 10> <DB=-1680.2553> <Mlp=-1574.5000> <PB=-1679> 
<DWph=2> <it=1140> <et=211.86> <Mt= 0.33> <Spt= 0.15> <nCl= 10> <DB=-1680.0681> <Mlp=-1574.5000> <PB=-1679> 
<DWph=2> <it=1150> <et=212.84> <Mt= 0.65> <Spt= 0.16> <nCl= 10> <DB=-1680.4515> <Mlp=-1574.5000> <PB=-1679> 
<DWph=2> <it=1160> <et=213.57> <Mt= 0.40> <Spt= 0.15> <nCl= 10> <DB=-1680.1053> <Mlp=-1574.5000> <PB=-1679> 
<DWph=2> <it=1170> <et=214.40> <Mt= 0.50> <Spt= 0.16> <nCl= 10> <DB=-1680.0948> <Mlp=-1574.5000> <PB=-1679> 
<DWph=2> <it=1180> <et=215.37> <Mt= 0.63> <Spt= 0.15> <nCl= 10> <DB=-1680.3774> <Mlp=-1574.5000> <PB=-1679> 
<DWph=2> <it=1190> <et=216.15> <Mt= 0.45> <Spt= 0.16> <nCl= 10> <DB=-1680.3218> <Mlp=-1574.5000> <PB=-1679> 
<DWph=2> <it=1200> <et=216.87> <Mt= 0.39> <Spt= 0.15> <nCl= 10> <DB=-1680.2808> <Mlp=-1574.5000> <PB=-1679> 
<DWph=2> <it=1210> <et=217.54> <Mt= 0.34> <Spt= 0.15> <nCl= 10> <DB=-1680.0576> <Mlp=-1576.0828> <PB=-1679> 
<DWph=2> <it=1220> <et=218.18> <Mt= 0.31> <Spt= 0.16> <nCl= 10> <DB=-1680.1393> <Mlp=-1577.7586> <PB=-1679> 
<DWph=2> <it=1230> <et=218.79> <Mt= 0.27> <Spt= 0.15> <nCl= 10> <DB=-1680.1067> <Mlp=-1577.7586> <PB=-1679> 
<DWph=2> <it=1240> <et=219.42> <Mt= 0.29> <Spt= 0.16> <nCl= 10> <DB=-1680.0825> <Mlp=-1577.7586> <PB=-1679> 
<DWph=2> <it=1250> <et=220.07> <Mt= 0.31> <Spt= 0.15> <nCl= 10> <DB=-1680.0886> <Mlp=-1577.7586> <PB=-1679> 
<DWph=2> <it=1260> <et=220.65> <Mt= 0.25> <Spt= 0.15> <nCl= 10> <DB=-1680.0723> <Mlp=-1577.7586> <PB=-1679> 
<DWph=2> <it=1270> <et=221.23> <Mt= 0.25> <Spt= 0.14> <nCl= 10> <DB=-1680.2360> <Mlp=-1577.7586> <PB=-1679> 
<DWph=2> <it=1280> <et=221.88> <Mt= 0.25> <Spt= 0.16> <nCl= 10> <DB=-1680.1626> <Mlp=-1577.7586> <PB=-1679> 
<DWph=2> <it=1290> <et=222.42> <Mt= 0.22> <Spt= 0.15> <nCl= 10> <DB=-1680.1164> <Mlp=-1577.7586> <PB=-1679> 
<DWph=2> <it=1300> <et=222.92> <Mt= 0.18> <Spt= 0.15> <nCl= 10> <DB=-1680.2244> <Mlp=-1577.7586> <PB=-1679> 
<DWph=2> <it=1310> <et=223.43> <Mt= 0.18> <Spt= 0.16> <nCl= 10> <DB=-1680.1238> <Mlp=-1577.7586> <PB=-1679> 
<DWph=2> <it=1320> <et=223.94> <Mt= 0.18> <Spt= 0.15> <nCl= 10> <DB=-1680.1423> <Mlp=-1577.7586> <PB=-1679> 
<DWph=2> <it=1330> <et=224.46> <Mt= 0.21> <Spt= 0.15> <nCl= 10> <DB=-1680.3008> <Mlp=-1577.7586> <PB=-1679> 
<DWph=2> <it=1340> <et=224.95> <Mt= 0.16> <Spt= 0.15> <nCl= 10> <DB=-1680.0121> <Mlp=-1577.7586> <PB=-1679> 
<DWph=2> <it=1350> <et=225.45> <Mt= 0.18> <Spt= 0.15> <nCl= 10> <DB=-1680.1363> <Mlp=-1577.7586> <PB=-1679> 
<DWph=2> <it=1360> <et=225.90> <Mt= 0.13> <Spt= 0.14> <nCl= 10> <DB=-1680.0669> <Mlp=-1577.7586> <PB=-1679> 
<DWph=2> <it=1370> <et=226.41> <Mt= 0.17> <Spt= 0.15> <nCl= 10> <DB=-1680.1175> <Mlp=-1577.7586> <PB=-1679> 
<DWph=2> <it=1380> <et=226.90> <Mt= 0.17> <Spt= 0.15> <nCl= 10> <DB=-1683.0415> <Mlp=-1577.7586> <PB=-1679> 
<DWph=2> <it=1390> <et=227.36> <Mt= 0.14> <Spt= 0.15> <nCl= 10> <DB=-1683.5154> <Mlp=-1577.7586> <PB=-1679> 
<DWph=2> <it=1400> <et=227.83> <Mt= 0.14> <Spt= 0.15> <nCl= 10> <DB=-1687.5778> <Mlp=-1577.7586> <PB=-1679> 
<DWph=2> <it=1410> <et=228.44> <Mt= 0.29> <Spt= 0.15> <nCl= 10> <DB=-1681.6437> <Mlp=-1577.7586> <PB=-1679> 
<DWph=2> <it=1420> <et=229.10> <Mt= 0.30> <Spt= 0.16> <nCl= 10> <DB=-1657.9815> <Mlp=-1584.4712> <PB=-1679> 
<DWph=2> <it=1430> <et=229.72> <Mt= 0.25> <Spt= 0.17> <nCl= 10> <DB=-1672.2475> <Mlp=-1592.5000> <PB=-1679> 
<DWph=2> <it=1440> <et=230.33> <Mt= 0.23> <Spt= 0.17> <nCl= 10> <DB=-1635.4190> <Mlp=-1598.3333> <PB=-1679> 
<DWph=2> <it=1450> <et=231.94> <Mt= 1.22> <Spt= 0.18> <nCl= 10> <DB=-1626.3379> <Mlp=-1605.0000> <PB=-1679> 
<DWph=2> <it=1460> <et=232.85> <Mt= 0.44> <Spt= 0.21> <nCl= 10> <DB=-1619.1673> <Mlp=-1606.2107> <PB=-1679> 
<DWph=2> <it=1470> <et=233.50> <Mt= 0.16> <Spt= 0.22> <nCl= 10> <DB=-1645.1250> <Mlp=-1606.2107> <PB=-1679> 
<DWph=2> <it=1473> <et=233.70> <Mt= 0.11> <Spt= 0.04> <nCl=  2> <DB=-1633.8667> <Mlp=-1606.7598> <PB=-1679> 
<DWph=1> <it=1480> <et=234.35> <Mt= 0.14> <Spt= 0.35> <nCl=  7> <DB=-1624.2636> <Mlp=-1608.1250> <PB=-1679> 
<DWph=1> <it=1485> <et=234.94> <Mt= 0.14> <Spt= 0.30> <nCl=  5> <DB=-1655.0340> <Mlp=-1608.3276> <PB=-1679> 
---- Diving heuristic node with dive number = 1, fix depth = 2 and tabu list size = 1
Fixed projected solution = [t_2_4_2_2_OspV=1, x_2_3_18_2_OspV=1, x_2_4_65_2_OspV=1, x_2_8_9_2_OspV=1, x_2_8_16_2_OspV=1, x_2_9_10_2_OspV=1, x_2_10_11_2_OspV=1, x_2_11_12_2_OspV=1, x_2_12_20_2_OspV=1, x_2_16_17_2_OspV=1, x_2_17_18_2_OspV=1, x_2_19_20_2_OspV=1, x_2_19_27_2_OspV=1, x_2_24_32_2_OspV=1, x_2_24_33_2_OspV=1, x_2_27_35_2_OspV=1, x_2_32_40_2_OspV=1, x_2_33_34_2_OspV=1, x_2_34_43_2_OspV=1, x_2_35_43_2_OspV=1, x_2_40_48_2_OspV=1, x_2_48_56_2_OspV=1, x_2_56_64_2_OspV=1, x_2_64_65_2_OspV=1, y_2_3_2_2_OspV=1]
<DWph=2> <it= 10> <et=239.05> <Mt= 2.96> <Spt= 0.17> <nCl= 70> <DB=-2258.1859> <Mlp=-1130.0000> <PB=-1679> 
<DWph=2> <it= 20> <et=239.54> <Mt= 0.18> <Spt= 0.15> <nCl= 70> <DB=-1682.0104> <Mlp=-1130.0000> <PB=-1679> 
<DWph=2> <it= 30> <et=240.12> <Mt= 0.26> <Spt= 0.16> <nCl= 66> <DB=-1886.0843> <Mlp=-1130.0000> <PB=-1679> 
<DWph=2> <it= 40> <et=240.65> <Mt= 0.20> <Spt= 0.15> <nCl= 70> <DB=-1687.3147> <Mlp=-1130.0000> <PB=-1679> 
<DWph=2> <it= 50> <et=241.14> <Mt= 0.16> <Spt= 0.16> <nCl= 66> <DB=-1699.2154> <Mlp=-1130.0000> <PB=-1679> 
<DWph=2> <it= 60> <et=241.71> <Mt= 0.24> <Spt= 0.15> <nCl= 70> <DB=-1691.8258> <Mlp=-1130.0000> <PB=-1679> 
<DWph=2> <it= 70> <et=242.44> <Mt= 0.40> <Spt= 0.16> <nCl= 70> <DB=-1680.1619> <Mlp=-1130.0000> <PB=-1679> 
<DWph=2> <it= 80> <et=242.95> <Mt= 0.17> <Spt= 0.16> <nCl= 70> <DB=-1680.3860> <Mlp=-1130.0000> <PB=-1679> 
<DWph=2> <it= 90> <et=243.45> <Mt= 0.17> <Spt= 0.16> <nCl= 68> <DB=-1680.6620> <Mlp=-1130.0000> <PB=-1679> 
<DWph=2> <it=100> <et=243.94> <Mt= 0.15> <Spt= 0.17> <nCl= 64> <DB=-1680.3003> <Mlp=-1130.0000> <PB=-1679> 
<DWph=2> <it=110> <et=244.43> <Mt= 0.16> <Spt= 0.15> <nCl= 68> <DB=-1680.9139> <Mlp=-1130.0000> <PB=-1679> 
<DWph=2> <it=120> <et=244.93> <Mt= 0.16> <Spt= 0.16> <nCl= 62> <DB=-1680.1822> <Mlp=-1130.0000> <PB=-1679> 
<DWph=2> <it=130> <et=245.44> <Mt= 0.18> <Spt= 0.16> <nCl= 65> <DB=-1735.0513> <Mlp=-1130.0000> <PB=-1679> 
<DWph=2> <it=140> <et=245.95> <Mt= 0.18> <Spt= 0.16> <nCl= 70> <DB=-1689.0011> <Mlp=-1130.0000> <PB=-1679> 
<DWph=2> <it=150> <et=246.50> <Mt= 0.22> <Spt= 0.15> <nCl= 70> <DB=-1681.8486> <Mlp=-1130.0000> <PB=-1679> 
<DWph=2> <it=160> <et=247.04> <Mt= 0.19> <Spt= 0.16> <nCl= 65> <DB=-1680.1323> <Mlp=-1130.0000> <PB=-1679> 
<DWph=2> <it=170> <et=247.57> <Mt= 0.21> <Spt= 0.16> <nCl= 63> <DB=-1680.8057> <Mlp=-1130.0000> <PB=-1679> 
<DWph=2> <it=180> <et=248.16> <Mt= 0.25> <Spt= 0.15> <nCl= 66> <DB=-1682.5063> <Mlp=-1130.0000> <PB=-1679> 
<DWph=2> <it=190> <et=248.75> <Mt= 0.25> <Spt= 0.16> <nCl= 60> <DB=-1962.9046> <Mlp=-1130.0000> <PB=-1679> 
<DWph=2> <it=200> <et=249.32> <Mt= 0.23> <Spt= 0.15> <nCl= 70> <DB=-1824.0348> <Mlp=-1130.0000> <PB=-1679> 
<DWph=2> <it=210> <et=249.89> <Mt= 0.24> <Spt= 0.16> <nCl= 68> <DB=-1696.1974> <Mlp=-1130.0000> <PB=-1679> 
<DWph=2> <it=220> <et=250.49> <Mt= 0.26> <Spt= 0.15> <nCl= 69> <DB=-1684.9257> <Mlp=-1130.0000> <PB=-1679> 
<DWph=2> <it=230> <et=251.13> <Mt= 0.30> <Spt= 0.15> <nCl= 67> <DB=-1680.7931> <Mlp=-1130.0000> <PB=-1679> 
<DWph=2> <it=240> <et=251.71> <Mt= 0.23> <Spt= 0.16> <nCl= 45> <DB=-1765.3715> <Mlp=-1130.0000> <PB=-1679> 
<DWph=2> <it=250> <et=252.27> <Mt= 0.22> <Spt= 0.16> <nCl= 70> <DB=-1695.9341> <Mlp=-1130.0000> <PB=-1679> 
<DWph=2> <it=260> <et=252.83> <Mt= 0.22> <Spt= 0.15> <nCl= 70> <DB=-1686.1047> <Mlp=-1130.0000> <PB=-1679> 
<DWph=2> <it=270> <et=253.40> <Mt= 0.22> <Spt= 0.15> <nCl= 66> <DB=-1778.8068> <Mlp=-1130.0000> <PB=-1679> 
<DWph=2> <it=280> <et=254.04> <Mt= 0.30> <Spt= 0.16> <nCl= 63> <DB=-1693.0690> <Mlp=-1130.0000> <PB=-1679> 
<DWph=2> <it=290> <et=254.65> <Mt= 0.26> <Spt= 0.16> <nCl= 65> <DB=-1678.8281> <Mlp=-1130.0000> <PB=-1679> 
<DWph=2> <it=300> <et=255.36> <Mt= 0.36> <Spt= 0.16> <nCl= 59> <DB=-1698.5605> <Mlp=-1625.0000> <PB=-1679> 
<DWph=2> <it=310> <et=262.80> <Mt= 6.77> <Spt= 0.28> <nCl= 68> <DB=-1690.4168> <Mlp=-1625.0000> <PB=-1679> 
<DWph=2> <it=320> <et=263.93> <Mt= 0.40> <Spt= 0.31> <nCl= 45> <DB=-1675.2159> <Mlp=-1625.0000> <PB=-1679> 
<DWph=2> <it=330> <et=265.05> <Mt= 0.40> <Spt= 0.31> <nCl= 51> <DB=-1670.2620> <Mlp=-1625.0000> <PB=-1679> 
<DWph=2> <it=340> <et=266.20> <Mt= 0.42> <Spt= 0.31> <nCl= 64> <DB=-1681.6453> <Mlp=-1625.0000> <PB=-1679> 
<DWph=2> <it=350> <et=267.37> <Mt= 0.45> <Spt= 0.31> <nCl= 54> <DB=-1674.6573> <Mlp=-1625.0000> <PB=-1679> 
<DWph=2> <it=360> <et=268.58> <Mt= 0.47> <Spt= 0.30> <nCl= 57> <DB=-1661.1677> <Mlp=-1625.0000> <PB=-1679> 
<DWph=2> <it=370> <et=269.74> <Mt= 0.43> <Spt= 0.31> <nCl= 48> <DB=-1732.0602> <Mlp=-1625.0000> <PB=-1679> 
<DWph=2> <it=380> <et=270.97> <Mt= 0.50> <Spt= 0.30> <nCl= 30> <DB=-1658.2510> <Mlp=-1625.0000> <PB=-1679> 
<DWph=2> <it=390> <et=272.28> <Mt= 0.44> <Spt= 0.35> <nCl= 24> <DB=-1673.5062> <Mlp=-1625.0000> <PB=-1679> 
<DWph=2> <it=400> <et=273.69> <Mt= 0.60> <Spt= 0.33> <nCl= 48> <DB=-1715.6429> <Mlp=-1625.0000> <PB=-1679> 
<DWph=2> <it=410> <et=277.46> <Mt= 2.91> <Spt= 0.36> <nCl= 46> <DB=-1656.7448> <Mlp=-1625.0000> <PB=-1679> 
<DWph=2> <it=420> <et=278.93> <Mt= 0.68> <Spt= 0.34> <nCl= 52> <DB=-1641.8862> <Mlp=-1625.0000> <PB=-1679> 
<DWph=2> <it=430> <et=283.00> <Mt= 3.26> <Spt= 0.34> <nCl= 32> <DB=-1642.3875> <Mlp=-1625.0000> <PB=-1679> 
<DWph=2> <it=434> <et=283.53> <Mt= 0.20> <Spt= 0.14> <nCl=  6> <DB=-1652.7592> <Mlp=-1630.0000> <PB=-1679> 
<DWph=1> <it=440> <et=287.89> <Mt= 3.34> <Spt= 0.73> <nCl= 26> <DB=-1644.8126> <Mlp=-1630.0000> <PB=-1679> 
<DWph=1> <it=450> <et=295.91> <Mt= 6.23> <Spt= 1.31> <nCl= 45> <DB=-1652.5576> <Mlp=-1635.0000> <PB=-1679> 
<DWph=1> <it=451> <et=295.95> <Mt= 0.04> <Spt= 0.00> <nCl=  0> <DB=-1652.5576> <Mlp=-1650.0000> <PB=-1679> 
---- Diving heuristic node with dive number = 2, fix depth = 1 and tabu list size = 1
Fixed projected solution = [t_1_6_1_1_OspV=1, x_1_1_35_1_OspV=1, x_1_6_28_1_OspV=1, x_1_8_9_1_OspV=1, x_1_8_16_1_OspV=1, x_1_9_10_1_OspV=1, x_1_10_11_1_OspV=1, x_1_11_12_1_OspV=1, x_1_12_13_1_OspV=1, x_1_13_14_1_OspV=1, x_1_14_15_1_OspV=1, x_1_15_23_1_OspV=1, x_1_16_24_1_OspV=1, x_1_21_22_1_OspV=1, x_1_21_29_1_OspV=1, x_1_22_30_1_OspV=1, x_1_23_31_1_OspV=1, x_1_24_32_1_OspV=1, x_1_28_29_1_OspV=1, x_1_30_31_1_OspV=1, x_1_32_33_1_OspV=1, x_1_33_41_1_OspV=1, x_1_34_35_1_OspV=1, x_1_34_42_1_OspV=1, x_1_41_42_1_OspV=1, y_1_1_1_1_OspV=1]
<DWph=2> <it= 10> <et=297.74> <Mt= 1.06> <Spt= 0.23> <nCl=112> <DB=-2672.4200> <Mlp=16721.2500> <PB=-1679> 
<DWph=2> <it= 20> <et=299.75> <Mt= 1.55> <Spt= 0.24> <nCl=123> <DB=-1724.9529> <Mlp=-1387.0000> <PB=-1679> 
<DWph=2> <it= 30> <et=300.71> <Mt= 0.48> <Spt= 0.24> <nCl= 80> <DB=-1686.6300> <Mlp=-1403.5156> <PB=-1679> 
<DWph=2> <it= 40> <et=301.42> <Mt= 0.22> <Spt= 0.25> <nCl= 79> <DB=-1682.1485> <Mlp=-1533.9175> <PB=-1679> 
<DWph=2> <it= 50> <et=302.11> <Mt= 0.15> <Spt= 0.29> <nCl= 80> <DB=-1680.6912> <Mlp=-1564.5375> <PB=-1679> 
<DWph=2> <it= 60> <et=302.79> <Mt= 0.14> <Spt= 0.28> <nCl= 80> <DB=-1680.3766> <Mlp=-1579.2477> <PB=-1679> 
<DWph=2> <it= 70> <et=303.45> <Mt= 0.11> <Spt= 0.28> <nCl= 80> <DB=-1680.9232> <Mlp=-1582.6007> <PB=-1679> 
<DWph=2> <it= 80> <et=304.22> <Mt= 0.21> <Spt= 0.29> <nCl= 77> <DB=-1680.3174> <Mlp=-1594.8242> <PB=-1679> 
<DWph=2> <it= 90> <et=304.88> <Mt= 0.13> <Spt= 0.28> <nCl= 80> <DB=-1680.3700> <Mlp=-1601.3178> <PB=-1679> 
<DWph=2> <it=100> <et=305.68> <Mt= 0.23> <Spt= 0.30> <nCl= 80> <DB=-1680.1866> <Mlp=-1606.5939> <PB=-1679> 
<DWph=2> <it=110> <et=306.42> <Mt= 0.17> <Spt= 0.30> <nCl= 80> <DB=-1680.1528> <Mlp=-1608.2773> <PB=-1679> 
<DWph=2> <it=120> <et=307.19> <Mt= 0.19> <Spt= 0.30> <nCl= 80> <DB=-1680.0955> <Mlp=-1613.5999> <PB=-1679> 
<DWph=2> <it=130> <et=308.00> <Mt= 0.23> <Spt= 0.30> <nCl= 80> <DB=-1680.1003> <Mlp=-1619.5279> <PB=-1679> 
<DWph=2> <it=140> <et=309.14> <Mt= 0.52> <Spt= 0.32> <nCl= 80> <DB=-1680.0895> <Mlp=-1632.3626> <PB=-1679> 
<DWph=2> <it=150> <et=310.20> <Mt= 0.46> <Spt= 0.30> <nCl= 80> <DB=-1680.0977> <Mlp=-1637.2461> <PB=-1679> 
<DWph=2> <it=160> <et=311.01> <Mt= 0.20> <Spt= 0.30> <nCl= 80> <DB=-1680.1156> <Mlp=-1638.1035> <PB=-1679> 
<DWph=2> <it=170> <et=311.98> <Mt= 0.35> <Spt= 0.31> <nCl= 80> <DB=-1680.3626> <Mlp=-1640.8119> <PB=-1679> 
<DWph=2> <it=180> <et=312.97> <Mt= 0.39> <Spt= 0.29> <nCl= 80> <DB=-1680.0725> <Mlp=-1644.3893> <PB=-1679> 
<DWph=2> <it=190> <et=314.07> <Mt= 0.48> <Spt= 0.31> <nCl= 80> <DB=-1680.0711> <Mlp=-1646.5689> <PB=-1679> 
<DWph=2> <it=200> <et=315.21> <Mt= 0.49> <Spt= 0.32> <nCl= 80> <DB=-1680.0528> <Mlp=-1649.7990> <PB=-1679> 
<DWph=2> <it=210> <et=316.98> <Mt= 1.10> <Spt= 0.33> <nCl= 80> <DB=-1680.0753> <Mlp=-1656.8976> <PB=-1679> 
<DWph=2> <it=220> <et=318.10> <Mt= 0.46> <Spt= 0.32> <nCl= 80> <DB=-1680.0505> <Mlp=-1658.8775> <PB=-1679> 
<DWph=2> <it=230> <et=318.97> <Mt= 0.20> <Spt= 0.33> <nCl= 80> <DB=-1680.0985> <Mlp=-1658.9623> <PB=-1679> 
<DWph=2> <it=240> <et=319.95> <Mt= 0.32> <Spt= 0.33> <nCl= 80> <DB=-1680.0698> <Mlp=-1660.1562> <PB=-1679> 
<DWph=2> <it=250> <et=321.24> <Mt= 0.62> <Spt= 0.33> <nCl= 80> <DB=-1680.0874> <Mlp=-1662.2243> <PB=-1679> 
<DWph=2> <it=260> <et=322.55> <Mt= 0.63> <Spt= 0.33> <nCl= 80> <DB=-1680.0532> <Mlp=-1664.5214> <PB=-1679> 
<DWph=2> <it=270> <et=324.01> <Mt= 0.78> <Spt= 0.33> <nCl= 77> <DB=-1680.0335> <Mlp=-1665.9276> <PB=-1679> 
<DWph=2> <it=280> <et=325.37> <Mt= 0.66> <Spt= 0.34> <nCl= 79> <DB=-1680.0305> <Mlp=-1666.6434> <PB=-1679> 
<DWph=2> <it=290> <et=327.06> <Mt= 0.98> <Spt= 0.33> <nCl= 79> <DB=-1680.0265> <Mlp=-1668.4234> <PB=-1679> 
<DWph=2> <it=300> <et=328.60> <Mt= 0.83> <Spt= 0.35> <nCl= 78> <DB=-1680.0382> <Mlp=-1668.9963> <PB=-1679> 
<DWph=2> <it=310> <et=329.81> <Mt= 0.48> <Spt= 0.35> <nCl= 78> <DB=-1680.0151> <Mlp=-1669.2892> <PB=-1679> 
<DWph=2> <it=320> <et=331.39> <Mt= 0.83> <Spt= 0.36> <nCl= 76> <DB=-1680.0170> <Mlp=-1669.7847> <PB=-1679> 
<DWph=2> <it=330> <et=332.58> <Mt= 0.43> <Spt= 0.36> <nCl= 75> <DB=-1680.0114> <Mlp=-1669.8894> <PB=-1679> 
<DWph=2> <it=340> <et=334.35> <Mt= 0.99> <Spt= 0.38> <nCl= 72> <DB=-1680.0154> <Mlp=-1670.2982> <PB=-1679> 
<DWph=2> <it=350> <et=335.51> <Mt= 0.38> <Spt= 0.36> <nCl= 75> <DB=-1680.0101> <Mlp=-1670.4789> <PB=-1679> 
<DWph=2> <it=360> <et=336.88> <Mt= 0.55> <Spt= 0.40> <nCl= 69> <DB=-1680.4019> <Mlp=-1670.7400> <PB=-1679> 
<DWph=2> <it=370> <et=339.10> <Mt= 1.33> <Spt= 0.42> <nCl= 69> <DB=-1680.2882> <Mlp=-1671.9320> <PB=-1679> 
<DWph=2> <it=380> <et=340.65> <Mt= 0.65> <Spt= 0.42> <nCl= 75> <DB=-1680.1693> <Mlp=-1672.3502> <PB=-1679> 
<DWph=2> <it=390> <et=342.15> <Mt= 0.58> <Spt= 0.44> <nCl= 57> <DB=-1680.0151> <Mlp=-1672.5461> <PB=-1679> 
<DWph=2> <it=400> <et=345.11> <Mt= 2.02> <Spt= 0.45> <nCl= 61> <DB=-1681.1499> <Mlp=-1674.1106> <PB=-1679> 
<DWph=2> <it=410> <et=347.47> <Mt= 1.42> <Spt= 0.45> <nCl= 79> <DB=-1680.3472> <Mlp=-1674.5960> <PB=-1679> 
<DWph=2> <it=420> <et=349.37> <Mt= 0.92> <Spt= 0.45> <nCl= 68> <DB=-1680.0610> <Mlp=-1674.8590> <PB=-1679> 
<DWph=2> <it=430> <et=351.88> <Mt= 1.54> <Spt= 0.45> <nCl= 61> <DB=-1680.0442> <Mlp=-1675.4522> <PB=-1679> 
<DWph=2> <it=440> <et=355.08> <Mt= 2.22> <Spt= 0.46> <nCl= 52> <DB=-1680.0067> <Mlp=-1676.2238> <PB=-1679> 
<DWph=2> <it=450> <et=356.73> <Mt= 0.63> <Spt= 0.48> <nCl= 71> <DB=-1680.4000> <Mlp=-1676.3465> <PB=-1679> 
<DWph=2> <it=460> <et=358.76> <Mt= 1.03> <Spt= 0.46> <nCl= 72> <DB=-1680.1392> <Mlp=-1676.7789> <PB=-1679> 
<DWph=2> <it=470> <et=360.54> <Mt= 0.76> <Spt= 0.47> <nCl= 64> <DB=-1680.0767> <Mlp=-1676.9053> <PB=-1679> 
<DWph=2> <it=480> <et=362.89> <Mt= 1.29> <Spt= 0.48> <nCl= 60> <DB=-1680.4381> <Mlp=-1677.1858> <PB=-1679> 
<DWph=2> <it=490> <et=365.25> <Mt= 1.27> <Spt= 0.50> <nCl= 65> <DB=-1680.0907> <Mlp=-1677.5010> <PB=-1679> 
<DWph=2> <it=500> <et=366.96> <Mt= 0.62> <Spt= 0.51> <nCl= 55> <DB=-1679.2123> <Mlp=-1677.5348> <PB=-1679> 
<DWph=2> <it=509> <et=368.97> <Mt= 0.79> <Spt= 0.55> <nCl= 33> <DB=-1676.3442> <Mlp=-1677.6170> <PB=-1679> 
<DWph=1> <it=510> <et=369.25> <Mt= 0.09> <Spt= 0.14> <nCl=  7> <DB=-1685.2929> <Mlp=-1677.6268> <PB=-1679> 
<DWph=1> <it=520> <et=381.35> <Mt= 9.87> <Spt= 1.58> <nCl= 60> <DB=-1683.5768> <Mlp=-1678.6974> <PB=-1679> 
<DWph=1> <it=530> <et=392.00> <Mt= 8.21> <Spt= 1.76> <nCl= 59> <DB=-1682.3846> <Mlp=-1679.3825> <PB=-1679> 
<DWph=1> <it=540> <et=400.13> <Mt= 5.59> <Spt= 1.82> <nCl= 39> <DB=-1680.5364> <Mlp=-1679.6643> <PB=-1679> 
<DWph=1> <it=550> <et=405.28> <Mt= 2.61> <Spt= 1.80> <nCl= 44> <DB=-1681.9030> <Mlp=-1679.7545> <PB=-1679> 
<DWph=1> <it=560> <et=410.97> <Mt= 2.87> <Spt= 2.00> <nCl= 35> <DB=-1682.0510> <Mlp=-1679.8716> <PB=-1679> 
<DWph=1> <it=570> <et=418.94> <Mt= 5.13> <Spt= 2.03> <nCl= 33> <DB=-1682.2838> <Mlp=-1679.9750> <PB=-1679> 
<DWph=1> <it=575> <et=426.61> <Mt= 6.62> <Spt= 0.75> <nCl= 18> <DB=-1680.9893> <Mlp=-1680.0000> <PB=-1679> 
---- Diving heuristic node with dive number = 2, fix depth = 2 and tabu list size = 1
Fixed projected solution = [t_3_2_3_3_OspV=1, x_3_2_43_3_OspV=1, x_3_7_39_3_OspV=1, x_3_37_38_3_OspV=1, x_3_37_45_3_OspV=1, x_3_38_46_3_OspV=1, x_3_39_47_3_OspV=1, x_3_43_44_3_OspV=1, x_3_44_52_3_OspV=1, x_3_45_53_3_OspV=1, x_3_46_54_3_OspV=1, x_3_47_55_3_OspV=1, x_3_52_53_3_OspV=1, x_3_54_62_3_OspV=1, x_3_55_63_3_OspV=1, x_3_60_61_3_OspV=1, x_3_60_68_3_OspV=1, x_3_61_62_3_OspV=1, x_3_63_71_3_OspV=1, x_3_68_69_3_OspV=1, x_3_69_70_3_OspV=1, x_3_70_71_3_OspV=1, y_3_7_3_3_OspV=1]
<DWph=2> <it= 10> <et=430.40> <Mt= 2.60> <Spt= 0.34> <nCl= 70> <DB=-5907.3301> <Mlp=22543.7500> <PB=-1679> 
<DWph=2> <it= 20> <et=431.76> <Mt= 0.25> <Spt= 0.36> <nCl= 70> <DB=-4413.1780> <Mlp=-1555.0000> <PB=-1679> 
<DWph=2> <it= 30> <et=432.96> <Mt= 0.12> <Spt= 0.33> <nCl= 47> <DB=-1851.2294> <Mlp=-1555.0000> <PB=-1679> 
<DWph=2> <it= 40> <et=434.17> <Mt= 0.11> <Spt= 0.35> <nCl= 23> <DB=-1734.5240> <Mlp=-1555.0000> <PB=-1679> 
<DWph=2> <it= 50> <et=435.40> <Mt= 0.12> <Spt= 0.35> <nCl= 24> <DB=-1698.8831> <Mlp=-1555.0000> <PB=-1679> 
<DWph=2> <it= 60> <et=436.64> <Mt= 0.13> <Spt= 0.35> <nCl= 18> <DB=-1686.1035> <Mlp=-1555.0000> <PB=-1679> 
<DWph=2> <it= 70> <et=437.88> <Mt= 0.13> <Spt= 0.34> <nCl= 22> <DB=-1688.6985> <Mlp=-1595.0000> <PB=-1679> 
<DWph=2> <it= 80> <et=439.15> <Mt= 0.17> <Spt= 0.35> <nCl= 10> <DB=-1685.9132> <Mlp=-1595.0000> <PB=-1679> 
<DWph=2> <it= 90> <et=440.40> <Mt= 0.14> <Spt= 0.34> <nCl= 17> <DB=-1689.8832> <Mlp=-1595.0000> <PB=-1679> 
<DWph=2> <it=100> <et=442.00> <Mt= 0.15> <Spt= 0.45> <nCl= 10> <DB=-1754.0048> <Mlp=-1595.0000> <PB=-1679> 
<DWph=2> <it=110> <et=443.26> <Mt= 0.15> <Spt= 0.35> <nCl= 10> <DB=-1674.8126> <Mlp=-1595.0000> <PB=-1679> 
<DWph=2> <it=120> <et=444.62> <Mt= 0.13> <Spt= 0.38> <nCl= 10> <DB=-1702.8580> <Mlp=-1595.0000> <PB=-1679> 
<DWph=2> <it=130> <et=445.87> <Mt= 0.13> <Spt= 0.34> <nCl= 10> <DB=-1656.1649> <Mlp=-1595.0000> <PB=-1679> 
<DWph=2> <it=140> <et=447.11> <Mt= 0.14> <Spt= 0.34> <nCl= 10> <DB=-1644.3430> <Mlp=-1595.0000> <PB=-1679> 
<DWph=2> <it=150> <et=448.47> <Mt= 0.13> <Spt= 0.37> <nCl= 10> <DB=-1665.2283> <Mlp=-1595.0000> <PB=-1679> 
<DWph=2> <it=160> <et=449.70> <Mt= 0.13> <Spt= 0.33> <nCl= 10> <DB=-1609.0891> <Mlp=-1595.0000> <PB=-1679> 
<DWph=2> <it=170> <et=451.01> <Mt= 0.13> <Spt= 0.37> <nCl= 10> <DB=-1604.8982> <Mlp=-1595.0000> <PB=-1679> 
<DWph=2> <it=178> <et=452.04> <Mt= 0.10> <Spt= 0.30> <nCl=  8> <DB=-1598.3333> <Mlp=-1595.0000> <PB=-1679> 
<DWph=1> <it=180> <et=452.16> <Mt= 0.03> <Spt= 0.09> <nCl=  2> <DB=-1657.5367> <Mlp=-1595.0000> <PB=-1679> 
<DWph=1> <it=190> <et=452.81> <Mt= 0.18> <Spt= 0.37> <nCl= 10> <DB=-1624.3529> <Mlp=-1595.0000> <PB=-1679> 
<DWph=1> <it=200> <et=453.42> <Mt= 0.14> <Spt= 0.37> <nCl= 10> <DB=-1613.5962> <Mlp=-1595.0000> <PB=-1679> 
<DWph=1> <it=210> <et=454.12> <Mt= 0.16> <Spt= 0.43> <nCl= 10> <DB=-1615.3240> <Mlp=-1595.0000> <PB=-1679> 
<DWph=1> <it=218> <et=454.66> <Mt= 0.12> <Spt= 0.31> <nCl=  7> <DB=-1615.9842> <Mlp=-1605.0000> <PB=-1679> 
**** Strong branching phase 1 is started *****
SB phase 1 cand.  1 branch on t_6_1 (lhs=0.2750): [-1674.3384, -1452.0575], score = 1290.51      <et=459.71>
SB phase 1 cand.  2 branch on t_5_1 (lhs=0.2332): [-1675.8334, -1441.8490], score = 992.27      <et=464.23>
SB phase 1 cand.  3 branch on t_3_2 (lhs=0.2293): [-1677.2039, -1491.3970], score = 527.35      <et=468.82>
SB phase 1 cand.  5 branch on t_7_2 (lhs=0.2042): [-1675.9651, -1505.8438], score = 702.71      <et=477.19>
SB phase 1 cand.  6 branch on t_5_2 (lhs=0.2032): [-1675.7570, -1472.1576], score = 881.88      <et=482.23>
SB phase 1 cand. 14 branch on y_6_2 (lhs=0.2750): [-1674.3384, -1452.0575], score = 1290.51      <et=516.22>
**** Strong branching phase 2 is started *****
<DWph=1> <it= 80> <et=584.05> <Mt= 8.02> <Spt= 4.51> <nCl=1236> <DB=-1680.0000> <Mlp=-1680.0000> <PB=-1679> 
<DWph=1> <it= 13> <et=588.07> <Mt= 1.80> <Spt= 0.73> <nCl=210> <DB=-1680.0000> <Mlp=-1680.0000> <PB=-1679> 
SB phase 2 cand.  1 branch on t_6_1 (lhs=0.2750): [-1680.0000, -1680.0000], score = 0.00      <et=588.09>
<DWph=1> <it= 91> <et=603.19> <Mt= 8.87> <Spt= 5.28> <nCl=1354> <DB=-1680.0000> <Mlp=-1680.0000> <PB=-1679> 
<DWph=1> <it= 10> <et=605.46> <Mt= 1.52> <Spt= 0.52> <nCl=143> <DB=-1680.0000> <Mlp=-1680.0000> <PB=-1679> 
SB phase 2 cand.  2 branch on t_5_1 (lhs=0.2332): [-1680.0000, -1680.0000], score = 0.00      <et=605.48>
<DWph=1> <it= 85> <et=621.15> <Mt= 9.45> <Spt= 4.99> <nCl=1346> <DB=-1680.0000> <Mlp=-1680.0000> <PB=-1679> 
<DWph=1> <it=  7> <et=622.88> <Mt= 1.18> <Spt= 0.34> <nCl=100> <DB=-1680.0000> <Mlp=-1680.0000> <PB=-1679> 
SB phase 2 cand.  3 branch on t_5_2 (lhs=0.2032): [-1680.0000, -1680.0000], score = 0.00      <et=622.89>
**** Strong branching phase 3 is started *****
**** SB phase 3 evaluation of candidate 1, branch 1 ( t_6_1 >= 1 ), value = -1680
<DWph=2> <it=  1> <et=623.12> <Mt= 0.01> <Spt= 0.00> <nCl=  0> <DB=-1680.0000> <Mlp=-1680.0000> <PB=-1679> 
<DWph=1> <it=  2> <et=623.12> <Mt= 0.01> <Spt= 0.00> <nCl=  0> <DB=-1680.0000> <Mlp=-1680.0000> <PB=-1679> 
<DWph=0> <it=  3> <et=623.13> <Mt= 0.00> <Spt= 0.00> <nCl=  0> <DB=-1680.0000> <Mlp=-1680.0000> <PB=-1679> 
ColGenEvalAlg final dual bound: -1680 (rounded: -1680)
----- Add fac. cuts : R1C(177), max.viol = 0.229759, aver.viol = 0.130816, sep/add took 0.01/0.33 sec. -----
8956 columns (4859 active), 848 dyn. constrs. (843 active), 1143 art. vars. (1138 active)
<DWph=2> <it= 10> <et=634.28> <Mt= 9.85> <Spt= 0.77> <nCl=152> <DB=-1680.0581> <Mlp=-1673.8000> <PB=-1679> 
<DWph=2> <it= 20> <et=638.90> <Mt= 3.62> <Spt= 0.82> <nCl=145> <DB=-1680.0233> <Mlp=-1677.2772> <PB=-1679> 
<DWph=2> <it= 30> <et=642.61> <Mt= 2.73> <Spt= 0.80> <nCl=113> <DB=-1680.0243> <Mlp=-1678.7907> <PB=-1679> 
<DWph=2> <it= 39> <et=645.87> <Mt= 2.48> <Spt= 0.63> <nCl=109> <DB=-1680.0163> <Mlp=-1680.0000> <PB=-1679> 
<DWph=0> <it= 41> <et=645.89> <Mt= 0.01> <Spt= 0.00> <nCl=  0> <DB=-1680.0000> <Mlp=-1680.0000> <PB=-1679> 
ColGenEvalAlg final dual bound: -1680 (rounded: -1680)
Gap improvement since the last cut separation : -3.66068e-11 (-1680)
----- Add fac. cuts : R1C(343), max.viol = 0.322569, aver.viol = 0.160721, sep/add took 0.92/0.9 sec. -----
9753 columns (5656 active), 1191 dyn. constrs. (1186 active), 1486 art. vars. (1481 active)
<DWph=2> <it= 10> <et=676.00> <Mt=26.96> <Spt= 1.11> <nCl=165> <DB=-1680.0383> <Mlp=-1674.6601> <PB=-1679> 
<DWph=2> <it= 20> <et=683.23> <Mt= 5.89> <Spt= 1.13> <nCl=123> <DB=-1680.0336> <Mlp=-1676.4399> <PB=-1679> 
<DWph=2> <it= 30> <et=691.46> <Mt= 6.88> <Spt= 1.13> <nCl=132> <DB=-1680.0216> <Mlp=-1678.1952> <PB=-1679> 
<DWph=2> <it= 40> <et=698.93> <Mt= 6.12> <Spt= 1.10> <nCl=117> <DB=-1680.0245> <Mlp=-1679.3264> <PB=-1679> 
<DWph=2> <it= 47> <et=704.10> <Mt= 4.39> <Spt= 0.64> <nCl= 69> <DB=-1680.0180> <Mlp=-1680.0000> <PB=-1679> 
<DWph=1> <it= 48> <et=704.12> <Mt= 0.01> <Spt= 0.00> <nCl=  0> <DB=-1680.0000> <Mlp=-1680.0000> <PB=-1679> 
<DWph=0> <it= 49> <et=704.14> <Mt= 0.02> <Spt= 0.00> <nCl=  0> <DB=-1680.0000> <Mlp=-1680.0000> <PB=-1679> 
ColGenEvalAlg final dual bound: -1680 (rounded: -1680)
Gap improvement since the last cut separation : 6.3664e-12 (-1680)
----- Add fac. cuts : R1C(300), max.viol = 0.220551, aver.viol = 0.100797, sep/add took 1.09/0.93 sec. -----
10719 columns (6622 active), 1491 dyn. constrs. (1486 active), 1786 art. vars. (1781 active)
<DWph=2> <it= 10> <et=764.68> <Mt=56.85> <Spt= 1.40> <nCl=145> <DB=-1680.0241> <Mlp=-1677.3980> <PB=-1679> 
<DWph=2> <it= 20> <et=778.88> <Mt=12.53> <Spt= 1.40> <nCl=109> <DB=-1680.0210> <Mlp=-1678.6731> <PB=-1679> 
<DWph=2> <it= 30> <et=789.16> <Mt= 8.62> <Spt= 1.39> <nCl= 88> <DB=-1680.0171> <Mlp=-1679.2385> <PB=-1679> 
<DWph=2> <it= 39> <et=800.18> <Mt= 9.70> <Spt= 1.10> <nCl= 89> <DB=-1680.0135> <Mlp=-1680.0000> <PB=-1679> 
<DWph=0> <it= 41> <et=800.24> <Mt= 0.05> <Spt= 0.00> <nCl=  0> <DB=-1680.0000> <Mlp=-1680.0000> <PB=-1679> 
ColGenEvalAlg final dual bound: -1680 (rounded: -1680)
Gap improvement since the last cut separation : 1.00043e-11 (-1680)
----- Add fac. cuts : R1C(301), max.viol = 0.221595, aver.viol = 0.0985704, sep/add took 1.36/1.09 sec. -----
11517 columns (7420 active), 1792 dyn. constrs. (1787 active), 2087 art. vars. (2082 active)
<DWph=2> <it= 10> <et=897.84> <Mt=93.15> <Spt= 1.68> <nCl=117> <DB=-1680.0178> <Mlp=-1677.0780> <PB=-1679> 
<DWph=2> <it= 20> <et=916.86> <Mt=17.01> <Spt= 1.71> <nCl= 91> <DB=-1680.0174> <Mlp=-1678.1729> <PB=-1679> 
<DWph=2> <it= 30> <et=938.78> <Mt=19.92> <Spt= 1.68> <nCl= 83> <DB=-1680.0177> <Mlp=-1679.1765> <PB=-1679> 
<DWph=2> <it= 40> <et=957.16> <Mt=16.41> <Spt= 1.65> <nCl= 96> <DB=-1680.0095> <Mlp=-1679.8338> <PB=-1679> 
<DWph=2> <it= 45> <et=962.65> <Mt= 4.71> <Spt= 0.64> <nCl= 29> <DB=-1680.0122> <Mlp=-1680.0000> <PB=-1679> 
<DWph=1> <it= 46> <et=962.69> <Mt= 0.04> <Spt= 0.00> <nCl=  0> <DB=-1680.0000> <Mlp=-1680.0000> <PB=-1679> 
<DWph=0> <it= 47> <et=962.74> <Mt= 0.04> <Spt= 0.00> <nCl=  0> <DB=-1680.0000> <Mlp=-1680.0000> <PB=-1679> 
ColGenEvalAlg final dual bound: -1680 (rounded: -1680)
Gap improvement since the last cut separation : -1.36423e-11 (-1680)
----- Cut generation is stopped due to tailing off -----
**** SB phase 3 evaluation of candidate 1, branch 2 ( t_6_1 <= 0 ), value = -1680
<DWph=2> <it=  1> <et=963.13> <Mt= 0.01> <Spt= 0.00> <nCl=  0> <DB=-1680.0000> <Mlp=-1680.0000> <PB=-1679> 
<DWph=1> <it=  2> <et=963.13> <Mt= 0.00> <Spt= 0.00> <nCl=  0> <DB=-1680.0000> <Mlp=-1680.0000> <PB=-1679> 
<DWph=0> <it=  3> <et=963.14> <Mt= 0.00> <Spt= 0.00> <nCl=  0> <DB=-1680.0000> <Mlp=-1680.0000> <PB=-1679> 
ColGenEvalAlg final dual bound: -1680 (rounded: -1680)
----- Add fac. cuts : R1C(186), max.viol = 0.2599, aver.viol = 0.12191, sep/add took 0.01/0.24 sec. -----
8571 columns (3452 active), 1974 dyn. constrs. (852 active), 2269 art. vars. (1147 active)
<DWph=2> <it= 10> <et=974.41> <Mt= 9.97> <Spt= 0.87> <nCl=199> <DB=-1681.2954> <Mlp=-1674.1323> <PB=-1679> 
<DWph=2> <it= 20> <et=978.93> <Mt= 3.49> <Spt= 0.86> <nCl=186> <DB=-1680.2980> <Mlp=-1677.5878> <PB=-1679> 
<DWph=2> <it= 28> <et=983.43> <Mt= 3.77> <Spt= 0.61> <nCl=129> <DB=-1680.1202> <Mlp=-1680.0000> <PB=-1679> 
<DWph=1> <it= 29> <et=983.44> <Mt= 0.00> <Spt= 0.00> <nCl=  0> <DB=-1680.0000> <Mlp=-1680.0000> <PB=-1679> 
ColGenEvalAlg final dual bound: -1680 (rounded: -1680)
Gap improvement since the last cut separation : 0 (-1680)
----- Add fac. cuts : R1C(321), max.viol = 0.30776, aver.viol = 0.123584, sep/add took 1.1/0.57 sec. -----
9138 columns (4019 active), 2295 dyn. constrs. (1173 active), 2590 art. vars. (1468 active)
<DWph=2> <it= 10> <et=1008.45> <Mt=21.97> <Spt= 1.17> <nCl=187> <DB=-1680.0608> <Mlp=-1676.1932> <PB=-1679> 
<DWph=2> <it= 20> <et=1018.18> <Mt= 8.37> <Spt= 1.16> <nCl=174> <DB=-1680.0293> <Mlp=-1679.2935> <PB=-1679> 
<DWph=2> <it= 25> <et=1021.74> <Mt= 3.03> <Spt= 0.45> <nCl= 69> <DB=-1680.0232> <Mlp=-1680.0000> <PB=-1679> 
<DWph=1> <it= 26> <et=1021.75> <Mt= 0.01> <Spt= 0.00> <nCl=  0> <DB=-1680.0000> <Mlp=-1680.0000> <PB=-1679> 
<DWph=0> <it= 27> <et=1021.76> <Mt= 0.01> <Spt= 0.00> <nCl=  0> <DB=-1680.0000> <Mlp=-1680.0000> <PB=-1679> 
ColGenEvalAlg final dual bound: -1680 (rounded: -1680)
Gap improvement since the last cut separation : 0 (-1680)
----- Add fac. cuts : R1C(325), max.viol = 0.259161, aver.viol = 0.118154, sep/add took 1.22/0.68 sec. -----
9642 columns (4523 active), 2620 dyn. constrs. (1498 active), 2915 art. vars. (1793 active)
<DWph=2> <it= 10> <et=1074.40> <Mt=48.90> <Spt= 1.59> <nCl=179> <DB=-1680.0264> <Mlp=-1677.6911> <PB=-1679> 
<DWph=2> <it= 20> <et=1092.24> <Mt=16.15> <Spt= 1.47> <nCl=164> <DB=-1680.0213> <Mlp=-1679.5250> <PB=-1679> 
<DWph=2> <it= 24> <et=1097.57> <Mt= 4.82> <Spt= 0.44> <nCl= 52> <DB=-1680.0217> <Mlp=-1680.0000> <PB=-1679> 
<DWph=1> <it= 25> <et=1097.59> <Mt= 0.01> <Spt= 0.00> <nCl=  0> <DB=-1680.0000> <Mlp=-1680.0000> <PB=-1679> 
<DWph=0> <it= 26> <et=1097.60> <Mt= 0.02> <Spt= 0.00> <nCl=  0> <DB=-1680.0000> <Mlp=-1680.0000> <PB=-1679> 
ColGenEvalAlg final dual bound: -1680 (rounded: -1680)
Gap improvement since the last cut separation : 0 (-1680)
----- Add fac. cuts : R1C(272), max.viol = 0.196907, aver.viol = 0.0640929, sep/add took 1.4/0.63 sec. -----
10125 columns (5006 active), 2892 dyn. constrs. (1770 active), 3187 art. vars. (2065 active)
<DWph=2> <it= 10> <et=1165.85> <Mt=64.12> <Spt= 1.83> <nCl=188> <DB=-1680.0346> <Mlp=-1677.0334> <PB=-1679> 
<DWph=2> <it= 20> <et=1205.23> <Mt=37.34> <Spt= 1.78> <nCl=170> <DB=-1680.0209> <Mlp=-1679.7915> <PB=-1679> 
<DWph=2> <it= 22> <et=1209.10> <Mt= 3.68> <Spt= 0.17> <nCl= 15> <DB=-1680.0176> <Mlp=-1680.0000> <PB=-1679> 
<DWph=1> <it= 23> <et=1209.12> <Mt= 0.02> <Spt= 0.00> <nCl=  0> <DB=-1680.0000> <Mlp=-1680.0000> <PB=-1679> 
<DWph=0> <it= 24> <et=1209.14> <Mt= 0.02> <Spt= 0.00> <nCl=  0> <DB=-1680.0000> <Mlp=-1680.0000> <PB=-1679> 
ColGenEvalAlg final dual bound: -1680 (rounded: -1680)
Gap improvement since the last cut separation : 0 (-1680)
----- Cut generation is stopped due to tailing off -----
SB exact phase 3 branch on t_6_1 (lhs=0.27495) : [-1680, -1680], tree depth = 1e+12, tree size = 1e+12, score = -1e+12
************************************************************************************************
**** BaB tree node (N° 2, parent N° 1, depth 1)
**** Local DB = -1680, global bounds : [ -1680 , -1679 ], TIME = 0h20m9s17t = 120917
**** 2 open nodes, 10566 columns (5447 active), 2892 dyn. constrs. (1770 active), 3187 art. vars. (2065 active)
************************************************************************************************
**** Strong branching phase 1 is started *****
SB phase 1 cand.  1 branch on t_5_2 (lhs=0.3355): [-1672.6329, -1591.5070], score = 651.93 (h)  <et=1364.23>
SB phase 1 cand.  2 branch on y_6_2 (lhs=1.0000): [-1680.0000, -1680.0000], score = 0.00      <et=1364.33>
SB phase 1 cand.  3 branch on y_4_3 (lhs=0.2555): [-1676.0912, -1546.0107], score = 523.73 (h)  <et=1518.98>
SB phase 1 cand.  4 branch on t_4_2 (lhs=0.2555): [-1676.0912, -1546.0107], score = 523.73 (h)  <et=1668.22>
SB phase 1 cand.  5 branch on t_7_2 (lhs=0.2500): [-1674.8230, -1525.3302], score = 800.73 (h)  <et=1817.51>
SB phase 1 cand.  6 branch on y_7_3 (lhs=0.2500): [-1674.8230, -1525.3302], score = 800.73 (h)  <et=1963.4>
**** Strong branching phase 2 is started *****
<DWph=1> <it=376> <et=2826.96> <Mt=288.32> <Spt=71.27> <nCl=2411> <DB=-1681.9562> <Mlp=-1680.0000> <PB=-1679> 
<DWph=1> <it= 39> <et=2889.60> <Mt=53.23> <Spt= 6.01> <nCl=321> <DB=-1680.0000> <Mlp=-1680.0000> <PB=-1679> 
SB phase 2 cand.  1 branch on t_7_2 (lhs=0.2500): [-1680.0000, -1680.0000], score = 0.00 (h)  <et=2889.62>
<DWph=1> <it=298> <et=3221.34> <Mt=229.75> <Spt=75.57> <nCl=1590> <DB=-1683.2819> <Mlp=-1680.0000> <PB=-1679> 
<DWph=1> <it= 52> <et=3311.40> <Mt=77.38> <Spt= 7.51> <nCl=500> <DB=-1680.0000> <Mlp=-1680.0000> <PB=-1679> 
SB phase 2 cand.  2 branch on t_5_2 (lhs=0.3355): [-1680.0000, -1680.0000], score = 0.00 (h)  <et=3311.42>
<DWph=1> <it=412> <et=4265.70> <Mt=773.02> <Spt=129.03> <nCl=2458> <DB=-1680.9499> <Mlp=-1680.0000> <PB=-1679> 
<DWph=1> <it= 42> <et=4327.67> <Mt=49.75> <Spt= 6.05> <nCl=341> <DB=-1680.0000> <Mlp=-1680.0000> <PB=-1679> 
SB phase 2 cand.  3 branch on t_4_2 (lhs=0.2555): [-1680.0000, -1680.0000], score = 0.00 (h)  <et=4327.7>
**** Strong branching phase 3 is started *****
**** SB phase 3 evaluation of candidate 1, branch 1 ( t_5_2 >= 1 ), value = -1680
<DWph=2> <it=  1> <et=4328.67> <Mt= 0.03> <Spt= 0.00> <nCl=  0> <DB=-1680.0000> <Mlp=-1680.0000> <PB=-1679> 
<DWph=1> <it=  2> <et=4328.71> <Mt= 0.04> <Spt= 0.00> <nCl=  0> <DB=-1680.0000> <Mlp=-1680.0000> <PB=-1679> 
<DWph=0> <it=  3> <et=4328.75> <Mt= 0.04> <Spt= 0.00> <nCl=  0> <DB=-1680.0000> <Mlp=-1680.0000> <PB=-1679> 
ColGenEvalAlg final dual bound: -1680 (rounded: -1680)
----- Add fac. cuts : R1C(155), max.viol = 0.138077, aver.viol = 0.0605943, sep/add took 0.01/0.6 sec. -----
29035 columns (7005 active), 3053 dyn. constrs. (1943 active), 3348 art. vars. (2238 active)
<DWph=2> <it= 10> <et=4390.75> <Mt=55.34> <Spt= 3.43> <nCl= 32> <DB=-1680.1648> <Mlp=-1679.1775> <PB=-1679> 
<DWph=2> <it= 20> <et=4406.45> <Mt= 9.67> <Spt= 3.42> <nCl= 26> <DB=-1680.4616> <Mlp=-1679.4586> <PB=-1679> 
<DWph=2> <it= 26> <et=4413.76> <Mt= 4.19> <Spt= 1.79> <nCl= 15> <DB=-1680.7654> <Mlp=-1679.5521> <PB=-1679> 
<DWph=1> <it= 30> <et=4422.89> <Mt= 3.71> <Spt= 4.34> <nCl= 22> <DB=-1682.6340> <Mlp=-1679.6552> <PB=-1679> 
<DWph=1> <it= 38> <et=4447.12> <Mt=14.38> <Spt= 7.90> <nCl= 28> <DB=-1682.5306> <Mlp=-1680.0000> <PB=-1679> 
<DWph=0> <it= 39> <et=4447.18> <Mt= 0.05> <Spt= 0.00> <nCl=  0> <DB=-1680.0000> <Mlp=-1680.0000> <PB=-1679> 
ColGenEvalAlg final dual bound: -1680 (rounded: -1680)
Gap improvement since the last cut separation : -1.25054e-11 (-1680)
----- Add fac. cuts : R1C(252), max.viol = 0.243158, aver.viol = 0.0756548, sep/add took 0.16/1.13 sec. -----
29620 columns (7590 active), 3305 dyn. constrs. (2195 active), 3600 art. vars. (2490 active)
<DWph=2> <it=  1> <et=4503.49> <Mt=54.89> <Spt= 0.11> <nCl=  0> <DB=-1680.0000> <Mlp=-1679.4045> <PB=-1679> 
ColGenEvalAlg final dual bound: -1680 (rounded: -1680)
----- Column generation is interrupted by the pricing solver, we do rollback to the point before the latest cut generation round
**** SB phase 3 evaluation of candidate 1, branch 2 ( t_5_2 <= 0 ), value = -1680
<DWph=2> <it=  1> <et=4507.12> <Mt= 0.05> <Spt= 0.00> <nCl=  0> <DB=-1680.0000> <Mlp=-1680.0000> <PB=-1679> 
<DWph=1> <it=  2> <et=4507.17> <Mt= 0.05> <Spt= 0.00> <nCl=  0> <DB=-1680.0000> <Mlp=-1680.0000> <PB=-1679> 
<DWph=0> <it=  3> <et=4507.22> <Mt= 0.05> <Spt= 0.00> <nCl=  0> <DB=-1680.0000> <Mlp=-1680.0000> <PB=-1679> 
ColGenEvalAlg final dual bound: -1680 (rounded: -1680)
----- Add fac. cuts : R1C(157), max.viol = 0.132893, aver.viol = 0.061437, sep/add took 0.02/0.84 sec. -----
15934 columns (9377 active), 3458 dyn. constrs. (1945 active), 3753 art. vars. (2240 active)
<DWph=2> <it= 10> <et=4637.61> <Mt=127.27> <Spt= 1.69> <nCl=144> <DB=-1680.0311> <Mlp=-1676.5021> <PB=-1679> 
<DWph=2> <it= 20> <et=4663.01> <Mt=23.06> <Spt= 1.77> <nCl= 85> <DB=-1680.0118> <Mlp=-1677.9027> <PB=-1679> 
<DWph=2> <it= 30> <et=4689.49> <Mt=24.10> <Spt= 1.78> <nCl= 81> <DB=-1680.0185> <Mlp=-1678.7513> <PB=-1679> 
<DWph=2> <it= 40> <et=4708.30> <Mt=16.32> <Spt= 1.81> <nCl= 81> <DB=-1680.0194> <Mlp=-1679.3398> <PB=-1679> 
<DWph=2> <it= 50> <et=4727.87> <Mt=17.21> <Spt= 1.72> <nCl= 78> <DB=-1680.0064> <Mlp=-1679.8016> <PB=-1679> 
<DWph=2> <it= 56> <et=4736.29> <Mt= 7.26> <Spt= 0.83> <nCl= 41> <DB=-1680.0103> <Mlp=-1680.0000> <PB=-1679> 
<DWph=1> <it= 57> <et=4736.33> <Mt= 0.05> <Spt= 0.00> <nCl=  0> <DB=-1680.0000> <Mlp=-1680.0000> <PB=-1679> 
<DWph=0> <it= 58> <et=4736.38> <Mt= 0.04> <Spt= 0.00> <nCl=  0> <DB=-1680.0000> <Mlp=-1680.0000> <PB=-1679> 
ColGenEvalAlg final dual bound: -1680 (rounded: -1680)
Gap improvement since the last cut separation : -5.45691e-12 (-1680)
----- Add fac. cuts : R1C(327), max.viol = 0.190486, aver.viol = 0.0743071, sep/add took 1.63/1.43 sec. -----
16953 columns (7109 active), 3785 dyn. constrs. (2272 active), 4080 art. vars. (2567 active)
<DWph=2> <it= 10> <et=4886.44> <Mt=144.12> <Spt= 2.22> <nCl= 99> <DB=-1680.0107> <Mlp=-1677.4990> <PB=-1679> 
<DWph=2> <it= 20> <et=4921.51> <Mt=32.34> <Spt= 2.11> <nCl= 81> <DB=-1680.0109> <Mlp=-1678.4422> <PB=-1679> 
<DWph=2> <it= 30> <et=4951.86> <Mt=27.68> <Spt= 2.04> <nCl= 95> <DB=-1680.0159> <Mlp=-1679.1315> <PB=-1679> 
<DWph=2> <it= 40> <et=4973.89> <Mt=19.35> <Spt= 2.03> <nCl= 88> <DB=-1680.0079> <Mlp=-1679.5627> <PB=-1679> 
<DWph=2> <it= 50> <et=4993.38> <Mt=16.78> <Spt= 2.04> <nCl= 72> <DB=-1680.0095> <Mlp=-1679.8152> <PB=-1679> 
<DWph=2> <it= 56> <et=5005.85> <Mt=11.13> <Spt= 1.02> <nCl= 36> <DB=-1680.0070> <Mlp=-1680.0000> <PB=-1679> 
<DWph=1> <it= 57> <et=5005.92> <Mt= 0.06> <Spt= 0.00> <nCl=  0> <DB=-1680.0000> <Mlp=-1680.0000> <PB=-1679> 
<DWph=0> <it= 58> <et=5005.98> <Mt= 0.07> <Spt= 0.00> <nCl=  0> <DB=-1680.0000> <Mlp=-1680.0000> <PB=-1679> 
ColGenEvalAlg final dual bound: -1680 (rounded: -1680)
Gap improvement since the last cut separation : -1.52339e-11 (-1680)
----- Add fac. cuts : R1C(316), max.viol = 0.186126, aver.viol = 0.0743295, sep/add took 1.84/1.58 sec. -----
18095 columns (8251 active), 4101 dyn. constrs. (2588 active), 4396 art. vars. (2883 active)
<DWph=2> <it= 10> <et=5241.26> <Mt=228.54> <Spt= 2.61> <nCl= 82> <DB=-1680.0113> <Mlp=-1678.9624> <PB=-1679> 
<DWph=2> <it= 20> <et=5280.13> <Mt=35.53> <Spt= 2.63> <nCl= 67> <DB=-1680.0077> <Mlp=-1679.4127> <PB=-1679> 
<DWph=2> <it= 30> <et=5305.11> <Mt=21.60> <Spt= 2.65> <nCl= 61> <DB=-1680.0062> <Mlp=-1679.6439> <PB=-1679> 
<DWph=2> <it= 40> <et=5333.97> <Mt=25.52> <Spt= 2.58> <nCl= 46> <DB=-1680.0065> <Mlp=-1679.8805> <PB=-1679> 
<DWph=2> <it= 47> <et=5352.37> <Mt=16.41> <Spt= 1.52> <nCl= 33> <DB=-1680.0093> <Mlp=-1680.0000> <PB=-1679> 
<DWph=1> <it= 48> <et=5352.45> <Mt= 0.08> <Spt= 0.00> <nCl=  0> <DB=-1680.0000> <Mlp=-1680.0000> <PB=-1679> 
<DWph=0> <it= 49> <et=5352.54> <Mt= 0.09> <Spt= 0.00> <nCl=  0> <DB=-1680.0000> <Mlp=-1680.0000> <PB=-1679> 
ColGenEvalAlg final dual bound: -1680 (rounded: -1680)
Gap improvement since the last cut separation : 9.5496e-12 (-1680)
----- Add fac. cuts : R1C(186), max.viol = 0.1363, aver.viol = 0.0559409, sep/add took 2.28/1.05 sec. -----
19034 columns (9190 active), 4287 dyn. constrs. (2774 active), 4582 art. vars. (3069 active)
<DWph=2> <it= 10> <et=5689.20> <Mt=329.60> <Spt= 2.93> <nCl= 80> <DB=-1680.0083> <Mlp=-1679.1398> <PB=-1679> 
<DWph=2> <it= 20> <et=5741.01> <Mt=48.32> <Spt= 2.73> <nCl= 59> <DB=-1680.0089> <Mlp=-1679.5937> <PB=-1679> 
<DWph=2> <it= 30> <et=5799.42> <Mt=55.08> <Spt= 2.59> <nCl= 66> <DB=-1680.0075> <Mlp=-1679.9484> <PB=-1679> 
<DWph=2> <it= 32> <et=5806.70> <Mt= 6.94> <Spt= 0.26> <nCl=  6> <DB=-1680.0107> <Mlp=-1680.0000> <PB=-1679> 
<DWph=1> <it= 33> <et=5806.81> <Mt= 0.10> <Spt= 0.00> <nCl=  0> <DB=-1680.0000> <Mlp=-1680.0000> <PB=-1679> 
<DWph=0> <it= 34> <et=5806.92> <Mt= 0.10> <Spt= 0.00> <nCl=  0> <DB=-1680.0000> <Mlp=-1680.0000> <PB=-1679> 
ColGenEvalAlg final dual bound: -1680 (rounded: -1680)
Gap improvement since the last cut separation : -6.13903e-12 (-1680)
----- Cut generation is stopped due to tailing off -----
SB exact phase 3 branch on t_5_2 (lhs=0.335479) : [-1680, -1680], tree depth = 1e+12, tree size = 1e+12, score = -1e+12 (h)
************************************************************************************************
**** BaB tree node (N° 4, parent N° 2, depth 2)
**** Local DB = -1680, global bounds : [ -1680 , -1679 ], TIME = 1h36m47s12t = 580712
**** 3 open nodes, 19553 columns (9822 active), 4035 dyn. constrs. (2774 active), 4330 art. vars. (3069 active)
************************************************************************************************
**** Strong branching phase 1 is started *****
SB phase 1 cand.  1 branch on x_29_30 (lhs=0.5017): [-1678.9915, -1673.5850], score = 6.47      <et=5893.88>
SB phase 1 cand.  2 branch on x_50_58 (lhs=0.5047): [-1678.6164, -1675.9898], score = 5.55      <et=5972.77>
SB phase 1 cand.  3 branch on x_25_26 (lhs=0.5066): [-1678.2397, -1674.9877], score = 8.82      <et=6054.93>
SB phase 1 cand.  4 branch on x_10_11 (lhs=0.5096): [-1678.8116, -1674.8395], score = 6.13      <et=6144.13>
SB phase 1 cand.  5 branch on x_34_35 (lhs=0.4873): [-1677.2879, -1676.5759], score = 9.29      <et=6221.64>
SB phase 1 cand.  9 branch on x_26_34 (lhs=0.5265): [-1676.6913, -1676.5405], score = 11.45      <et=6533.59>
SB phase 1 cand. 12 branch on x_23_31 (lhs=0.4614): [-1678.2440, -1674.5279], score = 9.61      <et=6776.47>
SB phase 1 cand. 13 branch on x_60_68 (lhs=0.4549): [-1678.6605, -1669.6478], score = 13.87      <et=6850.34>
**** Strong branching phase 2 is started *****
SEARCH IS INTERRUPTED due to the pricing problem return status. 
<DWph=1> <it= 27> <et=13943.91> <Mt=33.97> <Spt=11.26> <nCl=121> <DB=-1680.7696> <Mlp=-1678.2577> <PB=-1679> 
<DWph=1> <it=  0> <et=13944.41> <Mt= 0.00> <Spt= 0.00> <nCl=  0> <DB=-1680.0000> <Mlp=1000000000000.0000> <PB=-1679> 
SB phase 2 cand.  1 branch on x_60_68 (lhs=0.4549): [-1678.2577, 1000000000000.0000], score = 1742320600664.59      <et=13944.4>
**** Strong branching phase 3 is started *****
************************************************************************************************
Search is finished, global bounds : [ -1680 , -1679 ], TIME = 3h52m24s45t = 1394445
************************************************************************************************
statistics_cols: instance & :Optimal & cutoff & :bcRecRootDb & :bcTimeRootEval & :bcCountNodeProc & :bcRecBestDb & :bcRecBestInc & :bcTimeMain \\
statistics: 66-130-5-3 & 0 & -1678.99999 & -1680.00 & 18.96 & 5 & -1680.00 & -- & 13944.45 \\
########################################################
Solution not found
########################################################
