Application parameters:
  batch  =>  nothing
  tikz  =>  "/TIKZ/66-40-5-3.tex"
  instance  =>  "/IN/66-40-5-3.ophs"
  out  =>  "/OUT/66-40-5-3.sol"
  nosolve  =>  false
  ub  =>  -575
  complete  =>  false
  cfg  =>  "/BWTSP/src/../config/OPHS.cfg"
VRPSolver warning: Interval set for resource 1 on source node (when source != sink) is ignored (by definition is [0.0,0.0])
VRPSolver warning: Interval set for resource 1 on source node (when source != sink) is ignored (by definition is [0.0,0.0])
VRPSolver warning: Interval set for resource 1 on source node (when source != sink) is ignored (by definition is [0.0,0.0])
[41m solve [00m
~~~~~~~~~~~~~~~~~~~~~~~~~~~~~~~~~~~~~~~~~~~~~~~~~~~~~~~~~~~~~~~~~~~~~~~~~~~~~~
VRPSolver v0.4.1, 24/03/2021. Web: vrpsolver.math.u-bordeaux.fr
Corresponds to the solver by Pessoa, Sadykov, Uchoa and Vanderbeck (2020)
Paper: dx.doi.org/10.1007/s10107-020-01523-z
USE THIS CODE ONLY FOR ACADEMIC PURPOSES AT YOUR OWN RISK
~~~~~~~~~~~~~~~~~~~~~~~~~~~~~~~~~~~~~~~~~~~~~~~~~~~~~~~~~~~~~~~~~~~~~~~~~~~~~~
BaPCod v053, 24/03/2021, © Inria Bordeaux, France
~~~~~~~~~~~~~~~~~~~~~~~~~~~~~~~~~~~~~~~~~~~~~~~~~~~~~~~~~~~~~~~~~~~~~~~~~~~~~~
VRPSolver parameters:
GlobalTimeLimit = 18000
MaxNbOfBBtreeNodeTreated = 100000
treeSearchStrategy = 1
RCSPstopCutGenTimeThresholdInPricing = 10
RCSPhardTimeThresholdInPricing = 25
RCSPnumberOfBucketsPerVertex = 25
RCSPdynamicBucketSteps = 1
RCSPuseBidirectionalSearch = 2
RCSPapplyReducedCostFixing = 1
RCSPredCostFixingFalseGap = 0
RCSPmaxNumOfColsPerIteration = 30
RCSPmaxNumOfColsPerExactIteration = 150
RCSPheurLabelingStrategy = 0
StabilizationMinPhaseOfStage = 0
RCSPmaxNumOfLabelsInEnumeration = 500000
RCSPmaxNumOfEnumeratedSolutions = 5000000
RCSPmaxNumOfEnumSolutionsForMIP = 10000
RCSPinitNGneighbourhoodSize = 8
RCSPmaxNGneighbourhoodSize = 8
RCSPrankOneCutsMaxNumPerRound = 100
RCSPrankOneCutsMaxNumRows = 5
RCSPrankOneCutsMemoryType = 0
CutTailingOffThreshold = 0.015
CutTailingOffCounterThreshold = 3
SafeDualBoundScaleFactor = -1
StrongBranchingPhaseOneCandidatesNumber = 100
StrongBranchingPhaseOneTreeSizeEstimRatio = 0.2
StrongBranchingPhaseTwoCandidatesNumber = 3
StrongBranchingPhaseTwoTreeSizeEstimRatio = 0.02
MaxTimeForRestrictedMasterIpHeur = -1
DivingHeurUseDepthLimit = 0
MaxLDSbreadth = 1
MaxLDSdepth = 10000
New model incumbent solution -574, TIME = 0h0m0s2t = 2
Model is built TIME = 0h0m0s99t = 99
************************************************************************************************
**** BaB tree root node
**** Local DB = -1e+12, global bounds : [ -1e+12 , -574 ], TIME = 0h0m0s99t = 99
**** 1 open nodes, 0 columns (0 active), 0 dyn. constrs. (0 active), 295 art. vars. (295 active)
************************************************************************************************
--------------------------------------------------------------------------
BaPCod info : first we run the root node with rank-1 cuts with node memory
--------------------------------------------------------------------------
<DWph=2> <it= 10> <et=1.07> <Mt= 0.00> <Spt= 0.06> <nCl=101> <DB= -587.5000> <Mlp= -562.5000> <PB=-573.99999> 
<DWph=2> <it= 12> <et=1.09> <Mt= 0.00> <Spt= 0.02> <nCl=  1> <DB= -567.5000> <Mlp= -567.5000> <PB=-573.99999> 
<DWph=1> <it= 14> <et=1.11> <Mt= 0.00> <Spt= 0.03> <nCl=  5> <DB= -595.0000> <Mlp= -595.0000> <PB=-573.99999> 
<DWph=0> <it= 15> <et=1.13> <Mt= 0.00> <Spt= 0.01> <nCl=  0> <DB= -595.0000> <Mlp= -595.0000> <PB=-573.99999> 
Reduced cost fixing for graph G_3... took 0 sec., 2789 buck. arcs remain (17.4% from prev., 1.81% from max.)
Run enumeration... took 0.01 sec. and succeeded! Pricing will be done by inspection.
Reduced cost fixing for graph G_2... took 0 sec., 1414 buck. arcs remain (4.89% from prev., 0.813% from max.)
Run enumeration... took 0.01 sec. and succeeded! Pricing will be done by inspection.
Reduced cost fixing for graph G_1... took 0.01 sec., 3365 buck. arcs remain (10.6% from prev., 1.9% from max.)
Run enumeration... took 0.01 sec. and succeeded! Pricing will be done by inspection.
ColGenEvalAlg final dual bound: -595 (rounded: -595)
----- Terminating the node by MIP -----
MIP found solution with value -575
New model incumbent solution -575, TIME = 0h0m1s23t = 123
************************************************************************************************
Search is finished, global bounds : [ -575 , -575 ], TIME = 0h0m1s23t = 123
************************************************************************************************
[32mBaPCod : solution defined.[00m
statistics_cols: instance & :Optimal & cutoff & :bcRecRootDb & :bcTimeRootEval & :bcCountNodeProc & :bcRecBestDb & :bcRecBestInc & :bcTimeMain \\
statistics: 66-40-5-3 & 1 & -573.99999 & -575.00 & 1.23 & 1 & -575.00 & -575 & 1.23 \\
########################################################
trip 1 : 1 27 19 11 10 9 8 3 
trip 2 : 3 16 24 32 40 48 56 64 65 4 
trip 3 : 4 66 67 59 51 43 2 
tour : 1 27 19 11 10 9 8 3 16 24 32 40 48 56 64 65 4 66 67 59 51 43 2
Cost 575.0
########################################################
