Application parameters:
  batch  =>  nothing
  tikz  =>  "/TIKZ/66-55-5-3.tex"
  instance  =>  "/IN/66-55-5-3.ophs"
  out  =>  "/OUT/66-55-5-3.sol"
  nosolve  =>  false
  ub  =>  -825
  complete  =>  false
  cfg  =>  "/BWTSP/src/../config/OPHS.cfg"
VRPSolver warning: Interval set for resource 1 on source node (when source != sink) is ignored (by definition is [0.0,0.0])
VRPSolver warning: Interval set for resource 1 on source node (when source != sink) is ignored (by definition is [0.0,0.0])
VRPSolver warning: Interval set for resource 1 on source node (when source != sink) is ignored (by definition is [0.0,0.0])
[41m solve [00m
~~~~~~~~~~~~~~~~~~~~~~~~~~~~~~~~~~~~~~~~~~~~~~~~~~~~~~~~~~~~~~~~~~~~~~~~~~~~~~
VRPSolver v0.4.1, 24/03/2021. Web: vrpsolver.math.u-bordeaux.fr
Corresponds to the solver by Pessoa, Sadykov, Uchoa and Vanderbeck (2020)
Paper: dx.doi.org/10.1007/s10107-020-01523-z
USE THIS CODE ONLY FOR ACADEMIC PURPOSES AT YOUR OWN RISK
~~~~~~~~~~~~~~~~~~~~~~~~~~~~~~~~~~~~~~~~~~~~~~~~~~~~~~~~~~~~~~~~~~~~~~~~~~~~~~
BaPCod v053, 24/03/2021, © Inria Bordeaux, France
~~~~~~~~~~~~~~~~~~~~~~~~~~~~~~~~~~~~~~~~~~~~~~~~~~~~~~~~~~~~~~~~~~~~~~~~~~~~~~
VRPSolver parameters:
GlobalTimeLimit = 18000
MaxNbOfBBtreeNodeTreated = 100000
treeSearchStrategy = 1
RCSPstopCutGenTimeThresholdInPricing = 10
RCSPhardTimeThresholdInPricing = 25
RCSPnumberOfBucketsPerVertex = 25
RCSPdynamicBucketSteps = 1
RCSPuseBidirectionalSearch = 2
RCSPapplyReducedCostFixing = 1
RCSPredCostFixingFalseGap = 0
RCSPmaxNumOfColsPerIteration = 30
RCSPmaxNumOfColsPerExactIteration = 150
RCSPheurLabelingStrategy = 0
StabilizationMinPhaseOfStage = 0
RCSPmaxNumOfLabelsInEnumeration = 500000
RCSPmaxNumOfEnumeratedSolutions = 5000000
RCSPmaxNumOfEnumSolutionsForMIP = 10000
RCSPinitNGneighbourhoodSize = 8
RCSPmaxNGneighbourhoodSize = 8
RCSPrankOneCutsMaxNumPerRound = 100
RCSPrankOneCutsMaxNumRows = 5
RCSPrankOneCutsMemoryType = 0
CutTailingOffThreshold = 0.015
CutTailingOffCounterThreshold = 3
SafeDualBoundScaleFactor = -1
StrongBranchingPhaseOneCandidatesNumber = 100
StrongBranchingPhaseOneTreeSizeEstimRatio = 0.2
StrongBranchingPhaseTwoCandidatesNumber = 3
StrongBranchingPhaseTwoTreeSizeEstimRatio = 0.02
MaxTimeForRestrictedMasterIpHeur = -1
DivingHeurUseDepthLimit = 0
MaxLDSbreadth = 1
MaxLDSdepth = 10000
New model incumbent solution -824, TIME = 0h0m0s2t = 2
Model is built TIME = 0h0m0s98t = 98
************************************************************************************************
**** BaB tree root node
**** Local DB = -1e+12, global bounds : [ -1e+12 , -824 ], TIME = 0h0m0s98t = 98
**** 1 open nodes, 0 columns (0 active), 0 dyn. constrs. (0 active), 295 art. vars. (295 active)
************************************************************************************************
--------------------------------------------------------------------------
BaPCod info : first we run the root node with rank-1 cuts with node memory
--------------------------------------------------------------------------
<DWph=2> <it= 10> <et=1.09> <Mt= 0.00> <Spt= 0.09> <nCl=154> <DB= -898.7668> <Mlp= -827.5000> <PB=-823.99999> 
<DWph=2> <it= 17> <et=1.19> <Mt= 0.00> <Spt= 0.10> <nCl= 16> <DB= -853.3333> <Mlp= -853.3333> <PB=-823.99999> 
<DWph=1> <it= 18> <et=1.23> <Mt= 0.00> <Spt= 0.04> <nCl=  0> <DB= -853.3333> <Mlp= -853.3333> <PB=-823.99999> 
<DWph=0> <it= 20> <et=1.31> <Mt= 0.01> <Spt= 0.07> <nCl=  8> <DB= -857.0019> <Mlp= -854.3750> <PB=-823.99999> 
<DWph=0> <it= 21> <et=1.34> <Mt= 0.00> <Spt= 0.03> <nCl=  0> <DB= -854.3750> <Mlp= -854.3750> <PB=-823.99999> 
Reduced cost fixing for graph G_3... took 0.01 sec., 5379 buck. arcs remain (16.3% from prev., 3.05% from max.)
Run enumeration... took 0.02 sec. and succeeded! Pricing will be done by inspection.
Reduced cost fixing for graph G_2... took 0.02 sec., 4601 buck. arcs remain (8.93% from prev., 2.4% from max.)
Run enumeration... took 0.01 sec. and succeeded! Pricing will be done by inspection.
Reduced cost fixing for graph G_1... took 0.02 sec., 4149 buck. arcs remain (8.38% from prev., 2.16% from max.)
Run enumeration... took 0.01 sec. and succeeded! Pricing will be done by inspection.
ColGenEvalAlg final dual bound: -854.375 (rounded: -854)
----- Terminating the node by MIP -----
MIP found solution with value -825
New model incumbent solution -825, TIME = 0h0m1s68t = 168
************************************************************************************************
Search is finished, global bounds : [ -825 , -825 ], TIME = 0h0m1s68t = 168
************************************************************************************************
[32mBaPCod : solution defined.[00m
statistics_cols: instance & :Optimal & cutoff & :bcRecRootDb & :bcTimeRootEval & :bcCountNodeProc & :bcRecBestDb & :bcRecBestInc & :bcTimeMain \\
statistics: 66-55-5-3 & 1 & -823.99999 & -825.00 & 1.68 & 1 & -825.00 & -825 & 1.68 \\
########################################################
trip 1 : 1 36 37 38 39 31 23 15 14 13 3 
trip 2 : 3 12 11 10 9 8 16 24 32 40 48 56 4 
trip 3 : 4 64 65 66 67 59 51 43 2 
tour : 1 36 37 38 39 31 23 15 14 13 3 12 11 10 9 8 16 24 32 40 48 56 4 64 65 66 67 59 51 43 2
Cost 825.0
########################################################
