Application parameters:
  batch  =>  nothing
  tikz  =>  "/TIKZ/66-60-5-3.tex"
  instance  =>  "/IN/66-60-5-3.ophs"
  out  =>  "/OUT/66-60-5-3.sol"
  nosolve  =>  false
  ub  =>  -915
  complete  =>  false
  cfg  =>  "/BWTSP/src/../config/OPHS.cfg"
VRPSolver warning: Interval set for resource 1 on source node (when source != sink) is ignored (by definition is [0.0,0.0])
VRPSolver warning: Interval set for resource 1 on source node (when source != sink) is ignored (by definition is [0.0,0.0])
VRPSolver warning: Interval set for resource 1 on source node (when source != sink) is ignored (by definition is [0.0,0.0])
[41m solve [00m
~~~~~~~~~~~~~~~~~~~~~~~~~~~~~~~~~~~~~~~~~~~~~~~~~~~~~~~~~~~~~~~~~~~~~~~~~~~~~~
VRPSolver v0.4.1, 24/03/2021. Web: vrpsolver.math.u-bordeaux.fr
Corresponds to the solver by Pessoa, Sadykov, Uchoa and Vanderbeck (2020)
Paper: dx.doi.org/10.1007/s10107-020-01523-z
USE THIS CODE ONLY FOR ACADEMIC PURPOSES AT YOUR OWN RISK
~~~~~~~~~~~~~~~~~~~~~~~~~~~~~~~~~~~~~~~~~~~~~~~~~~~~~~~~~~~~~~~~~~~~~~~~~~~~~~
BaPCod v053, 24/03/2021, © Inria Bordeaux, France
~~~~~~~~~~~~~~~~~~~~~~~~~~~~~~~~~~~~~~~~~~~~~~~~~~~~~~~~~~~~~~~~~~~~~~~~~~~~~~
VRPSolver parameters:
GlobalTimeLimit = 18000
MaxNbOfBBtreeNodeTreated = 100000
treeSearchStrategy = 1
RCSPstopCutGenTimeThresholdInPricing = 10
RCSPhardTimeThresholdInPricing = 25
RCSPnumberOfBucketsPerVertex = 25
RCSPdynamicBucketSteps = 1
RCSPuseBidirectionalSearch = 2
RCSPapplyReducedCostFixing = 1
RCSPredCostFixingFalseGap = 0
RCSPmaxNumOfColsPerIteration = 30
RCSPmaxNumOfColsPerExactIteration = 150
RCSPheurLabelingStrategy = 0
StabilizationMinPhaseOfStage = 0
RCSPmaxNumOfLabelsInEnumeration = 500000
RCSPmaxNumOfEnumeratedSolutions = 5000000
RCSPmaxNumOfEnumSolutionsForMIP = 10000
RCSPinitNGneighbourhoodSize = 8
RCSPmaxNGneighbourhoodSize = 8
RCSPrankOneCutsMaxNumPerRound = 100
RCSPrankOneCutsMaxNumRows = 5
RCSPrankOneCutsMemoryType = 0
CutTailingOffThreshold = 0.015
CutTailingOffCounterThreshold = 3
SafeDualBoundScaleFactor = -1
StrongBranchingPhaseOneCandidatesNumber = 100
StrongBranchingPhaseOneTreeSizeEstimRatio = 0.2
StrongBranchingPhaseTwoCandidatesNumber = 3
StrongBranchingPhaseTwoTreeSizeEstimRatio = 0.02
MaxTimeForRestrictedMasterIpHeur = -1
DivingHeurUseDepthLimit = 0
MaxLDSbreadth = 1
MaxLDSdepth = 10000
New model incumbent solution -914, TIME = 0h0m0s2t = 2
Model is built TIME = 0h0m1s0t = 100
************************************************************************************************
**** BaB tree root node
**** Local DB = -1e+12, global bounds : [ -1e+12 , -914 ], TIME = 0h0m1s0t = 100
**** 1 open nodes, 0 columns (0 active), 0 dyn. constrs. (0 active), 295 art. vars. (295 active)
************************************************************************************************
--------------------------------------------------------------------------
BaPCod info : first we run the root node with rank-1 cuts with node memory
--------------------------------------------------------------------------
<DWph=2> <it= 10> <et=1.12> <Mt= 0.00> <Spt= 0.10> <nCl=156> <DB= -980.9800> <Mlp= -922.5000> <PB=-913.99999> 
<DWph=2> <it= 15> <et=1.19> <Mt= 0.00> <Spt= 0.06> <nCl=  8> <DB= -945.0000> <Mlp= -945.0000> <PB=-913.99999> 
<DWph=1> <it= 19> <et=1.31> <Mt= 0.00> <Spt= 0.12> <nCl=  7> <DB= -950.0000> <Mlp= -950.0000> <PB=-913.99999> 
<DWph=0> <it= 20> <et=1.36> <Mt= 0.00> <Spt= 0.05> <nCl=  2> <DB= -970.0000> <Mlp= -950.0000> <PB=-913.99999> 
<DWph=0> <it= 21> <et=1.43> <Mt= 0.01> <Spt= 0.08> <nCl=  0> <DB= -955.0000> <Mlp= -955.0000> <PB=-913.99999> 
Reduced cost fixing for graph G_3... took 0.01 sec., 4742 buck. arcs remain (9.53% from prev., 2.47% from max.)
Run enumeration... took 0.02 sec. and succeeded! Pricing will be done by inspection.
Reduced cost fixing for graph G_2... took 0.03 sec., 7674 buck. arcs remain (14.8% from prev., 3.99% from max.)
Run enumeration... took 0.02 sec. and succeeded! Pricing will be done by inspection.
Reduced cost fixing for graph G_1... took 0.03 sec., 6334 buck. arcs remain (11.9% from prev., 3.29% from max.)
Run enumeration... took 0.02 sec. and succeeded! Pricing will be done by inspection.
<DWph=2> <it= 22> <et=1.61> <Mt= 0.01> <Spt= 0.00> <nCl=  0> <DB= -955.0000> <Mlp= -955.0000> <PB=-913.99999> 
<DWph=1> <it= 23> <et=1.62> <Mt= 0.00> <Spt= 0.01> <nCl=  0> <DB= -955.0000> <Mlp= -955.0000> <PB=-913.99999> 
<DWph=0> <it= 24> <et=1.62> <Mt= 0.00> <Spt= 0.00> <nCl=  0> <DB= -955.0000> <Mlp= -955.0000> <PB=-913.99999> 
ColGenEvalAlg final dual bound: -955 (rounded: -955)
----- Add fac. cuts : sep. took 0.06 sec.----- no cuts found  -----
-----------------------------------------------------------------------
BaPCod info : now we run the root node with rank-1 cuts with arc memory
-----------------------------------------------------------------------
<DWph=2> <it=  1> <et=1.70> <Mt= 0.00> <Spt= 0.00> <nCl=  0> <DB= -955.0000> <Mlp= -955.0000> <PB=-913.99999> 
<DWph=1> <it=  2> <et=1.70> <Mt= 0.00> <Spt= 0.00> <nCl=  0> <DB= -955.0000> <Mlp= -955.0000> <PB=-913.99999> 
<DWph=0> <it=  3> <et=1.70> <Mt= 0.00> <Spt= 0.00> <nCl=  0> <DB= -955.0000> <Mlp= -955.0000> <PB=-913.99999> 
ColGenEvalAlg final dual bound: -955 (rounded: -955)
----- Add fac. cuts : sep. took 0.06 sec.----- no cuts found  -----
-----------------------------------------------------------------------
Node memory is preferred (score = 0)
-----------------------------------------------------------------------
----------- Diving heuristic started -----------
<DWph=2> <it=  1> <et=1.78> <Mt= 0.00> <Spt= 0.00> <nCl=  0> <DB= -955.0000> <Mlp= -955.0000> <PB=-913.99999> 
<DWph=1> <it=  2> <et=1.78> <Mt= 0.00> <Spt= 0.00> <nCl=  0> <DB= -955.0000> <Mlp= -955.0000> <PB=-913.99999> 
<DWph=0> <it=  3> <et=1.78> <Mt= 0.00> <Spt= 0.00> <nCl=  0> <DB= -955.0000> <Mlp= -955.0000> <PB=-913.99999> 
ColGenEvalAlg final dual bound: -955 (rounded: -955)
---- Diving heuristic node with dive number = 0, fix depth = 1 and tabu list size = 0
Fixed projected solution = [t_3_2_3_3_OspV=1, x_3_2_43_3_OspV=1, x_3_5_17_3_OspV=1, x_3_8_9_3_OspV=1, x_3_8_16_3_OspV=1, x_3_9_17_3_OspV=1, x_3_16_24_3_OspV=1, x_3_24_32_3_OspV=1, x_3_32_40_3_OspV=1, x_3_40_41_3_OspV=1, x_3_41_42_3_OspV=1, x_3_42_43_3_OspV=1, y_3_5_3_3_OspV=1]
<DWph=2> <it=  1> <et=1.80> <Mt= 0.01> <Spt= 0.00> <nCl=  0> <DB=23086.6667> <Mlp=23086.6667> <PB=-913.99999> 
<DWph=1> <it=  2> <et=1.80> <Mt= 0.00> <Spt= 0.00> <nCl=  0> <DB=23086.6667> <Mlp=23086.6667> <PB=-913.99999> 
<DWph=0> <it=  7> <et=1.85> <Mt= 0.00> <Spt= 0.05> <nCl=541> <DB= -875.0000> <Mlp= -875.0000> <PB=-913.99999> 
ColGenEvalAlg final dual bound: -875 (rounded: -875)
---- Diving heuristic node with dive number = 1, fix depth = 1 and tabu list size = 1
Fixed projected solution = [t_2_5_2_2_OspV=1, x_2_3_23_2_OspV=1, x_2_5_17_2_OspV=1, x_2_8_9_2_OspV=1, x_2_8_16_2_OspV=1, x_2_9_10_2_OspV=1, x_2_10_11_2_OspV=1, x_2_11_12_2_OspV=1, x_2_12_13_2_OspV=1, x_2_13_14_2_OspV=1, x_2_14_15_2_OspV=1, x_2_15_23_2_OspV=1, x_2_16_17_2_OspV=1, y_2_3_2_2_OspV=1]
<DWph=2> <it=  1> <et=1.87> <Mt= 0.00> <Spt= 0.00> <nCl=  0> <DB=47045.0000> <Mlp=47045.0000> <PB=-913.99999> 
<DWph=1> <it=  2> <et=1.88> <Mt= 0.00> <Spt= 0.00> <nCl=  0> <DB=47045.0000> <Mlp=47045.0000> <PB=-913.99999> 
<DWph=0> <it=  4> <et=1.89> <Mt= 0.01> <Spt= 0.02> <nCl=275> <DB=15878.0000> <Mlp=23100.0000> <PB=-913.99999> 
ColGenEvalAlg final dual bound: 15878 (rounded: 15878)
**** Strong branching phase 1 is started *****
SB phase 1 cand.  1 branch on t_3_1 (lhs=0.5000): [ -936.2500,  5045.0000], score = 768.86      <et=1.9>
SB phase 1 cand.  2 branch on t_4_2 (lhs=0.5000): [ -926.6667,  -910.0000], score = 1161.67      <et=1.9>
SB phase 1 cand.  3 branch on t_5_2 (lhs=0.5000): [ -939.0000,  -865.0000], score = 656.00      <et=1.9>
SB phase 1 cand.  4 branch on t_7_1 (lhs=0.5000): [ -935.0000,  -865.0000], score = 820.00      <et=1.91>
SB phase 1 cand.  5 branch on y_3_2 (lhs=0.5000): [ -936.2500,  5045.0000], score = 768.86      <et=1.91>
SB phase 1 cand.  6 branch on y_4_3 (lhs=0.5000): [ -926.6667,  -910.0000], score = 1161.67      <et=1.91>
SB phase 1 cand.  8 branch on y_7_2 (lhs=0.5000): [ -935.0000,  -865.0000], score = 820.00      <et=1.92>
**** Strong branching phase 2 is started *****
<DWph=0> <it=  5> <et=1.98> <Mt= 0.00> <Spt= 0.05> <nCl=319> <DB= -925.5556> <Mlp= -925.5556> <PB=-913.99999> 
<DWph=0> <it=  4> <et=2.05> <Mt= 0.01> <Spt= 0.05> <nCl=199> <DB= -930.0000> <Mlp= -930.0000> <PB=-913.99999> 
SB phase 2 cand.  1 branch on y_4_3 (lhs=0.5000): [ -930.0000,  -925.5556], score = 736.11      <et=2.06>
<DWph=0> <it=  5> <et=2.13> <Mt= 0.00> <Spt= 0.06> <nCl=392> <DB= -925.0000> <Mlp= -925.0000> <PB=-913.99999> 
<DWph=0> <it=  4> <et=2.20> <Mt= 0.00> <Spt= 0.05> <nCl=113> <DB= -940.0000> <Mlp= -940.0000> <PB=-913.99999> 
SB phase 2 cand.  2 branch on y_7_2 (lhs=0.5000): [ -940.0000,  -925.0000], score = 450.00      <et=2.2>
<DWph=0> <it=  6> <et=2.29> <Mt= 0.01> <Spt= 0.07> <nCl=362> <DB= -915.0000> <Mlp= -915.0000> <PB=-915> 
<DWph=0> <it=  4> <et=2.37> <Mt= 0.00> <Spt= 0.05> <nCl= 32> <DB= -936.2500> <Mlp= -936.2500> <PB=-915> 
SB phase 2 cand.  3 branch on y_3_2 (lhs=0.5000): [ -936.2500,  -915.0000], score = 750.00      <et=2.39>
**** Strong branching phase 3 is started *****
**** SB phase 3 evaluation of candidate 1, branch 1 ( y_3_2 >= 1 ), value = -915
**** SB phase 3 evaluation of candidate 1, branch 2 ( y_3_2 <= 0 ), value = -936.25
<DWph=2> <it=  1> <et=2.41> <Mt= 0.00> <Spt= 0.01> <nCl=  0> <DB= -936.2500> <Mlp= -936.2500> <PB=-915> 
<DWph=1> <it=  2> <et=2.41> <Mt= 0.01> <Spt= 0.00> <nCl=  0> <DB= -936.2500> <Mlp= -936.2500> <PB=-915> 
<DWph=0> <it=  3> <et=2.44> <Mt= 0.00> <Spt= 0.02> <nCl=  0> <DB= -936.2500> <Mlp= -936.2500> <PB=-915> 
Reduced cost fixing for graph G_3...  took 0 sec., done by inspection with 2061 solutions, remains 184 (8.93%)
Reduced cost fixing for graph G_2...  took 0 sec., done by inspection with 5252 solutions, remains 452 (8.61%)
Reduced cost fixing for graph G_1...  took 0 sec., done by inspection with 5601 solutions, remains 772 (13.8%)
ColGenEvalAlg final dual bound: -936.25 (rounded: -936)
----- Terminating the node by MIP -----
 SB phase 3 candidate 1 is conquered !
New model incumbent solution -915, TIME = 0h0m2s57t = 257
************************************************************************************************
Search is finished, global bounds : [ -915 , -915 ], TIME = 0h0m2s57t = 257
************************************************************************************************
[32mBaPCod : solution defined.[00m
statistics_cols: instance & :Optimal & cutoff & :bcRecRootDb & :bcTimeRootEval & :bcCountNodeProc & :bcRecBestDb & :bcRecBestInc & :bcTimeMain \\
statistics: 66-60-5-3 & 1 & -913.99999 & -955.00 & 1.77 & 3 & -915.00 & -915 & 2.57 \\
########################################################
trip 1 : 1 27 19 18 10 11 12 13 14 15 3 
trip 2 : 3 23 31 39 47 55 63 71 70 69 68 67 4 
trip 3 : 4 66 65 64 56 48 40 41 42 43 2 
tour : 1 27 19 18 10 11 12 13 14 15 3 23 31 39 47 55 63 71 70 69 68 67 4 66 65 64 56 48 40 41 42 43 2
Cost 915.0
########################################################
