Application parameters:
  batch  =>  nothing
  tikz  =>  "/TIKZ/T1-65-5-3.tex"
  instance  =>  "/IN/T1-65-5-3.ophs"
  out  =>  "/OUT/T1-65-5-3.sol"
  nosolve  =>  false
  ub  =>  -240
  complete  =>  false
  cfg  =>  "/BWTSP/src/../config/OPHS.cfg"
VRPSolver warning: Interval set for resource 1 on source node (when source != sink) is ignored (by definition is [0.0,0.0])
VRPSolver warning: Interval set for resource 1 on source node (when source != sink) is ignored (by definition is [0.0,0.0])
VRPSolver warning: Interval set for resource 1 on source node (when source != sink) is ignored (by definition is [0.0,0.0])
[41m solve [00m
~~~~~~~~~~~~~~~~~~~~~~~~~~~~~~~~~~~~~~~~~~~~~~~~~~~~~~~~~~~~~~~~~~~~~~~~~~~~~~
VRPSolver v0.4.1, 24/03/2021. Web: vrpsolver.math.u-bordeaux.fr
Corresponds to the solver by Pessoa, Sadykov, Uchoa and Vanderbeck (2020)
Paper: dx.doi.org/10.1007/s10107-020-01523-z
USE THIS CODE ONLY FOR ACADEMIC PURPOSES AT YOUR OWN RISK
~~~~~~~~~~~~~~~~~~~~~~~~~~~~~~~~~~~~~~~~~~~~~~~~~~~~~~~~~~~~~~~~~~~~~~~~~~~~~~
BaPCod v053, 24/03/2021, © Inria Bordeaux, France
~~~~~~~~~~~~~~~~~~~~~~~~~~~~~~~~~~~~~~~~~~~~~~~~~~~~~~~~~~~~~~~~~~~~~~~~~~~~~~
VRPSolver parameters:
GlobalTimeLimit = 18000
MaxNbOfBBtreeNodeTreated = 100000
treeSearchStrategy = 1
RCSPstopCutGenTimeThresholdInPricing = 10
RCSPhardTimeThresholdInPricing = 25
RCSPnumberOfBucketsPerVertex = 25
RCSPdynamicBucketSteps = 1
RCSPuseBidirectionalSearch = 2
RCSPapplyReducedCostFixing = 1
RCSPredCostFixingFalseGap = 0
RCSPmaxNumOfColsPerIteration = 30
RCSPmaxNumOfColsPerExactIteration = 150
RCSPheurLabelingStrategy = 0
StabilizationMinPhaseOfStage = 0
RCSPmaxNumOfLabelsInEnumeration = 500000
RCSPmaxNumOfEnumeratedSolutions = 5000000
RCSPmaxNumOfEnumSolutionsForMIP = 10000
RCSPinitNGneighbourhoodSize = 8
RCSPmaxNGneighbourhoodSize = 8
RCSPrankOneCutsMaxNumPerRound = 100
RCSPrankOneCutsMaxNumRows = 5
RCSPrankOneCutsMemoryType = 0
CutTailingOffThreshold = 0.015
CutTailingOffCounterThreshold = 3
SafeDualBoundScaleFactor = -1
StrongBranchingPhaseOneCandidatesNumber = 100
StrongBranchingPhaseOneTreeSizeEstimRatio = 0.2
StrongBranchingPhaseTwoCandidatesNumber = 3
StrongBranchingPhaseTwoTreeSizeEstimRatio = 0.02
MaxTimeForRestrictedMasterIpHeur = -1
DivingHeurUseDepthLimit = 0
MaxLDSbreadth = 1
MaxLDSdepth = 10000
New model incumbent solution -239, TIME = 0h0m0s3t = 3
Model is built TIME = 0h0m0s82t = 82
************************************************************************************************
**** BaB tree root node
**** Local DB = -1e+12, global bounds : [ -1e+12 , -239 ], TIME = 0h0m0s82t = 82
**** 1 open nodes, 0 columns (0 active), 0 dyn. constrs. (0 active), 159 art. vars. (159 active)
************************************************************************************************
--------------------------------------------------------------------------
BaPCod info : first we run the root node with rank-1 cuts with node memory
--------------------------------------------------------------------------
<DWph=2> <it= 10> <et=0.86> <Mt= 0.00> <Spt= 0.02> <nCl=144> <DB= -255.0000> <Mlp= -225.0000> <PB=-238.99999> 
<DWph=2> <it= 20> <et=0.89> <Mt= 0.00> <Spt= 0.03> <nCl= 80> <DB= -241.1483> <Mlp= -240.2048> <PB=-238.99999> 
<DWph=2> <it= 25> <et=0.91> <Mt= 0.00> <Spt= 0.01> <nCl=  5> <DB= -240.3409> <Mlp= -240.3409> <PB=-238.99999> 
<DWph=1> <it= 30> <et=0.94> <Mt= 0.01> <Spt= 0.04> <nCl= 19> <DB= -241.3231> <Mlp= -241.0526> <PB=-238.99999> 
<DWph=1> <it= 31> <et=0.96> <Mt= 0.00> <Spt= 0.01> <nCl=  0> <DB= -241.0526> <Mlp= -241.0526> <PB=-238.99999> 
<DWph=0> <it= 34> <et=1.01> <Mt= 0.00> <Spt= 0.06> <nCl= 14> <DB= -241.2281> <Mlp= -241.2281> <PB=-238.99999> 
Reduced cost fixing for graph G_3... took 0 sec., 1553 buck. arcs remain (15.4% from prev., 3.54% from max.)
Run enumeration... took 0.01 sec. and succeeded! Pricing will be done by inspection.
Reduced cost fixing for graph G_2... took 0 sec., 1957 buck. arcs remain (13% from prev., 4.08% from max.)
Run enumeration... took 0.01 sec. and succeeded! Pricing will be done by inspection.
Reduced cost fixing for graph G_1... took 0 sec., 611 buck. arcs remain (4.25% from prev., 1.29% from max.)
Run enumeration... took 0.01 sec. and succeeded! Pricing will be done by inspection.
ColGenEvalAlg final dual bound: -241.228 (rounded: -241)
----- Terminating the node by MIP -----
MIP found solution with value -240
New model incumbent solution -240, TIME = 0h0m1s10t = 110
************************************************************************************************
Search is finished, global bounds : [ -240 , -240 ], TIME = 0h0m1s10t = 110
************************************************************************************************
[32mBaPCod : solution defined.[00m
statistics_cols: instance & :Optimal & cutoff & :bcRecRootDb & :bcTimeRootEval & :bcCountNodeProc & :bcRecBestDb & :bcRecBestInc & :bcTimeMain \\
statistics: T1-65-5-3 & 1 & -238.99999 & -240.00 & 1.10 & 1 & -240.00 & -240 & 1.10 \\
########################################################
trip 1 : 1 33 37 32 31 30 29 28 27 3 
trip 2 : 3 18 17 16 14 8 9 11 10 20 7 
trip 3 : 7 21 22 23 35 34 2 
tour : 1 33 37 32 31 30 29 28 27 3 18 17 16 14 8 9 11 10 20 7 21 22 23 35 34 2
Cost 240.0
########################################################
