Application parameters:
  batch  =>  nothing
  tikz  =>  "/TIKZ/T1-85-5-3.tex"
  instance  =>  "/IN/T1-85-5-3.ophs"
  out  =>  "/OUT/T1-85-5-3.sol"
  nosolve  =>  false
  ub  =>  -285
  complete  =>  false
  cfg  =>  "/BWTSP/src/../config/OPHS.cfg"
VRPSolver warning: Interval set for resource 1 on source node (when source != sink) is ignored (by definition is [0.0,0.0])
VRPSolver warning: Interval set for resource 1 on source node (when source != sink) is ignored (by definition is [0.0,0.0])
VRPSolver warning: Interval set for resource 1 on source node (when source != sink) is ignored (by definition is [0.0,0.0])
[41m solve [00m
~~~~~~~~~~~~~~~~~~~~~~~~~~~~~~~~~~~~~~~~~~~~~~~~~~~~~~~~~~~~~~~~~~~~~~~~~~~~~~
VRPSolver v0.4.1, 24/03/2021. Web: vrpsolver.math.u-bordeaux.fr
Corresponds to the solver by Pessoa, Sadykov, Uchoa and Vanderbeck (2020)
Paper: dx.doi.org/10.1007/s10107-020-01523-z
USE THIS CODE ONLY FOR ACADEMIC PURPOSES AT YOUR OWN RISK
~~~~~~~~~~~~~~~~~~~~~~~~~~~~~~~~~~~~~~~~~~~~~~~~~~~~~~~~~~~~~~~~~~~~~~~~~~~~~~
BaPCod v053, 24/03/2021, © Inria Bordeaux, France
~~~~~~~~~~~~~~~~~~~~~~~~~~~~~~~~~~~~~~~~~~~~~~~~~~~~~~~~~~~~~~~~~~~~~~~~~~~~~~
VRPSolver parameters:
GlobalTimeLimit = 18000
MaxNbOfBBtreeNodeTreated = 100000
treeSearchStrategy = 1
RCSPstopCutGenTimeThresholdInPricing = 10
RCSPhardTimeThresholdInPricing = 25
RCSPnumberOfBucketsPerVertex = 25
RCSPdynamicBucketSteps = 1
RCSPuseBidirectionalSearch = 2
RCSPapplyReducedCostFixing = 1
RCSPredCostFixingFalseGap = 0
RCSPmaxNumOfColsPerIteration = 30
RCSPmaxNumOfColsPerExactIteration = 150
RCSPheurLabelingStrategy = 0
StabilizationMinPhaseOfStage = 0
RCSPmaxNumOfLabelsInEnumeration = 500000
RCSPmaxNumOfEnumeratedSolutions = 5000000
RCSPmaxNumOfEnumSolutionsForMIP = 10000
RCSPinitNGneighbourhoodSize = 8
RCSPmaxNGneighbourhoodSize = 8
RCSPrankOneCutsMaxNumPerRound = 100
RCSPrankOneCutsMaxNumRows = 5
RCSPrankOneCutsMemoryType = 0
CutTailingOffThreshold = 0.015
CutTailingOffCounterThreshold = 3
SafeDualBoundScaleFactor = -1
StrongBranchingPhaseOneCandidatesNumber = 100
StrongBranchingPhaseOneTreeSizeEstimRatio = 0.2
StrongBranchingPhaseTwoCandidatesNumber = 3
StrongBranchingPhaseTwoTreeSizeEstimRatio = 0.02
MaxTimeForRestrictedMasterIpHeur = -1
DivingHeurUseDepthLimit = 0
MaxLDSbreadth = 1
MaxLDSdepth = 10000
New model incumbent solution -284, TIME = 0h0m0s2t = 2
Model is built TIME = 0h0m0s82t = 82
************************************************************************************************
**** BaB tree root node
**** Local DB = -1e+12, global bounds : [ -1e+12 , -284 ], TIME = 0h0m0s82t = 82
**** 1 open nodes, 0 columns (0 active), 0 dyn. constrs. (0 active), 159 art. vars. (159 active)
************************************************************************************************
--------------------------------------------------------------------------
BaPCod info : first we run the root node with rank-1 cuts with node memory
--------------------------------------------------------------------------
<DWph=2> <it= 10> <et=0.86> <Mt= 0.00> <Spt= 0.03> <nCl=167> <DB= -324.4536> <Mlp= -267.3433> <PB=-283.99999> 
<DWph=2> <it= 20> <et=0.90> <Mt= 0.01> <Spt= 0.03> <nCl=135> <DB= -288.1485> <Mlp= -279.1968> <PB=-283.99999> 
<DWph=2> <it= 30> <et=0.94> <Mt= 0.00> <Spt= 0.03> <nCl= 49> <DB= -283.6667> <Mlp= -282.6443> <PB=-283.99999> 
<DWph=2> <it= 38> <et=0.98> <Mt= 0.01> <Spt= 0.03> <nCl= 10> <DB= -282.6757> <Mlp= -282.6757> <PB=-283.99999> 
<DWph=1> <it= 40> <et=1.00> <Mt= 0.00> <Spt= 0.03> <nCl= 14> <DB= -284.8457> <Mlp= -283.0556> <PB=-283.99999> 
<DWph=1> <it= 45> <et=1.07> <Mt= 0.00> <Spt= 0.06> <nCl= 18> <DB= -283.7500> <Mlp= -283.7500> <PB=-283.99999> 
<DWph=0> <it= 47> <et=1.13> <Mt= 0.00> <Spt= 0.05> <nCl= 15> <DB= -285.0000> <Mlp= -285.0000> <PB=-283.99999> 
Reduced cost fixing for graph G_3... took 0 sec., 12018 buck. arcs remain (79.8% from prev., 24.7% from max.)
Run enumeration... took 0.21 sec. and succeeded! Pricing will be done by inspection.
Reduced cost fixing for graph G_2... took 0.01 sec., 16764 buck. arcs remain (91.3% from prev., 32.9% from max.)
Run enumeration... took 1.45 sec. and not succeeded.
Reduced cost fixing for graph G_1... took 0.01 sec., 15978 buck. arcs remain (89.9% from prev., 31.7% from max.)
Run enumeration... took 1.3 sec. and not succeeded.
<DWph=2> <it= 48> <et=4.21> <Mt= 0.02> <Spt= 0.01> <nCl=  0> <DB= -285.0000> <Mlp= -285.0000> <PB=-283.99999> 
<DWph=1> <it= 49> <et=4.21> <Mt= 0.00> <Spt= 0.00> <nCl=  0> <DB= -285.0000> <Mlp= -285.0000> <PB=-283.99999> 
ColGenEvalAlg final dual bound: -285 (rounded: -285)
----- Add fac. cuts : R1C(164), max.viol = 0.257143, aver.viol = 0.151452, sep/add took 0/0.05 sec. -----
1452 columns (1452 active), 164 dyn. constrs. (164 active), 323 art. vars. (323 active)
<DWph=2> <it= 10> <et=4.48> <Mt= 0.14> <Spt= 0.06> <nCl= 92> <DB= -289.3433> <Mlp= -283.9878> <PB=-283.99999> 
<DWph=2> <it= 20> <et=4.58> <Mt= 0.05> <Spt= 0.04> <nCl= 40> <DB= -284.7136> <Mlp= -284.7136> <PB=-283.99999> 
<DWph=1> <it= 25> <et=4.66> <Mt= 0.02> <Spt= 0.06> <nCl= 28> <DB= -285.5583> <Mlp= -285.0000> <PB=-285> 
ColGenEvalAlg final dual bound: -285 (rounded: -285)
Gap improvement since the last cut separation : 1 (-285)
New model incumbent solution -285, TIME = 0h0m4s69t = 469
************************************************************************************************
Search is finished, global bounds : [ -285 , -285 ], TIME = 0h0m4s69t = 469
************************************************************************************************
[32mBaPCod : solution defined.[00m
statistics_cols: instance & :Optimal & cutoff & :bcRecRootDb & :bcTimeRootEval & :bcCountNodeProc & :bcRecBestDb & :bcRecBestInc & :bcTimeMain \\
statistics: T1-85-5-3 & 1 & -283.99999 & -285.00 & 4.69 & 1 & -285.00 & -285 & 4.69 \\
########################################################
trip 1 : 1 25 26 33 32 37 36 31 30 29 28 3 
trip 2 : 3 27 18 17 16 15 14 8 9 13 19 12 11 10 4 
trip 3 : 4 20 21 22 23 35 34 24 2 
tour : 1 25 26 33 32 37 36 31 30 29 28 3 27 18 17 16 15 14 8 9 13 19 12 11 10 4 20 21 22 23 35 34 24 2
Cost 285.0
########################################################
