Application parameters:
  batch  =>  nothing
  tikz  =>  "/TIKZ/T3-100-5-3.tex"
  instance  =>  "/IN/T3-100-5-3.ophs"
  out  =>  "/OUT/T3-100-5-3.sol"
  nosolve  =>  false
  ub  =>  -800
  complete  =>  false
  cfg  =>  "/BWTSP/src/../config/OPHS.cfg"
VRPSolver warning: Interval set for resource 1 on source node (when source != sink) is ignored (by definition is [0.0,0.0])
VRPSolver warning: Interval set for resource 1 on source node (when source != sink) is ignored (by definition is [0.0,0.0])
VRPSolver warning: Interval set for resource 1 on source node (when source != sink) is ignored (by definition is [0.0,0.0])
[41m solve [00m
~~~~~~~~~~~~~~~~~~~~~~~~~~~~~~~~~~~~~~~~~~~~~~~~~~~~~~~~~~~~~~~~~~~~~~~~~~~~~~
VRPSolver v0.4.1, 24/03/2021. Web: vrpsolver.math.u-bordeaux.fr
Corresponds to the solver by Pessoa, Sadykov, Uchoa and Vanderbeck (2020)
Paper: dx.doi.org/10.1007/s10107-020-01523-z
USE THIS CODE ONLY FOR ACADEMIC PURPOSES AT YOUR OWN RISK
~~~~~~~~~~~~~~~~~~~~~~~~~~~~~~~~~~~~~~~~~~~~~~~~~~~~~~~~~~~~~~~~~~~~~~~~~~~~~~
BaPCod v053, 24/03/2021, © Inria Bordeaux, France
~~~~~~~~~~~~~~~~~~~~~~~~~~~~~~~~~~~~~~~~~~~~~~~~~~~~~~~~~~~~~~~~~~~~~~~~~~~~~~
VRPSolver parameters:
GlobalTimeLimit = 18000
MaxNbOfBBtreeNodeTreated = 100000
treeSearchStrategy = 1
RCSPstopCutGenTimeThresholdInPricing = 10
RCSPhardTimeThresholdInPricing = 25
RCSPnumberOfBucketsPerVertex = 25
RCSPdynamicBucketSteps = 1
RCSPuseBidirectionalSearch = 2
RCSPapplyReducedCostFixing = 1
RCSPredCostFixingFalseGap = 0
RCSPmaxNumOfColsPerIteration = 30
RCSPmaxNumOfColsPerExactIteration = 150
RCSPheurLabelingStrategy = 0
StabilizationMinPhaseOfStage = 0
RCSPmaxNumOfLabelsInEnumeration = 500000
RCSPmaxNumOfEnumeratedSolutions = 5000000
RCSPmaxNumOfEnumSolutionsForMIP = 10000
RCSPinitNGneighbourhoodSize = 8
RCSPmaxNGneighbourhoodSize = 8
RCSPrankOneCutsMaxNumPerRound = 100
RCSPrankOneCutsMaxNumRows = 5
RCSPrankOneCutsMemoryType = 0
CutTailingOffThreshold = 0.015
CutTailingOffCounterThreshold = 3
SafeDualBoundScaleFactor = -1
StrongBranchingPhaseOneCandidatesNumber = 100
StrongBranchingPhaseOneTreeSizeEstimRatio = 0.2
StrongBranchingPhaseTwoCandidatesNumber = 3
StrongBranchingPhaseTwoTreeSizeEstimRatio = 0.02
MaxTimeForRestrictedMasterIpHeur = -1
DivingHeurUseDepthLimit = 0
MaxLDSbreadth = 1
MaxLDSdepth = 10000
New model incumbent solution -799, TIME = 0h0m0s2t = 2
Model is built TIME = 0h0m0s81t = 81
************************************************************************************************
**** BaB tree root node
**** Local DB = -1e+12, global bounds : [ -1e+12 , -799 ], TIME = 0h0m0s81t = 81
**** 1 open nodes, 0 columns (0 active), 0 dyn. constrs. (0 active), 163 art. vars. (163 active)
************************************************************************************************
--------------------------------------------------------------------------
BaPCod info : first we run the root node with rank-1 cuts with node memory
--------------------------------------------------------------------------
<DWph=2> <it= 10> <et=0.86> <Mt= 0.00> <Spt= 0.03> <nCl=184> <DB=-1362.9323> <Mlp= -738.1789> <PB=-798.99999> 
<DWph=2> <it= 20> <et=0.90> <Mt= 0.01> <Spt= 0.04> <nCl=199> <DB= -814.1665> <Mlp= -797.8331> <PB=-798.99999> 
<DWph=2> <it= 22> <et=0.91> <Mt= 0.00> <Spt= 0.00> <nCl= 21> <DB= -800.0000> <Mlp= -800.0000> <PB=-798.99999> 
<DWph=1> <it= 23> <et=0.92> <Mt= 0.00> <Spt= 0.01> <nCl=  0> <DB= -800.0000> <Mlp= -800.0000> <PB=-798.99999> 
<DWph=0> <it= 24> <et=0.93> <Mt= 0.00> <Spt= 0.01> <nCl=  0> <DB= -800.0000> <Mlp= -800.0000> <PB=-798.99999> 
Reduced cost fixing for graph G_3... took 0.01 sec., 15875 buck. arcs remain (87.7% from prev., 30.3% from max.)
Run enumeration... took 1.8 sec. and not succeeded.
Reduced cost fixing for graph G_2... took 0.01 sec., 16094 buck. arcs remain (87.8% from prev., 30.7% from max.)
Run enumeration... took 2.35 sec. and not succeeded.
Reduced cost fixing for graph G_1... took 0.01 sec., 16521 buck. arcs remain (88.4% from prev., 31.2% from max.)
Run enumeration... took 2.26 sec. and not succeeded.
ColGenEvalAlg final dual bound: -800 (rounded: -800)
----- Add fac. cuts : R1C(156), max.viol = 0.411116, aver.viol = 0.208902, sep/add took 0/0.02 sec. -----
911 columns (911 active), 156 dyn. constrs. (156 active), 319 art. vars. (319 active)
<DWph=2> <it= 10> <et=7.75> <Mt= 0.11> <Spt= 0.09> <nCl=188> <DB= -807.7825> <Mlp= -795.9532> <PB=-798.99999> 
<DWph=2> <it= 15> <et=7.82> <Mt= 0.03> <Spt= 0.03> <nCl= 72> <DB= -800.0000> <Mlp= -800.0000> <PB=-798.99999> 
<DWph=1> <it= 16> <et=7.83> <Mt= 0.00> <Spt= 0.01> <nCl=  0> <DB= -800.0000> <Mlp= -800.0000> <PB=-798.99999> 
<DWph=0> <it= 17> <et=7.83> <Mt= 0.00> <Spt= 0.00> <nCl=  0> <DB= -800.0000> <Mlp= -800.0000> <PB=-798.99999> 
ColGenEvalAlg final dual bound: -800 (rounded: -800)
Gap improvement since the last cut separation : 0 (-800)
----- Add fac. cuts : R1C(321), max.viol = 0.421195, aver.viol = 0.174642, sep/add took 0.26/0.08 sec. -----
1198 columns (1198 active), 477 dyn. constrs. (477 active), 640 art. vars. (640 active)
<DWph=2> <it= 10> <et=8.88> <Mt= 0.55> <Spt= 0.14> <nCl=160> <DB= -802.6376> <Mlp= -796.9908> <PB=-798.99999> 
<DWph=2> <it= 20> <et=9.32> <Mt= 0.29> <Spt= 0.13> <nCl=127> <DB= -800.5547> <Mlp= -799.7114> <PB=-798.99999> 
<DWph=2> <it= 23> <et=9.41> <Mt= 0.05> <Spt= 0.04> <nCl= 20> <DB= -800.0000> <Mlp= -800.0000> <PB=-798.99999> 
<DWph=1> <it= 24> <et=9.42> <Mt= 0.01> <Spt= 0.01> <nCl=  0> <DB= -800.0000> <Mlp= -800.0000> <PB=-798.99999> 
<DWph=0> <it= 25> <et=9.42> <Mt= 0.00> <Spt= 0.00> <nCl=  0> <DB= -800.0000> <Mlp= -800.0000> <PB=-798.99999> 
ColGenEvalAlg final dual bound: -800 (rounded: -800)
Gap improvement since the last cut separation : 0 (-800)
----- Add fac. cuts : R1C(306), max.viol = 0.218403, aver.viol = 0.101984, sep/add took 0.35/0.12 sec. -----
1613 columns (1613 active), 783 dyn. constrs. (783 active), 946 art. vars. (946 active)
<DWph=2> <it= 10> <et=12.92> <Mt= 2.79> <Spt= 0.20> <nCl=171> <DB= -801.5241> <Mlp= -799.7561> <PB=-798.99999> 
<DWph=2> <it= 17> <et=13.81> <Mt= 0.75> <Spt= 0.12> <nCl= 69> <DB= -800.0000> <Mlp= -800.0000> <PB=-798.99999> 
<DWph=1> <it= 18> <et=13.82> <Mt= 0.00> <Spt= 0.01> <nCl=  0> <DB= -800.0000> <Mlp= -800.0000> <PB=-798.99999> 
<DWph=0> <it= 19> <et=13.83> <Mt= 0.00> <Spt= 0.00> <nCl=  0> <DB= -800.0000> <Mlp= -800.0000> <PB=-798.99999> 
ColGenEvalAlg final dual bound: -800 (rounded: -800)
Gap improvement since the last cut separation : 0 (-800)
----- Add fac. cuts : R1C(259), max.viol = 0.34363, aver.viol = 0.114097, sep/add took 0.56/0.15 sec. -----
1928 columns (1928 active), 1042 dyn. constrs. (1042 active), 1205 art. vars. (1205 active)
<DWph=2> <it= 10> <et=18.21> <Mt= 3.37> <Spt= 0.26> <nCl=118> <DB= -801.0391> <Mlp= -798.8778> <PB=-798.99999> 
<DWph=2> <it= 20> <et=19.84> <Mt= 1.34> <Spt= 0.25> <nCl= 99> <DB= -800.4397> <Mlp= -799.4359> <PB=-798.99999> 
<DWph=2> <it= 30> <et=21.23> <Mt= 1.11> <Spt= 0.25> <nCl= 66> <DB= -800.0678> <Mlp= -799.9762> <PB=-798.99999> 
<DWph=2> <it= 31> <et=21.26> <Mt= 0.02> <Spt= 0.01> <nCl=  0> <DB= -800.0000> <Mlp= -800.0000> <PB=-798.99999> 
<DWph=1> <it= 32> <et=21.28> <Mt= 0.00> <Spt= 0.01> <nCl=  0> <DB= -800.0000> <Mlp= -800.0000> <PB=-798.99999> 
<DWph=0> <it= 33> <et=21.29> <Mt= 0.01> <Spt= 0.00> <nCl=  0> <DB= -800.0000> <Mlp= -800.0000> <PB=-798.99999> 
ColGenEvalAlg final dual bound: -800 (rounded: -800)
Gap improvement since the last cut separation : 0 (-800)
----- Cut generation is stopped due to tailing off -----
----------- Diving heuristic started -----------
<DWph=2> <it=  1> <et=21.30> <Mt= 0.00> <Spt= 0.00> <nCl=  0> <DB= -800.0000> <Mlp= -800.0000> <PB=-798.99999> 
<DWph=1> <it=  2> <et=21.30> <Mt= 0.01> <Spt= 0.00> <nCl=  0> <DB= -800.0000> <Mlp= -800.0000> <PB=-798.99999> 
---- Diving heuristic node with dive number = 0, fix depth = 1 and tabu list size = 0
Fixed projected solution = [t_3_2_3_3_OspV=1, x_3_2_38_3_OspV=1, x_3_5_11_3_OspV=1, x_3_11_13_3_OspV=1, x_3_13_28_3_OspV=1, x_3_15_16_3_OspV=1, x_3_15_31_3_OspV=1, x_3_16_36_3_OspV=1, x_3_28_31_3_OspV=1, x_3_32_35_3_OspV=1, x_3_32_38_3_OspV=1, x_3_35_36_3_OspV=1, y_3_5_3_3_OspV=1]
<DWph=2> <it= 10> <et=23.72> <Mt= 2.26> <Spt= 0.12> <nCl=131> <DB= -810.8968> <Mlp= -753.7500> <PB=-798.99999> 
<DWph=2> <it= 20> <et=24.11> <Mt= 0.25> <Spt= 0.12> <nCl=105> <DB= -799.9527> <Mlp= -775.0000> <PB=-798.99999> 
<DWph=2> <it= 30> <et=24.36> <Mt= 0.12> <Spt= 0.10> <nCl= 54> <DB= -797.3920> <Mlp= -780.0000> <PB=-798.99999> 
<DWph=2> <it= 40> <et=24.55> <Mt= 0.09> <Spt= 0.08> <nCl= 17> <DB= -784.9182> <Mlp= -780.0000> <PB=-798.99999> 
<DWph=2> <it= 50> <et=24.82> <Mt= 0.14> <Spt= 0.10> <nCl= 31> <DB= -787.6617> <Mlp= -780.0000> <PB=-798.99999> 
<DWph=2> <it= 60> <et=25.10> <Mt= 0.15> <Spt= 0.10> <nCl= 29> <DB= -785.2792> <Mlp= -780.0000> <PB=-798.99999> 
<DWph=2> <it= 62> <et=25.14> <Mt= 0.02> <Spt= 0.02> <nCl=  3> <DB= -790.0000> <Mlp= -780.0000> <PB=-798.99999> 
<DWph=1> <it= 70> <et=29.04> <Mt= 3.57> <Spt= 0.29> <nCl= 74> <DB= -792.1470> <Mlp= -780.0000> <PB=-798.99999> 
<DWph=1> <it= 80> <et=29.69> <Mt= 0.21> <Spt= 0.37> <nCl= 33> <DB= -782.7214> <Mlp= -780.0000> <PB=-798.99999> 
<DWph=1> <it= 90> <et=36.83> <Mt= 6.66> <Spt= 0.41> <nCl= 32> <DB= -792.9862> <Mlp= -780.2326> <PB=-798.99999> 
<DWph=1> <it= 97> <et=38.52> <Mt= 1.30> <Spt= 0.32> <nCl= 22> <DB= -788.5968> <Mlp= -780.3571> <PB=-798.99999> 
---- Diving heuristic node with dive number = 1, fix depth = 1 and tabu list size = 1
Fixed projected solution = [t_1_4_1_1_OspV=1, x_1_1_30_1_OspV=1, x_1_4_24_1_OspV=1, x_1_15_16_1_OspV=1, x_1_15_31_1_OspV=1, x_1_16_17_1_OspV=1, x_1_17_25_1_OspV=1, x_1_24_25_1_OspV=1, x_1_28_30_1_OspV=1, x_1_28_31_1_OspV=1, y_1_1_1_1_OspV=1]
<DWph=2> <it= 10> <et=40.72> <Mt= 1.94> <Spt= 0.13> <nCl=124> <DB= -804.9940> <Mlp= -702.9323> <PB=-798.99999> 
<DWph=2> <it= 20> <et=42.01> <Mt= 1.13> <Spt= 0.12> <nCl=103> <DB= -800.9943> <Mlp= -730.0000> <PB=-798.99999> 
<DWph=2> <it= 30> <et=45.50> <Mt= 3.31> <Spt= 0.14> <nCl= 69> <DB= -800.1730> <Mlp= -732.7946> <PB=-798.99999> 
<DWph=2> <it= 40> <et=45.99> <Mt= 0.28> <Spt= 0.15> <nCl= 47> <DB= -762.4124> <Mlp= -750.0000> <PB=-798.99999> 
<DWph=2> <it= 50> <et=47.59> <Mt= 1.36> <Spt= 0.16> <nCl= 35> <DB= -764.8910> <Mlp= -750.0000> <PB=-798.99999> 
<DWph=2> <it= 60> <et=50.46> <Mt= 2.61> <Spt= 0.17> <nCl= 37> <DB= -757.1367> <Mlp= -750.0000> <PB=-798.99999> 
<DWph=2> <it= 70> <et=54.67> <Mt= 3.93> <Spt= 0.17> <nCl= 28> <DB= -756.0998> <Mlp= -750.0000> <PB=-798.99999> 
<DWph=2> <it= 77> <et=57.47> <Mt= 2.62> <Spt= 0.11> <nCl= 15> <DB= -761.3237> <Mlp= -760.0000> <PB=-798.99999> 
<DWph=1> <it= 80> <et=57.77> <Mt= 0.07> <Spt= 0.18> <nCl= 23> <DB= -770.0036> <Mlp= -760.0000> <PB=-798.99999> 
<DWph=1> <it= 90> <et=58.63> <Mt= 0.17> <Spt= 0.57> <nCl= 56> <DB= -772.3274> <Mlp= -760.0000> <PB=-798.99999> 
<DWph=1> <it=100> <et=59.40> <Mt= 0.11> <Spt= 0.53> <nCl= 30> <DB= -763.1159> <Mlp= -760.0000> <PB=-798.99999> 
<DWph=1> <it=110> <et=60.24> <Mt= 0.10> <Spt= 0.58> <nCl= 21> <DB= -760.2028> <Mlp= -760.0000> <PB=-798.99999> 
<DWph=1> <it=114> <et=60.57> <Mt= 0.03> <Spt= 0.24> <nCl=  4> <DB= -760.0000> <Mlp= -760.0000> <PB=-798.99999> 
**** Strong branching phase 1 is started *****
SB phase 1 cand.  1 branch on t_3_1 (lhs=0.4985): [ -797.7219,  -785.6927], score = 32.59      <et=66.56>
SB phase 1 cand.  2 branch on t_5_2 (lhs=0.4099): [ -797.0677,  -767.5966], score = 95.02      <et=71.81>
SB phase 1 cand.  3 branch on t_4_1 (lhs=0.3340): [ -796.0986,  -720.8648], score = 308.74      <et=77.36>
SB phase 1 cand. 15 branch on y_3_2 (lhs=0.4985): [ -797.7219,  -785.6927], score = 32.59      <et=129>
SB phase 1 cand. 16 branch on y_5_3 (lhs=0.4099): [ -797.0677,  -767.5966], score = 95.02      <et=134.91>
SB phase 1 cand. 17 branch on y_4_2 (lhs=0.3340): [ -796.0986,  -720.8648], score = 308.74      <et=140.66>
**** Strong branching phase 2 is started *****
<DWph=1> <it=144> <et=369.12> <Mt=169.51> <Spt= 7.02> <nCl=815> <DB= -781.3963> <Mlp= -780.0000> <PB=-798.99999> 
<DWph=1> <it= 30> <et=376.10> <Mt= 5.93> <Spt= 0.62> <nCl=213> <DB= -800.0000> <Mlp= -800.0000> <PB=-798.99999> 
SB phase 2 cand.  1 branch on y_4_2 (lhs=0.3340): [ -800.0000,  -780.0000], score = 0.00      <et=376.1>
<DWph=1> <it=125> <et=473.17> <Mt=87.75> <Spt= 7.27> <nCl=823> <DB= -794.7628> <Mlp= -795.0000> <PB=-798.99999> 
<DWph=1> <it= 11> <et=475.79> <Mt= 2.23> <Spt= 0.24> <nCl= 79> <DB= -800.0000> <Mlp= -800.0000> <PB=-798.99999> 
SB phase 2 cand.  2 branch on y_5_3 (lhs=0.4099): [ -800.0000,  -795.0000], score = 0.00      <et=475.8>
<DWph=1> <it= 15> <et=495.68> <Mt=19.35> <Spt= 0.35> <nCl=182> <DB= -800.0000> <Mlp= -800.0000> <PB=-798.99999> 
<DWph=1> <it=  8> <et=498.39> <Mt= 2.42> <Spt= 0.16> <nCl= 75> <DB= -800.0000> <Mlp= -800.0000> <PB=-798.99999> 
SB phase 2 cand.  3 branch on y_3_2 (lhs=0.4985): [ -800.0000,  -800.0000], score = 0.00      <et=498.39>
**** Strong branching phase 3 is started *****
**** SB phase 3 evaluation of candidate 1, branch 1 ( y_4_2 >= 1 ), value = -780
<DWph=2> <it=  1> <et=498.74> <Mt= 0.05> <Spt= 0.03> <nCl=  1> <DB= -779.3550> <Mlp= -780.0000> <PB=-798.99999> 
<DWph=1> <it=  9> <et=500.22> <Mt= 0.29> <Spt= 0.97> <nCl= 15> <DB= -780.0000> <Mlp= -780.0000> <PB=-798.99999> 
<DWph=0> <it= 10> <et=501.40> <Mt= 0.01> <Spt= 1.17> <nCl=352> <DB= -799.8622> <Mlp= -780.0000> <PB=-798.99999> 
<DWph=0> <it= 11> <et=516.43> <Mt=13.96> <Spt= 1.05> <nCl= 70> <DB= -787.9156> <Mlp= -781.1434> <PB=-798.99999> 
ColGenEvalAlg final dual bound: -787.916 (rounded: -787)
**** SB phase 3 evaluation of candidate 1, branch 2 ( y_4_2 <= 0 ), value = -800
<DWph=2> <it=  1> <et=516.70> <Mt= 0.00> <Spt= 0.00> <nCl=  0> <DB= -800.0000> <Mlp= -800.0000> <PB=-798.99999> 
<DWph=1> <it=  2> <et=516.71> <Mt= 0.01> <Spt= 0.00> <nCl=  0> <DB= -800.0000> <Mlp= -800.0000> <PB=-798.99999> 
<DWph=0> <it=  3> <et=516.71> <Mt= 0.01> <Spt= 0.00> <nCl=  0> <DB= -800.0000> <Mlp= -800.0000> <PB=-798.99999> 
ColGenEvalAlg final dual bound: -800 (rounded: -800)
----- Add fac. cuts : R1C(187), max.viol = 0.26919, aver.viol = 0.116389, sep/add took 0.6/0.16 sec. -----
5123 columns (2795 active), 1231 dyn. constrs. (1230 active), 1394 art. vars. (1393 active)
<DWph=2> <it=  3> <et=526.78> <Mt= 9.19> <Spt= 0.07> <nCl= 20> <DB= -800.1918> <Mlp= -800.0000> <PB=-798.99999> 
<DWph=1> <it=  4> <et=526.78> <Mt= 0.00> <Spt= 0.00> <nCl=  0> <DB= -800.0000> <Mlp= -800.0000> <PB=-798.99999> 
<DWph=0> <it=  5> <et=526.79> <Mt= 0.01> <Spt= 0.00> <nCl=  0> <DB= -800.0000> <Mlp= -800.0000> <PB=-798.99999> 
ColGenEvalAlg final dual bound: -800 (rounded: -800)
Gap improvement since the last cut separation : 0 (-800)
----- Add fac. cuts : R1C(125), max.viol = 0.25, aver.viol = 0.25, sep/add took 0.09/0.1 sec. -----
5164 columns (2836 active), 1356 dyn. constrs. (1355 active), 1519 art. vars. (1518 active)
<DWph=2> <it=  1> <et=528.65> <Mt= 1.66> <Spt= 0.00> <nCl=  0> <DB= -800.0000> <Mlp= -800.0000> <PB=-798.99999> 
<DWph=1> <it=  2> <et=528.66> <Mt= 0.00> <Spt= 0.00> <nCl=  0> <DB= -800.0000> <Mlp= -800.0000> <PB=-798.99999> 
<DWph=0> <it=  3> <et=528.66> <Mt= 0.01> <Spt= 0.00> <nCl=  0> <DB= -800.0000> <Mlp= -800.0000> <PB=-798.99999> 
ColGenEvalAlg final dual bound: -800 (rounded: -800)
Gap improvement since the last cut separation : 0 (-800)
----- Add fac. cuts : sep. took 0.07 sec.----- no cuts found  -----
SB exact phase 3 branch on y_4_2 (lhs=0.333955) : [-781.14339, -800], tree depth = 10.43, tree size = 2764, score = -10.43
************************************************************************************************
**** BaB tree node (N° 3, parent N° 1, depth 1)
**** Local DB = -800, global bounds : [ -800 , -799 ], TIME = 0h8m48s95t = 52895
**** 2 open nodes, 2836 columns (2836 active), 1356 dyn. constrs. (1355 active), 1519 art. vars. (1518 active)
************************************************************************************************
**** Strong branching phase 1 is started *****
SB phase 1 cand.  1 branch on y_5_3 (lhs=0.5000): [ -798.7058,  -706.9141], score = 120.47 (h)  <et=548.5>
SB phase 1 cand.  2 branch on t_5_2 (lhs=0.5000): [ -798.7058,  -706.9141], score = 120.47 (h)  <et=567.14>
SB phase 1 cand.  3 branch on t_4_2 (lhs=0.5000): [ -774.4079,  -728.8175], score = 1821.71 (h)  <et=587.76>
SB phase 1 cand.  4 branch on y_4_3 (lhs=0.5000): [ -774.4079,  -728.8175], score = 1821.71 (h)  <et=606.59>
**** Strong branching phase 2 is started *****
<DWph=1> <it= 14> <et=611.35> <Mt= 4.35> <Spt= 0.35> <nCl=134> <DB= -800.0538> <Mlp= -800.0000> <PB=-800> 
<DWph=1> <it=  1> <et=611.39> <Mt= 0.01> <Spt= 0.00> <nCl=  0> <DB= -800.0000> <Mlp= -774.4079> <PB=-800> 
 SB phase 2 candidate 1 is conquered !
**** Strong branching phase 3 is started *****
**** SB phase 3 evaluation of candidate 1, branch 1 ( t_4_2 <= 0 ), value = -774.408
**** SB phase 3 evaluation of candidate 1, branch 2 ( t_4_2 >= 1 ), value = -800
 SB phase 3 candidate 1 is conquered !
New model incumbent solution -800, TIME = 0h10m11s42t = 61142
************************************************************************************************
Search is finished, global bounds : [ -800 , -800 ], TIME = 0h10m11s43t = 61143
************************************************************************************************
[32mBaPCod : solution defined.[00m
statistics_cols: instance & :Optimal & cutoff & :bcRecRootDb & :bcTimeRootEval & :bcCountNodeProc & :bcRecBestDb & :bcRecBestInc & :bcTimeMain \\
statistics: T3-100-5-3 & 1 & -798.99999 & -800.00 & 21.29 & 5 & -800.00 & -800 & 611.43 \\
########################################################
trip 1 : 1 30 28 13 11 34 20 10 9 26 23 27 22 3 
trip 2 : 3 21 19 12 8 14 37 18 17 25 4 
trip 3 : 4 24 16 15 31 36 35 32 38 29 33 2 
tour : 1 30 28 13 11 34 20 10 9 26 23 27 22 3 21 19 12 8 14 37 18 17 25 4 24 16 15 31 36 35 32 38 29 33 2
Cost 800.0
########################################################
