Application parameters:
  batch  =>  nothing
  tikz  =>  "/TIKZ/T3-80-5-3.tex"
  instance  =>  "/IN/T3-80-5-3.ophs"
  out  =>  "/OUT/T3-80-5-3.sol"
  nosolve  =>  false
  ub  =>  -710
  complete  =>  false
  cfg  =>  "/BWTSP/src/../config/OPHS.cfg"
VRPSolver warning: Interval set for resource 1 on source node (when source != sink) is ignored (by definition is [0.0,0.0])
VRPSolver warning: Interval set for resource 1 on source node (when source != sink) is ignored (by definition is [0.0,0.0])
VRPSolver warning: Interval set for resource 1 on source node (when source != sink) is ignored (by definition is [0.0,0.0])
[41m solve [00m
~~~~~~~~~~~~~~~~~~~~~~~~~~~~~~~~~~~~~~~~~~~~~~~~~~~~~~~~~~~~~~~~~~~~~~~~~~~~~~
VRPSolver v0.4.1, 24/03/2021. Web: vrpsolver.math.u-bordeaux.fr
Corresponds to the solver by Pessoa, Sadykov, Uchoa and Vanderbeck (2020)
Paper: dx.doi.org/10.1007/s10107-020-01523-z
USE THIS CODE ONLY FOR ACADEMIC PURPOSES AT YOUR OWN RISK
~~~~~~~~~~~~~~~~~~~~~~~~~~~~~~~~~~~~~~~~~~~~~~~~~~~~~~~~~~~~~~~~~~~~~~~~~~~~~~
BaPCod v053, 24/03/2021, © Inria Bordeaux, France
~~~~~~~~~~~~~~~~~~~~~~~~~~~~~~~~~~~~~~~~~~~~~~~~~~~~~~~~~~~~~~~~~~~~~~~~~~~~~~
VRPSolver parameters:
GlobalTimeLimit = 18000
MaxNbOfBBtreeNodeTreated = 100000
treeSearchStrategy = 1
RCSPstopCutGenTimeThresholdInPricing = 10
RCSPhardTimeThresholdInPricing = 25
RCSPnumberOfBucketsPerVertex = 25
RCSPdynamicBucketSteps = 1
RCSPuseBidirectionalSearch = 2
RCSPapplyReducedCostFixing = 1
RCSPredCostFixingFalseGap = 0
RCSPmaxNumOfColsPerIteration = 30
RCSPmaxNumOfColsPerExactIteration = 150
RCSPheurLabelingStrategy = 0
StabilizationMinPhaseOfStage = 0
RCSPmaxNumOfLabelsInEnumeration = 0
RCSPmaxNumOfEnumeratedSolutions = 0
RCSPmaxNumOfEnumSolutionsForMIP = 10000
RCSPinitNGneighbourhoodSize = 8
RCSPmaxNGneighbourhoodSize = 8
RCSPrankOneCutsMaxNumPerRound = 100
RCSPrankOneCutsMaxNumRows = 5
RCSPrankOneCutsMemoryType = 0
CutTailingOffThreshold = 0.015
CutTailingOffCounterThreshold = 3
SafeDualBoundScaleFactor = -1
StrongBranchingPhaseOneCandidatesNumber = 100
StrongBranchingPhaseOneTreeSizeEstimRatio = 0.2
StrongBranchingPhaseTwoCandidatesNumber = 3
StrongBranchingPhaseTwoTreeSizeEstimRatio = 0.02
MaxTimeForRestrictedMasterIpHeur = -1
DivingHeurUseDepthLimit = 0
MaxLDSbreadth = 1
MaxLDSdepth = 10000
New model incumbent solution -709, TIME = 0h0m0s2t = 2
Model is built TIME = 0h0m0s81t = 81
************************************************************************************************
**** BaB tree root node
**** Local DB = -1e+12, global bounds : [ -1e+12 , -709 ], TIME = 0h0m0s81t = 81
**** 1 open nodes, 0 columns (0 active), 0 dyn. constrs. (0 active), 163 art. vars. (163 active)
************************************************************************************************
--------------------------------------------------------------------------
BaPCod info : first we run the root node with rank-1 cuts with node memory
--------------------------------------------------------------------------
<DWph=2> <it= 10> <et=0.84> <Mt= 0.00> <Spt= 0.03> <nCl=173> <DB= -827.8787> <Mlp= -705.9864> <PB=-708.99999> 
<DWph=2> <it= 20> <et=0.88> <Mt= 0.01> <Spt= 0.03> <nCl=102> <DB= -740.8282> <Mlp= -736.0901> <PB=-708.99999> 
<DWph=2> <it= 29> <et=0.92> <Mt= 0.00> <Spt= 0.03> <nCl= 18> <DB= -737.8214> <Mlp= -737.8214> <PB=-708.99999> 
<DWph=1> <it= 30> <et=0.93> <Mt= 0.00> <Spt= 0.01> <nCl=  5> <DB= -751.3571> <Mlp= -737.8214> <PB=-708.99999> 
<DWph=1> <it= 40> <et=1.05> <Mt= 0.01> <Spt= 0.11> <nCl= 23> <DB= -740.9860> <Mlp= -739.8640> <PB=-708.99999> 
<DWph=1> <it= 41> <et=1.06> <Mt= 0.00> <Spt= 0.01> <nCl=  0> <DB= -739.8640> <Mlp= -739.8640> <PB=-708.99999> 
<DWph=0> <it= 44> <et=1.20> <Mt= 0.00> <Spt= 0.13> <nCl= 27> <DB= -740.9890> <Mlp= -740.9890> <PB=-708.99999> 
Reduced cost fixing for graph G_3... took 0.02 sec., 7004 buck. arcs remain (53% from prev., 14.3% from max.)
Reduced cost fixing for graph G_2... took 0.03 sec., 8880 buck. arcs remain (52.7% from prev., 17.2% from max.)
Reduced cost fixing for graph G_1... took 0.05 sec., 9571 buck. arcs remain (56.4% from prev., 18.5% from max.)
ColGenEvalAlg final dual bound: -740.989 (rounded: -740)
----- Add fac. cuts : R1C(154), max.viol = 0.445205, aver.viol = 0.166912, sep/add took 0/0.05 sec. -----
1072 columns (1072 active), 154 dyn. constrs. (154 active), 317 art. vars. (317 active)
<DWph=2> <it=  9> <et=1.49> <Mt= 0.05> <Spt= 0.06> <nCl= 41> <DB= -731.6457> <Mlp= -732.4771> <PB=-708.99999> 
<DWph=1> <it= 10> <et=1.50> <Mt= 0.00> <Spt= 0.01> <nCl=  9> <DB= -755.4141> <Mlp= -732.4780> <PB=-708.99999> 
<DWph=1> <it= 20> <et=1.67> <Mt= 0.03> <Spt= 0.13> <nCl= 24> <DB= -733.2530> <Mlp= -733.2530> <PB=-708.99999> 
<DWph=0> <it= 23> <et=1.98> <Mt= 0.02> <Spt= 0.28> <nCl=185> <DB= -733.4165> <Mlp= -733.4165> <PB=-708.99999> 
Reduced cost fixing for graph G_3... took 0.07 sec., 6533 buck. arcs remain (93.3% from prev., 13.3% from max.)
Reduced cost fixing for graph G_2... took 0.05 sec., 7741 buck. arcs remain (87.2% from prev., 15% from max.)
Reduced cost fixing for graph G_1... took 0.13 sec., 8342 buck. arcs remain (87.2% from prev., 16.1% from max.)
ColGenEvalAlg final dual bound: -733.417 (rounded: -733)
Gap improvement since the last cut separation : 0.236723 (-740.989)
----- Add fac. cuts : R1C(259), max.viol = 0.314573, aver.viol = 0.113603, sep/add took 0.22/0.18 sec. -----
1924 columns (1924 active), 413 dyn. constrs. (284 active), 576 art. vars. (447 active)
<DWph=2> <it=  1> <et=2.71> <Mt= 0.03> <Spt= 0.02> <nCl=  1> <DB= -733.4057> <Mlp= -731.2065> <PB=-708.99999> 
<DWph=1> <it=  6> <et=2.84> <Mt= 0.03> <Spt= 0.09> <nCl=  9> <DB= -731.3653> <Mlp= -731.3653> <PB=-708.99999> 
<DWph=0> <it=  9> <et=3.10> <Mt= 0.02> <Spt= 0.24> <nCl= 14> <DB= -731.3845> <Mlp= -731.3845> <PB=-708.99999> 
ColGenEvalAlg final dual bound: -731.385 (rounded: -731)
Gap improvement since the last cut separation : 0.0832217 (-733.417)
----- Add fac. cuts : R1C(237), max.viol = 0.242539, aver.viol = 0.0864628, sep/add took 0.3/0.18 sec. -----
2168 columns (2168 active), 521 dyn. constrs. (270 active), 813 art. vars. (433 active)
<DWph=2> <it=  5> <et=3.75> <Mt= 0.06> <Spt= 0.06> <nCl=  4> <DB= -729.8737> <Mlp= -729.8737> <PB=-708.99999> 
<DWph=1> <it= 10> <et=3.90> <Mt= 0.05> <Spt= 0.09> <nCl=  6> <DB= -730.1445> <Mlp= -730.1445> <PB=-708.99999> 
<DWph=0> <it= 14> <et=4.69> <Mt= 0.04> <Spt= 0.74> <nCl= 49> <DB= -730.2510> <Mlp= -730.2510> <PB=-708.99999> 
Reduced cost fixing for graph G_3... took 0.21 sec., 5966 buck. arcs remain (91.3% from prev., 12.2% from max.)
Reduced cost fixing for graph G_2... took 0.07 sec., 7136 buck. arcs remain (92.2% from prev., 13.8% from max.)
Reduced cost fixing for graph G_1... took 0.53 sec., 7361 buck. arcs remain (88.2% from prev., 14.2% from max.)
ColGenEvalAlg final dual bound: -730.251 (rounded: -730)
Gap improvement since the last cut separation : 0.0506389 (-731.385)
----- Add fac. cuts : R1C(156), max.viol = 0.22152, aver.viol = 0.121737, sep/add took 0.29/0.09 sec. -----
2684 columns (2684 active), 426 dyn. constrs. (204 active), 969 art. vars. (367 active)
<DWph=2> <it=  1> <et=5.99> <Mt= 0.01> <Spt= 0.02> <nCl=  0> <DB= -730.0000> <Mlp= -730.0000> <PB=-708.99999> 
<DWph=1> <it=  2> <et=6.01> <Mt= 0.00> <Spt= 0.02> <nCl=  0> <DB= -730.0000> <Mlp= -730.0000> <PB=-708.99999> 
<DWph=0> <it=  3> <et=6.26> <Mt= 0.01> <Spt= 0.24> <nCl=  0> <DB= -730.0000> <Mlp= -730.0000> <PB=-708.99999> 
ColGenEvalAlg final dual bound: -730 (rounded: -730)
Gap improvement since the last cut separation : 0.0118107 (-730.251)
----- Add fac. cuts : sep. took 0.06 sec.----- no cuts found  -----
-----------------------------------------------------------------------
BaPCod info : now we run the root node with rank-1 cuts with arc memory
-----------------------------------------------------------------------
<DWph=2> <it=  1> <et=6.44> <Mt= 0.03> <Spt= 0.00> <nCl=  0> <DB= -740.9890> <Mlp= -740.9890> <PB=-708.99999> 
<DWph=1> <it=  2> <et=6.44> <Mt= 0.00> <Spt= 0.00> <nCl=  0> <DB= -740.9890> <Mlp= -740.9890> <PB=-708.99999> 
<DWph=0> <it=  3> <et=6.44> <Mt= 0.00> <Spt= 0.00> <nCl=  0> <DB= -740.9890> <Mlp= -740.9890> <PB=-708.99999> 
ColGenEvalAlg final dual bound: -740.989 (rounded: -740)
----- Add fac. cuts : R1C(154), max.viol = 0.445205, aver.viol = 0.166908, sep/add took 0/0.05 sec. -----
2741 columns (1072 active), 202 dyn. constrs. (154 active), 365 art. vars. (317 active)
<DWph=2> <it=  1> <et=6.52> <Mt= 0.01> <Spt= 0.01> <nCl=  7> <DB= -749.5259> <Mlp= -737.5000> <PB=-708.99999> 
<DWph=1> <it=  6> <et=6.61> <Mt= 0.01> <Spt= 0.07> <nCl=  9> <DB= -737.5000> <Mlp= -737.5000> <PB=-708.99999> 
<DWph=0> <it=  8> <et=6.79> <Mt= 0.00> <Spt= 0.18> <nCl=  5> <DB= -737.5000> <Mlp= -737.5000> <PB=-708.99999> 
Reduced cost fixing for graph G_3... took 0.03 sec., 6809 buck. arcs remain (97.2% from prev., 13.9% from max.)
Reduced cost fixing for graph G_2... took 0.03 sec., 8232 buck. arcs remain (92.7% from prev., 15.9% from max.)
Reduced cost fixing for graph G_1... took 0.06 sec., 8505 buck. arcs remain (88.9% from prev., 16.5% from max.)
ColGenEvalAlg final dual bound: -737.5 (rounded: -737)
Gap improvement since the last cut separation : 0.10907 (-740.989)
----- Add fac. cuts : R1C(174), max.viol = 0.375, aver.viol = 0.207615, sep/add took 0.01/0.07 sec. -----
3422 columns (1753 active), 376 dyn. constrs. (181 active), 539 art. vars. (344 active)
<DWph=2> <it=  1> <et=7.04> <Mt= 0.01> <Spt= 0.01> <nCl=  0> <DB= -734.9603> <Mlp= -736.8651> <PB=-708.99999> 
<DWph=1> <it=  2> <et=7.06> <Mt= 0.00> <Spt= 0.02> <nCl=  0> <DB= -736.8651> <Mlp= -736.8651> <PB=-708.99999> 
<DWph=0> <it=  4> <et=7.23> <Mt= 0.01> <Spt= 0.15> <nCl=  6> <DB= -736.8841> <Mlp= -736.8841> <PB=-708.99999> 
ColGenEvalAlg final dual bound: -736.884 (rounded: -736)
Gap improvement since the last cut separation : 0.021612 (-737.5)
----- Add fac. cuts : R1C(234), max.viol = 0.333333, aver.viol = 0.0941977, sep/add took 0.02/0.18 sec. -----
3935 columns (2266 active), 463 dyn. constrs. (248 active), 773 art. vars. (411 active)
<DWph=2> <it=  1> <et=7.50> <Mt= 0.01> <Spt= 0.02> <nCl=  0> <DB= -734.6717> <Mlp= -735.3537> <PB=-708.99999> 
<DWph=1> <it=  2> <et=7.52> <Mt= 0.01> <Spt= 0.02> <nCl=  0> <DB= -735.3537> <Mlp= -735.3537> <PB=-708.99999> 
<DWph=0> <it=  5> <et=7.83> <Mt= 0.01> <Spt= 0.28> <nCl=  6> <DB= -735.4167> <Mlp= -735.4167> <PB=-708.99999> 
ColGenEvalAlg final dual bound: -735.417 (rounded: -735)
Gap improvement since the last cut separation : 0.0526247 (-736.884)
----- Add fac. cuts : R1C(197), max.viol = 0.277778, aver.viol = 0.0862592, sep/add took 0.02/0.17 sec. -----
4606 columns (2937 active), 493 dyn. constrs. (215 active), 970 art. vars. (378 active)
<DWph=2> <it=  1> <et=8.08> <Mt= 0.02> <Spt= 0.02> <nCl=  0> <DB= -734.7855> <Mlp= -734.7855> <PB=-708.99999> 
<DWph=1> <it=  2> <et=8.11> <Mt= 0.00> <Spt= 0.02> <nCl=  0> <DB= -734.7855> <Mlp= -734.7855> <PB=-708.99999> 
<DWph=0> <it=  5> <et=8.38> <Mt= 0.02> <Spt= 0.25> <nCl= 16> <DB= -734.8358> <Mlp= -734.8358> <PB=-708.99999> 
ColGenEvalAlg final dual bound: -734.836 (rounded: -734)
Gap improvement since the last cut separation : 0.0219899 (-735.417)
----- Add fac. cuts : R1C(208), max.viol = 0.264599, aver.viol = 0.0946887, sep/add took 0.02/0.22 sec. -----
5298 columns (3629 active), 471 dyn. constrs. (226 active), 1178 art. vars. (389 active)
<DWph=2> <it=  1> <et=8.75> <Mt= 0.03> <Spt= 0.02> <nCl=  0> <DB= -733.9333> <Mlp= -733.9333> <PB=-708.99999> 
<DWph=1> <it=  3> <et=8.79> <Mt= 0.01> <Spt= 0.03> <nCl=  2> <DB= -733.9691> <Mlp= -733.9691> <PB=-708.99999> 
<DWph=0> <it=  5> <et=9.03> <Mt= 0.01> <Spt= 0.22> <nCl=  1> <DB= -733.9691> <Mlp= -733.9691> <PB=-708.99999> 
Reduced cost fixing for graph G_3... took 0.04 sec., 6329 buck. arcs remain (93% from prev., 12.9% from max.)
Reduced cost fixing for graph G_2... took 0.03 sec., 7983 buck. arcs remain (97% from prev., 15.5% from max.)
Reduced cost fixing for graph G_1... took 0.06 sec., 7925 buck. arcs remain (93.2% from prev., 15.3% from max.)
ColGenEvalAlg final dual bound: -733.969 (rounded: -733)
Gap improvement since the last cut separation : 0.0335463 (-734.836)
----- Add fac. cuts : R1C(204), max.viol = 0.243299, aver.viol = 0.0933571, sep/add took 0.19/0.3 sec. -----
5881 columns (4212 active), 478 dyn. constrs. (233 active), 1382 art. vars. (396 active)
<DWph=2> <it=  1> <et=9.77> <Mt= 0.02> <Spt= 0.01> <nCl=  0> <DB= -733.2829> <Mlp= -733.2829> <PB=-708.99999> 
<DWph=1> <it=  2> <et=9.80> <Mt= 0.01> <Spt= 0.03> <nCl=  0> <DB= -733.2829> <Mlp= -733.2829> <PB=-708.99999> 
<DWph=0> <it=  5> <et=10.22> <Mt= 0.02> <Spt= 0.39> <nCl=  5> <DB= -733.3024> <Mlp= -733.3024> <PB=-708.99999> 
ColGenEvalAlg final dual bound: -733.302 (rounded: -733)
Gap improvement since the last cut separation : 0.0266985 (-733.969)
----- Add fac. cuts : R1C(225), max.viol = 0.316696, aver.viol = 0.115792, sep/add took 0.25/0.37 sec. -----
6884 columns (5215 active), 506 dyn. constrs. (259 active), 1607 art. vars. (422 active)
<DWph=2> <it=  1> <et=10.99> <Mt= 0.04> <Spt= 0.02> <nCl=  0> <DB= -732.5570> <Mlp= -732.5570> <PB=-708.99999> 
<DWph=1> <it=  2> <et=11.02> <Mt= 0.01> <Spt= 0.02> <nCl=  0> <DB= -732.5570> <Mlp= -732.5570> <PB=-708.99999> 
<DWph=0> <it=  5> <et=11.42> <Mt= 0.03> <Spt= 0.36> <nCl= 13> <DB= -732.6316> <Mlp= -732.6316> <PB=-708.99999> 
ColGenEvalAlg final dual bound: -732.632 (rounded: -732)
Gap improvement since the last cut separation : 0.0276045 (-733.302)
----- Add fac. cuts : R1C(255), max.viol = 0.236842, aver.viol = 0.097936, sep/add took 0.17/0.51 sec. -----
7693 columns (6024 active), 562 dyn. constrs. (292 active), 1862 art. vars. (455 active)
<DWph=2> <it=  1> <et=12.27> <Mt= 0.04> <Spt= 0.02> <nCl=  0> <DB= -732.2862> <Mlp= -732.2862> <PB=-708.99999> 
<DWph=1> <it=  2> <et=12.30> <Mt= 0.01> <Spt= 0.03> <nCl=  0> <DB= -732.2862> <Mlp= -732.2862> <PB=-708.99999> 
<DWph=0> <it=  3> <et=12.52> <Mt= 0.00> <Spt= 0.21> <nCl=  0> <DB= -732.2862> <Mlp= -732.2862> <PB=-708.99999> 
ColGenEvalAlg final dual bound: -732.286 (rounded: -732)
Gap improvement since the last cut separation : 0.0146157 (-732.632)
----- Add fac. cuts : R1C(216), max.viol = 0.160822, aver.viol = 0.0779957, sep/add took 0.25/0.39 sec. -----
8178 columns (6509 active), 556 dyn. constrs. (255 active), 2078 art. vars. (418 active)
<DWph=2> <it=  1> <et=13.35> <Mt= 0.06> <Spt= 0.02> <nCl=  0> <DB= -731.9129> <Mlp= -731.9129> <PB=-708.99999> 
<DWph=1> <it=  2> <et=13.38> <Mt= 0.01> <Spt= 0.03> <nCl=  0> <DB= -731.9129> <Mlp= -731.9129> <PB=-708.99999> 
<DWph=0> <it=  3> <et=13.58> <Mt= 0.00> <Spt= 0.19> <nCl=  0> <DB= -731.9129> <Mlp= -731.9129> <PB=-708.99999> 
ColGenEvalAlg final dual bound: -731.913 (rounded: -731)
Gap improvement since the last cut separation : 0.016029 (-732.286)
----- Add fac. cuts : R1C(291), max.viol = 0.231627, aver.viol = 0.0797858, sep/add took 0.27/0.68 sec. -----
8633 columns (6964 active), 594 dyn. constrs. (338 active), 2369 art. vars. (501 active)
<DWph=2> <it=  1> <et=14.80> <Mt= 0.12> <Spt= 0.02> <nCl=  0> <DB= -731.1839> <Mlp= -731.1839> <PB=-708.99999> 
<DWph=1> <it=  4> <et=14.92> <Mt= 0.05> <Spt= 0.06> <nCl=  3> <DB= -731.1897> <Mlp= -731.1897> <PB=-708.99999> 
<DWph=0> <it=  6> <et=15.34> <Mt= 0.03> <Spt= 0.37> <nCl= 19> <DB= -731.2363> <Mlp= -731.2363> <PB=-708.99999> 
Reduced cost fixing for graph G_3... took 0.08 sec., 5959 buck. arcs remain (94.2% from prev., 12.1% from max.)
Reduced cost fixing for graph G_2... took 0.04 sec., 7621 buck. arcs remain (95.5% from prev., 14.8% from max.)
Reduced cost fixing for graph G_1... took 0.15 sec., 7278 buck. arcs remain (91.8% from prev., 14.1% from max.)
ColGenEvalAlg final dual bound: -731.236 (rounded: -731)
Gap improvement since the last cut separation : 0.0295303 (-731.913)
----- Add fac. cuts : R1C(245), max.viol = 0.195745, aver.viol = 0.085831, sep/add took 0.29/0.62 sec. -----
9331 columns (7662 active), 631 dyn. constrs. (293 active), 2614 art. vars. (456 active)
<DWph=2> <it=  1> <et=16.75> <Mt= 0.08> <Spt= 0.02> <nCl=  0> <DB= -730.4406> <Mlp= -730.7232> <PB=-708.99999> 
<DWph=1> <it=  2> <et=16.81> <Mt= 0.01> <Spt= 0.03> <nCl=  0> <DB= -730.7232> <Mlp= -730.7232> <PB=-708.99999> 
<DWph=0> <it=  3> <et=17.04> <Mt= 0.01> <Spt= 0.23> <nCl=  0> <DB= -730.7232> <Mlp= -730.7232> <PB=-708.99999> 
ColGenEvalAlg final dual bound: -730.723 (rounded: -730)
Gap improvement since the last cut separation : 0.0230756 (-731.236)
----- Add fac. cuts : R1C(174), max.viol = 0.120948, aver.viol = 0.0583455, sep/add took 0.24/0.46 sec. -----
9784 columns (8115 active), 515 dyn. constrs. (225 active), 2788 art. vars. (388 active)
<DWph=2> <it=  1> <et=17.99> <Mt= 0.05> <Spt= 0.02> <nCl=  0> <DB= -730.3407> <Mlp= -730.6208> <PB=-708.99999> 
<DWph=1> <it=  2> <et=18.03> <Mt= 0.00> <Spt= 0.03> <nCl=  0> <DB= -730.6208> <Mlp= -730.6208> <PB=-708.99999> 
<DWph=0> <it=  4> <et=18.38> <Mt= 0.03> <Spt= 0.32> <nCl=  1> <DB= -730.6211> <Mlp= -730.6211> <PB=-708.99999> 
ColGenEvalAlg final dual bound: -730.621 (rounded: -730)
Gap improvement since the last cut separation : 0.00469917 (-730.723)
----- Add fac. cuts : R1C(179), max.viol = 0.184714, aver.viol = 0.0841168, sep/add took 0.25/0.52 sec. -----
10447 columns (8778 active), 452 dyn. constrs. (233 active), 2967 art. vars. (396 active)
<DWph=2> <it=  1> <et=19.40> <Mt= 0.06> <Spt= 0.02> <nCl=  0> <DB= -729.6914> <Mlp= -730.4321> <PB=-708.99999> 
<DWph=1> <it=  3> <et=19.47> <Mt= 0.02> <Spt= 0.05> <nCl=  1> <DB= -730.4321> <Mlp= -730.4321> <PB=-708.99999> 
<DWph=0> <it=  5> <et=19.85> <Mt= 0.03> <Spt= 0.34> <nCl=  3> <DB= -730.4369> <Mlp= -730.4369> <PB=-708.99999> 
ColGenEvalAlg final dual bound: -730.437 (rounded: -730)
Gap improvement since the last cut separation : 0.00852027 (-730.621)
----- Cut generation is stopped due to tailing off -----
-----------------------------------------------------------------------
Node memory is preferred (score = 0.316946)
-----------------------------------------------------------------------
----------- Diving heuristic started -----------
<DWph=2> <it=  1> <et=20.11> <Mt= 0.00> <Spt= 0.00> <nCl=  0> <DB= -730.0000> <Mlp= -730.0000> <PB=-708.99999> 
<DWph=1> <it=  2> <et=20.11> <Mt= 0.00> <Spt= 0.00> <nCl=  0> <DB= -730.0000> <Mlp= -730.0000> <PB=-708.99999> 
---- Diving heuristic node with dive number = 0, fix depth = 1 and tabu list size = 0
Fixed projected solution = [t_2_4_2_2_OspV=1, x_2_3_9_2_OspV=1, x_2_4_25_2_OspV=1, x_2_8_12_2_OspV=1, x_2_8_14_2_OspV=1, x_2_9_12_2_OspV=1, x_2_14_37_2_OspV=1, x_2_17_18_2_OspV=1, x_2_17_24_2_OspV=1, x_2_18_37_2_OspV=1, x_2_24_25_2_OspV=1, y_2_3_2_2_OspV=1]
<DWph=2> <it= 10> <et=20.39> <Mt= 0.08> <Spt= 0.04> <nCl= 37> <DB=23245.1900> <Mlp=23270.0000> <PB=-708.99999> 
<DWph=2> <it= 13> <et=20.41> <Mt= 0.01> <Spt= 0.01> <nCl=  3> <DB=23270.0000> <Mlp=23270.0000> <PB=-708.99999> 
<DWph=1> <it= 16> <et=20.43> <Mt= 0.00> <Spt= 0.01> <nCl=  4> <DB=23270.0000> <Mlp=23270.0000> <PB=-708.99999> 
---- Diving heuristic node with dive number = 1, fix depth = 1 and tabu list size = 1
Fixed projected solution = [t_3_2_3_3_OspV=1, x_3_2_29_3_OspV=1, x_3_6_16_3_OspV=1, x_3_15_16_3_OspV=1, x_3_15_36_3_OspV=1, x_3_29_38_3_OspV=1, x_3_32_35_3_OspV=1, x_3_32_38_3_OspV=1, x_3_35_36_3_OspV=1, y_3_6_3_3_OspV=1]
<DWph=2> <it= 10> <et=20.63> <Mt= 0.09> <Spt= 0.05> <nCl= 86> <DB=-4162.6200> <Mlp= -660.0000> <PB=-708.99999> 
<DWph=2> <it= 20> <et=20.74> <Mt= 0.02> <Spt= 0.06> <nCl= 24> <DB= -686.3183> <Mlp= -690.0000> <PB=-708.99999> 
<DWph=1> <it= 30> <et=20.90> <Mt= 0.02> <Spt= 0.10> <nCl= 15> <DB= -691.9799> <Mlp= -690.0000> <PB=-708.99999> 
<DWph=1> <it= 32> <et=20.94> <Mt= 0.01> <Spt= 0.02> <nCl=  1> <DB= -690.0000> <Mlp= -690.0000> <PB=-708.99999> 
**** Strong branching phase 1 is started *****
SB phase 1 cand.  1 branch on t_4_2 (lhs=0.5000): [ -727.1406,  3803.9628], score = 60.06      <et=21.02>
SB phase 1 cand.  2 branch on t_6_2 (lhs=0.5000): [ -729.2857,  -661.6667], score = 15.00      <et=21.07>
SB phase 1 cand.  3 branch on t_3_1 (lhs=0.5000): [ -728.7753,  -721.6667], score = 10.21      <et=21.12>
SB phase 1 cand.  4 branch on t_7_1 (lhs=0.5000): [ -728.4928,  -706.4583], score = 31.65      <et=21.18>
SB phase 1 cand.  6 branch on y_4_3 (lhs=0.5000): [ -727.1406,  3803.9628], score = 60.06      <et=21.29>
**** Strong branching phase 2 is started *****
<DWph=1> <it= 15> <et=21.66> <Mt= 0.06> <Spt= 0.14> <nCl= 47> <DB= -710.0000> <Mlp= -710.0000> <PB=-710> 
<DWph=1> <it=  6> <et=21.81> <Mt= 0.02> <Spt= 0.09> <nCl=  5> <DB= -727.5083> <Mlp= -727.5083> <PB=-710> 
SB phase 2 cand.  1 branch on t_4_2 (lhs=0.5000): [ -727.5083,  -710.0000], score = 49.83      <et=21.81>
<DWph=1> <it= 10> <et=21.98> <Mt= 0.04> <Spt= 0.08> <nCl= 22> <DB= -712.5000> <Mlp= -712.5000> <PB=-710> 
<DWph=1> <it=  2> <et=22.04> <Mt= 0.01> <Spt= 0.04> <nCl=  0> <DB= -728.4928> <Mlp= -728.4928> <PB=-710> 
SB phase 2 cand.  2 branch on t_7_1 (lhs=0.5000): [ -728.4928,  -712.5000], score = 26.38      <et=22.05>
<DWph=1> <it= 20> <et=22.38> <Mt= 0.09> <Spt= 0.16> <nCl= 54> <DB= -690.7207> <Mlp= -690.7207> <PB=-710> 
<DWph=1> <it=  3> <et=22.47> <Mt= 0.01> <Spt= 0.05> <nCl=  1> <DB= -729.2900> <Mlp= -729.2900> <PB=-710> 
SB phase 2 cand.  3 branch on y_6_3 (lhs=0.5000): [ -729.2900,  -690.7207], score = 14.91      <et=22.47>
**** Strong branching phase 3 is started *****
**** SB phase 3 evaluation of candidate 1, branch 1 ( t_4_2 >= 1 ), value = -710
<DWph=2> <it=  1> <et=22.50> <Mt= 0.00> <Spt= 0.01> <nCl=  0> <DB= -710.0000> <Mlp= -710.0000> <PB=-710> 
<DWph=1> <it=  2> <et=22.51> <Mt= 0.01> <Spt= 0.01> <nCl=  0> <DB= -710.0000> <Mlp= -710.0000> <PB=-710> 
<DWph=0> <it=  3> <et=22.58> <Mt= 0.00> <Spt= 0.06> <nCl=  0> <DB= -710.0000> <Mlp= -710.0000> <PB=-710> 
ColGenEvalAlg final dual bound: -710 (rounded: -710)
**** SB phase 3 evaluation of candidate 1, branch 2 ( t_4_2 <= 0 ), value = -727.508
<DWph=2> <it=  1> <et=22.62> <Mt= 0.00> <Spt= 0.01> <nCl=  0> <DB= -726.7961> <Mlp= -727.5083> <PB=-710> 
<DWph=1> <it=  2> <et=22.64> <Mt= 0.01> <Spt= 0.03> <nCl=  0> <DB= -727.5083> <Mlp= -727.5083> <PB=-710> 
<DWph=0> <it=  4> <et=22.91> <Mt= 0.00> <Spt= 0.25> <nCl= 20> <DB= -727.6885> <Mlp= -727.6885> <PB=-710> 
Reduced cost fixing for graph G_3... took 0.07 sec., 5184 buck. arcs remain (86.9% from prev., 10.6% from max.)
Reduced cost fixing for graph G_2... took 0.03 sec., 5549 buck. arcs remain (77.8% from prev., 10.8% from max.)
Reduced cost fixing for graph G_1... took 0.19 sec., 6318 buck. arcs remain (85.8% from prev., 12.2% from max.)
ColGenEvalAlg final dual bound: -727.689 (rounded: -727)
----- Add fac. cuts : R1C(136), max.viol = 0.142336, aver.viol = 0.073773, sep/add took 0.25/0.11 sec. -----
3856 columns (3227 active), 186 dyn. constrs. (171 active), 349 art. vars. (334 active)
<DWph=2> <it=  1> <et=23.63> <Mt= 0.03> <Spt= 0.01> <nCl=  1> <DB= -727.4166> <Mlp= -727.1259> <PB=-710> 
<DWph=1> <it=  4> <et=23.71> <Mt= 0.01> <Spt= 0.05> <nCl=  2> <DB= -727.1324> <Mlp= -727.1324> <PB=-710> 
<DWph=0> <it=  6> <et=23.93> <Mt= 0.01> <Spt= 0.21> <nCl= 10> <DB= -727.1324> <Mlp= -727.1324> <PB=-710> 
ColGenEvalAlg final dual bound: -727.132 (rounded: -727)
Gap improvement since the last cut separation : 0.0314416 (-727.689)
----- Add fac. cuts : R1C(155), max.viol = 0.0735294, aver.viol = 0.0574004, sep/add took 0.2/0.13 sec. -----
4073 columns (3444 active), 341 dyn. constrs. (199 active), 504 art. vars. (362 active)
<DWph=2> <it=  1> <et=24.33> <Mt= 0.04> <Spt= 0.01> <nCl=  0> <DB= -726.8750> <Mlp= -726.8750> <PB=-710> 
<DWph=1> <it=  3> <et=24.45> <Mt= 0.07> <Spt= 0.04> <nCl=  1> <DB= -726.8791> <Mlp= -726.8791> <PB=-710> 
<DWph=0> <it=  5> <et=24.73> <Mt= 0.01> <Spt= 0.27> <nCl= 26> <DB= -726.8853> <Mlp= -726.8853> <PB=-710> 
ColGenEvalAlg final dual bound: -726.885 (rounded: -726)
Gap improvement since the last cut separation : 0.0144198 (-727.132)
----- Add fac. cuts : R1C(118), max.viol = 0.12872, aver.viol = 0.0600466, sep/add took 0.27/0.14 sec. -----
4234 columns (3605 active), 337 dyn. constrs. (167 active), 622 art. vars. (330 active)
<DWph=2> <it=  1> <et=25.24> <Mt= 0.03> <Spt= 0.01> <nCl=  0> <DB= -726.6422> <Mlp= -726.6422> <PB=-710> 
<DWph=1> <it=  3> <et=25.28> <Mt= 0.01> <Spt= 0.03> <nCl=  1> <DB= -726.6422> <Mlp= -726.6422> <PB=-710> 
<DWph=0> <it=  5> <et=25.55> <Mt= 0.01> <Spt= 0.26> <nCl=  2> <DB= -726.6487> <Mlp= -726.6487> <PB=-710> 
ColGenEvalAlg final dual bound: -726.649 (rounded: -726)
Gap improvement since the last cut separation : 0.0140153 (-726.885)
----- Add fac. cuts : R1C(8), max.viol = 0.0609335, aver.viol = 0.0454127, sep/add took 0.26/0.01 sec. -----
4365 columns (3736 active), 198 dyn. constrs. (54 active), 630 art. vars. (217 active)
<DWph=2> <it=  1> <et=25.89> <Mt= 0.02> <Spt= 0.01> <nCl=  0> <DB= -726.5385> <Mlp= -726.5385> <PB=-710> 
<DWph=1> <it=  2> <et=25.92> <Mt= 0.00> <Spt= 0.02> <nCl=  0> <DB= -726.5385> <Mlp= -726.5385> <PB=-710> 
<DWph=0> <it=  3> <et=26.09> <Mt= 0.00> <Spt= 0.17> <nCl=  0> <DB= -726.5385> <Mlp= -726.5385> <PB=-710> 
ColGenEvalAlg final dual bound: -726.538 (rounded: -726)
Gap improvement since the last cut separation : 0.00661875 (-726.649)
----- Cut generation is stopped due to tailing off -----
SB exact phase 3 branch on t_4_2 (lhs=0.5) : [-710, -726.53846], tree depth = 2.249, tree size = 7.507, score = -2.142
New model incumbent solution -710, TIME = 0h0m26s14t = 2614
************************************************************************************************
**** BaB tree node (N° 3, parent N° 1, depth 1)
**** Local DB = -726.538, global bounds : [ -726 , -710 ], TIME = 0h0m26s15t = 2615
**** 2 open nodes, 3822 columns (3821 active), 73 dyn. constrs. (47 active), 236 art. vars. (210 active)
************************************************************************************************
**** Strong branching phase 2 is started *****
<DWph=1> <it= 16> <et=26.45> <Mt= 0.14> <Spt= 0.12> <nCl= 39> <DB= -691.4118> <Mlp= -691.4118> <PB=-710> 
<DWph=1> <it=  2> <et=26.54> <Mt= 0.02> <Spt= 0.03> <nCl=  0> <DB= -725.6291> <Mlp= -725.6291> <PB=-710> 
SB phase 2 cand.  1 branch on t_7_1 (lhs=0.3846): [ -725.6291,  -691.4118], score = 14.13 (h)  <et=26.54>
**** Strong branching phase 3 is started *****
**** SB phase 3 evaluation of candidate 1, branch 1 ( t_7_1 >= 1 ), value = -691.412
<DWph=2> <it=  1> <et=26.57> <Mt= 0.01> <Spt= 0.01> <nCl=  0> <DB= -691.4118> <Mlp= -691.4118> <PB=-710> 
<DWph=1> <it=  2> <et=26.58> <Mt= 0.00> <Spt= 0.01> <nCl=  0> <DB= -691.4118> <Mlp= -691.4118> <PB=-710> 
<DWph=0> <it=  3> <et=26.64> <Mt= 0.00> <Spt= 0.05> <nCl= 11> <DB= -696.8235> <Mlp= -691.4118> <PB=-710> 
ColGenEvalAlg final dual bound: -696.824 (rounded: -696)
**** SB phase 3 evaluation of candidate 1, branch 2 ( t_7_1 <= 0 ), value = -725.629
<DWph=2> <it=  1> <et=26.68> <Mt= 0.01> <Spt= 0.01> <nCl=  0> <DB= -725.6291> <Mlp= -725.6291> <PB=-710> 
<DWph=1> <it=  2> <et=26.70> <Mt= 0.00> <Spt= 0.02> <nCl=  0> <DB= -725.6291> <Mlp= -725.6291> <PB=-710> 
<DWph=0> <it=  4> <et=26.96> <Mt= 0.01> <Spt= 0.24> <nCl=  6> <DB= -725.6337> <Mlp= -725.6337> <PB=-710> 
Reduced cost fixing for graph G_3... took 0.08 sec., 4850 buck. arcs remain (93.6% from prev., 9.88% from max.)
Reduced cost fixing for graph G_2... took 0.04 sec., 4844 buck. arcs remain (87.3% from prev., 9.39% from max.)
Reduced cost fixing for graph G_1... took 0.22 sec., 5586 buck. arcs remain (88.4% from prev., 10.8% from max.)
ColGenEvalAlg final dual bound: -725.634 (rounded: -725)
----- Add fac. cuts : R1C(50), max.viol = 0.132939, aver.viol = 0.0438551, sep/add took 0.23/0.05 sec. -----
4389 columns (3954 active), 99 dyn. constrs. (88 active), 262 art. vars. (251 active)
<DWph=2> <it=  1> <et=27.64> <Mt= 0.02> <Spt= 0.01> <nCl=  0> <DB= -725.3929> <Mlp= -725.3929> <PB=-710> 
<DWph=1> <it=  3> <et=27.68> <Mt= 0.01> <Spt= 0.03> <nCl=  1> <DB= -725.4065> <Mlp= -725.4065> <PB=-710> 
<DWph=0> <it=  5> <et=27.89> <Mt= 0.01> <Spt= 0.20> <nCl=  4> <DB= -725.4065> <Mlp= -725.4065> <PB=-710> 
ColGenEvalAlg final dual bound: -725.406 (rounded: -725)
Gap improvement since the last cut separation : 0.0145362 (-725.634)
----- Add fac. cuts : R1C(18), max.viol = 0.0864516, aver.viol = 0.0504659, sep/add took 0.2/0.03 sec. -----
4487 columns (4052 active), 117 dyn. constrs. (57 active), 280 art. vars. (220 active)
<DWph=2> <it=  1> <et=28.18> <Mt= 0.02> <Spt= 0.01> <nCl=  0> <DB= -725.0092> <Mlp= -725.0092> <PB=-710> 
<DWph=1> <it=  2> <et=28.20> <Mt= 0.00> <Spt= 0.02> <nCl=  0> <DB= -725.0092> <Mlp= -725.0092> <PB=-710> 
<DWph=0> <it=  4> <et=28.42> <Mt= 0.01> <Spt= 0.21> <nCl= 27> <DB= -725.0435> <Mlp= -725.0435> <PB=-710> 
ColGenEvalAlg final dual bound: -725.043 (rounded: -725)
Gap improvement since the last cut separation : 0.0235598 (-725.406)
----- Add fac. cuts : R1C(91), max.viol = 0.0956522, aver.viol = 0.0450072, sep/add took 0.14/0.13 sec. -----
4701 columns (4266 active), 166 dyn. constrs. (131 active), 371 art. vars. (294 active)
<DWph=2> <it=  1> <et=28.75> <Mt= 0.02> <Spt= 0.01> <nCl=  0> <DB= -725.0000> <Mlp= -725.0000> <PB=-710> 
<DWph=1> <it=  2> <et=28.77> <Mt= 0.00> <Spt= 0.02> <nCl=  0> <DB= -725.0000> <Mlp= -725.0000> <PB=-710> 
<DWph=0> <it=  3> <et=28.90> <Mt= 0.00> <Spt= 0.13> <nCl=  0> <DB= -725.0000> <Mlp= -725.0000> <PB=-710> 
ColGenEvalAlg final dual bound: -725 (rounded: -725)
Gap improvement since the last cut separation : 0.00289017 (-725.043)
----- Add fac. cuts : sep. took 0.09 sec.----- no cuts found  -----
SB exact phase 3 branch on t_7_1 (lhs=0.384615) : [-691.41176, -725], tree depth = 2.609, tree size = 10.2, score = -3.358 (h)
************************************************************************************************
**** BaB tree node (N° 5, parent N° 3, depth 2)
**** Local DB = -725, global bounds : [ -725 , -710 ], TIME = 0h0m29s5t = 2905
**** 3 open nodes, 4297 columns (4296 active), 64 dyn. constrs. (42 active), 227 art. vars. (205 active)
************************************************************************************************
**** Strong branching phase 2 is started *****
<DWph=1> <it= 18> <et=29.43> <Mt= 0.17> <Spt= 0.13> <nCl= 55> <DB= -690.0000> <Mlp= -690.0000> <PB=-710> 
<DWph=1> <it=  2> <et=29.52> <Mt= 0.04> <Spt= 0.02> <nCl=  0> <DB= -723.2479> <Mlp= -723.2479> <PB=-710> 
SB phase 2 cand.  1 branch on y_6_3 (lhs=0.3333): [ -723.2479,  -690.0000], score = 24.53 (h)  <et=29.52>
**** Strong branching phase 3 is started *****
**** SB phase 3 evaluation of candidate 1, branch 1 ( y_6_3 >= 1 ), value = -690
<DWph=2> <it=  1> <et=29.54> <Mt= 0.00> <Spt= 0.01> <nCl=  0> <DB= -690.0000> <Mlp= -690.0000> <PB=-710> 
<DWph=1> <it=  2> <et=29.56> <Mt= 0.00> <Spt= 0.01> <nCl=  0> <DB= -690.0000> <Mlp= -690.0000> <PB=-710> 
<DWph=0> <it=  3> <et=29.60> <Mt= 0.01> <Spt= 0.04> <nCl= 40> <DB= -708.3333> <Mlp= -690.0000> <PB=-710> 
ColGenEvalAlg final dual bound: -708.333 (rounded: -708)
**** SB phase 3 evaluation of candidate 1, branch 2 ( y_6_3 <= 0 ), value = -723.248
<DWph=2> <it=  1> <et=29.63> <Mt= 0.00> <Spt= 0.00> <nCl=  0> <DB= -723.2479> <Mlp= -723.2479> <PB=-710> 
<DWph=1> <it=  2> <et=29.65> <Mt= 0.01> <Spt= 0.02> <nCl=  0> <DB= -723.2479> <Mlp= -723.2479> <PB=-710> 
<DWph=0> <it=  4> <et=29.81> <Mt= 0.01> <Spt= 0.15> <nCl=  8> <DB= -723.2484> <Mlp= -723.2484> <PB=-710> 
Reduced cost fixing for graph G_3... took 0.03 sec., 4330 buck. arcs remain (89.3% from prev., 8.82% from max.)
Reduced cost fixing for graph G_2... took 0.02 sec., 3766 buck. arcs remain (77.7% from prev., 7.3% from max.)
Reduced cost fixing for graph G_1... took 0.07 sec., 4834 buck. arcs remain (86.5% from prev., 9.35% from max.)
ColGenEvalAlg final dual bound: -723.248 (rounded: -723)
----- Add fac. cuts : R1C(203), max.viol = 0.146497, aver.viol = 0.0645467, sep/add took 0.02/0.32 sec. -----
4919 columns (4418 active), 247 dyn. constrs. (234 active), 410 art. vars. (397 active)
<DWph=2> <it=  1> <et=30.38> <Mt= 0.06> <Spt= 0.01> <nCl=  0> <DB= -722.4457> <Mlp= -722.4457> <PB=-710> 
<DWph=1> <it=  3> <et=30.41> <Mt= 0.01> <Spt= 0.02> <nCl=  1> <DB= -722.4457> <Mlp= -722.4457> <PB=-710> 
<DWph=0> <it=  5> <et=30.57> <Mt= 0.02> <Spt= 0.14> <nCl=  7> <DB= -722.4648> <Mlp= -722.4648> <PB=-710> 
ColGenEvalAlg final dual bound: -722.465 (rounded: -722)
Gap improvement since the last cut separation : 0.0591441 (-723.248)
----- Add fac. cuts : R1C(183), max.viol = 0.157377, aver.viol = 0.0905122, sep/add took 0.25/0.24 sec. -----
5006 columns (4505 active), 430 dyn. constrs. (227 active), 593 art. vars. (390 active)
<DWph=2> <it=  2> <et=31.17> <Mt= 0.06> <Spt= 0.02> <nCl=  1> <DB= -721.8391> <Mlp= -721.8391> <PB=-710> 
<DWph=1> <it=  4> <et=31.21> <Mt= 0.01> <Spt= 0.03> <nCl=  1> <DB= -721.8391> <Mlp= -721.8391> <PB=-710> 
<DWph=0> <it=  6> <et=31.33> <Mt= 0.01> <Spt= 0.11> <nCl=  3> <DB= -721.8392> <Mlp= -721.8392> <PB=-710> 
Reduced cost fixing for graph G_3... took 0.05 sec., 4112 buck. arcs remain (95% from prev., 8.38% from max.)
Reduced cost fixing for graph G_2... took 0.01 sec., 3387 buck. arcs remain (89.9% from prev., 6.56% from max.)
Reduced cost fixing for graph G_1... took 0.09 sec., 4710 buck. arcs remain (97.4% from prev., 9.11% from max.)
ColGenEvalAlg final dual bound: -721.839 (rounded: -721)
Gap improvement since the last cut separation : 0.050192 (-722.465)
----- Add fac. cuts : R1C(132), max.viol = 0.119946, aver.viol = 0.0535524, sep/add took 0.32/0.17 sec. -----
5065 columns (4564 active), 373 dyn. constrs. (193 active), 725 art. vars. (356 active)
<DWph=2> <it=  2> <et=32.20> <Mt= 0.07> <Spt= 0.03> <nCl=  1> <DB= -721.4394> <Mlp= -721.4394> <PB=-710> 
<DWph=1> <it=  3> <et=32.23> <Mt= 0.01> <Spt= 0.01> <nCl=  0> <DB= -721.4394> <Mlp= -721.4394> <PB=-710> 
<DWph=0> <it=  5> <et=32.41> <Mt= 0.01> <Spt= 0.17> <nCl=  6> <DB= -721.4399> <Mlp= -721.4399> <PB=-710> 
ColGenEvalAlg final dual bound: -721.44 (rounded: -721)
Gap improvement since the last cut separation : 0.0337239 (-721.839)
----- Add fac. cuts : R1C(168), max.viol = 0.125323, aver.viol = 0.0767743, sep/add took 0.25/0.34 sec. -----
5138 columns (4637 active), 375 dyn. constrs. (226 active), 893 art. vars. (389 active)
<DWph=2> <it=  2> <et=33.21> <Mt= 0.11> <Spt= 0.03> <nCl=  2> <DB= -721.1785> <Mlp= -721.1785> <PB=-710> 
<DWph=1> <it=  4> <et=33.27> <Mt= 0.02> <Spt= 0.02> <nCl=  2> <DB= -721.1806> <Mlp= -721.1806> <PB=-710> 
<DWph=0> <it=  6> <et=33.56> <Mt= 0.06> <Spt= 0.22> <nCl= 10> <DB= -721.1879> <Mlp= -721.1879> <PB=-710> 
ColGenEvalAlg final dual bound: -721.188 (rounded: -721)
Gap improvement since the last cut separation : 0.0220319 (-721.44)
----- Add fac. cuts : R1C(129), max.viol = 0.146053, aver.viol = 0.0554274, sep/add took 0.34/0.22 sec. -----
5300 columns (4799 active), 371 dyn. constrs. (189 active), 1022 art. vars. (352 active)
<DWph=2> <it=  1> <et=34.27> <Mt= 0.08> <Spt= 0.02> <nCl=  0> <DB= -720.9298> <Mlp= -720.9298> <PB=-710> 
<DWph=1> <it=  2> <et=34.30> <Mt= 0.00> <Spt= 0.02> <nCl=  0> <DB= -720.9298> <Mlp= -720.9298> <PB=-710> 
<DWph=0> <it=  3> <et=34.43> <Mt= 0.01> <Spt= 0.13> <nCl=  0> <DB= -720.9298> <Mlp= -720.9298> <PB=-710> 
ColGenEvalAlg final dual bound: -720.93 (rounded: -720)
Gap improvement since the last cut separation : 0.0230667 (-721.188)
----- Add fac. cuts : R1C(93), max.viol = 0.0930574, aver.viol = 0.0728474, sep/add took 0.38/0.21 sec. -----
5349 columns (4848 active), 303 dyn. constrs. (158 active), 1115 art. vars. (321 active)
<DWph=2> <it=  1> <et=35.25> <Mt= 0.08> <Spt= 0.02> <nCl=  0> <DB= -720.7552> <Mlp= -720.7552> <PB=-710> 
<DWph=1> <it=  2> <et=35.28> <Mt= 0.00> <Spt= 0.02> <nCl=  0> <DB= -720.7552> <Mlp= -720.7552> <PB=-710> 
<DWph=0> <it=  4> <et=35.57> <Mt= 0.02> <Spt= 0.27> <nCl=  7> <DB= -720.7558> <Mlp= -720.7558> <PB=-710> 
ColGenEvalAlg final dual bound: -720.756 (rounded: -720)
Gap improvement since the last cut separation : 0.0159259 (-720.93)
----- Add fac. cuts : R1C(80), max.viol = 0.0711859, aver.viol = 0.0437316, sep/add took 0.32/0.11 sec. -----
5424 columns (4923 active), 261 dyn. constrs. (148 active), 1195 art. vars. (311 active)
<DWph=2> <it=  1> <et=36.14> <Mt= 0.04> <Spt= 0.02> <nCl=  0> <DB= -720.6568> <Mlp= -720.6568> <PB=-710> 
<DWph=1> <it=  2> <et=36.17> <Mt= 0.01> <Spt= 0.02> <nCl=  0> <DB= -720.6568> <Mlp= -720.6568> <PB=-710> 
<DWph=0> <it=  4> <et=36.44> <Mt= 0.01> <Spt= 0.24> <nCl=  1> <DB= -720.6569> <Mlp= -720.6569> <PB=-710> 
Reduced cost fixing for graph G_3... took 0.11 sec., 3787 buck. arcs remain (92.1% from prev., 7.72% from max.)
Reduced cost fixing for graph G_2... took 0.02 sec., 3253 buck. arcs remain (96% from prev., 6.3% from max.)
Reduced cost fixing for graph G_1... took 0.25 sec., 4476 buck. arcs remain (95% from prev., 8.66% from max.)
ColGenEvalAlg final dual bound: -720.657 (rounded: -720)
Gap improvement since the last cut separation : 0.00919121 (-720.756)
----- Add fac. cuts : R1C(62), max.viol = 0.055379, aver.viol = 0.0354698, sep/add took 0.39/0.14 sec. -----
5452 columns (4951 active), 233 dyn. constrs. (131 active), 1257 art. vars. (294 active)
<DWph=2> <it=  1> <et=37.54> <Mt= 0.06> <Spt= 0.02> <nCl=  0> <DB= -720.5610> <Mlp= -720.5610> <PB=-710> 
<DWph=1> <it=  2> <et=37.57> <Mt= 0.01> <Spt= 0.02> <nCl=  0> <DB= -720.5610> <Mlp= -720.5610> <PB=-710> 
<DWph=0> <it=  3> <et=37.73> <Mt= 0.00> <Spt= 0.16> <nCl=  0> <DB= -720.5610> <Mlp= -720.5610> <PB=-710> 
ColGenEvalAlg final dual bound: -720.561 (rounded: -720)
Gap improvement since the last cut separation : 0.00899728 (-720.657)
----- Add fac. cuts : R1C(6), max.viol = 0.0256138, aver.viol = 0.0230142, sep/add took 0.39/0.01 sec. -----
5478 columns (4977 active), 160 dyn. constrs. (78 active), 1263 art. vars. (241 active)
<DWph=2> <it=  1> <et=38.22> <Mt= 0.03> <Spt= 0.01> <nCl=  0> <DB= -720.5438> <Mlp= -720.5438> <PB=-710> 
<DWph=1> <it=  2> <et=38.24> <Mt= 0.00> <Spt= 0.02> <nCl=  0> <DB= -720.5438> <Mlp= -720.5438> <PB=-710> 
<DWph=0> <it=  3> <et=38.40> <Mt= 0.01> <Spt= 0.15> <nCl=  0> <DB= -720.5438> <Mlp= -720.5438> <PB=-710> 
ColGenEvalAlg final dual bound: -720.544 (rounded: -720)
Gap improvement since the last cut separation : 0.00162786 (-720.561)
----- Cut generation is stopped due to tailing off -----
SB exact phase 3 branch on y_6_3 (lhs=0.333333) : [-690, -720.54383], tree depth = 1.686, tree size = 4.437, score = -2.409 (h)
************************************************************************************************
**** BaB tree node (N° 7, parent N° 5, depth 3)
**** Local DB = -720.544, global bounds : [ -720 , -710 ], TIME = 0h0m38s46t = 3846
**** 4 open nodes, 4992 columns (4991 active), 92 dyn. constrs. (69 active), 255 art. vars. (232 active)
************************************************************************************************
**** Strong branching phase 3 is started *****
**** SB phase 3 evaluation of candidate 1, branch 1 ( y_7_3 >= 1 ), value = 1e+12
<DWph=2> <it=  7> <et=38.80> <Mt= 0.20> <Spt= 0.08> <nCl= 12> <DB= -705.0000> <Mlp= -705.0000> <PB=-710> 
<DWph=1> <it= 10> <et=38.85> <Mt= 0.02> <Spt= 0.02> <nCl=  2> <DB= -705.0000> <Mlp= -705.0000> <PB=-710> 
<DWph=0> <it= 12> <et=39.00> <Mt= 0.06> <Spt= 0.09> <nCl= 19> <DB= -708.3872> <Mlp= -705.0000> <PB=-710> 
ColGenEvalAlg final dual bound: -708.387 (rounded: -708)
**** SB phase 3 evaluation of candidate 1, branch 2 ( y_7_3 <= 0 ), value = 1e+12
<DWph=2> <it=  7> <et=39.34> <Mt= 0.17> <Spt= 0.07> <nCl= 10> <DB= -697.2727> <Mlp= -697.2727> <PB=-710> 
<DWph=1> <it=  9> <et=39.37> <Mt= 0.01> <Spt= 0.02> <nCl=  1> <DB= -697.2727> <Mlp= -697.2727> <PB=-710> 
<DWph=0> <it= 10> <et=39.41> <Mt= 0.01> <Spt= 0.03> <nCl=  2> <DB= -697.7273> <Mlp= -697.2727> <PB=-710> 
ColGenEvalAlg final dual bound: -697.727 (rounded: -697)
 SB phase 3 candidate 1 is conquered !
************************************************************************************************
Search is finished, global bounds : [ -710 , -710 ], TIME = 0h0m39s44t = 3944
************************************************************************************************
[32mBaPCod : solution defined.[00m
statistics_cols: instance & :Optimal & cutoff & :bcRecRootDb & :bcTimeRootEval & :bcCountNodeProc & :bcRecBestDb & :bcRecBestInc & :bcTimeMain \\
statistics: T3-80-5-3 & 1 & -708.99999 & -730.00 & 20.05 & 9 & -710.00 & -710 & 39.44 \\
########################################################
trip 1 : 1 30 28 13 11 34 20 10 26 23 22 21 19 3 
trip 2 : 3 9 12 8 14 37 18 35 36 17 25 4 
trip 3 : 4 24 16 15 31 2 
tour : 1 30 28 13 11 34 20 10 26 23 22 21 19 3 9 12 8 14 37 18 35 36 17 25 4 24 16 15 31 2
Cost 710.0
########################################################
