Application parameters:
  batch  =>  nothing
  tikz  =>  "/TIKZ/T3-85-5-3.tex"
  instance  =>  "/IN/T3-85-5-3.ophs"
  out  =>  "/OUT/T3-85-5-3.sol"
  nosolve  =>  false
  ub  =>  -740
  complete  =>  false
  cfg  =>  "/BWTSP/src/../config/OPHS.cfg"
VRPSolver warning: Interval set for resource 1 on source node (when source != sink) is ignored (by definition is [0.0,0.0])
VRPSolver warning: Interval set for resource 1 on source node (when source != sink) is ignored (by definition is [0.0,0.0])
VRPSolver warning: Interval set for resource 1 on source node (when source != sink) is ignored (by definition is [0.0,0.0])
[41m solve [00m
~~~~~~~~~~~~~~~~~~~~~~~~~~~~~~~~~~~~~~~~~~~~~~~~~~~~~~~~~~~~~~~~~~~~~~~~~~~~~~
VRPSolver v0.4.1, 24/03/2021. Web: vrpsolver.math.u-bordeaux.fr
Corresponds to the solver by Pessoa, Sadykov, Uchoa and Vanderbeck (2020)
Paper: dx.doi.org/10.1007/s10107-020-01523-z
USE THIS CODE ONLY FOR ACADEMIC PURPOSES AT YOUR OWN RISK
~~~~~~~~~~~~~~~~~~~~~~~~~~~~~~~~~~~~~~~~~~~~~~~~~~~~~~~~~~~~~~~~~~~~~~~~~~~~~~
BaPCod v053, 24/03/2021, © Inria Bordeaux, France
~~~~~~~~~~~~~~~~~~~~~~~~~~~~~~~~~~~~~~~~~~~~~~~~~~~~~~~~~~~~~~~~~~~~~~~~~~~~~~
VRPSolver parameters:
GlobalTimeLimit = 18000
MaxNbOfBBtreeNodeTreated = 100000
treeSearchStrategy = 1
RCSPstopCutGenTimeThresholdInPricing = 10
RCSPhardTimeThresholdInPricing = 25
RCSPnumberOfBucketsPerVertex = 25
RCSPdynamicBucketSteps = 1
RCSPuseBidirectionalSearch = 2
RCSPapplyReducedCostFixing = 1
RCSPredCostFixingFalseGap = 0
RCSPmaxNumOfColsPerIteration = 30
RCSPmaxNumOfColsPerExactIteration = 150
RCSPheurLabelingStrategy = 0
StabilizationMinPhaseOfStage = 0
RCSPmaxNumOfLabelsInEnumeration = 500000
RCSPmaxNumOfEnumeratedSolutions = 5000000
RCSPmaxNumOfEnumSolutionsForMIP = 10000
RCSPinitNGneighbourhoodSize = 8
RCSPmaxNGneighbourhoodSize = 8
RCSPrankOneCutsMaxNumPerRound = 100
RCSPrankOneCutsMaxNumRows = 5
RCSPrankOneCutsMemoryType = 0
CutTailingOffThreshold = 0.015
CutTailingOffCounterThreshold = 3
SafeDualBoundScaleFactor = -1
StrongBranchingPhaseOneCandidatesNumber = 100
StrongBranchingPhaseOneTreeSizeEstimRatio = 0.2
StrongBranchingPhaseTwoCandidatesNumber = 3
StrongBranchingPhaseTwoTreeSizeEstimRatio = 0.02
MaxTimeForRestrictedMasterIpHeur = -1
DivingHeurUseDepthLimit = 0
MaxLDSbreadth = 1
MaxLDSdepth = 10000
New model incumbent solution -739, TIME = 0h0m0s3t = 3
Model is built TIME = 0h0m0s83t = 83
************************************************************************************************
**** BaB tree root node
**** Local DB = -1e+12, global bounds : [ -1e+12 , -739 ], TIME = 0h0m0s83t = 83
**** 1 open nodes, 0 columns (0 active), 0 dyn. constrs. (0 active), 163 art. vars. (163 active)
************************************************************************************************
--------------------------------------------------------------------------
BaPCod info : first we run the root node with rank-1 cuts with node memory
--------------------------------------------------------------------------
<DWph=2> <it= 10> <et=0.87> <Mt= 0.00> <Spt= 0.03> <nCl=152> <DB=-1045.4655> <Mlp= -698.6991> <PB=-738.99999> 
<DWph=2> <it= 20> <et=0.91> <Mt= 0.01> <Spt= 0.03> <nCl=128> <DB= -748.9431> <Mlp= -735.9746> <PB=-738.99999> 
<DWph=2> <it= 30> <et=0.95> <Mt= 0.00> <Spt= 0.04> <nCl= 52> <DB= -750.4594> <Mlp= -741.9623> <PB=-738.99999> 
<DWph=2> <it= 35> <et=0.98> <Mt= 0.00> <Spt= 0.02> <nCl= 11> <DB= -742.0747> <Mlp= -742.0747> <PB=-738.99999> 
<DWph=1> <it= 40> <et=1.05> <Mt= 0.01> <Spt= 0.06> <nCl= 36> <DB= -751.2976> <Mlp= -744.4572> <PB=-738.99999> 
<DWph=1> <it= 44> <et=1.12> <Mt= 0.00> <Spt= 0.08> <nCl=  7> <DB= -745.2743> <Mlp= -745.2743> <PB=-738.99999> 
<DWph=0> <it= 48> <et=1.28> <Mt= 0.00> <Spt= 0.14> <nCl= 44> <DB= -746.4496> <Mlp= -746.4496> <PB=-738.99999> 
Reduced cost fixing for graph G_3... took 0.01 sec., 3350 buck. arcs remain (22% from prev., 6.65% from max.)
Run enumeration... took 0.01 sec. and succeeded! Pricing will be done by inspection.
Reduced cost fixing for graph G_2... took 0.01 sec., 3659 buck. arcs remain (21.2% from prev., 7.08% from max.)
Run enumeration... took 0.01 sec. and succeeded! Pricing will be done by inspection.
Reduced cost fixing for graph G_1... took 0.02 sec., 3216 buck. arcs remain (18.8% from prev., 6.24% from max.)
Run enumeration... took 0.01 sec. and succeeded! Pricing will be done by inspection.
ColGenEvalAlg final dual bound: -746.45 (rounded: -746)
----- Terminating the node by MIP -----
MIP found solution with value -740
New model incumbent solution -740, TIME = 0h0m1s45t = 145
************************************************************************************************
Search is finished, global bounds : [ -740 , -740 ], TIME = 0h0m1s45t = 145
************************************************************************************************
[32mBaPCod : solution defined.[00m
statistics_cols: instance & :Optimal & cutoff & :bcRecRootDb & :bcTimeRootEval & :bcCountNodeProc & :bcRecBestDb & :bcRecBestInc & :bcTimeMain \\
statistics: T3-85-5-3 & 1 & -738.99999 & -740.00 & 1.45 & 1 & -740.00 & -740 & 1.45 \\
########################################################
trip 1 : 1 30 31 15 16 24 25 3 
trip 2 : 3 17 36 32 35 18 37 14 8 12 9 19 21 4 
trip 3 : 4 22 23 26 10 20 34 11 13 28 33 29 2 
tour : 1 30 31 15 16 24 25 3 17 36 32 35 18 37 14 8 12 9 19 21 4 22 23 26 10 20 34 11 13 28 33 29 2
Cost 740.0
########################################################
