Application parameters:
  batch  =>  nothing
  tikz  =>  "/TIKZ/T3-90-5-3.tex"
  instance  =>  "/IN/T3-90-5-3.ophs"
  out  =>  "/OUT/T3-90-5-3.sol"
  nosolve  =>  false
  ub  =>  -770
  complete  =>  false
  cfg  =>  "/BWTSP/src/../config/OPHS.cfg"
VRPSolver warning: Interval set for resource 1 on source node (when source != sink) is ignored (by definition is [0.0,0.0])
VRPSolver warning: Interval set for resource 1 on source node (when source != sink) is ignored (by definition is [0.0,0.0])
VRPSolver warning: Interval set for resource 1 on source node (when source != sink) is ignored (by definition is [0.0,0.0])
[41m solve [00m
~~~~~~~~~~~~~~~~~~~~~~~~~~~~~~~~~~~~~~~~~~~~~~~~~~~~~~~~~~~~~~~~~~~~~~~~~~~~~~
VRPSolver v0.4.1, 24/03/2021. Web: vrpsolver.math.u-bordeaux.fr
Corresponds to the solver by Pessoa, Sadykov, Uchoa and Vanderbeck (2020)
Paper: dx.doi.org/10.1007/s10107-020-01523-z
USE THIS CODE ONLY FOR ACADEMIC PURPOSES AT YOUR OWN RISK
~~~~~~~~~~~~~~~~~~~~~~~~~~~~~~~~~~~~~~~~~~~~~~~~~~~~~~~~~~~~~~~~~~~~~~~~~~~~~~
BaPCod v053, 24/03/2021, © Inria Bordeaux, France
~~~~~~~~~~~~~~~~~~~~~~~~~~~~~~~~~~~~~~~~~~~~~~~~~~~~~~~~~~~~~~~~~~~~~~~~~~~~~~
VRPSolver parameters:
GlobalTimeLimit = 18000
MaxNbOfBBtreeNodeTreated = 100000
treeSearchStrategy = 1
RCSPstopCutGenTimeThresholdInPricing = 10
RCSPhardTimeThresholdInPricing = 25
RCSPnumberOfBucketsPerVertex = 25
RCSPdynamicBucketSteps = 1
RCSPuseBidirectionalSearch = 2
RCSPapplyReducedCostFixing = 1
RCSPredCostFixingFalseGap = 0
RCSPmaxNumOfColsPerIteration = 30
RCSPmaxNumOfColsPerExactIteration = 150
RCSPheurLabelingStrategy = 0
StabilizationMinPhaseOfStage = 0
RCSPmaxNumOfLabelsInEnumeration = 500000
RCSPmaxNumOfEnumeratedSolutions = 5000000
RCSPmaxNumOfEnumSolutionsForMIP = 10000
RCSPinitNGneighbourhoodSize = 8
RCSPmaxNGneighbourhoodSize = 8
RCSPrankOneCutsMaxNumPerRound = 100
RCSPrankOneCutsMaxNumRows = 5
RCSPrankOneCutsMemoryType = 0
CutTailingOffThreshold = 0.015
CutTailingOffCounterThreshold = 3
SafeDualBoundScaleFactor = -1
StrongBranchingPhaseOneCandidatesNumber = 100
StrongBranchingPhaseOneTreeSizeEstimRatio = 0.2
StrongBranchingPhaseTwoCandidatesNumber = 3
StrongBranchingPhaseTwoTreeSizeEstimRatio = 0.02
MaxTimeForRestrictedMasterIpHeur = -1
DivingHeurUseDepthLimit = 0
MaxLDSbreadth = 1
MaxLDSdepth = 10000
New model incumbent solution -769, TIME = 0h0m0s2t = 2
Model is built TIME = 0h0m0s81t = 81
************************************************************************************************
**** BaB tree root node
**** Local DB = -1e+12, global bounds : [ -1e+12 , -769 ], TIME = 0h0m0s81t = 81
**** 1 open nodes, 0 columns (0 active), 0 dyn. constrs. (0 active), 163 art. vars. (163 active)
************************************************************************************************
--------------------------------------------------------------------------
BaPCod info : first we run the root node with rank-1 cuts with node memory
--------------------------------------------------------------------------
<DWph=2> <it= 10> <et=0.86> <Mt= 0.00> <Spt= 0.03> <nCl=208> <DB= -864.2032> <Mlp= -746.7139> <PB=-768.99999> 
<DWph=2> <it= 20> <et=0.90> <Mt= 0.01> <Spt= 0.04> <nCl=149> <DB= -793.5308> <Mlp= -778.4404> <PB=-768.99999> 
<DWph=2> <it= 30> <et=0.95> <Mt= 0.01> <Spt= 0.04> <nCl= 38> <DB= -784.3550> <Mlp= -783.1395> <PB=-768.99999> 
<DWph=2> <it= 34> <et=0.97> <Mt= 0.00> <Spt= 0.02> <nCl=  6> <DB= -783.1931> <Mlp= -783.1931> <PB=-768.99999> 
<DWph=1> <it= 40> <et=1.06> <Mt= 0.00> <Spt= 0.08> <nCl= 39> <DB= -791.6315> <Mlp= -787.4576> <PB=-768.99999> 
<DWph=1> <it= 44> <et=1.12> <Mt= 0.00> <Spt= 0.06> <nCl=  7> <DB= -787.4806> <Mlp= -787.4806> <PB=-768.99999> 
<DWph=0> <it= 47> <et=1.23> <Mt= 0.01> <Spt= 0.10> <nCl= 10> <DB= -787.5000> <Mlp= -787.5000> <PB=-768.99999> 
Reduced cost fixing for graph G_3... took 0.01 sec., 6051 buck. arcs remain (43.7% from prev., 12.3% from max.)
Run enumeration... took 0.03 sec. and succeeded! Pricing will be done by inspection.
Reduced cost fixing for graph G_2... took 0.02 sec., 7425 buck. arcs remain (39% from prev., 14% from max.)
Run enumeration... took 0.05 sec. and succeeded! Pricing will be done by inspection.
Reduced cost fixing for graph G_1... took 0.02 sec., 6692 buck. arcs remain (37.8% from prev., 12.9% from max.)
Run enumeration... took 0.04 sec. and succeeded! Pricing will be done by inspection.
<DWph=2> <it= 48> <et=1.45> <Mt= 0.01> <Spt= 0.00> <nCl=  0> <DB= -786.8011> <Mlp= -786.8011> <PB=-768.99999> 
<DWph=1> <it= 49> <et=1.45> <Mt= 0.00> <Spt= 0.00> <nCl=  0> <DB= -786.8011> <Mlp= -786.8011> <PB=-768.99999> 
<DWph=0> <it= 50> <et=1.46> <Mt= 0.00> <Spt= 0.01> <nCl=  8> <DB= -788.8645> <Mlp= -786.8011> <PB=-768.99999> 
<DWph=0> <it= 51> <et=1.47> <Mt= 0.00> <Spt= 0.01> <nCl=  0> <DB= -786.8814> <Mlp= -786.8814> <PB=-768.99999> 
Reduced cost fixing for graph G_3...  took 0 sec., done by inspection with 3025 solutions, remains 2482 (82%)
Reduced cost fixing for graph G_2...  took 0 sec., done by inspection with 8167 solutions, remains 5272 (64.6%)
Reduced cost fixing for graph G_1...  took 0 sec., done by inspection with 6131 solutions, remains 3880 (63.3%)
ColGenEvalAlg final dual bound: -786.881 (rounded: -786)
----- Add fac. cuts : R1C(150), max.viol = 0.380351, aver.viol = 0.215917, sep/add took 0/0.03 sec. -----
1049 columns (1049 active), 150 dyn. constrs. (150 active), 313 art. vars. (313 active)
<DWph=2> <it=  1> <et=1.54> <Mt= 0.01> <Spt= 0.00> <nCl=  0> <DB= -780.0000> <Mlp= -780.0000> <PB=-768.99999> 
<DWph=1> <it=  2> <et=1.54> <Mt= 0.01> <Spt= 0.01> <nCl=  0> <DB= -780.0000> <Mlp= -780.0000> <PB=-768.99999> 
<DWph=0> <it=  5> <et=1.68> <Mt= 0.06> <Spt= 0.06> <nCl= 77> <DB= -780.0866> <Mlp= -780.0866> <PB=-768.99999> 
Reduced cost fixing for graph G_3...  took 0 sec., done by inspection with 2482 solutions, remains 838 (33.8%)
Reduced cost fixing for graph G_2...  took 0 sec., done by inspection with 5272 solutions, remains 1319 (25%)
Reduced cost fixing for graph G_1...  took 0 sec., done by inspection with 3880 solutions, remains 865 (22.3%)
ColGenEvalAlg final dual bound: -780.087 (rounded: -780)
Gap improvement since the last cut separation : 0.379993 (-786.881)
----- Terminating the node by MIP -----
MIP found solution with value -770
New model incumbent solution -770, TIME = 0h0m2s75t = 275
************************************************************************************************
Search is finished, global bounds : [ -770 , -770 ], TIME = 0h0m2s75t = 275
************************************************************************************************
[32mBaPCod : solution defined.[00m
statistics_cols: instance & :Optimal & cutoff & :bcRecRootDb & :bcTimeRootEval & :bcCountNodeProc & :bcRecBestDb & :bcRecBestInc & :bcTimeMain \\
statistics: T3-90-5-3 & 1 & -768.99999 & -770.00 & 2.75 & 1 & -770.00 & -770 & 2.75 \\
########################################################
trip 1 : 1 30 28 13 11 34 20 10 26 23 27 22 21 7 
trip 2 : 7 19 9 12 8 14 37 18 17 25 4 
trip 3 : 4 24 16 15 36 35 32 38 2 
tour : 1 30 28 13 11 34 20 10 26 23 27 22 21 7 19 9 12 8 14 37 18 17 25 4 24 16 15 36 35 32 38 2
Cost 770.0
########################################################
