Application parameters:
  batch  =>  nothing
  tikz  =>  nothing
  instance  =>  "/IN/h05_c50_l200_06.txt"
  out  =>  nothing
  nosolve  =>  false
  ub  =>  898.3
  qvalue  =>  8
  cfg  =>  "/BWTSP/src/../config/TSPHS.cfg"
  sol  =>  nothing
########################################################
[41m solve [00m
~~~~~~~~~~~~~~~~~~~~~~~~~~~~~~~~~~~~~~~~~~~~~~~~~~~~~~~~~~~~~~~~~~~~~~~~~~~~~~
VRPSolver v0.4.1, 24/03/2021. Web: vrpsolver.math.u-bordeaux.fr
Corresponds to the solver by Pessoa, Sadykov, Uchoa and Vanderbeck (2020)
Paper: dx.doi.org/10.1007/s10107-020-01523-z
USE THIS CODE ONLY FOR ACADEMIC PURPOSES AT YOUR OWN RISK
~~~~~~~~~~~~~~~~~~~~~~~~~~~~~~~~~~~~~~~~~~~~~~~~~~~~~~~~~~~~~~~~~~~~~~~~~~~~~~
BaPCod v053, 24/03/2021, © Inria Bordeaux, France
~~~~~~~~~~~~~~~~~~~~~~~~~~~~~~~~~~~~~~~~~~~~~~~~~~~~~~~~~~~~~~~~~~~~~~~~~~~~~~
VRPSolver parameters:
GlobalTimeLimit = 21474836
MaxNbOfBBtreeNodeTreated = 100000
treeSearchStrategy = 1
RCSPstopCutGenTimeThresholdInPricing = 10
RCSPhardTimeThresholdInPricing = 25
RCSPnumberOfBucketsPerVertex = 25
RCSPdynamicBucketSteps = 1
RCSPuseBidirectionalSearch = 2
RCSPapplyReducedCostFixing = 1
RCSPredCostFixingFalseGap = 0
RCSPmaxNumOfColsPerIteration = 30
RCSPmaxNumOfColsPerExactIteration = 150
RCSPheurLabelingStrategy = 0
StabilizationMinPhaseOfStage = 0
RCSPmaxNumOfLabelsInEnumeration = 0
RCSPmaxNumOfEnumeratedSolutions = 0
RCSPmaxNumOfEnumSolutionsForMIP = 0
RCSPinitNGneighbourhoodSize = 12
RCSPmaxNGneighbourhoodSize = 12
RCSPrankOneCutsMaxNumPerRound = 100
RCSPrankOneCutsMaxNumRows = 5
RCSPrankOneCutsMemoryType = 1
CutTailingOffThreshold = 0.015
CutTailingOffCounterThreshold = 3
SafeDualBoundScaleFactor = -1
StrongBranchingPhaseOneCandidatesNumber = 100
StrongBranchingPhaseOneTreeSizeEstimRatio = 0.2
StrongBranchingPhaseTwoCandidatesNumber = 5
StrongBranchingPhaseTwoTreeSizeEstimRatio = 0.02
MaxTimeForRestrictedMasterIpHeur = -1
DivingHeurUseDepthLimit = -1
MaxLDSbreadth = 0
MaxLDSdepth = 0
New model incumbent solution 898.4, TIME = 0h0m0s2t = 2
RCSP solver info : symmetric case is detected for graph G_1! 
Model is built TIME = 0h0m0s93t = 93
************************************************************************************************
**** BaB tree root node
**** Local DB = -1e+12, global bounds : [ -1e+12 , 898.4 ], TIME = 0h0m0s93t = 93
**** 1 open nodes, 0 columns (0 active), 0 dyn. constrs. (0 active), 113 art. vars. (113 active)
************************************************************************************************
<DWph=2> <it= 10> <et=0.95> <Mt= 0.00> <Spt= 0.02> <nCl= 47> <DB=-608229.3162> <Mlp=277007.4916> <PB=898.4> 
<DWph=2> <it= 20> <et=0.98> <Mt= 0.00> <Spt= 0.02> <nCl= 50> <DB=-286472.5308> <Mlp=12563.6699> <PB=898.4> 
<DWph=2> <it= 30> <et=1.01> <Mt= 0.00> <Spt= 0.03> <nCl= 46> <DB=  512.1014> <Mlp=  956.2839> <PB=898.4> 
<DWph=2> <it= 40> <et=1.04> <Mt= 0.01> <Spt= 0.02> <nCl= 46> <DB=  723.6132> <Mlp=  903.1516> <PB=898.4> 
<DWph=2> <it= 50> <et=1.06> <Mt= 0.00> <Spt= 0.02> <nCl= 42> <DB=  809.9433> <Mlp=  874.1466> <PB=898.4> 
<DWph=2> <it= 60> <et=1.09> <Mt= 0.01> <Spt= 0.02> <nCl= 25> <DB=  828.4766> <Mlp=  871.3369> <PB=898.4> 
<DWph=2> <it= 70> <et=1.11> <Mt= 0.00> <Spt= 0.03> <nCl= 13> <DB=  863.0645> <Mlp=  870.5968> <PB=898.4> 
<DWph=2> <it= 76> <et=1.14> <Mt= 0.00> <Spt= 0.02> <nCl=  5> <DB=  870.4687> <Mlp=  870.4687> <PB=898.4> 
<DWph=1> <it= 80> <et=1.16> <Mt= 0.00> <Spt= 0.02> <nCl= 11> <DB=  859.9365> <Mlp=  869.0611> <PB=898.4> 
<DWph=1> <it= 84> <et=1.19> <Mt= 0.00> <Spt= 0.02> <nCl=  4> <DB=  868.5272> <Mlp=  868.5272> <PB=898.4> 
<DWph=0> <it= 86> <et=1.21> <Mt= 0.00> <Spt= 0.02> <nCl= 10> <DB=  868.4879> <Mlp=  868.4879> <PB=898.4> 
Reduced cost fixing for graph G_1... took 0.03 sec., 16507 buck. arcs remain (39.3% from prev., 25% from max.)
ColGenEvalAlg final dual bound: 868.488 (rounded: 868.488)
>>>>> Add min cuts : 4 cut(s) added
----- Add fac. cuts : UserCuts0(4), max.viol = 1, aver.viol = 0.738147, sep/add took 0.69/0 sec. -----
433 columns (433 active), 4 dyn. constrs. (4 active), 121 art. vars. (121 active)
<DWph=2> <it=  5> <et=1.95> <Mt= 0.01> <Spt= 0.01> <nCl= 15> <DB=  871.0448> <Mlp=  871.0448> <PB=898.4> 
<DWph=1> <it=  7> <et=1.96> <Mt= 0.00> <Spt= 0.01> <nCl=  1> <DB=  870.6169> <Mlp=  870.6169> <PB=898.4> 
<DWph=0> <it=  8> <et=1.96> <Mt= 0.00> <Spt= 0.01> <nCl=  0> <DB=  870.6169> <Mlp=  870.6169> <PB=898.4> 
ColGenEvalAlg final dual bound: 870.617 (rounded: 870.617)
Gap improvement since the last cut separation : 0.0711728 (868.488)
>>>>> Add min cuts : 3 cut(s) added
----- Add fac. cuts : UserCuts0(3), max.viol = 0.7, aver.viol = 0.466667, sep/add took 0/0 sec. -----
465 columns (465 active), 7 dyn. constrs. (5 active), 127 art. vars. (123 active)
<DWph=2> <it=  3> <et=1.98> <Mt= 0.00> <Spt= 0.00> <nCl=  3> <DB=  871.1935> <Mlp=  871.1935> <PB=898.4> 
<DWph=1> <it=  4> <et=1.99> <Mt= 0.00> <Spt= 0.01> <nCl=  0> <DB=  871.1935> <Mlp=  871.1935> <PB=898.4> 
<DWph=0> <it=  5> <et=2.00> <Mt= 0.00> <Spt= 0.01> <nCl=  0> <DB=  871.1935> <Mlp=  871.1935> <PB=898.4> 
ColGenEvalAlg final dual bound: 871.194 (rounded: 871.194)
Gap improvement since the last cut separation : 0.0207554 (870.617)
>>>>> Add min cuts : 1 cut(s) added
----- Add fac. cuts : UserCuts0(1), max.viol = 0.87013, aver.viol = 0.87013, sep/add took 0/0 sec. -----
487 columns (487 active), 6 dyn. constrs. (4 active), 129 art. vars. (121 active)
<DWph=2> <it=  3> <et=2.01> <Mt= 0.00> <Spt= 0.01> <nCl=  5> <DB=  871.7844> <Mlp=  871.7844> <PB=898.4> 
<DWph=1> <it=  4> <et=2.02> <Mt= 0.00> <Spt= 0.00> <nCl=  0> <DB=  871.7844> <Mlp=  871.7844> <PB=898.4> 
<DWph=0> <it=  5> <et=2.03> <Mt= 0.00> <Spt= 0.01> <nCl=  0> <DB=  871.7844> <Mlp=  871.7844> <PB=898.4> 
Reduced cost fixing for graph G_1... took 0.02 sec., 15392 buck. arcs remain (93.2% from prev., 23.3% from max.)
ColGenEvalAlg final dual bound: 871.784 (rounded: 871.784)
Gap improvement since the last cut separation : 0.0217203 (871.194)
----- Add fac. cuts : R1C(155), max.viol = 0.5, aver.viol = 0.226498, sep/add took 0/0.01 sec. -----
499 columns (499 active), 159 dyn. constrs. (158 active), 284 art. vars. (274 active)
<DWph=2> <it= 10> <et=2.12> <Mt= 0.03> <Spt= 0.02> <nCl= 44> <DB=  862.7826> <Mlp=  894.5906> <PB=898.4> 
<DWph=2> <it= 20> <et=2.16> <Mt= 0.01> <Spt= 0.02> <nCl= 20> <DB=  830.4653> <Mlp=  890.2172> <PB=898.4> 
<DWph=2> <it= 30> <et=2.19> <Mt= 0.02> <Spt= 0.02> <nCl= 20> <DB=  844.1703> <Mlp=  885.7301> <PB=898.4> 
<DWph=2> <it= 35> <et=2.21> <Mt= 0.00> <Spt= 0.02> <nCl=  9> <DB=  885.6114> <Mlp=  885.6114> <PB=898.4> 
<DWph=1> <it= 40> <et=2.23> <Mt= 0.00> <Spt= 0.01> <nCl= 15> <DB=  869.9733> <Mlp=  885.3824> <PB=898.4> 
<DWph=1> <it= 48> <et=2.27> <Mt= 0.01> <Spt= 0.03> <nCl= 10> <DB=  885.2616> <Mlp=  885.2616> <PB=898.4> 
<DWph=0> <it= 50> <et=2.29> <Mt= 0.00> <Spt= 0.02> <nCl= 49> <DB=  876.5510> <Mlp=  885.2295> <PB=898.4> 
<DWph=0> <it= 51> <et=2.31> <Mt= 0.00> <Spt= 0.01> <nCl=  0> <DB=  885.2295> <Mlp=  885.2295> <PB=898.4> 
Reduced cost fixing for graph G_1... took 0.01 sec., 10372 buck. arcs remain (67.4% from prev., 15.7% from max.)
ColGenEvalAlg final dual bound: 885.23 (rounded: 885.23)
Gap improvement since the last cut separation : 0.505159 (871.784)
----- Add fac. cuts : R1C(156), max.viol = 0.456212, aver.viol = 0.205801, sep/add took 0/0.02 sec. -----
766 columns (766 active), 314 dyn. constrs. (181 active), 440 art. vars. (297 active)
<DWph=2> <it= 10> <et=2.40> <Mt= 0.02> <Spt= 0.02> <nCl= 17> <DB=  884.9770> <Mlp=  893.0080> <PB=898.4> 
<DWph=2> <it= 19> <et=2.44> <Mt= 0.01> <Spt= 0.03> <nCl=  9> <DB=  891.5364> <Mlp=  891.5364> <PB=898.4> 
<DWph=1> <it= 20> <et=2.44> <Mt= 0.01> <Spt= 0.00> <nCl=  4> <DB=  838.9694> <Mlp=  891.5364> <PB=898.4> 
<DWph=1> <it= 30> <et=2.48> <Mt= 0.01> <Spt= 0.02> <nCl= 16> <DB=  885.6607> <Mlp=  891.0421> <PB=898.4> 
<DWph=1> <it= 35> <et=2.50> <Mt= 0.00> <Spt= 0.02> <nCl=  4> <DB=  890.9457> <Mlp=  890.9457> <PB=898.4> 
<DWph=0> <it= 38> <et=2.54> <Mt= 0.01> <Spt= 0.04> <nCl=126> <DB=  890.1643> <Mlp=  890.1643> <PB=898.4> 
Reduced cost fixing for graph G_1... took 0.01 sec., 8391 buck. arcs remain (80.9% from prev., 12.7% from max.)
ColGenEvalAlg final dual bound: 890.164 (rounded: 890.164)
Gap improvement since the last cut separation : 0.374683 (885.23)
----- Add fac. cuts : R1C(236), max.viol = 0.428571, aver.viol = 0.248487, sep/add took 0.15/0.04 sec. -----
1003 columns (1003 active), 417 dyn. constrs. (262 active), 676 art. vars. (378 active)
<DWph=2> <it=  4> <et=2.79> <Mt= 0.01> <Spt= 0.01> <nCl=  3> <DB=  890.6505> <Mlp=  890.6505> <PB=898.4> 
<DWph=1> <it=  8> <et=2.81> <Mt= 0.00> <Spt= 0.01> <nCl=  3> <DB=  890.5994> <Mlp=  890.5994> <PB=898.4> 
<DWph=0> <it= 10> <et=2.83> <Mt= 0.00> <Spt= 0.02> <nCl=  4> <DB=  890.5593> <Mlp=  890.5593> <PB=898.4> 
ColGenEvalAlg final dual bound: 890.559 (rounded: 890.559)
Gap improvement since the last cut separation : 0.0479668 (890.164)
----- Add fac. cuts : R1C(302), max.viol = 0.34715, aver.viol = 0.13571, sep/add took 0.24/0.07 sec. -----
1041 columns (1041 active), 564 dyn. constrs. (335 active), 978 art. vars. (451 active)
<DWph=2> <it= 10> <et=3.22> <Mt= 0.04> <Spt= 0.03> <nCl= 15> <DB=  872.6055> <Mlp=  891.9226> <PB=898.4> 
<DWph=2> <it= 16> <et=3.26> <Mt= 0.01> <Spt= 0.02> <nCl=  5> <DB=  891.8845> <Mlp=  891.8845> <PB=898.4> 
<DWph=1> <it= 20> <et=3.28> <Mt= 0.01> <Spt= 0.01> <nCl=  8> <DB=  885.7339> <Mlp=  891.8078> <PB=898.4> 
<DWph=1> <it= 27> <et=3.33> <Mt= 0.02> <Spt= 0.03> <nCl=  6> <DB=  891.7995> <Mlp=  891.7995> <PB=898.4> 
<DWph=0> <it= 30> <et=3.39> <Mt= 0.01> <Spt= 0.04> <nCl= 77> <DB=  890.8034> <Mlp=  891.7123> <PB=898.4> 
<DWph=0> <it= 33> <et=3.44> <Mt= 0.01> <Spt= 0.04> <nCl=  6> <DB=  891.7115> <Mlp=  891.7115> <PB=898.4> 
Reduced cost fixing for graph G_1... took 0.01 sec., 7503 buck. arcs remain (89.4% from prev., 11.3% from max.)
ColGenEvalAlg final dual bound: 891.711 (rounded: 891.711)
Gap improvement since the last cut separation : 0.146948 (890.559)
----- Add fac. cuts : R1C(350), max.viol = 0.326296, aver.viol = 0.0806682, sep/add took 0.32/0.09 sec. -----
1223 columns (1223 active), 685 dyn. constrs. (404 active), 1328 art. vars. (520 active)
<DWph=2> <it= 10> <et=3.99> <Mt= 0.05> <Spt= 0.04> <nCl= 15> <DB=  892.9908> <Mlp=  892.9908> <PB=898.4> 
<DWph=1> <it= 20> <et=4.06> <Mt= 0.03> <Spt= 0.03> <nCl= 12> <DB=  892.8869> <Mlp=  892.8869> <PB=898.4> 
<DWph=0> <it= 25> <et=4.15> <Mt= 0.01> <Spt= 0.07> <nCl= 72> <DB=  892.6509> <Mlp=  892.6509> <PB=898.4> 
Reduced cost fixing for graph G_1... took 0.01 sec., 6996 buck. arcs remain (93.2% from prev., 10.6% from max.)
ColGenEvalAlg final dual bound: 892.651 (rounded: 892.651)
Gap improvement since the last cut separation : 0.140453 (891.711)
----- Add fac. cuts : R1C(261), max.viol = 0.384615, aver.viol = 0.110704, sep/add took 0.27/0.08 sec. -----
1361 columns (1361 active), 665 dyn. constrs. (320 active), 1589 art. vars. (436 active)
<DWph=2> <it=  2> <et=4.58> <Mt= 0.03> <Spt= 0.01> <nCl=  1> <DB=  893.4761> <Mlp=  893.4761> <PB=898.4> 
<DWph=1> <it=  6> <et=4.60> <Mt= 0.00> <Spt= 0.02> <nCl=  3> <DB=  893.4761> <Mlp=  893.4761> <PB=898.4> 
<DWph=0> <it=  9> <et=4.65> <Mt= 0.01> <Spt= 0.04> <nCl= 40> <DB=  893.4553> <Mlp=  893.4553> <PB=898.4> 
Reduced cost fixing for graph G_1... took 0.01 sec., 6781 buck. arcs remain (96.9% from prev., 10.3% from max.)
ColGenEvalAlg final dual bound: 893.455 (rounded: 893.455)
Gap improvement since the last cut separation : 0.139924 (892.651)
>>>>> Add min cuts : 1 cut(s) added
----- Add fac. cuts : R1C(316) UserCuts0(1), max.viol = 0.305324, aver.viol = 0.0847652, sep/add took 0.39/0.1 sec. -----
1427 columns (1427 active), 637 dyn. constrs. (382 active), 1907 art. vars. (499 active)
<DWph=2> <it=  1> <et=5.22> <Mt= 0.03> <Spt= 0.00> <nCl=  0> <DB=  893.8844> <Mlp=  893.8844> <PB=898.4> 
<DWph=1> <it=  6> <et=5.25> <Mt= 0.01> <Spt= 0.02> <nCl=  4> <DB=  893.8813> <Mlp=  893.8813> <PB=898.4> 
<DWph=0> <it= 10> <et=5.36> <Mt= 0.03> <Spt= 0.08> <nCl=116> <DB=  893.8158> <Mlp=  893.8158> <PB=898.4> 
ColGenEvalAlg final dual bound: 893.816 (rounded: 893.816)
Gap improvement since the last cut separation : 0.0728901 (893.455)
>>>>> Add min cuts : 1 cut(s) added
----- Add fac. cuts : R1C(264) UserCuts0(1), max.viol = 0.252252, aver.viol = 0.125174, sep/add took 0.3/0.1 sec. -----
1584 columns (1584 active), 647 dyn. constrs. (334 active), 2173 art. vars. (451 active)
<DWph=2> <it=  6> <et=5.87> <Mt= 0.04> <Spt= 0.03> <nCl=  5> <DB=  894.2246> <Mlp=  894.2246> <PB=898.4> 
<DWph=1> <it= 10> <et=5.91> <Mt= 0.02> <Spt= 0.02> <nCl=  4> <DB=  888.2387> <Mlp=  894.2029> <PB=898.4> 
<DWph=1> <it= 13> <et=5.93> <Mt= 0.01> <Spt= 0.01> <nCl=  2> <DB=  894.2006> <Mlp=  894.2006> <PB=898.4> 
<DWph=0> <it= 16> <et=6.01> <Mt= 0.01> <Spt= 0.06> <nCl= 76> <DB=  894.1613> <Mlp=  894.1613> <PB=898.4> 
Reduced cost fixing for graph G_1... took 0.02 sec., 6503 buck. arcs remain (95.9% from prev., 9.84% from max.)
ColGenEvalAlg final dual bound: 894.161 (rounded: 894.161)
Gap improvement since the last cut separation : 0.0753681 (893.816)
----- Add fac. cuts : R1C(228), max.viol = 0.257814, aver.viol = 0.0783208, sep/add took 0.34/0.08 sec. -----
1687 columns (1687 active), 562 dyn. constrs. (307 active), 2401 art. vars. (423 active)
<DWph=2> <it=  4> <et=6.56> <Mt= 0.05> <Spt= 0.02> <nCl=  4> <DB=  894.4030> <Mlp=  894.4030> <PB=898.4> 
<DWph=1> <it=  7> <et=6.58> <Mt= 0.00> <Spt= 0.01> <nCl=  4> <DB=  894.4014> <Mlp=  894.4014> <PB=898.4> 
<DWph=0> <it= 10> <et=6.65> <Mt= 0.02> <Spt= 0.06> <nCl=102> <DB=  892.6167> <Mlp=  894.3214> <PB=898.4> 
<DWph=0> <it= 11> <et=6.68> <Mt= 0.00> <Spt= 0.01> <nCl=  0> <DB=  894.3214> <Mlp=  894.3214> <PB=898.4> 
ColGenEvalAlg final dual bound: 894.321 (rounded: 894.321)
Gap improvement since the last cut separation : 0.0377843 (894.161)
----- Add fac. cuts : R1C(167), max.viol = 0.571429, aver.viol = 0.318221, sep/add took 0.16/0.06 sec. -----
1820 columns (1820 active), 474 dyn. constrs. (242 active), 2568 art. vars. (358 active)
<DWph=2> <it=  1> <et=6.94> <Mt= 0.01> <Spt= 0.01> <nCl=  0> <DB=  894.3958> <Mlp=  894.3958> <PB=898.4> 
<DWph=1> <it=  3> <et=6.96> <Mt= 0.01> <Spt= 0.01> <nCl=  1> <DB=  894.3945> <Mlp=  894.3945> <PB=898.4> 
<DWph=0> <it=  5> <et=6.99> <Mt= 0.00> <Spt= 0.03> <nCl=  2> <DB=  894.3945> <Mlp=  894.3945> <PB=898.4> 
ColGenEvalAlg final dual bound: 894.394 (rounded: 894.394)
Gap improvement since the last cut separation : 0.0179102 (894.321)
----- Add fac. cuts : R1C(303), max.viol = 0.28231, aver.viol = 0.084131, sep/add took 0.42/0.16 sec. -----
1836 columns (1836 active), 545 dyn. constrs. (376 active), 2871 art. vars. (492 active)
<DWph=2> <it=  2> <et=7.67> <Mt= 0.06> <Spt= 0.01> <nCl=  1> <DB=  894.8881> <Mlp=  894.8881> <PB=898.4> 
<DWph=1> <it=  8> <et=7.74> <Mt= 0.03> <Spt= 0.03> <nCl=  7> <DB=  894.8764> <Mlp=  894.8764> <PB=898.4> 
<DWph=0> <it= 10> <et=7.81> <Mt= 0.02> <Spt= 0.06> <nCl=112> <DB=  882.4520> <Mlp=  894.8140> <PB=898.4> 
<DWph=0> <it= 12> <et=7.87> <Mt= 0.01> <Spt= 0.03> <nCl=  8> <DB=  894.8129> <Mlp=  894.8129> <PB=898.4> 
Reduced cost fixing for graph G_1... took 0.02 sec., 6276 buck. arcs remain (96.5% from prev., 9.49% from max.)
ColGenEvalAlg final dual bound: 894.813 (rounded: 894.813)
Gap improvement since the last cut separation : 0.104456 (894.394)
----- Add fac. cuts : R1C(212), max.viol = 0.240603, aver.viol = 0.0564285, sep/add took 0.35/0.11 sec. -----
1979 columns (1979 active), 588 dyn. constrs. (314 active), 3083 art. vars. (430 active)
<DWph=2> <it=  4> <et=8.49> <Mt= 0.07> <Spt= 0.03> <nCl=  4> <DB=  895.2722> <Mlp=  895.2722> <PB=898.4> 
<DWph=1> <it= 10> <et=8.55> <Mt= 0.02> <Spt= 0.02> <nCl=  6> <DB=  894.1286> <Mlp=  895.2671> <PB=898.4> 
<DWph=1> <it= 15> <et=8.60> <Mt= 0.02> <Spt= 0.03> <nCl=  4> <DB=  895.2651> <Mlp=  895.2651> <PB=898.4> 
<DWph=0> <it= 18> <et=8.69> <Mt= 0.03> <Spt= 0.05> <nCl= 77> <DB=  895.2165> <Mlp=  895.2165> <PB=898.4> 
Reduced cost fixing for graph G_1... took 0.02 sec., 5997 buck. arcs remain (95.6% from prev., 9.07% from max.)
ColGenEvalAlg final dual bound: 895.217 (rounded: 895.217)
Gap improvement since the last cut separation : 0.112523 (894.813)
----- Add fac. cuts : R1C(135), max.viol = 0.213531, aver.viol = 0.0894238, sep/add took 0.51/0.09 sec. -----
2095 columns (2095 active), 449 dyn. constrs. (231 active), 3218 art. vars. (347 active)
<DWph=2> <it=  2> <et=9.43> <Mt= 0.06> <Spt= 0.02> <nCl=  1> <DB=  895.6321> <Mlp=  895.6321> <PB=898.4> 
<DWph=1> <it=  7> <et=9.49> <Mt= 0.02> <Spt= 0.02> <nCl=  4> <DB=  895.6224> <Mlp=  895.6224> <PB=898.4> 
<DWph=0> <it= 10> <et=9.58> <Mt= 0.02> <Spt= 0.07> <nCl= 79> <DB=  894.4615> <Mlp=  895.5670> <PB=898.4> 
<DWph=0> <it= 11> <et=9.62> <Mt= 0.01> <Spt= 0.02> <nCl=  0> <DB=  895.5649> <Mlp=  895.5649> <PB=898.4> 
Reduced cost fixing for graph G_1... took 0.03 sec., 5970 buck. arcs remain (99.5% from prev., 9.03% from max.)
ColGenEvalAlg final dual bound: 895.565 (rounded: 895.565)
Gap improvement since the last cut separation : 0.109433 (895.217)
----- Add fac. cuts : R1C(156), max.viol = 0.148845, aver.viol = 0.0400184, sep/add took 0.56/0.08 sec. -----
2196 columns (2196 active), 387 dyn. constrs. (261 active), 3374 art. vars. (377 active)
<DWph=2> <it=  3> <et=10.41> <Mt= 0.05> <Spt= 0.02> <nCl=  2> <DB=  895.9157> <Mlp=  895.9157> <PB=898.4> 
<DWph=1> <it= 10> <et=10.49> <Mt= 0.03> <Spt= 0.03> <nCl=  9> <DB=  894.7151> <Mlp=  895.9080> <PB=898.4> 
<DWph=1> <it= 12> <et=10.51> <Mt= 0.01> <Spt= 0.02> <nCl=  1> <DB=  895.9076> <Mlp=  895.9076> <PB=898.4> 
<DWph=0> <it= 16> <et=10.63> <Mt= 0.02> <Spt= 0.09> <nCl= 66> <DB=  895.8891> <Mlp=  895.8891> <PB=898.4> 
Reduced cost fixing for graph G_1... took 0.03 sec., 5793 buck. arcs remain (97% from prev., 8.76% from max.)
ColGenEvalAlg final dual bound: 895.889 (rounded: 895.889)
Gap improvement since the last cut separation : 0.114345 (895.565)
----- Add fac. cuts : R1C(184), max.viol = 0.140996, aver.viol = 0.0564784, sep/add took 0.54/0.11 sec. -----
2286 columns (2286 active), 445 dyn. constrs. (286 active), 3558 art. vars. (402 active)
<DWph=2> <it=  3> <et=11.44> <Mt= 0.06> <Spt= 0.02> <nCl=  3> <DB=  896.1205> <Mlp=  896.1205> <PB=898.4> 
<DWph=1> <it=  6> <et=11.48> <Mt= 0.01> <Spt= 0.02> <nCl=  4> <DB=  896.1166> <Mlp=  896.1166> <PB=898.4> 
<DWph=0> <it=  9> <et=11.59> <Mt= 0.03> <Spt= 0.07> <nCl= 52> <DB=  896.0681> <Mlp=  896.0681> <PB=898.4> 
ColGenEvalAlg final dual bound: 896.068 (rounded: 896.068)
Gap improvement since the last cut separation : 0.0713187 (895.889)
----- Add fac. cuts : R1C(47), max.viol = 0.210056, aver.viol = 0.0545589, sep/add took 0.45/0.03 sec. -----
2353 columns (2353 active), 333 dyn. constrs. (159 active), 3605 art. vars. (275 active)
<DWph=2> <it=  1> <et=12.15> <Mt= 0.04> <Spt= 0.01> <nCl=  0> <DB=  896.1728> <Mlp=  896.1728> <PB=898.4> 
<DWph=1> <it=  3> <et=12.17> <Mt= 0.01> <Spt= 0.01> <nCl=  1> <DB=  896.1686> <Mlp=  896.1686> <PB=898.4> 
<DWph=0> <it=  5> <et=12.24> <Mt= 0.00> <Spt= 0.06> <nCl= 19> <DB=  896.1680> <Mlp=  896.1680> <PB=898.4> 
Reduced cost fixing for graph G_1... took 0.04 sec., 5643 buck. arcs remain (97.4% from prev., 8.53% from max.)
ColGenEvalAlg final dual bound: 896.168 (rounded: 896.168)
Gap improvement since the last cut separation : 0.0428175 (896.068)
----- Add fac. cuts : R1C(136), max.viol = 0.115228, aver.viol = 0.060455, sep/add took 0.49/0.1 sec. -----
2381 columns (2381 active), 295 dyn. constrs. (255 active), 3741 art. vars. (371 active)
<DWph=2> <it=  4> <et=13.06> <Mt= 0.11> <Spt= 0.02> <nCl=  4> <DB=  896.4052> <Mlp=  896.4052> <PB=898.4> 
<DWph=1> <it=  6> <et=13.08> <Mt= 0.00> <Spt= 0.02> <nCl=  1> <DB=  896.4044> <Mlp=  896.4044> <PB=898.4> 
<DWph=0> <it= 10> <et=13.26> <Mt= 0.05> <Spt= 0.12> <nCl= 76> <DB=  896.3595> <Mlp=  896.3595> <PB=898.4> 
ColGenEvalAlg final dual bound: 896.36 (rounded: 896.36)
Gap improvement since the last cut separation : 0.0858068 (896.168)
----- Add fac. cuts : R1C(85), max.viol = 0.19367, aver.viol = 0.0437403, sep/add took 0.49/0.05 sec. -----
2484 columns (2484 active), 340 dyn. constrs. (211 active), 3826 art. vars. (327 active)
<DWph=2> <it=  1> <et=13.89> <Mt= 0.05> <Spt= 0.00> <nCl=  0> <DB=  896.5279> <Mlp=  896.5279> <PB=898.4> 
<DWph=1> <it=  4> <et=13.93> <Mt= 0.02> <Spt= 0.03> <nCl=  2> <DB=  896.5241> <Mlp=  896.5241> <PB=898.4> 
<DWph=0> <it=  7> <et=14.04> <Mt= 0.02> <Spt= 0.08> <nCl= 35> <DB=  896.5018> <Mlp=  896.5018> <PB=898.4> 
Reduced cost fixing for graph G_1... took 0.05 sec., 5485 buck. arcs remain (97.2% from prev., 8.3% from max.)
ColGenEvalAlg final dual bound: 896.502 (rounded: 896.502)
Gap improvement since the last cut separation : 0.0697245 (896.36)
----- Add fac. cuts : R1C(66), max.viol = 0.17481, aver.viol = 0.0454976, sep/add took 0.41/0.04 sec. -----
2531 columns (2531 active), 277 dyn. constrs. (191 active), 3892 art. vars. (307 active)
<DWph=2> <it=  3> <et=14.67> <Mt= 0.05> <Spt= 0.03> <nCl=  3> <DB=  896.6327> <Mlp=  896.6327> <PB=898.4> 
<DWph=1> <it=  5> <et=14.70> <Mt= 0.01> <Spt= 0.01> <nCl=  2> <DB=  896.6327> <Mlp=  896.6327> <PB=898.4> 
<DWph=0> <it=  7> <et=14.79> <Mt= 0.02> <Spt= 0.07> <nCl= 52> <DB=  896.6153> <Mlp=  896.6153> <PB=898.4> 
ColGenEvalAlg final dual bound: 896.615 (rounded: 896.615)
Gap improvement since the last cut separation : 0.0598167 (896.502)
----- Add fac. cuts : R1C(137), max.viol = 0.148809, aver.viol = 0.0770298, sep/add took 0.45/0.12 sec. -----
2595 columns (2595 active), 328 dyn. constrs. (266 active), 4029 art. vars. (382 active)
<DWph=2> <it=  2> <et=15.49> <Mt= 0.07> <Spt= 0.02> <nCl=  1> <DB=  896.7725> <Mlp=  896.7725> <PB=898.4> 
<DWph=1> <it=  4> <et=15.52> <Mt= 0.01> <Spt= 0.01> <nCl=  1> <DB=  896.7724> <Mlp=  896.7724> <PB=898.4> 
<DWph=0> <it=  7> <et=15.64> <Mt= 0.02> <Spt= 0.10> <nCl= 36> <DB=  896.7691> <Mlp=  896.7691> <PB=898.4> 
Reduced cost fixing for graph G_1... took 0.06 sec., 5362 buck. arcs remain (97.8% from prev., 8.11% from max.)
ColGenEvalAlg final dual bound: 896.769 (rounded: 896.769)
Gap improvement since the last cut separation : 0.0861635 (896.615)
----- Add fac. cuts : R1C(137), max.viol = 0.131836, aver.viol = 0.0560286, sep/add took 0.56/0.11 sec. -----
2646 columns (2646 active), 403 dyn. constrs. (270 active), 4166 art. vars. (386 active)
<DWph=2> <it=  2> <et=16.52> <Mt= 0.10> <Spt= 0.02> <nCl=  2> <DB=  897.0642> <Mlp=  897.0642> <PB=898.4> 
<DWph=1> <it=  4> <et=16.56> <Mt= 0.01> <Spt= 0.01> <nCl=  1> <DB=  897.0608> <Mlp=  897.0608> <PB=898.4> 
<DWph=0> <it=  8> <et=16.78> <Mt= 0.06> <Spt= 0.15> <nCl=124> <DB=  896.9972> <Mlp=  896.9972> <PB=898.4> 
Reduced cost fixing for graph G_1... took 0.06 sec., 5331 buck. arcs remain (99.4% from prev., 8.06% from max.)
ColGenEvalAlg final dual bound: 896.997 (rounded: 896.997)
Gap improvement since the last cut separation : 0.139877 (896.769)
----- Add fac. cuts : R1C(123), max.viol = 0.15264, aver.viol = 0.0342381, sep/add took 0.5/0.09 sec. -----
2780 columns (2780 active), 393 dyn. constrs. (261 active), 4289 art. vars. (377 active)
<DWph=2> <it=  4> <et=17.63> <Mt= 0.10> <Spt= 0.03> <nCl=  7> <DB=  897.0911> <Mlp=  897.0911> <PB=898.4> 
<DWph=1> <it=  6> <et=17.66> <Mt= 0.01> <Spt= 0.02> <nCl=  3> <DB=  897.0904> <Mlp=  897.0904> <PB=898.4> 
<DWph=0> <it=  9> <et=17.81> <Mt= 0.03> <Spt= 0.10> <nCl= 40> <DB=  897.0762> <Mlp=  897.0762> <PB=898.4> 
ColGenEvalAlg final dual bound: 897.076 (rounded: 897.076)
Gap improvement since the last cut separation : 0.0562641 (896.997)
----- Add fac. cuts : R1C(59), max.viol = 0.128945, aver.viol = 0.0657866, sep/add took 0.53/0.05 sec. -----
2837 columns (2837 active), 320 dyn. constrs. (198 active), 4348 art. vars. (314 active)
<DWph=2> <it=  1> <et=18.51> <Mt= 0.06> <Spt= 0.01> <nCl=  0> <DB=  897.1861> <Mlp=  897.1861> <PB=898.4> 
<DWph=1> <it=  2> <et=18.52> <Mt= 0.01> <Spt= 0.01> <nCl=  0> <DB=  897.1861> <Mlp=  897.1861> <PB=898.4> 
<DWph=0> <it=  5> <et=18.69> <Mt= 0.02> <Spt= 0.14> <nCl= 32> <DB=  897.1768> <Mlp=  897.1768> <PB=898.4> 
Reduced cost fixing for graph G_1... took 0.06 sec., 5260 buck. arcs remain (98.7% from prev., 7.96% from max.)
ColGenEvalAlg final dual bound: 897.177 (rounded: 897.177)
Gap improvement since the last cut separation : 0.0760198 (897.076)
----- Add fac. cuts : R1C(72), max.viol = 0.143652, aver.viol = 0.0668466, sep/add took 0.52/0.08 sec. -----
2872 columns (2872 active), 270 dyn. constrs. (215 active), 4420 art. vars. (331 active)
<DWph=2> <it=  1> <et=19.47> <Mt= 0.08> <Spt= 0.01> <nCl=  0> <DB=  897.2809> <Mlp=  897.2809> <PB=898.4> 
<DWph=1> <it=  5> <et=19.56> <Mt= 0.04> <Spt= 0.02> <nCl=  3> <DB=  897.2577> <Mlp=  897.2577> <PB=898.4> 
<DWph=0> <it=  9> <et=19.76> <Mt= 0.04> <Spt= 0.16> <nCl= 48> <DB=  897.2460> <Mlp=  897.2460> <PB=898.4> 
ColGenEvalAlg final dual bound: 897.246 (rounded: 897.246)
Gap improvement since the last cut separation : 0.0565643 (897.177)
----- Add fac. cuts : R1C(8), max.viol = 0.1023, aver.viol = 0.049192, sep/add took 0.58/0 sec. -----
2933 columns (2933 active), 223 dyn. constrs. (162 active), 4428 art. vars. (278 active)
<DWph=2> <it=  1> <et=20.43> <Mt= 0.04> <Spt= 0.01> <nCl=  0> <DB=  897.2772> <Mlp=  897.2772> <PB=898.4> 
<DWph=1> <it=  4> <et=20.49> <Mt= 0.02> <Spt= 0.02> <nCl=  2> <DB=  897.2755> <Mlp=  897.2755> <PB=898.4> 
<DWph=0> <it=  6> <et=20.59> <Mt= 0.01> <Spt= 0.09> <nCl=  2> <DB=  897.2754> <Mlp=  897.2754> <PB=898.4> 
ColGenEvalAlg final dual bound: 897.275 (rounded: 897.275)
Gap improvement since the last cut separation : 0.025455 (897.246)
----- Add fac. cuts : R1C(117), max.viol = 0.108519, aver.viol = 0.0725556, sep/add took 0.63/0.12 sec. -----
2941 columns (2941 active), 279 dyn. constrs. (269 active), 4545 art. vars. (385 active)
<DWph=2> <it=  1> <et=21.46> <Mt= 0.07> <Spt= 0.01> <nCl=  0> <DB=  897.3155> <Mlp=  897.3155> <PB=898.4> 
<DWph=1> <it=  3> <et=21.50> <Mt= 0.01> <Spt= 0.01> <nCl=  1> <DB=  897.3145> <Mlp=  897.3145> <PB=898.4> 
<DWph=0> <it=  5> <et=21.61> <Mt= 0.02> <Spt= 0.09> <nCl= 16> <DB=  897.3117> <Mlp=  897.3117> <PB=898.4> 
Reduced cost fixing for graph G_1... took 0.07 sec., 5241 buck. arcs remain (99.6% from prev., 7.93% from max.)
ColGenEvalAlg final dual bound: 897.312 (rounded: 897.312)
Gap improvement since the last cut separation : 0.0322969 (897.275)
----- Add fac. cuts : R1C(37), max.viol = 0.0961649, aver.viol = 0.0581163, sep/add took 0.64/0.04 sec. -----
2962 columns (2962 active), 306 dyn. constrs. (189 active), 4582 art. vars. (305 active)
<DWph=2> <it=  1> <et=22.50> <Mt= 0.09> <Spt= 0.01> <nCl=  0> <DB=  897.4189> <Mlp=  897.4189> <PB=898.4> 
<DWph=1> <it=  2> <et=22.51> <Mt= 0.01> <Spt= 0.01> <nCl=  0> <DB=  897.4189> <Mlp=  897.4189> <PB=898.4> 
<DWph=0> <it=  5> <et=22.68> <Mt= 0.02> <Spt= 0.13> <nCl= 50> <DB=  897.4021> <Mlp=  897.4021> <PB=898.4> 
ColGenEvalAlg final dual bound: 897.402 (rounded: 897.402)
Gap improvement since the last cut separation : 0.0831162 (897.312)
----- Add fac. cuts : R1C(26), max.viol = 0.0919957, aver.viol = 0.0572591, sep/add took 0.64/0.03 sec. -----
3017 columns (3017 active), 215 dyn. constrs. (180 active), 4608 art. vars. (296 active)
<DWph=2> <it=  2> <et=23.49> <Mt= 0.07> <Spt= 0.02> <nCl=  1> <DB=  897.4747> <Mlp=  897.4747> <PB=898.4> 
<DWph=1> <it=  5> <et=23.54> <Mt= 0.02> <Spt= 0.03> <nCl=  2> <DB=  897.4737> <Mlp=  897.4737> <PB=898.4> 
<DWph=0> <it=  8> <et=23.70> <Mt= 0.02> <Spt= 0.12> <nCl= 30> <DB=  897.4697> <Mlp=  897.4697> <PB=898.4> 
Reduced cost fixing for graph G_1... took 0.08 sec., 5149 buck. arcs remain (98.2% from prev., 7.79% from max.)
ColGenEvalAlg final dual bound: 897.47 (rounded: 897.47)
Gap improvement since the last cut separation : 0.0676918 (897.402)
----- Add fac. cuts : R1C(6), max.viol = 0.0622055, aver.viol = 0.0513151, sep/add took 0.64/0 sec. -----
3054 columns (3054 active), 186 dyn. constrs. (160 active), 4614 art. vars. (276 active)
<DWph=2> <it=  1> <et=24.50> <Mt= 0.03> <Spt= 0.01> <nCl=  0> <DB=  897.4761> <Mlp=  897.4761> <PB=898.4> 
<DWph=1> <it=  2> <et=24.51> <Mt= 0.00> <Spt= 0.01> <nCl=  0> <DB=  897.4761> <Mlp=  897.4761> <PB=898.4> 
<DWph=0> <it=  4> <et=24.61> <Mt= 0.01> <Spt= 0.09> <nCl=  2> <DB=  897.4760> <Mlp=  897.4760> <PB=898.4> 
ColGenEvalAlg final dual bound: 897.476 (rounded: 897.476)
Gap improvement since the last cut separation : 0.00682537 (897.47)
----- Add fac. cuts : R1C(1), max.viol = 0.0208372, aver.viol = 0.0208372, sep/add took 0.63/0 sec. -----
3060 columns (3060 active), 161 dyn. constrs. (156 active), 4615 art. vars. (272 active)
<DWph=2> <it=  1> <et=25.29> <Mt= 0.02> <Spt= 0.01> <nCl=  0> <DB=  897.4778> <Mlp=  897.4778> <PB=898.4> 
<DWph=1> <it=  2> <et=25.30> <Mt= 0.00> <Spt= 0.01> <nCl=  0> <DB=  897.4778> <Mlp=  897.4778> <PB=898.4> 
<DWph=0> <it=  4> <et=25.40> <Mt= 0.01> <Spt= 0.08> <nCl=  4> <DB=  897.4778> <Mlp=  897.4778> <PB=898.4> 
ColGenEvalAlg final dual bound: 897.478 (rounded: 897.478)
Gap improvement since the last cut separation : 0.00187241 (897.476)
----- Add fac. cuts : R1C(4), max.viol = 0.0275089, aver.viol = 0.0233515, sep/add took 0.61/0 sec. -----
3066 columns (3066 active), 160 dyn. constrs. (158 active), 4619 art. vars. (274 active)
<DWph=2> <it=  1> <et=26.07> <Mt= 0.03> <Spt= 0.01> <nCl=  0> <DB=  897.4842> <Mlp=  897.4842> <PB=898.4> 
<DWph=1> <it=  3> <et=26.10> <Mt= 0.00> <Spt= 0.02> <nCl=  1> <DB=  897.4842> <Mlp=  897.4842> <PB=898.4> 
<DWph=0> <it=  5> <et=26.20> <Mt= 0.01> <Spt= 0.08> <nCl=  4> <DB=  897.4842> <Mlp=  897.4842> <PB=898.4> 
ColGenEvalAlg final dual bound: 897.484 (rounded: 897.484)
Gap improvement since the last cut separation : 0.00697323 (897.478)
----- Cut generation is stopped due to tailing off -----
**** Strong branching phase 1 is started *****
SB phase 1 cand.  1 branch on var b_0_4_OmastV (lhs=0.5983)    : [  897.5189,   900.8688], score = 0.03      <et=26.38>
SB phase 1 cand.  2 branch on var b_0_1_OmastV (lhs=4.1776)    : [  897.5006,   899.6927], score = 0.02      <et=26.52>
SB phase 1 cand.  3 branch on var b_0_2_OmastV (lhs=1.1213)    : [  897.6220,   906.3382], score = 0.13      <et=26.77>
SB phase 1 cand.  5 branch on var x_1_14_55_1_OspV (lhs=0.4888): [  897.9943,   898.7762], score = 0.47      <et=27.12>
SB phase 1 cand.  6 branch on var x_1_11_17_1_OspV (lhs=0.5191): [  897.6701,   898.2376], score = 0.14      <et=27.29>
SB phase 1 cand.  8 branch on var x_1_1_41_1_OspV (lhs=0.4231) : [  897.6870,   899.3329], score = 0.19      <et=27.67>
SB phase 1 cand.  9 branch on var x_1_29_34_1_OspV (lhs=0.4231): [  898.3240,   899.9890], score = 0.77      <et=27.93>
SB phase 1 cand. 10 branch on var x_1_29_41_1_OspV (lhs=0.4217): [  898.0342,   899.1584], score = 0.50      <et=28.15>
SB phase 1 cand. 12 branch on var x_1_26_29_1_OspV (lhs=0.5842): [  898.5256,   898.6538], score = 1.22      <et=28.53>
SB phase 1 cand. 20 branch on var x_1_34_41_1_OspV (lhs=0.3489): [  898.0648,   899.2321], score = 0.53      <et=30.09>
**** Strong branching phase 2 is started *****
<DWph=1> <it=  7> <et=45.12> <Mt= 0.05> <Spt= 0.05> <nCl=  7> <DB=  898.5388> <Mlp=  898.5388> <PB=898.4> 
<DWph=1> <it=  7> <et=45.27> <Mt= 0.04> <Spt= 0.05> <nCl=  8> <DB=  898.4887> <Mlp=  898.4887> <PB=898.4> 
SB phase 2 cand.  1 branch on var x_1_26_29_1_OspV (lhs=0.5842): [  898.4887,   898.5388], score = 1.06      <et=45.27>
<DWph=1> <it=  9> <et=45.47> <Mt= 0.09> <Spt= 0.07> <nCl= 14> <DB=  899.0749> <Mlp=  899.0749> <PB=898.4> 
<DWph=1> <it=  7> <et=45.61> <Mt= 0.05> <Spt= 0.06> <nCl=  6> <DB=  898.2767> <Mlp=  898.2767> <PB=898.4> 
SB phase 2 cand.  2 branch on var x_1_29_34_1_OspV (lhs=0.4231): [  898.2767,   899.0749], score = 0.73      <et=45.61>
<DWph=1> <it=  6> <et=45.72> <Mt= 0.04> <Spt= 0.04> <nCl=  9> <DB=  899.1496> <Mlp=  899.1496> <PB=898.4> 
<DWph=1> <it=  9> <et=45.89> <Mt= 0.06> <Spt= 0.06> <nCl= 14> <DB=  898.0422> <Mlp=  898.0422> <PB=898.4> 
SB phase 2 cand.  3 branch on var x_1_34_41_1_OspV (lhs=0.3489): [  898.0422,   899.1496], score = 0.51      <et=45.89>
<DWph=1> <it= 16> <et=46.19> <Mt= 0.13> <Spt= 0.09> <nCl= 31> <DB=  899.2540> <Mlp=  899.2540> <PB=898.4> 
<DWph=1> <it=  4> <et=46.26> <Mt= 0.03> <Spt= 0.03> <nCl=  3> <DB=  898.0320> <Mlp=  898.0320> <PB=898.4> 
SB phase 2 cand.  4 branch on var x_1_28_42_1_OspV (lhs=0.3025): [  898.0320,   899.2540], score = 0.50      <et=46.26>
<DWph=1> <it= 11> <et=46.47> <Mt= 0.08> <Spt= 0.06> <nCl=  9> <DB=  898.9785> <Mlp=  898.9785> <PB=898.4> 
<DWph=1> <it=  5> <et=46.56> <Mt= 0.03> <Spt= 0.04> <nCl=  4> <DB=  898.0225> <Mlp=  898.0225> <PB=898.4> 
SB phase 2 cand.  5 branch on var x_1_29_41_1_OspV (lhs=0.4217): [  898.0225,   898.9785], score = 0.49      <et=46.56>
**** Strong branching phase 3 is started *****
**** SB phase 3 evaluation of candidate 1, branch 1 ( x_1_26_29_1_OspV <= 0 ), value = 898.539
<DWph=2> <it=  1> <et=46.58> <Mt= 0.01> <Spt= 0.00> <nCl=  0> <DB=  898.5388> <Mlp=  898.5388> <PB=898.4> 
<DWph=1> <it=  2> <et=46.59> <Mt= 0.00> <Spt= 0.01> <nCl=  0> <DB=  898.5388> <Mlp=  898.5388> <PB=898.4> 
<DWph=0> <it=  5> <et=46.71> <Mt= 0.02> <Spt= 0.09> <nCl= 72> <DB=  898.5158> <Mlp=  898.5158> <PB=898.4> 
ColGenEvalAlg final dual bound: 898.516 (rounded: 898.516)
**** SB phase 3 evaluation of candidate 1, branch 2 ( x_1_26_29_1_OspV >= 1 ), value = 898.489
<DWph=2> <it=  1> <et=46.73> <Mt= 0.01> <Spt= 0.00> <nCl=  0> <DB=  898.4887> <Mlp=  898.4887> <PB=898.4> 
<DWph=1> <it=  2> <et=46.75> <Mt= 0.00> <Spt= 0.01> <nCl=  0> <DB=  898.4887> <Mlp=  898.4887> <PB=898.4> 
<DWph=0> <it= 10> <et=47.27> <Mt= 0.28> <Spt= 0.21> <nCl=139> <DB=  897.3338> <Mlp=  897.7500> <PB=898.4> 
<DWph=0> <it= 13> <et=47.42> <Mt= 0.02> <Spt= 0.11> <nCl=  6> <DB=  897.7500> <Mlp=  897.7500> <PB=898.4> 
Reduced cost fixing for graph G_1... took 0.05 sec., 4812 buck. arcs remain (93.5% from prev., 7.28% from max.)
ColGenEvalAlg final dual bound: 897.75 (rounded: 897.75)
>>>>> Add min cuts : 2 cut(s) added
----- Add fac. cuts : UserCuts0(2), max.viol = 1, aver.viol = 1, sep/add took 0.13/0 sec. -----
3328 columns (3245 active), 160 dyn. constrs. (123 active), 278 art. vars. (241 active)
<DWph=2> <it=  2> <et=47.72> <Mt= 0.07> <Spt= 0.02> <nCl=  1> <DB=  897.8949> <Mlp=  897.8949> <PB=898.4> 
<DWph=1> <it=  4> <et=47.74> <Mt= 0.01> <Spt= 0.01> <nCl=  1> <DB=  897.8949> <Mlp=  897.8949> <PB=898.4> 
<DWph=0> <it=  7> <et=47.82> <Mt= 0.01> <Spt= 0.06> <nCl= 12> <DB=  897.8920> <Mlp=  897.8920> <PB=898.4> 
Reduced cost fixing for graph G_1... took 0.02 sec., 4406 buck. arcs remain (91.6% from prev., 6.66% from max.)
ColGenEvalAlg final dual bound: 897.892 (rounded: 897.892)
Gap improvement since the last cut separation : 0.218481 (897.75)
>>>>> Add min cuts : 9 cut(s) added
----- Add fac. cuts : R1C(9) UserCuts0(9), max.viol = 0.820605, aver.viol = 0.151309, sep/add took 0.44/0.01 sec. -----
3348 columns (3265 active), 178 dyn. constrs. (117 active), 305 art. vars. (244 active)
<DWph=2> <it=  1> <et=48.36> <Mt= 0.03> <Spt= 0.00> <nCl=  0> <DB=  898.3000> <Mlp=  898.3000> <PB=898.3> 
<DWph=1> <it=  2> <et=48.37> <Mt= 0.01> <Spt= 0.01> <nCl=  0> <DB=  898.3000> <Mlp=  898.3000> <PB=898.3> 
<DWph=0> <it=  5> <et=48.43> <Mt= 0.01> <Spt= 0.04> <nCl=  8> <DB=  898.3000> <Mlp=  898.3000> <PB=898.3> 
ColGenEvalAlg final dual bound: 898.3 (rounded: 898.3)
Gap improvement since the last cut separation : 1 (897.892)
 SB phase 3 candidate 1 is conquered !
New model incumbent solution 898.3, TIME = 0h0m48s44t = 4844
************************************************************************************************
Search is finished, global bounds : [ 898.3 , 898.3 ], TIME = 0h0m48s44t = 4844
************************************************************************************************
[32mBaPCod : solution defined.[00m
statistics_cols: instance & :Optimal & cutoff & :bcRecRootDb & :bcTimeRootEval & :bcCountNodeProc & :bcRecBestDb & :bcRecBestInc & :bcTimeMain \\
statistics: h05_c50_l200_06 & 1 & 898.4 & 897.48 & 26.21 & 3 & 898.30 & 898.30 & 48.44 \\
 
########################################################
Route #1: 0 24 29 45 49 52 50 1 8 1 17 51 23 36 47 19 11 31 12 4 15 27 41 5 18 48 46 0 26 6 43 3 38 32 10 53 35 16 42 21 7 2 44 20 39 37 9 0 14 33 40 28 25 22 34 54 13 30 0 
Cost 898.3
########################################################
