Application parameters:
  batch  =>  nothing
  tikz  =>  "/TIKZ/100-45-3-4.tex"
  instance  =>  "/IN/100-45-3-4.ophs"
  out  =>  "/OUT/100-45-3-4.sol"
  nosolve  =>  false
  ub  =>  -367
  complete  =>  false
  cfg  =>  "/BWTSP/src/../config/OPHS.cfg"
VRPSolver warning: Interval set for resource 1 on source node (when source != sink) is ignored (by definition is [0.0,0.0])
VRPSolver warning: Interval set for resource 1 on source node (when source != sink) is ignored (by definition is [0.0,0.0])
VRPSolver warning: Interval set for resource 1 on source node (when source != sink) is ignored (by definition is [0.0,0.0])
VRPSolver warning: Interval set for resource 1 on source node (when source != sink) is ignored (by definition is [0.0,0.0])
[41m solve [00m
~~~~~~~~~~~~~~~~~~~~~~~~~~~~~~~~~~~~~~~~~~~~~~~~~~~~~~~~~~~~~~~~~~~~~~~~~~~~~~
VRPSolver v0.4.1, 24/03/2021. Web: vrpsolver.math.u-bordeaux.fr
Corresponds to the solver by Pessoa, Sadykov, Uchoa and Vanderbeck (2020)
Paper: dx.doi.org/10.1007/s10107-020-01523-z
USE THIS CODE ONLY FOR ACADEMIC PURPOSES AT YOUR OWN RISK
~~~~~~~~~~~~~~~~~~~~~~~~~~~~~~~~~~~~~~~~~~~~~~~~~~~~~~~~~~~~~~~~~~~~~~~~~~~~~~
BaPCod v053, 24/03/2021, © Inria Bordeaux, France
~~~~~~~~~~~~~~~~~~~~~~~~~~~~~~~~~~~~~~~~~~~~~~~~~~~~~~~~~~~~~~~~~~~~~~~~~~~~~~
VRPSolver parameters:
GlobalTimeLimit = 18000
MaxNbOfBBtreeNodeTreated = 100000
treeSearchStrategy = 1
RCSPstopCutGenTimeThresholdInPricing = 10
RCSPhardTimeThresholdInPricing = 25
RCSPnumberOfBucketsPerVertex = 25
RCSPdynamicBucketSteps = 1
RCSPuseBidirectionalSearch = 2
RCSPapplyReducedCostFixing = 1
RCSPredCostFixingFalseGap = 0
RCSPmaxNumOfColsPerIteration = 30
RCSPmaxNumOfColsPerExactIteration = 150
RCSPheurLabelingStrategy = 0
StabilizationMinPhaseOfStage = 0
RCSPmaxNumOfLabelsInEnumeration = 500000
RCSPmaxNumOfEnumeratedSolutions = 5000000
RCSPmaxNumOfEnumSolutionsForMIP = 10000
RCSPinitNGneighbourhoodSize = 8
RCSPmaxNGneighbourhoodSize = 8
RCSPrankOneCutsMaxNumPerRound = 100
RCSPrankOneCutsMaxNumRows = 5
RCSPrankOneCutsMemoryType = 0
CutTailingOffThreshold = 0.015
CutTailingOffCounterThreshold = 3
SafeDualBoundScaleFactor = -1
StrongBranchingPhaseOneCandidatesNumber = 100
StrongBranchingPhaseOneTreeSizeEstimRatio = 0.2
StrongBranchingPhaseTwoCandidatesNumber = 3
StrongBranchingPhaseTwoTreeSizeEstimRatio = 0.02
MaxTimeForRestrictedMasterIpHeur = -1
DivingHeurUseDepthLimit = 0
MaxLDSbreadth = 1
MaxLDSdepth = 10000
New model incumbent solution -366, TIME = 0h0m0s2t = 2
Model is built TIME = 0h0m1s15t = 115
************************************************************************************************
**** BaB tree root node
**** Local DB = -1e+12, global bounds : [ -1e+12 , -366 ], TIME = 0h0m1s15t = 115
**** 1 open nodes, 0 columns (0 active), 0 dyn. constrs. (0 active), 435 art. vars. (435 active)
************************************************************************************************
--------------------------------------------------------------------------
BaPCod info : first we run the root node with rank-1 cuts with node memory
--------------------------------------------------------------------------
<DWph=2> <it= 10> <et=1.32> <Mt= 0.00> <Spt= 0.13> <nCl=107> <DB= -726.5250> <Mlp= -359.0000> <PB=-365.99999> 
<DWph=2> <it= 15> <et=1.40> <Mt= 0.00> <Spt= 0.08> <nCl= 18> <DB= -367.0000> <Mlp= -367.0000> <PB=-367> 
<DWph=1> <it= 17> <et=1.43> <Mt= 0.00> <Spt= 0.03> <nCl=  1> <DB= -367.0000> <Mlp= -367.0000> <PB=-367> 
<DWph=0> <it= 18> <et=1.46> <Mt= 0.00> <Spt= 0.02> <nCl=  0> <DB= -367.0000> <Mlp= -367.0000> <PB=-367> 
ColGenEvalAlg final dual bound: -367 (rounded: -367)
New model incumbent solution -367, TIME = 0h0m1s48t = 148
************************************************************************************************
Search is finished, global bounds : [ -367 , -367 ], TIME = 0h0m1s48t = 148
************************************************************************************************
[32mBaPCod : solution defined.[00m
statistics_cols: instance & :Optimal & cutoff & :bcRecRootDb & :bcTimeRootEval & :bcCountNodeProc & :bcRecBestDb & :bcRecBestInc & :bcTimeMain \\
statistics: 100-45-3-4 & 1 & -365.99999 & -367.00 & 1.48 & 1 & -367.00 & -367 & 1.48 \\
########################################################
trip 1 : 1 101 55 8 52 28 12 3 
trip 2 : 3 19 72 15 74 85 27 4 
trip 3 : 4 93 22 44 67 5 
trip 4 : 5 50 79 83 29 2 
tour : 1 101 55 8 52 28 12 3 19 72 15 74 85 27 4 93 22 44 67 5 50 79 83 29 2
Cost 367.0
########################################################
