Application parameters:
  batch  =>  nothing
  tikz  =>  "/TIKZ/64-45-3-4.tex"
  instance  =>  "/IN/64-45-3-4.ophs"
  out  =>  "/OUT/64-45-3-4.sol"
  nosolve  =>  false
  ub  =>  -816
  complete  =>  false
  cfg  =>  "/BWTSP/src/../config/OPHS.cfg"
VRPSolver warning: Interval set for resource 1 on source node (when source != sink) is ignored (by definition is [0.0,0.0])
VRPSolver warning: Interval set for resource 1 on source node (when source != sink) is ignored (by definition is [0.0,0.0])
VRPSolver warning: Interval set for resource 1 on source node (when source != sink) is ignored (by definition is [0.0,0.0])
VRPSolver warning: Interval set for resource 1 on source node (when source != sink) is ignored (by definition is [0.0,0.0])
[41m solve [00m
~~~~~~~~~~~~~~~~~~~~~~~~~~~~~~~~~~~~~~~~~~~~~~~~~~~~~~~~~~~~~~~~~~~~~~~~~~~~~~
VRPSolver v0.4.1, 24/03/2021. Web: vrpsolver.math.u-bordeaux.fr
Corresponds to the solver by Pessoa, Sadykov, Uchoa and Vanderbeck (2020)
Paper: dx.doi.org/10.1007/s10107-020-01523-z
USE THIS CODE ONLY FOR ACADEMIC PURPOSES AT YOUR OWN RISK
~~~~~~~~~~~~~~~~~~~~~~~~~~~~~~~~~~~~~~~~~~~~~~~~~~~~~~~~~~~~~~~~~~~~~~~~~~~~~~
BaPCod v053, 24/03/2021, © Inria Bordeaux, France
~~~~~~~~~~~~~~~~~~~~~~~~~~~~~~~~~~~~~~~~~~~~~~~~~~~~~~~~~~~~~~~~~~~~~~~~~~~~~~
VRPSolver parameters:
GlobalTimeLimit = 18000
MaxNbOfBBtreeNodeTreated = 100000
treeSearchStrategy = 1
RCSPstopCutGenTimeThresholdInPricing = 10
RCSPhardTimeThresholdInPricing = 25
RCSPnumberOfBucketsPerVertex = 25
RCSPdynamicBucketSteps = 1
RCSPuseBidirectionalSearch = 2
RCSPapplyReducedCostFixing = 1
RCSPredCostFixingFalseGap = 0
RCSPmaxNumOfColsPerIteration = 30
RCSPmaxNumOfColsPerExactIteration = 150
RCSPheurLabelingStrategy = 0
StabilizationMinPhaseOfStage = 0
RCSPmaxNumOfLabelsInEnumeration = 500000
RCSPmaxNumOfEnumeratedSolutions = 5000000
RCSPmaxNumOfEnumSolutionsForMIP = 10000
RCSPinitNGneighbourhoodSize = 8
RCSPmaxNGneighbourhoodSize = 8
RCSPrankOneCutsMaxNumPerRound = 100
RCSPrankOneCutsMaxNumRows = 5
RCSPrankOneCutsMemoryType = 0
CutTailingOffThreshold = 0.015
CutTailingOffCounterThreshold = 3
SafeDualBoundScaleFactor = -1
StrongBranchingPhaseOneCandidatesNumber = 100
StrongBranchingPhaseOneTreeSizeEstimRatio = 0.2
StrongBranchingPhaseTwoCandidatesNumber = 3
StrongBranchingPhaseTwoTreeSizeEstimRatio = 0.02
MaxTimeForRestrictedMasterIpHeur = -1
DivingHeurUseDepthLimit = 0
MaxLDSbreadth = 1
MaxLDSdepth = 10000
New model incumbent solution -815, TIME = 0h0m0s2t = 2
Model is built TIME = 0h0m0s94t = 94
************************************************************************************************
**** BaB tree root node
**** Local DB = -1e+12, global bounds : [ -1e+12 , -815 ], TIME = 0h0m0s94t = 94
**** 1 open nodes, 0 columns (0 active), 0 dyn. constrs. (0 active), 291 art. vars. (291 active)
************************************************************************************************
--------------------------------------------------------------------------
BaPCod info : first we run the root node with rank-1 cuts with node memory
--------------------------------------------------------------------------
<DWph=2> <it= 10> <et=1.05> <Mt= 0.00> <Spt= 0.09> <nCl=137> <DB= -877.4350> <Mlp= -796.8000> <PB=-814.99999> 
<DWph=2> <it= 13> <et=1.09> <Mt= 0.00> <Spt= 0.04> <nCl=  5> <DB= -816.0000> <Mlp= -816.0000> <PB=-816> 
<DWph=1> <it= 14> <et=1.10> <Mt= 0.00> <Spt= 0.01> <nCl=  0> <DB= -816.0000> <Mlp= -816.0000> <PB=-816> 
<DWph=0> <it= 16> <et=1.15> <Mt= 0.00> <Spt= 0.05> <nCl=  2> <DB= -816.0000> <Mlp= -816.0000> <PB=-816> 
ColGenEvalAlg final dual bound: -816 (rounded: -816)
New model incumbent solution -816, TIME = 0h0m1s17t = 117
************************************************************************************************
Search is finished, global bounds : [ -816 , -816 ], TIME = 0h0m1s17t = 117
************************************************************************************************
[32mBaPCod : solution defined.[00m
statistics_cols: instance & :Optimal & cutoff & :bcRecRootDb & :bcTimeRootEval & :bcCountNodeProc & :bcRecBestDb & :bcRecBestInc & :bcTimeMain \\
statistics: 64-45-3-4 & 1 & -814.99999 & -816.00 & 1.17 & 1 & -816.00 & -816 & 1.17 \\
########################################################
trip 1 : 1 6 8 11 15 20 27 34 3 
trip 2 : 3 26 33 41 48 42 35 28 36 37 4 
trip 3 : 4 30 38 46 39 31 25 32 40 5 
trip 4 : 5 47 53 58 62 65 67 2 
tour : 1 6 8 11 15 20 27 34 3 26 33 41 48 42 35 28 36 37 4 30 38 46 39 31 25 32 40 5 47 53 58 62 65 67 2
Cost 816.0
########################################################
