Application parameters:
  batch  =>  nothing
  tikz  =>  "/TIKZ/64-55-3-4.tex"
  instance  =>  "/IN/64-55-3-4.ophs"
  out  =>  "/OUT/64-55-3-4.sol"
  nosolve  =>  false
  ub  =>  -984
  complete  =>  false
  cfg  =>  "/BWTSP/src/../config/OPHS.cfg"
VRPSolver warning: Interval set for resource 1 on source node (when source != sink) is ignored (by definition is [0.0,0.0])
VRPSolver warning: Interval set for resource 1 on source node (when source != sink) is ignored (by definition is [0.0,0.0])
VRPSolver warning: Interval set for resource 1 on source node (when source != sink) is ignored (by definition is [0.0,0.0])
VRPSolver warning: Interval set for resource 1 on source node (when source != sink) is ignored (by definition is [0.0,0.0])
[41m solve [00m
~~~~~~~~~~~~~~~~~~~~~~~~~~~~~~~~~~~~~~~~~~~~~~~~~~~~~~~~~~~~~~~~~~~~~~~~~~~~~~
VRPSolver v0.4.1, 24/03/2021. Web: vrpsolver.math.u-bordeaux.fr
Corresponds to the solver by Pessoa, Sadykov, Uchoa and Vanderbeck (2020)
Paper: dx.doi.org/10.1007/s10107-020-01523-z
USE THIS CODE ONLY FOR ACADEMIC PURPOSES AT YOUR OWN RISK
~~~~~~~~~~~~~~~~~~~~~~~~~~~~~~~~~~~~~~~~~~~~~~~~~~~~~~~~~~~~~~~~~~~~~~~~~~~~~~
BaPCod v053, 24/03/2021, © Inria Bordeaux, France
~~~~~~~~~~~~~~~~~~~~~~~~~~~~~~~~~~~~~~~~~~~~~~~~~~~~~~~~~~~~~~~~~~~~~~~~~~~~~~
VRPSolver parameters:
GlobalTimeLimit = 18000
MaxNbOfBBtreeNodeTreated = 100000
treeSearchStrategy = 1
RCSPstopCutGenTimeThresholdInPricing = 10
RCSPhardTimeThresholdInPricing = 25
RCSPnumberOfBucketsPerVertex = 25
RCSPdynamicBucketSteps = 1
RCSPuseBidirectionalSearch = 2
RCSPapplyReducedCostFixing = 1
RCSPredCostFixingFalseGap = 0
RCSPmaxNumOfColsPerIteration = 30
RCSPmaxNumOfColsPerExactIteration = 150
RCSPheurLabelingStrategy = 0
StabilizationMinPhaseOfStage = 0
RCSPmaxNumOfLabelsInEnumeration = 500000
RCSPmaxNumOfEnumeratedSolutions = 5000000
RCSPmaxNumOfEnumSolutionsForMIP = 10000
RCSPinitNGneighbourhoodSize = 8
RCSPmaxNGneighbourhoodSize = 8
RCSPrankOneCutsMaxNumPerRound = 100
RCSPrankOneCutsMaxNumRows = 5
RCSPrankOneCutsMemoryType = 0
CutTailingOffThreshold = 0.015
CutTailingOffCounterThreshold = 3
SafeDualBoundScaleFactor = -1
StrongBranchingPhaseOneCandidatesNumber = 100
StrongBranchingPhaseOneTreeSizeEstimRatio = 0.2
StrongBranchingPhaseTwoCandidatesNumber = 3
StrongBranchingPhaseTwoTreeSizeEstimRatio = 0.02
MaxTimeForRestrictedMasterIpHeur = -1
DivingHeurUseDepthLimit = 0
MaxLDSbreadth = 1
MaxLDSdepth = 10000
New model incumbent solution -983, TIME = 0h0m0s2t = 2
Model is built TIME = 0h0m1s3t = 103
************************************************************************************************
**** BaB tree root node
**** Local DB = -1e+12, global bounds : [ -1e+12 , -983 ], TIME = 0h0m1s3t = 103
**** 1 open nodes, 0 columns (0 active), 0 dyn. constrs. (0 active), 291 art. vars. (291 active)
************************************************************************************************
--------------------------------------------------------------------------
BaPCod info : first we run the root node with rank-1 cuts with node memory
--------------------------------------------------------------------------
<DWph=2> <it= 10> <et=1.17> <Mt= 0.00> <Spt= 0.12> <nCl=155> <DB=-1076.5209> <Mlp= -935.6931> <PB=-982.99999> 
<DWph=2> <it= 20> <et=1.31> <Mt= 0.01> <Spt= 0.13> <nCl= 87> <DB= -988.0036> <Mlp= -984.0000> <PB=-982.99999> 
<DWph=2> <it= 26> <et=1.45> <Mt= 0.00> <Spt= 0.13> <nCl=  8> <DB= -984.0000> <Mlp= -984.0000> <PB=-982.99999> 
<DWph=1> <it= 27> <et=1.49> <Mt= 0.00> <Spt= 0.05> <nCl=  0> <DB= -984.0000> <Mlp= -984.0000> <PB=-982.99999> 
<DWph=0> <it= 28> <et=1.56> <Mt= 0.00> <Spt= 0.07> <nCl=  0> <DB= -984.0000> <Mlp= -984.0000> <PB=-982.99999> 
Reduced cost fixing for graph G_4... took 0 sec., 1104 buck. arcs remain (3.23% from prev., 0.68% from max.)
Run enumeration... took 0.01 sec. and succeeded! Pricing will be done by inspection.
Reduced cost fixing for graph G_3... took 0.01 sec., 1357 buck. arcs remain (3.03% from prev., 0.796% from max.)
Run enumeration... took 0.01 sec. and succeeded! Pricing will be done by inspection.
Reduced cost fixing for graph G_2... took 0.01 sec., 1819 buck. arcs remain (3.89% from prev., 1.07% from max.)
Run enumeration... took 0.01 sec. and succeeded! Pricing will be done by inspection.
Reduced cost fixing for graph G_1... took 0.01 sec., 1575 buck. arcs remain (3.51% from prev., 0.924% from max.)
Run enumeration... took 0.01 sec. and succeeded! Pricing will be done by inspection.
ColGenEvalAlg final dual bound: -984 (rounded: -984)
----- Terminating the node by MIP -----
MIP found solution with value -984
New model incumbent solution -984, TIME = 0h0m1s76t = 176
************************************************************************************************
Search is finished, global bounds : [ -984 , -984 ], TIME = 0h0m1s76t = 176
************************************************************************************************
[32mBaPCod : solution defined.[00m
statistics_cols: instance & :Optimal & cutoff & :bcRecRootDb & :bcTimeRootEval & :bcCountNodeProc & :bcRecBestDb & :bcRecBestInc & :bcTimeMain \\
statistics: 64-55-3-4 & 1 & -982.99999 & -984.00 & 1.76 & 1 & -984.00 & -984 & 1.76 \\
########################################################
trip 1 : 1 6 8 11 15 20 26 33 41 48 54 3 
trip 2 : 3 49 43 35 42 34 27 21 28 36 37 4 
trip 3 : 4 30 38 46 39 31 24 19 25 32 40 5 
trip 4 : 5 47 53 58 52 57 61 64 2 
tour : 1 6 8 11 15 20 26 33 41 48 54 3 49 43 35 42 34 27 21 28 36 37 4 30 38 46 39 31 24 19 25 32 40 5 47 53 58 52 57 61 64 2
Cost 984.0
########################################################
