Application parameters:
  batch  =>  nothing
  tikz  =>  "/TIKZ/64-75-3-4.tex"
  instance  =>  "/IN/64-75-3-4.ophs"
  out  =>  "/OUT/64-75-3-4.sol"
  nosolve  =>  false
  ub  =>  -1236
  complete  =>  false
  cfg  =>  "/BWTSP/src/../config/OPHS.cfg"
VRPSolver warning: Interval set for resource 1 on source node (when source != sink) is ignored (by definition is [0.0,0.0])
VRPSolver warning: Interval set for resource 1 on source node (when source != sink) is ignored (by definition is [0.0,0.0])
VRPSolver warning: Interval set for resource 1 on source node (when source != sink) is ignored (by definition is [0.0,0.0])
VRPSolver warning: Interval set for resource 1 on source node (when source != sink) is ignored (by definition is [0.0,0.0])
[41m solve [00m
~~~~~~~~~~~~~~~~~~~~~~~~~~~~~~~~~~~~~~~~~~~~~~~~~~~~~~~~~~~~~~~~~~~~~~~~~~~~~~
VRPSolver v0.4.1, 24/03/2021. Web: vrpsolver.math.u-bordeaux.fr
Corresponds to the solver by Pessoa, Sadykov, Uchoa and Vanderbeck (2020)
Paper: dx.doi.org/10.1007/s10107-020-01523-z
USE THIS CODE ONLY FOR ACADEMIC PURPOSES AT YOUR OWN RISK
~~~~~~~~~~~~~~~~~~~~~~~~~~~~~~~~~~~~~~~~~~~~~~~~~~~~~~~~~~~~~~~~~~~~~~~~~~~~~~
BaPCod v053, 24/03/2021, © Inria Bordeaux, France
~~~~~~~~~~~~~~~~~~~~~~~~~~~~~~~~~~~~~~~~~~~~~~~~~~~~~~~~~~~~~~~~~~~~~~~~~~~~~~
VRPSolver parameters:
GlobalTimeLimit = 18000
MaxNbOfBBtreeNodeTreated = 100000
treeSearchStrategy = 1
RCSPstopCutGenTimeThresholdInPricing = 10
RCSPhardTimeThresholdInPricing = 25
RCSPnumberOfBucketsPerVertex = 25
RCSPdynamicBucketSteps = 1
RCSPuseBidirectionalSearch = 2
RCSPapplyReducedCostFixing = 1
RCSPredCostFixingFalseGap = 0
RCSPmaxNumOfColsPerIteration = 30
RCSPmaxNumOfColsPerExactIteration = 150
RCSPheurLabelingStrategy = 0
StabilizationMinPhaseOfStage = 0
RCSPmaxNumOfLabelsInEnumeration = 500000
RCSPmaxNumOfEnumeratedSolutions = 5000000
RCSPmaxNumOfEnumSolutionsForMIP = 10000
RCSPinitNGneighbourhoodSize = 8
RCSPmaxNGneighbourhoodSize = 8
RCSPrankOneCutsMaxNumPerRound = 100
RCSPrankOneCutsMaxNumRows = 5
RCSPrankOneCutsMemoryType = 0
CutTailingOffThreshold = 0.015
CutTailingOffCounterThreshold = 3
SafeDualBoundScaleFactor = -1
StrongBranchingPhaseOneCandidatesNumber = 100
StrongBranchingPhaseOneTreeSizeEstimRatio = 0.2
StrongBranchingPhaseTwoCandidatesNumber = 3
StrongBranchingPhaseTwoTreeSizeEstimRatio = 0.02
MaxTimeForRestrictedMasterIpHeur = -1
DivingHeurUseDepthLimit = 0
MaxLDSbreadth = 1
MaxLDSdepth = 10000
New model incumbent solution -1235, TIME = 0h0m0s2t = 2
Model is built TIME = 0h0m1s3t = 103
************************************************************************************************
**** BaB tree root node
**** Local DB = -1e+12, global bounds : [ -1e+12 , -1235 ], TIME = 0h0m1s3t = 103
**** 1 open nodes, 0 columns (0 active), 0 dyn. constrs. (0 active), 291 art. vars. (291 active)
************************************************************************************************
--------------------------------------------------------------------------
BaPCod info : first we run the root node with rank-1 cuts with node memory
--------------------------------------------------------------------------
<DWph=2> <it= 10> <et=1.20> <Mt= 0.00> <Spt= 0.15> <nCl=200> <DB=-1434.3651> <Mlp=-1175.9951> <PB=-1235> 
<DWph=2> <it= 20> <et=1.38> <Mt= 0.02> <Spt= 0.16> <nCl=151> <DB=-1266.1472> <Mlp=-1232.9994> <PB=-1235> 
<DWph=2> <it= 25> <et=1.51> <Mt= 0.01> <Spt= 0.11> <nCl= 46> <DB=-1236.0000> <Mlp=-1236.0000> <PB=-1235> 
<DWph=1> <it= 26> <et=1.56> <Mt= 0.00> <Spt= 0.06> <nCl=  0> <DB=-1236.0000> <Mlp=-1236.0000> <PB=-1235> 
<DWph=0> <it= 27> <et=1.68> <Mt= 0.00> <Spt= 0.12> <nCl=  0> <DB=-1236.0000> <Mlp=-1236.0000> <PB=-1235> 
Reduced cost fixing for graph G_4... took 0.01 sec., 3651 buck. arcs remain (7.67% from prev., 2.15% from max.)
Run enumeration... took 0.02 sec. and succeeded! Pricing will be done by inspection.
Reduced cost fixing for graph G_3... took 0.02 sec., 6216 buck. arcs remain (9.76% from prev., 3.33% from max.)
Run enumeration... took 0.39 sec. and succeeded! Pricing will be done by inspection.
Reduced cost fixing for graph G_2... took 0.03 sec., 6119 buck. arcs remain (9.27% from prev., 3.14% from max.)
Run enumeration... took 0.99 sec. and succeeded! Pricing will be done by inspection.
Reduced cost fixing for graph G_1... took 0.02 sec., 2827 buck. arcs remain (4.33% from prev., 1.51% from max.)
Run enumeration... took 0.19 sec. and succeeded! Pricing will be done by inspection.
<DWph=2> <it= 28> <et=3.50> <Mt= 0.02> <Spt= 0.01> <nCl=  0> <DB=-1199.9439> <Mlp=-1199.9439> <PB=-1235> 
<DWph=1> <it= 29> <et=3.51> <Mt= 0.00> <Spt= 0.01> <nCl=  0> <DB=-1199.9439> <Mlp=-1199.9439> <PB=-1235> 
<DWph=0> <it= 30> <et=3.56> <Mt= 0.00> <Spt= 0.04> <nCl=600> <DB=-1797.2763> <Mlp=-1199.9439> <PB=-1235> 
<DWph=0> <it= 32> <et=3.61> <Mt= 0.01> <Spt= 0.04> <nCl= 38> <DB=-1236.0000> <Mlp=-1236.0000> <PB=-1235> 
ColGenEvalAlg final dual bound: -1236 (rounded: -1236)
----- Add fac. cuts : R1C(150), max.viol = 0.369098, aver.viol = 0.199244, sep/add took 0/0.04 sec. -----
1282 columns (1282 active), 150 dyn. constrs. (150 active), 441 art. vars. (441 active)
<DWph=2> <it=  1> <et=4.01> <Mt= 0.11> <Spt= 0.01> <nCl=  0> <DB=-1209.2894> <Mlp=-1209.2894> <PB=-1235> 
<DWph=1> <it=  2> <et=4.02> <Mt= 0.00> <Spt= 0.01> <nCl=  0> <DB=-1209.2894> <Mlp=-1209.2894> <PB=-1235> 
<DWph=0> <it=  6> <et=5.02> <Mt= 0.15> <Spt= 0.83> <nCl=1115> <DB=-1236.0000> <Mlp=-1236.0000> <PB=-1235> 
ColGenEvalAlg final dual bound: -1236 (rounded: -1236)
Gap improvement since the last cut separation : 1.75076e-11 (-1236)
----- Add fac. cuts : R1C(250), max.viol = 0.336661, aver.viol = 0.133086, sep/add took 0.06/0.16 sec. -----
2616 columns (2616 active), 400 dyn. constrs. (400 active), 691 art. vars. (691 active)
<DWph=2> <it=  1> <et=6.70> <Mt= 1.28> <Spt= 0.01> <nCl=  0> <DB=-1234.7981> <Mlp=-1234.7981> <PB=-1235> 
<DWph=1> <it=  2> <et=6.72> <Mt= 0.01> <Spt= 0.01> <nCl=  0> <DB=-1234.7981> <Mlp=-1234.7981> <PB=-1235> 
<DWph=0> <it=  4> <et=7.35> <Mt= 0.10> <Spt= 0.52> <nCl=461> <DB=-1236.0000> <Mlp=-1236.0000> <PB=-1235> 
ColGenEvalAlg final dual bound: -1236 (rounded: -1236)
Gap improvement since the last cut separation : -2.04634e-12 (-1236)
----- Add fac. cuts : R1C(350), max.viol = 0.237045, aver.viol = 0.0919762, sep/add took 1.08/0.29 sec. -----
3167 columns (3167 active), 750 dyn. constrs. (750 active), 1041 art. vars. (1041 active)
<DWph=2> <it=  1> <et=12.96> <Mt= 4.06> <Spt= 0.02> <nCl=  0> <DB=-1233.6305> <Mlp=-1233.6305> <PB=-1235> 
<DWph=1> <it=  2> <et=12.98> <Mt= 0.01> <Spt= 0.01> <nCl=  0> <DB=-1233.6305> <Mlp=-1233.6305> <PB=-1235> 
<DWph=0> <it=  5> <et=16.72> <Mt= 2.30> <Spt= 1.43> <nCl=708> <DB=-1236.0000> <Mlp=-1236.0000> <PB=-1235> 
ColGenEvalAlg final dual bound: -1236 (rounded: -1236)
Gap improvement since the last cut separation : 3.86531e-12 (-1236)
----- Add fac. cuts : R1C(222), max.viol = 0.182317, aver.viol = 0.0748687, sep/add took 1.51/0.24 sec. -----
4027 columns (4027 active), 972 dyn. constrs. (972 active), 1263 art. vars. (1263 active)
<DWph=2> <it=  1> <et=27.07> <Mt= 8.41> <Spt= 0.01> <nCl=  0> <DB=-1235.4435> <Mlp=-1235.4435> <PB=-1235> 
<DWph=1> <it=  2> <et=27.09> <Mt= 0.00> <Spt= 0.01> <nCl=  0> <DB=-1235.4435> <Mlp=-1235.4435> <PB=-1235> 
<DWph=0> <it=  4> <et=30.50> <Mt= 2.30> <Spt= 1.09> <nCl=365> <DB=-1236.0000> <Mlp=-1236.0000> <PB=-1235> 
ColGenEvalAlg final dual bound: -1236 (rounded: -1236)
Gap improvement since the last cut separation : -7.70789e-11 (-1236)
----- Add fac. cuts : R1C(192), max.viol = 0.130458, aver.viol = 0.05922, sep/add took 1.42/0.26 sec. -----
4459 columns (4459 active), 1164 dyn. constrs. (1164 active), 1455 art. vars. (1455 active)
<DWph=2> <it=  1> <et=50.85> <Mt=18.47> <Spt= 0.02> <nCl=  0> <DB=-1234.8713> <Mlp=-1234.8713> <PB=-1235> 
<DWph=1> <it=  2> <et=50.86> <Mt= 0.01> <Spt= 0.01> <nCl=  0> <DB=-1234.8713> <Mlp=-1234.8713> <PB=-1235> 
<DWph=0> <it=  5> <et=58.80> <Mt= 5.92> <Spt= 1.99> <nCl=614> <DB=-1236.0000> <Mlp=-1236.0000> <PB=-1235> 
ColGenEvalAlg final dual bound: -1236 (rounded: -1236)
Gap improvement since the last cut separation : 6.5483e-11 (-1236)
----- Cut generation is stopped due to tailing off -----
----------- Diving heuristic started -----------
<DWph=2> <it=  1> <et=59.08> <Mt= 0.03> <Spt= 0.00> <nCl=  0> <DB=-1236.0000> <Mlp=-1236.0000> <PB=-1235> 
<DWph=1> <it=  2> <et=59.09> <Mt= 0.01> <Spt= 0.00> <nCl=  0> <DB=-1236.0000> <Mlp=-1236.0000> <PB=-1235> 
<DWph=0> <it=  3> <et=59.11> <Mt= 0.01> <Spt= 0.00> <nCl=  0> <DB=-1236.0000> <Mlp=-1236.0000> <PB=-1235> 
ColGenEvalAlg final dual bound: -1236 (rounded: -1236)
---- Diving heuristic node with dive number = 0, fix depth = 1 and tabu list size = 0
Fixed projected solution = [t_4_2_4_4_OspV=1, x_4_2_66_4_OspV=1, x_4_4_55_4_OspV=1, x_4_35_42_4_OspV=1, x_4_35_43_4_OspV=1, x_4_42_48_4_OspV=1, x_4_43_49_4_OspV=1, x_4_48_54_4_OspV=1, x_4_49_55_4_OspV=1, x_4_54_59_4_OspV=1, x_4_59_63_4_OspV=1, x_4_63_66_4_OspV=1, y_4_4_4_4_OspV=1]
<DWph=2> <it=  1> <et=83.38> <Mt=24.13> <Spt= 0.01> <nCl=  0> <DB=-1227.6922> <Mlp=-1227.6922> <PB=-1235> 
<DWph=1> <it=  2> <et=83.42> <Mt= 0.01> <Spt= 0.01> <nCl=  0> <DB=-1227.6922> <Mlp=-1227.6922> <PB=-1235> 
<DWph=0> <it=  4> <et=93.43> <Mt= 8.54> <Spt= 1.45> <nCl=319> <DB=-1236.0000> <Mlp=-1236.0000> <PB=-1236> 
ColGenEvalAlg final dual bound: -1236 (rounded: -1236)
New model incumbent solution -1236, TIME = 0h1m33s70t = 9370
************************************************************************************************
Search is finished, global bounds : [ -1236 , -1236 ], TIME = 0h1m33s70t = 9370
************************************************************************************************
[32mBaPCod : solution defined.[00m
statistics_cols: instance & :Optimal & cutoff & :bcRecRootDb & :bcTimeRootEval & :bcCountNodeProc & :bcRecBestDb & :bcRecBestInc & :bcTimeMain \\
statistics: 64-75-3-4 & 1 & -1234.99999 & -1236.00 & 59.04 & 1 & -1236.00 & -1236 & 93.70 \\
########################################################
trip 1 : 1 7 10 14 18 23 17 22 16 11 15 20 26 33 41 3 
trip 2 : 3 34 27 21 28 36 29 30 38 31 24 19 25 32 5 
trip 3 : 5 40 47 39 46 53 58 62 52 57 51 45 37 44 50 4 
trip 4 : 4 55 49 43 35 42 48 54 59 63 66 2 
tour : 1 7 10 14 18 23 17 22 16 11 15 20 26 33 41 3 34 27 21 28 36 29 30 38 31 24 19 25 32 5 40 47 39 46 53 58 62 52 57 51 45 37 44 50 4 55 49 43 35 42 48 54 59 63 66 2
Cost 1236.0
########################################################
