Application parameters:
  batch  =>  nothing
  tikz  =>  "/TIKZ/64-80-3-4.tex"
  instance  =>  "/IN/64-80-3-4.ophs"
  out  =>  "/OUT/64-80-3-4.sol"
  nosolve  =>  false
  ub  =>  -1284
  complete  =>  false
  cfg  =>  "/BWTSP/src/../config/OPHS.cfg"
VRPSolver warning: Interval set for resource 1 on source node (when source != sink) is ignored (by definition is [0.0,0.0])
VRPSolver warning: Interval set for resource 1 on source node (when source != sink) is ignored (by definition is [0.0,0.0])
VRPSolver warning: Interval set for resource 1 on source node (when source != sink) is ignored (by definition is [0.0,0.0])
VRPSolver warning: Interval set for resource 1 on source node (when source != sink) is ignored (by definition is [0.0,0.0])
[41m solve [00m
~~~~~~~~~~~~~~~~~~~~~~~~~~~~~~~~~~~~~~~~~~~~~~~~~~~~~~~~~~~~~~~~~~~~~~~~~~~~~~
VRPSolver v0.4.1, 24/03/2021. Web: vrpsolver.math.u-bordeaux.fr
Corresponds to the solver by Pessoa, Sadykov, Uchoa and Vanderbeck (2020)
Paper: dx.doi.org/10.1007/s10107-020-01523-z
USE THIS CODE ONLY FOR ACADEMIC PURPOSES AT YOUR OWN RISK
~~~~~~~~~~~~~~~~~~~~~~~~~~~~~~~~~~~~~~~~~~~~~~~~~~~~~~~~~~~~~~~~~~~~~~~~~~~~~~
BaPCod v053, 24/03/2021, © Inria Bordeaux, France
~~~~~~~~~~~~~~~~~~~~~~~~~~~~~~~~~~~~~~~~~~~~~~~~~~~~~~~~~~~~~~~~~~~~~~~~~~~~~~
VRPSolver parameters:
GlobalTimeLimit = 18000
MaxNbOfBBtreeNodeTreated = 100000
treeSearchStrategy = 1
RCSPstopCutGenTimeThresholdInPricing = 10
RCSPhardTimeThresholdInPricing = 25
RCSPnumberOfBucketsPerVertex = 25
RCSPdynamicBucketSteps = 1
RCSPuseBidirectionalSearch = 2
RCSPapplyReducedCostFixing = 1
RCSPredCostFixingFalseGap = 0
RCSPmaxNumOfColsPerIteration = 30
RCSPmaxNumOfColsPerExactIteration = 150
RCSPheurLabelingStrategy = 0
StabilizationMinPhaseOfStage = 0
RCSPmaxNumOfLabelsInEnumeration = 500000
RCSPmaxNumOfEnumeratedSolutions = 5000000
RCSPmaxNumOfEnumSolutionsForMIP = 10000
RCSPinitNGneighbourhoodSize = 8
RCSPmaxNGneighbourhoodSize = 8
RCSPrankOneCutsMaxNumPerRound = 100
RCSPrankOneCutsMaxNumRows = 5
RCSPrankOneCutsMemoryType = 0
CutTailingOffThreshold = 0.015
CutTailingOffCounterThreshold = 3
SafeDualBoundScaleFactor = -1
StrongBranchingPhaseOneCandidatesNumber = 100
StrongBranchingPhaseOneTreeSizeEstimRatio = 0.2
StrongBranchingPhaseTwoCandidatesNumber = 3
StrongBranchingPhaseTwoTreeSizeEstimRatio = 0.02
MaxTimeForRestrictedMasterIpHeur = -1
DivingHeurUseDepthLimit = 0
MaxLDSbreadth = 1
MaxLDSdepth = 10000
New model incumbent solution -1283, TIME = 0h0m0s3t = 3
Model is built TIME = 0h0m1s4t = 104
************************************************************************************************
**** BaB tree root node
**** Local DB = -1e+12, global bounds : [ -1e+12 , -1283 ], TIME = 0h0m1s4t = 104
**** 1 open nodes, 0 columns (0 active), 0 dyn. constrs. (0 active), 291 art. vars. (291 active)
************************************************************************************************
--------------------------------------------------------------------------
BaPCod info : first we run the root node with rank-1 cuts with node memory
--------------------------------------------------------------------------
<DWph=2> <it= 10> <et=1.22> <Mt= 0.00> <Spt= 0.16> <nCl=183> <DB=-2237.6537> <Mlp=-1195.6078> <PB=-1283> 
<DWph=2> <it= 20> <et=1.40> <Mt= 0.02> <Spt= 0.16> <nCl=183> <DB=-1346.6752> <Mlp=-1271.3484> <PB=-1283> 
<DWph=2> <it= 30> <et=1.58> <Mt= 0.02> <Spt= 0.16> <nCl=124> <DB=-1295.7941> <Mlp=-1283.7059> <PB=-1283> 
<DWph=2> <it= 34> <et=1.70> <Mt= 0.00> <Spt= 0.11> <nCl=  4> <DB=-1284.0000> <Mlp=-1284.0000> <PB=-1283> 
<DWph=1> <it= 35> <et=1.76> <Mt= 0.00> <Spt= 0.06> <nCl=  0> <DB=-1284.0000> <Mlp=-1284.0000> <PB=-1283> 
<DWph=0> <it= 36> <et=1.89> <Mt= 0.00> <Spt= 0.14> <nCl=  0> <DB=-1284.0000> <Mlp=-1284.0000> <PB=-1283> 
Reduced cost fixing for graph G_4... took 0.01 sec., 3856 buck. arcs remain (8.19% from prev., 2.28% from max.)
Run enumeration... took 0.02 sec. and succeeded! Pricing will be done by inspection.
Reduced cost fixing for graph G_3... took 0.02 sec., 4279 buck. arcs remain (6.42% from prev., 2.3% from max.)
Run enumeration... took 0.17 sec. and succeeded! Pricing will be done by inspection.
Reduced cost fixing for graph G_2... took 0.03 sec., 5504 buck. arcs remain (8.26% from prev., 2.96% from max.)
Run enumeration... took 0.25 sec. and succeeded! Pricing will be done by inspection.
Reduced cost fixing for graph G_1... took 0.03 sec., 5486 buck. arcs remain (8.23% from prev., 2.95% from max.)
Run enumeration... took 0.26 sec. and succeeded! Pricing will be done by inspection.
<DWph=2> <it= 37> <et=2.80> <Mt= 0.02> <Spt= 0.00> <nCl=  0> <DB=-1271.3133> <Mlp=-1271.3133> <PB=-1283> 
<DWph=1> <it= 38> <et=2.81> <Mt= 0.00> <Spt= 0.01> <nCl=  0> <DB=-1271.3133> <Mlp=-1271.3133> <PB=-1283> 
<DWph=0> <it= 40> <et=2.88> <Mt= 0.01> <Spt= 0.07> <nCl=1069> <DB=-1416.4113> <Mlp=-1282.5458> <PB=-1283> 
<DWph=0> <it= 41> <et=2.88> <Mt= 0.00> <Spt= 0.00> <nCl=  0> <DB=-1284.0000> <Mlp=-1284.0000> <PB=-1283> 
ColGenEvalAlg final dual bound: -1284 (rounded: -1284)
----- Add fac. cuts : R1C(150), max.viol = 0.358602, aver.viol = 0.221165, sep/add took 0/0.05 sec. -----
1655 columns (1655 active), 150 dyn. constrs. (150 active), 441 art. vars. (441 active)
<DWph=2> <it=  1> <et=3.19> <Mt= 0.11> <Spt= 0.01> <nCl=  0> <DB=-1243.6371> <Mlp=-1243.6371> <PB=-1283> 
<DWph=1> <it=  2> <et=3.21> <Mt= 0.00> <Spt= 0.00> <nCl=  0> <DB=-1243.6371> <Mlp=-1243.6371> <PB=-1283> 
<DWph=0> <it=  5> <et=3.54> <Mt= 0.08> <Spt= 0.26> <nCl=794> <DB=-1284.0000> <Mlp=-1284.0000> <PB=-1283> 
ColGenEvalAlg final dual bound: -1284 (rounded: -1284)
Gap improvement since the last cut separation : -2.5693e-11 (-1284)
----- Add fac. cuts : R1C(250), max.viol = 0.444964, aver.viol = 0.182399, sep/add took 0.07/0.15 sec. -----
2543 columns (2543 active), 400 dyn. constrs. (400 active), 691 art. vars. (691 active)
<DWph=2> <it=  1> <et=4.26> <Mt= 0.40> <Spt= 0.01> <nCl=  0> <DB=-1276.4383> <Mlp=-1276.4383> <PB=-1283> 
<DWph=1> <it=  2> <et=4.27> <Mt= 0.00> <Spt= 0.01> <nCl=  0> <DB=-1276.4383> <Mlp=-1276.4383> <PB=-1283> 
<DWph=0> <it=  5> <et=5.09> <Mt= 0.36> <Spt= 0.45> <nCl=715> <DB=-1284.0000> <Mlp=-1284.0000> <PB=-1283> 
ColGenEvalAlg final dual bound: -1284 (rounded: -1284)
Gap improvement since the last cut separation : -5.68429e-12 (-1284)
----- Add fac. cuts : R1C(350), max.viol = 0.290833, aver.viol = 0.140325, sep/add took 0.76/0.34 sec. -----
3379 columns (3379 active), 750 dyn. constrs. (750 active), 1041 art. vars. (1041 active)
<DWph=2> <it=  1> <et=9.09> <Mt= 2.79> <Spt= 0.01> <nCl=  0> <DB=-1278.8313> <Mlp=-1278.8313> <PB=-1283> 
<DWph=1> <it=  2> <et=9.11> <Mt= 0.01> <Spt= 0.01> <nCl=  0> <DB=-1278.8313> <Mlp=-1278.8313> <PB=-1283> 
<DWph=0> <it=  5> <et=13.15> <Mt= 3.12> <Spt= 0.89> <nCl=768> <DB=-1284.0000> <Mlp=-1284.0000> <PB=-1283> 
ColGenEvalAlg final dual bound: -1284 (rounded: -1284)
Gap improvement since the last cut separation : 2.70572e-11 (-1284)
----- Add fac. cuts : R1C(293), max.viol = 0.28053, aver.viol = 0.107033, sep/add took 0.89/0.37 sec. -----
4242 columns (4242 active), 1043 dyn. constrs. (1043 active), 1334 art. vars. (1334 active)
<DWph=2> <it=  1> <et=17.46> <Mt= 2.97> <Spt= 0.00> <nCl=  0> <DB=-1000000000000.0000> <Mlp=-1284.0000> <PB=-1284> 
ColGenEvalAlg final dual bound: -1284 (rounded: -1284)
Gap improvement since the last cut separation : 1 (-1284)
New model incumbent solution -1284, TIME = 0h0m17s60t = 1760
************************************************************************************************
Search is finished, global bounds : [ -1284 , -1284 ], TIME = 0h0m17s61t = 1761
************************************************************************************************
[32mBaPCod : solution defined.[00m
statistics_cols: instance & :Optimal & cutoff & :bcRecRootDb & :bcTimeRootEval & :bcCountNodeProc & :bcRecBestDb & :bcRecBestInc & :bcTimeMain \\
statistics: 64-80-3-4 & 1 & -1282.99999 & -1284.00 & 17.60 & 1 & -1284.00 & -1284 & 17.61 \\
########################################################
trip 1 : 1 7 10 13 17 22 28 21 16 12 8 11 15 20 26 3 
trip 2 : 3 33 41 48 54 59 55 49 42 34 27 35 43 50 56 51 4 
trip 3 : 4 57 52 45 38 46 39 31 24 30 37 44 36 29 23 18 14 5 
trip 4 : 5 19 25 32 40 47 53 58 62 65 67 2 
tour : 1 7 10 13 17 22 28 21 16 12 8 11 15 20 26 3 33 41 48 54 59 55 49 42 34 27 35 43 50 56 51 4 57 52 45 38 46 39 31 24 30 37 44 36 29 23 18 14 5 19 25 32 40 47 53 58 62 65 67 2
Cost 1284.0
########################################################
