Application parameters:
  batch  =>  nothing
  tikz  =>  "/TIKZ/66-130-3-4.tex"
  instance  =>  "/IN/66-130-3-4.ophs"
  out  =>  "/OUT/66-130-3-4.sol"
  nosolve  =>  false
  ub  =>  -1680
  complete  =>  false
  cfg  =>  "/BWTSP/src/../config/OPHS.cfg"
VRPSolver warning: Interval set for resource 1 on source node (when source != sink) is ignored (by definition is [0.0,0.0])
VRPSolver warning: Interval set for resource 1 on source node (when source != sink) is ignored (by definition is [0.0,0.0])
VRPSolver warning: Interval set for resource 1 on source node (when source != sink) is ignored (by definition is [0.0,0.0])
VRPSolver warning: Interval set for resource 1 on source node (when source != sink) is ignored (by definition is [0.0,0.0])
[41m solve [00m
~~~~~~~~~~~~~~~~~~~~~~~~~~~~~~~~~~~~~~~~~~~~~~~~~~~~~~~~~~~~~~~~~~~~~~~~~~~~~~
VRPSolver v0.4.1, 24/03/2021. Web: vrpsolver.math.u-bordeaux.fr
Corresponds to the solver by Pessoa, Sadykov, Uchoa and Vanderbeck (2020)
Paper: dx.doi.org/10.1007/s10107-020-01523-z
USE THIS CODE ONLY FOR ACADEMIC PURPOSES AT YOUR OWN RISK
~~~~~~~~~~~~~~~~~~~~~~~~~~~~~~~~~~~~~~~~~~~~~~~~~~~~~~~~~~~~~~~~~~~~~~~~~~~~~~
BaPCod v053, 24/03/2021, © Inria Bordeaux, France
~~~~~~~~~~~~~~~~~~~~~~~~~~~~~~~~~~~~~~~~~~~~~~~~~~~~~~~~~~~~~~~~~~~~~~~~~~~~~~
VRPSolver parameters:
GlobalTimeLimit = 18000
MaxNbOfBBtreeNodeTreated = 100000
treeSearchStrategy = 1
RCSPstopCutGenTimeThresholdInPricing = 10
RCSPhardTimeThresholdInPricing = 25
RCSPnumberOfBucketsPerVertex = 25
RCSPdynamicBucketSteps = 1
RCSPuseBidirectionalSearch = 2
RCSPapplyReducedCostFixing = 1
RCSPredCostFixingFalseGap = 0
RCSPmaxNumOfColsPerIteration = 30
RCSPmaxNumOfColsPerExactIteration = 150
RCSPheurLabelingStrategy = 0
StabilizationMinPhaseOfStage = 0
RCSPmaxNumOfLabelsInEnumeration = 500000
RCSPmaxNumOfEnumeratedSolutions = 5000000
RCSPmaxNumOfEnumSolutionsForMIP = 10000
RCSPinitNGneighbourhoodSize = 8
RCSPmaxNGneighbourhoodSize = 8
RCSPrankOneCutsMaxNumPerRound = 100
RCSPrankOneCutsMaxNumRows = 5
RCSPrankOneCutsMemoryType = 0
CutTailingOffThreshold = 0.015
CutTailingOffCounterThreshold = 3
SafeDualBoundScaleFactor = -1
StrongBranchingPhaseOneCandidatesNumber = 100
StrongBranchingPhaseOneTreeSizeEstimRatio = 0.2
StrongBranchingPhaseTwoCandidatesNumber = 3
StrongBranchingPhaseTwoTreeSizeEstimRatio = 0.02
MaxTimeForRestrictedMasterIpHeur = -1
DivingHeurUseDepthLimit = 0
MaxLDSbreadth = 1
MaxLDSdepth = 10000
New model incumbent solution -1679, TIME = 0h0m0s2t = 2
Model is built TIME = 0h0m1s6t = 106
************************************************************************************************
**** BaB tree root node
**** Local DB = -1e+12, global bounds : [ -1e+12 , -1679 ], TIME = 0h0m1s6t = 106
**** 1 open nodes, 0 columns (0 active), 0 dyn. constrs. (0 active), 299 art. vars. (299 active)
************************************************************************************************
--------------------------------------------------------------------------
BaPCod info : first we run the root node with rank-1 cuts with node memory
--------------------------------------------------------------------------
<DWph=2> <it= 10> <et=1.26> <Mt= 0.00> <Spt= 0.18> <nCl=200> <DB=-23807.8102> <Mlp=-1532.6937> <PB=-1679> 
<DWph=2> <it= 20> <et=1.47> <Mt= 0.03> <Spt= 0.18> <nCl=199> <DB=-1791.0401> <Mlp=-1664.4618> <PB=-1679> 
<DWph=2> <it= 30> <et=1.73> <Mt= 0.04> <Spt= 0.21> <nCl=165> <DB=-1680.0000> <Mlp=-1680.0000> <PB=-1679> 
<DWph=1> <it= 31> <et=1.75> <Mt= 0.00> <Spt= 0.02> <nCl=  0> <DB=-1680.0000> <Mlp=-1680.0000> <PB=-1679> 
<DWph=0> <it= 32> <et=1.80> <Mt= 0.00> <Spt= 0.05> <nCl=  0> <DB=-1680.0000> <Mlp=-1680.0000> <PB=-1679> 
Reduced cost fixing for graph G_4... took 0.05 sec., 58556 buck. arcs remain (83.1% from prev., 29.5% from max.)
Run enumeration... took 1.02 sec. and not succeeded.
Reduced cost fixing for graph G_3... took 0.13 sec., 64500 buck. arcs remain (86.3% from prev., 32.5% from max.)
Run enumeration... took 0.17 sec. and not succeeded.
Reduced cost fixing for graph G_2... took 0.06 sec., 64623 buck. arcs remain (86.4% from prev., 32.5% from max.)
Run enumeration... took 0.12 sec. and not succeeded.
Reduced cost fixing for graph G_1... took 0.06 sec., 63316 buck. arcs remain (85.5% from prev., 31.9% from max.)
Run enumeration... took 0.13 sec. and not succeeded.
ColGenEvalAlg final dual bound: -1680 (rounded: -1680)
----- Add fac. cuts : R1C(199), max.viol = 0.373267, aver.viol = 0.177063, sep/add took 0/0.04 sec. -----
1232 columns (1232 active), 199 dyn. constrs. (199 active), 498 art. vars. (498 active)
<DWph=2> <it= 10> <et=4.22> <Mt= 0.26> <Spt= 0.32> <nCl=196> <DB=-1702.0606> <Mlp=-1654.2632> <PB=-1679> 
<DWph=2> <it= 20> <et=4.71> <Mt= 0.19> <Spt= 0.29> <nCl=195> <DB=-1683.1639> <Mlp=-1674.9054> <PB=-1679> 
<DWph=2> <it= 30> <et=5.22> <Mt= 0.20> <Spt= 0.29> <nCl=180> <DB=-1680.4494> <Mlp=-1679.6812> <PB=-1679> 
<DWph=2> <it= 33> <et=5.37> <Mt= 0.03> <Spt= 0.11> <nCl= 36> <DB=-1680.0000> <Mlp=-1680.0000> <PB=-1679> 
<DWph=1> <it= 34> <et=5.41> <Mt= 0.00> <Spt= 0.04> <nCl=  0> <DB=-1680.0000> <Mlp=-1680.0000> <PB=-1679> 
<DWph=0> <it= 35> <et=5.41> <Mt= 0.01> <Spt= 0.00> <nCl=  0> <DB=-1680.0000> <Mlp=-1680.0000> <PB=-1679> 
ColGenEvalAlg final dual bound: -1680 (rounded: -1680)
Gap improvement since the last cut separation : 0 (-1680)
----- Add fac. cuts : R1C(298), max.viol = 0.509524, aver.viol = 0.170703, sep/add took 0.48/0.13 sec. -----
1872 columns (1872 active), 497 dyn. constrs. (497 active), 796 art. vars. (796 active)
<DWph=2> <it= 10> <et=8.00> <Mt= 1.46> <Spt= 0.47> <nCl=191> <DB=-1686.7698> <Mlp=-1668.8803> <PB=-1679> 
<DWph=2> <it= 20> <et=9.29> <Mt= 0.83> <Spt= 0.44> <nCl=175> <DB=-1680.6652> <Mlp=-1676.9977> <PB=-1679> 
<DWph=2> <it= 30> <et=10.34> <Mt= 0.60> <Spt= 0.42> <nCl=163> <DB=-1680.1944> <Mlp=-1679.8118> <PB=-1679> 
<DWph=2> <it= 32> <et=10.48> <Mt= 0.03> <Spt= 0.10> <nCl= 16> <DB=-1680.0000> <Mlp=-1680.0000> <PB=-1679> 
<DWph=1> <it= 33> <et=10.53> <Mt= 0.00> <Spt= 0.05> <nCl=  0> <DB=-1680.0000> <Mlp=-1680.0000> <PB=-1679> 
<DWph=0> <it= 34> <et=10.53> <Mt= 0.00> <Spt= 0.00> <nCl=  0> <DB=-1680.0000> <Mlp=-1680.0000> <PB=-1679> 
ColGenEvalAlg final dual bound: -1680 (rounded: -1680)
Gap improvement since the last cut separation : 0 (-1680)
----- Add fac. cuts : R1C(293), max.viol = 0.364818, aver.viol = 0.147412, sep/add took 0.75/0.19 sec. -----
2491 columns (2491 active), 790 dyn. constrs. (790 active), 1089 art. vars. (1089 active)
<DWph=2> <it= 10> <et=17.61> <Mt= 5.48> <Spt= 0.60> <nCl=186> <DB=-1683.6330> <Mlp=-1672.9229> <PB=-1679> 
<DWph=2> <it= 20> <et=20.69> <Mt= 2.46> <Spt= 0.59> <nCl=176> <DB=-1680.5832> <Mlp=-1676.9595> <PB=-1679> 
<DWph=2> <it= 30> <et=23.46> <Mt= 2.14> <Spt= 0.58> <nCl=155> <DB=-1680.1471> <Mlp=-1679.0916> <PB=-1679> 
<DWph=2> <it= 32> <et=24.60> <Mt= 1.01> <Spt= 0.13> <nCl= 15> <DB=-1680.0000> <Mlp=-1680.0000> <PB=-1679> 
<DWph=1> <it= 33> <et=24.65> <Mt= 0.00> <Spt= 0.04> <nCl=  0> <DB=-1680.0000> <Mlp=-1680.0000> <PB=-1679> 
<DWph=0> <it= 34> <et=24.65> <Mt= 0.00> <Spt= 0.00> <nCl=  0> <DB=-1680.0000> <Mlp=-1680.0000> <PB=-1679> 
ColGenEvalAlg final dual bound: -1680 (rounded: -1680)
Gap improvement since the last cut separation : 0 (-1680)
----- Add fac. cuts : R1C(321), max.viol = 0.249418, aver.viol = 0.109332, sep/add took 0.81/0.31 sec. -----
3110 columns (3110 active), 1111 dyn. constrs. (1111 active), 1410 art. vars. (1410 active)
<DWph=2> <it= 10> <et=40.73> <Mt=14.10> <Spt= 0.80> <nCl=171> <DB=-1681.9092> <Mlp=-1676.8571> <PB=-1679> 
<DWph=2> <it= 20> <et=47.73> <Mt= 6.17> <Spt= 0.76> <nCl=158> <DB=-1680.3310> <Mlp=-1679.7306> <PB=-1679> 
<DWph=2> <it= 23> <et=48.91> <Mt= 0.96> <Spt= 0.20> <nCl= 30> <DB=-1680.0000> <Mlp=-1680.0000> <PB=-1679> 
<DWph=1> <it= 24> <et=48.96> <Mt= 0.01> <Spt= 0.05> <nCl=  0> <DB=-1680.0000> <Mlp=-1680.0000> <PB=-1679> 
<DWph=0> <it= 25> <et=48.97> <Mt= 0.00> <Spt= 0.00> <nCl=  0> <DB=-1680.0000> <Mlp=-1680.0000> <PB=-1679> 
ColGenEvalAlg final dual bound: -1680 (rounded: -1680)
Gap improvement since the last cut separation : 0 (-1680)
----- Cut generation is stopped due to tailing off -----
----------- Diving heuristic started -----------
<DWph=2> <it=  1> <et=48.99> <Mt= 0.01> <Spt= 0.00> <nCl=  0> <DB=-1680.0000> <Mlp=-1680.0000> <PB=-1679> 
<DWph=1> <it=  2> <et=49.00> <Mt= 0.01> <Spt= 0.00> <nCl=  0> <DB=-1680.0000> <Mlp=-1680.0000> <PB=-1679> 
---- Diving heuristic node with dive number = 0, fix depth = 1 and tabu list size = 0
Fixed projected solution = [t_2_4_2_2_OspV=1, x_2_3_9_2_OspV=1, x_2_4_31_2_OspV=1, x_2_6_7_2_OspV=1, x_2_6_14_2_OspV=1, x_2_7_8_2_OspV=1, x_2_8_9_2_OspV=1, x_2_14_15_2_OspV=1, x_2_15_23_2_OspV=1, x_2_22_23_2_OspV=1, x_2_22_30_2_OspV=1, x_2_30_38_2_OspV=1, x_2_31_39_2_OspV=1, x_2_38_46_2_OspV=1, x_2_39_47_2_OspV=1, x_2_46_54_2_OspV=1, x_2_47_55_2_OspV=1, x_2_54_62_2_OspV=1, x_2_55_63_2_OspV=1, x_2_62_63_2_OspV=1, y_2_3_2_2_OspV=1]
<DWph=2> <it= 10> <et=54.19> <Mt= 4.84> <Spt= 0.29> <nCl=146> <DB=-1728.2855> <Mlp=-1553.8757> <PB=-1679> 
<DWph=2> <it= 20> <et=54.77> <Mt= 0.20> <Spt= 0.33> <nCl=148> <DB=-1712.8045> <Mlp=-1591.5097> <PB=-1679> 
<DWph=2> <it= 30> <et=55.35> <Mt= 0.21> <Spt= 0.33> <nCl=150> <DB=-1686.1744> <Mlp=-1598.6101> <PB=-1679> 
<DWph=2> <it= 40> <et=56.01> <Mt= 0.29> <Spt= 0.33> <nCl=144> <DB=-1680.5879> <Mlp=-1610.4878> <PB=-1679> 
<DWph=2> <it= 50> <et=56.83> <Mt= 0.45> <Spt= 0.33> <nCl=136> <DB=-1680.1448> <Mlp=-1621.5881> <PB=-1679> 
<DWph=2> <it= 60> <et=57.88> <Mt= 0.67> <Spt= 0.35> <nCl=139> <DB=-1680.1337> <Mlp=-1633.7115> <PB=-1679> 
<DWph=2> <it= 70> <et=59.06> <Mt= 0.75> <Spt= 0.37> <nCl=123> <DB=-1680.1029> <Mlp=-1640.6460> <PB=-1679> 
<DWph=2> <it= 80> <et=60.38> <Mt= 0.91> <Spt= 0.36> <nCl=124> <DB=-1680.0592> <Mlp=-1647.4686> <PB=-1679> 
<DWph=2> <it= 90> <et=62.25> <Mt= 1.44> <Spt= 0.37> <nCl=105> <DB=-1680.0530> <Mlp=-1654.8207> <PB=-1679> 
<DWph=2> <it=100> <et=63.94> <Mt= 1.24> <Spt= 0.39> <nCl=103> <DB=-1680.0717> <Mlp=-1659.9390> <PB=-1679> 
<DWph=2> <it=110> <et=65.76> <Mt= 1.38> <Spt= 0.39> <nCl=111> <DB=-1680.0331> <Mlp=-1663.7183> <PB=-1679> 
<DWph=2> <it=120> <et=67.24> <Mt= 1.03> <Spt= 0.38> <nCl=106> <DB=-1680.0300> <Mlp=-1665.7119> <PB=-1679> 
<DWph=2> <it=130> <et=68.41> <Mt= 0.72> <Spt= 0.38> <nCl= 88> <DB=-1680.0302> <Mlp=-1667.0629> <PB=-1679> 
<DWph=2> <it=140> <et=69.81> <Mt= 0.94> <Spt= 0.39> <nCl= 83> <DB=-1680.0282> <Mlp=-1667.8826> <PB=-1679> 
<DWph=2> <it=150> <et=72.22> <Mt= 1.94> <Spt= 0.40> <nCl= 93> <DB=-1680.0335> <Mlp=-1670.0457> <PB=-1679> 
<DWph=2> <it=160> <et=74.35> <Mt= 1.64> <Spt= 0.40> <nCl= 74> <DB=-1680.0184> <Mlp=-1671.1724> <PB=-1679> 
<DWph=2> <it=170> <et=75.90> <Mt= 1.07> <Spt= 0.41> <nCl= 76> <DB=-1680.0149> <Mlp=-1672.0486> <PB=-1679> 
<DWph=2> <it=180> <et=78.38> <Mt= 1.98> <Spt= 0.41> <nCl= 76> <DB=-1680.0315> <Mlp=-1673.1707> <PB=-1679> 
<DWph=2> <it=190> <et=80.18> <Mt= 1.31> <Spt= 0.41> <nCl= 56> <DB=-1680.0020> <Mlp=-1673.8255> <PB=-1679> 
<DWph=2> <it=200> <et=83.61> <Mt= 2.92> <Spt= 0.42> <nCl= 79> <DB=-1680.0128> <Mlp=-1674.9401> <PB=-1679> 
<DWph=2> <it=210> <et=85.43> <Mt= 1.36> <Spt= 0.37> <nCl= 67> <DB=-1680.0043> <Mlp=-1680.0000> <PB=-1680> 
New model incumbent solution -1680, TIME = 0h1m25s45t = 8545
************************************************************************************************
Search is finished, global bounds : [ -1680 , -1680 ], TIME = 0h1m25s45t = 8545
************************************************************************************************
[32mBaPCod : solution defined.[00m
statistics_cols: instance & :Optimal & cutoff & :bcRecRootDb & :bcTimeRootEval & :bcCountNodeProc & :bcRecBestDb & :bcRecBestInc & :bcTimeMain \\
statistics: 66-130-3-4 & 1 & -1678.99999 & -1680.00 & 48.98 & 1 & -1680.00 & -1680 & 85.45 \\
########################################################
trip 1 : 1 34 35 36 37 29 21 13 12 11 19 20 28 27 26 18 10 3 
trip 2 : 3 9 8 7 6 14 15 23 22 30 38 46 54 62 63 55 47 39 31 4 
trip 3 : 4 32 24 16 17 25 33 41 40 48 56 64 65 66 58 57 5 
trip 4 : 5 49 50 51 52 60 59 67 68 69 61 53 45 44 43 42 2 
tour : 1 34 35 36 37 29 21 13 12 11 19 20 28 27 26 18 10 3 9 8 7 6 14 15 23 22 30 38 46 54 62 63 55 47 39 31 4 32 24 16 17 25 33 41 40 48 56 64 65 66 58 57 5 49 50 51 52 60 59 67 68 69 61 53 45 44 43 42 2
Cost 1680.0
########################################################
