Application parameters:
  batch  =>  nothing
  tikz  =>  "/TIKZ/66-50-3-4.tex"
  instance  =>  "/IN/66-50-3-4.ophs"
  out  =>  "/OUT/66-50-3-4.sol"
  nosolve  =>  false
  ub  =>  -730
  complete  =>  false
  cfg  =>  "/BWTSP/src/../config/OPHS.cfg"
VRPSolver warning: Interval set for resource 1 on source node (when source != sink) is ignored (by definition is [0.0,0.0])
VRPSolver warning: Interval set for resource 1 on source node (when source != sink) is ignored (by definition is [0.0,0.0])
VRPSolver warning: Interval set for resource 1 on source node (when source != sink) is ignored (by definition is [0.0,0.0])
VRPSolver warning: Interval set for resource 1 on source node (when source != sink) is ignored (by definition is [0.0,0.0])
[41m solve [00m
~~~~~~~~~~~~~~~~~~~~~~~~~~~~~~~~~~~~~~~~~~~~~~~~~~~~~~~~~~~~~~~~~~~~~~~~~~~~~~
VRPSolver v0.4.1, 24/03/2021. Web: vrpsolver.math.u-bordeaux.fr
Corresponds to the solver by Pessoa, Sadykov, Uchoa and Vanderbeck (2020)
Paper: dx.doi.org/10.1007/s10107-020-01523-z
USE THIS CODE ONLY FOR ACADEMIC PURPOSES AT YOUR OWN RISK
~~~~~~~~~~~~~~~~~~~~~~~~~~~~~~~~~~~~~~~~~~~~~~~~~~~~~~~~~~~~~~~~~~~~~~~~~~~~~~
BaPCod v053, 24/03/2021, © Inria Bordeaux, France
~~~~~~~~~~~~~~~~~~~~~~~~~~~~~~~~~~~~~~~~~~~~~~~~~~~~~~~~~~~~~~~~~~~~~~~~~~~~~~
VRPSolver parameters:
GlobalTimeLimit = 18000
MaxNbOfBBtreeNodeTreated = 100000
treeSearchStrategy = 1
RCSPstopCutGenTimeThresholdInPricing = 10
RCSPhardTimeThresholdInPricing = 25
RCSPnumberOfBucketsPerVertex = 25
RCSPdynamicBucketSteps = 1
RCSPuseBidirectionalSearch = 2
RCSPapplyReducedCostFixing = 1
RCSPredCostFixingFalseGap = 0
RCSPmaxNumOfColsPerIteration = 30
RCSPmaxNumOfColsPerExactIteration = 150
RCSPheurLabelingStrategy = 0
StabilizationMinPhaseOfStage = 0
RCSPmaxNumOfLabelsInEnumeration = 500000
RCSPmaxNumOfEnumeratedSolutions = 5000000
RCSPmaxNumOfEnumSolutionsForMIP = 10000
RCSPinitNGneighbourhoodSize = 8
RCSPmaxNGneighbourhoodSize = 8
RCSPrankOneCutsMaxNumPerRound = 100
RCSPrankOneCutsMaxNumRows = 5
RCSPrankOneCutsMemoryType = 0
CutTailingOffThreshold = 0.015
CutTailingOffCounterThreshold = 3
SafeDualBoundScaleFactor = -1
StrongBranchingPhaseOneCandidatesNumber = 100
StrongBranchingPhaseOneTreeSizeEstimRatio = 0.2
StrongBranchingPhaseTwoCandidatesNumber = 3
StrongBranchingPhaseTwoTreeSizeEstimRatio = 0.02
MaxTimeForRestrictedMasterIpHeur = -1
DivingHeurUseDepthLimit = 0
MaxLDSbreadth = 1
MaxLDSdepth = 10000
New model incumbent solution -729, TIME = 0h0m0s2t = 2
Model is built TIME = 0h0m0s95t = 95
************************************************************************************************
**** BaB tree root node
**** Local DB = -1e+12, global bounds : [ -1e+12 , -729 ], TIME = 0h0m0s95t = 95
**** 1 open nodes, 0 columns (0 active), 0 dyn. constrs. (0 active), 299 art. vars. (299 active)
************************************************************************************************
--------------------------------------------------------------------------
BaPCod info : first we run the root node with rank-1 cuts with node memory
--------------------------------------------------------------------------
<DWph=2> <it= 10> <et=1.06> <Mt= 0.00> <Spt= 0.09> <nCl=121> <DB= -730.0000> <Mlp= -730.0000> <PB=-730> 
<DWph=1> <it= 12> <et=1.09> <Mt= 0.00> <Spt= 0.02> <nCl=  2> <DB= -730.0000> <Mlp= -730.0000> <PB=-730> 
<DWph=0> <it= 14> <et=1.13> <Mt= 0.00> <Spt= 0.04> <nCl=  8> <DB= -730.0000> <Mlp= -730.0000> <PB=-730> 
ColGenEvalAlg final dual bound: -730 (rounded: -730)
New model incumbent solution -730, TIME = 0h0m1s14t = 114
************************************************************************************************
Search is finished, global bounds : [ -730 , -730 ], TIME = 0h0m1s14t = 114
************************************************************************************************
[32mBaPCod : solution defined.[00m
statistics_cols: instance & :Optimal & cutoff & :bcRecRootDb & :bcTimeRootEval & :bcCountNodeProc & :bcRecBestDb & :bcRecBestInc & :bcTimeMain \\
statistics: 66-50-3-4 & 1 & -728.99999 & -730.00 & 1.14 & 1 & -730.00 & -730 & 1.14 \\
########################################################
trip 1 : 1 33 32 31 23 15 7 3 
trip 2 : 3 8 9 10 11 12 13 21 29 4 
trip 3 : 4 37 45 53 61 69 68 5 
trip 4 : 5 67 66 58 50 2 
tour : 1 33 32 31 23 15 7 3 8 9 10 11 12 13 21 29 4 37 45 53 61 69 68 5 67 66 58 50 2
Cost 730.0
########################################################
