Application parameters:
  batch  =>  nothing
  tikz  =>  "/TIKZ/66-60-3-4.tex"
  instance  =>  "/IN/66-60-3-4.ophs"
  out  =>  "/OUT/66-60-3-4.sol"
  nosolve  =>  false
  ub  =>  -915
  complete  =>  false
  cfg  =>  "/BWTSP/src/../config/OPHS.cfg"
VRPSolver warning: Interval set for resource 1 on source node (when source != sink) is ignored (by definition is [0.0,0.0])
VRPSolver warning: Interval set for resource 1 on source node (when source != sink) is ignored (by definition is [0.0,0.0])
VRPSolver warning: Interval set for resource 1 on source node (when source != sink) is ignored (by definition is [0.0,0.0])
VRPSolver warning: Interval set for resource 1 on source node (when source != sink) is ignored (by definition is [0.0,0.0])
[41m solve [00m
~~~~~~~~~~~~~~~~~~~~~~~~~~~~~~~~~~~~~~~~~~~~~~~~~~~~~~~~~~~~~~~~~~~~~~~~~~~~~~
VRPSolver v0.4.1, 24/03/2021. Web: vrpsolver.math.u-bordeaux.fr
Corresponds to the solver by Pessoa, Sadykov, Uchoa and Vanderbeck (2020)
Paper: dx.doi.org/10.1007/s10107-020-01523-z
USE THIS CODE ONLY FOR ACADEMIC PURPOSES AT YOUR OWN RISK
~~~~~~~~~~~~~~~~~~~~~~~~~~~~~~~~~~~~~~~~~~~~~~~~~~~~~~~~~~~~~~~~~~~~~~~~~~~~~~
BaPCod v053, 24/03/2021, © Inria Bordeaux, France
~~~~~~~~~~~~~~~~~~~~~~~~~~~~~~~~~~~~~~~~~~~~~~~~~~~~~~~~~~~~~~~~~~~~~~~~~~~~~~
VRPSolver parameters:
GlobalTimeLimit = 18000
MaxNbOfBBtreeNodeTreated = 100000
treeSearchStrategy = 1
RCSPstopCutGenTimeThresholdInPricing = 10
RCSPhardTimeThresholdInPricing = 25
RCSPnumberOfBucketsPerVertex = 25
RCSPdynamicBucketSteps = 1
RCSPuseBidirectionalSearch = 2
RCSPapplyReducedCostFixing = 1
RCSPredCostFixingFalseGap = 0
RCSPmaxNumOfColsPerIteration = 30
RCSPmaxNumOfColsPerExactIteration = 150
RCSPheurLabelingStrategy = 0
StabilizationMinPhaseOfStage = 0
RCSPmaxNumOfLabelsInEnumeration = 500000
RCSPmaxNumOfEnumeratedSolutions = 5000000
RCSPmaxNumOfEnumSolutionsForMIP = 10000
RCSPinitNGneighbourhoodSize = 8
RCSPmaxNGneighbourhoodSize = 8
RCSPrankOneCutsMaxNumPerRound = 100
RCSPrankOneCutsMaxNumRows = 5
RCSPrankOneCutsMemoryType = 0
CutTailingOffThreshold = 0.015
CutTailingOffCounterThreshold = 3
SafeDualBoundScaleFactor = -1
StrongBranchingPhaseOneCandidatesNumber = 100
StrongBranchingPhaseOneTreeSizeEstimRatio = 0.2
StrongBranchingPhaseTwoCandidatesNumber = 3
StrongBranchingPhaseTwoTreeSizeEstimRatio = 0.02
MaxTimeForRestrictedMasterIpHeur = -1
DivingHeurUseDepthLimit = 0
MaxLDSbreadth = 1
MaxLDSdepth = 10000
New model incumbent solution -914, TIME = 0h0m0s3t = 3
Model is built TIME = 0h0m0s97t = 97
************************************************************************************************
**** BaB tree root node
**** Local DB = -1e+12, global bounds : [ -1e+12 , -914 ], TIME = 0h0m0s97t = 97
**** 1 open nodes, 0 columns (0 active), 0 dyn. constrs. (0 active), 299 art. vars. (299 active)
************************************************************************************************
--------------------------------------------------------------------------
BaPCod info : first we run the root node with rank-1 cuts with node memory
--------------------------------------------------------------------------
<DWph=2> <it= 10> <et=1.09> <Mt= 0.00> <Spt= 0.10> <nCl=133> <DB= -982.5000> <Mlp= -876.2500> <PB=-913.99999> 
<DWph=2> <it= 12> <et=1.11> <Mt= 0.00> <Spt= 0.02> <nCl=  1> <DB= -895.0000> <Mlp= -895.0000> <PB=-913.99999> 
<DWph=1> <it= 15> <et=1.17> <Mt= 0.00> <Spt= 0.06> <nCl=  7> <DB= -905.0000> <Mlp= -905.0000> <PB=-913.99999> 
<DWph=0> <it= 17> <et=1.23> <Mt= 0.00> <Spt= 0.05> <nCl=  3> <DB= -915.0000> <Mlp= -915.0000> <PB=-915> 
ColGenEvalAlg final dual bound: -915 (rounded: -915)
New model incumbent solution -915, TIME = 0h0m1s24t = 124
************************************************************************************************
Search is finished, global bounds : [ -915 , -915 ], TIME = 0h0m1s24t = 124
************************************************************************************************
[32mBaPCod : solution defined.[00m
statistics_cols: instance & :Optimal & cutoff & :bcRecRootDb & :bcTimeRootEval & :bcCountNodeProc & :bcRecBestDb & :bcRecBestInc & :bcTimeMain \\
statistics: 66-60-3-4 & 1 & -913.99999 & -915.00 & 1.24 & 1 & -915.00 & -915 & 1.24 \\
########################################################
trip 1 : 1 25 17 16 8 9 10 11 3 
trip 2 : 3 12 13 21 29 37 45 53 61 69 4 
trip 3 : 4 68 67 66 65 64 63 62 5 
trip 4 : 5 54 46 38 39 40 41 2 
tour : 1 25 17 16 8 9 10 11 3 12 13 21 29 37 45 53 61 69 4 68 67 66 65 64 63 62 5 54 46 38 39 40 41 2
Cost 915.0
########################################################
