Application parameters:
  batch  =>  nothing
  tikz  =>  "/TIKZ/T1-73-3-4.tex"
  instance  =>  "/IN/T1-73-3-4.ophs"
  out  =>  "/OUT/T1-73-3-4.sol"
  nosolve  =>  false
  ub  =>  -265
  complete  =>  false
  cfg  =>  "/BWTSP/src/../config/OPHS.cfg"
VRPSolver warning: Interval set for resource 1 on source node (when source != sink) is ignored (by definition is [0.0,0.0])
VRPSolver warning: Interval set for resource 1 on source node (when source != sink) is ignored (by definition is [0.0,0.0])
VRPSolver warning: Interval set for resource 1 on source node (when source != sink) is ignored (by definition is [0.0,0.0])
VRPSolver warning: Interval set for resource 1 on source node (when source != sink) is ignored (by definition is [0.0,0.0])
[41m solve [00m
~~~~~~~~~~~~~~~~~~~~~~~~~~~~~~~~~~~~~~~~~~~~~~~~~~~~~~~~~~~~~~~~~~~~~~~~~~~~~~
VRPSolver v0.4.1, 24/03/2021. Web: vrpsolver.math.u-bordeaux.fr
Corresponds to the solver by Pessoa, Sadykov, Uchoa and Vanderbeck (2020)
Paper: dx.doi.org/10.1007/s10107-020-01523-z
USE THIS CODE ONLY FOR ACADEMIC PURPOSES AT YOUR OWN RISK
~~~~~~~~~~~~~~~~~~~~~~~~~~~~~~~~~~~~~~~~~~~~~~~~~~~~~~~~~~~~~~~~~~~~~~~~~~~~~~
BaPCod v053, 24/03/2021, © Inria Bordeaux, France
~~~~~~~~~~~~~~~~~~~~~~~~~~~~~~~~~~~~~~~~~~~~~~~~~~~~~~~~~~~~~~~~~~~~~~~~~~~~~~
VRPSolver parameters:
GlobalTimeLimit = 18000
MaxNbOfBBtreeNodeTreated = 100000
treeSearchStrategy = 1
RCSPstopCutGenTimeThresholdInPricing = 10
RCSPhardTimeThresholdInPricing = 25
RCSPnumberOfBucketsPerVertex = 25
RCSPdynamicBucketSteps = 1
RCSPuseBidirectionalSearch = 2
RCSPapplyReducedCostFixing = 1
RCSPredCostFixingFalseGap = 0
RCSPmaxNumOfColsPerIteration = 30
RCSPmaxNumOfColsPerExactIteration = 150
RCSPheurLabelingStrategy = 0
StabilizationMinPhaseOfStage = 0
RCSPmaxNumOfLabelsInEnumeration = 500000
RCSPmaxNumOfEnumeratedSolutions = 5000000
RCSPmaxNumOfEnumSolutionsForMIP = 10000
RCSPinitNGneighbourhoodSize = 8
RCSPmaxNGneighbourhoodSize = 8
RCSPrankOneCutsMaxNumPerRound = 100
RCSPrankOneCutsMaxNumRows = 5
RCSPrankOneCutsMemoryType = 0
CutTailingOffThreshold = 0.015
CutTailingOffCounterThreshold = 3
SafeDualBoundScaleFactor = -1
StrongBranchingPhaseOneCandidatesNumber = 100
StrongBranchingPhaseOneTreeSizeEstimRatio = 0.2
StrongBranchingPhaseTwoCandidatesNumber = 3
StrongBranchingPhaseTwoTreeSizeEstimRatio = 0.02
MaxTimeForRestrictedMasterIpHeur = -1
DivingHeurUseDepthLimit = 0
MaxLDSbreadth = 1
MaxLDSdepth = 10000
New model incumbent solution -264, TIME = 0h0m0s4t = 4
Model is built TIME = 0h0m0s85t = 85
************************************************************************************************
**** BaB tree root node
**** Local DB = -1e+12, global bounds : [ -1e+12 , -264 ], TIME = 0h0m0s85t = 85
**** 1 open nodes, 0 columns (0 active), 0 dyn. constrs. (0 active), 163 art. vars. (163 active)
************************************************************************************************
--------------------------------------------------------------------------
BaPCod info : first we run the root node with rank-1 cuts with node memory
--------------------------------------------------------------------------
<DWph=2> <it= 10> <et=0.89> <Mt= 0.00> <Spt= 0.02> <nCl=164> <DB= -283.9792> <Mlp= -253.3333> <PB=-263.99999> 
<DWph=2> <it= 20> <et=0.92> <Mt= 0.00> <Spt= 0.03> <nCl= 76> <DB= -269.2570> <Mlp= -265.0000> <PB=-265> 
<DWph=2> <it= 26> <et=0.95> <Mt= 0.01> <Spt= 0.03> <nCl= 11> <DB= -265.0000> <Mlp= -265.0000> <PB=-265> 
<DWph=1> <it= 28> <et=0.97> <Mt= 0.00> <Spt= 0.01> <nCl=  1> <DB= -265.0000> <Mlp= -265.0000> <PB=-265> 
<DWph=0> <it= 30> <et=0.99> <Mt= 0.00> <Spt= 0.03> <nCl=  3> <DB= -265.0000> <Mlp= -265.0000> <PB=-265> 
ColGenEvalAlg final dual bound: -265 (rounded: -265)
New model incumbent solution -265, TIME = 0h0m1s0t = 100
************************************************************************************************
Search is finished, global bounds : [ -265 , -265 ], TIME = 0h0m1s0t = 100
************************************************************************************************
[32mBaPCod : solution defined.[00m
statistics_cols: instance & :Optimal & cutoff & :bcRecRootDb & :bcTimeRootEval & :bcCountNodeProc & :bcRecBestDb & :bcRecBestInc & :bcTimeMain \\
statistics: T1-73-3-4 & 1 & -263.99999 & -265.00 & 1.00 & 1 & -265.00 & -265 & 1.00 \\
########################################################
trip 1 : 1 32 33 21 20 19 18 3 
trip 2 : 3 8 9 10 11 7 6 4 
trip 3 : 4 13 12 14 15 16 25 26 27 28 29 5 
trip 4 : 5 30 35 31 24 23 2 
tour : 1 32 33 21 20 19 18 3 8 9 10 11 7 6 4 13 12 14 15 16 25 26 27 28 29 5 30 35 31 24 23 2
Cost 265.0
########################################################
