Application parameters:
  batch  =>  nothing
  tikz  =>  "/TIKZ/T1-70-3-4.tex"
  instance  =>  "/IN/T1-70-3-4.ophs"
  out  =>  "/OUT/T1-70-3-4.sol"
  nosolve  =>  false
  ub  =>  -260
  complete  =>  false
  cfg  =>  "/BWTSP/src/../config/OPHS.cfg"
VRPSolver warning: Interval set for resource 1 on source node (when source != sink) is ignored (by definition is [0.0,0.0])
VRPSolver warning: Interval set for resource 1 on source node (when source != sink) is ignored (by definition is [0.0,0.0])
VRPSolver warning: Interval set for resource 1 on source node (when source != sink) is ignored (by definition is [0.0,0.0])
VRPSolver warning: Interval set for resource 1 on source node (when source != sink) is ignored (by definition is [0.0,0.0])
[41m solve [00m
~~~~~~~~~~~~~~~~~~~~~~~~~~~~~~~~~~~~~~~~~~~~~~~~~~~~~~~~~~~~~~~~~~~~~~~~~~~~~~
VRPSolver v0.4.1, 24/03/2021. Web: vrpsolver.math.u-bordeaux.fr
Corresponds to the solver by Pessoa, Sadykov, Uchoa and Vanderbeck (2020)
Paper: dx.doi.org/10.1007/s10107-020-01523-z
USE THIS CODE ONLY FOR ACADEMIC PURPOSES AT YOUR OWN RISK
~~~~~~~~~~~~~~~~~~~~~~~~~~~~~~~~~~~~~~~~~~~~~~~~~~~~~~~~~~~~~~~~~~~~~~~~~~~~~~
BaPCod v053, 24/03/2021, © Inria Bordeaux, France
~~~~~~~~~~~~~~~~~~~~~~~~~~~~~~~~~~~~~~~~~~~~~~~~~~~~~~~~~~~~~~~~~~~~~~~~~~~~~~
VRPSolver parameters:
GlobalTimeLimit = 18000
MaxNbOfBBtreeNodeTreated = 100000
treeSearchStrategy = 1
RCSPstopCutGenTimeThresholdInPricing = 10
RCSPhardTimeThresholdInPricing = 25
RCSPnumberOfBucketsPerVertex = 25
RCSPdynamicBucketSteps = 1
RCSPuseBidirectionalSearch = 2
RCSPapplyReducedCostFixing = 1
RCSPredCostFixingFalseGap = 0
RCSPmaxNumOfColsPerIteration = 30
RCSPmaxNumOfColsPerExactIteration = 150
RCSPheurLabelingStrategy = 0
StabilizationMinPhaseOfStage = 0
RCSPmaxNumOfLabelsInEnumeration = 500000
RCSPmaxNumOfEnumeratedSolutions = 5000000
RCSPmaxNumOfEnumSolutionsForMIP = 10000
RCSPinitNGneighbourhoodSize = 8
RCSPmaxNGneighbourhoodSize = 8
RCSPrankOneCutsMaxNumPerRound = 100
RCSPrankOneCutsMaxNumRows = 5
RCSPrankOneCutsMemoryType = 0
CutTailingOffThreshold = 0.015
CutTailingOffCounterThreshold = 3
SafeDualBoundScaleFactor = -1
StrongBranchingPhaseOneCandidatesNumber = 100
StrongBranchingPhaseOneTreeSizeEstimRatio = 0.2
StrongBranchingPhaseTwoCandidatesNumber = 3
StrongBranchingPhaseTwoTreeSizeEstimRatio = 0.02
MaxTimeForRestrictedMasterIpHeur = -1
DivingHeurUseDepthLimit = 0
MaxLDSbreadth = 1
MaxLDSdepth = 10000
New model incumbent solution -259, TIME = 0h0m0s3t = 3
Model is built TIME = 0h0m0s84t = 84
************************************************************************************************
**** BaB tree root node
**** Local DB = -1e+12, global bounds : [ -1e+12 , -259 ], TIME = 0h0m0s84t = 84
**** 1 open nodes, 0 columns (0 active), 0 dyn. constrs. (0 active), 163 art. vars. (163 active)
************************************************************************************************
--------------------------------------------------------------------------
BaPCod info : first we run the root node with rank-1 cuts with node memory
--------------------------------------------------------------------------
<DWph=2> <it= 10> <et=0.88> <Mt= 0.00> <Spt= 0.02> <nCl=157> <DB= -294.9209> <Mlp= -248.3784> <PB=-258.99999> 
<DWph=2> <it= 19> <et=0.91> <Mt= 0.00> <Spt= 0.03> <nCl= 41> <DB= -260.0000> <Mlp= -260.0000> <PB=-260> 
<DWph=1> <it= 20> <et=0.91> <Mt= 0.00> <Spt= 0.00> <nCl=  2> <DB= -260.4839> <Mlp= -260.0000> <PB=-260> 
<DWph=1> <it= 22> <et=0.92> <Mt= 0.00> <Spt= 0.01> <nCl=  2> <DB= -260.0000> <Mlp= -260.0000> <PB=-260> 
<DWph=0> <it= 24> <et=0.95> <Mt= 0.01> <Spt= 0.02> <nCl=  4> <DB= -260.0000> <Mlp= -260.0000> <PB=-260> 
ColGenEvalAlg final dual bound: -260 (rounded: -260)
New model incumbent solution -260, TIME = 0h0m0s95t = 95
************************************************************************************************
Search is finished, global bounds : [ -260 , -260 ], TIME = 0h0m0s95t = 95
************************************************************************************************
[32mBaPCod : solution defined.[00m
statistics_cols: instance & :Optimal & cutoff & :bcRecRootDb & :bcTimeRootEval & :bcCountNodeProc & :bcRecBestDb & :bcRecBestInc & :bcTimeMain \\
statistics: T1-70-3-4 & 1 & -258.99999 & -260.00 & 0.95 & 1 & -260.00 & -260 & 0.95 \\
########################################################
trip 1 : 1 32 33 21 20 19 18 3 
trip 2 : 3 8 9 11 7 6 12 4 
trip 3 : 4 13 14 15 16 25 26 27 28 29 5 
trip 4 : 5 30 35 31 24 23 2 
tour : 1 32 33 21 20 19 18 3 8 9 11 7 6 12 4 13 14 15 16 25 26 27 28 29 5 30 35 31 24 23 2
Cost 260.0
########################################################
