Application parameters:
  batch  =>  nothing
  tikz  =>  "/TIKZ/T3-105-3-4.tex"
  instance  =>  "/IN/T3-105-3-4.ophs"
  out  =>  "/OUT/T3-105-3-4.sol"
  nosolve  =>  false
  ub  =>  -800
  complete  =>  false
  cfg  =>  "/BWTSP/src/../config/OPHS.cfg"
VRPSolver warning: Interval set for resource 1 on source node (when source != sink) is ignored (by definition is [0.0,0.0])
VRPSolver warning: Interval set for resource 1 on source node (when source != sink) is ignored (by definition is [0.0,0.0])
VRPSolver warning: Interval set for resource 1 on source node (when source != sink) is ignored (by definition is [0.0,0.0])
VRPSolver warning: Interval set for resource 1 on source node (when source != sink) is ignored (by definition is [0.0,0.0])
[41m solve [00m
~~~~~~~~~~~~~~~~~~~~~~~~~~~~~~~~~~~~~~~~~~~~~~~~~~~~~~~~~~~~~~~~~~~~~~~~~~~~~~
VRPSolver v0.4.1, 24/03/2021. Web: vrpsolver.math.u-bordeaux.fr
Corresponds to the solver by Pessoa, Sadykov, Uchoa and Vanderbeck (2020)
Paper: dx.doi.org/10.1007/s10107-020-01523-z
USE THIS CODE ONLY FOR ACADEMIC PURPOSES AT YOUR OWN RISK
~~~~~~~~~~~~~~~~~~~~~~~~~~~~~~~~~~~~~~~~~~~~~~~~~~~~~~~~~~~~~~~~~~~~~~~~~~~~~~
BaPCod v053, 24/03/2021, © Inria Bordeaux, France
~~~~~~~~~~~~~~~~~~~~~~~~~~~~~~~~~~~~~~~~~~~~~~~~~~~~~~~~~~~~~~~~~~~~~~~~~~~~~~
VRPSolver parameters:
GlobalTimeLimit = 18000
MaxNbOfBBtreeNodeTreated = 100000
treeSearchStrategy = 1
RCSPstopCutGenTimeThresholdInPricing = 10
RCSPhardTimeThresholdInPricing = 25
RCSPnumberOfBucketsPerVertex = 25
RCSPdynamicBucketSteps = 1
RCSPuseBidirectionalSearch = 2
RCSPapplyReducedCostFixing = 1
RCSPredCostFixingFalseGap = 0
RCSPmaxNumOfColsPerIteration = 30
RCSPmaxNumOfColsPerExactIteration = 150
RCSPheurLabelingStrategy = 0
StabilizationMinPhaseOfStage = 0
RCSPmaxNumOfLabelsInEnumeration = 500000
RCSPmaxNumOfEnumeratedSolutions = 5000000
RCSPmaxNumOfEnumSolutionsForMIP = 10000
RCSPinitNGneighbourhoodSize = 8
RCSPmaxNGneighbourhoodSize = 8
RCSPrankOneCutsMaxNumPerRound = 100
RCSPrankOneCutsMaxNumRows = 5
RCSPrankOneCutsMemoryType = 0
CutTailingOffThreshold = 0.015
CutTailingOffCounterThreshold = 3
SafeDualBoundScaleFactor = -1
StrongBranchingPhaseOneCandidatesNumber = 100
StrongBranchingPhaseOneTreeSizeEstimRatio = 0.2
StrongBranchingPhaseTwoCandidatesNumber = 3
StrongBranchingPhaseTwoTreeSizeEstimRatio = 0.02
MaxTimeForRestrictedMasterIpHeur = -1
DivingHeurUseDepthLimit = 0
MaxLDSbreadth = 1
MaxLDSdepth = 10000
New model incumbent solution -799, TIME = 0h0m0s2t = 2
Model is built TIME = 0h0m0s83t = 83
************************************************************************************************
**** BaB tree root node
**** Local DB = -1e+12, global bounds : [ -1e+12 , -799 ], TIME = 0h0m0s83t = 83
**** 1 open nodes, 0 columns (0 active), 0 dyn. constrs. (0 active), 167 art. vars. (167 active)
************************************************************************************************
--------------------------------------------------------------------------
BaPCod info : first we run the root node with rank-1 cuts with node memory
--------------------------------------------------------------------------
<DWph=2> <it= 10> <et=0.87> <Mt= 0.00> <Spt= 0.03> <nCl=166> <DB=-1312.4669> <Mlp= -740.1215> <PB=-798.99999> 
<DWph=2> <it= 20> <et=0.91> <Mt= 0.01> <Spt= 0.04> <nCl=167> <DB= -820.0574> <Mlp= -795.1260> <PB=-798.99999> 
<DWph=2> <it= 25> <et=0.94> <Mt= 0.00> <Spt= 0.02> <nCl= 29> <DB= -800.0000> <Mlp= -800.0000> <PB=-798.99999> 
<DWph=1> <it= 26> <et=0.95> <Mt= 0.00> <Spt= 0.00> <nCl=  0> <DB= -800.0000> <Mlp= -800.0000> <PB=-798.99999> 
<DWph=0> <it= 27> <et=0.98> <Mt= 0.00> <Spt= 0.03> <nCl=  0> <DB= -800.0000> <Mlp= -800.0000> <PB=-798.99999> 
Reduced cost fixing for graph G_4... took 0 sec., 5209 buck. arcs remain (64.3% from prev., 12.9% from max.)
Run enumeration... took 0.03 sec. and succeeded! Pricing will be done by inspection.
Reduced cost fixing for graph G_3... took 0.01 sec., 13575 buck. arcs remain (84% from prev., 28.2% from max.)
Run enumeration... took 1.07 sec. and not succeeded.
Reduced cost fixing for graph G_2... took 0.01 sec., 12065 buck. arcs remain (81.5% from prev., 25.6% from max.)
Run enumeration... took 0.58 sec. and not succeeded.
Reduced cost fixing for graph G_1... took 0.01 sec., 12306 buck. arcs remain (81.9% from prev., 26% from max.)
Run enumeration... took 0.63 sec. and not succeeded.
<DWph=2> <it= 28> <et=3.37> <Mt= 0.01> <Spt= 0.01> <nCl=  0> <DB= -800.0000> <Mlp= -800.0000> <PB=-798.99999> 
<DWph=1> <it= 29> <et=3.38> <Mt= 0.00> <Spt= 0.00> <nCl=  0> <DB= -800.0000> <Mlp= -800.0000> <PB=-798.99999> 
ColGenEvalAlg final dual bound: -800 (rounded: -800)
----- Add fac. cuts : R1C(152), max.viol = 0.393158, aver.viol = 0.185803, sep/add took 0/0.02 sec. -----
1136 columns (1136 active), 152 dyn. constrs. (152 active), 319 art. vars. (319 active)
<DWph=2> <it= 10> <et=3.58> <Mt= 0.11> <Spt= 0.06> <nCl=124> <DB= -806.1911> <Mlp= -795.9304> <PB=-798.99999> 
<DWph=2> <it= 20> <et=3.68> <Mt= 0.04> <Spt= 0.06> <nCl= 95> <DB= -807.3413> <Mlp= -797.3893> <PB=-798.99999> 
<DWph=2> <it= 30> <et=3.78> <Mt= 0.04> <Spt= 0.05> <nCl= 52> <DB= -800.8539> <Mlp= -798.2118> <PB=-798.99999> 
<DWph=2> <it= 33> <et=3.81> <Mt= 0.01> <Spt= 0.02> <nCl= 11> <DB= -801.7806> <Mlp= -798.2907> <PB=-798.99999> 
<DWph=1> <it= 35> <et=3.84> <Mt= 0.00> <Spt= 0.02> <nCl=  8> <DB= -805.5488> <Mlp= -800.0000> <PB=-800> 
ColGenEvalAlg final dual bound: -800 (rounded: -800)
Gap improvement since the last cut separation : -nan (-800)
New model incumbent solution -800, TIME = 0h0m3s84t = 384
************************************************************************************************
Search is finished, global bounds : [ -800 , -800 ], TIME = 0h0m3s84t = 384
************************************************************************************************
[32mBaPCod : solution defined.[00m
statistics_cols: instance & :Optimal & cutoff & :bcRecRootDb & :bcTimeRootEval & :bcCountNodeProc & :bcRecBestDb & :bcRecBestInc & :bcTimeMain \\
statistics: T3-105-3-4 & 1 & -798.99999 & -800.00 & 3.84 & 1 & -800.00 & -800 & 3.84 \\
########################################################
trip 1 : 1 28 31 27 36 6 10 19 25 3 
trip 2 : 3 20 21 24 17 7 8 18 32 9 11 26 4 
trip 3 : 4 29 13 14 22 23 15 16 5 
trip 4 : 5 35 12 33 34 30 2 
tour : 1 28 31 27 36 6 10 19 25 3 20 21 24 17 7 8 18 32 9 11 26 4 29 13 14 22 23 15 16 5 35 12 33 34 30 2
Cost 800.0
########################################################
