Application parameters:
  batch  =>  nothing
  tikz  =>  "/TIKZ/T3-100-3-4.tex"
  instance  =>  "/IN/T3-100-3-4.ophs"
  out  =>  "/OUT/T3-100-3-4.sol"
  nosolve  =>  false
  ub  =>  -800
  complete  =>  false
  cfg  =>  "/BWTSP/src/../config/OPHS.cfg"
VRPSolver warning: Interval set for resource 1 on source node (when source != sink) is ignored (by definition is [0.0,0.0])
VRPSolver warning: Interval set for resource 1 on source node (when source != sink) is ignored (by definition is [0.0,0.0])
VRPSolver warning: Interval set for resource 1 on source node (when source != sink) is ignored (by definition is [0.0,0.0])
VRPSolver warning: Interval set for resource 1 on source node (when source != sink) is ignored (by definition is [0.0,0.0])
[41m solve [00m
~~~~~~~~~~~~~~~~~~~~~~~~~~~~~~~~~~~~~~~~~~~~~~~~~~~~~~~~~~~~~~~~~~~~~~~~~~~~~~
VRPSolver v0.4.1, 24/03/2021. Web: vrpsolver.math.u-bordeaux.fr
Corresponds to the solver by Pessoa, Sadykov, Uchoa and Vanderbeck (2020)
Paper: dx.doi.org/10.1007/s10107-020-01523-z
USE THIS CODE ONLY FOR ACADEMIC PURPOSES AT YOUR OWN RISK
~~~~~~~~~~~~~~~~~~~~~~~~~~~~~~~~~~~~~~~~~~~~~~~~~~~~~~~~~~~~~~~~~~~~~~~~~~~~~~
BaPCod v053, 24/03/2021, © Inria Bordeaux, France
~~~~~~~~~~~~~~~~~~~~~~~~~~~~~~~~~~~~~~~~~~~~~~~~~~~~~~~~~~~~~~~~~~~~~~~~~~~~~~
VRPSolver parameters:
GlobalTimeLimit = 18000
MaxNbOfBBtreeNodeTreated = 100000
treeSearchStrategy = 1
RCSPstopCutGenTimeThresholdInPricing = 10
RCSPhardTimeThresholdInPricing = 25
RCSPnumberOfBucketsPerVertex = 25
RCSPdynamicBucketSteps = 1
RCSPuseBidirectionalSearch = 2
RCSPapplyReducedCostFixing = 1
RCSPredCostFixingFalseGap = 0
RCSPmaxNumOfColsPerIteration = 30
RCSPmaxNumOfColsPerExactIteration = 150
RCSPheurLabelingStrategy = 0
StabilizationMinPhaseOfStage = 0
RCSPmaxNumOfLabelsInEnumeration = 500000
RCSPmaxNumOfEnumeratedSolutions = 5000000
RCSPmaxNumOfEnumSolutionsForMIP = 10000
RCSPinitNGneighbourhoodSize = 8
RCSPmaxNGneighbourhoodSize = 8
RCSPrankOneCutsMaxNumPerRound = 100
RCSPrankOneCutsMaxNumRows = 5
RCSPrankOneCutsMemoryType = 0
CutTailingOffThreshold = 0.015
CutTailingOffCounterThreshold = 3
SafeDualBoundScaleFactor = -1
StrongBranchingPhaseOneCandidatesNumber = 100
StrongBranchingPhaseOneTreeSizeEstimRatio = 0.2
StrongBranchingPhaseTwoCandidatesNumber = 3
StrongBranchingPhaseTwoTreeSizeEstimRatio = 0.02
MaxTimeForRestrictedMasterIpHeur = -1
DivingHeurUseDepthLimit = 0
MaxLDSbreadth = 1
MaxLDSdepth = 10000
New model incumbent solution -799, TIME = 0h0m0s2t = 2
Model is built TIME = 0h0m0s84t = 84
************************************************************************************************
**** BaB tree root node
**** Local DB = -1e+12, global bounds : [ -1e+12 , -799 ], TIME = 0h0m0s84t = 84
**** 1 open nodes, 0 columns (0 active), 0 dyn. constrs. (0 active), 167 art. vars. (167 active)
************************************************************************************************
--------------------------------------------------------------------------
BaPCod info : first we run the root node with rank-1 cuts with node memory
--------------------------------------------------------------------------
<DWph=2> <it= 10> <et=0.88> <Mt= 0.00> <Spt= 0.03> <nCl=150> <DB=-1208.0968> <Mlp= -740.2581> <PB=-798.99999> 
<DWph=2> <it= 20> <et=0.92> <Mt= 0.01> <Spt= 0.03> <nCl=151> <DB= -805.9540> <Mlp= -792.8000> <PB=-798.99999> 
<DWph=2> <it= 27> <et=0.96> <Mt= 0.00> <Spt= 0.04> <nCl= 31> <DB= -800.0000> <Mlp= -800.0000> <PB=-800> 
<DWph=1> <it= 30> <et=1.00> <Mt= 0.00> <Spt= 0.04> <nCl= 24> <DB= -815.8652> <Mlp= -800.0000> <PB=-800> 
<DWph=1> <it= 37> <et=1.11> <Mt= 0.01> <Spt= 0.10> <nCl= 21> <DB= -800.0000> <Mlp= -800.0000> <PB=-800> 
<DWph=0> <it= 39> <et=1.16> <Mt= 0.00> <Spt= 0.05> <nCl=  9> <DB= -800.8343> <Mlp= -800.0000> <PB=-800> 
ColGenEvalAlg final dual bound: -800.834 (rounded: -800)
New model incumbent solution -800, TIME = 0h0m1s17t = 117
************************************************************************************************
Search is finished, global bounds : [ -800 , -800 ], TIME = 0h0m1s17t = 117
************************************************************************************************
[32mBaPCod : solution defined.[00m
statistics_cols: instance & :Optimal & cutoff & :bcRecRootDb & :bcTimeRootEval & :bcCountNodeProc & :bcRecBestDb & :bcRecBestInc & :bcTimeMain \\
statistics: T3-100-3-4 & 1 & -798.99999 & -800.00 & 1.17 & 1 & -800.00 & -800 & 1.17 \\
########################################################
trip 1 : 1 28 26 11 9 32 18 8 7 24 21 25 3 
trip 2 : 3 20 19 17 10 6 12 35 16 4 
trip 3 : 4 15 23 22 14 13 5 
trip 4 : 5 29 34 33 30 36 27 31 2 
tour : 1 28 26 11 9 32 18 8 7 24 21 25 3 20 19 17 10 6 12 35 16 4 15 23 22 14 13 5 29 34 33 30 36 27 31 2
Cost 800.0
########################################################
