Application parameters:
  batch  =>  nothing
  tikz  =>  "/TIKZ/T3-85-3-4.tex"
  instance  =>  "/IN/T3-85-3-4.ophs"
  out  =>  "/OUT/T3-85-3-4.sol"
  nosolve  =>  false
  ub  =>  -740
  complete  =>  false
  cfg  =>  "/BWTSP/src/../config/OPHS.cfg"
VRPSolver warning: Interval set for resource 1 on source node (when source != sink) is ignored (by definition is [0.0,0.0])
VRPSolver warning: Interval set for resource 1 on source node (when source != sink) is ignored (by definition is [0.0,0.0])
VRPSolver warning: Interval set for resource 1 on source node (when source != sink) is ignored (by definition is [0.0,0.0])
VRPSolver warning: Interval set for resource 1 on source node (when source != sink) is ignored (by definition is [0.0,0.0])
[41m solve [00m
~~~~~~~~~~~~~~~~~~~~~~~~~~~~~~~~~~~~~~~~~~~~~~~~~~~~~~~~~~~~~~~~~~~~~~~~~~~~~~
VRPSolver v0.4.1, 24/03/2021. Web: vrpsolver.math.u-bordeaux.fr
Corresponds to the solver by Pessoa, Sadykov, Uchoa and Vanderbeck (2020)
Paper: dx.doi.org/10.1007/s10107-020-01523-z
USE THIS CODE ONLY FOR ACADEMIC PURPOSES AT YOUR OWN RISK
~~~~~~~~~~~~~~~~~~~~~~~~~~~~~~~~~~~~~~~~~~~~~~~~~~~~~~~~~~~~~~~~~~~~~~~~~~~~~~
BaPCod v053, 24/03/2021, © Inria Bordeaux, France
~~~~~~~~~~~~~~~~~~~~~~~~~~~~~~~~~~~~~~~~~~~~~~~~~~~~~~~~~~~~~~~~~~~~~~~~~~~~~~
VRPSolver parameters:
GlobalTimeLimit = 18000
MaxNbOfBBtreeNodeTreated = 100000
treeSearchStrategy = 1
RCSPstopCutGenTimeThresholdInPricing = 10
RCSPhardTimeThresholdInPricing = 25
RCSPnumberOfBucketsPerVertex = 25
RCSPdynamicBucketSteps = 1
RCSPuseBidirectionalSearch = 2
RCSPapplyReducedCostFixing = 1
RCSPredCostFixingFalseGap = 0
RCSPmaxNumOfColsPerIteration = 30
RCSPmaxNumOfColsPerExactIteration = 150
RCSPheurLabelingStrategy = 0
StabilizationMinPhaseOfStage = 0
RCSPmaxNumOfLabelsInEnumeration = 500000
RCSPmaxNumOfEnumeratedSolutions = 5000000
RCSPmaxNumOfEnumSolutionsForMIP = 10000
RCSPinitNGneighbourhoodSize = 8
RCSPmaxNGneighbourhoodSize = 8
RCSPrankOneCutsMaxNumPerRound = 100
RCSPrankOneCutsMaxNumRows = 5
RCSPrankOneCutsMemoryType = 0
CutTailingOffThreshold = 0.015
CutTailingOffCounterThreshold = 3
SafeDualBoundScaleFactor = -1
StrongBranchingPhaseOneCandidatesNumber = 100
StrongBranchingPhaseOneTreeSizeEstimRatio = 0.2
StrongBranchingPhaseTwoCandidatesNumber = 3
StrongBranchingPhaseTwoTreeSizeEstimRatio = 0.02
MaxTimeForRestrictedMasterIpHeur = -1
DivingHeurUseDepthLimit = 0
MaxLDSbreadth = 1
MaxLDSdepth = 10000
New model incumbent solution -739, TIME = 0h0m0s2t = 2
Model is built TIME = 0h0m0s81t = 81
************************************************************************************************
**** BaB tree root node
**** Local DB = -1e+12, global bounds : [ -1e+12 , -739 ], TIME = 0h0m0s81t = 81
**** 1 open nodes, 0 columns (0 active), 0 dyn. constrs. (0 active), 167 art. vars. (167 active)
************************************************************************************************
--------------------------------------------------------------------------
BaPCod info : first we run the root node with rank-1 cuts with node memory
--------------------------------------------------------------------------
<DWph=2> <it= 10> <et=0.84> <Mt= 0.00> <Spt= 0.02> <nCl=148> <DB= -883.2915> <Mlp= -706.5578> <PB=-738.99999> 
<DWph=2> <it= 20> <et=0.88> <Mt= 0.00> <Spt= 0.04> <nCl= 79> <DB= -740.4545> <Mlp= -737.7273> <PB=-738.99999> 
<DWph=2> <it= 22> <et=0.89> <Mt= 0.01> <Spt= 0.01> <nCl=  1> <DB= -737.7778> <Mlp= -737.7778> <PB=-738.99999> 
<DWph=1> <it= 29> <et=0.97> <Mt= 0.00> <Spt= 0.07> <nCl= 27> <DB= -740.0000> <Mlp= -740.0000> <PB=-740> 
<DWph=0> <it= 30> <et=0.99> <Mt= 0.00> <Spt= 0.02> <nCl= 11> <DB= -744.9607> <Mlp= -740.0000> <PB=-740> 
<DWph=0> <it= 32> <et=1.05> <Mt= 0.00> <Spt= 0.06> <nCl=  1> <DB= -740.0000> <Mlp= -740.0000> <PB=-740> 
ColGenEvalAlg final dual bound: -740 (rounded: -740)
New model incumbent solution -740, TIME = 0h0m1s6t = 106
************************************************************************************************
Search is finished, global bounds : [ -740 , -740 ], TIME = 0h0m1s6t = 106
************************************************************************************************
[32mBaPCod : solution defined.[00m
statistics_cols: instance & :Optimal & cutoff & :bcRecRootDb & :bcTimeRootEval & :bcCountNodeProc & :bcRecBestDb & :bcRecBestInc & :bcTimeMain \\
statistics: T3-85-3-4 & 1 & -738.99999 & -740.00 & 1.06 & 1 & -740.00 & -740 & 1.06 \\
########################################################
trip 1 : 1 28 29 13 14 22 23 3 
trip 2 : 3 15 34 30 33 16 4 
trip 3 : 4 35 12 6 10 7 17 19 20 21 5 
trip 4 : 5 24 8 18 32 9 11 26 31 27 2 
tour : 1 28 29 13 14 22 23 3 15 34 30 33 16 4 35 12 6 10 7 17 19 20 21 5 24 8 18 32 9 11 26 31 27 2
Cost 740.0
########################################################
