Application parameters:
  batch  =>  nothing
  tikz  =>  "/TIKZ/T3-90-3-4.tex"
  instance  =>  "/IN/T3-90-3-4.ophs"
  out  =>  "/OUT/T3-90-3-4.sol"
  nosolve  =>  false
  ub  =>  -770
  complete  =>  false
  cfg  =>  "/BWTSP/src/../config/OPHS.cfg"
VRPSolver warning: Interval set for resource 1 on source node (when source != sink) is ignored (by definition is [0.0,0.0])
VRPSolver warning: Interval set for resource 1 on source node (when source != sink) is ignored (by definition is [0.0,0.0])
VRPSolver warning: Interval set for resource 1 on source node (when source != sink) is ignored (by definition is [0.0,0.0])
VRPSolver warning: Interval set for resource 1 on source node (when source != sink) is ignored (by definition is [0.0,0.0])
[41m solve [00m
~~~~~~~~~~~~~~~~~~~~~~~~~~~~~~~~~~~~~~~~~~~~~~~~~~~~~~~~~~~~~~~~~~~~~~~~~~~~~~
VRPSolver v0.4.1, 24/03/2021. Web: vrpsolver.math.u-bordeaux.fr
Corresponds to the solver by Pessoa, Sadykov, Uchoa and Vanderbeck (2020)
Paper: dx.doi.org/10.1007/s10107-020-01523-z
USE THIS CODE ONLY FOR ACADEMIC PURPOSES AT YOUR OWN RISK
~~~~~~~~~~~~~~~~~~~~~~~~~~~~~~~~~~~~~~~~~~~~~~~~~~~~~~~~~~~~~~~~~~~~~~~~~~~~~~
BaPCod v053, 24/03/2021, © Inria Bordeaux, France
~~~~~~~~~~~~~~~~~~~~~~~~~~~~~~~~~~~~~~~~~~~~~~~~~~~~~~~~~~~~~~~~~~~~~~~~~~~~~~
VRPSolver parameters:
GlobalTimeLimit = 18000
MaxNbOfBBtreeNodeTreated = 100000
treeSearchStrategy = 1
RCSPstopCutGenTimeThresholdInPricing = 10
RCSPhardTimeThresholdInPricing = 25
RCSPnumberOfBucketsPerVertex = 25
RCSPdynamicBucketSteps = 1
RCSPuseBidirectionalSearch = 2
RCSPapplyReducedCostFixing = 1
RCSPredCostFixingFalseGap = 0
RCSPmaxNumOfColsPerIteration = 30
RCSPmaxNumOfColsPerExactIteration = 150
RCSPheurLabelingStrategy = 0
StabilizationMinPhaseOfStage = 0
RCSPmaxNumOfLabelsInEnumeration = 500000
RCSPmaxNumOfEnumeratedSolutions = 5000000
RCSPmaxNumOfEnumSolutionsForMIP = 10000
RCSPinitNGneighbourhoodSize = 8
RCSPmaxNGneighbourhoodSize = 8
RCSPrankOneCutsMaxNumPerRound = 100
RCSPrankOneCutsMaxNumRows = 5
RCSPrankOneCutsMemoryType = 0
CutTailingOffThreshold = 0.015
CutTailingOffCounterThreshold = 3
SafeDualBoundScaleFactor = -1
StrongBranchingPhaseOneCandidatesNumber = 100
StrongBranchingPhaseOneTreeSizeEstimRatio = 0.2
StrongBranchingPhaseTwoCandidatesNumber = 3
StrongBranchingPhaseTwoTreeSizeEstimRatio = 0.02
MaxTimeForRestrictedMasterIpHeur = -1
DivingHeurUseDepthLimit = 0
MaxLDSbreadth = 1
MaxLDSdepth = 10000
New model incumbent solution -769, TIME = 0h0m0s2t = 2
Model is built TIME = 0h0m0s82t = 82
************************************************************************************************
**** BaB tree root node
**** Local DB = -1e+12, global bounds : [ -1e+12 , -769 ], TIME = 0h0m0s82t = 82
**** 1 open nodes, 0 columns (0 active), 0 dyn. constrs. (0 active), 167 art. vars. (167 active)
************************************************************************************************
--------------------------------------------------------------------------
BaPCod info : first we run the root node with rank-1 cuts with node memory
--------------------------------------------------------------------------
<DWph=2> <it= 10> <et=0.86> <Mt= 0.00> <Spt= 0.03> <nCl=160> <DB=-1151.0299> <Mlp= -722.7090> <PB=-768.99999> 
<DWph=2> <it= 20> <et=0.90> <Mt= 0.01> <Spt= 0.03> <nCl=117> <DB= -775.1282> <Mlp= -772.8509> <PB=-768.99999> 
<DWph=2> <it= 25> <et=0.92> <Mt= 0.00> <Spt= 0.02> <nCl= 13> <DB= -773.6512> <Mlp= -773.6512> <PB=-768.99999> 
<DWph=1> <it= 30> <et=0.99> <Mt= 0.00> <Spt= 0.06> <nCl= 29> <DB= -775.7390> <Mlp= -775.7390> <PB=-768.99999> 
<DWph=0> <it= 34> <et=1.10> <Mt= 0.01> <Spt= 0.11> <nCl= 18> <DB= -775.8635> <Mlp= -775.8635> <PB=-768.99999> 
Reduced cost fixing for graph G_4... took 0 sec., 1476 buck. arcs remain (22.2% from prev., 3.88% from max.)
Run enumeration... took 0.01 sec. and succeeded! Pricing will be done by inspection.
Reduced cost fixing for graph G_3... took 0 sec., 817 buck. arcs remain (6.17% from prev., 1.8% from max.)
Run enumeration... took 0.01 sec. and succeeded! Pricing will be done by inspection.
Reduced cost fixing for graph G_2... took 0 sec., 1749 buck. arcs remain (13.4% from prev., 3.87% from max.)
Run enumeration... took 0.01 sec. and succeeded! Pricing will be done by inspection.
Reduced cost fixing for graph G_1... took 0 sec., 1923 buck. arcs remain (15.6% from prev., 4.3% from max.)
Run enumeration... took 0.01 sec. and succeeded! Pricing will be done by inspection.
ColGenEvalAlg final dual bound: -775.863 (rounded: -775)
----- Terminating the node by MIP -----
MIP found solution with value -770
New model incumbent solution -770, TIME = 0h0m1s22t = 122
************************************************************************************************
Search is finished, global bounds : [ -770 , -770 ], TIME = 0h0m1s22t = 122
************************************************************************************************
[32mBaPCod : solution defined.[00m
statistics_cols: instance & :Optimal & cutoff & :bcRecRootDb & :bcTimeRootEval & :bcCountNodeProc & :bcRecBestDb & :bcRecBestInc & :bcTimeMain \\
statistics: T3-90-3-4 & 1 & -768.99999 & -770.00 & 1.22 & 1 & -770.00 & -770 & 1.22 \\
########################################################
trip 1 : 1 28 26 11 9 32 18 8 24 21 25 3 
trip 2 : 3 20 19 17 7 10 6 12 35 4 
trip 3 : 4 16 15 23 22 14 5 
trip 4 : 5 13 34 33 30 36 2 
tour : 1 28 26 11 9 32 18 8 24 21 25 3 20 19 17 7 10 6 12 35 4 16 15 23 22 14 5 13 34 33 30 36 2
Cost 770.0
########################################################
