Application parameters:
  batch  =>  nothing
  tikz  =>  "/TIKZ/eil51-H6-T4-S3.tex"
  instance  =>  "/IN/eil51-H6-T4-S3.ophs"
  out  =>  "/OUT/eil51-H6-T4-S3.sol"
  nosolve  =>  false
  ub  =>  -2360
  complete  =>  false
  cfg  =>  "/BWTSP/src/../config/OPHS.cfg"
VRPSolver warning: Interval set for resource 1 on source node (when source != sink) is ignored (by definition is [0.0,0.0])
[41m solve [00m
Info about modified params should be ignored for params which are not in the config file.
Such warnings may have been triggered because the default value of the param was modified.
 BaPCod info - PARAM MODIFIED : 
     StabilizationFunctionType::none 
     ===> 
     StabilFuncInnerAngle = 0 and StabilFuncOuterAngle = 0 
 BaPCod info - PARAM MODIFIED : 
     colGenStabilizationFunctionType::none 
     ===> 
     colGenProximalStabilizationRule::undefined 
~~~~~~~~~~~~~~~~~~~~~~~~~~~~~~~~~~~~~~~~~~~~~~~~~~~~~~~~~~~~~~~~~~~~~~~~~~~~~~
VRPSolver v0.4.1, 24/03/2021. Web: vrpsolver.math.u-bordeaux.fr
Corresponds to the solver by Pessoa, Sadykov, Uchoa and Vanderbeck (2020)
Paper: dx.doi.org/10.1007/s10107-020-01523-z
USE THIS CODE ONLY FOR ACADEMIC PURPOSES AT YOUR OWN RISK
~~~~~~~~~~~~~~~~~~~~~~~~~~~~~~~~~~~~~~~~~~~~~~~~~~~~~~~~~~~~~~~~~~~~~~~~~~~~~~
BaPCod v053, 24/03/2021, © Inria Bordeaux, France
~~~~~~~~~~~~~~~~~~~~~~~~~~~~~~~~~~~~~~~~~~~~~~~~~~~~~~~~~~~~~~~~~~~~~~~~~~~~~~
/* SOLUTION MODE */
  ovfSolMode = none
  masterSolMode = mipSolver
  colGenSubProbSolMode = customSolver
  sepSubProbSolMode = mipSolver

/* MIP SOLVER PARAMETERS */ 
MipSolverMaxBBNodes = 2000000
MipSolverMaxTime = 360000
MipSolverRecordNamesInFormulation = true
nameVarConstrInFormulations = true

/* BRANCH-AND-PRICE CONTROL PARAMETERS */  
MaxNbOfCgIterations = 100000
MaxNbOfBendersIterations = 5000
MaxNbOfBBtreeNodeTreated = 100000

 /* STABILIZATION OF COLUMN GENERATION CONTROL PARAMETERS */ 
mastInitMode = localArtCol
colGenDualPriceSmoothingRule = Wentges
bendersPrimalSolSmoothingRule = none

/* STRATEGIES FOR COLUMN GENERATION CONTROL PARAMETERS */ 
Search4NegRedCostColInInactivePool = false
MultiColGeneration = true

/* STRATEGIES FOR SEPARATION CONTROL PARAMETERS */ 
bendersSpInitMode = localArtVar
bendersSpInitModeUseLocalArtVarForEqualityConstraints = false
BendersSepOracleNthreads = 0
bendersCutGenerationMode = cutAndBranch
bendersMultiSolnCutGen = true
bendersMultiSolnCutGenPoolCapacity = 0
bendersMultiSolnCutGenEleminateSeenSolns = false

/* PRIMAL HEURISTIC CONTROL PARAMETERS */ 
UseInitialPrimalHeur = false
UseDivingHeur = true
UseRestrictedMasterIpHeur = true

/* Code OUTPUT CONTROL  */ 
DEFAULTPRINTLEVEL = 0
ClockType = 0

/* SOLVER Name */
solverName = CPLEX_SOLVER

/* ADVANCED USER PARAMETERS */
ApplyPreprocessing = true
ApplyStrongBranchingEvaluation = true
StrongBranchingParameter4MaxNbOfCandidates = 10
MaxNbOfStagesInColGenProcedure = 3
GenerateProperColumns = false
DynamicSpVarGen = false
bendersCutScaling = false

!!-- ADVANCED PARAMETERS --!! 

/* MIP SOLVER PARAMETERS */ 
MipSolverMaxNbLpIterations = 2147483645
RequiredSolStatForOvf = SolutionStatus includes     Optimum ,    PrimalFeasSolFound ,

PreprocessorOnForOvf = true
ProbingOnForOvf = true
AutomaticCuttingPlanesOnForOvf = true
SolverSelectForOvf = d
RequiredSolStatForMast = SolutionStatus includes     Optimum ,    DualFeasSolFound ,    OptimumUnscalInfeas ,

PreprocessorOnForMast = true
ProbingOnForMast = true
AutomaticCuttingPlanesOnForMast = true
SolverSelectForMast = a
SolverSelectForMastAfterBarrierConvergence = d
RequiredSolStatForColGenSp = SolutionStatus includes     Optimum ,    PrimalFeasSolFound ,

PreprocessorOnForColGenSp = true
ProbingOnForColGenSp = true
AutomaticCuttingPlanesOnForColGenSp = true
SolverSelectForSepSp = d
RequiredSolStatForSepSp = SolutionStatus includes     Optimum ,    PrimalFeasSolFound ,

PreprocessorOnForSepSp = true
ProbingOnForSepSp = true
AutomaticCuttingPlanesOnForSepSp = true
SolverSelectForSepSp = d
SafeDualBoundScaleFactor = -1
MasterMipSolverRightHAndSideZeroTol = 1e-07
MasterMipSolverReducedCostTolerance = 1e-07
MasterMipSolverClassicalBendersWarmStart = false
MasterMipSolverClassicalBendersEpGap = 0.01
MasterMipSolverClassicalBendersEpGapFactor = 0.5
MasterMipSolverClassicalBendersMIPEmphasis = 0
MasterMipSolverBarrierMinConvergTol = 1e-06
MasterMipSolverBarrierConvergTolFactor = 0.01
ColGenMipSolverRightHAndSideZeroTol = 1e-08
ColGenMipSolverReducedCostTolerance = 1e-06
BendersSpMipSolverRightHAndSideZeroTol = 1e-06
BendersSpMipSolverReducedCostTolerance = 1e-08
MipSolverMultiThread = 1
MipSolverIntegerFeasibility = 1e-08
MipSolverNbOfExtraRows = 1000
MipSolverNbOfExtraCols = 1000
MipSolverNbOfExtraGlobalEntities = 10000
MipSolverNbOfExtraMatrixElements = 50000
MipSolverNbOfExtraElementsInPresolve = 1000

/* BRANCH-AND-PRICE CONTROL PARAMETERS */  
MaxNbOfColPerIteration = 1
MaxDepthInBBtree = 5000
StopWhenBranchingFails = true
fullSearchForBestBranchingSet = true
BapCodReducedCostTolerance = 1e-06
BapCodCutViolationTolerance = 0.02
BapCodIntegralityTolerance = 1e-08
treeSearchStrategy = 1

/* BRANCH-AND-PRICE OPTION PARAMETERS */ 
PseudoLagrangianBounds = false
DCP_MaxIterWithSameSg = 0
TestAggregateMasterSol4Integrality = false
VerifyColsIntegralityInTestSolForIntegrality = false
BranchFirstOnPureMasterVariables = true
BranchFirstOnSubProblemVariables = false
StrongBranchingParameter4BestVsWorstBd = 0.9
StrongBranchingParameter4MaxNbOfCandidatesAfterRM = 5
StrongBranchingParameter4NodesNbRatio = 0.1
StrongBranchingParameter4NotPromissingConservativeness = 1
StrongBranchingPhaseOne = max#cand. = 100 max#cg.iters = 0 min.lvl.sp.restr. = 0 min#cut.rounds = 0 max#cut.rounds = 0 red.cost.fix&enum. = false tree.size.ratio = 0.2
StrongBranchingPhaseTwo = max#cand. = 3 max#cg.iters = 10000 min.lvl.sp.restr. = 1 min#cut.rounds = 0 max#cut.rounds = 0 red.cost.fix&enum. = false tree.size.ratio = 0.02
StrongBranchingPhaseThree = max#cand. = 1 max#cg.iters = 10000 min.lvl.sp.restr. = 0 min#cut.rounds = 0 max#cut.rounds = 10000 red.cost.fix&enum. = true tree.size.ratio = 1
StrongBranchingPhaseFour =not active
StrongBranchingPhaseOneCandidatesNumber = 100
StrongBranchingPhaseOneTreeSizeEstimRatio = 0.2
StrongBranchingPhaseTwoCandidatesNumber = 3
StrongBranchingPhaseTwoTreeSizeEstimRatio = 0.02
StrongBranchingExactPhaseInterrupt = false
StrongBranchingUseHistorySubtreeSize = false
TerminateCgWhenRoundedDbCannotImprove = false
UseObjScalingFact = false
UseMasterCuttingPlanes = true
ExploreCutPoolBeforeSeparation = true
GoIntoSeparationEvenIfViolatedCutsFromPool = false
MasterCuttingPlanesDepthLimit = 1000
MaxNbOfCutGeneratedAtEachIter = 1000
NbOfCutTargetedBeforeSwitchingTemplate = 10
OpenNodesLimit = 1000

 /* STABILIZATION OF COLUMN GENERATION CONTROL PARAMETERS */ 
LocArtVarInConvexityConstr = true
dualCPInitWithArtCol = false
ArtVarPenaltyUpdateFactor = 2
ArtVarUniformPenaltyUpdate = true
ArtVarMaxNbOfPenaltyUpdates = 5
BendersSepSpArtVarPenaltyUpdateFactor = 5
BendersSepSpArtVarUniformPenaltyUpdate = true
BendersSepSpArtVarMaxNbOfPenaltyUpdates = 3
BendersSepSpArtVarPenaltyInit = 1
BendersSepSpFreeCostArtVar = false
BendersSepSpFreeCostArtVarMaxNbOfLBResets = -1
colGenStabilizationFunctionType = none
colGenProximalStabilizationRule = undefined
bendersProximalStabilizationFunctionType = none
StabilFuncKappa = 1
StabilFuncArtVarInSolUpdateFactor = 10
StabilFuncCurvature = 1
StabilFuncCurvatureAdvanceRate = 1
StabilFuncOuterHalfInterval = 100
StabilFuncInnerHalfInterval = 10
StabilFuncHalfIntervalChildNodeFactor = 10
StabilFuncOuterAngle = 0
StabilFuncInnerAngle = 0
colGenDualPriceSmoothingAlphaFactor = 1
colGenDualPriceSmoothingBetaFactor = 0
colGenDualPriceSmoothingMinGap = 0
colGenDualPriceSmoothingMaxGap = 0
bendersPrimalSolSmoothingAlphaFactor = 0
bendersPrimalSolSmoothingBetaFactor = 0
bendersPrimalSolSmoothingMinGap = 0
bendersPrimalSolSmoothingMaxGap = 0
colGenStabilizationMaxTreeDepth = 10000
bendersStabilizationMaxTreeDepthStabilizationMaxTreeDepth = 10000
colGenDualPriceSmoothingMaxNbOfUpdate = 10
bendersPrimalSolSmoothingMaxNbOfUpdate = 10
StabilizationMinPhaseOfStage = 0

/* STRATEGIES FOR COLUMN GENERATION CONTROL PARAMETERS */ 
SplitColIntoDissagregateSpVar = false
SplitColIntoDissagregateSpVarInHeadIn = true
dynamicallyAddVarConstrInCallBacks = false
PriceAllSubproblemsForBestDualBound = true
CyclicSpScanning = false
Col4AllSubproblems = false
UseColumnsPool = false
InsertAllGeneratedColumnsInFormRatherThanInPool = true
InsertNewNonNegColumnsDirectlyInFormRatherThanInPool = true
ColumnCleanupFrequenceInNbOfCgIter = 1
ColumnCleanupThreshold = 10000
ColumnCleanupRatio = 0.66
CutCleanupThreshold = 1
CutTailingOffThreshold = 0.015
CutTailingOffCounterThreshold = 3
CutTailingOffAbsTolerance = -1
MinNumOfCutRoundsBeforeStopBySp = 1
CutCleanupRatio = 0.66
CutDynamicPriorityLevel = false
SetColFromBasisWhenProcNewNode = true
SetVarWithLowRedCostOnlyWhenProcNewNode = false
CleanupMasterCutsWhenProcNewNode = false
ReducedCostFixingThreshold = 0.9
runColGenUntilFullConvergence = false

/* PRIMAL HEURISTIC CONTROL PARAMETERS */ 
UseGreedyHeur = 0
MaxNbGhIter = 50
UseSeqRoundingHeur = false
UseFeasibilityPumpHeur = false
UseCustomFracSolBasedHeur = false
UseDive2RestrictHeur = false
UseLocalSearchHeur = false
UseDivingProximalHeur = false
UseRestrictMastProximalHeur = false
ActivateAllColumnsForRestrictedMasterIpHeur = false
MaxTimeForRestrictedMasterIpHeur = -1
PolishingAfterTimeInRestrictedMasterIpHeur = -1
MaxNumEnumSolsInRestrictedMasterIpHeur = 5000
MIPemphasisInRestrictedMasterIpHeur = 1
CallFrequencyOfRestrictedMasterIpHeur = 5
CallFrequencyOfDivingHeur = 1
UseDivingHeurAfterBranchOnly = false
UseDivingHeurOnMasterColOnly = true
UseDivingHeurOnPureMastVarOnly = false
UseSeqRoundingHeurAfterBranchOnly = false
MaxFeasibilityPumpIterationCounter = 20
FeasibilityPumpModCostFunction = 2
MaxLocalSearchIterationCounter = 3
MaxProximalIterationCounter = 3
MaxDepthInDivingHeur = 50
EvalAlgParamsInDiving = max#cand. = 1 max#cg.iters = 10000 min.lvl.sp.restr. = 1 min#cut.rounds = 0 max#cut.rounds = 0 red.cost.fix&enum. = false tree.size.ratio = 1
MaxFactorOfPartialSolValueInDive2RestrictHeur = 0.5
MaxFactorOfColFixedByLocalSearchHeur = 0.8
StrongDivingCandidatesNumber = 1
MaxNbOfCgIteDuringRh = 5000
MaxNbOfPenaltUpdatesDuringRH = 10
MaxLDSbreadth = 0
MaxLDSdepth = 0
DivingHeurUseDepthLimit = -1
LocalSearchHeurUseDepthLimit = 2
DivingHeurStopsWithFirstFeasSol = false
DivingHeurPreprocessBeforeChoosingVar = false
FixIntValBeforeRoundingHeur = true
IgnoreIntValWhenSelectingRoundedVarInRH = true
NbOfSelectionCriteriaForRoundingHeur = 1
RecordingNodeInfo = false
/* RCSP SOLVER CONTROL PARAMETERS */ 
RCSPcheckDominInOtherBuckets = true
RCSPuseBidirectionalSearch = 2
RCSPuseCompletionBoundsInPricing = 0
RCSPdomChecksThresholdInPricing = 1e+15
RCSPstopCutGenTimeThresholdInPricing = 10
RCSPhardTimeThresholdInPricing = 25
RCSPmaxNumOfColsPerIteration = 30
RCSPmaxNumOfColsPerExactIteration = 150
RCSPallowRoutesWithSameVerticesSet = true
RCSPheurLabelingStrategy = 0
RCSPnumberOfBucketsPerVertex = 25
RCSPdynamicBucketSteps = 1
RCSPdynBuckStepAdjustRatioThreshold = 500
RCSPdynBuckStepAdjustNumBuckArcsThreshold = 10000
RCSPapplyReducedCostFixing = 1
RCSPredCostFixingFalseGap = 0
RCSPuseComplBoundsInRedCostFixing = 2
RCSPuseDSSRInMode = 0
RCSPmaxNumOfColumnsInDSSR = 100
RCSPmaxCycleSizeInDSSR = 5
RCSPdynamicNGmode = 0
RCSPmaxNumOfColumnsInDynamicNG = 100
RCSPmaxCycleSizeInDynamicNG = 5
RCSPmaxNGneighbourhoodSize = 8
RCSPmaxNGneighbourhoodSize = 8
RCSPmaxNGaverNeighbourhoodSize = 8
RCSPuseCapacityCuts = true
RCSPresConsKnapsackCutsMode = 8
RCSPcapCutsMaxNumPerRound = 100
RCSPcliqueCutsMaxNumPerRound = 0
RCSPcliqueCutsMaxSepTime = 5
RCSPrankOneCutsMaxNumRows = 5
RCSPrankOneCutsMaxNumPerRound = 100
RCSPrankOneCutsMemoryType = 0
RCSPrankOneCutsArcMemoryType = 2
RCSPrankOneCutsSpDependentMemory = false
RCSPrankOneCutsLSnumIterations = 1000
RCSPrankOneCutsNeighbourhoodSize = 16
RCSPrankOneCutsMaxNumTriplets = 10000
RCSPuseExactComplBoundsInEnumeration = true
RCSPmaxGapToRunEnumeration = 1
RCSPmaxNumOfLabelsInEnumeration = 0
RCSPmaxNumOfLabelsInHeurEnumeration = 0
RCSPmaxNumOfEnumeratedSolutions = 0
RCSPmaxNumOfEnumSolutionsForMIP = 10000
RCSPmaxNumOfEnumSolsForEndOfNodeMIP = 10000
RCSPstopRatioForConcatenationInEnum = 30
RCSPenableSimplePricing = false
LeastFractional
Closest2RoundUp
LeastGreedyCost
LeastCost
selectColBasedOnLpSoInDivingHeur = false
breakTiesByGreedyCostInRh = true
RestrictedMasterIpHeurColRenewalBeforeReUse = 0.5

/* Code OUTPUT CONTROL  */ 
ColGenLogFrequency = 1
BundleOutput = 0
time key = bcTimeNow
time key = now
/* BOUND */
minimizationProblem = true
integerValuedBound = true
optimalityGapTolerance = 1e-06
relOptimalityGapTolerance = 1e-06
/* ADVANCED PARAMETERS */
useDirectAccessForMastColumnMembership = false
useSPVarMembershipCache = false
CheckSpOracleFeasibility = false
CheckOracleOptimality = false

prName & bcTimeMain \\ 
New model incumbent solution -2359, TIME = 0h0m0s3t = 3
Bucket steps were recalculated for graph G_1 : [3.1601]
RCSP solver info : non-symmetric case as the reverse arc for 0->6 does not exist
Bidirectional border value is initialised to 38.9
RCSP solver info : number of forw. reachable buckets / buck. strongly connected components is 1276( 79.7002% ) / 1254( 98.2759% )
RCSP solver info : number of back. reachable buckets / buck. strongly connected components is 1253( 78.2636% ) / 1231( 98.2442% )
Generating neibourhoods for rank-1 cuts separation
Building structures for 4- and 5-row rank-1 packing cut separation...done!
Model is built TIME = 0h0m0s96t = 96
************************************************************************************************
**** BaB tree root node
**** Local DB = -1e+12, global bounds : [ -1e+12 , -2359 ], TIME = 0h0m0s96t = 96
**** 1 open nodes, 0 columns (0 active), 0 dyn. constrs. (0 active), 222 art. vars. (222 active)
************************************************************************************************
--------------------------------------------------------------------------
BaPCod info : first we run the root node with rank-1 cuts with node memory
--------------------------------------------------------------------------
#<DWph=2> <it=  1> <et=0.96> <Mt= 0.00> <Spt= 0.00> <nCl=  6> <al=0.00> <DB=-1524000.0000> <Mlp=96000.0000> <PB=-2359> 
#<DWph=2> <it=  2> <et=0.97> <Mt= 0.00> <Spt= 0.00> <nCl=  6> <al=0.55> <DB=-1188450.0000> <Mlp=89680.0000> <PB=-2359> 
#<DWph=2> <it=  3> <et=0.97> <Mt= 0.00> <Spt= 0.00> <nCl=  6> <al=0.45> <DB=-664772.8667> <Mlp=71066.6667> <PB=-2359> 
#<DWph=2> <it=  4> <et=0.97> <Mt= 0.00> <Spt= 0.00> <nCl=  6> <al=0.35> <DB=-285678.1350> <Mlp=58650.0000> <PB=-2359> 
#<DWph=2> <it=  5> <et=0.97> <Mt= 0.00> <Spt= 0.01> <nCl=  6> <al=0.25> <DB=-155501.4714> <Mlp=45348.3333> <PB=-2359> 
#<DWph=2> <it=  6> <et=0.98> <Mt= 0.00> <Spt= 0.00> <nCl=  6> <al=0.33> <DB=-224716.0346> <Mlp= 6460.6250> <PB=-2359> 
<DWph=2> <it=  7> <et=0.98> <Mt= 0.00> <Spt= 0.00> <nCl=  1> <al=0.39> <DB=-62167.3150> <Mlp=-2077.0833> <PB=-2359> 
<DWph=2> <it=  8> <et=0.98> <Mt= 0.00> <Spt= 0.00> <nCl=  2> <al=0.29> <DB=-19480.7837> <Mlp=-2120.0000> <PB=-2359> 
<DWph=2> <it=  9> <et=0.98> <Mt= 0.00> <Spt= 0.00> <nCl=  5> <al=0.19> <DB=-5390.4430> <Mlp=-2122.5000> <PB=-2359> 
<DWph=2> <it= 10> <et=0.99> <Mt= 0.00> <Spt= 0.01> <nCl=  6> <al=0.09> <DB=-3268.0696> <Mlp=-2151.8750> <PB=-2359> 
<DWph=2> <it= 11> <et=0.99> <Mt= 0.00> <Spt= 0.00> <nCl=  6> <al=0.00> <DB=-3130.7089> <Mlp=-2218.2655> <PB=-2359> 
<DWph=2> <it= 12> <et=0.99> <Mt= 0.00> <Spt= 0.00> <nCl=  6> <al=0.09> <DB=-2971.1358> <Mlp=-2257.2109> <PB=-2359> 
<DWph=2> <it= 13> <et=0.99> <Mt= 0.00> <Spt= 0.00> <nCl=  6> <al=0.18> <DB=-2919.1831> <Mlp=-2273.7961> <PB=-2359> 
<DWph=2> <it= 14> <et=1.00> <Mt= 0.00> <Spt= 0.00> <nCl=  6> <al=0.27> <DB=-2818.7530> <Mlp=-2321.6071> <PB=-2359> 
<DWph=2> <it= 15> <et=1.00> <Mt= 0.00> <Spt= 0.01> <nCl=  6> <al=0.34> <DB=-2693.4193> <Mlp=-2345.6967> <PB=-2359> 
<DWph=2> <it= 16> <et=1.00> <Mt= 0.00> <Spt= 0.00> <nCl=  6> <al=0.24> <DB=-2632.3538> <Mlp=-2355.9570> <PB=-2359> 
<DWph=2> <it= 17> <et=1.00> <Mt= 0.00> <Spt= 0.00> <nCl=  6> <al=0.32> <DB=-2591.9494> <Mlp=-2376.7540> <PB=-2359> 
<DWph=2> <it= 18> <et=1.01> <Mt= 0.00> <Spt= 0.00> <nCl=  6> <al=0.38> <DB=-2682.8516> <Mlp=-2383.8678> <PB=-2359> 
<DWph=2> <it= 19> <et=1.01> <Mt= 0.00> <Spt= 0.00> <nCl=  5> <al=0.45> <DB=-2609.4001> <Mlp=-2388.4169> <PB=-2359> 
<DWph=2> <it= 20> <et=1.01> <Mt= 0.00> <Spt= 0.01> <nCl=  3> <al=0.50> <DB=-2633.9618> <Mlp=-2390.9471> <PB=-2359> 
<DWph=2> <it= 21> <et=1.02> <Mt= 0.00> <Spt= 0.00> <nCl=  2> <al=0.40> <DB=-2522.2475> <Mlp=-2393.9881> <PB=-2359> 
<DWph=2> <it= 22> <et=1.02> <Mt= 0.01> <Spt= 0.00> <nCl=  3> <al=0.30> <DB=-2527.5774> <Mlp=-2394.4898> <PB=-2359> 
<DWph=2> <it= 23> <et=1.02> <Mt= 0.00> <Spt= 0.00> <nCl=  5> <al=0.37> <DB=-2492.9737> <Mlp=-2395.2936> <PB=-2359> 
<DWph=2> <it= 24> <et=1.02> <Mt= 0.00> <Spt= 0.00> <nCl=  2> <al=0.43> <DB=-2441.9691> <Mlp=-2395.5247> <PB=-2359> 
<DWph=2> <it= 25> <et=1.03> <Mt= 0.00> <Spt= 0.01> <nCl=  2> <al=0.49> <DB=-2512.4272> <Mlp=-2395.8988> <PB=-2359> 
<DWph=2> <it= 26> <et=1.03> <Mt= 0.00> <Spt= 0.00> <nCl=  3> <al=0.54> <DB=-2424.5709> <Mlp=-2395.9736> <PB=-2359> 
<DWph=2> <it= 27> <et=1.03> <Mt= 0.00> <Spt= 0.00> <nCl=  4> <al=0.59> <DB=-2537.6021> <Mlp=-2396.5969> <PB=-2359> 
<DWph=2> <it= 28> <et=1.03> <Mt= 0.00> <Spt= 0.00> <nCl=  3> <al=0.63> <DB=-2440.0058> <Mlp=-2403.7474> <PB=-2359> 
<DWph=2> <it= 29> <et=1.04> <Mt= 0.00> <Spt= 0.00> <nCl=  1> <al=0.67> <DB=-2444.4370> <Mlp=-2405.0809> <PB=-2359> 
<DWph=2> <it= 30> <et=1.04> <Mt= 0.00> <Spt= 0.01> <nCl=  1> <al=0.70> <DB=-2420.9217> <Mlp=-2405.0809> <PB=-2359> 
<DWph=2> <it= 31> <et=1.04> <Mt= 0.00> <Spt= 0.00> <nCl=  1> <al=0.73> <DB=-2420.7173> <Mlp=-2405.8400> <PB=-2359> 
<DWph=2> <it= 32> <et=1.04> <Mt= 0.00> <Spt= 0.00> <nCl=  1> <al=0.76> <DB=-2436.5329> <Mlp=-2405.8400> <PB=-2359> 
<DWph=2> <it= 33> <et=1.05> <Mt= 0.00> <Spt= 0.00> <nCl=  2> <al=0.78> <DB=-2424.8394> <Mlp=-2406.5385> <PB=-2359> 
<DWph=2> <it= 34> <et=1.05> <Mt= 0.00> <Spt= 0.01> <nCl=  3> <al=0.36> <DB=-2414.1712> <Mlp=-2406.5789> <PB=-2359> 
<DWph=2> <it= 35> <et=1.05> <Mt= 0.00> <Spt= 0.00> <nCl=  1> <al=0.58> <DB=-2410.4697> <Mlp=-2406.6327> <PB=-2359> 
<DWph=2> <it= 36> <et=1.06> <Mt= 0.00> <Spt= 0.00> <nCl=  1> <al=0.62> <DB=-2409.0442> <Mlp=-2406.6935> <PB=-2359> 
<DWph=2> <it= 37> <et=1.06> <Mt= 0.00> <Spt= 0.00> <nCl=  1> <al=0.52> <DB=-2410.6169> <Mlp=-2406.6935> <PB=-2359> 
<DWph=2> <it= 38> <et=1.07> <Mt= 0.00> <Spt= 0.01> <nCl=  0> <al=0.00> <DB=-2406.6935> <Mlp=-2406.6935> <PB=-2359> 
<DWph=1> <it= 39> <et=1.07> <Mt= 0.00> <Spt= 0.01> <nCl=  5> <al=0.47> <DB=-2536.1290> <Mlp=-2406.6935> <PB=-2359> 
<DWph=1> <it= 40> <et=1.08> <Mt= 0.00> <Spt= 0.00> <nCl=  3> <al=0.47> <DB=-2471.0743> <Mlp=-2408.7692> <PB=-2359> 
<DWph=1> <it= 41> <et=1.09> <Mt= 0.00> <Spt= 0.01> <nCl=  2> <al=0.52> <DB=-2540.0250> <Mlp=-2408.7692> <PB=-2359> 
<DWph=1> <it= 42> <et=1.09> <Mt= 0.00> <Spt= 0.01> <nCl=  2> <al=0.42> <DB=-2434.1991> <Mlp=-2408.9130> <PB=-2359> 
<DWph=1> <it= 43> <et=1.10> <Mt= 0.00> <Spt= 0.00> <nCl=  3> <al=0.32> <DB=-2430.9967> <Mlp=-2409.2857> <PB=-2359> 
<DWph=1> <it= 44> <et=1.11> <Mt= 0.00> <Spt= 0.01> <nCl=  1> <al=0.22> <DB=-2443.5724> <Mlp=-2409.3974> <PB=-2359> 
<DWph=1> <it= 45> <et=1.12> <Mt= 0.01> <Spt= 0.01> <nCl=  2> <al=0.00> <DB=-2414.9091> <Mlp=-2409.4545> <PB=-2359> 
<DWph=1> <it= 46> <et=1.13> <Mt= 0.00> <Spt= 0.01> <nCl=  5> <al=0.02> <DB=-2412.6952> <Mlp=-2409.5000> <PB=-2359> 
<DWph=1> <it= 47> <et=1.14> <Mt= 0.00> <Spt= 0.01> <nCl=  2> <al=0.12> <DB=-2411.6397> <Mlp=-2409.5714> <PB=-2359> 
<DWph=1> <it= 48> <et=1.14> <Mt= 0.00> <Spt= 0.00> <nCl=  2> <al=0.21> <DB=-2413.1374> <Mlp=-2409.5714> <PB=-2359> 
<DWph=1> <it= 49> <et=1.15> <Mt= 0.00> <Spt= 0.01> <nCl=  1> <al=0.29> <DB=-2411.5724> <Mlp=-2409.5946> <PB=-2359> 
<DWph=1> <it= 50> <et=1.16> <Mt= 0.00> <Spt= 0.01> <nCl=  2> <al=0.36> <DB=-2410.7957> <Mlp=-2409.7399> <PB=-2359> 
<DWph=1> <it= 51> <et=1.17> <Mt= 0.00> <Spt= 0.01> <nCl=  0> <al=0.00> <DB=-2409.7414> <Mlp=-2409.7414> <PB=-2359> 
    RCSP exact solver info for graph G_1 : TT = 0.007464, pt = 6.5e-05, dt = 0.005136, ct = 0.001561, ndl = 4', bdl = 9', odl = 2', odf = 16', bsi = 2', cnt = 6', bdch = 93', odch = 26', lcp = 30', #sols = 150
<DWph=0> <it= 52> <et=1.18> <Mt= 0.00> <Spt= 0.01> <nCl= 15> <al=0.32> <DB=-2473.1034> <Mlp=-2409.7414> <PB=-2359> 
    RCSP exact solver info for graph G_1 : TT = 0.008168, pt = 7.5e-05, dt = 0.005469, ct = 0.001804, ndl = 5', bdl = 13', odl = 2', odf = 19', bsi = 2', cnt = 6', bdch = 130', odch = 36', lcp = 41', #sols = 150
<DWph=0> <it= 53> <et=1.19> <Mt= 0.00> <Spt= 0.01> <nCl= 51> <al=0.39> <DB=-2462.8332> <Mlp=-2414.8174> <PB=-2359> 
    RCSP exact solver info for graph G_1 : TT = 0.007833, pt = 6.5e-05, dt = 0.005148, ct = 0.001822, ndl = 5', bdl = 13', odl = 2', odf = 19', bsi = 2', cnt = 6', bdch = 131', odch = 36', lcp = 41', #sols = 150
<DWph=0> <it= 54> <et=1.21> <Mt= 0.00> <Spt= 0.01> <nCl=  3> <al=0.45> <DB=-2446.1649> <Mlp=-2418.4507> <PB=-2359> 
    RCSP exact solver info for graph G_1 : TT = 0.007833, pt = 6e-05, dt = 0.005165, ct = 0.001839, ndl = 5', bdl = 13', odl = 2', odf = 19', bsi = 2', cnt = 6', bdch = 133', odch = 37', lcp = 42', #sols = 150
<DWph=0> <it= 55> <et=1.22> <Mt= 0.00> <Spt= 0.01> <nCl=  2> <al=0.35> <DB=-2429.2051> <Mlp=-2420.0000> <PB=-2359> 
    RCSP exact solver info for graph G_1 : TT = 0.007816, pt = 5.8e-05, dt = 0.005141, ct = 0.001855, ndl = 5', bdl = 13', odl = 2', odf = 19', bsi = 2', cnt = 6', bdch = 131', odch = 36', lcp = 41', #sols = 150
    RCSP exact solver info for graph G_1 : TT = 0.006731, pt = 5.2e-05, dt = 0.004368, ct = 0.001585, ndl = 4', bdl = 9', odl = 2', odf = 16', bsi = 2', cnt = 6', bdch = 95', odch = 27', lcp = 31', #sols = 150
<DWph=0> <it= 56> <et=1.23> <Mt= 0.00> <Spt= 0.02> <nCl=  0> <al=0.00> <DB=-2420.0000> <Mlp=-2420.0000> <PB=-2359> 
Labels distribution in buckets (bucket size) : largest - 23, top 0.1% - 23, top 0.5% - 20, top 2% - 16, top 10% - 10, top 50% - 2
Reduced cost fixing for graph G_1... 6451 buck. arcs remain (18.5% from prev., 10.3% from max.) + 3330 jump buck. arcs (5.31% from max.)
Backward reduced cost fixing... 6451 buck. arcs remain (18.5% from prev., 10.3% from max.) + 3330 jump buck. arcs (5.31% from max.)
 TT = 0.033512, pt = 0.004981, dt = 0.013363, ct = 0.014671, ndl = 17', bdl = 102', odl = 7', odf = 51', lpcb = 296', cnt = 148', bdch = 682', odch = 135', lcp = 197'
Labels distribution in buckets (bucket size) : largest - 31, top 0.1% - 24, top 0.5% - 21, top 2% - 18, top 10% - 12, top 50% - 3
Dynamic params and stats :  bidir.bord. = 38.9 aver.obdmd = 18.3846 aver.buck.num. = 24.6308
ColGenEvalAlg final dual bound: -2420 (rounded: -2420)
data.cuts = 2
>>>>> Add min cuts : 2 cut(s) added
----- Add fac. cuts : UserCuts0(2), max.viol = 2, aver.viol = 1.5, sep/add took 0.74/0 sec. -----
562 columns (562 active), 2 dyn. constrs. (2 active), 226 art. vars. (226 active)
<DWph=2> <it=  1> <et=2.02> <Mt= 0.00> <Spt= 0.00> <nCl=  0> <al=0.00> <DB=-2415.0000> <Mlp=-2415.0000> <PB=-2359> 
<DWph=1> <it=  2> <et=2.02> <Mt= 0.00> <Spt= 0.00> <nCl=  1> <al=0.40> <DB=-2427.5000> <Mlp=-2415.0000> <PB=-2359> 
<DWph=1> <it=  3> <et=2.03> <Mt= 0.00> <Spt= 0.01> <nCl=  0> <al=0.00> <DB=-2415.0000> <Mlp=-2415.0000> <PB=-2359> 
    RCSP exact solver info for graph G_1 : TT = 0.004148, pt = 6.6e-05, dt = 0.002526, ct = 0.000638, ndl = 4', bdl = 4', odl = 1', odf = 12', bsi = 2', cnt = 5', bdch = 56', odch = 19', lcp = 18', #sols = 150
    RCSP exact solver info for graph G_1 : TT = 0.004227, pt = 8.7e-05, dt = 0.002681, ct = 0.000572, ndl = 4', bdl = 4', odl = 1', odf = 12', bsi = 1', cnt = 4', bdch = 54', odch = 18', lcp = 16', #sols = 150
<DWph=0> <it=  4> <et=2.04> <Mt= 0.00> <Spt= 0.01> <nCl=  0> <al=0.00> <DB=-2415.0000> <Mlp=-2415.0000> <PB=-2359> 
    Full reduced cost fixing is not called (gap ratio is 0.918033)
Dynamic params and stats :  bidir.bord. = 38.9 aver.obdmd = 18.3846 aver.buck.num. = 24.6308
ColGenEvalAlg final dual bound: -2415 (rounded: -2415)
Gap improvement since the last cut separation : 0.0819672 (-2420)
data.cuts = 6
>>>>> Add min cuts : 4 cut(s) added
----- Add fac. cuts : UserCuts0(4), max.viol = 0.854167, aver.viol = 0.651042, sep/add took 0.01/0 sec. -----
622 columns (622 active), 6 dyn. constrs. (5 active), 234 art. vars. (232 active)
<DWph=2> <it=  1> <et=2.07> <Mt= 0.01> <Spt= 0.00> <nCl=  0> <al=0.00> <DB=-2411.5385> <Mlp=-2411.5385> <PB=-2359> 
<DWph=1> <it=  2> <et=2.07> <Mt= 0.00> <Spt= 0.01> <nCl=  0> <al=0.00> <DB=-2411.5385> <Mlp=-2411.5385> <PB=-2359> 
    RCSP exact solver info for graph G_1 : TT = 0.003891, pt = 5.9e-05, dt = 0.002403, ct = 0.00065, ndl = 4', bdl = 4', odl = 1', odf = 12', bsi = 2', cnt = 6', bdch = 59', odch = 19', lcp = 19', #sols = 150
    RCSP exact solver info for graph G_1 : TT = 0.003667, pt = 4.3e-05, dt = 0.002228, ct = 0.000658, ndl = 4', bdl = 4', odl = 1', odf = 12', bsi = 2', cnt = 6', bdch = 59', odch = 19', lcp = 19', #sols = 150
<DWph=0> <it=  3> <et=2.08> <Mt= 0.00> <Spt= 0.01> <nCl=  0> <al=0.00> <DB=-2411.5385> <Mlp=-2411.5385> <PB=-2359> 
Labels distribution in buckets (bucket size) : largest - 23, top 0.1% - 23, top 0.5% - 20, top 2% - 16, top 10% - 10, top 50% - 2
Reduced cost fixing for graph G_1... 5737 buck. arcs remain (88.9% from prev., 9.15% from max.) + 3229 jump buck. arcs (5.15% from max.)
Backward reduced cost fixing... 5737 buck. arcs remain (88.9% from prev., 9.15% from max.) + 3229 jump buck. arcs (5.15% from max.)
 TT = 0.018516, pt = 0.001228, dt = 0.007833, ct = 0.00902, ndl = 16', bdl = 32', odl = 4', odf = 38', lpcb = 78', cnt = 139', bdch = 381', odch = 90', lcp = 131'
Labels distribution in buckets (bucket size) : largest - 23, top 0.1% - 23, top 0.5% - 22, top 2% - 19, top 10% - 12, top 50% - 2
Dynamic params and stats :  bidir.bord. = 38.9 aver.obdmd = 18.3846 aver.buck.num. = 24.6308
ColGenEvalAlg final dual bound: -2411.54 (rounded: -2411)
Gap improvement since the last cut separation : 0.0618132 (-2415)
data.cuts = 15
>>>>> Add min cuts : 9 cut(s) added
----- Add fac. cuts : UserCuts0(9), max.viol = 0.984615, aver.viol = 0.480342, sep/add took 0.02/0 sec. -----
646 columns (646 active), 14 dyn. constrs. (13 active), 252 art. vars. (248 active)
<DWph=2> <it=  1> <et=2.13> <Mt= 0.00> <Spt= 0.00> <nCl=  3> <al=0.50> <DB=-2414.2885> <Mlp=-2406.9279> <PB=-2359> 
<DWph=2> <it=  2> <et=2.14> <Mt= 0.00> <Spt= 0.00> <nCl=  0> <al=0.00> <DB=-2407.1526> <Mlp=-2407.1526> <PB=-2359> 
<DWph=1> <it=  3> <et=2.14> <Mt= 0.00> <Spt= 0.01> <nCl=  1> <al=0.45> <DB=-2490.7517> <Mlp=-2407.1526> <PB=-2359> 
<DWph=1> <it=  4> <et=2.14> <Mt= 0.00> <Spt= 0.00> <nCl=  1> <al=0.51> <DB=-2449.4216> <Mlp=-2407.2566> <PB=-2359> 
<DWph=1> <it=  5> <et=2.15> <Mt= 0.00> <Spt= 0.00> <nCl=  0> <al=0.00> <DB=-2407.2650> <Mlp=-2407.2650> <PB=-2359> 
    RCSP exact solver info for graph G_1 : TT = 0.003654, pt = 6.2e-05, dt = 0.002192, ct = 0.000608, ndl = 4', bdl = 3', odl = 1', odf = 11', bsi = 2', cnt = 6', bdch = 52', odch = 16', lcp = 18', #sols = 150
<DWph=0> <it=  6> <et=2.15> <Mt= 0.00> <Spt= 0.01> <nCl=  2> <al=0.31> <DB=-2417.1717> <Mlp=-2407.2650> <PB=-2359> 
    RCSP exact solver info for graph G_1 : TT = 0.003524, pt = 5e-05, dt = 0.002116, ct = 0.000626, ndl = 4', bdl = 3', odl = 1', odf = 11', bsi = 2', cnt = 6', bdch = 54', odch = 17', lcp = 18', #sols = 150
    RCSP exact solver info for graph G_1 : TT = 0.003444, pt = 4.5e-05, dt = 0.002062, ct = 0.000622, ndl = 4', bdl = 3', odl = 1', odf = 11', bsi = 2', cnt = 6', bdch = 54', odch = 17', lcp = 18', #sols = 150
<DWph=0> <it=  7> <et=2.16> <Mt= 0.00> <Spt= 0.01> <nCl=  0> <al=0.00> <DB=-2407.3569> <Mlp=-2407.3569> <PB=-2359> 
    Full reduced cost fixing is not called (gap ratio is 0.920409)
Dynamic params and stats :  bidir.bord. = 38.9 aver.obdmd = 18.3846 aver.buck.num. = 24.6308
ColGenEvalAlg final dual bound: -2407.36 (rounded: -2407)
Gap improvement since the last cut separation : 0.0795908 (-2411.54)
data.cuts = 26
>>>>> Add min cuts : 11 cut(s) added
----- Add fac. cuts : UserCuts0(11), max.viol = 0.791717, aver.viol = 0.343926, sep/add took 0.01/0 sec. -----
694 columns (694 active), 24 dyn. constrs. (18 active), 274 art. vars. (258 active)
<DWph=2> <it=  1> <et=2.19> <Mt= 0.01> <Spt= 0.00> <nCl=  1> <al=0.50> <DB=-2404.8227> <Mlp=-2402.2884> <PB=-2359> 
<DWph=2> <it=  2> <et=2.20> <Mt= 0.00> <Spt= 0.00> <nCl=  0> <al=0.00> <DB=-2402.3864> <Mlp=-2402.3864> <PB=-2359> 
<DWph=1> <it=  3> <et=2.20> <Mt= 0.00> <Spt= 0.01> <nCl=  4> <al=0.30> <DB=-2417.0644> <Mlp=-2402.3864> <PB=-2359> 
<DWph=1> <it=  4> <et=2.20> <Mt= 0.00> <Spt= 0.00> <nCl=  2> <al=0.37> <DB=-2408.0988> <Mlp=-2402.4167> <PB=-2359> 
<DWph=1> <it=  5> <et=2.21> <Mt= 0.00> <Spt= 0.00> <nCl=  1> <al=0.27> <DB=-2403.9531> <Mlp=-2402.4198> <PB=-2359> 
<DWph=1> <it=  6> <et=2.21> <Mt= 0.00> <Spt= 0.00> <nCl=  1> <al=0.00> <DB=-2402.7028> <Mlp=-2402.4198> <PB=-2359> 
<DWph=1> <it=  7> <et=2.22> <Mt= 0.00> <Spt= 0.01> <nCl=  0> <al=0.00> <DB=-2402.4208> <Mlp=-2402.4208> <PB=-2359> 
    RCSP exact solver info for graph G_1 : TT = 0.003772, pt = 6e-05, dt = 0.002283, ct = 0.000624, ndl = 4', bdl = 4', odl = 1', odf = 11', bsi = 2', cnt = 6', bdch = 57', odch = 18', lcp = 19', #sols = 150
<DWph=0> <it=  8> <et=2.22> <Mt= 0.00> <Spt= 0.01> <nCl=  4> <al=0.00> <DB=-2402.7178> <Mlp=-2402.4208> <PB=-2359> 
    RCSP exact solver info for graph G_1 : TT = 0.003484, pt = 4.7e-05, dt = 0.00209, ct = 0.00061, ndl = 4', bdl = 3', odl = 1', odf = 11', bsi = 2', cnt = 6', bdch = 52', odch = 16', lcp = 17', #sols = 150
<DWph=0> <it=  9> <et=2.23> <Mt= 0.00> <Spt= 0.00> <nCl=  0> <al=0.00> <DB=-2402.4231> <Mlp=-2402.4231> <PB=-2359> 
Labels distribution in buckets (bucket size) : largest - 21, top 0.1% - 21, top 0.5% - 18, top 2% - 15, top 10% - 10, top 50% - 2
Reduced cost fixing for graph G_1... 4825 buck. arcs remain (84.1% from prev., 7.7% from max.) + 2959 jump buck. arcs (4.72% from max.)
Backward reduced cost fixing... 4825 buck. arcs remain (84.1% from prev., 7.7% from max.) + 2959 jump buck. arcs (4.72% from max.)
 TT = 0.015948, pt = 0.001051, dt = 0.006672, ct = 0.007784, ndl = 15', bdl = 24', odl = 3', odf = 33', lpcb = 71', cnt = 115', bdch = 300', odch = 69', lcp = 105'
Labels distribution in buckets (bucket size) : largest - 23, top 0.1% - 23, top 0.5% - 21, top 2% - 18, top 10% - 12, top 50% - 2
Dynamic params and stats :  bidir.bord. = 38.9 aver.obdmd = 18.3846 aver.buck.num. = 24.6308
ColGenEvalAlg final dual bound: -2402.42 (rounded: -2402)
Gap improvement since the last cut separation : 0.102028 (-2407.36)
data.cuts = 41
>>>>> Add min cuts : 15 cut(s) added
----- Add fac. cuts : UserCuts0(15), max.viol = 0.766076, aver.viol = 0.358186, sep/add took 0.01/0 sec. -----
755 columns (755 active), 33 dyn. constrs. (23 active), 304 art. vars. (268 active)
<DWph=2> <it=  1> <et=2.28> <Mt= 0.01> <Spt= 0.00> <nCl=  1> <al=0.50> <DB=-2424.6109> <Mlp=-2394.1387> <PB=-2359> 
<DWph=2> <it=  2> <et=2.28> <Mt= 0.00> <Spt= 0.00> <nCl=  1> <al=0.55> <DB=-2421.1951> <Mlp=-2394.1387> <PB=-2359> 
<DWph=2> <it=  3> <et=2.28> <Mt= 0.00> <Spt= 0.01> <nCl=  1> <al=0.60> <DB=-2419.5969> <Mlp=-2394.8276> <PB=-2359> 
<DWph=2> <it=  4> <et=2.29> <Mt= 0.00> <Spt= 0.00> <nCl=  3> <al=0.00> <DB=-2403.1141> <Mlp=-2397.4094> <PB=-2359> 
<DWph=2> <it=  5> <et=2.29> <Mt= 0.00> <Spt= 0.01> <nCl=  1> <al=0.00> <DB=-2428.1272> <Mlp=-2397.4210> <PB=-2359> 
<DWph=1> <it=  7> <et=2.30> <Mt= 0.00> <Spt= 0.00> <nCl=  3> <al=0.44> <DB=-2433.2504> <Mlp=-2397.6336> <PB=-2359> 
<DWph=1> <it=  8> <et=2.30> <Mt= 0.00> <Spt= 0.00> <nCl=  1> <al=0.34> <DB=-2413.4378> <Mlp=-2397.6336> <PB=-2359> 
<DWph=1> <it=  9> <et=2.31> <Mt= 0.00> <Spt= 0.00> <nCl=  1> <al=0.24> <DB=-2410.0232> <Mlp=-2397.7778> <PB=-2359> 
<DWph=1> <it= 10> <et=2.31> <Mt= 0.00> <Spt= 0.01> <nCl=  0> <al=0.00> <DB=-2397.7778> <Mlp=-2397.7778> <PB=-2359> 
    RCSP exact solver info for graph G_1 : TT = 0.003309, pt = 6.1e-05, dt = 0.00196, ct = 0.000545, ndl = 3', bdl = 3', odl = 1', odf = 9', bsi = 2', cnt = 5', bdch = 44', odch = 14', lcp = 14', #sols = 150
    RCSP exact solver info for graph G_1 : TT = 0.00313, pt = 4.7e-05, dt = 0.001799, ct = 0.00056, ndl = 3', bdl = 3', odl = 1', odf = 9', bsi = 2', cnt = 5', bdch = 44', odch = 14', lcp = 14', #sols = 150
<DWph=0> <it= 11> <et=2.32> <Mt= 0.01> <Spt= 0.01> <nCl=  0> <al=0.00> <DB=-2397.7778> <Mlp=-2397.7778> <PB=-2359> 
Labels distribution in buckets (bucket size) : largest - 23, top 0.1% - 22, top 0.5% - 20, top 2% - 15, top 10% - 10, top 50% - 2
Reduced cost fixing for graph G_1... 3994 buck. arcs remain (82.8% from prev., 6.37% from max.) + 3048 jump buck. arcs (4.86% from max.)
Backward reduced cost fixing... 3994 buck. arcs remain (82.8% from prev., 6.37% from max.) + 3048 jump buck. arcs (4.86% from max.)
 TT = 0.012479, pt = 0.000848, dt = 0.004798, ct = 0.006412, ndl = 12', bdl = 17', odl = 2', odf = 26', lpcb = 53', cnt = 88', bdch = 187', odch = 46', lcp = 61'
Labels distribution in buckets (bucket size) : largest - 31, top 0.1% - 23, top 0.5% - 22, top 2% - 18, top 10% - 11, top 50% - 2
Dynamic params and stats :  bidir.bord. = 38.9 aver.obdmd = 18.3846 aver.buck.num. = 24.6308
ColGenEvalAlg final dual bound: -2397.78 (rounded: -2397)
Gap improvement since the last cut separation : 0.106978 (-2402.42)
data.cuts = 56
>>>>> Add min cuts : 15 cut(s) added
----- Add fac. cuts : UserCuts0(15), max.viol = 0.861111, aver.viol = 0.373148, sep/add took 0.02/0 sec. -----
818 columns (818 active), 38 dyn. constrs. (23 active), 334 art. vars. (268 active)
<DWph=2> <it=  1> <et=2.37> <Mt= 0.00> <Spt= 0.00> <nCl=  2> <al=0.50> <DB=-2402.3170> <Mlp=-2390.9420> <PB=-2359> 
<DWph=2> <it=  2> <et=2.38> <Mt= 0.00> <Spt= 0.00> <nCl=  0> <al=0.00> <DB=-2391.3220> <Mlp=-2391.3220> <PB=-2359> 
<DWph=1> <it=  3> <et=2.38> <Mt= 0.00> <Spt= 0.01> <nCl=  4> <al=0.45> <DB=-2421.1525> <Mlp=-2391.3220> <PB=-2359> 
<DWph=1> <it=  4> <et=2.38> <Mt= 0.00> <Spt= 0.00> <nCl=  2> <al=0.35> <DB=-2401.8911> <Mlp=-2391.5196> <PB=-2359> 
<DWph=1> <it=  5> <et=2.39> <Mt= 0.00> <Spt= 0.00> <nCl=  2> <al=0.25> <DB=-2394.8482> <Mlp=-2391.5873> <PB=-2359> 
<DWph=1> <it=  6> <et=2.39> <Mt= 0.00> <Spt= 0.00> <nCl=  0> <al=0.00> <DB=-2391.6048> <Mlp=-2391.6048> <PB=-2359> 
    RCSP exact solver info for graph G_1 : TT = 0.003175, pt = 6e-05, dt = 0.001785, ct = 0.000516, ndl = 3', bdl = 2', odl = 0', odf = 9', bsi = 1', cnt = 6', bdch = 36', odch = 12', lcp = 11', #sols = 150
<DWph=0> <it=  7> <et=2.40> <Mt= 0.00> <Spt= 0.01> <nCl=  2> <al=0.05> <DB=-2412.8930> <Mlp=-2391.6048> <PB=-2359> 
    RCSP exact solver info for graph G_1 : TT = 0.003032, pt = 5.3e-05, dt = 0.001704, ct = 0.000509, ndl = 3', bdl = 2', odl = 0', odf = 9', bsi = 1', cnt = 6', bdch = 36', odch = 12', lcp = 11', #sols = 150
    RCSP exact solver info for graph G_1 : TT = 0.002876, pt = 4.6e-05, dt = 0.001592, ct = 0.000502, ndl = 3', bdl = 2', odl = 0', odf = 8', bsi = 1', cnt = 6', bdch = 36', odch = 12', lcp = 11', #sols = 150
<DWph=0> <it=  8> <et=2.41> <Mt= 0.01> <Spt= 0.01> <nCl=  0> <al=0.00> <DB=-2391.6048> <Mlp=-2391.6048> <PB=-2359> 
Labels distribution in buckets (bucket size) : largest - 21, top 0.1% - 20, top 0.5% - 18, top 2% - 15, top 10% - 9, top 50% - 2
Reduced cost fixing for graph G_1... 3385 buck. arcs remain (84.8% from prev., 5.4% from max.) + 2922 jump buck. arcs (4.66% from max.)
Backward reduced cost fixing... 3385 buck. arcs remain (84.8% from prev., 5.4% from max.) + 2922 jump buck. arcs (4.66% from max.)
 TT = 0.010101, pt = 0.000672, dt = 0.003705, ct = 0.005318, ndl = 10', bdl = 12', odl = 1', odf = 20', lpcb = 41', cnt = 69', bdch = 126', odch = 33', lcp = 40'
Labels distribution in buckets (bucket size) : largest - 23, top 0.1% - 22, top 0.5% - 20, top 2% - 17, top 10% - 10, top 50% - 2
Dynamic params and stats :  bidir.bord. = 38.9 aver.obdmd = 18.3846 aver.buck.num. = 24.6308
ColGenEvalAlg final dual bound: -2391.6 (rounded: -2391)
Gap improvement since the last cut separation : 0.159188 (-2397.78)
data.cuts = 67
>>>>> Add min cuts : 11 cut(s) added
----- Add fac. cuts : UserCuts0(11), max.viol = 0.893013, aver.viol = 0.408694, sep/add took 0.02/0 sec. -----
885 columns (885 active), 34 dyn. constrs. (19 active), 356 art. vars. (260 active)
<DWph=2> <it=  1> <et=2.45> <Mt= 0.00> <Spt= 0.00> <nCl=  1> <al=0.00> <DB=-2388.3450> <Mlp=-2387.5291> <PB=-2359> 
<DWph=2> <it=  2> <et=2.46> <Mt= 0.00> <Spt= 0.01> <nCl=  0> <al=0.00> <DB=-2387.5362> <Mlp=-2387.5362> <PB=-2359> 
<DWph=1> <it=  3> <et=2.46> <Mt= 0.00> <Spt= 0.00> <nCl=  1> <al=0.30> <DB=-2388.5507> <Mlp=-2387.5362> <PB=-2359> 
<DWph=1> <it=  4> <et=2.47> <Mt= 0.00> <Spt= 0.00> <nCl=  0> <al=0.00> <DB=-2387.5382> <Mlp=-2387.5382> <PB=-2359> 
    RCSP exact solver info for graph G_1 : TT = 0.002721, pt = 5.9e-05, dt = 0.00141, ct = 0.000446, ndl = 3', bdl = 1', odl = 0', odf = 6', bsi = 1', cnt = 5', bdch = 22', odch = 8', lcp = 7', #sols = 150
<DWph=0> <it=  5> <et=2.47> <Mt= 0.00> <Spt= 0.01> <nCl=  2> <al=0.20> <DB=-2404.2366> <Mlp=-2387.5382> <PB=-2359> 
    RCSP exact solver info for graph G_1 : TT = 0.002561, pt = 5.1e-05, dt = 0.001336, ct = 0.000439, ndl = 3', bdl = 1', odl = 0', odf = 6', bsi = 1', cnt = 5', bdch = 22', odch = 8', lcp = 7', #sols = 150
    RCSP exact solver info for graph G_1 : TT = 0.002484, pt = 4.4e-05, dt = 0.001276, ct = 0.000443, ndl = 3', bdl = 1', odl = 0', odf = 6', bsi = 1', cnt = 5', bdch = 22', odch = 8', lcp = 7', #sols = 150
<DWph=0> <it=  6> <et=2.48> <Mt= 0.00> <Spt= 0.01> <nCl=  0> <al=0.00> <DB=-2387.6744> <Mlp=-2387.6744> <PB=-2359> 
Labels distribution in buckets (bucket size) : largest - 19, top 0.1% - 19, top 0.5% - 16, top 2% - 13, top 10% - 8, top 50% - 1
Reduced cost fixing for graph G_1... 3034 buck. arcs remain (89.6% from prev., 4.84% from max.) + 2754 jump buck. arcs (4.39% from max.)
Backward reduced cost fixing... 3034 buck. arcs remain (89.6% from prev., 4.84% from max.) + 2754 jump buck. arcs (4.39% from max.)
 TT = 0.00847, pt = 0.000475, dt = 0.003038, ct = 0.004542, ndl = 9', bdl = 9', odl = 1', odf = 17', lpcb = 30', cnt = 55', bdch = 92', odch = 23', lcp = 30'
Labels distribution in buckets (bucket size) : largest - 24, top 0.1% - 19, top 0.5% - 18, top 2% - 14, top 10% - 9, top 50% - 1
Dynamic params and stats :  bidir.bord. = 38.9 aver.obdmd = 18.3846 aver.buck.num. = 24.6308
ColGenEvalAlg final dual bound: -2387.67 (rounded: -2387)
Gap improvement since the last cut separation : 0.120546 (-2391.6)
data.cuts = 77
>>>>> Add min cuts : 10 cut(s) added
----- Add fac. cuts : UserCuts0(10), max.viol = 0.55814, aver.viol = 0.40155, sep/add took 0.01/0 sec. -----
932 columns (932 active), 29 dyn. constrs. (21 active), 376 art. vars. (264 active)
<DWph=2> <it=  1> <et=2.52> <Mt= 0.01> <Spt= 0.00> <nCl=  0> <al=0.00> <DB=-2385.8796> <Mlp=-2385.8796> <PB=-2359> 
<DWph=1> <it=  2> <et=2.52> <Mt= 0.00> <Spt= 0.00> <nCl=  0> <al=0.00> <DB=-2385.8796> <Mlp=-2385.8796> <PB=-2359> 
    RCSP exact solver info for graph G_1 : TT = 0.002522, pt = 5.8e-05, dt = 0.001277, ct = 0.000442, ndl = 2', bdl = 1', odl = 0', odf = 6', bsi = 1', cnt = 5', bdch = 19', odch = 6', lcp = 6', #sols = 150
    RCSP exact solver info for graph G_1 : TT = 0.002314, pt = 4.6e-05, dt = 0.001127, ct = 0.00044, ndl = 2', bdl = 1', odl = 0', odf = 6', bsi = 1', cnt = 5', bdch = 19', odch = 6', lcp = 6', #sols = 150
<DWph=0> <it=  3> <et=2.53> <Mt= 0.00> <Spt= 0.01> <nCl=  0> <al=0.00> <DB=-2385.8796> <Mlp=-2385.8796> <PB=-2359> 
    Full reduced cost fixing is not called (gap ratio is 0.937406)
Dynamic params and stats :  bidir.bord. = 38.9 aver.obdmd = 18.3846 aver.buck.num. = 24.6308
ColGenEvalAlg final dual bound: -2385.88 (rounded: -2385)
Gap improvement since the last cut separation : 0.0625938 (-2387.67)
data.cuts = 89
>>>>> Add min cuts : 12 cut(s) added
----- Add fac. cuts : UserCuts0(12), max.viol = 0.546999, aver.viol = 0.335913, sep/add took 0.01/0 sec. -----
944 columns (944 active), 33 dyn. constrs. (22 active), 400 art. vars. (266 active)
<DWph=2> <it=  1> <et=2.56> <Mt= 0.00> <Spt= 0.00> <nCl=  1> <al=0.50> <DB=-2387.4698> <Mlp=-2383.6275> <PB=-2359> 
<DWph=2> <it=  2> <et=2.56> <Mt= 0.00> <Spt= 0.01> <nCl=  0> <al=0.00> <DB=-2383.8241> <Mlp=-2383.8241> <PB=-2359> 
<DWph=1> <it=  3> <et=2.56> <Mt= 0.00> <Spt= 0.00> <nCl=  2> <al=0.45> <DB=-2412.2495> <Mlp=-2383.8241> <PB=-2359> 
<DWph=1> <it=  4> <et=2.57> <Mt= 0.00> <Spt= 0.00> <nCl=  0> <al=0.00> <DB=-2383.9934> <Mlp=-2383.9934> <PB=-2359> 
    RCSP exact solver info for graph G_1 : TT = 0.002593, pt = 5.7e-05, dt = 0.001283, ct = 0.00044, ndl = 2', bdl = 1', odl = 0', odf = 6', bsi = 1', cnt = 5', bdch = 19', odch = 7', lcp = 6', #sols = 150
<DWph=0> <it=  5> <et=2.57> <Mt= 0.00> <Spt= 0.01> <nCl=  2> <al=0.35> <DB=-2385.6040> <Mlp=-2383.9934> <PB=-2359> 
    RCSP exact solver info for graph G_1 : TT = 0.002368, pt = 4.9e-05, dt = 0.00114, ct = 0.000435, ndl = 2', bdl = 1', odl = 0', odf = 5', bsi = 1', cnt = 5', bdch = 18', odch = 7', lcp = 5', #sols = 150
    RCSP exact solver info for graph G_1 : TT = 0.002301, pt = 4.8e-05, dt = 0.00111, ct = 0.000435, ndl = 2', bdl = 1', odl = 0', odf = 5', bsi = 1', cnt = 5', bdch = 18', odch = 7', lcp = 5', #sols = 150
<DWph=0> <it=  6> <et=2.58> <Mt= 0.00> <Spt= 0.00> <nCl=  0> <al=0.00> <DB=-2383.9939> <Mlp=-2383.9939> <PB=-2359> 
Labels distribution in buckets (bucket size) : largest - 20, top 0.1% - 20, top 0.5% - 16, top 2% - 13, top 10% - 7, top 50% - 1
Reduced cost fixing for graph G_1... 2802 buck. arcs remain (92.4% from prev., 4.47% from max.) + 2636 jump buck. arcs (4.2% from max.)
Backward reduced cost fixing... 2801 buck. arcs remain (92.3% from prev., 4.47% from max.) + 2637 jump buck. arcs (4.21% from max.)
 TT = 0.007706, pt = 0.000397, dt = 0.002796, ct = 0.00413, ndl = 8', bdl = 8', odl = 1', odf = 15', lpcb = 26', cnt = 51', bdch = 85', odch = 20', lcp = 27'
Labels distribution in buckets (bucket size) : largest - 20, top 0.1% - 20, top 0.5% - 18, top 2% - 14, top 10% - 8, top 50% - 1
Dynamic params and stats :  bidir.bord. = 38.9 aver.obdmd = 18.3846 aver.buck.num. = 24.6308
ColGenEvalAlg final dual bound: -2383.99 (rounded: -2383)
Gap improvement since the last cut separation : 0.0701527 (-2385.88)
data.cuts = 101
>>>>> Add min cuts : 12 cut(s) added
----- Add fac. cuts : UserCuts0(12), max.viol = 0.568598, aver.viol = 0.321138, sep/add took 0.01/0 sec. -----
959 columns (959 active), 34 dyn. constrs. (24 active), 424 art. vars. (270 active)
<DWph=2> <it=  1> <et=2.62> <Mt= 0.01> <Spt= 0.01> <nCl=  1> <al=0.00> <DB=-2379.1363> <Mlp=-2379.0146> <PB=-2359> 
<DWph=2> <it=  2> <et=2.62> <Mt= 0.00> <Spt= 0.00> <nCl=  0> <al=0.00> <DB=-2379.0147> <Mlp=-2379.0147> <PB=-2359> 
<DWph=1> <it=  3> <et=2.63> <Mt= 0.00> <Spt= 0.00> <nCl=  4> <al=0.30> <DB=-2388.3981> <Mlp=-2379.0147> <PB=-2359> 
<DWph=1> <it=  4> <et=2.63> <Mt= 0.00> <Spt= 0.00> <nCl=  3> <al=0.30> <DB=-2382.3783> <Mlp=-2379.2687> <PB=-2359> 
<DWph=1> <it=  5> <et=2.63> <Mt= 0.00> <Spt= 0.00> <nCl=  2> <al=0.20> <DB=-2380.0293> <Mlp=-2379.2687> <PB=-2359> 
<DWph=1> <it=  6> <et=2.64> <Mt= 0.00> <Spt= 0.01> <nCl=  0> <al=0.00> <DB=-2379.2687> <Mlp=-2379.2687> <PB=-2359> 
    RCSP exact solver info for graph G_1 : TT = 0.002452, pt = 5.8e-05, dt = 0.00118, ct = 0.000402, ndl = 2', bdl = 1', odl = 0', odf = 5', bsi = 1', cnt = 4', bdch = 16', odch = 6', lcp = 5', #sols = 150
<DWph=0> <it=  7> <et=2.64> <Mt= 0.00> <Spt= 0.00> <nCl=  8> <al=0.18> <DB=-2389.0454> <Mlp=-2379.2687> <PB=-2359> 
    RCSP exact solver info for graph G_1 : TT = 0.002377, pt = 5.6e-05, dt = 0.001136, ct = 0.000408, ndl = 2', bdl = 1', odl = 0', odf = 5', bsi = 1', cnt = 4', bdch = 16', odch = 6', lcp = 5', #sols = 150
    RCSP exact solver info for graph G_1 : TT = 0.002197, pt = 4.6e-05, dt = 0.001023, ct = 0.000387, ndl = 2', bdl = 1', odl = 0', odf = 5', bsi = 1', cnt = 4', bdch = 15', odch = 5', lcp = 4', #sols = 150
<DWph=0> <it=  8> <et=2.65> <Mt= 0.00> <Spt= 0.01> <nCl=  0> <al=0.00> <DB=-2379.3750> <Mlp=-2379.3750> <PB=-2359> 
Labels distribution in buckets (bucket size) : largest - 18, top 0.1% - 18, top 0.5% - 17, top 2% - 12, top 10% - 7, top 50% - 1
Reduced cost fixing for graph G_1... 2428 buck. arcs remain (86.7% from prev., 3.87% from max.) + 2690 jump buck. arcs (4.29% from max.)
Backward reduced cost fixing... 2428 buck. arcs remain (86.7% from prev., 3.87% from max.) + 2690 jump buck. arcs (4.29% from max.)
 TT = 0.006564, pt = 0.000348, dt = 0.002207, ct = 0.003612, ndl = 7', bdl = 6', odl = 0', odf = 12', lpcb = 20', cnt = 41', bdch = 57', odch = 15', lcp = 18'
Labels distribution in buckets (bucket size) : largest - 22, top 0.1% - 21, top 0.5% - 17, top 2% - 14, top 10% - 7, top 50% - 1
Dynamic params and stats :  bidir.bord. = 38.9 aver.obdmd = 18.3846 aver.buck.num. = 24.6308
ColGenEvalAlg final dual bound: -2379.37 (rounded: -2379)
Gap improvement since the last cut separation : 0.184801 (-2383.99)
data.cuts = 110
>>>>> Add min cuts : 9 cut(s) added
----- Add fac. cuts : UserCuts0(9), max.viol = 0.625, aver.viol = 0.305556, sep/add took 0.01/0 sec. -----
1056 columns (1056 active), 33 dyn. constrs. (22 active), 442 art. vars. (266 active)
<DWph=2> <it=  1> <et=2.69> <Mt= 0.01> <Spt= 0.01> <nCl=  0> <al=0.00> <DB=-2377.2889> <Mlp=-2377.2889> <PB=-2359> 
<DWph=1> <it=  2> <et=2.69> <Mt= 0.00> <Spt= 0.00> <nCl=  0> <al=0.00> <DB=-2377.2889> <Mlp=-2377.2889> <PB=-2359> 
    RCSP exact solver info for graph G_1 : TT = 0.002177, pt = 5.8e-05, dt = 0.001005, ct = 0.000338, ndl = 2', bdl = 0', odl = 0', odf = 4', bsi = 1', cnt = 4', bdch = 10', odch = 3', lcp = 3', #sols = 150
    RCSP exact solver info for graph G_1 : TT = 0.001973, pt = 4.4e-05, dt = 0.00088, ct = 0.000336, ndl = 2', bdl = 0', odl = 0', odf = 4', bsi = 1', cnt = 4', bdch = 10', odch = 3', lcp = 3', #sols = 150
<DWph=0> <it=  3> <et=2.70> <Mt= 0.00> <Spt= 0.01> <nCl=  0> <al=0.00> <DB=-2377.2889> <Mlp=-2377.2889> <PB=-2359> 
Labels distribution in buckets (bucket size) : largest - 18, top 0.1% - 18, top 0.5% - 15, top 2% - 10, top 10% - 6, top 50% - 1
Reduced cost fixing for graph G_1... 2261 buck. arcs remain (93.1% from prev., 3.61% from max.) + 2698 jump buck. arcs (4.3% from max.)
Backward reduced cost fixing... 2261 buck. arcs remain (93.1% from prev., 3.61% from max.) + 2698 jump buck. arcs (4.3% from max.)
 TT = 0.005744, pt = 0.000274, dt = 0.001852, ct = 0.00322, ndl = 6', bdl = 4', odl = 0', odf = 10', lpcb = 16', cnt = 33', bdch = 44', odch = 11', lcp = 14'
Labels distribution in buckets (bucket size) : largest - 21, top 0.1% - 19, top 0.5% - 16, top 2% - 13, top 10% - 7, top 50% - 1
Dynamic params and stats :  bidir.bord. = 38.9 aver.obdmd = 18.3846 aver.buck.num. = 24.6308
ColGenEvalAlg final dual bound: -2377.29 (rounded: -2377)
Gap improvement since the last cut separation : 0.102386 (-2379.37)
data.cuts = 122
>>>>> Add min cuts : 12 cut(s) added
----- Add fac. cuts : UserCuts0(12), max.viol = 0.364444, aver.viol = 0.192593, sep/add took 0.01/0 sec. -----
1067 columns (1067 active), 34 dyn. constrs. (28 active), 466 art. vars. (278 active)
<DWph=2> <it=  1> <et=2.74> <Mt= 0.01> <Spt= 0.00> <nCl=  0> <al=0.00> <DB=-2365.0000> <Mlp=-2365.0000> <PB=-2359> 
<DWph=1> <it=  2> <et=2.74> <Mt= 0.00> <Spt= 0.00> <nCl=  1> <al=0.40> <DB=-2366.8398> <Mlp=-2365.0000> <PB=-2359> 
<DWph=1> <it=  3> <et=2.75> <Mt= 0.00> <Spt= 0.00> <nCl=  0> <al=0.00> <DB=-2365.0000> <Mlp=-2365.0000> <PB=-2359> 
    RCSP exact solver info for graph G_1 : TT = 0.002137, pt = 5.8e-05, dt = 0.000974, ct = 0.000311, ndl = 2', bdl = 0', odl = 0', odf = 3', bsi = 1', cnt = 3', bdch = 9', odch = 3', lcp = 3', #sols = 150
<DWph=0> <it=  4> <et=2.75> <Mt= 0.00> <Spt= 0.01> <nCl=  2> <al=0.30> <DB=-2367.1921> <Mlp=-2365.0000> <PB=-2359> 
    RCSP exact solver info for graph G_1 : TT = 0.001997, pt = 5.2e-05, dt = 0.00088, ct = 0.000313, ndl = 2', bdl = 0', odl = 0', odf = 3', bsi = 1', cnt = 3', bdch = 9', odch = 3', lcp = 3', #sols = 150
    RCSP exact solver info for graph G_1 : TT = 0.001905, pt = 4.5e-05, dt = 0.000839, ct = 0.000309, ndl = 2', bdl = 0', odl = 0', odf = 3', bsi = 1', cnt = 3', bdch = 9', odch = 3', lcp = 3', #sols = 150
<DWph=0> <it=  5> <et=2.76> <Mt= 0.00> <Spt= 0.01> <nCl=  0> <al=0.00> <DB=-2365.0000> <Mlp=-2365.0000> <PB=-2359> 
Labels distribution in buckets (bucket size) : largest - 18, top 0.1% - 18, top 0.5% - 14, top 2% - 10, top 10% - 6, top 50% - 1
Reduced cost fixing for graph G_1... 1369 buck. arcs remain (60.5% from prev., 2.18% from max.) + 2481 jump buck. arcs (3.96% from max.)
Backward reduced cost fixing... 1369 buck. arcs remain (60.5% from prev., 2.18% from max.) + 2481 jump buck. arcs (3.96% from max.)
 TT = 0.004391, pt = 0.000248, dt = 0.001204, ct = 0.00256, ndl = 4', bdl = 3', odl = 0', odf = 7', lpcb = 11', cnt = 19', bdch = 20', odch = 7', lcp = 6'
Labels distribution in buckets (bucket size) : largest - 18, top 0.1% - 18, top 0.5% - 15, top 2% - 11, top 10% - 6, top 50% - 1
Dynamic params and stats :  bidir.bord. = 38.9 aver.obdmd = 18.3846 aver.buck.num. = 24.6308
ColGenEvalAlg final dual bound: -2365 (rounded: -2365)
Gap improvement since the last cut separation : 0.671932 (-2377.29)
data.cuts = 124
>>>>> Add min cuts : 2 cut(s) added
----- Add fac. cuts : UserCuts0(2), max.viol = 0.5, aver.viol = 0.5, sep/add took 0.01/0 sec. -----
1094 columns (1094 active), 30 dyn. constrs. (20 active), 470 art. vars. (262 active)
<DWph=2> <it=  1> <et=2.79> <Mt= 0.00> <Spt= 0.00> <nCl=  0> <al=0.00> <DB=-2364.9333> <Mlp=-2364.9333> <PB=-2359> 
<DWph=1> <it=  2> <et=2.79> <Mt= 0.00> <Spt= 0.00> <nCl=  0> <al=0.00> <DB=-2364.9333> <Mlp=-2364.9333> <PB=-2359> 
    RCSP exact solver info for graph G_1 : TT = 0.001685, pt = 6e-05, dt = 0.000651, ct = 0.000221, ndl = 1', bdl = 0', odl = 0', odf = 1', bsi = 1', cnt = 2', bdch = 2', odch = 0', lcp = 0', #sols = 150
    RCSP exact solver info for graph G_1 : TT = 0.001502, pt = 4.4e-05, dt = 0.000534, ct = 0.000222, ndl = 1', bdl = 0', odl = 0', odf = 1', bsi = 1', cnt = 2', bdch = 2', odch = 0', lcp = 0', #sols = 150
<DWph=0> <it=  3> <et=2.80> <Mt= 0.00> <Spt= 0.01> <nCl=  0> <al=0.00> <DB=-2364.9333> <Mlp=-2364.9333> <PB=-2359> 
    Full reduced cost fixing is not called (gap ratio is 0.988889)
Dynamic params and stats :  bidir.bord. = 38.9 aver.obdmd = 18.3846 aver.buck.num. = 24.6308
ColGenEvalAlg final dual bound: -2364.93 (rounded: -2364)
Gap improvement since the last cut separation : 0.0111111 (-2365)
Cut generation tailing off counter increased to 1
data.cuts = 131
>>>>> Add min cuts : 7 cut(s) added
----- Add fac. cuts : UserCuts0(7), max.viol = 0.473333, aver.viol = 0.165714, sep/add took 0.01/0 sec. -----
1096 columns (1096 active), 27 dyn. constrs. (25 active), 484 art. vars. (272 active)
<DWph=2> <it=  1> <et=2.83> <Mt= 0.01> <Spt= 0.00> <nCl=  0> <al=0.00> <DB=-2363.3249> <Mlp=-2363.3249> <PB=-2359> 
<DWph=1> <it=  2> <et=2.83> <Mt= 0.00> <Spt= 0.00> <nCl=  1> <al=0.40> <DB=-2365.1488> <Mlp=-2363.3249> <PB=-2359> 
<DWph=1> <it=  3> <et=2.83> <Mt= 0.00> <Spt= 0.01> <nCl=  0> <al=0.00> <DB=-2363.3340> <Mlp=-2363.3340> <PB=-2359> 
    RCSP exact solver info for graph G_1 : TT = 0.001726, pt = 5.6e-05, dt = 0.000643, ct = 0.00023, ndl = 1', bdl = 0', odl = 0', odf = 1', bsi = 1', cnt = 2', bdch = 2', odch = 1', lcp = 0', #sols = 150
    RCSP exact solver info for graph G_1 : TT = 0.00155, pt = 4.4e-05, dt = 0.000526, ct = 0.000232, ndl = 1', bdl = 0', odl = 0', odf = 1', bsi = 1', cnt = 2', bdch = 2', odch = 1', lcp = 0', #sols = 150
<DWph=0> <it=  4> <et=2.84> <Mt= 0.00> <Spt= 0.00> <nCl=  0> <al=0.00> <DB=-2363.3340> <Mlp=-2363.3340> <PB=-2359> 
Labels distribution in buckets (bucket size) : largest - 10, top 0.1% - 10, top 0.5% - 9, top 2% - 7, top 10% - 3, top 50% - 0
Reduced cost fixing for graph G_1... 1144 buck. arcs remain (83.6% from prev., 1.82% from max.) + 2504 jump buck. arcs (3.99% from max.)
Backward reduced cost fixing... 1144 buck. arcs remain (83.6% from prev., 1.82% from max.) + 2504 jump buck. arcs (3.99% from max.)
 TT = 0.003089, pt = 0.000111, dt = 0.000782, ct = 0.001832, ndl = 2', bdl = 1', odl = 0', odf = 3', lpcb = 4', cnt = 8', bdch = 7', odch = 2', lcp = 2'
Labels distribution in buckets (bucket size) : largest - 10, top 0.1% - 10, top 0.5% - 9, top 2% - 7, top 10% - 4, top 50% - 0
Dynamic params and stats :  bidir.bord. = 38.9 aver.obdmd = 18.3846 aver.buck.num. = 24.6308
ColGenEvalAlg final dual bound: -2363.33 (rounded: -2363)
Gap improvement since the last cut separation : 0.269558 (-2364.93)
data.cuts = 137
>>>>> Add min cuts : 6 cut(s) added
----- Add fac. cuts : UserCuts0(6), max.viol = 0.328375, aver.viol = 0.235032, sep/add took 0.01/0 sec. -----
1109 columns (1109 active), 31 dyn. constrs. (24 active), 496 art. vars. (270 active)
<DWph=2> <it=  1> <et=2.87> <Mt= 0.00> <Spt= 0.01> <nCl=  0> <al=0.00> <DB=-2360.7394> <Mlp=-2360.7394> <PB=-2359> 
<DWph=1> <it=  2> <et=2.87> <Mt= 0.00> <Spt= 0.00> <nCl=  0> <al=0.00> <DB=-2360.7394> <Mlp=-2360.7394> <PB=-2359> 
    RCSP exact solver info for graph G_1 : TT = 0.001595, pt = 6.5e-05, dt = 0.000585, ct = 0.000191, ndl = 1', bdl = 0', odl = 0', odf = 1', bsi = 0', cnt = 1', bdch = 1', odch = 0', lcp = 0', #sols = 150
    RCSP exact solver info for graph G_1 : TT = 0.001445, pt = 4.4e-05, dt = 0.000491, ct = 0.000194, ndl = 1', bdl = 0', odl = 0', odf = 1', bsi = 0', cnt = 1', bdch = 1', odch = 0', lcp = 0', #sols = 150
<DWph=0> <it=  3> <et=2.88> <Mt= 0.00> <Spt= 0.00> <nCl=  0> <al=0.00> <DB=-2360.7394> <Mlp=-2360.7394> <PB=-2359> 
Labels distribution in buckets (bucket size) : largest - 11, top 0.1% - 11, top 0.5% - 8, top 2% - 6, top 10% - 3, top 50% - 0
Reduced cost fixing for graph G_1... 942 buck. arcs remain (82.3% from prev., 1.5% from max.) + 2296 jump buck. arcs (3.66% from max.)
Backward reduced cost fixing... 942 buck. arcs remain (82.3% from prev., 1.5% from max.) + 2296 jump buck. arcs (3.66% from max.)
 TT = 0.002706, pt = 9e-05, dt = 0.000669, ct = 0.001589, ndl = 2', bdl = 1', odl = 0', odf = 3', lpcb = 3', cnt = 5', bdch = 6', odch = 1', lcp = 1'
Labels distribution in buckets (bucket size) : largest - 11, top 0.1% - 11, top 0.5% - 9, top 2% - 7, top 10% - 3, top 50% - 0
Dynamic params and stats :  bidir.bord. = 38.9 aver.obdmd = 18.3846 aver.buck.num. = 24.6308
ColGenEvalAlg final dual bound: -2360.74 (rounded: -2360)
Gap improvement since the last cut separation : 0.598663 (-2363.33)
data.cuts = 140
>>>>> Add min cuts : 3 cut(s) added
----- Add fac. cuts : UserCuts0(3), max.viol = 0.103512, aver.viol = 0.0443623, sep/add took 0/0 sec. -----
1112 columns (1112 active), 27 dyn. constrs. (21 active), 502 art. vars. (264 active)
<DWph=2> <it=  1> <et=2.90> <Mt= 0.01> <Spt= 0.01> <nCl=  0> <al=0.00> <DB=-2360.6221> <Mlp=-2360.6221> <PB=-2359> 
<DWph=1> <it=  2> <et=2.90> <Mt= 0.00> <Spt= 0.00> <nCl=  0> <al=0.00> <DB=-2360.6221> <Mlp=-2360.6221> <PB=-2359> 
    RCSP exact solver info for graph G_1 : TT = 0.001451, pt = 5.7e-05, dt = 0.000511, ct = 0.000143, ndl = 0', bdl = 0', odl = 0', odf = 1', bsi = 0', cnt = 1', bdch = 0', odch = 0', lcp = 0', #sols = 150
    RCSP exact solver info for graph G_1 : TT = 0.001318, pt = 4.3e-05, dt = 0.000425, ct = 0.000146, ndl = 0', bdl = 0', odl = 0', odf = 1', bsi = 0', cnt = 1', bdch = 0', odch = 0', lcp = 0', #sols = 150
<DWph=0> <it=  3> <et=2.91> <Mt= 0.00> <Spt= 0.01> <nCl=  0> <al=0.00> <DB=-2360.6221> <Mlp=-2360.6221> <PB=-2359> 
    Full reduced cost fixing is not called (gap ratio is 0.932552)
Dynamic params and stats :  bidir.bord. = 38.9 aver.obdmd = 18.3846 aver.buck.num. = 24.6308
ColGenEvalAlg final dual bound: -2360.62 (rounded: -2360)
Gap improvement since the last cut separation : 0.0674475 (-2360.74)
data.cuts = 143
>>>>> Add min cuts : 3 cut(s) added
----- Add fac. cuts : UserCuts0(3), max.viol = 0.0540371, aver.viol = 0.0431459, sep/add took 0/0 sec. -----
1137 columns (1137 active), 24 dyn. constrs. (22 active), 508 art. vars. (266 active)
<DWph=2> <it=  1> <et=2.93> <Mt= 0.00> <Spt= 0.00> <nCl=  0> <al=0.00> <DB=-2360.5098> <Mlp=-2360.5098> <PB=-2359> 
<DWph=1> <it=  2> <et=2.93> <Mt= 0.00> <Spt= 0.00> <nCl=  0> <al=0.00> <DB=-2360.5098> <Mlp=-2360.5098> <PB=-2359> 
    RCSP exact solver info for graph G_1 : TT = 0.001456, pt = 5.4e-05, dt = 0.000511, ct = 0.000142, ndl = 0', bdl = 0', odl = 0', odf = 1', bsi = 0', cnt = 1', bdch = 0', odch = 0', lcp = 0', #sols = 150
    RCSP exact solver info for graph G_1 : TT = 0.001304, pt = 4.2e-05, dt = 0.000401, ct = 0.000146, ndl = 0', bdl = 0', odl = 0', odf = 1', bsi = 0', cnt = 1', bdch = 0', odch = 0', lcp = 0', #sols = 150
<DWph=0> <it=  3> <et=2.94> <Mt= 0.00> <Spt= 0.01> <nCl=  0> <al=0.00> <DB=-2360.5098> <Mlp=-2360.5098> <PB=-2359> 
Labels distribution in buckets (bucket size) : largest - 9, top 0.1% - 8, top 0.5% - 7, top 2% - 5, top 10% - 2, top 50% - 0
Reduced cost fixing for graph G_1... 869 buck. arcs remain (92.3% from prev., 1.39% from max.) + 2287 jump buck. arcs (3.65% from max.)
Backward reduced cost fixing... 869 buck. arcs remain (92.3% from prev., 1.39% from max.) + 2287 jump buck. arcs (3.65% from max.)
 TT = 0.002337, pt = 6.5e-05, dt = 0.000556, ct = 0.001366, ndl = 1', bdl = 0', odl = 0', odf = 2', lpcb = 2', cnt = 3', bdch = 3', odch = 1', lcp = 1'
Labels distribution in buckets (bucket size) : largest - 9, top 0.1% - 9, top 0.5% - 8, top 2% - 6, top 10% - 2, top 50% - 0
Dynamic params and stats :  bidir.bord. = 38.9 aver.obdmd = 18.3846 aver.buck.num. = 24.6308
ColGenEvalAlg final dual bound: -2360.51 (rounded: -2360)
Gap improvement since the last cut separation : 0.0692024 (-2360.62)
data.cuts = 147
>>>>> Add min cuts : 4 cut(s) added
----- Add fac. cuts : UserCuts0(4), max.viol = 0.0941176, aver.viol = 0.0666667, sep/add took 0/0 sec. -----
1140 columns (1140 active), 26 dyn. constrs. (23 active), 516 art. vars. (268 active)
<DWph=2> <it=  1> <et=2.96> <Mt= 0.00> <Spt= 0.00> <nCl=  0> <al=0.00> <DB=-2360.3848> <Mlp=-2360.3848> <PB=-2359> 
<DWph=1> <it=  2> <et=2.96> <Mt= 0.00> <Spt= 0.00> <nCl=  0> <al=0.00> <DB=-2360.3848> <Mlp=-2360.3848> <PB=-2359> 
    RCSP exact solver info for graph G_1 : TT = 0.001437, pt = 5.5e-05, dt = 0.000494, ct = 0.000138, ndl = 0', bdl = 0', odl = 0', odf = 0', bsi = 0', cnt = 1', bdch = 0', odch = 0', lcp = 0', #sols = 150
    RCSP exact solver info for graph G_1 : TT = 0.0013, pt = 4.4e-05, dt = 0.000401, ct = 0.00014, ndl = 0', bdl = 0', odl = 0', odf = 0', bsi = 0', cnt = 1', bdch = 0', odch = 0', lcp = 0', #sols = 150
<DWph=0> <it=  3> <et=2.97> <Mt= 0.00> <Spt= 0.01> <nCl=  0> <al=0.00> <DB=-2360.3848> <Mlp=-2360.3848> <PB=-2359> 
    Full reduced cost fixing is not called (gap ratio is 0.917215)
Dynamic params and stats :  bidir.bord. = 38.9 aver.obdmd = 18.3846 aver.buck.num. = 24.6308
ColGenEvalAlg final dual bound: -2360.38 (rounded: -2360)
Gap improvement since the last cut separation : 0.0827841 (-2360.51)
data.cuts = 152
>>>>> Add min cuts : 5 cut(s) added
----- Add fac. cuts : UserCuts0(5), max.viol = 0.024961, aver.viol = 0.0210088, sep/add took 0.01/0 sec. -----
1162 columns (1162 active), 28 dyn. constrs. (26 active), 526 art. vars. (274 active)
<DWph=2> <it=  1> <et=3.00> <Mt= 0.01> <Spt= 0.00> <nCl=  0> <al=0.00> <DB=-2360.3556> <Mlp=-2360.3556> <PB=-2359> 
<DWph=1> <it=  2> <et=3.00> <Mt= 0.00> <Spt= 0.01> <nCl=  0> <al=0.00> <DB=-2360.3556> <Mlp=-2360.3556> <PB=-2359> 
    RCSP exact solver info for graph G_1 : TT = 0.001446, pt = 5.7e-05, dt = 0.000505, ct = 0.000137, ndl = 0', bdl = 0', odl = 0', odf = 0', bsi = 0', cnt = 1', bdch = 0', odch = 0', lcp = 0', #sols = 150
    RCSP exact solver info for graph G_1 : TT = 0.00129, pt = 4.4e-05, dt = 0.000397, ct = 0.000137, ndl = 0', bdl = 0', odl = 0', odf = 0', bsi = 0', cnt = 1', bdch = 0', odch = 0', lcp = 0', #sols = 150
<DWph=0> <it=  3> <et=3.01> <Mt= 0.00> <Spt= 0.00> <nCl=  0> <al=0.00> <DB=-2360.3556> <Mlp=-2360.3556> <PB=-2359> 
Labels distribution in buckets (bucket size) : largest - 9, top 0.1% - 7, top 0.5% - 7, top 2% - 4, top 10% - 2, top 50% - 0
Reduced cost fixing for graph G_1... 861 buck. arcs remain (99.1% from prev., 1.37% from max.) + 2267 jump buck. arcs (3.62% from max.)
Backward reduced cost fixing... 861 buck. arcs remain (99.1% from prev., 1.37% from max.) + 2267 jump buck. arcs (3.62% from max.)
 TT = 0.002243, pt = 5.9e-05, dt = 0.000529, ct = 0.001301, ndl = 1', bdl = 0', odl = 0', odf = 2', lpcb = 2', cnt = 3', bdch = 3', odch = 0', lcp = 1'
Labels distribution in buckets (bucket size) : largest - 9, top 0.1% - 9, top 0.5% - 7, top 2% - 5, top 10% - 2, top 50% - 0
Dynamic params and stats :  bidir.bord. = 38.9 aver.obdmd = 18.3846 aver.buck.num. = 24.6308
ColGenEvalAlg final dual bound: -2360.36 (rounded: -2360)
Gap improvement since the last cut separation : 0.0211289 (-2360.38)
12 Rank-1 1-rows pack. cuts added ,  max viol. = 0.204444, aver. viol. = 0.105694
72 Rank-1 3-rows pack. cuts added ,  max viol. = 0.211111, aver. viol. = 0.066929
Building structures for heuristic rank-1 packing cut separation...done!
41 Rank-1 4-rows pack. cuts added ,  max viol. = 0.0911111, aver. viol. = 0.0674526
100 Rank-1 5-rows pack. cuts added ,  max viol. = 0.0966667, aver. viol. = 0.0912222
----- Add fac. cuts : R1C(225), max.viol = 0.324444, aver.viol = 0.117743, sep/add took 0.25/0.06 sec. -----
1177 columns (1177 active), 251 dyn. constrs. (247 active), 751 art. vars. (491 active)
<DWph=2> <it=  1> <et=3.34> <Mt= 0.00> <Spt= 0.00> <nCl=  0> <al=0.50> <DB=-1000000000000.0000> <Mlp=-2360.0000> <PB=-2360> 
ColGenEvalAlg final dual bound: -2360.36 (rounded: -2360)
Gap improvement since the last cut separation : 1 (-2360.36)
New model incumbent solution -2360, TIME = 0h0m3s34t = 334
************************************************************************************************
Search is finished, global bounds : [ -2360 , -2360 ], TIME = 0h0m3s34t = 334
************************************************************************************************
[32mBaPCod : solution defined.[00m
statistics_cols: instance & :Optimal & cutoff & :bcRecRootDb & :bcTimeRootEval & :bcCountNodeProc & :bcRecBestDb & :bcRecBestInc & :bcTimeMain \\
statistics: eil51-H6-T4-S3 & 1 & -2358.99999 & -2360.00 & 3.34 & 1 & -2360.00 & -2360 & 3.34 \\
tour = Any[1, 7, 38, 17, 44, 22, 56, 15, 36, 45, 16, 55, 3, 11, 18, 53, 10, 23, 43, 50, 48, 4, 46, 25, 47, 19, 31, 30, 49, 13, 5, 29, 54, 14, 32, 37, 34, 9, 41, 26, 2]
########################################################
trip 1 : 1 7 38 17 44 22 56 15 36 45 16 55 3 
trip 2 : 5 29 54 14 32 37 34 9 41 26 2 
trip 3 : 4 46 25 47 19 31 30 49 13 5 
trip 4 : 3 11 18 53 10 23 43 50 48 4 
tour : 1 7 38 17 44 22 56 15 36 45 16 55 3 11 18 53 10 23 43 50 48 4 46 25 47 19 31 30 49 13 5 29 54 14 32 37 34 9 41 26 2
Cost 2360.0
Number of user cuts 152
########################################################
