Application parameters:
  batch  =>  nothing
  tikz  =>  "/TIKZ/64-65-5-3.tex"
  instance  =>  "/IN/64-65-5-3.ophs"
  out  =>  "/OUT/64-65-5-3.sol"
  nosolve  =>  false
  ub  =>  -1116
  complete  =>  false
  cfg  =>  "/BWTSP/src/../config/OPHS.cfg"
VRPSolver warning: Interval set for resource 1 on source node (when source != sink) is ignored (by definition is [0.0,0.0])
VRPSolver warning: Interval set for resource 1 on source node (when source != sink) is ignored (by definition is [0.0,0.0])
VRPSolver warning: Interval set for resource 1 on source node (when source != sink) is ignored (by definition is [0.0,0.0])
[41m solve [00m
Info about modified params should be ignored for params which are not in the config file.
Such warnings may have been triggered because the default value of the param was modified.
 BaPCod info - PARAM MODIFIED : 
     StabilizationFunctionType::none 
     ===> 
     StabilFuncInnerAngle = 0 and StabilFuncOuterAngle = 0 
 BaPCod info - PARAM MODIFIED : 
     colGenStabilizationFunctionType::none 
     ===> 
     colGenProximalStabilizationRule::undefined 
~~~~~~~~~~~~~~~~~~~~~~~~~~~~~~~~~~~~~~~~~~~~~~~~~~~~~~~~~~~~~~~~~~~~~~~~~~~~~~
VRPSolver v0.4.1, 24/03/2021. Web: vrpsolver.math.u-bordeaux.fr
Corresponds to the solver by Pessoa, Sadykov, Uchoa and Vanderbeck (2020)
Paper: dx.doi.org/10.1007/s10107-020-01523-z
USE THIS CODE ONLY FOR ACADEMIC PURPOSES AT YOUR OWN RISK
~~~~~~~~~~~~~~~~~~~~~~~~~~~~~~~~~~~~~~~~~~~~~~~~~~~~~~~~~~~~~~~~~~~~~~~~~~~~~~
BaPCod v053, 24/03/2021, © Inria Bordeaux, France
~~~~~~~~~~~~~~~~~~~~~~~~~~~~~~~~~~~~~~~~~~~~~~~~~~~~~~~~~~~~~~~~~~~~~~~~~~~~~~
/* SOLUTION MODE */
  ovfSolMode = none
  masterSolMode = mipSolver
  colGenSubProbSolMode = customSolver
  sepSubProbSolMode = mipSolver

/* MIP SOLVER PARAMETERS */ 
MipSolverMaxBBNodes = 2000000
MipSolverMaxTime = 360000
MipSolverRecordNamesInFormulation = true
nameVarConstrInFormulations = true

/* BRANCH-AND-PRICE CONTROL PARAMETERS */  
MaxNbOfCgIterations = 100000
MaxNbOfBendersIterations = 5000
MaxNbOfBBtreeNodeTreated = 100000

 /* STABILIZATION OF COLUMN GENERATION CONTROL PARAMETERS */ 
mastInitMode = localArtCol
colGenDualPriceSmoothingRule = Wentges
bendersPrimalSolSmoothingRule = none

/* STRATEGIES FOR COLUMN GENERATION CONTROL PARAMETERS */ 
Search4NegRedCostColInInactivePool = false
MultiColGeneration = true

/* STRATEGIES FOR SEPARATION CONTROL PARAMETERS */ 
bendersSpInitMode = localArtVar
bendersSpInitModeUseLocalArtVarForEqualityConstraints = false
BendersSepOracleNthreads = 0
bendersCutGenerationMode = cutAndBranch
bendersMultiSolnCutGen = true
bendersMultiSolnCutGenPoolCapacity = 0
bendersMultiSolnCutGenEleminateSeenSolns = false

/* PRIMAL HEURISTIC CONTROL PARAMETERS */ 
UseInitialPrimalHeur = false
UseDivingHeur = true
UseRestrictedMasterIpHeur = true

/* Code OUTPUT CONTROL  */ 
DEFAULTPRINTLEVEL = 0
ClockType = 0

/* SOLVER Name */
solverName = CPLEX_SOLVER

/* ADVANCED USER PARAMETERS */
ApplyPreprocessing = true
ApplyStrongBranchingEvaluation = true
StrongBranchingParameter4MaxNbOfCandidates = 10
MaxNbOfStagesInColGenProcedure = 3
GenerateProperColumns = false
DynamicSpVarGen = false
bendersCutScaling = false

!!-- ADVANCED PARAMETERS --!! 

/* MIP SOLVER PARAMETERS */ 
MipSolverMaxNbLpIterations = 2147483645
RequiredSolStatForOvf = SolutionStatus includes     Optimum ,    PrimalFeasSolFound ,

PreprocessorOnForOvf = true
ProbingOnForOvf = true
AutomaticCuttingPlanesOnForOvf = true
SolverSelectForOvf = d
RequiredSolStatForMast = SolutionStatus includes     Optimum ,    DualFeasSolFound ,    OptimumUnscalInfeas ,

PreprocessorOnForMast = true
ProbingOnForMast = true
AutomaticCuttingPlanesOnForMast = true
SolverSelectForMast = a
SolverSelectForMastAfterBarrierConvergence = d
RequiredSolStatForColGenSp = SolutionStatus includes     Optimum ,    PrimalFeasSolFound ,

PreprocessorOnForColGenSp = true
ProbingOnForColGenSp = true
AutomaticCuttingPlanesOnForColGenSp = true
SolverSelectForSepSp = d
RequiredSolStatForSepSp = SolutionStatus includes     Optimum ,    PrimalFeasSolFound ,

PreprocessorOnForSepSp = true
ProbingOnForSepSp = true
AutomaticCuttingPlanesOnForSepSp = true
SolverSelectForSepSp = d
SafeDualBoundScaleFactor = -1
MasterMipSolverRightHAndSideZeroTol = 1e-07
MasterMipSolverReducedCostTolerance = 1e-07
MasterMipSolverClassicalBendersWarmStart = false
MasterMipSolverClassicalBendersEpGap = 0.01
MasterMipSolverClassicalBendersEpGapFactor = 0.5
MasterMipSolverClassicalBendersMIPEmphasis = 0
MasterMipSolverBarrierMinConvergTol = 1e-06
MasterMipSolverBarrierConvergTolFactor = 0.01
ColGenMipSolverRightHAndSideZeroTol = 1e-08
ColGenMipSolverReducedCostTolerance = 1e-06
BendersSpMipSolverRightHAndSideZeroTol = 1e-06
BendersSpMipSolverReducedCostTolerance = 1e-08
MipSolverMultiThread = 1
MipSolverIntegerFeasibility = 1e-08
MipSolverNbOfExtraRows = 1000
MipSolverNbOfExtraCols = 1000
MipSolverNbOfExtraGlobalEntities = 10000
MipSolverNbOfExtraMatrixElements = 50000
MipSolverNbOfExtraElementsInPresolve = 1000

/* BRANCH-AND-PRICE CONTROL PARAMETERS */  
MaxNbOfColPerIteration = 1
MaxDepthInBBtree = 5000
StopWhenBranchingFails = true
fullSearchForBestBranchingSet = true
BapCodReducedCostTolerance = 1e-06
BapCodCutViolationTolerance = 0.02
BapCodIntegralityTolerance = 1e-08
treeSearchStrategy = 1

/* BRANCH-AND-PRICE OPTION PARAMETERS */ 
PseudoLagrangianBounds = false
DCP_MaxIterWithSameSg = 0
TestAggregateMasterSol4Integrality = false
VerifyColsIntegralityInTestSolForIntegrality = false
BranchFirstOnPureMasterVariables = true
BranchFirstOnSubProblemVariables = false
StrongBranchingParameter4BestVsWorstBd = 0.9
StrongBranchingParameter4MaxNbOfCandidatesAfterRM = 5
StrongBranchingParameter4NodesNbRatio = 0.1
StrongBranchingParameter4NotPromissingConservativeness = 1
StrongBranchingPhaseOne = max#cand. = 100 max#cg.iters = 0 min.lvl.sp.restr. = 0 min#cut.rounds = 0 max#cut.rounds = 0 red.cost.fix&enum. = false tree.size.ratio = 0.2
StrongBranchingPhaseTwo = max#cand. = 3 max#cg.iters = 10000 min.lvl.sp.restr. = 1 min#cut.rounds = 0 max#cut.rounds = 0 red.cost.fix&enum. = false tree.size.ratio = 0.02
StrongBranchingPhaseThree = max#cand. = 1 max#cg.iters = 10000 min.lvl.sp.restr. = 0 min#cut.rounds = 0 max#cut.rounds = 10000 red.cost.fix&enum. = true tree.size.ratio = 1
StrongBranchingPhaseFour =not active
StrongBranchingPhaseOneCandidatesNumber = 100
StrongBranchingPhaseOneTreeSizeEstimRatio = 0.2
StrongBranchingPhaseTwoCandidatesNumber = 3
StrongBranchingPhaseTwoTreeSizeEstimRatio = 0.02
StrongBranchingExactPhaseInterrupt = false
StrongBranchingUseHistorySubtreeSize = false
TerminateCgWhenRoundedDbCannotImprove = false
UseObjScalingFact = false
UseMasterCuttingPlanes = true
ExploreCutPoolBeforeSeparation = true
GoIntoSeparationEvenIfViolatedCutsFromPool = false
MasterCuttingPlanesDepthLimit = 1000
MaxNbOfCutGeneratedAtEachIter = 1000
NbOfCutTargetedBeforeSwitchingTemplate = 10
OpenNodesLimit = 1000

 /* STABILIZATION OF COLUMN GENERATION CONTROL PARAMETERS */ 
LocArtVarInConvexityConstr = true
dualCPInitWithArtCol = false
ArtVarPenaltyUpdateFactor = 2
ArtVarUniformPenaltyUpdate = true
ArtVarMaxNbOfPenaltyUpdates = 5
BendersSepSpArtVarPenaltyUpdateFactor = 5
BendersSepSpArtVarUniformPenaltyUpdate = true
BendersSepSpArtVarMaxNbOfPenaltyUpdates = 3
BendersSepSpArtVarPenaltyInit = 1
BendersSepSpFreeCostArtVar = false
BendersSepSpFreeCostArtVarMaxNbOfLBResets = -1
colGenStabilizationFunctionType = none
colGenProximalStabilizationRule = undefined
bendersProximalStabilizationFunctionType = none
StabilFuncKappa = 1
StabilFuncArtVarInSolUpdateFactor = 10
StabilFuncCurvature = 1
StabilFuncCurvatureAdvanceRate = 1
StabilFuncOuterHalfInterval = 100
StabilFuncInnerHalfInterval = 10
StabilFuncHalfIntervalChildNodeFactor = 10
StabilFuncOuterAngle = 0
StabilFuncInnerAngle = 0
colGenDualPriceSmoothingAlphaFactor = 1
colGenDualPriceSmoothingBetaFactor = 0
colGenDualPriceSmoothingMinGap = 0
colGenDualPriceSmoothingMaxGap = 0
bendersPrimalSolSmoothingAlphaFactor = 0
bendersPrimalSolSmoothingBetaFactor = 0
bendersPrimalSolSmoothingMinGap = 0
bendersPrimalSolSmoothingMaxGap = 0
colGenStabilizationMaxTreeDepth = 10000
bendersStabilizationMaxTreeDepthStabilizationMaxTreeDepth = 10000
colGenDualPriceSmoothingMaxNbOfUpdate = 10
bendersPrimalSolSmoothingMaxNbOfUpdate = 10
StabilizationMinPhaseOfStage = 0

/* STRATEGIES FOR COLUMN GENERATION CONTROL PARAMETERS */ 
SplitColIntoDissagregateSpVar = false
SplitColIntoDissagregateSpVarInHeadIn = true
dynamicallyAddVarConstrInCallBacks = false
PriceAllSubproblemsForBestDualBound = true
CyclicSpScanning = false
Col4AllSubproblems = false
UseColumnsPool = false
InsertAllGeneratedColumnsInFormRatherThanInPool = true
InsertNewNonNegColumnsDirectlyInFormRatherThanInPool = true
ColumnCleanupFrequenceInNbOfCgIter = 1
ColumnCleanupThreshold = 10000
ColumnCleanupRatio = 0.66
CutCleanupThreshold = 1
CutTailingOffThreshold = 0.015
CutTailingOffCounterThreshold = 3
CutTailingOffAbsTolerance = -1
MinNumOfCutRoundsBeforeStopBySp = 1
CutCleanupRatio = 0.66
CutDynamicPriorityLevel = false
SetColFromBasisWhenProcNewNode = true
SetVarWithLowRedCostOnlyWhenProcNewNode = false
CleanupMasterCutsWhenProcNewNode = false
ReducedCostFixingThreshold = 0.9
runColGenUntilFullConvergence = false

/* PRIMAL HEURISTIC CONTROL PARAMETERS */ 
UseGreedyHeur = 0
MaxNbGhIter = 50
UseSeqRoundingHeur = false
UseFeasibilityPumpHeur = false
UseCustomFracSolBasedHeur = false
UseDive2RestrictHeur = false
UseLocalSearchHeur = false
UseDivingProximalHeur = false
UseRestrictMastProximalHeur = false
ActivateAllColumnsForRestrictedMasterIpHeur = false
MaxTimeForRestrictedMasterIpHeur = -1
PolishingAfterTimeInRestrictedMasterIpHeur = -1
MaxNumEnumSolsInRestrictedMasterIpHeur = 5000
MIPemphasisInRestrictedMasterIpHeur = 1
CallFrequencyOfRestrictedMasterIpHeur = 5
CallFrequencyOfDivingHeur = 1
UseDivingHeurAfterBranchOnly = false
UseDivingHeurOnMasterColOnly = true
UseDivingHeurOnPureMastVarOnly = false
UseSeqRoundingHeurAfterBranchOnly = false
MaxFeasibilityPumpIterationCounter = 20
FeasibilityPumpModCostFunction = 2
MaxLocalSearchIterationCounter = 3
MaxProximalIterationCounter = 3
MaxDepthInDivingHeur = 50
EvalAlgParamsInDiving = max#cand. = 1 max#cg.iters = 10000 min.lvl.sp.restr. = 1 min#cut.rounds = 0 max#cut.rounds = 0 red.cost.fix&enum. = false tree.size.ratio = 1
MaxFactorOfPartialSolValueInDive2RestrictHeur = 0.5
MaxFactorOfColFixedByLocalSearchHeur = 0.8
StrongDivingCandidatesNumber = 1
MaxNbOfCgIteDuringRh = 5000
MaxNbOfPenaltUpdatesDuringRH = 10
MaxLDSbreadth = 1
MaxLDSdepth = 10000
DivingHeurUseDepthLimit = 0
LocalSearchHeurUseDepthLimit = 2
DivingHeurStopsWithFirstFeasSol = false
DivingHeurPreprocessBeforeChoosingVar = false
FixIntValBeforeRoundingHeur = true
IgnoreIntValWhenSelectingRoundedVarInRH = true
NbOfSelectionCriteriaForRoundingHeur = 1
RecordingNodeInfo = false
/* RCSP SOLVER CONTROL PARAMETERS */ 
RCSPcheckDominInOtherBuckets = true
RCSPuseBidirectionalSearch = 2
RCSPuseCompletionBoundsInPricing = 0
RCSPdomChecksThresholdInPricing = 1e+15
RCSPstopCutGenTimeThresholdInPricing = 10
RCSPhardTimeThresholdInPricing = 25
RCSPmaxNumOfColsPerIteration = 30
RCSPmaxNumOfColsPerExactIteration = 150
RCSPallowRoutesWithSameVerticesSet = true
RCSPheurLabelingStrategy = 0
RCSPnumberOfBucketsPerVertex = 25
RCSPdynamicBucketSteps = 1
RCSPdynBuckStepAdjustRatioThreshold = 500
RCSPdynBuckStepAdjustNumBuckArcsThreshold = 10000
RCSPapplyReducedCostFixing = 1
RCSPredCostFixingFalseGap = 0
RCSPuseComplBoundsInRedCostFixing = 2
RCSPuseDSSRInMode = 0
RCSPmaxNumOfColumnsInDSSR = 100
RCSPmaxCycleSizeInDSSR = 5
RCSPdynamicNGmode = 0
RCSPmaxNumOfColumnsInDynamicNG = 100
RCSPmaxCycleSizeInDynamicNG = 5
RCSPmaxNGneighbourhoodSize = 8
RCSPmaxNGneighbourhoodSize = 8
RCSPmaxNGaverNeighbourhoodSize = 8
RCSPuseCapacityCuts = true
RCSPresConsKnapsackCutsMode = 8
RCSPcapCutsMaxNumPerRound = 100
RCSPcliqueCutsMaxNumPerRound = 0
RCSPcliqueCutsMaxSepTime = 5
RCSPrankOneCutsMaxNumRows = 5
RCSPrankOneCutsMaxNumPerRound = 100
RCSPrankOneCutsMemoryType = 0
RCSPrankOneCutsArcMemoryType = 2
RCSPrankOneCutsSpDependentMemory = false
RCSPrankOneCutsLSnumIterations = 1000
RCSPrankOneCutsNeighbourhoodSize = 16
RCSPrankOneCutsMaxNumTriplets = 10000
RCSPuseExactComplBoundsInEnumeration = true
RCSPmaxGapToRunEnumeration = 1
RCSPmaxNumOfLabelsInEnumeration = 0
RCSPmaxNumOfLabelsInHeurEnumeration = 0
RCSPmaxNumOfEnumeratedSolutions = 0
RCSPmaxNumOfEnumSolutionsForMIP = 10000
RCSPmaxNumOfEnumSolsForEndOfNodeMIP = 10000
RCSPstopRatioForConcatenationInEnum = 30
RCSPenableSimplePricing = false
LeastFractional
Closest2RoundUp
LeastGreedyCost
LeastCost
selectColBasedOnLpSoInDivingHeur = false
breakTiesByGreedyCostInRh = true
RestrictedMasterIpHeurColRenewalBeforeReUse = 0.5

/* Code OUTPUT CONTROL  */ 
ColGenLogFrequency = 1
BundleOutput = 0
time key = bcTimeNow
time key = now
/* BOUND */
minimizationProblem = true
integerValuedBound = true
optimalityGapTolerance = 1e-06
relOptimalityGapTolerance = 1e-06
/* ADVANCED PARAMETERS */
useDirectAccessForMastColumnMembership = false
useSPVarMembershipCache = false
CheckSpOracleFeasibility = false
CheckOracleOptimality = false

prName & bcTimeMain \\ 
New model incumbent solution -1115, TIME = 0h0m0s3t = 3
Bucket steps were recalculated for graph G_3 : [0.7926]
RCSP solver info : non-symmetric case as the reverse arc for 0->7 does not exist
Bidirectional border value is initialised to 9.8
RCSP solver info : number of forw. reachable buckets / buck. strongly connected components is 1636( 84.9429% ) / 1636( 100% )
RCSP solver info : number of back. reachable buckets / buck. strongly connected components is 1613( 83.7487% ) / 1613( 100% )
Bucket steps were recalculated for graph G_2 : [0.8724]
RCSP solver info : non-symmetric case as the reverse arc for 0->7 does not exist
Bidirectional border value is initialised to 10.8
RCSP solver info : number of forw. reachable buckets / buck. strongly connected components is 1636( 84.9429% ) / 1636( 100% )
RCSP solver info : number of back. reachable buckets / buck. strongly connected components is 1613( 83.7487% ) / 1613( 100% )
Bucket steps were recalculated for graph G_1 : [0.9056]
RCSP solver info : non-symmetric case as the reverse arc for 0->7 does not exist
Bidirectional border value is initialised to 11.2
RCSP solver info : number of forw. reachable buckets / buck. strongly connected components is 1636( 84.9429% ) / 1636( 100% )
RCSP solver info : number of back. reachable buckets / buck. strongly connected components is 1613( 83.7487% ) / 1613( 100% )
Generating neibourhoods for rank-1 cuts separation
Building structures for 4- and 5-row rank-1 packing cut separation...done!
Model is built TIME = 0h0m1s1t = 101
************************************************************************************************
**** BaB tree root node
**** Local DB = -1e+12, global bounds : [ -1e+12 , -1115 ], TIME = 0h0m1s1t = 101
**** 1 open nodes, 0 columns (0 active), 0 dyn. constrs. (0 active), 287 art. vars. (287 active)
************************************************************************************************
--------------------------------------------------------------------------
BaPCod info : first we run the root node with rank-1 cuts with node memory
--------------------------------------------------------------------------
#<DWph=2> <it=  1> <et=1.03> <Mt= 0.00> <Spt= 0.01> <nCl= 21> <al=0.00> <DB=-1152000.0000> <Mlp=60000.0000> <PB=-1115> 
#<DWph=2> <it=  2> <et=1.04> <Mt= 0.00> <Spt= 0.01> <nCl= 21> <al=0.40> <DB=-832962.0000> <Mlp=47367.3333> <PB=-1115> 
#<DWph=2> <it=  3> <et=1.06> <Mt= 0.00> <Spt= 0.01> <nCl= 17> <al=0.30> <DB=-240581.3192> <Mlp=32826.8077> <PB=-1115> 
#<DWph=2> <it=  4> <et=1.07> <Mt= 0.00> <Spt= 0.02> <nCl= 21> <al=0.20> <DB=-96654.0489> <Mlp=32334.0000> <PB=-1115> 
#<DWph=2> <it=  5> <et=1.08> <Mt= 0.00> <Spt= 0.01> <nCl= 21> <al=0.10> <DB=-76654.7011> <Mlp=22593.4737> <PB=-1115> 
#<DWph=2> <it=  6> <et=1.10> <Mt= 0.00> <Spt= 0.02> <nCl= 21> <al=0.00> <DB=-88435.7244> <Mlp= 5497.8307> <PB=-1115> 
<DWph=2> <it=  7> <et=1.11> <Mt= 0.00> <Spt= 0.01> <nCl= 18> <al=0.10> <DB=-17315.0244> <Mlp= -971.9672> <PB=-1115> 
<DWph=2> <it=  8> <et=1.13> <Mt= 0.00> <Spt= 0.01> <nCl= 21> <al=0.00> <DB=-1406.8875> <Mlp= -990.7820> <PB=-1115> 
<DWph=2> <it=  9> <et=1.14> <Mt= 0.00> <Spt= 0.02> <nCl= 19> <al=0.00> <DB=-1385.0349> <Mlp=-1037.9123> <PB=-1115> 
<DWph=2> <it= 10> <et=1.16> <Mt= 0.00> <Spt= 0.01> <nCl= 18> <al=0.01> <DB=-1412.5486> <Mlp=-1060.0578> <PB=-1115> 
<DWph=2> <it= 11> <et=1.17> <Mt= 0.00> <Spt= 0.01> <nCl= 20> <al=0.11> <DB=-1336.7266> <Mlp=-1070.4383> <PB=-1115> 
<DWph=2> <it= 12> <et=1.19> <Mt= 0.01> <Spt= 0.02> <nCl= 21> <al=0.20> <DB=-1326.9817> <Mlp=-1080.2338> <PB=-1115> 
<DWph=2> <it= 13> <et=1.20> <Mt= 0.00> <Spt= 0.01> <nCl= 17> <al=0.28> <DB=-1252.8233> <Mlp=-1095.5106> <PB=-1115> 
<DWph=2> <it= 14> <et=1.22> <Mt= 0.00> <Spt= 0.01> <nCl= 17> <al=0.18> <DB=-1261.4585> <Mlp=-1100.3397> <PB=-1115> 
<DWph=2> <it= 15> <et=1.23> <Mt= 0.00> <Spt= 0.02> <nCl= 18> <al=0.26> <DB=-1251.1231> <Mlp=-1107.7518> <PB=-1115> 
<DWph=2> <it= 16> <et=1.25> <Mt= 0.00> <Spt= 0.01> <nCl= 18> <al=0.33> <DB=-1208.6850> <Mlp=-1112.2890> <PB=-1115> 
<DWph=2> <it= 17> <et=1.26> <Mt= 0.00> <Spt= 0.02> <nCl= 17> <al=0.40> <DB=-1225.2392> <Mlp=-1118.5345> <PB=-1115> 
<DWph=2> <it= 18> <et=1.28> <Mt= 0.00> <Spt= 0.01> <nCl= 17> <al=0.46> <DB=-1195.2311> <Mlp=-1124.4504> <PB=-1115> 
<DWph=2> <it= 19> <et=1.30> <Mt= 0.00> <Spt= 0.01> <nCl= 17> <al=0.51> <DB=-1199.0585> <Mlp=-1128.9787> <PB=-1115> 
<DWph=2> <it= 20> <et=1.31> <Mt= 0.01> <Spt= 0.02> <nCl=  3> <al=0.56> <DB=-1167.3364> <Mlp=-1132.5699> <PB=-1115> 
<DWph=2> <it= 21> <et=1.33> <Mt= 0.00> <Spt= 0.01> <nCl= 11> <al=0.46> <DB=-1150.0175> <Mlp=-1132.6269> <PB=-1115> 
<DWph=2> <it= 22> <et=1.34> <Mt= 0.00> <Spt= 0.01> <nCl= 16> <al=0.36> <DB=-1156.5763> <Mlp=-1133.0297> <PB=-1115> 
<DWph=2> <it= 23> <et=1.37> <Mt= 0.00> <Spt= 0.03> <nCl=  0> <al=0.00> <DB=-1134.0000> <Mlp=-1134.0000> <PB=-1115> 
<DWph=1> <it= 24> <et=1.40> <Mt= 0.00> <Spt= 0.03> <nCl=  1> <al=0.33> <DB=-1143.0000> <Mlp=-1134.0000> <PB=-1115> 
<DWph=1> <it= 25> <et=1.46> <Mt= 0.00> <Spt= 0.06> <nCl=  0> <al=0.00> <DB=-1134.0000> <Mlp=-1134.0000> <PB=-1115> 
    RCSP exact solver info for graph G_3 : TT = 0.019267, pt = 8.2e-05, dt = 0.015742, ct = 0.002398, ndl = 7', bdl = 94', odl = 4', odf = 25', bsi = 2', cnt = 5', bdch = 431', odch = 50', lcp = 55', #sols = 150
    RCSP exact solver info for graph G_2 : TT = 0.022918, pt = 9.4e-05, dt = 0.01886, ct = 0.002819, ndl = 8', bdl = 136', odl = 5', odf = 25', bsi = 3', cnt = 4', bdch = 585', odch = 49', lcp = 57', #sols = 150
    RCSP exact solver info for graph G_1 : TT = 0.027034, pt = 9.4e-05, dt = 0.02227, ct = 0.003556, ndl = 9', bdl = 165', odl = 5', odf = 29', bsi = 3', cnt = 7', bdch = 751', odch = 62', lcp = 77', #sols = 150
    RCSP exact solver info for graph G_3 : TT = 0.014956, pt = 0.000113, dt = 0.011219, ct = 0.002542, ndl = 7', bdl = 95', odl = 4', odf = 24', bsi = 2', cnt = 5', bdch = 430', odch = 47', lcp = 53', #sols = 150
    RCSP exact solver info for graph G_2 : TT = 0.017529, pt = 0.000109, dt = 0.013406, ct = 0.002803, ndl = 8', bdl = 136', odl = 5', odf = 25', bsi = 3', cnt = 4', bdch = 585', odch = 49', lcp = 57', #sols = 150
    RCSP exact solver info for graph G_1 : TT = 0.020574, pt = 0.00011, dt = 0.015963, ct = 0.003452, ndl = 9', bdl = 166', odl = 5', odf = 29', bsi = 3', cnt = 7', bdch = 737', odch = 62', lcp = 75', #sols = 150
<DWph=0> <it= 26> <et=1.61> <Mt= 0.00> <Spt= 0.14> <nCl=  0> <al=0.00> <DB=-1134.0000> <Mlp=-1134.0000> <PB=-1115> 
Labels distribution in buckets (bucket size) : largest - 37, top 0.1% - 29, top 0.5% - 23, top 2% - 18, top 10% - 11, top 50% - 4
Reduced cost fixing for graph G_3... 8503 buck. arcs remain (12.2% from prev., 8.64% from max.) + 3360 jump buck. arcs (3.41% from max.)
Backward reduced cost fixing... 8546 buck. arcs remain (12.3% from prev., 8.68% from max.) + 6328 jump buck. arcs (6.43% from max.)
 TT = 0.041701, pt = 0.005995, dt = 0.013392, ct = 0.021219, ndl = 14', bdl = 190', odl = 4', odf = 31', lpcb = 417', cnt = 269', bdch = 516', odch = 59', lcp = 41'
Labels distribution in buckets (bucket size) : largest - 37, top 0.1% - 29, top 0.5% - 23, top 2% - 18, top 10% - 12, top 50% - 4
Labels distribution in buckets (bucket size) : largest - 24, top 0.1% - 24, top 0.5% - 20, top 2% - 16, top 10% - 11, top 50% - 5
Reduced cost fixing for graph G_2... 11850 buck. arcs remain (16.4% from prev., 12% from max.) + 1884 jump buck. arcs (1.91% from max.)
Backward reduced cost fixing... 11850 buck. arcs remain (16.4% from prev., 12% from max.) + 1884 jump buck. arcs (1.91% from max.)
 TT = 0.051974, pt = 0.007176, dt = 0.018045, ct = 0.025615, ndl = 18', bdl = 246', odl = 6', odf = 37', lpcb = 500', cnt = 417', bdch = 813', odch = 89', lcp = 69'
Labels distribution in buckets (bucket size) : largest - 30, top 0.1% - 26, top 0.5% - 21, top 2% - 17, top 10% - 12, top 50% - 5
Labels distribution in buckets (bucket size) : largest - 39, top 0.1% - 38, top 0.5% - 27, top 2% - 20, top 10% - 14, top 50% - 5
Reduced cost fixing for graph G_1... 7715 buck. arcs remain (10.5% from prev., 7.84% from max.) + 7682 jump buck. arcs (7.8% from max.)
Backward reduced cost fixing... 7651 buck. arcs remain (10.4% from prev., 7.77% from max.) + 2317 jump buck. arcs (2.35% from max.)
 TT = 0.04746, pt = 0.008836, dt = 0.015372, ct = 0.022046, ndl = 17', bdl = 277', odl = 4', odf = 31', lpcb = 468', cnt = 329', bdch = 899', odch = 73', lcp = 80'
Labels distribution in buckets (bucket size) : largest - 39, top 0.1% - 38, top 0.5% - 27, top 2% - 20, top 10% - 14, top 50% - 5
Dynamic params and stats :  bidir.bord. = 10.3 aver.obdmd = 19.7821 aver.buck.num. = 24.6923
Dynamic params and stats :  bidir.bord. = 10.8 aver.obdmd = 19.7821 aver.buck.num. = 24.6923
Dynamic params and stats :  bidir.bord. = 10.6 aver.obdmd = 19.7821 aver.buck.num. = 24.6923
ColGenEvalAlg final dual bound: -1134 (rounded: -1134)
23 Rank-1 1-rows pack. cuts added ,  max viol. = 0.311835, aver. viol. = 0.109211
150 Rank-1 3-rows pack. cuts added ,  max viol. = 0.353165, aver. viol. = 0.163032
----- Add fac. cuts : R1C(173), max.viol = 0.376326, aver.viol = 0.201293, sep/add took 0/0.04 sec. -----
1017 columns (1017 active), 173 dyn. constrs. (173 active), 460 art. vars. (460 active)
<DWph=2> <it=  1> <et=1.89> <Mt= 0.06> <Spt= 0.02> <nCl= 14> <al=0.50> <DB=-1175.8977> <Mlp=-1120.5236> <PB=-1115> 
<DWph=2> <it=  2> <et=1.91> <Mt= 0.01> <Spt= 0.01> <nCl= 14> <al=0.55> <DB=-1154.1215> <Mlp=-1127.6359> <PB=-1115> 
<DWph=2> <it=  3> <et=1.94> <Mt= 0.01> <Spt= 0.01> <nCl= 13> <al=0.60> <DB=-1152.3659> <Mlp=-1130.3777> <PB=-1115> 
<DWph=2> <it=  4> <et=1.96> <Mt= 0.01> <Spt= 0.02> <nCl= 12> <al=0.64> <DB=-1148.1452> <Mlp=-1131.9875> <PB=-1115> 
<DWph=2> <it=  5> <et=1.98> <Mt= 0.01> <Spt= 0.01> <nCl= 13> <al=0.67> <DB=-1150.1744> <Mlp=-1132.8458> <PB=-1115> 
<DWph=2> <it=  6> <et=2.01> <Mt= 0.01> <Spt= 0.02> <nCl= 13> <al=0.00> <DB=-1158.0000> <Mlp=-1134.0000> <PB=-1115> 
<DWph=1> <it=  7> <et=2.04> <Mt= 0.00> <Spt= 0.03> <nCl=  0> <al=0.00> <DB=-1134.0000> <Mlp=-1134.0000> <PB=-1115> 
ColGenEvalAlg final dual bound: -1134 (rounded: -1134)
Gap improvement since the last cut separation : 3.59011e-14 (-1134)
Separator R1C not in maximum phase
Cut generation tailing off counter increased to 0
14 Rank-1 1-rows pack. cuts added ,  max viol. = 0.231364, aver. viol. = 0.0760893
150 Rank-1 3-rows pack. cuts added ,  max viol. = 0.248799, aver. viol. = 0.131928
Building structures for heuristic rank-1 packing cut separation...done!
44 Rank-1 4-rows pack. cuts added ,  max viol. = 0.359822, aver. viol. = 0.135633
100 Rank-1 5-rows pack. cuts added ,  max viol. = 0.390072, aver. viol. = 0.285755
----- Add fac. cuts : R1C(308), max.viol = 0.462719, aver.viol = 0.219761, sep/add took 0.44/0.11 sec. -----
1107 columns (1107 active), 481 dyn. constrs. (481 active), 768 art. vars. (768 active)
<DWph=2> <it=  1> <et=3.00> <Mt= 0.37> <Spt= 0.02> <nCl= 14> <al=0.50> <DB=-1161.9088> <Mlp=-1116.2183> <PB=-1115> 
<DWph=2> <it=  2> <et=3.11> <Mt= 0.09> <Spt= 0.02> <nCl= 12> <al=0.55> <DB=-1154.6649> <Mlp=-1120.0582> <PB=-1115> 
<DWph=2> <it=  3> <et=3.20> <Mt= 0.07> <Spt= 0.02> <nCl= 11> <al=0.60> <DB=-1151.7570> <Mlp=-1124.6185> <PB=-1115> 
<DWph=2> <it=  4> <et=3.33> <Mt= 0.10> <Spt= 0.02> <nCl= 13> <al=0.64> <DB=-1150.9592> <Mlp=-1127.8182> <PB=-1115> 
<DWph=2> <it=  5> <et=3.43> <Mt= 0.08> <Spt= 0.02> <nCl= 13> <al=0.68> <DB=-1145.8035> <Mlp=-1129.9088> <PB=-1115> 
<DWph=2> <it=  6> <et=3.48> <Mt= 0.03> <Spt= 0.02> <nCl= 10> <al=0.71> <DB=-1144.0712> <Mlp=-1130.3019> <PB=-1115> 
<DWph=2> <it=  7> <et=3.57> <Mt= 0.07> <Spt= 0.02> <nCl= 11> <al=0.74> <DB=-1142.9400> <Mlp=-1131.5680> <PB=-1115> 
<DWph=2> <it=  8> <et=3.64> <Mt= 0.05> <Spt= 0.01> <nCl= 12> <al=0.76> <DB=-1140.5541> <Mlp=-1132.3804> <PB=-1115> 
<DWph=2> <it=  9> <et=3.71> <Mt= 0.05> <Spt= 0.02> <nCl=  7> <al=0.79> <DB=-1139.5352> <Mlp=-1133.3591> <PB=-1115> 
<DWph=2> <it= 10> <et=3.78> <Mt= 0.05> <Spt= 0.02> <nCl=  4> <al=0.62> <DB=-1154.7218> <Mlp=-1134.0000> <PB=-1115> 
<DWph=1> <it= 11> <et=3.80> <Mt= 0.01> <Spt= 0.01> <nCl=  1> <al=0.71> <DB=-1139.2536> <Mlp=-1134.0000> <PB=-1115> 
<DWph=1> <it= 12> <et=3.83> <Mt= 0.00> <Spt= 0.03> <nCl=  0> <al=0.00> <DB=-1134.0000> <Mlp=-1134.0000> <PB=-1115> 
ColGenEvalAlg final dual bound: -1134 (rounded: -1134)
Gap improvement since the last cut separation : 8.37692e-14 (-1134)
Cut generation tailing off counter increased to 1
7 Rank-1 1-rows pack. cuts added ,  max viol. = 0.117552, aver. viol. = 0.0618557
150 Rank-1 3-rows pack. cuts added ,  max viol. = 0.187622, aver. viol. = 0.0858663
Building structures for heuristic rank-1 packing cut separation...done!
70 Rank-1 4-rows pack. cuts added ,  max viol. = 0.172982, aver. viol. = 0.0773752
100 Rank-1 5-rows pack. cuts added ,  max viol. = 0.25291, aver. viol. = 0.17277
----- Add fac. cuts : R1C(327), max.viol = 0.379948, aver.viol = 0.154549, sep/add took 0.63/0.15 sec. -----
1258 columns (1258 active), 808 dyn. constrs. (808 active), 1095 art. vars. (1095 active)
<DWph=2> <it=  1> <et=5.32> <Mt= 0.67> <Spt= 0.03> <nCl= 12> <al=0.64> <DB=-1152.4475> <Mlp=-1128.9944> <PB=-1115> 
<DWph=2> <it=  2> <et=5.52> <Mt= 0.17> <Spt= 0.03> <nCl= 10> <al=0.67> <DB=-1150.4154> <Mlp=-1130.4660> <PB=-1115> 
<DWph=2> <it=  3> <et=5.87> <Mt= 0.32> <Spt= 0.02> <nCl=  9> <al=0.71> <DB=-1144.0368> <Mlp=-1132.4092> <PB=-1115> 
<DWph=2> <it=  4> <et=6.01> <Mt= 0.11> <Spt= 0.02> <nCl= 10> <al=0.74> <DB=-1139.5589> <Mlp=-1132.9861> <PB=-1115> 
<DWph=2> <it=  5> <et=6.13> <Mt= 0.09> <Spt= 0.03> <nCl= 11> <al=0.76> <DB=-1141.5587> <Mlp=-1133.5367> <PB=-1115> 
<DWph=2> <it=  6> <et=6.32> <Mt= 0.16> <Spt= 0.03> <nCl= 11> <al=0.79> <DB=-1136.3490> <Mlp=-1133.8736> <PB=-1115> 
<DWph=2> <it=  7> <et=6.42> <Mt= 0.08> <Spt= 0.02> <nCl= 10> <al=0.81> <DB=-1136.7830> <Mlp=-1133.9651> <PB=-1115> 
<DWph=2> <it=  8> <et=6.48> <Mt= 0.03> <Spt= 0.03> <nCl=  0> <al=0.00> <DB=-1134.0000> <Mlp=-1134.0000> <PB=-1115> 
<DWph=1> <it=  9> <et=6.51> <Mt= 0.01> <Spt= 0.03> <nCl=  0> <al=0.00> <DB=-1134.0000> <Mlp=-1134.0000> <PB=-1115> 
ColGenEvalAlg final dual bound: -1134 (rounded: -1134)
Gap improvement since the last cut separation : 5.02615e-13 (-1134)
Cut generation tailing off counter increased to 2
3 Rank-1 1-rows pack. cuts added ,  max viol. = 0.052212, aver. viol. = 0.0339099
150 Rank-1 3-rows pack. cuts added ,  max viol. = 0.210028, aver. viol. = 0.0737522
Building structures for heuristic rank-1 packing cut separation...done!
94 Rank-1 4-rows pack. cuts added ,  max viol. = 0.243412, aver. viol. = 0.0763166
100 Rank-1 5-rows pack. cuts added ,  max viol. = 0.2848, aver. viol. = 0.233474
----- Add fac. cuts : R1C(347), max.viol = 0.292743, aver.viol = 0.12838, sep/add took 0.79/0.17 sec. -----
1353 columns (1353 active), 1155 dyn. constrs. (1155 active), 1442 art. vars. (1442 active)
<DWph=2> <it=  1> <et=8.88> <Mt= 1.34> <Spt= 0.03> <nCl= 11> <al=0.63> <DB=-1155.1817> <Mlp=-1130.7755> <PB=-1115> 
<DWph=2> <it=  2> <et=9.21> <Mt= 0.29> <Spt= 0.03> <nCl= 11> <al=0.66> <DB=-1144.7822> <Mlp=-1131.8755> <PB=-1115> 
<DWph=2> <it=  3> <et=9.40> <Mt= 0.15> <Spt= 0.04> <nCl= 10> <al=0.70> <DB=-1143.1904> <Mlp=-1132.3081> <PB=-1115> 
<DWph=2> <it=  4> <et=9.62> <Mt= 0.19> <Spt= 0.03> <nCl= 10> <al=0.73> <DB=-1140.2608> <Mlp=-1132.5935> <PB=-1115> 
<DWph=2> <it=  5> <et=9.86> <Mt= 0.21> <Spt= 0.03> <nCl= 10> <al=0.75> <DB=-1140.2159> <Mlp=-1132.9060> <PB=-1115> 
<DWph=2> <it=  6> <et=10.08> <Mt= 0.18> <Spt= 0.03> <nCl= 10> <al=0.78> <DB=-1137.8203> <Mlp=-1133.2164> <PB=-1115> 
<DWph=2> <it=  7> <et=10.34> <Mt= 0.22> <Spt= 0.04> <nCl= 10> <al=0.80> <DB=-1138.4648> <Mlp=-1133.5508> <PB=-1115> 
<DWph=2> <it=  8> <et=10.62> <Mt= 0.24> <Spt= 0.03> <nCl= 11> <al=0.82> <DB=-1136.5891> <Mlp=-1133.7846> <PB=-1115> 
<DWph=2> <it=  9> <et=10.86> <Mt= 0.21> <Spt= 0.03> <nCl= 11> <al=0.84> <DB=-1136.7046> <Mlp=-1133.8967> <PB=-1115> 
<DWph=2> <it= 10> <et=11.03> <Mt= 0.15> <Spt= 0.03> <nCl=  1> <al=0.71> <DB=-1135.7108> <Mlp=-1134.0000> <PB=-1115> 
<DWph=1> <it= 11> <et=11.08> <Mt= 0.01> <Spt= 0.03> <nCl=  0> <al=0.00> <DB=-1134.0000> <Mlp=-1134.0000> <PB=-1115> 
ColGenEvalAlg final dual bound: -1134 (rounded: -1134)
Gap improvement since the last cut separation : -9.69329e-13 (-1134)
----- Cut generation is stopped due to tailing off -----
------------------------------------------------
----------- Diving heuristic started -----------
------------------------------------------------
<DWph=1> <it=  2> <et=11.11> <Mt= 0.01> <Spt= 0.00> <nCl=  0> <al=0.00> <DB=-1134.0000> <Mlp=-1134.0000> <PB=-1115> 
Selected variable MC1528 with priority 0.5 with value 0.240968 and reduced cost 0
   Ordered solution : 0(0) -> 9(1.41421) -> 12(2.82843) -> 16(4.24264) -> 21(5.65685) -> 27(7.07107) -> 33(8.48528) -> 41(9.89949) -> 34(11.3137) -> 42(12.7279) -> 49(14.1421) -> 55(15.5563) -> 48(16.9706) -> 40(18.3848) -> 47(19.799) -> 54(21.2132) -> 60(22.6274)
Selected variable MC1819 with priority 0.5 with value 0.15896 and reduced cost -2.79499e-10
   Ordered solution : 0(0) -> 23(1.41421) -> 17(2.82843) -> 22(4.24264) -> 28(5.65685) -> 35(7.07107) -> 43(8.48528) -> 36(9.89949) -> 44(11.3137) -> 50(12.7279) -> 56(14.1421) -> 61(15.5563) -> 65(16.9706) -> 68(18.3848) -> 71(19.799)
---- Diving heuristic node with dive number = 0, fix depth = 1 and tabu list size = 0
Fixed master solution = [MC1528=1 from colGenSp_1]
Fixed projected solution = [t_1_3_1_1_OspV=1, x_1_1_9_1_OspV=1, x_1_3_60_1_OspV=1, x_1_9_12_1_OspV=1, x_1_12_16_1_OspV=1, x_1_16_21_1_OspV=1, x_1_21_27_1_OspV=1, x_1_27_33_1_OspV=1, x_1_33_41_1_OspV=1, x_1_34_41_1_OspV=1, x_1_34_42_1_OspV=1, x_1_40_47_1_OspV=1, x_1_40_48_1_OspV=1, x_1_42_49_1_OspV=1, x_1_47_54_1_OspV=1, x_1_48_55_1_OspV=1, x_1_49_55_1_OspV=1, x_1_54_60_1_OspV=1, y_1_1_1_1_OspV=1]
###########<DWph=1> <it= 91> <et=18.40> <Mt= 4.72> <Spt= 2.19> <nCl=266> <al=0.00> <DB=-1125.4290> <Mlp=-1121.6918> <PB=-1115> 
Selected variable MC2876 with priority 0.5 with value 0.442705 and reduced cost 0
   Ordered solution : 0(0) -> 37(1.41421) -> 29(2.82843) -> 23(4.24264) -> 17(5.65685) -> 22(7.07107) -> 28(8.48528) -> 35(9.89949) -> 43(11.3137) -> 50(12.7279) -> 56(14.1421) -> 61(15.5563) -> 65(16.9706) -> 68(18.3848) -> 71(19.799)
Selected variable MC2530 with priority 0.5 with value 0.439996 and reduced cost 0
   Ordered solution : 0(0) -> 64(1.41421) -> 59(2.82843) -> 53(4.24264) -> 46(5.65685) -> 39(7.07107) -> 32(8.48528) -> 26(9.89949) -> 20(11.3137) -> 25(12.7279) -> 31(14.1421) -> 38(15.5563) -> 45(16.9706) -> 51(18.3848) -> 44(19.799) -> 36(21.2132)
---- Diving heuristic node with dive number = 0, fix depth = 2 and tabu list size = 0
Fixed master solution = [MC2876=1 from colGenSp_3]
Fixed projected solution = [t_3_2_3_3_OspV=1, x_3_2_68_3_OspV=1, x_3_4_30_3_OspV=1, x_3_17_22_3_OspV=1, x_3_17_23_3_OspV=1, x_3_22_28_3_OspV=1, x_3_23_29_3_OspV=1, x_3_28_35_3_OspV=1, x_3_29_37_3_OspV=1, x_3_30_37_3_OspV=1, x_3_35_43_3_OspV=1, x_3_43_50_3_OspV=1, x_3_50_56_3_OspV=1, x_3_56_61_3_OspV=1, x_3_61_65_3_OspV=1, x_3_65_68_3_OspV=1, y_3_4_3_3_OspV=1]
#################<DWph=1> <it= 41> <et=19.43> <Mt= 0.24> <Spt= 0.58> <nCl= 95> <al=0.00> <DB=-1086.0000> <Mlp=-1086.0000> <PB=-1115> 
Diving node is prunned by primal bound (-1086 >= -1115)
---- Diving heuristic node with dive number = 1, fix depth = 2 and tabu list size = 1
Fixed master solution = [MC2530=1 from colGenSp_2]
Fixed projected solution = [t_2_7_2_2_OspV=1, x_2_3_64_2_OspV=1, x_2_7_36_2_OspV=1, x_2_20_25_2_OspV=1, x_2_20_26_2_OspV=1, x_2_25_31_2_OspV=1, x_2_26_32_2_OspV=1, x_2_31_38_2_OspV=1, x_2_32_39_2_OspV=1, x_2_36_44_2_OspV=1, x_2_38_45_2_OspV=1, x_2_39_46_2_OspV=1, x_2_44_51_2_OspV=1, x_2_45_51_2_OspV=1, x_2_46_53_2_OspV=1, x_2_53_59_2_OspV=1, x_2_59_64_2_OspV=1, y_2_3_2_2_OspV=1]
#########<DWph=1> <it= 33> <et=20.27> <Mt= 0.16> <Spt= 0.39> <nCl= 60> <al=0.00> <DB=-1050.0000> <Mlp=-1050.0000> <PB=-1115> 
Diving node is prunned by primal bound (-1050 >= -1115)
---- Diving heuristic node with dive number = 2, fix depth = 1 and tabu list size = 1
Fixed master solution = [MC1819=1 from colGenSp_3]
Fixed projected solution = [t_3_2_3_3_OspV=1, x_3_2_68_3_OspV=1, x_3_4_30_3_OspV=1, x_3_17_22_3_OspV=1, x_3_17_23_3_OspV=1, x_3_22_28_3_OspV=1, x_3_23_30_3_OspV=1, x_3_28_35_3_OspV=1, x_3_35_43_3_OspV=1, x_3_36_43_3_OspV=1, x_3_36_44_3_OspV=1, x_3_44_50_3_OspV=1, x_3_50_56_3_OspV=1, x_3_56_61_3_OspV=1, x_3_61_65_3_OspV=1, x_3_65_68_3_OspV=1, y_3_4_3_3_OspV=1]
#########<DWph=1> <it= 86> <et=24.74> <Mt= 2.12> <Spt= 1.80> <nCl=364> <al=0.00> <DB=-1116.3651> <Mlp=-1119.0000> <PB=-1115> 
Selected variable MC1783 with priority 0.5 with value 0.5 and reduced cost 0
   Ordered solution : 0(0) -> 9(1.41421) -> 12(2.82843) -> 16(4.24264) -> 21(5.65685) -> 27(7.07107) -> 34(8.48528) -> 42(9.89949) -> 49(11.3137) -> 55(12.7279) -> 48(14.1421) -> 41(15.5563) -> 33(16.9706) -> 40(18.3848) -> 47(19.799) -> 54(21.2132) -> 60(22.6274)
---- Diving heuristic node with dive number = 2, fix depth = 2 and tabu list size = 1
Fixed master solution = [MC1783=1 from colGenSp_1]
Fixed projected solution = [t_1_3_1_1_OspV=1, x_1_1_9_1_OspV=1, x_1_3_60_1_OspV=1, x_1_9_12_1_OspV=1, x_1_12_16_1_OspV=1, x_1_16_21_1_OspV=1, x_1_21_27_1_OspV=1, x_1_27_34_1_OspV=1, x_1_33_40_1_OspV=1, x_1_33_41_1_OspV=1, x_1_34_42_1_OspV=1, x_1_40_47_1_OspV=1, x_1_41_48_1_OspV=1, x_1_42_49_1_OspV=1, x_1_47_54_1_OspV=1, x_1_48_55_1_OspV=1, x_1_49_55_1_OspV=1, x_1_54_60_1_OspV=1, y_1_1_1_1_OspV=1]
############<DWph=1> <it= 46> <et=26.10> <Mt= 0.45> <Spt= 0.60> <nCl=124> <al=0.00> <DB=-1110.0000> <Mlp=-1110.0000> <PB=-1115> 
Diving node is prunned by primal bound (-1110 >= -1115)
**** Strong branching phase 1 is started *****
SB phase 1 cand.  1 branch on t_3_1 (lhs=0.4369): [-1116.1226,  4866.5066], score = 339.78      <et=30.6>
SB phase 1 cand.  2 branch on t_7_2 (lhs=0.3429): [-1127.7413,     1.3884], score = 118.92      <et=35.67>
SB phase 1 cand.  3 branch on t_4_1 (lhs=0.3410): [-1123.8878, -1030.2714], score = 192.13      <et=41.03>
SB phase 1 cand.  4 branch on t_6_2 (lhs=0.2836): [-1129.0395,  -534.9861], score = 94.25      <et=45.79>
SB phase 1 cand.  5 branch on t_6_1 (lhs=0.1645): [-1133.0474,  1392.2517], score = 18.10      <et=49.75>
SB phase 1 cand.  6 branch on t_4_2 (lhs=0.1590): [-1132.6585,   620.1242], score = 25.49      <et=55.49>
SB phase 1 cand.  7 branch on t_5_2 (lhs=0.1514): [-1132.7853,  1959.3008], score = 23.08      <et=60.99>
SB phase 1 cand.  8 branch on t_3_2 (lhs=0.0631): [-1133.4934,  4886.8458], score = 9.63      <et=64.8>
SB phase 1 cand.  9 branch on t_7_1 (lhs=0.0361): [-1133.9738,   550.5627], score = 0.50      <et=68.84>
SB phase 1 cand. 10 branch on t_5_1 (lhs=0.0215): [-1134.0000,  -886.2925], score = 0.00      <et=72.75>
SB phase 1 cand. 11 branch on y_3_2 (lhs=0.4369): [-1116.1226,  4866.5066], score = 339.78      <et=76.3>
SB phase 1 cand. 12 branch on y_7_3 (lhs=0.3429): [-1127.7413,     1.3884], score = 118.92      <et=81.37>
SB phase 1 cand. 13 branch on y_4_2 (lhs=0.3410): [-1123.8878, -1030.2714], score = 192.13      <et=85.98>
SB phase 1 cand. 14 branch on y_6_3 (lhs=0.2836): [-1129.0395,  -534.9861], score = 94.25      <et=90.63>
SB phase 1 cand. 15 branch on y_6_2 (lhs=0.1645): [-1133.0474,  1392.2517], score = 18.10      <et=94.71>
SB phase 1 cand. 16 branch on y_4_3 (lhs=0.1590): [-1132.6585,   620.1242], score = 25.49      <et=99.94>
SB phase 1 cand. 17 branch on y_5_3 (lhs=0.1514): [-1132.7853,  1959.3008], score = 23.08      <et=105.41>
SB phase 1 cand. 18 branch on y_3_3 (lhs=0.0631): [-1133.4934,  4886.8458], score = 9.63      <et=109.29>
SB phase 1 cand. 19 branch on y_7_2 (lhs=0.0361): [-1133.9738,   550.5627], score = 0.50      <et=112.61>
SB phase 1 cand. 20 branch on y_5_2 (lhs=0.0215): [-1134.0000,  -886.2925], score = 0.00      <et=116.84>
**** Strong branching phase 2 is started *****
##<DWph=1> <it= 82> <et=127.54> <Mt= 6.89> <Spt= 3.10> <nCl=362> <al=0.00> <DB=-1125.0000> <Mlp=-1125.0000> <PB=-1115> 
<DWph=1> <it= 10> <et=130.62> <Mt= 2.65> <Spt= 0.25> <nCl= 77> <al=0.00> <DB=-1134.0000> <Mlp=-1134.0000> <PB=-1115> 
SB phase 2 cand.  1 branch on y_3_2 (lhs=0.4369): [-1134.0000, -1125.0000], score = 0.00      <et=130.63>
<DWph=1> <it= 77> <et=142.94> <Mt= 8.53> <Spt= 3.07> <nCl=301> <al=0.00> <DB=-1125.0000> <Mlp=-1125.0000> <PB=-1115> 
<DWph=1> <it= 60> <et=150.43> <Mt= 5.19> <Spt= 1.79> <nCl=323> <al=0.00> <DB=-1134.0000> <Mlp=-1134.0000> <PB=-1115> 
SB phase 2 cand.  2 branch on y_4_2 (lhs=0.3410): [-1134.0000, -1125.0000], score = 0.00      <et=150.44>
#<DWph=1> <it= 68> <et=163.53> <Mt= 9.07> <Spt= 2.99> <nCl=278> <al=0.00> <DB=-1116.0000> <Mlp=-1116.0000> <PB=-1115> 
<DWph=1> <it= 17> <et=166.69> <Mt= 2.46> <Spt= 0.50> <nCl=120> <al=0.00> <DB=-1134.0000> <Mlp=-1134.0000> <PB=-1115> 
SB phase 2 cand.  3 branch on y_7_3 (lhs=0.3429): [-1134.0000, -1116.0000], score = 0.00      <et=166.7>
**** Strong branching phase 3 is started *****
**** SB phase 3 evaluation of candidate 1, branch 1 ( y_7_3 >= 1 ), value = -1116
<DWph=2> <it=  1> <et=166.85> <Mt= 0.01> <Spt= 0.03> <nCl=  0> <al=0.00> <DB=-1116.0000> <Mlp=-1116.0000> <PB=-1115> 
<DWph=1> <it=  2> <et=166.89> <Mt= 0.01> <Spt= 0.02> <nCl=  0> <al=0.00> <DB=-1116.0000> <Mlp=-1116.0000> <PB=-1115> 
    RCSP exact solver info for graph G_3 : TT = 0.006773, pt = 0.000397, dt = 0.004536, ct = 0.000495, ndl = 4', bdl = 19', odl = 2', odf = 13', bsi = 1', cnt = 3', bdch = 109', odch = 20', lcp = 13', #sols = 150
    RCSP exact solver info for graph G_2 : TT = 0.008126, pt = 0.00036, dt = 0.006205, ct = 0.000443, ndl = 6', bdl = 38', odl = 3', odf = 18', bsi = 1', cnt = 2', bdch = 228', odch = 31', lcp = 26', #sols = 150
    RCSP exact solver info for graph G_1 : TT = 0.006618, pt = 0.000353, dt = 0.004793, ct = 0.000407, ndl = 5', bdl = 28', odl = 2', odf = 13', bsi = 1', cnt = 3', bdch = 161', odch = 23', lcp = 22', #sols = 150
    RCSP exact solver info for graph G_3 : TT = 0.007594, pt = 0.000342, dt = 0.005606, ct = 0.000477, ndl = 4', bdl = 19', odl = 2', odf = 14', bsi = 1', cnt = 3', bdch = 107', odch = 21', lcp = 14', #sols = 150
    RCSP exact solver info for graph G_2 : TT = 0.008333, pt = 0.000383, dt = 0.006117, ct = 0.00048, ndl = 6', bdl = 38', odl = 3', odf = 18', bsi = 1', cnt = 2', bdch = 228', odch = 31', lcp = 26', #sols = 150
    RCSP exact solver info for graph G_1 : TT = 0.006729, pt = 0.00043, dt = 0.00472, ct = 0.000454, ndl = 5', bdl = 27', odl = 2', odf = 14', bsi = 1', cnt = 3', bdch = 161', odch = 24', lcp = 23', #sols = 150
<DWph=0> <it=  3> <et=167.20> <Mt= 0.01> <Spt= 0.30> <nCl=  0> <al=0.00> <DB=-1116.0000> <Mlp=-1116.0000> <PB=-1115> 
Labels distribution in buckets (bucket size) : largest - 29, top 0.1% - 27, top 0.5% - 17, top 2% - 14, top 10% - 9, top 50% - 2
Reduced cost fixing for graph G_3... 2332 buck. arcs remain (27.4% from prev., 2.37% from max.) + 1382 jump buck. arcs (1.4% from max.)
Backward reduced cost fixing... 2347 buck. arcs remain (27.5% from prev., 2.38% from max.) + 2806 jump buck. arcs (2.85% from max.)
 TT = 0.011901, pt = 0.000844, dt = 0.003711, ct = 0.006263, ndl = 7', bdl = 13', odl = 0', odf = 9', lpcb = 37', cnt = 48', bdch = 47', odch = 11', lcp = 2'
Labels distribution in buckets (bucket size) : largest - 29, top 0.1% - 27, top 0.5% - 17, top 2% - 14, top 10% - 9, top 50% - 2
Labels distribution in buckets (bucket size) : largest - 21, top 0.1% - 20, top 0.5% - 17, top 2% - 14, top 10% - 10, top 50% - 4
Reduced cost fixing for graph G_2... 3693 buck. arcs remain (31.2% from prev., 3.75% from max.) + 1352 jump buck. arcs (1.37% from max.)
Backward reduced cost fixing... 3692 buck. arcs remain (31.2% from prev., 3.75% from max.) + 1375 jump buck. arcs (1.4% from max.)
 TT = 0.018407, pt = 0.001341, dt = 0.005076, ct = 0.010714, ndl = 11', bdl = 23', odl = 1', odf = 15', lpcb = 54', cnt = 106', bdch = 119', odch = 23', lcp = 8'
Labels distribution in buckets (bucket size) : largest - 27, top 0.1% - 23, top 0.5% - 19, top 2% - 15, top 10% - 11, top 50% - 4
Labels distribution in buckets (bucket size) : largest - 26, top 0.1% - 25, top 0.5% - 21, top 2% - 16, top 10% - 10, top 50% - 1
Reduced cost fixing for graph G_1... 2098 buck. arcs remain (27.2% from prev., 2.13% from max.) + 2623 jump buck. arcs (2.66% from max.)
Backward reduced cost fixing... 2093 buck. arcs remain (27.4% from prev., 2.13% from max.) + 1305 jump buck. arcs (1.33% from max.)
 TT = 0.014957, pt = 0.001247, dt = 0.003573, ct = 0.009019, ndl = 8', bdl = 19', odl = 0', odf = 12', lpcb = 37', cnt = 73', bdch = 81', odch = 17', lcp = 8'
Labels distribution in buckets (bucket size) : largest - 26, top 0.1% - 25, top 0.5% - 21, top 2% - 16, top 10% - 11, top 50% - 1
Dynamic params and stats :  bidir.bord. = 9.8 aver.obdmd = 19.7821 aver.buck.num. = 24.6923
Dynamic params and stats :  bidir.bord. = 10.8 aver.obdmd = 19.7821 aver.buck.num. = 24.6923
Dynamic params and stats :  bidir.bord. = 11.2 aver.obdmd = 19.7821 aver.buck.num. = 24.6923
ColGenEvalAlg final dual bound: -1116 (rounded: -1116)
150 Rank-1 3-rows pack. cuts added ,  max viol. = 0.220238, aver. viol. = 0.104802
----- Add fac. cuts : R1C(150), max.viol = 0.220238, aver.viol = 0.104802, sep/add took 0/0.13 sec. -----
4574 columns (2462 active), 1307 dyn. constrs. (238 active), 1598 art. vars. (525 active)
<DWph=2> <it=  1> <et=167.79> <Mt= 0.33> <Spt= 0.02> <nCl=  4> <al=0.50> <DB=-1118.7512> <Mlp=-1115.7119> <PB=-1115> 
<DWph=2> <it=  2> <et=167.82> <Mt= 0.02> <Spt= 0.01> <nCl=  3> <al=0.55> <DB=-1121.6539> <Mlp=-1115.7354> <PB=-1115> 
<DWph=2> <it=  3> <et=167.87> <Mt= 0.02> <Spt= 0.02> <nCl=  3> <al=0.60> <DB=-1117.4854> <Mlp=-1115.7882> <PB=-1115> 
<DWph=2> <it=  4> <et=167.92> <Mt= 0.03> <Spt= 0.01> <nCl=  4> <al=0.64> <DB=-1117.4988> <Mlp=-1115.8387> <PB=-1115> 
<DWph=2> <it=  5> <et=167.97> <Mt= 0.03> <Spt= 0.02> <nCl=  5> <al=0.67> <DB=-1117.2587> <Mlp=-1115.8817> <PB=-1115> 
<DWph=2> <it=  6> <et=168.02> <Mt= 0.03> <Spt= 0.01> <nCl=  3> <al=0.70> <DB=-1116.4965> <Mlp=-1115.9111> <PB=-1115> 
<DWph=2> <it=  7> <et=168.07> <Mt= 0.03> <Spt= 0.02> <nCl=  4> <al=0.73> <DB=-1118.3452> <Mlp=-1115.9351> <PB=-1115> 
<DWph=2> <it=  8> <et=168.17> <Mt= 0.06> <Spt= 0.02> <nCl=  0> <al=0.00> <DB=-1116.0000> <Mlp=-1116.0000> <PB=-1115> 
<DWph=1> <it=  9> <et=168.19> <Mt= 0.01> <Spt= 0.02> <nCl=  0> <al=0.00> <DB=-1116.0000> <Mlp=-1116.0000> <PB=-1115> 
ColGenEvalAlg final dual bound: -1116 (rounded: -1116)
Gap improvement since the last cut separation : 9.5496e-12 (-1116)
Separator R1C not in maximum phase
Cut generation tailing off counter increased to 0
6 Rank-1 1-rows pack. cuts added ,  max viol. = 0.162404, aver. viol. = 0.10049
107 Rank-1 3-rows pack. cuts added ,  max viol. = 0.173913, aver. viol. = 0.073147
Building structures for heuristic rank-1 packing cut separation...done!
69 Rank-1 4-rows pack. cuts added ,  max viol. = 0.196931, aver. viol. = 0.0983913
100 Rank-1 5-rows pack. cuts added ,  max viol. = 0.230818, aver. viol. = 0.148926
----- Add fac. cuts : R1C(282), max.viol = 0.299233, aver.viol = 0.128979, sep/add took 0.27/0.27 sec. -----
4634 columns (2522 active), 1589 dyn. constrs. (520 active), 1880 art. vars. (807 active)
<DWph=2> <it=  1> <et=169.58> <Mt= 0.80> <Spt= 0.02> <nCl=  4> <al=0.56> <DB=-1118.6587> <Mlp=-1115.7431> <PB=-1115> 
<DWph=2> <it=  2> <et=169.67> <Mt= 0.06> <Spt= 0.02> <nCl=  3> <al=0.60> <DB=-1117.3714> <Mlp=-1115.7809> <PB=-1115> 
<DWph=2> <it=  3> <et=169.74> <Mt= 0.05> <Spt= 0.02> <nCl=  4> <al=0.64> <DB=-1118.4661> <Mlp=-1115.8179> <PB=-1115> 
<DWph=2> <it=  4> <et=169.85> <Mt= 0.08> <Spt= 0.02> <nCl=  5> <al=0.68> <DB=-1117.4870> <Mlp=-1115.8978> <PB=-1115> 
<DWph=2> <it=  5> <et=169.89> <Mt= 0.02> <Spt= 0.01> <nCl=  4> <al=0.71> <DB=-1117.4112> <Mlp=-1115.9051> <PB=-1115> 
<DWph=2> <it=  6> <et=169.95> <Mt= 0.03> <Spt= 0.02> <nCl=  3> <al=0.74> <DB=-1116.6829> <Mlp=-1115.9185> <PB=-1115> 
<DWph=2> <it=  7> <et=170.01> <Mt= 0.03> <Spt= 0.01> <nCl=  3> <al=0.77> <DB=-1116.6380> <Mlp=-1115.9231> <PB=-1115> 
<DWph=2> <it=  8> <et=170.13> <Mt= 0.10> <Spt= 0.02> <nCl=  3> <al=0.79> <DB=-1116.4258> <Mlp=-1116.0000> <PB=-1115> 
<DWph=2> <it=  9> <et=170.19> <Mt= 0.04> <Spt= 0.01> <nCl=  2> <al=0.81> <DB=-1116.5104> <Mlp=-1116.0000> <PB=-1115> 
<DWph=2> <it= 10> <et=170.23> <Mt= 0.03> <Spt= 0.02> <nCl=  1> <al=0.83> <DB=-1116.1134> <Mlp=-1116.0000> <PB=-1115> 
<DWph=2> <it= 11> <et=170.26> <Mt= 0.01> <Spt= 0.01> <nCl=  1> <al=0.69> <DB=-1116.8166> <Mlp=-1116.0000> <PB=-1115> 
<DWph=1> <it= 12> <et=170.28> <Mt= 0.01> <Spt= 0.01> <nCl=  3> <al=0.75> <DB=-1117.3922> <Mlp=-1116.0000> <PB=-1115> 
<DWph=1> <it= 13> <et=170.32> <Mt= 0.01> <Spt= 0.03> <nCl=  1> <al=0.54> <DB=-1116.7579> <Mlp=-1116.0000> <PB=-1115> 
<DWph=1> <it= 14> <et=170.34> <Mt= 0.01> <Spt= 0.01> <nCl=  1> <al=0.67> <DB=-1117.5591> <Mlp=-1116.0000> <PB=-1115> 
<DWph=1> <it= 15> <et=170.37> <Mt= 0.01> <Spt= 0.01> <nCl=  1> <al=0.70> <DB=-1116.3886> <Mlp=-1116.0000> <PB=-1115> 
<DWph=1> <it= 16> <et=170.40> <Mt= 0.01> <Spt= 0.02> <nCl=  2> <al=0.21> <DB=-1116.6862> <Mlp=-1116.0000> <PB=-1115> 
<DWph=1> <it= 17> <et=170.42> <Mt= 0.01> <Spt= 0.00> <nCl=  1> <al=0.50> <DB=-1116.6720> <Mlp=-1116.0000> <PB=-1115> 
<DWph=1> <it= 18> <et=170.47> <Mt= 0.01> <Spt= 0.03> <nCl=  0> <al=0.00> <DB=-1116.0000> <Mlp=-1116.0000> <PB=-1115> 
ColGenEvalAlg final dual bound: -1116 (rounded: -1116)
Gap improvement since the last cut separation : -6.50282e-11 (-1116)
Cut generation tailing off counter increased to 1
Building structures for heuristic rank-1 packing cut separation...done!
----- Add fac. cuts : sep. took 0.08 sec.----- no cuts found  -----
**** SB phase 3 evaluation of candidate 1, branch 2 ( y_7_3 <= 0 ), value = -1134
ColGenEvalAlg final dual bound: -1134 (rounded: -1134)
1 Rank-1 1-rows pack. cuts added ,  max viol. = 0.0301446, aver. viol. = 0.0301446
130 Rank-1 3-rows pack. cuts added ,  max viol. = 0.150821, aver. viol. = 0.0405586
Building structures for heuristic rank-1 packing cut separation...done!
84 Rank-1 4-rows pack. cuts added ,  max viol. = 0.143007, aver. viol. = 0.0575086
100 Rank-1 5-rows pack. cuts added ,  max viol. = 0.205796, aver. viol. = 0.112951
----- Add fac. cuts : R1C(315), max.viol = 0.274208, aver.viol = 0.0870722, sep/add took 0.98/0.22 sec. -----
2807 columns (1654 active), 1904 dyn. constrs. (1471 active), 2191 art. vars. (1758 active)
<DWph=2> <it=  1> <et=179.51> <Mt= 7.22> <Spt= 0.04> <nCl=  8> <al=0.93> <DB=-1136.9810> <Mlp=-1129.9237> <PB=-1115> 
<DWph=2> <it=  2> <et=180.24> <Mt= 0.68> <Spt= 0.05> <nCl=  8> <al=0.94> <DB=-1135.6483> <Mlp=-1130.4189> <PB=-1115> 
<DWph=2> <it=  3> <et=181.01> <Mt= 0.71> <Spt= 0.04> <nCl=  8> <al=0.94> <DB=-1135.2889> <Mlp=-1130.7618> <PB=-1115> 
<DWph=2> <it=  4> <et=181.82> <Mt= 0.76> <Spt= 0.05> <nCl=  7> <al=0.95> <DB=-1134.6055> <Mlp=-1131.0850> <PB=-1115> 
<DWph=2> <it=  5> <et=182.35> <Mt= 0.49> <Spt= 0.04> <nCl=  9> <al=0.95> <DB=-1134.4851> <Mlp=-1131.3106> <PB=-1115> 
<DWph=2> <it=  6> <et=182.65> <Mt= 0.25> <Spt= 0.04> <nCl=  9> <al=0.96> <DB=-1134.5392> <Mlp=-1131.4285> <PB=-1115> 
<DWph=2> <it=  7> <et=182.91> <Mt= 0.21> <Spt= 0.04> <nCl=  7> <al=0.96> <DB=-1134.3774> <Mlp=-1131.5051> <PB=-1115> 
<DWph=2> <it=  8> <et=183.47> <Mt= 0.51> <Spt= 0.05> <nCl=  9> <al=0.97> <DB=-1134.5133> <Mlp=-1131.7124> <PB=-1115> 
<DWph=2> <it=  9> <et=184.24> <Mt= 0.72> <Spt= 0.04> <nCl=  7> <al=0.97> <DB=-1134.5236> <Mlp=-1131.9632> <PB=-1115> 
<DWph=2> <it= 10> <et=184.58> <Mt= 0.30> <Spt= 0.04> <nCl=  5> <al=0.97> <DB=-1134.4058> <Mlp=-1132.0663> <PB=-1115> 
<DWph=2> <it= 11> <et=185.15> <Mt= 0.52> <Spt= 0.03> <nCl=  8> <al=0.98> <DB=-1134.3302> <Mlp=-1132.3118> <PB=-1115> 
<DWph=2> <it= 12> <et=185.41> <Mt= 0.22> <Spt= 0.04> <nCl=  5> <al=0.98> <DB=-1134.1240> <Mlp=-1132.3675> <PB=-1115> 
<DWph=2> <it= 13> <et=185.56> <Mt= 0.10> <Spt= 0.04> <nCl=  6> <al=0.98> <DB=-1134.1759> <Mlp=-1132.3823> <PB=-1115> 
<DWph=2> <it= 14> <et=186.02> <Mt= 0.42> <Spt= 0.03> <nCl=  6> <al=0.98> <DB=-1134.3115> <Mlp=-1132.4874> <PB=-1115> 
<DWph=2> <it= 15> <et=186.33> <Mt= 0.27> <Spt= 0.04> <nCl=  6> <al=0.98> <DB=-1134.1473> <Mlp=-1132.5474> <PB=-1115> 
<DWph=2> <it= 16> <et=186.84> <Mt= 0.46> <Spt= 0.04> <nCl=  7> <al=0.99> <DB=-1134.2041> <Mlp=-1132.6734> <PB=-1115> 
<DWph=2> <it= 17> <et=187.26> <Mt= 0.37> <Spt= 0.04> <nCl=  5> <al=0.99> <DB=-1134.1341> <Mlp=-1132.8166> <PB=-1115> 
<DWph=2> <it= 18> <et=187.48> <Mt= 0.18> <Spt= 0.04> <nCl=  6> <al=0.99> <DB=-1134.1128> <Mlp=-1132.8656> <PB=-1115> 
<DWph=2> <it= 19> <et=187.74> <Mt= 0.20> <Spt= 0.05> <nCl=  6> <al=0.99> <DB=-1134.0596> <Mlp=-1132.9161> <PB=-1115> 
<DWph=2> <it= 20> <et=187.90> <Mt= 0.11> <Spt= 0.04> <nCl=  7> <al=0.99> <DB=-1134.0849> <Mlp=-1132.9334> <PB=-1115> 
<DWph=2> <it= 21> <et=188.18> <Mt= 0.23> <Spt= 0.04> <nCl=  5> <al=0.99> <DB=-1134.0609> <Mlp=-1132.9796> <PB=-1115> 
<DWph=2> <it= 22> <et=188.36> <Mt= 0.13> <Spt= 0.04> <nCl=  5> <al=0.99> <DB=-1134.0491> <Mlp=-1133.0014> <PB=-1115> 
<DWph=2> <it= 23> <et=188.56> <Mt= 0.16> <Spt= 0.03> <nCl=  4> <al=0.99> <DB=-1134.0366> <Mlp=-1133.0412> <PB=-1115> 
<DWph=2> <it= 24> <et=188.83> <Mt= 0.23> <Spt= 0.04> <nCl=  5> <al=0.99> <DB=-1134.0192> <Mlp=-1133.1184> <PB=-1115> 
<DWph=2> <it= 25> <et=188.98> <Mt= 0.11> <Spt= 0.03> <nCl=  5> <al=0.99> <DB=-1134.0282> <Mlp=-1133.1352> <PB=-1115> 
<DWph=2> <it= 26> <et=189.14> <Mt= 0.12> <Spt= 0.04> <nCl=  5> <al=0.99> <DB=-1134.0274> <Mlp=-1133.1617> <PB=-1115> 
<DWph=2> <it= 27> <et=189.28> <Mt= 0.09> <Spt= 0.04> <nCl=  7> <al=1.00> <DB=-1134.0077> <Mlp=-1133.1860> <PB=-1115> 
<DWph=2> <it= 28> <et=189.40> <Mt= 0.08> <Spt= 0.03> <nCl=  3> <al=1.00> <DB=-1134.0098> <Mlp=-1133.1925> <PB=-1115> 
<DWph=2> <it= 29> <et=189.57> <Mt= 0.14> <Spt= 0.03> <nCl=  3> <al=1.00> <DB=-1134.0116> <Mlp=-1133.2098> <PB=-1115> 
<DWph=2> <it= 30> <et=189.75> <Mt= 0.13> <Spt= 0.04> <nCl=  7> <al=1.00> <DB=-1134.0286> <Mlp=-1133.2289> <PB=-1115> 
<DWph=2> <it= 31> <et=190.07> <Mt= 0.28> <Spt= 0.03> <nCl=  3> <al=1.00> <DB=-1134.0106> <Mlp=-1133.2943> <PB=-1115> 
<DWph=2> <it= 32> <et=190.30> <Mt= 0.19> <Spt= 0.03> <nCl=  4> <al=1.00> <DB=-1134.0106> <Mlp=-1133.3416> <PB=-1115> 
<DWph=2> <it= 33> <et=190.46> <Mt= 0.12> <Spt= 0.04> <nCl=  2> <al=1.00> <DB=-1134.0085> <Mlp=-1133.3651> <PB=-1115> 
<DWph=2> <it= 34> <et=190.64> <Mt= 0.14> <Spt= 0.03> <nCl=  4> <al=1.00> <DB=-1134.0058> <Mlp=-1133.3948> <PB=-1115> 
<DWph=2> <it= 35> <et=190.80> <Mt= 0.11> <Spt= 0.03> <nCl=  4> <al=1.00> <DB=-1134.0020> <Mlp=-1133.4075> <PB=-1115> 
<DWph=2> <it= 36> <et=190.96> <Mt= 0.12> <Spt= 0.04> <nCl=  4> <al=1.00> <DB=-1134.0051> <Mlp=-1133.4226> <PB=-1115> 
<DWph=2> <it= 37> <et=191.10> <Mt= 0.09> <Spt= 0.04> <nCl=  6> <al=1.00> <DB=-1134.0032> <Mlp=-1133.4290> <PB=-1115> 
<DWph=2> <it= 38> <et=191.23> <Mt= 0.09> <Spt= 0.03> <nCl=  2> <al=1.00> <DB=-1134.0008> <Mlp=-1133.4379> <PB=-1115> 
<DWph=2> <it= 39> <et=191.33> <Mt= 0.07> <Spt= 0.04> <nCl=  2> <al=1.00> <DB=-1134.0020> <Mlp=-1133.4409> <PB=-1115> 
<DWph=2> <it= 40> <et=191.41> <Mt= 0.03> <Spt= 0.03> <nCl=  3> <al=1.00> <DB=-1134.0002> <Mlp=-1133.4420> <PB=-1115> 
<DWph=2> <it= 41> <et=191.51> <Mt= 0.05> <Spt= 0.04> <nCl=  3> <al=1.00> <DB=-1134.0015> <Mlp=-1133.4434> <PB=-1115> 
<DWph=2> <it= 42> <et=191.66> <Mt= 0.10> <Spt= 0.04> <nCl=  3> <al=1.00> <DB=-1134.0014> <Mlp=-1133.4571> <PB=-1115> 
<DWph=2> <it= 43> <et=191.78> <Mt= 0.08> <Spt= 0.04> <nCl=  3> <al=1.00> <DB=-1134.0002> <Mlp=-1133.4617> <PB=-1115> 
<DWph=2> <it= 44> <et=191.86> <Mt= 0.04> <Spt= 0.03> <nCl=  1> <al=1.00> <DB=-1133.9997> <Mlp=-1133.4626> <PB=-1115> 
<DWph=2> <it= 45> <et=191.94> <Mt= 0.03> <Spt= 0.03> <nCl=  1> <al=0.90> <DB=-1133.9471> <Mlp=-1133.4636> <PB=-1115> 
<DWph=2> <it= 46> <et=192.07> <Mt= 0.02> <Spt= 0.10> <nCl=  1> <al=0.20> <DB=-1136.8042> <Mlp=-1133.4636> <PB=-1115> 
<DWph=2> <it= 47> <et=192.30> <Mt= 0.19> <Spt= 0.03> <nCl=  2> <al=0.70> <DB=-1133.8455> <Mlp=-1133.5050> <PB=-1115> 
<DWph=2> <it= 48> <et=192.46> <Mt= 0.06> <Spt= 0.08> <nCl=  3> <al=0.46> <DB=-1135.0106> <Mlp=-1133.5079> <PB=-1115> 
<DWph=2> <it= 49> <et=192.70> <Mt= 0.10> <Spt= 0.13> <nCl=  4> <al=0.00> <DB=-1134.4844> <Mlp=-1133.5227> <PB=-1115> 
<DWph=2> <it= 50> <et=192.80> <Mt= 0.04> <Spt= 0.04> <nCl=  1> <al=0.53> <DB=-1134.8699> <Mlp=-1133.5240> <PB=-1115> 
<DWph=2> <it= 51> <et=192.96> <Mt= 0.11> <Spt= 0.04> <nCl=  1> <al=0.58> <DB=-1133.6482> <Mlp=-1133.5336> <PB=-1115> 
<DWph=2> <it= 52> <et=193.10> <Mt= 0.03> <Spt= 0.09> <nCl=  2> <al=0.24> <DB=-1134.5515> <Mlp=-1133.5338> <PB=-1115> 
<DWph=2> <it= 53> <et=193.21> <Mt= 0.05> <Spt= 0.05> <nCl=  2> <al=0.52> <DB=-1133.8894> <Mlp=-1133.5357> <PB=-1115> 
<DWph=2> <it= 54> <et=193.34> <Mt= 0.03> <Spt= 0.08> <nCl=  1> <al=0.13> <DB=-1135.9882> <Mlp=-1133.5361> <PB=-1115> 
<DWph=2> <it= 55> <et=193.42> <Mt= 0.02> <Spt= 0.05> <nCl=  1> <al=0.47> <DB=-1134.8636> <Mlp=-1133.5361> <PB=-1115> 
<DWph=2> <it= 56> <et=193.52> <Mt= 0.04> <Spt= 0.04> <nCl=  1> <al=0.37> <DB=-1133.8332> <Mlp=-1133.5375> <PB=-1115> 
<DWph=1> <it= 58> <et=193.67> <Mt= 0.08> <Spt= 0.07> <nCl=  8> <al=0.27> <DB=-1162.2482> <Mlp=-1133.5437> <PB=-1115> 
ColGenEvalAlg final dual bound: -1134 (rounded: -1134)
Gap improvement since the last cut separation : -4.30813e-13 (-1134)
Cut generation tailing off counter increased to 1
33 Rank-1 3-rows pack. cuts added ,  max viol. = 0.0609312, aver. viol. = 0.0374564
Building structures for heuristic rank-1 packing cut separation...done!
61 Rank-1 4-rows pack. cuts added ,  max viol. = 0.0901821, aver. viol. = 0.0452545
100 Rank-1 5-rows pack. cuts added ,  max viol. = 0.138975, aver. viol. = 0.0870823
----- Add fac. cuts : R1C(194), max.viol = 0.153712, aver.viol = 0.074635, sep/add took 1.33/0.18 sec. -----
3221 columns (2068 active), 2098 dyn. constrs. (1665 active), 2385 art. vars. (1952 active)
<DWph=2> <it=  1> <et=203.01> <Mt= 7.72> <Spt= 0.06> <nCl=  6> <al=0.50> <DB=-1143.6214> <Mlp=-1132.5941> <PB=-1115> 
<DWph=2> <it=  2> <et=204.13> <Mt= 1.05> <Spt= 0.07> <nCl=  2> <al=0.55> <DB=-1138.1032> <Mlp=-1132.8242> <PB=-1115> 
<DWph=2> <it=  3> <et=204.46> <Mt= 0.26> <Spt= 0.06> <nCl=  3> <al=0.45> <DB=-1135.8110> <Mlp=-1132.8663> <PB=-1115> 
<DWph=2> <it=  4> <et=204.75> <Mt= 0.21> <Spt= 0.05> <nCl=  4> <al=0.51> <DB=-1136.6169> <Mlp=-1132.9007> <PB=-1115> 
<DWph=2> <it=  5> <et=205.51> <Mt= 0.69> <Spt= 0.07> <nCl=  4> <al=0.55> <DB=-1141.4522> <Mlp=-1133.0835> <PB=-1115> 
<DWph=2> <it=  6> <et=205.99> <Mt= 0.41> <Spt= 0.06> <nCl=  2> <al=0.45> <DB=-1133.9094> <Mlp=-1133.1822> <PB=-1115> 
<DWph=2> <it=  7> <et=206.24> <Mt= 0.17> <Spt= 0.06> <nCl=  9> <al=0.51> <DB=-1141.9607> <Mlp=-1133.1954> <PB=-1115> 
<DWph=2> <it=  8> <et=206.82> <Mt= 0.50> <Spt= 0.07> <nCl=  6> <al=0.56> <DB=-1137.7999> <Mlp=-1133.2947> <PB=-1115> 
<DWph=2> <it=  9> <et=207.28> <Mt= 0.38> <Spt= 0.07> <nCl=  3> <al=0.60> <DB=-1139.2607> <Mlp=-1133.3502> <PB=-1115> 
<DWph=2> <it= 10> <et=208.04> <Mt= 0.68> <Spt= 0.06> <nCl=  4> <al=0.64> <DB=-1135.3776> <Mlp=-1133.4585> <PB=-1115> 
<DWph=2> <it= 11> <et=208.33> <Mt= 0.22> <Spt= 0.06> <nCl=  4> <al=0.54> <DB=-1135.4138> <Mlp=-1133.4684> <PB=-1115> 
<DWph=2> <it= 12> <et=208.77> <Mt= 0.28> <Spt= 0.13> <nCl=  9> <al=0.18> <DB=-1141.9500> <Mlp=-1133.5003> <PB=-1115> 
<DWph=2> <it= 13> <et=210.00> <Mt= 1.15> <Spt= 0.06> <nCl=  2> <al=0.49> <DB=-1134.9608> <Mlp=-1133.6420> <PB=-1115> 
<DWph=2> <it= 14> <et=210.57> <Mt= 0.42> <Spt= 0.13> <nCl=  5> <al=0.08> <DB=-1138.8567> <Mlp=-1133.6656> <PB=-1115> 
<DWph=2> <it= 15> <et=211.36> <Mt= 0.70> <Spt= 0.07> <nCl=  4> <al=0.44> <DB=-1136.9496> <Mlp=-1133.7330> <PB=-1115> 
<DWph=2> <it= 16> <et=211.69> <Mt= 0.26> <Spt= 0.06> <nCl=  1> <al=0.34> <DB=-1135.6095> <Mlp=-1133.7434> <PB=-1115> 
<DWph=2> <it= 17> <et=212.16> <Mt= 0.40> <Spt= 0.06> <nCl=  1> <al=0.24> <DB=-1134.3803> <Mlp=-1133.7691> <PB=-1115> 
<DWph=2> <it= 18> <et=212.28> <Mt= 0.03> <Spt= 0.07> <nCl=  4> <al=0.14> <DB=-1137.0406> <Mlp=-1133.7691> <PB=-1115> 
<DWph=2> <it= 19> <et=212.55> <Mt= 0.20> <Spt= 0.06> <nCl=  1> <al=0.23> <DB=-1134.6226> <Mlp=-1133.7813> <PB=-1115> 
<DWph=2> <it= 20> <et=212.75> <Mt= 0.12> <Spt= 0.06> <nCl=  1> <al=0.13> <DB=-1134.8770> <Mlp=-1133.7844> <PB=-1115> 
<DWph=2> <it= 21> <et=212.97> <Mt= 0.15> <Spt= 0.06> <nCl=  2> <al=0.21> <DB=-1135.5522> <Mlp=-1133.7957> <PB=-1115> 
<DWph=2> <it= 22> <et=213.32> <Mt= 0.27> <Spt= 0.07> <nCl=  4> <al=0.11> <DB=-1136.1245> <Mlp=-1133.8134> <PB=-1115> 
<DWph=2> <it= 23> <et=213.51> <Mt= 0.10> <Spt= 0.06> <nCl=  2> <al=0.01> <DB=-1137.3315> <Mlp=-1133.8158> <PB=-1115> 
<DWph=2> <it= 24> <et=213.87> <Mt= 0.28> <Spt= 0.07> <nCl=  4> <al=0.11> <DB=-1137.5114> <Mlp=-1133.8325> <PB=-1115> 
<DWph=2> <it= 25> <et=214.05> <Mt= 0.10> <Spt= 0.07> <nCl=  5> <al=0.20> <DB=-1136.7643> <Mlp=-1133.8377> <PB=-1115> 
<DWph=2> <it= 26> <et=214.45> <Mt= 0.28> <Spt= 0.11> <nCl=  5> <al=0.00> <DB=-1135.5901> <Mlp=-1133.8608> <PB=-1115> 
<DWph=2> <it= 27> <et=214.73> <Mt= 0.16> <Spt= 0.10> <nCl=  4> <al=0.00> <DB=-1136.4645> <Mlp=-1133.8670> <PB=-1115> 
<DWph=2> <it= 28> <et=215.03> <Mt= 0.22> <Spt= 0.06> <nCl=  2> <al=0.08> <DB=-1135.4139> <Mlp=-1133.8787> <PB=-1115> 
<DWph=2> <it= 29> <et=215.20> <Mt= 0.10> <Spt= 0.06> <nCl=  1> <al=0.17> <DB=-1134.5460> <Mlp=-1133.8807> <PB=-1115> 
<DWph=2> <it= 30> <et=215.34> <Mt= 0.06> <Spt= 0.06> <nCl=  1> <al=0.07> <DB=-1134.5787> <Mlp=-1133.8811> <PB=-1115> 
<DWph=2> <it= 31> <et=215.55> <Mt= 0.11> <Spt= 0.09> <nCl=  3> <al=0.00> <DB=-1137.0308> <Mlp=-1133.8830> <PB=-1115> 
<DWph=2> <it= 32> <et=215.77> <Mt= 0.13> <Spt= 0.07> <nCl=  2> <al=0.06> <DB=-1134.7520> <Mlp=-1133.8887> <PB=-1115> 
<DWph=2> <it= 33> <et=215.91> <Mt= 0.03> <Spt= 0.10> <nCl=  4> <al=0.00> <DB=-1135.7939> <Mlp=-1133.8887> <PB=-1115> 
<DWph=2> <it= 34> <et=216.08> <Mt= 0.09> <Spt= 0.06> <nCl=  2> <al=0.06> <DB=-1134.4072> <Mlp=-1133.8903> <PB=-1115> 
<DWph=2> <it= 35> <et=216.18> <Mt= 0.07> <Spt= 0.03> <nCl=  1> <al=0.00> <DB=-1135.2477> <Mlp=-1133.8911> <PB=-1115> 
<DWph=1> <it= 37> <et=216.77> <Mt= 0.47> <Spt= 0.10> <nCl=  8> <al=0.06> <DB=-1159.9963> <Mlp=-1133.9459> <PB=-1115> 
ColGenEvalAlg final dual bound: -1134 (rounded: -1134)
Gap improvement since the last cut separation : 5.38516e-13 (-1134)
Cut generation tailing off counter increased to 2
49 Rank-1 3-rows pack. cuts added ,  max viol. = 0.0753934, aver. viol. = 0.0334086
Building structures for heuristic rank-1 packing cut separation...done!
49 Rank-1 4-rows pack. cuts added ,  max viol. = 0.0762437, aver. viol. = 0.0397145
100 Rank-1 5-rows pack. cuts added ,  max viol. = 0.113689, aver. viol. = 0.0654229
----- Add fac. cuts : R1C(198), max.viol = 0.157383, aver.viol = 0.0662334, sep/add took 1.21/0.22 sec. -----
3443 columns (2290 active), 2296 dyn. constrs. (1863 active), 2583 art. vars. (2150 active)
<DWph=2> <it=  1> <et=230.20> <Mt=11.89> <Spt= 0.07> <nCl=  1> <al=0.50> <DB=-1136.3002> <Mlp=-1133.9721> <PB=-1115> 
<DWph=2> <it=  2> <et=230.34> <Mt= 0.04> <Spt= 0.08> <nCl=  3> <al=0.55> <DB=-1138.5682> <Mlp=-1133.9721> <PB=-1115> 
<DWph=2> <it=  3> <et=230.73> <Mt= 0.30> <Spt= 0.07> <nCl=  2> <al=0.45> <DB=-1136.6613> <Mlp=-1133.9899> <PB=-1115> 
ColGenEvalAlg final dual bound: -1134 (rounded: -1134)
Gap improvement since the last cut separation : -5.98351e-13 (-1134)
----- Cut generation is stopped due to tailing off -----
SB exact phase 3 branch on y_7_3 (lhs=0.342853) : [-1116, -1134], tree depth = 10.94, tree size = 3930, score = -10.37
SB with phases chosed candidate y_7_3 (lhs=0.342853)
************************************************************************************************
**** BaB tree node (N° 3, parent N° 1, depth 1, treatOrderId 55)
**** Local DB = -1134, global bounds : [ -1134 , -1115 ], TIME = 0h3m50s89t = 23089
**** 2 open nodes, 3454 columns (2301 active), 2296 dyn. constrs. (1863 active), 2583 art. vars. (2150 active)
************************************************************************************************
Estimated subtree size of the father is 3930.37
**** Strong branching phase 1 is started *****
SB phase 1 cand.  1 branch on y_3_2 (lhs=0.3682): [-1127.2986,  4866.7952], score = 127.37 (h)  <et=257.69>
SB phase 1 cand.  2 branch on y_4_2 (lhs=0.1940): [-1132.2652, -1023.8886], score = 32.96 (h)  <et=289.29>
SB phase 1 cand.  3 branch on t_3_1 (lhs=0.3682): [-1127.2986,  4866.7952], score = 127.37 (h)  <et=314.55>
SB phase 1 cand.  4 branch on t_4_1 (lhs=0.1940): [-1132.2652, -1023.8886], score = 32.96 (h)  <et=341.05>
SB phase 1 cand.  5 branch on t_6_2 (lhs=0.3409): [-1129.1765,  -564.4873], score = 91.65 (h)  <et=368.88>
SB phase 1 cand.  6 branch on y_6_3 (lhs=0.3409): [-1129.1765,  -564.4873], score = 91.65 (h)  <et=400.3>
SB phase 1 cand.  7 branch on y_4_3 (lhs=0.3060): [-1130.4331,   610.3001], score = 67.78 (h)  <et=429.16>
SB phase 1 cand.  8 branch on t_4_2 (lhs=0.3060): [-1130.4331,   610.3001], score = 67.78 (h)  <et=456.74>
SB phase 1 cand.  9 branch on y_5_3 (lhs=0.2213): [-1131.1788,  1947.5324], score = 53.61 (h)  <et=487.9>
SB phase 1 cand. 10 branch on t_5_2 (lhs=0.2213): [-1131.1788,  1947.5324], score = 53.61 (h)  <et=513.73>
SB phase 1 cand. 11 branch on y_3_3 (lhs=0.1318): [-1133.2426,  4873.8813], score = 14.39 (h)  <et=537.85>
SB phase 1 cand. 12 branch on t_3_2 (lhs=0.1318): [-1133.2426,  4873.8813], score = 14.39 (h)  <et=562.28>
SB phase 1 cand. 13 branch on y_6_2 (lhs=0.0884): [-1133.7635,  1997.1724], score = 4.49 (h)  <et=590.06>
SB phase 1 cand. 14 branch on t_6_1 (lhs=0.0884): [-1133.7635,  1997.1724], score = 4.49 (h)  <et=616.76>
SB phase 1 cand. 15 branch on t_7_1 (lhs=0.3479): [-1126.3101,  -258.4696], score = 146.11 (h)  <et=649.05>
SB phase 1 cand. 16 branch on y_7_2 (lhs=0.3479): [-1126.3101,  -258.4696], score = 146.11 (h)  <et=677.48>
SB phase 1 cand. 17 branch on t_5_1 (lhs=0.0015): [-1134.0000,  -912.0527], score = 0.00 (h)  <et=693.27>
SB phase 1 cand. 18 branch on y_5_2 (lhs=0.0015): [-1134.0000,  -912.0527], score = 0.00 (h)  <et=706.78>
**** Strong branching phase 2 is started *****
#<DWph=1> <it= 92> <et=746.24> <Mt=30.22> <Spt= 7.38> <nCl=388> <al=0.00> <DB=-1116.0000> <Mlp=-1116.0000> <PB=-1115> 
<DWph=1> <it= 26> <et=778.36> <Mt=29.34> <Spt= 2.09> <nCl=103> <al=0.00> <DB=-1158.9947> <Mlp=-1134.0000> <PB=-1115> 
SB phase 2 cand.  1 branch on y_7_2 (lhs=0.3479): [-1134.0000, -1116.0000], score = 0.00 (h)  <et=778.37>
#<DWph=1> <it= 62> <et=808.27> <Mt=22.03> <Spt= 5.94> <nCl=192> <al=0.00> <DB=-1115.0336> <Mlp=-1115.0336> <PB=-1115> 
<DWph=1> <it= 18> <et=825.82> <Mt=15.77> <Spt= 1.26> <nCl= 79> <al=0.00> <DB=-1153.7278> <Mlp=-1134.0000> <PB=-1115> 
SB phase 2 cand.  2 branch on y_3_2 (lhs=0.3682): [-1134.0000, -1115.0336], score = 0.00 (h)  <et=825.83>
#<DWph=1> <it= 24> <et=862.16> <Mt=33.54> <Spt= 2.02> <nCl=103> <al=0.00> <DB=-1116.0000> <Mlp=-1116.0000> <PB=-1115> 
<DWph=1> <it= 41> <et=879.44> <Mt=12.34> <Spt= 3.45> <nCl=119> <al=0.00> <DB=-1156.0268> <Mlp=-1134.0000> <PB=-1115> 
SB phase 2 cand.  3 branch on t_6_2 (lhs=0.3409): [-1134.0000, -1116.0000], score = 0.00 (h)  <et=879.45>
**** Strong branching phase 3 is started *****
**** SB phase 3 evaluation of candidate 1, branch 1 ( y_3_2 >= 1 ), value = -1115.03
<DWph=2> <it=  1> <et=879.68> <Mt= 0.01> <Spt= 0.06> <nCl=  0> <al=0.00> <DB=-1115.0336> <Mlp=-1115.0336> <PB=-1115> 
<DWph=1> <it=  2> <et=879.77> <Mt= 0.02> <Spt= 0.07> <nCl=  0> <al=0.00> <DB=-1115.0336> <Mlp=-1115.0336> <PB=-1115> 
    RCSP exact solver info for graph G_3 : TT = 0.180317, pt = 0.006585, dt = 0.167342, ct = 0.004976, ndl = 41', bdl = 78', odl = 9', odf = 133', bsi = 4', cnt = 30', bdch = 10291', odch = 1933', lcp = 4322', #sols = 150
    RCSP exact solver info for graph G_2 : TT = 0.653676, pt = 0.006359, dt = 0.634872, ct = 0.011164, ndl = 109', bdl = 250', odl = 18', odf = 340', bsi = 4', cnt = 152', bdch = 47850', odch = 12883', lcp = 20560', #sols = 150
    RCSP exact solver info for graph G_1 : TT = 0.183736, pt = 0.006786, dt = 0.173701, ct = 0.001976, ndl = 43', bdl = 139', odl = 13', odf = 140', bsi = 3', cnt = 37', bdch = 13736', odch = 2872', lcp = 5381', #sols = 150
<DWph=0> <it=  3> <et=881.50> <Mt= 0.02> <Spt= 1.71> <nCl=353> <al=0.30> <DB=-1164.6264> <Mlp=-1115.0336> <PB=-1115> 
    RCSP exact solver info for graph G_3 : TT = 0.15731, pt = 0.009759, dt = 0.141855, ct = 0.004259, ndl = 32', bdl = 59', odl = 9', odf = 107', bsi = 4', cnt = 22', bdch = 5303', odch = 1191', lcp = 2263', #sols = 150
    RCSP exact solver info for graph G_2 : TT = 0.562441, pt = 0.00974, dt = 0.542153, ct = 0.009106, ndl = 93', bdl = 234', odl = 16', odf = 287', bsi = 5', cnt = 95', bdch = 36370', odch = 7045', lcp = 15826', #sols = 150
    RCSP exact solver info for graph G_1 : TT = 0.173619, pt = 0.010137, dt = 0.159407, ct = 0.002719, ndl = 34', bdl = 98', odl = 8', odf = 104', bsi = 3', cnt = 68', bdch = 10894', odch = 2570', lcp = 4648', #sols = 150
<DWph=0> <it=  4> <et=898.23> <Mt=15.18> <Spt= 1.53> <nCl=399> <al=0.20> <DB=-1145.9258> <Mlp=-1124.3037> <PB=-1115> 
    RCSP exact solver info for graph G_3 : TT = 0.10975, pt = 0.009274, dt = 0.09577, ct = 0.003231, ndl = 25', bdl = 50', odl = 7', odf = 75', bsi = 4', cnt = 16', bdch = 2828', odch = 603', lcp = 1130', #sols = 150
    RCSP exact solver info for graph G_2 : TT = 0.411457, pt = 0.010018, dt = 0.39321, ct = 0.006787, ndl = 74', bdl = 213', odl = 21', odf = 229', bsi = 4', cnt = 62', bdch = 24262', odch = 5012', lcp = 10139', #sols = 150
    RCSP exact solver info for graph G_1 : TT = 0.108389, pt = 0.009292, dt = 0.095342, ct = 0.002285, ndl = 22', bdl = 71', odl = 7', odf = 61', bsi = 4', cnt = 26', bdch = 4946', odch = 684', lcp = 2248', #sols = 150
<DWph=0> <it=  5> <et=908.40> <Mt= 9.23> <Spt= 0.92> <nCl= 31> <al=0.28> <DB=-1129.8578> <Mlp=-1125.0000> <PB=-1115> 
    RCSP exact solver info for graph G_3 : TT = 0.095665, pt = 0.009617, dt = 0.081652, ct = 0.002839, ndl = 21', bdl = 45', odl = 6', odf = 64', bsi = 4', cnt = 13', bdch = 2085', odch = 433', lcp = 838', #sols = 150
    RCSP exact solver info for graph G_2 : TT = 0.434858, pt = 0.009955, dt = 0.415762, ct = 0.007506, ndl = 77', bdl = 219', odl = 21', odf = 235', bsi = 4', cnt = 70', bdch = 26936', odch = 5464', lcp = 11263', #sols = 150
    RCSP exact solver info for graph G_1 : TT = 0.098205, pt = 0.009487, dt = 0.084833, ct = 0.002419, ndl = 21', bdl = 61', odl = 7', odf = 59', bsi = 4', cnt = 39', bdch = 3248', odch = 611', lcp = 1425', #sols = 150
    RCSP exact solver info for graph G_3 : TT = 0.012615, pt = 0.00154, dt = 0.009151, ct = 0.000707, ndl = 7', bdl = 26', odl = 3', odf = 24', bsi = 2', cnt = 3', bdch = 307', odch = 68', lcp = 66', #sols = 150
    RCSP exact solver info for graph G_2 : TT = 0.020265, pt = 0.00145, dt = 0.016755, ct = 0.000819, ndl = 14', bdl = 72', odl = 6', odf = 43', bsi = 1', cnt = 3', bdch = 1091', odch = 209', lcp = 195', #sols = 150
    RCSP exact solver info for graph G_1 : TT = 0.012388, pt = 0.001586, dt = 0.008638, ct = 0.000883, ndl = 7', bdl = 32', odl = 3', odf = 22', bsi = 2', cnt = 3', bdch = 357', odch = 65', lcp = 72', #sols = 150
<DWph=0> <it=  6> <et=910.02> <Mt= 0.23> <Spt= 1.35> <nCl=  0> <al=0.00> <DB=-1125.0000> <Mlp=-1125.0000> <PB=-1115> 
Labels distribution in buckets (bucket size) : largest - 56, top 0.1% - 55, top 0.5% - 44, top 2% - 29, top 10% - 14, top 50% - 2
Reduced cost fixing for graph G_3... 2176 buck. arcs remain (25.6% from prev., 2.21% from max.) + 1559 jump buck. arcs (1.58% from max.)
Backward reduced cost fixing... 2181 buck. arcs remain (25.5% from prev., 2.22% from max.) + 3029 jump buck. arcs (3.08% from max.)
 TT = 0.020774, pt = 0.003519, dt = 0.006986, ct = 0.008838, ndl = 11', bdl = 24', odl = 2', odf = 21', lpcb = 64', cnt = 91', bdch = 226', odch = 60', lcp = 36'
Labels distribution in buckets (bucket size) : largest - 66, top 0.1% - 56, top 0.5% - 47, top 2% - 32, top 10% - 15, top 50% - 2
Labels distribution in buckets (bucket size) : largest - 86, top 0.1% - 80, top 0.5% - 65, top 2% - 46, top 10% - 24, top 50% - 5
Reduced cost fixing for graph G_2... 4947 buck. arcs remain (41.7% from prev., 5.03% from max.) + 2039 jump buck. arcs (2.07% from max.)
Backward reduced cost fixing... 4937 buck. arcs remain (41.7% from prev., 5.02% from max.) + 1497 jump buck. arcs (1.52% from max.)
 TT = 0.042336, pt = 0.005264, dt = 0.016308, ct = 0.018714, ndl = 25', bdl = 52', odl = 3', odf = 37', lpcb = 137', cnt = 431', bdch = 633', odch = 162', lcp = 63'
Labels distribution in buckets (bucket size) : largest - 86, top 0.1% - 80, top 0.5% - 65, top 2% - 46, top 10% - 24, top 50% - 5
Labels distribution in buckets (bucket size) : largest - 58, top 0.1% - 56, top 0.5% - 43, top 2% - 27, top 10% - 16, top 50% - 1
Reduced cost fixing for graph G_1... 2625 buck. arcs remain (34% from prev., 2.67% from max.) + 3261 jump buck. arcs (3.31% from max.)
Backward reduced cost fixing... 2630 buck. arcs remain (34.4% from prev., 2.67% from max.) + 1842 jump buck. arcs (1.87% from max.)
 TT = 0.026972, pt = 0.004206, dt = 0.008226, ct = 0.013197, ndl = 14', bdl = 38', odl = 1', odf = 21', lpcb = 78', cnt = 158', bdch = 366', odch = 71', lcp = 60'
Labels distribution in buckets (bucket size) : largest - 60, top 0.1% - 58, top 0.5% - 46, top 2% - 29, top 10% - 17, top 50% - 2
Dynamic params and stats :  bidir.bord. = 8.8 aver.obdmd = 19.7821 aver.buck.num. = 24.6923 nbR1C = 20 with avMem = 14
Dynamic params and stats :  bidir.bord. = 11.9 aver.obdmd = 19.7821 aver.buck.num. = 24.6923 nbR1C = 20 with avMem = 14
Dynamic params and stats :  bidir.bord. = 12.8 aver.obdmd = 19.7821 aver.buck.num. = 24.6923 nbR1C = 20 with avMem = 14
ColGenEvalAlg final dual bound: -1125 (rounded: -1125)
45 Rank-1 3-rows pack. cuts added ,  max viol. = 0.125, aver. viol. = 0.125
Building structures for heuristic rank-1 packing cut separation...done!
100 Rank-1 4-rows pack. cuts added ,  max viol. = 0.25, aver. viol. = 0.12625
----- Add fac. cuts : R1C(145), max.viol = 0.25, aver.viol = 0.125862, sep/add took 0.01/0.22 sec. -----
6889 columns (4211 active), 2443 dyn. constrs. (478 active), 2734 art. vars. (765 active)
<DWph=2> <it=  1> <et=911.21> <Mt= 0.59> <Spt= 0.03> <nCl=  0> <al=0.00> <DB=-1125.0000> <Mlp=-1125.0000> <PB=-1115> 
<DWph=1> <it=  2> <et=911.25> <Mt= 0.02> <Spt= 0.02> <nCl=  0> <al=0.00> <DB=-1125.0000> <Mlp=-1125.0000> <PB=-1115> 
ColGenEvalAlg final dual bound: -1125 (rounded: -1125)
Gap improvement since the last cut separation : 1.56888e-11 (-1125)
Separator R1C not in maximum phase
Cut generation tailing off counter increased to 0
Building structures for heuristic rank-1 packing cut separation...done!
----- Add fac. cuts : sep. took 0.09 sec.----- no cuts found  -----
**** SB phase 3 evaluation of candidate 1, branch 2 ( y_3_2 <= 0 ), value = -1134
ColGenEvalAlg final dual bound: -1134 (rounded: -1134)
1 Rank-1 1-rows pack. cuts added ,  max viol. = 0.0357558, aver. viol. = 0.0357558
73 Rank-1 3-rows pack. cuts added ,  max viol. = 0.0965929, aver. viol. = 0.0380854
Building structures for heuristic rank-1 packing cut separation...done!
59 Rank-1 4-rows pack. cuts added ,  max viol. = 0.116466, aver. viol. = 0.0493859
100 Rank-1 5-rows pack. cuts added ,  max viol. = 0.129931, aver. viol. = 0.0848937
----- Add fac. cuts : R1C(233), max.viol = 0.196825, aver.viol = 0.0724552, sep/add took 1.1/0.26 sec. -----
5480 columns (2405 active), 2676 dyn. constrs. (2097 active), 2963 art. vars. (2384 active)
<DWph=2> <it=  1> <et=933.33> <Mt=19.61> <Spt= 0.09> <nCl=  5> <al=0.79> <DB=-1138.1964> <Mlp=-1132.7140> <PB=-1115> 
<DWph=2> <it=  2> <et=935.44> <Mt= 1.98> <Spt= 0.09> <nCl=  2> <al=0.82> <DB=-1136.3447> <Mlp=-1133.0508> <PB=-1115> 
<DWph=2> <it=  3> <et=936.15> <Mt= 0.57> <Spt= 0.09> <nCl=  3> <al=0.83> <DB=-1135.1963> <Mlp=-1133.1444> <PB=-1115> 
<DWph=2> <it=  4> <et=936.79> <Mt= 0.50> <Spt= 0.10> <nCl=  2> <al=0.73> <DB=-1135.5073> <Mlp=-1133.1918> <PB=-1115> 
<DWph=2> <it=  5> <et=937.37> <Mt= 0.34> <Spt= 0.17> <nCl=  6> <al=0.52> <DB=-1140.5357> <Mlp=-1133.2283> <PB=-1115> 
<DWph=2> <it=  6> <et=938.30> <Mt= 0.80> <Spt= 0.09> <nCl=  3> <al=0.66> <DB=-1137.9492> <Mlp=-1133.3142> <PB=-1115> 
<DWph=2> <it=  7> <et=938.60> <Mt= 0.16> <Spt= 0.09> <nCl=  3> <al=0.69> <DB=-1138.7173> <Mlp=-1133.3275> <PB=-1115> 
<DWph=2> <it=  8> <et=939.51> <Mt= 0.79> <Spt= 0.09> <nCl=  1> <al=0.72> <DB=-1135.0007> <Mlp=-1133.4295> <PB=-1115> 
<DWph=2> <it=  9> <et=939.72> <Mt= 0.09> <Spt= 0.08> <nCl=  2> <al=0.62> <DB=-1135.0523> <Mlp=-1133.4309> <PB=-1115> 
<DWph=2> <it= 10> <et=939.88> <Mt= 0.03> <Spt= 0.09> <nCl=  1> <al=0.52> <DB=-1134.5135> <Mlp=-1133.4309> <PB=-1115> 
<DWph=2> <it= 11> <et=940.24> <Mt= 0.11> <Spt= 0.17> <nCl=  3> <al=0.14> <DB=-1138.3273> <Mlp=-1133.4337> <PB=-1115> 
<DWph=2> <it= 12> <et=940.54> <Mt= 0.17> <Spt= 0.08> <nCl=  1> <al=0.47> <DB=-1135.0964> <Mlp=-1133.4403> <PB=-1115> 
<DWph=2> <it= 13> <et=940.86> <Mt= 0.19> <Spt= 0.09> <nCl=  2> <al=0.37> <DB=-1135.3829> <Mlp=-1133.4507> <PB=-1115> 
<DWph=2> <it= 14> <et=941.31> <Mt= 0.32> <Spt= 0.10> <nCl=  4> <al=0.44> <DB=-1138.0334> <Mlp=-1133.4879> <PB=-1115> 
<DWph=2> <it= 15> <et=941.96> <Mt= 0.51> <Spt= 0.09> <nCl=  4> <al=0.49> <DB=-1138.0751> <Mlp=-1133.5319> <PB=-1115> 
<DWph=2> <it= 16> <et=942.51> <Mt= 0.29> <Spt= 0.18> <nCl=  5> <al=0.09> <DB=-1143.3941> <Mlp=-1133.5523> <PB=-1115> 
<DWph=2> <it= 17> <et=943.04> <Mt= 0.40> <Spt= 0.09> <nCl=  2> <al=0.44> <DB=-1135.5518> <Mlp=-1133.5798> <PB=-1115> 
<DWph=2> <it= 18> <et=943.37> <Mt= 0.20> <Spt= 0.09> <nCl=  1> <al=0.34> <DB=-1134.8043> <Mlp=-1133.5929> <PB=-1115> 
<DWph=2> <it= 19> <et=943.69> <Mt= 0.19> <Spt= 0.09> <nCl=  3> <al=0.41> <DB=-1134.8503> <Mlp=-1133.6012> <PB=-1115> 
<DWph=2> <it= 20> <et=943.94> <Mt= 0.12> <Spt= 0.09> <nCl=  2> <al=0.31> <DB=-1134.3937> <Mlp=-1133.6039> <PB=-1115> 
<DWph=2> <it= 21> <et=944.25> <Mt= 0.18> <Spt= 0.10> <nCl=  5> <al=0.38> <DB=-1134.4837> <Mlp=-1133.6123> <PB=-1115> 
<DWph=2> <it= 22> <et=944.66> <Mt= 0.28> <Spt= 0.08> <nCl=  2> <al=0.44> <DB=-1135.5807> <Mlp=-1133.6253> <PB=-1115> 
<DWph=2> <it= 23> <et=944.98> <Mt= 0.18> <Spt= 0.09> <nCl=  3> <al=0.34> <DB=-1135.8458> <Mlp=-1133.6288> <PB=-1115> 
<DWph=2> <it= 24> <et=945.45> <Mt= 0.34> <Spt= 0.10> <nCl=  3> <al=0.41> <DB=-1135.8477> <Mlp=-1133.6457> <PB=-1115> 
<DWph=2> <it= 25> <et=945.85> <Mt= 0.26> <Spt= 0.09> <nCl=  3> <al=0.31> <DB=-1134.7076> <Mlp=-1133.6599> <PB=-1115> 
<DWph=1> <it= 27> <et=946.28> <Mt= 0.26> <Spt= 0.13> <nCl=  7> <al=0.21> <DB=-1151.0891> <Mlp=-1133.6676> <PB=-1115> 
<DWph=1> <it= 28> <et=947.26> <Mt= 0.79> <Spt= 0.15> <nCl=  7> <al=0.29> <DB=-1143.5818> <Mlp=-1133.7433> <PB=-1115> 
<DWph=1> <it= 29> <et=948.20> <Mt= 0.75> <Spt= 0.14> <nCl=  5> <al=0.19> <DB=-1146.0117> <Mlp=-1133.8005> <PB=-1115> 
ColGenEvalAlg final dual bound: -1134 (rounded: -1134)
Gap improvement since the last cut separation : -5.50483e-13 (-1134)
Cut generation tailing off counter increased to 1
1 Rank-1 1-rows pack. cuts added ,  max viol. = 0.0207837, aver. viol. = 0.0207837
27 Rank-1 3-rows pack. cuts added ,  max viol. = 0.0469328, aver. viol. = 0.0306269
Building structures for heuristic rank-1 packing cut separation...done!
22 Rank-1 4-rows pack. cuts added ,  max viol. = 0.0647764, aver. viol. = 0.0391302
100 Rank-1 5-rows pack. cuts added ,  max viol. = 0.0816124, aver. viol. = 0.0497507
----- Add fac. cuts : R1C(150), max.viol = 0.113415, aver.viol = 0.060117, sep/add took 1.36/0.21 sec. -----
5623 columns (2548 active), 2826 dyn. constrs. (2247 active), 3113 art. vars. (2534 active)
RCSP solver : rank-1 cuts bitmap size for vertex 46 ( 22) exceeds maximum size 20
RCSP solver : rank-1 cuts bitmap size for vertex 46 ( 22) exceeds maximum size 20
RCSP solver : rank-1 cuts bitmap size for vertex 46 ( 22) exceeds maximum size 20
ColGenEvalAlg final dual bound: -1134 (rounded: -1134)
----- Column generation is interrupted by the pricing solver, we do rollback to the point before the latest cut generation round
SB exact phase 3 branch on y_3_2 (lhs=0.368208) : [-1125, -1134], tree depth = 20.04, tree size = 2.156e+06, score = -18.99 (h)
SB with phases chosed candidate y_3_2 (lhs=0.368208)
************************************************************************************************
**** BaB tree node (N° 5, parent N° 3, depth 2, treatOrderId 99)
**** Local DB = -1134, global bounds : [ -1134 , -1115 ], TIME = 0h16m8s99t = 96899
**** 3 open nodes, 5623 columns (2548 active), 2826 dyn. constrs. (2247 active), 3113 art. vars. (2534 active)
************************************************************************************************
Estimated subtree size of the father is 2.15622e+06
**** Strong branching phase 1 is started *****
SB phase 1 cand.  1 branch on t_6_2 (lhs=0.1930): [-1132.5109,  -526.5031], score = 28.29 (h)  <et=999.38>
SB phase 1 cand.  2 branch on y_4_2 (lhs=0.3801): [-1126.8559, -1065.1597], score = 135.74 (h)  <et=1041.27>
SB phase 1 cand.  3 branch on y_7_2 (lhs=0.3720): [-1126.9190,  -403.1222], score = 134.54 (h)  <et=1081.02>
SB phase 1 cand.  4 branch on t_4_1 (lhs=0.3801): [-1126.8559, -1065.1597], score = 135.74 (h)  <et=1120.7>
SB phase 1 cand.  5 branch on t_7_1 (lhs=0.3720): [-1126.9190,  -403.1222], score = 134.54 (h)  <et=1160.48>
SB phase 1 cand.  6 branch on y_6_3 (lhs=0.1930): [-1132.5109,  -526.5031], score = 28.29 (h)  <et=1199.53>
SB phase 1 cand.  7 branch on y_5_3 (lhs=0.1871): [-1133.9884,  1945.2774], score = 0.22 (h)  <et=1239.07>
SB phase 1 cand.  8 branch on t_5_2 (lhs=0.1871): [-1133.9884,  1945.2774], score = 0.22 (h)  <et=1278.18>
SB phase 1 cand.  9 branch on y_3_3 (lhs=0.5000): [-1120.5029,  4866.0000], score = 256.53 (h)  <et=1316.65>
SB phase 1 cand. 10 branch on t_3_2 (lhs=0.5000): [-1120.5029,  4866.0000], score = 256.53 (h)  <et=1354.88>
SB phase 1 cand. 11 branch on y_4_3 (lhs=0.1199): [-1134.0000,   612.2516], score = 0.00 (h)  <et=1394.72>
SB phase 1 cand. 12 branch on t_4_2 (lhs=0.1199): [-1134.0000,   612.2516], score = 0.00 (h)  <et=1430.45>
SB phase 1 cand. 13 branch on t_6_1 (lhs=0.2371): [-1133.9702,  2014.0711], score = 0.57 (h)  <et=1468.35>
SB phase 1 cand. 14 branch on y_6_2 (lhs=0.2371): [-1133.9702,  2014.0711], score = 0.57 (h)  <et=1507.52>
SB phase 1 cand. 15 branch on t_5_1 (lhs=0.0107): [-1134.0000,  -963.0000], score = 0.00 (h)  <et=1541.5>
SB phase 1 cand. 16 branch on y_5_2 (lhs=0.0107): [-1134.0000,  -963.0000], score = 0.00 (h)  <et=1571.46>
**** Strong branching phase 2 is started *****
##RCSP solver : rank-1 cuts bitmap size for vertex 39 ( 21) exceeds maximum size 20
RCSP solver : rank-1 cuts bitmap size for vertex 39 ( 21) exceeds maximum size 20
RCSP solver : rank-1 cuts bitmap size for vertex 39 ( 21) exceeds maximum size 20
SEARCH IS INTERRUPTED due to the pricing problem return status. 
<DWph=1> <it=  2> <et=1584.29> <Mt=12.60> <Spt= 0.17> <nCl=  9> <al=0.00> <DB=-7106.3829> <Mlp= 1327.9362> <PB=-1115> 
<DWph=1> <it=  0> <et=1584.38> <Mt= 0.00> <Spt= 0.00> <nCl=  0> <al=0.00> <DB=-1134.0000> <Mlp=1000000000000.0000> <PB=-1115> 
SB phase 2 cand.  1 branch on t_3_2 (lhs=0.5000): [1000000000000.0000, 1000000000000.0000], score = 1000000002268000010895360.00 (h)  <et=1584.39>
**** Strong branching phase 3 is started *****
************************************************************************************************
Search is finished, global bounds : [ -1134 , -1115 ], TIME = 0h26m24s40t = 158440
************************************************************************************************
statistics_cols: instance & :Optimal & cutoff & :bcRecRootDb & :bcTimeRootEval & :bcCountNodeProc & :bcRecBestDb & :bcRecBestInc & :bcTimeMain \\
statistics: 64-65-5-3 & 0 & -1114.99999 & -1134.00 & 11.09 & 5 & -1134.00 & -- & 1584.40 \\
########################################################
Solution not found
########################################################
