Application parameters:
  batch  =>  nothing
  tikz  =>  "/TIKZ/100-40-6-4.tex"
  instance  =>  "/IN/100-40-6-4.ophs"
  out  =>  "/OUT/100-40-6-4.sol"
  nosolve  =>  false
  ub  =>  -299
  complete  =>  false
  cfg  =>  "/BWTSP/src/../config/OPHS.cfg"
VRPSolver warning: Interval set for resource 1 on source node (when source != sink) is ignored (by definition is [0.0,0.0])
VRPSolver warning: Interval set for resource 1 on source node (when source != sink) is ignored (by definition is [0.0,0.0])
VRPSolver warning: Interval set for resource 1 on source node (when source != sink) is ignored (by definition is [0.0,0.0])
VRPSolver warning: Interval set for resource 1 on source node (when source != sink) is ignored (by definition is [0.0,0.0])
[41m solve [00m
~~~~~~~~~~~~~~~~~~~~~~~~~~~~~~~~~~~~~~~~~~~~~~~~~~~~~~~~~~~~~~~~~~~~~~~~~~~~~~
VRPSolver v0.4.1, 24/03/2021. Web: vrpsolver.math.u-bordeaux.fr
Corresponds to the solver by Pessoa, Sadykov, Uchoa and Vanderbeck (2020)
Paper: dx.doi.org/10.1007/s10107-020-01523-z
USE THIS CODE ONLY FOR ACADEMIC PURPOSES AT YOUR OWN RISK
~~~~~~~~~~~~~~~~~~~~~~~~~~~~~~~~~~~~~~~~~~~~~~~~~~~~~~~~~~~~~~~~~~~~~~~~~~~~~~
BaPCod v053, 24/03/2021, © Inria Bordeaux, France
~~~~~~~~~~~~~~~~~~~~~~~~~~~~~~~~~~~~~~~~~~~~~~~~~~~~~~~~~~~~~~~~~~~~~~~~~~~~~~
VRPSolver parameters:
GlobalTimeLimit = 18000
MaxNbOfBBtreeNodeTreated = 100000
treeSearchStrategy = 1
RCSPstopCutGenTimeThresholdInPricing = 10
RCSPhardTimeThresholdInPricing = 25
RCSPnumberOfBucketsPerVertex = 25
RCSPdynamicBucketSteps = 1
RCSPuseBidirectionalSearch = 2
RCSPapplyReducedCostFixing = 1
RCSPredCostFixingFalseGap = 0
RCSPmaxNumOfColsPerIteration = 30
RCSPmaxNumOfColsPerExactIteration = 150
RCSPheurLabelingStrategy = 0
StabilizationMinPhaseOfStage = 0
RCSPmaxNumOfLabelsInEnumeration = 500000
RCSPmaxNumOfEnumeratedSolutions = 5000000
RCSPmaxNumOfEnumSolutionsForMIP = 10000
RCSPinitNGneighbourhoodSize = 8
RCSPmaxNGneighbourhoodSize = 8
RCSPrankOneCutsMaxNumPerRound = 100
RCSPrankOneCutsMaxNumRows = 5
RCSPrankOneCutsMemoryType = 0
CutTailingOffThreshold = 0.015
CutTailingOffCounterThreshold = 3
SafeDualBoundScaleFactor = -1
StrongBranchingPhaseOneCandidatesNumber = 100
StrongBranchingPhaseOneTreeSizeEstimRatio = 0.2
StrongBranchingPhaseTwoCandidatesNumber = 3
StrongBranchingPhaseTwoTreeSizeEstimRatio = 0.02
MaxTimeForRestrictedMasterIpHeur = -1
DivingHeurUseDepthLimit = 0
MaxLDSbreadth = 1
MaxLDSdepth = 10000
New model incumbent solution -298, TIME = 0h0m0s2t = 2
Model is built TIME = 0h0m1s17t = 117
************************************************************************************************
**** BaB tree root node
**** Local DB = -1e+12, global bounds : [ -1e+12 , -298 ], TIME = 0h0m1s17t = 117
**** 1 open nodes, 0 columns (0 active), 0 dyn. constrs. (0 active), 453 art. vars. (453 active)
************************************************************************************************
--------------------------------------------------------------------------
BaPCod info : first we run the root node with rank-1 cuts with node memory
--------------------------------------------------------------------------
<DWph=2> <it= 10> <et=1.34> <Mt= 0.00> <Spt= 0.13> <nCl=154> <DB= -709.8014> <Mlp= -293.0000> <PB=-297.99999> 
<DWph=2> <it= 14> <et=1.40> <Mt= 0.00> <Spt= 0.06> <nCl= 26> <DB= -293.0000> <Mlp= -293.0000> <PB=-297.99999> 
<DWph=1> <it= 17> <et=1.45> <Mt= 0.01> <Spt= 0.04> <nCl= 12> <DB= -299.0000> <Mlp= -299.0000> <PB=-299> 
<DWph=0> <it= 19> <et=1.50> <Mt= 0.00> <Spt= 0.04> <nCl=  1> <DB= -299.0000> <Mlp= -299.0000> <PB=-299> 
ColGenEvalAlg final dual bound: -299 (rounded: -299)
New model incumbent solution -299, TIME = 0h0m1s52t = 152
************************************************************************************************
Search is finished, global bounds : [ -299 , -299 ], TIME = 0h0m1s52t = 152
************************************************************************************************
[32mBaPCod : solution defined.[00m
statistics_cols: instance & :Optimal & cutoff & :bcRecRootDb & :bcTimeRootEval & :bcCountNodeProc & :bcRecBestDb & :bcRecBestInc & :bcTimeMain \\
statistics: 100-40-6-4 & 1 & -297.99999 & -299.00 & 1.52 & 1 & -299.00 & -299 & 1.52 \\
########################################################
trip 1 : 1 104 58 11 55 31 3 
trip 2 : 3 15 22 75 18 4 
trip 3 : 4 88 30 5 
trip 4 : 5 47 70 82 86 32 2 
tour : 1 104 58 11 55 31 3 15 22 75 18 4 88 30 5 47 70 82 86 32 2
Cost 299.0
########################################################
