Application parameters:
  batch  =>  nothing
  tikz  =>  "/TIKZ/100-35-6-4.tex"
  instance  =>  "/IN/100-35-6-4.ophs"
  out  =>  "/OUT/100-35-6-4.sol"
  nosolve  =>  false
  ub  =>  -241
  complete  =>  false
  cfg  =>  "/BWTSP/src/../config/OPHS.cfg"
VRPSolver warning: Interval set for resource 1 on source node (when source != sink) is ignored (by definition is [0.0,0.0])
VRPSolver warning: Interval set for resource 1 on source node (when source != sink) is ignored (by definition is [0.0,0.0])
VRPSolver warning: Interval set for resource 1 on source node (when source != sink) is ignored (by definition is [0.0,0.0])
VRPSolver warning: Interval set for resource 1 on source node (when source != sink) is ignored (by definition is [0.0,0.0])
[41m solve [00m
~~~~~~~~~~~~~~~~~~~~~~~~~~~~~~~~~~~~~~~~~~~~~~~~~~~~~~~~~~~~~~~~~~~~~~~~~~~~~~
VRPSolver v0.4.1, 24/03/2021. Web: vrpsolver.math.u-bordeaux.fr
Corresponds to the solver by Pessoa, Sadykov, Uchoa and Vanderbeck (2020)
Paper: dx.doi.org/10.1007/s10107-020-01523-z
USE THIS CODE ONLY FOR ACADEMIC PURPOSES AT YOUR OWN RISK
~~~~~~~~~~~~~~~~~~~~~~~~~~~~~~~~~~~~~~~~~~~~~~~~~~~~~~~~~~~~~~~~~~~~~~~~~~~~~~
BaPCod v053, 24/03/2021, © Inria Bordeaux, France
~~~~~~~~~~~~~~~~~~~~~~~~~~~~~~~~~~~~~~~~~~~~~~~~~~~~~~~~~~~~~~~~~~~~~~~~~~~~~~
VRPSolver parameters:
GlobalTimeLimit = 18000
MaxNbOfBBtreeNodeTreated = 100000
treeSearchStrategy = 1
RCSPstopCutGenTimeThresholdInPricing = 10
RCSPhardTimeThresholdInPricing = 25
RCSPnumberOfBucketsPerVertex = 25
RCSPdynamicBucketSteps = 1
RCSPuseBidirectionalSearch = 2
RCSPapplyReducedCostFixing = 1
RCSPredCostFixingFalseGap = 0
RCSPmaxNumOfColsPerIteration = 30
RCSPmaxNumOfColsPerExactIteration = 150
RCSPheurLabelingStrategy = 0
StabilizationMinPhaseOfStage = 0
RCSPmaxNumOfLabelsInEnumeration = 500000
RCSPmaxNumOfEnumeratedSolutions = 5000000
RCSPmaxNumOfEnumSolutionsForMIP = 10000
RCSPinitNGneighbourhoodSize = 8
RCSPmaxNGneighbourhoodSize = 8
RCSPrankOneCutsMaxNumPerRound = 100
RCSPrankOneCutsMaxNumRows = 5
RCSPrankOneCutsMemoryType = 0
CutTailingOffThreshold = 0.015
CutTailingOffCounterThreshold = 3
SafeDualBoundScaleFactor = -1
StrongBranchingPhaseOneCandidatesNumber = 100
StrongBranchingPhaseOneTreeSizeEstimRatio = 0.2
StrongBranchingPhaseTwoCandidatesNumber = 3
StrongBranchingPhaseTwoTreeSizeEstimRatio = 0.02
MaxTimeForRestrictedMasterIpHeur = -1
DivingHeurUseDepthLimit = 0
MaxLDSbreadth = 1
MaxLDSdepth = 10000
New model incumbent solution -240, TIME = 0h0m0s2t = 2
Model is built TIME = 0h0m1s15t = 115
************************************************************************************************
**** BaB tree root node
**** Local DB = -1e+12, global bounds : [ -1e+12 , -240 ], TIME = 0h0m1s15t = 115
**** 1 open nodes, 0 columns (0 active), 0 dyn. constrs. (0 active), 453 art. vars. (453 active)
************************************************************************************************
--------------------------------------------------------------------------
BaPCod info : first we run the root node with rank-1 cuts with node memory
--------------------------------------------------------------------------
<DWph=2> <it=  9> <et=1.33> <Mt= 0.00> <Spt= 0.14> <nCl=114> <DB= -241.0000> <Mlp= -241.0000> <PB=-241> 
<DWph=1> <it= 10> <et=1.34> <Mt= 0.00> <Spt= 0.01> <nCl=  0> <DB= -241.0000> <Mlp= -241.0000> <PB=-241> 
<DWph=0> <it= 11> <et=1.36> <Mt= 0.00> <Spt= 0.03> <nCl=  0> <DB= -241.0000> <Mlp= -241.0000> <PB=-241> 
ColGenEvalAlg final dual bound: -241 (rounded: -241)
New model incumbent solution -241, TIME = 0h0m1s39t = 139
************************************************************************************************
Search is finished, global bounds : [ -241 , -241 ], TIME = 0h0m1s39t = 139
************************************************************************************************
[32mBaPCod : solution defined.[00m
statistics_cols: instance & :Optimal & cutoff & :bcRecRootDb & :bcTimeRootEval & :bcCountNodeProc & :bcRecBestDb & :bcRecBestInc & :bcTimeMain \\
statistics: 100-35-6-4 & 1 & -239.99999 & -241.00 & 1.39 & 1 & -241.00 & -241 & 1.39 \\
########################################################
trip 1 : 1 31 15 22 75 3 
trip 2 : 3 18 77 88 30 96 4 
trip 3 : 4 47 70 5 
trip 4 : 5 82 86 32 2 
tour : 1 31 15 22 75 3 18 77 88 30 96 4 47 70 5 82 86 32 2
Cost 241.0
########################################################
