Application parameters:
  batch  =>  nothing
  tikz  =>  "/TIKZ/64-50-6-4.tex"
  instance  =>  "/IN/64-50-6-4.ophs"
  out  =>  "/OUT/64-50-6-4.sol"
  nosolve  =>  false
  ub  =>  -900
  complete  =>  false
  cfg  =>  "/BWTSP/src/../config/OPHS.cfg"
VRPSolver warning: Interval set for resource 1 on source node (when source != sink) is ignored (by definition is [0.0,0.0])
VRPSolver warning: Interval set for resource 1 on source node (when source != sink) is ignored (by definition is [0.0,0.0])
VRPSolver warning: Interval set for resource 1 on source node (when source != sink) is ignored (by definition is [0.0,0.0])
VRPSolver warning: Interval set for resource 1 on source node (when source != sink) is ignored (by definition is [0.0,0.0])
[41m solve [00m
~~~~~~~~~~~~~~~~~~~~~~~~~~~~~~~~~~~~~~~~~~~~~~~~~~~~~~~~~~~~~~~~~~~~~~~~~~~~~~
VRPSolver v0.4.1, 24/03/2021. Web: vrpsolver.math.u-bordeaux.fr
Corresponds to the solver by Pessoa, Sadykov, Uchoa and Vanderbeck (2020)
Paper: dx.doi.org/10.1007/s10107-020-01523-z
USE THIS CODE ONLY FOR ACADEMIC PURPOSES AT YOUR OWN RISK
~~~~~~~~~~~~~~~~~~~~~~~~~~~~~~~~~~~~~~~~~~~~~~~~~~~~~~~~~~~~~~~~~~~~~~~~~~~~~~
BaPCod v053, 24/03/2021, © Inria Bordeaux, France
~~~~~~~~~~~~~~~~~~~~~~~~~~~~~~~~~~~~~~~~~~~~~~~~~~~~~~~~~~~~~~~~~~~~~~~~~~~~~~
VRPSolver parameters:
GlobalTimeLimit = 18000
MaxNbOfBBtreeNodeTreated = 100000
treeSearchStrategy = 1
RCSPstopCutGenTimeThresholdInPricing = 10
RCSPhardTimeThresholdInPricing = 25
RCSPnumberOfBucketsPerVertex = 25
RCSPdynamicBucketSteps = 1
RCSPuseBidirectionalSearch = 2
RCSPapplyReducedCostFixing = 1
RCSPredCostFixingFalseGap = 0
RCSPmaxNumOfColsPerIteration = 30
RCSPmaxNumOfColsPerExactIteration = 150
RCSPheurLabelingStrategy = 0
StabilizationMinPhaseOfStage = 0
RCSPmaxNumOfLabelsInEnumeration = 500000
RCSPmaxNumOfEnumeratedSolutions = 5000000
RCSPmaxNumOfEnumSolutionsForMIP = 10000
RCSPinitNGneighbourhoodSize = 8
RCSPmaxNGneighbourhoodSize = 8
RCSPrankOneCutsMaxNumPerRound = 100
RCSPrankOneCutsMaxNumRows = 5
RCSPrankOneCutsMemoryType = 0
CutTailingOffThreshold = 0.015
CutTailingOffCounterThreshold = 3
SafeDualBoundScaleFactor = -1
StrongBranchingPhaseOneCandidatesNumber = 100
StrongBranchingPhaseOneTreeSizeEstimRatio = 0.2
StrongBranchingPhaseTwoCandidatesNumber = 3
StrongBranchingPhaseTwoTreeSizeEstimRatio = 0.02
MaxTimeForRestrictedMasterIpHeur = -1
DivingHeurUseDepthLimit = 0
MaxLDSbreadth = 1
MaxLDSdepth = 10000
New model incumbent solution -899, TIME = 0h0m0s2t = 2
Model is built TIME = 0h0m0s96t = 96
************************************************************************************************
**** BaB tree root node
**** Local DB = -1e+12, global bounds : [ -1e+12 , -899 ], TIME = 0h0m0s96t = 96
**** 1 open nodes, 0 columns (0 active), 0 dyn. constrs. (0 active), 309 art. vars. (309 active)
************************************************************************************************
--------------------------------------------------------------------------
BaPCod info : first we run the root node with rank-1 cuts with node memory
--------------------------------------------------------------------------
<DWph=2> <it= 10> <et=1.11> <Mt= 0.00> <Spt= 0.13> <nCl=255> <DB=-1099.1701> <Mlp= -894.2622> <PB=-898.99999> 
<DWph=2> <it= 20> <et=1.25> <Mt= 0.01> <Spt= 0.13> <nCl= 71> <DB= -929.6676> <Mlp= -928.6667> <PB=-898.99999> 
<DWph=2> <it= 24> <et=1.32> <Mt= 0.00> <Spt= 0.06> <nCl=  7> <DB= -943.5730> <Mlp= -928.8444> <PB=-898.99999> 
<DWph=1> <it= 30> <et=1.44> <Mt= 0.01> <Spt= 0.12> <nCl= 43> <DB= -943.6874> <Mlp= -941.2500> <PB=-898.99999> 
<DWph=1> <it= 35> <et=1.58> <Mt= 0.00> <Spt= 0.13> <nCl=  6> <DB= -941.2500> <Mlp= -941.2500> <PB=-898.99999> 
<DWph=0> <it= 37> <et=1.70> <Mt= 0.01> <Spt= 0.12> <nCl= 17> <DB= -942.0000> <Mlp= -942.0000> <PB=-898.99999> 
Reduced cost fixing for graph G_4... took 0.01 sec., 5700 buck. arcs remain (16.2% from prev., 3.3% from max.)
Run enumeration... took 0.02 sec. and succeeded! Pricing will be done by inspection.
Reduced cost fixing for graph G_3... took 0.02 sec., 13173 buck. arcs remain (28.5% from prev., 7.09% from max.)
Run enumeration... took 0.06 sec. and succeeded! Pricing will be done by inspection.
Reduced cost fixing for graph G_2... took 0.02 sec., 11468 buck. arcs remain (24.8% from prev., 6.17% from max.)
Run enumeration... took 0.07 sec. and succeeded! Pricing will be done by inspection.
Reduced cost fixing for graph G_1... took 0.03 sec., 13715 buck. arcs remain (29.1% from prev., 7.38% from max.)
Run enumeration... took 0.12 sec. and succeeded! Pricing will be done by inspection.
<DWph=2> <it= 38> <et=2.17> <Mt= 0.02> <Spt= 0.00> <nCl=  0> <DB= -942.0000> <Mlp= -942.0000> <PB=-898.99999> 
<DWph=1> <it= 39> <et=2.18> <Mt= 0.00> <Spt= 0.01> <nCl=  0> <DB= -942.0000> <Mlp= -942.0000> <PB=-898.99999> 
ColGenEvalAlg final dual bound: -942 (rounded: -942)
----- Add fac. cuts : R1C(166), max.viol = 0.5, aver.viol = 0.269578, sep/add took 0.01/0.03 sec. -----
966 columns (966 active), 166 dyn. constrs. (166 active), 475 art. vars. (475 active)
<DWph=2> <it=  1> <et=2.28> <Mt= 0.00> <Spt= 0.01> <nCl=  0> <DB= -936.0000> <Mlp= -936.0000> <PB=-898.99999> 
<DWph=1> <it=  2> <et=2.29> <Mt= 0.00> <Spt= 0.01> <nCl=  0> <DB= -936.0000> <Mlp= -936.0000> <PB=-898.99999> 
<DWph=0> <it=  4> <et=2.40> <Mt= 0.01> <Spt= 0.10> <nCl= 21> <DB= -936.0000> <Mlp= -936.0000> <PB=-898.99999> 
Reduced cost fixing for graph G_4...  took 0 sec., done by inspection with 6644 solutions, remains 4538 (68.3%)
Reduced cost fixing for graph G_3...  took 0 sec., done by inspection with 30181 solutions, remains 17021 (56.4%)
Reduced cost fixing for graph G_2...  took 0 sec., done by inspection with 28524 solutions, remains 15618 (54.8%)
Reduced cost fixing for graph G_1...  took 0.01 sec., done by inspection with 50980 solutions, remains 27879 (54.7%)
ColGenEvalAlg final dual bound: -936 (rounded: -936)
Gap improvement since the last cut separation : 0.139535 (-942)
----- Add fac. cuts : sep. took 0.07 sec.----- no cuts found  -----
-----------------------------------------------------------------------
BaPCod info : now we run the root node with rank-1 cuts with arc memory
-----------------------------------------------------------------------
<DWph=2> <it=  1> <et=2.57> <Mt= 0.01> <Spt= 0.00> <nCl=  0> <DB= -942.0000> <Mlp= -942.0000> <PB=-898.99999> 
<DWph=1> <it=  2> <et=2.57> <Mt= 0.00> <Spt= 0.00> <nCl=  0> <DB= -942.0000> <Mlp= -942.0000> <PB=-898.99999> 
<DWph=0> <it=  3> <et=2.57> <Mt= 0.00> <Spt= 0.00> <nCl=  0> <DB= -942.0000> <Mlp= -942.0000> <PB=-898.99999> 
ColGenEvalAlg final dual bound: -942 (rounded: -942)
----- Add fac. cuts : R1C(166), max.viol = 0.5, aver.viol = 0.271084, sep/add took 0.01/0.02 sec. -----
1467 columns (966 active), 179 dyn. constrs. (166 active), 488 art. vars. (475 active)
<DWph=2> <it=  1> <et=2.65> <Mt= 0.01> <Spt= 0.01> <nCl=  0> <DB= -936.0000> <Mlp= -936.0000> <PB=-898.99999> 
<DWph=1> <it=  2> <et=2.66> <Mt= 0.00> <Spt= 0.01> <nCl=  0> <DB= -936.0000> <Mlp= -936.0000> <PB=-898.99999> 
<DWph=0> <it=  4> <et=2.80> <Mt= 0.00> <Spt= 0.12> <nCl= 16> <DB= -936.0000> <Mlp= -936.0000> <PB=-898.99999> 
Reduced cost fixing for graph G_4...  took 0 sec., done by inspection with 6644 solutions, remains 4268 (64.2%)
Reduced cost fixing for graph G_3...  took 0 sec., done by inspection with 30181 solutions, remains 17957 (59.5%)
Reduced cost fixing for graph G_2...  took 0 sec., done by inspection with 28524 solutions, remains 19823 (69.5%)
Reduced cost fixing for graph G_1...  took 0 sec., done by inspection with 50980 solutions, remains 36046 (70.7%)
ColGenEvalAlg final dual bound: -936 (rounded: -936)
Gap improvement since the last cut separation : 0.139535 (-942)
----- Add fac. cuts : sep. took 0.07 sec.----- no cuts found  -----
-----------------------------------------------------------------------
Node memory is preferred (score = 0.691937)
-----------------------------------------------------------------------
----------- Diving heuristic started -----------
<DWph=2> <it=  1> <et=2.99> <Mt= 0.00> <Spt= 0.00> <nCl=  0> <DB= -936.0000> <Mlp= -936.0000> <PB=-898.99999> 
<DWph=1> <it=  2> <et=2.99> <Mt= 0.00> <Spt= 0.00> <nCl=  0> <DB= -936.0000> <Mlp= -936.0000> <PB=-898.99999> 
<DWph=0> <it=  3> <et=2.99> <Mt= 0.01> <Spt= 0.00> <nCl=  0> <DB= -936.0000> <Mlp= -936.0000> <PB=-898.99999> 
ColGenEvalAlg final dual bound: -936 (rounded: -936)
---- Diving heuristic node with dive number = 0, fix depth = 1 and tabu list size = 0
Fixed projected solution = [t_4_2_4_4_OspV=1, x_4_2_69_4_OspV=1, x_4_3_44_4_OspV=1, x_4_37_44_4_OspV=1, x_4_37_45_4_OspV=1, x_4_45_51_4_OspV=1, x_4_51_57_4_OspV=1, x_4_57_62_4_OspV=1, x_4_62_66_4_OspV=1, x_4_66_69_4_OspV=1, y_4_3_4_4_OspV=1]
<DWph=2> <it=  1> <et=3.05> <Mt= 0.01> <Spt= 0.01> <nCl=  0> <DB= -924.0000> <Mlp= -924.0000> <PB=-898.99999> 
<DWph=1> <it=  2> <et=3.06> <Mt= 0.00> <Spt= 0.01> <nCl=  0> <DB= -924.0000> <Mlp= -924.0000> <PB=-898.99999> 
<DWph=0> <it=  7> <et=3.20> <Mt= 0.02> <Spt= 0.12> <nCl=927> <DB= -924.0000> <Mlp= -924.0000> <PB=-898.99999> 
ColGenEvalAlg final dual bound: -924 (rounded: -924)
---- Diving heuristic node with dive number = 0, fix depth = 2 and tabu list size = 0
Fixed projected solution = [t_2_4_2_2_OspV=1, x_2_4_40_2_OspV=1, x_2_5_35_2_OspV=1, x_2_35_43_2_OspV=1, x_2_40_48_2_OspV=1, x_2_42_49_2_OspV=1, x_2_42_50_2_OspV=1, x_2_43_50_2_OspV=1, x_2_48_55_2_OspV=1, x_2_49_56_2_OspV=1, x_2_55_61_2_OspV=1, x_2_56_61_2_OspV=1, y_2_5_2_2_OspV=1]
<DWph=2> <it=  1> <et=3.25> <Mt= 0.02> <Spt= 0.00> <nCl=  0> <DB=23124.0000> <Mlp=23124.0000> <PB=-898.99999> 
<DWph=1> <it=  2> <et=3.26> <Mt= 0.00> <Spt= 0.01> <nCl=  0> <DB=23124.0000> <Mlp=23124.0000> <PB=-898.99999> 
<DWph=0> <it=  4> <et=3.28> <Mt= 0.00> <Spt= 0.01> <nCl=257> <DB=11883.9000> <Mlp=23124.0000> <PB=-898.99999> 
ColGenEvalAlg final dual bound: 11883.9 (rounded: 11884)
---- Diving heuristic node with dive number = 1, fix depth = 2 and tabu list size = 1
Fixed projected solution = [t_1_8_1_1_OspV=1, x_1_1_16_1_OspV=1, x_1_8_34_1_OspV=1, x_1_16_21_1_OspV=1, x_1_21_27_1_OspV=1, x_1_27_33_1_OspV=1, x_1_33_41_1_OspV=1, x_1_34_42_1_OspV=1, x_1_41_49_1_OspV=1, x_1_42_49_1_OspV=1, y_1_1_1_1_OspV=1]
<DWph=2> <it=  1> <et=3.35> <Mt= 0.02> <Spt= 0.01> <nCl=  0> <DB=23082.0000> <Mlp=23082.0000> <PB=-898.99999> 
<DWph=1> <it=  2> <et=3.36> <Mt= 0.01> <Spt= 0.00> <nCl=  0> <DB=23082.0000> <Mlp=23082.0000> <PB=-898.99999> 
<DWph=0> <it=  6> <et=3.40> <Mt= 0.01> <Spt= 0.03> <nCl=509> <DB= -893.1924> <Mlp= -870.0000> <PB=-898.99999> 
ColGenEvalAlg final dual bound: -893.192 (rounded: -893)
---- Diving heuristic node with dive number = 2, fix depth = 1 and tabu list size = 1
Fixed projected solution = [t_2_4_2_2_OspV=1, x_2_4_40_2_OspV=1, x_2_8_34_2_OspV=1, x_2_22_27_2_OspV=1, x_2_22_28_2_OspV=1, x_2_27_33_2_OspV=1, x_2_28_34_2_OspV=1, x_2_33_41_2_OspV=1, x_2_40_48_2_OspV=1, x_2_41_49_2_OspV=1, x_2_48_55_2_OspV=1, x_2_49_55_2_OspV=1, y_2_8_2_2_OspV=1]
<DWph=2> <it=  1> <et=3.49> <Mt= 0.02> <Spt= 0.01> <nCl=  0> <DB=47094.0000> <Mlp=47094.0000> <PB=-898.99999> 
<DWph=1> <it=  2> <et=3.49> <Mt= 0.00> <Spt= 0.01> <nCl=  0> <DB=47094.0000> <Mlp=47094.0000> <PB=-898.99999> 
<DWph=0> <it=  5> <et=3.56> <Mt= 0.01> <Spt= 0.05> <nCl=515> <DB=12322.0800> <Mlp=23106.0000> <PB=-898.99999> 
ColGenEvalAlg final dual bound: 12322.1 (rounded: 12323)
**** Strong branching phase 1 is started *****
SB phase 1 cand.  1 branch on t_4_2 (lhs=0.5000): [ -933.6000,  -915.4154], score = 49.40      <et=3.59>
SB phase 1 cand.  2 branch on t_5_3 (lhs=0.5000): [ -933.4286,  -906.0000], score = 77.14      <et=3.6>
SB phase 1 cand.  3 branch on t_7_2 (lhs=0.5000): [ -931.8750,  1492.1143], score = 152.63      <et=3.61>
SB phase 1 cand.  4 branch on t_8_1 (lhs=0.5000): [ -934.2857,  -903.0000], score = 56.57      <et=3.63>
SB phase 1 cand.  9 branch on y_5_4 (lhs=0.5000): [ -933.4286,  -906.0000], score = 77.14      <et=3.68>
SB phase 1 cand. 12 branch on y_7_3 (lhs=0.5000): [ -931.8750,  1492.1143], score = 152.63      <et=3.71>
**** Strong branching phase 2 is started *****
<DWph=0> <it=  5> <et=3.87> <Mt= 0.01> <Spt= 0.14> <nCl=545> <DB= -911.9667> <Mlp= -911.9667> <PB=-898.99999> 
<DWph=0> <it=  3> <et=4.02> <Mt= 0.01> <Spt= 0.06> <nCl=  0> <DB= -931.8750> <Mlp= -931.8750> <PB=-898.99999> 
SB phase 2 cand.  1 branch on y_7_3 (lhs=0.5000): [ -931.8750,  -911.9667], score = 99.14      <et=4.04>
<DWph=0> <it=  5> <et=4.19> <Mt= 0.04> <Spt= 0.11> <nCl=155> <DB= -919.7727> <Mlp= -919.7727> <PB=-898.99999> 
<DWph=0> <it=  3> <et=4.29> <Mt= 0.00> <Spt= 0.06> <nCl=  0> <DB= -933.4286> <Mlp= -933.4286> <PB=-898.99999> 
SB phase 2 cand.  2 branch on t_5_3 (lhs=0.5000): [ -933.4286,  -919.7727], score = 41.73      <et=4.3>
<DWph=0> <it=  4> <et=4.41> <Mt= 0.01> <Spt= 0.08> <nCl=380> <DB= -910.5000> <Mlp= -910.5000> <PB=-898.99999> 
<DWph=0> <it=  3> <et=4.53> <Mt= 0.02> <Spt= 0.07> <nCl=  0> <DB= -934.2857> <Mlp= -934.2857> <PB=-898.99999> 
SB phase 2 cand.  3 branch on t_8_1 (lhs=0.5000): [ -934.2857,  -910.5000], score = 43.71      <et=4.54>
**** Strong branching phase 3 is started *****
**** SB phase 3 evaluation of candidate 1, branch 1 ( y_7_3 >= 1 ), value = -911.967
<DWph=2> <it=  1> <et=4.60> <Mt= 0.00> <Spt= 0.01> <nCl=  0> <DB= -911.9667> <Mlp= -911.9667> <PB=-898.99999> 
<DWph=1> <it=  2> <et=4.61> <Mt= 0.00> <Spt= 0.00> <nCl=  0> <DB= -911.9667> <Mlp= -911.9667> <PB=-898.99999> 
<DWph=0> <it=  3> <et=4.66> <Mt= 0.00> <Spt= 0.04> <nCl=  0> <DB= -911.9667> <Mlp= -911.9667> <PB=-898.99999> 
Reduced cost fixing for graph G_4...  took 0 sec., done by inspection with 4538 solutions, remains 120 (2.64%)
Reduced cost fixing for graph G_3...  took 0 sec., done by inspection with 17021 solutions, remains 570 (3.35%)
Reduced cost fixing for graph G_2...  took 0 sec., done by inspection with 15618 solutions, remains 890 (5.7%)
Reduced cost fixing for graph G_1...  took 0 sec., done by inspection with 27879 solutions, remains 27 (0.0968%)
ColGenEvalAlg final dual bound: -911.967 (rounded: -911)
----- Terminating the node by MIP -----
**** SB phase 3 evaluation of candidate 1, branch 2 ( y_7_3 <= 0 ), value = -931.875
<DWph=2> <it=  1> <et=4.86> <Mt= 0.00> <Spt= 0.01> <nCl=  0> <DB= -931.8750> <Mlp= -931.8750> <PB=-898.99999> 
<DWph=1> <it=  2> <et=4.87> <Mt= 0.01> <Spt= 0.01> <nCl=  0> <DB= -931.8750> <Mlp= -931.8750> <PB=-898.99999> 
<DWph=0> <it=  3> <et=4.92> <Mt= 0.00> <Spt= 0.05> <nCl=  0> <DB= -931.8750> <Mlp= -931.8750> <PB=-898.99999> 
Reduced cost fixing for graph G_4...  took 0 sec., done by inspection with 4538 solutions, remains 3367 (74.2%)
Reduced cost fixing for graph G_3...  took 0 sec., done by inspection with 17021 solutions, remains 9656 (56.7%)
Reduced cost fixing for graph G_2...  took 0 sec., done by inspection with 15618 solutions, remains 8857 (56.7%)
Reduced cost fixing for graph G_1...  took 0 sec., done by inspection with 27879 solutions, remains 13895 (49.8%)
ColGenEvalAlg final dual bound: -931.875 (rounded: -931)
----- Add fac. cuts : R1C(239), max.viol = 0.34375, aver.viol = 0.162918, sep/add took 0.02/0.11 sec. -----
1997 columns (1935 active), 254 dyn. constrs. (248 active), 563 art. vars. (557 active)
<DWph=2> <it=  1> <et=5.14> <Mt= 0.01> <Spt= 0.01> <nCl=  0> <DB= -930.0000> <Mlp= -930.0000> <PB=-898.99999> 
<DWph=1> <it=  2> <et=5.15> <Mt= 0.00> <Spt= 0.00> <nCl=  0> <DB= -930.0000> <Mlp= -930.0000> <PB=-898.99999> 
<DWph=0> <it=  4> <et=5.25> <Mt= 0.02> <Spt= 0.09> <nCl= 16> <DB= -930.1000> <Mlp= -930.1000> <PB=-898.99999> 
Reduced cost fixing for graph G_4...  took 0 sec., done by inspection with 3367 solutions, remains 2799 (83.1%)
Reduced cost fixing for graph G_3...  took 0 sec., done by inspection with 9656 solutions, remains 6069 (62.9%)
Reduced cost fixing for graph G_2...  took 0 sec., done by inspection with 8857 solutions, remains 6507 (73.5%)
Reduced cost fixing for graph G_1...  took 0 sec., done by inspection with 13895 solutions, remains 8217 (59.1%)
ColGenEvalAlg final dual bound: -930.1 (rounded: -930)
Gap improvement since the last cut separation : 0.0539924 (-931.875)
----- Add fac. cuts : R1C(137), max.viol = 0.133333, aver.viol = 0.0756691, sep/add took 0.03/0.07 sec. -----
2272 columns (2207 active), 391 dyn. constrs. (166 active), 700 art. vars. (475 active)
<DWph=2> <it=  1> <et=5.43> <Mt= 0.01> <Spt= 0.01> <nCl=  0> <DB= -928.8697> <Mlp= -928.8697> <PB=-898.99999> 
<DWph=1> <it=  2> <et=5.44> <Mt= 0.01> <Spt= 0.01> <nCl=  0> <DB= -928.8697> <Mlp= -928.8697> <PB=-898.99999> 
<DWph=0> <it=  4> <et=5.51> <Mt= 0.00> <Spt= 0.06> <nCl=  1> <DB= -928.8704> <Mlp= -928.8704> <PB=-898.99999> 
Reduced cost fixing for graph G_4...  took 0 sec., done by inspection with 2799 solutions, remains 2450 (87.5%)
Reduced cost fixing for graph G_3...  took 0 sec., done by inspection with 6069 solutions, remains 4604 (75.9%)
Reduced cost fixing for graph G_2...  took 0 sec., done by inspection with 6507 solutions, remains 4773 (73.4%)
Reduced cost fixing for graph G_1...  took 0 sec., done by inspection with 8217 solutions, remains 6112 (74.4%)
ColGenEvalAlg final dual bound: -928.87 (rounded: -928)
Gap improvement since the last cut separation : 0.0395374 (-930.1)
----- Add fac. cuts : R1C(217), max.viol = 0.119069, aver.viol = 0.0513371, sep/add took 0.34/0.12 sec. -----
2390 columns (2322 active), 391 dyn. constrs. (250 active), 917 art. vars. (559 active)
<DWph=2> <it=  1> <et=6.07> <Mt= 0.02> <Spt= 0.01> <nCl=  0> <DB= -928.2324> <Mlp= -928.2324> <PB=-898.99999> 
<DWph=1> <it=  2> <et=6.08> <Mt= 0.00> <Spt= 0.01> <nCl=  0> <DB= -928.2324> <Mlp= -928.2324> <PB=-898.99999> 
<DWph=0> <it=  3> <et=6.13> <Mt= 0.01> <Spt= 0.04> <nCl=  0> <DB= -928.2324> <Mlp= -928.2324> <PB=-898.99999> 
Reduced cost fixing for graph G_4...  took 0 sec., done by inspection with 2450 solutions, remains 2433 (99.3%)
Reduced cost fixing for graph G_3...  took 0 sec., done by inspection with 4604 solutions, remains 4157 (90.3%)
Reduced cost fixing for graph G_2...  took 0 sec., done by inspection with 4773 solutions, remains 4418 (92.6%)
Reduced cost fixing for graph G_1...  took 0 sec., done by inspection with 6112 solutions, remains 5702 (93.3%)
ColGenEvalAlg final dual bound: -928.232 (rounded: -928)
Gap improvement since the last cut separation : 0.0213597 (-928.87)
----- Add fac. cuts : R1C(176), max.viol = 0.0414938, aver.viol = 0.0320634, sep/add took 0.31/0.1 sec. -----
2475 columns (2404 active), 436 dyn. constrs. (221 active), 1093 art. vars. (530 active)
<DWph=2> <it=  1> <et=6.63> <Mt= 0.01> <Spt= 0.01> <nCl=  0> <DB= -928.1339> <Mlp= -928.1339> <PB=-898.99999> 
<DWph=1> <it=  2> <et=6.65> <Mt= 0.00> <Spt= 0.01> <nCl=  0> <DB= -928.1339> <Mlp= -928.1339> <PB=-898.99999> 
<DWph=0> <it=  3> <et=6.68> <Mt= 0.00> <Spt= 0.03> <nCl=  0> <DB= -928.1339> <Mlp= -928.1339> <PB=-898.99999> 
Reduced cost fixing for graph G_4...  took 0 sec., done by inspection with 2433 solutions, remains 2105 (86.5%)
Reduced cost fixing for graph G_3...  took 0 sec., done by inspection with 4157 solutions, remains 3864 (93%)
Reduced cost fixing for graph G_2...  took 0 sec., done by inspection with 4418 solutions, remains 4288 (97.1%)
Reduced cost fixing for graph G_1...  took 0 sec., done by inspection with 5702 solutions, remains 5454 (95.7%)
ColGenEvalAlg final dual bound: -928.134 (rounded: -928)
Gap improvement since the last cut separation : 0.00336979 (-928.232)
----- Add fac. cuts : R1C(114), max.viol = 0.0472441, aver.viol = 0.0249344, sep/add took 0.28/0.06 sec. -----
2497 columns (2425 active), 345 dyn. constrs. (166 active), 1207 art. vars. (475 active)
<DWph=2> <it=  1> <et=7.12> <Mt= 0.01> <Spt= 0.01> <nCl=  0> <DB= -928.0000> <Mlp= -928.0000> <PB=-898.99999> 
<DWph=1> <it=  2> <et=7.14> <Mt= 0.00> <Spt= 0.01> <nCl=  0> <DB= -928.0000> <Mlp= -928.0000> <PB=-898.99999> 
<DWph=0> <it=  3> <et=7.18> <Mt= 0.01> <Spt= 0.04> <nCl=  0> <DB= -928.0000> <Mlp= -928.0000> <PB=-898.99999> 
Reduced cost fixing for graph G_4...  took 0 sec., done by inspection with 2105 solutions, remains 2104 (100%)
Reduced cost fixing for graph G_3...  took 0 sec., done by inspection with 3864 solutions, remains 3836 (99.3%)
Reduced cost fixing for graph G_2...  took 0 sec., done by inspection with 4288 solutions, remains 4251 (99.1%)
Reduced cost fixing for graph G_1...  took 0 sec., done by inspection with 5454 solutions, remains 5224 (95.8%)
ColGenEvalAlg final dual bound: -928 (rounded: -928)
Gap improvement since the last cut separation : 0.00459459 (-928.134)
----- Add fac. cuts : sep. took 0.14 sec.----- no cuts found  -----
SB exact phase 3 branch on y_7_3 (lhs=0.5) : [-898.99999, -928], tree depth = 1.969, tree size = 5.828, score = -1.969
************************************************************************************************
**** BaB tree node (N° 3, parent N° 1, depth 1)
**** Local DB = -928, global bounds : [ -928 , -899 ], TIME = 0h0m7s40t = 740
**** 2 open nodes, 2507 columns (2435 active), 65 dyn. constrs. (53 active), 374 art. vars. (362 active)
************************************************************************************************
**** Strong branching phase 2 is started *****
<DWph=0> <it=  5> <et=7.55> <Mt= 0.04> <Spt= 0.09> <nCl= 79> <DB= -900.0000> <Mlp= -900.0000> <PB=-898.99999> 
<DWph=0> <it=  3> <et=7.66> <Mt= 0.02> <Spt= 0.06> <nCl=  0> <DB= -923.2500> <Mlp= -923.2500> <PB=-898.99999> 
SB phase 2 cand.  1 branch on t_5_3 (lhs=0.3333): [ -923.2500,  -900.0000], score = 133.00 (h)  <et=7.67>
**** Strong branching phase 3 is started *****
**** SB phase 3 evaluation of candidate 1, branch 1 ( t_5_3 >= 1 ), value = -900
<DWph=2> <it=  1> <et=7.70> <Mt= 0.00> <Spt= 0.00> <nCl=  0> <DB= -900.0000> <Mlp= -900.0000> <PB=-898.99999> 
<DWph=1> <it=  2> <et=7.71> <Mt= 0.01> <Spt= 0.01> <nCl=  0> <DB= -900.0000> <Mlp= -900.0000> <PB=-898.99999> 
<DWph=0> <it=  3> <et=7.74> <Mt= 0.00> <Spt= 0.03> <nCl=  0> <DB= -900.0000> <Mlp= -900.0000> <PB=-898.99999> 
Reduced cost fixing for graph G_4...  took 0 sec., done by inspection with 2104 solutions, remains 34 (1.62%)
Reduced cost fixing for graph G_3...  took 0 sec., done by inspection with 3836 solutions, remains 43 (1.12%)
Reduced cost fixing for graph G_2...  took 0 sec., done by inspection with 4251 solutions, remains 21 (0.494%)
Reduced cost fixing for graph G_1...  took 0 sec., done by inspection with 5224 solutions, remains 13 (0.249%)
ColGenEvalAlg final dual bound: -900 (rounded: -900)
----- Terminating the node by MIP -----
**** SB phase 3 evaluation of candidate 1, branch 2 ( t_5_3 <= 0 ), value = -923.25
<DWph=2> <it=  1> <et=7.83> <Mt= 0.00> <Spt= 0.01> <nCl=  0> <DB= -923.2500> <Mlp= -923.2500> <PB=-898.99999> 
<DWph=1> <it=  2> <et=7.84> <Mt= 0.00> <Spt= 0.01> <nCl=  0> <DB= -923.2500> <Mlp= -923.2500> <PB=-898.99999> 
<DWph=0> <it=  3> <et=7.87> <Mt= 0.01> <Spt= 0.03> <nCl=  0> <DB= -923.2500> <Mlp= -923.2500> <PB=-898.99999> 
Reduced cost fixing for graph G_4...  took 0 sec., done by inspection with 2104 solutions, remains 1831 (87%)
Reduced cost fixing for graph G_3...  took 0 sec., done by inspection with 3836 solutions, remains 3375 (88%)
Reduced cost fixing for graph G_2...  took 0 sec., done by inspection with 4251 solutions, remains 2768 (65.1%)
Reduced cost fixing for graph G_1...  took 0 sec., done by inspection with 5224 solutions, remains 3286 (62.9%)
ColGenEvalAlg final dual bound: -923.25 (rounded: -923)
----- Add fac. cuts : R1C(119), max.viol = 0.25, aver.viol = 0.217437, sep/add took 0.01/0.06 sec. -----
2531 columns (2499 active), 174 dyn. constrs. (151 active), 483 art. vars. (460 active)
<DWph=2> <it=  1> <et=8.01> <Mt= 0.01> <Spt= 0.01> <nCl=  0> <DB= -922.2857> <Mlp= -922.2857> <PB=-898.99999> 
<DWph=1> <it=  2> <et=8.02> <Mt= 0.00> <Spt= 0.00> <nCl=  0> <DB= -922.2857> <Mlp= -922.2857> <PB=-898.99999> 
<DWph=0> <it=  3> <et=8.06> <Mt= 0.00> <Spt= 0.04> <nCl=  0> <DB= -922.2857> <Mlp= -922.2857> <PB=-898.99999> 
Reduced cost fixing for graph G_4...  took 0 sec., done by inspection with 1831 solutions, remains 1192 (65.1%)
Reduced cost fixing for graph G_3...  took 0 sec., done by inspection with 3375 solutions, remains 2980 (88.3%)
Reduced cost fixing for graph G_2...  took 0 sec., done by inspection with 2768 solutions, remains 2203 (79.6%)
Reduced cost fixing for graph G_1...  took 0 sec., done by inspection with 3286 solutions, remains 2561 (77.9%)
ColGenEvalAlg final dual bound: -922.286 (rounded: -922)
Gap improvement since the last cut separation : 0.0397643 (-923.25)
----- Terminating the node by MIP -----
MIP found solution with value -900
 SB phase 3 candidate 1 is conquered !
New model incumbent solution -900, TIME = 0h0m10s77t = 1077
************************************************************************************************
Search is finished, global bounds : [ -900 , -900 ], TIME = 0h0m10s77t = 1077
************************************************************************************************
[32mBaPCod : solution defined.[00m
statistics_cols: instance & :Optimal & cutoff & :bcRecRootDb & :bcTimeRootEval & :bcCountNodeProc & :bcRecBestDb & :bcRecBestInc & :bcTimeMain \\
statistics: 64-50-6-4 & 1 & -898.99999 & -936.00 & 2.97 & 5 & -900.00 & -900 & 10.77 \\
########################################################
trip 1 : 1 16 21 27 22 28 34 42 35 5 
trip 2 : 5 43 50 56 61 55 49 41 33 4 
trip 3 : 4 40 32 39 46 38 30 23 29 36 3 
trip 4 : 3 44 37 45 51 57 62 66 69 2 
tour : 1 16 21 27 22 28 34 42 35 5 43 50 56 61 55 49 41 33 4 40 32 39 46 38 30 23 29 36 3 44 37 45 51 57 62 66 69 2
Cost 900.0
########################################################
