Application parameters:
  batch  =>  nothing
  tikz  =>  "/TIKZ/66-125-6-4.tex"
  instance  =>  "/IN/66-125-6-4.ophs"
  out  =>  "/OUT/66-125-6-4.sol"
  nosolve  =>  false
  ub  =>  -1670
  complete  =>  false
  cfg  =>  "/BWTSP/src/../config/OPHS.cfg"
VRPSolver warning: Interval set for resource 1 on source node (when source != sink) is ignored (by definition is [0.0,0.0])
VRPSolver warning: Interval set for resource 1 on source node (when source != sink) is ignored (by definition is [0.0,0.0])
VRPSolver warning: Interval set for resource 1 on source node (when source != sink) is ignored (by definition is [0.0,0.0])
VRPSolver warning: Interval set for resource 1 on source node (when source != sink) is ignored (by definition is [0.0,0.0])
[41m solve [00m
~~~~~~~~~~~~~~~~~~~~~~~~~~~~~~~~~~~~~~~~~~~~~~~~~~~~~~~~~~~~~~~~~~~~~~~~~~~~~~
VRPSolver v0.4.1, 24/03/2021. Web: vrpsolver.math.u-bordeaux.fr
Corresponds to the solver by Pessoa, Sadykov, Uchoa and Vanderbeck (2020)
Paper: dx.doi.org/10.1007/s10107-020-01523-z
USE THIS CODE ONLY FOR ACADEMIC PURPOSES AT YOUR OWN RISK
~~~~~~~~~~~~~~~~~~~~~~~~~~~~~~~~~~~~~~~~~~~~~~~~~~~~~~~~~~~~~~~~~~~~~~~~~~~~~~
BaPCod v053, 24/03/2021, © Inria Bordeaux, France
~~~~~~~~~~~~~~~~~~~~~~~~~~~~~~~~~~~~~~~~~~~~~~~~~~~~~~~~~~~~~~~~~~~~~~~~~~~~~~
VRPSolver parameters:
GlobalTimeLimit = 18000
MaxNbOfBBtreeNodeTreated = 100000
treeSearchStrategy = 1
RCSPstopCutGenTimeThresholdInPricing = 10
RCSPhardTimeThresholdInPricing = 25
RCSPnumberOfBucketsPerVertex = 25
RCSPdynamicBucketSteps = 1
RCSPuseBidirectionalSearch = 2
RCSPapplyReducedCostFixing = 1
RCSPredCostFixingFalseGap = 0
RCSPmaxNumOfColsPerIteration = 30
RCSPmaxNumOfColsPerExactIteration = 150
RCSPheurLabelingStrategy = 0
StabilizationMinPhaseOfStage = 0
RCSPmaxNumOfLabelsInEnumeration = 0
RCSPmaxNumOfEnumeratedSolutions = 0
RCSPmaxNumOfEnumSolutionsForMIP = 10000
RCSPinitNGneighbourhoodSize = 8
RCSPmaxNGneighbourhoodSize = 8
RCSPrankOneCutsMaxNumPerRound = 100
RCSPrankOneCutsMaxNumRows = 5
RCSPrankOneCutsMemoryType = 0
CutTailingOffThreshold = 0.015
CutTailingOffCounterThreshold = 3
SafeDualBoundScaleFactor = -1
StrongBranchingPhaseOneCandidatesNumber = 100
StrongBranchingPhaseOneTreeSizeEstimRatio = 0.2
StrongBranchingPhaseTwoCandidatesNumber = 3
StrongBranchingPhaseTwoTreeSizeEstimRatio = 0.02
MaxTimeForRestrictedMasterIpHeur = -1
DivingHeurUseDepthLimit = 0
MaxLDSbreadth = 1
MaxLDSdepth = 10000
New model incumbent solution -1669, TIME = 0h0m0s2t = 2
Model is built TIME = 0h0m0s99t = 99
************************************************************************************************
**** BaB tree root node
**** Local DB = -1e+12, global bounds : [ -1e+12 , -1669 ], TIME = 0h0m0s99t = 99
**** 1 open nodes, 0 columns (0 active), 0 dyn. constrs. (0 active), 317 art. vars. (317 active)
************************************************************************************************
--------------------------------------------------------------------------
BaPCod info : first we run the root node with rank-1 cuts with node memory
--------------------------------------------------------------------------
<DWph=2> <it= 10> <et=1.22> <Mt= 0.01> <Spt= 0.19> <nCl=312> <DB=-2293.8767> <Mlp=-1593.9513> <PB=-1669> 
<DWph=2> <it= 20> <et=1.47> <Mt= 0.04> <Spt= 0.20> <nCl=307> <DB=-1738.4768> <Mlp=-1672.2272> <PB=-1669> 
<DWph=2> <it= 30> <et=1.72> <Mt= 0.05> <Spt= 0.21> <nCl=269> <DB=-1687.5997> <Mlp=-1679.5014> <PB=-1669> 
<DWph=2> <it= 31> <et=1.78> <Mt= 0.00> <Spt= 0.05> <nCl=  0> <DB=-1680.0000> <Mlp=-1680.0000> <PB=-1669> 
<DWph=1> <it= 32> <et=1.81> <Mt= 0.00> <Spt= 0.03> <nCl=  0> <DB=-1680.0000> <Mlp=-1680.0000> <PB=-1669> 
<DWph=0> <it= 33> <et=1.86> <Mt= 0.00> <Spt= 0.05> <nCl=  0> <DB=-1680.0000> <Mlp=-1680.0000> <PB=-1669> 
Reduced cost fixing for graph G_4... took 0.05 sec., 63963 buck. arcs remain (87.2% from prev., 30.3% from max.)
Reduced cost fixing for graph G_3... took 0.06 sec., 71075 buck. arcs remain (89.7% from prev., 33.3% from max.)
Reduced cost fixing for graph G_2... took 0.06 sec., 71075 buck. arcs remain (89.7% from prev., 33.3% from max.)
Reduced cost fixing for graph G_1... took 0.06 sec., 71822 buck. arcs remain (90% from prev., 33.7% from max.)
ColGenEvalAlg final dual bound: -1680 (rounded: -1680)
----- Add fac. cuts : R1C(197), max.viol = 0.380626, aver.viol = 0.159487, sep/add took 0/0.06 sec. -----
1631 columns (1631 active), 197 dyn. constrs. (197 active), 514 art. vars. (514 active)
<DWph=2> <it= 10> <et=3.05> <Mt= 0.47> <Spt= 0.36> <nCl=318> <DB=-1709.7299> <Mlp=-1666.6369> <PB=-1669> 
<DWph=2> <it= 20> <et=3.71> <Mt= 0.30> <Spt= 0.34> <nCl=293> <DB=-1681.6201> <Mlp=-1675.5676> <PB=-1669> 
<DWph=2> <it= 30> <et=4.37> <Mt= 0.30> <Spt= 0.34> <nCl=247> <DB=-1680.5073> <Mlp=-1679.0462> <PB=-1669> 
<DWph=2> <it= 36> <et=4.75> <Mt= 0.14> <Spt= 0.24> <nCl=112> <DB=-1680.0000> <Mlp=-1680.0000> <PB=-1669> 
<DWph=1> <it= 37> <et=4.80> <Mt= 0.00> <Spt= 0.04> <nCl=  0> <DB=-1680.0000> <Mlp=-1680.0000> <PB=-1669> 
<DWph=0> <it= 38> <et=4.80> <Mt= 0.00> <Spt= 0.00> <nCl=  0> <DB=-1680.0000> <Mlp=-1680.0000> <PB=-1669> 
ColGenEvalAlg final dual bound: -1680 (rounded: -1680)
Gap improvement since the last cut separation : 0 (-1680)
----- Add fac. cuts : R1C(342), max.viol = 0.512997, aver.viol = 0.196823, sep/add took 0.53/0.25 sec. -----
2750 columns (2750 active), 539 dyn. constrs. (539 active), 856 art. vars. (856 active)
<DWph=2> <it= 10> <et=8.64> <Mt= 2.47> <Spt= 0.54> <nCl=286> <DB=-1682.1751> <Mlp=-1675.0394> <PB=-1669> 
<DWph=2> <it= 20> <et=10.30> <Mt= 1.09> <Spt= 0.52> <nCl=240> <DB=-1680.3954> <Mlp=-1678.1471> <PB=-1669> 
<DWph=2> <it= 30> <et=11.58> <Mt= 0.73> <Spt= 0.52> <nCl=185> <DB=-1680.1834> <Mlp=-1679.1486> <PB=-1669> 
<DWph=2> <it= 40> <et=13.02> <Mt= 0.86> <Spt= 0.53> <nCl=155> <DB=-1680.0000> <Mlp=-1680.0000> <PB=-1669> 
<DWph=1> <it= 41> <et=13.08> <Mt= 0.01> <Spt= 0.05> <nCl=  0> <DB=-1680.0000> <Mlp=-1680.0000> <PB=-1669> 
<DWph=0> <it= 42> <et=13.08> <Mt= 0.00> <Spt= 0.00> <nCl=  0> <DB=-1680.0000> <Mlp=-1680.0000> <PB=-1669> 
ColGenEvalAlg final dual bound: -1680 (rounded: -1680)
Gap improvement since the last cut separation : 0 (-1680)
----- Add fac. cuts : R1C(293), max.viol = 0.348143, aver.viol = 0.142783, sep/add took 0.62/0.36 sec. -----
3984 columns (3984 active), 832 dyn. constrs. (832 active), 1149 art. vars. (1149 active)
<DWph=2> <it= 10> <et=24.17> <Mt= 9.28> <Spt= 0.75> <nCl=271> <DB=-1681.6337> <Mlp=-1677.3379> <PB=-1669> 
<DWph=2> <it= 20> <et=28.51> <Mt= 3.55> <Spt= 0.72> <nCl=195> <DB=-1680.2317> <Mlp=-1678.9843> <PB=-1669> 
<DWph=2> <it= 30> <et=32.17> <Mt= 2.88> <Spt= 0.70> <nCl=165> <DB=-1680.0567> <Mlp=-1679.6478> <PB=-1669> 
<DWph=2> <it= 35> <et=34.41> <Mt= 1.84> <Spt= 0.36> <nCl= 65> <DB=-1680.0000> <Mlp=-1680.0000> <PB=-1669> 
<DWph=1> <it= 36> <et=34.46> <Mt= 0.01> <Spt= 0.05> <nCl=  0> <DB=-1680.0000> <Mlp=-1680.0000> <PB=-1669> 
<DWph=0> <it= 37> <et=34.47> <Mt= 0.01> <Spt= 0.00> <nCl=  0> <DB=-1680.0000> <Mlp=-1680.0000> <PB=-1669> 
ColGenEvalAlg final dual bound: -1680 (rounded: -1680)
Gap improvement since the last cut separation : 0 (-1680)
----- Add fac. cuts : R1C(323), max.viol = 0.293186, aver.viol = 0.106346, sep/add took 0.85/0.58 sec. -----
5051 columns (5051 active), 1155 dyn. constrs. (1155 active), 1472 art. vars. (1472 active)
<DWph=2> <it= 10> <et=67.26> <Mt=30.23> <Spt= 1.01> <nCl=229> <DB=-1680.7785> <Mlp=-1678.3650> <PB=-1669> 
<DWph=2> <it= 20> <et=83.45> <Mt=15.13> <Spt= 0.96> <nCl=194> <DB=-1680.2674> <Mlp=-1679.4448> <PB=-1669> 
<DWph=2> <it= 28> <et=93.61> <Mt= 9.38> <Spt= 0.71> <nCl=116> <DB=-1680.0000> <Mlp=-1680.0000> <PB=-1669> 
<DWph=1> <it= 29> <et=93.67> <Mt= 0.01> <Spt= 0.05> <nCl=  0> <DB=-1680.0000> <Mlp=-1680.0000> <PB=-1669> 
ColGenEvalAlg final dual bound: -1680 (rounded: -1680)
Gap improvement since the last cut separation : 0 (-1680)
----- Cut generation is stopped due to tailing off -----
----------- Diving heuristic started -----------
<DWph=2> <it=  1> <et=93.71> <Mt= 0.01> <Spt= 0.00> <nCl=  0> <DB=-1680.0000> <Mlp=-1680.0000> <PB=-1669> 
<DWph=1> <it=  2> <et=93.72> <Mt= 0.01> <Spt= 0.00> <nCl=  0> <DB=-1680.0000> <Mlp=-1680.0000> <PB=-1669> 
---- Diving heuristic node with dive number = 0, fix depth = 1 and tabu list size = 0
Fixed projected solution = [t_1_4_1_1_OspV=1, x_1_1_37_1_OspV=1, x_1_4_64_1_OspV=1, x_1_37_38_1_OspV=1, x_1_38_39_1_OspV=1, x_1_39_47_1_OspV=1, x_1_46_47_1_OspV=1, x_1_46_54_1_OspV=1, x_1_53_54_1_OspV=1, x_1_53_61_1_OspV=1, x_1_59_60_1_OspV=1, x_1_59_67_1_OspV=1, x_1_60_61_1_OspV=1, x_1_64_72_1_OspV=1, x_1_67_68_1_OspV=1, x_1_68_69_1_OspV=1, x_1_69_70_1_OspV=1, x_1_70_71_1_OspV=1, x_1_71_72_1_OspV=1, y_1_1_1_1_OspV=1]
<DWph=2> <it= 10> <et=104.83> <Mt=10.59> <Spt= 0.41> <nCl=236> <DB=-1754.7372> <Mlp=-1568.5321> <PB=-1669> 
<DWph=2> <it= 20> <et=107.57> <Mt= 2.22> <Spt= 0.45> <nCl=226> <DB=-1683.9021> <Mlp=-1625.5679> <PB=-1669> 
<DWph=2> <it= 30> <et=110.42> <Mt= 2.29> <Spt= 0.48> <nCl=188> <DB=-1680.6619> <Mlp=-1638.6289> <PB=-1669> 
<DWph=2> <it= 40> <et=114.47> <Mt= 3.50> <Spt= 0.47> <nCl=169> <DB=-1680.2802> <Mlp=-1650.7412> <PB=-1669> 
<DWph=2> <it= 50> <et=122.69> <Mt= 7.63> <Spt= 0.49> <nCl=158> <DB=-1680.0563> <Mlp=-1656.4913> <PB=-1669> 
<DWph=2> <it= 60> <et=131.42> <Mt= 8.15> <Spt= 0.49> <nCl=164> <DB=-1680.0607> <Mlp=-1659.4184> <PB=-1669> 
<DWph=2> <it= 70> <et=137.45> <Mt= 5.44> <Spt= 0.48> <nCl=176> <DB=-1680.0219> <Mlp=-1661.5332> <PB=-1669> 
<DWph=2> <it= 80> <et=141.28> <Mt= 3.25> <Spt= 0.48> <nCl=149> <DB=-1680.0318> <Mlp=-1663.5100> <PB=-1669> 
<DWph=2> <it= 90> <et=150.44> <Mt= 8.55> <Spt= 0.51> <nCl=168> <DB=-1680.0175> <Mlp=-1664.7431> <PB=-1669> 
<DWph=2> <it=100> <et=153.25> <Mt= 2.20> <Spt= 0.49> <nCl=148> <DB=-1680.0209> <Mlp=-1665.3514> <PB=-1669> 
<DWph=2> <it=110> <et=160.05> <Mt= 6.18> <Spt= 0.49> <nCl=135> <DB=-1680.0138> <Mlp=-1665.8310> <PB=-1669> 
<DWph=2> <it=120> <et=166.91> <Mt= 6.22> <Spt= 0.51> <nCl=147> <DB=-1680.0239> <Mlp=-1666.4720> <PB=-1669> 
<DWph=2> <it=130> <et=172.00> <Mt= 4.46> <Spt= 0.50> <nCl=147> <DB=-1680.0113> <Mlp=-1666.9143> <PB=-1669> 
<DWph=2> <it=140> <et=178.09> <Mt= 5.44> <Spt= 0.52> <nCl=118> <DB=-1680.4480> <Mlp=-1667.4992> <PB=-1669> 
<DWph=2> <it=150> <et=184.09> <Mt= 5.29> <Spt= 0.55> <nCl=118> <DB=-1680.1088> <Mlp=-1668.0428> <PB=-1669> 
<DWph=2> <it=160> <et=189.98> <Mt= 5.16> <Spt= 0.57> <nCl=121> <DB=-1680.3309> <Mlp=-1668.4297> <PB=-1669> 
<DWph=2> <it=170> <et=195.84> <Mt= 5.02> <Spt= 0.63> <nCl= 75> <DB=-1675.3564> <Mlp=-1668.5872> <PB=-1669> 
<DWph=2> <it=179> <et=213.44> <Mt=16.72> <Spt= 0.66> <nCl= 57> <DB=-1669.1901> <Mlp=-1669.3710> <PB=-1669> 
<DWph=1> <it=180> <et=213.85> <Mt= 0.19> <Spt= 0.20> <nCl= 16> <DB=-1682.6221> <Mlp=-1669.3744> <PB=-1669> 
<DWph=1> <it=190> <et=244.23> <Mt=28.01> <Spt= 2.08> <nCl= 93> <DB=-1675.6186> <Mlp=-1670.9546> <PB=-1669> 
<DWph=1> <it=200> <et=258.40> <Mt=11.74> <Spt= 2.14> <nCl= 68> <DB=-1675.7427> <Mlp=-1671.3593> <PB=-1669> 
<DWph=1> <it=210> <et=262.78> <Mt= 2.01> <Spt= 2.06> <nCl= 40> <DB=-1673.8072> <Mlp=-1671.5708> <PB=-1669> 
<DWph=1> <it=220> <et=275.36> <Mt=10.16> <Spt= 2.10> <nCl= 48> <DB=-1673.0913> <Mlp=-1671.9068> <PB=-1669> 
<DWph=1> <it=227> <et=293.05> <Mt=15.95> <Spt= 1.51> <nCl= 56> <DB=-1671.6849> <Mlp=-1672.0636> <PB=-1669> 
---- Diving heuristic node with dive number = 0, fix depth = 2 and tabu list size = 0
Fixed projected solution = [t_4_2_4_4_OspV=1, x_4_2_44_4_OspV=1, x_4_7_25_4_OspV=1, x_4_25_33_4_OspV=1, x_4_33_41_4_OspV=1, x_4_41_49_4_OspV=1, x_4_42_43_4_OspV=1, x_4_42_50_4_OspV=1, x_4_43_51_4_OspV=1, x_4_44_52_4_OspV=1, x_4_49_57_4_OspV=1, x_4_50_58_4_OspV=1, x_4_51_52_4_OspV=1, x_4_57_65_4_OspV=1, x_4_58_66_4_OspV=1, x_4_65_66_4_OspV=1, y_4_7_4_4_OspV=1]
<DWph=2> <it= 10> <et=307.65> <Mt=13.59> <Spt= 0.64> <nCl=156> <DB=-2809.0241> <Mlp=-1577.4507> <PB=-1669> 
<DWph=2> <it= 20> <et=309.74> <Mt= 1.11> <Spt= 0.65> <nCl=149> <DB=-1725.3106> <Mlp=-1614.6693> <PB=-1669> 
<DWph=2> <it= 30> <et=311.31> <Mt= 0.60> <Spt= 0.64> <nCl= 99> <DB=-1717.8637> <Mlp=-1621.2278> <PB=-1669> 
<DWph=2> <it= 40> <et=313.20> <Mt= 0.91> <Spt= 0.64> <nCl=133> <DB=-1776.4472> <Mlp=-1631.0809> <PB=-1669> 
<DWph=2> <it= 50> <et=315.01> <Mt= 0.72> <Spt= 0.70> <nCl=126> <DB=-1725.7811> <Mlp=-1633.6461> <PB=-1669> 
<DWph=2> <it= 60> <et=317.91> <Mt= 1.91> <Spt= 0.65> <nCl= 98> <DB=-1719.4536> <Mlp=-1641.1735> <PB=-1669> 
<DWph=2> <it= 70> <et=321.54> <Mt= 2.64> <Spt= 0.64> <nCl=126> <DB=-1710.5868> <Mlp=-1648.4450> <PB=-1669> 
<DWph=2> <it= 80> <et=323.22> <Mt= 0.69> <Spt= 0.63> <nCl=158> <DB=-1788.5402> <Mlp=-1649.4030> <PB=-1669> 
<DWph=2> <it= 90> <et=325.16> <Mt= 0.96> <Spt= 0.63> <nCl= 93> <DB=-1715.4211> <Mlp=-1650.2449> <PB=-1669> 
<DWph=2> <it=100> <et=327.29> <Mt= 1.11> <Spt= 0.65> <nCl=121> <DB=-2817.7588> <Mlp=-1652.1438> <PB=-1669> 
<DWph=2> <it=110> <et=329.35> <Mt= 1.03> <Spt= 0.65> <nCl=116> <DB=-1713.2576> <Mlp=-1652.5126> <PB=-1669> 
<DWph=2> <it=120> <et=331.60> <Mt= 1.21> <Spt= 0.67> <nCl=114> <DB=-1713.8177> <Mlp=-1653.3783> <PB=-1669> 
<DWph=2> <it=130> <et=334.97> <Mt= 2.32> <Spt= 0.65> <nCl=121> <DB=-1711.5261> <Mlp=-1654.2751> <PB=-1669> 
<DWph=2> <it=140> <et=337.50> <Mt= 1.50> <Spt= 0.65> <nCl= 94> <DB=-1703.5025> <Mlp=-1654.5576> <PB=-1669> 
<DWph=2> <it=150> <et=339.72> <Mt= 1.18> <Spt= 0.64> <nCl=105> <DB=-1689.7878> <Mlp=-1654.8663> <PB=-1669> 
<DWph=2> <it=160> <et=341.76> <Mt= 0.99> <Spt= 0.65> <nCl=122> <DB=-1696.3827> <Mlp=-1655.0017> <PB=-1669> 
<DWph=2> <it=170> <et=343.82> <Mt= 1.12> <Spt= 0.59> <nCl=116> <DB=-1946.9079> <Mlp=-1655.1589> <PB=-1669> 
<DWph=2> <it=180> <et=345.77> <Mt= 0.83> <Spt= 0.67> <nCl= 72> <DB=-1673.3114> <Mlp=-1655.2508> <PB=-1669> 
<DWph=2> <it=190> <et=348.51> <Mt= 1.63> <Spt= 0.66> <nCl= 41> <DB=-1664.3989> <Mlp=-1656.2599> <PB=-1669> 
<DWph=2> <it=197> <et=350.05> <Mt= 0.84> <Spt= 0.42> <nCl= 22> <DB=-1656.1020> <Mlp=-1656.3387> <PB=-1669> 
<DWph=1> <it=200> <et=351.66> <Mt= 1.05> <Spt= 0.44> <nCl= 17> <DB=-1674.7585> <Mlp=-1656.9093> <PB=-1669> 
<DWph=1> <it=210> <et=362.83> <Mt= 9.35> <Spt= 1.41> <nCl= 50> <DB=-1664.7956> <Mlp=-1661.2160> <PB=-1669> 
<DWph=1> <it=220> <et=365.58> <Mt= 0.88> <Spt= 1.45> <nCl= 56> <DB=-1674.8599> <Mlp=-1661.3982> <PB=-1669> 
<DWph=1> <it=230> <et=368.99> <Mt= 1.37> <Spt= 1.58> <nCl= 37> <DB=-1671.4812> <Mlp=-1662.5000> <PB=-1669> 
<DWph=1> <it=240> <et=406.60> <Mt=35.78> <Spt= 1.40> <nCl= 37> <DB=-1672.9853> <Mlp=-1662.5000> <PB=-1669> 
<DWph=1> <it=250> <et=458.27> <Mt=49.82> <Spt= 1.43> <nCl= 29> <DB=-1668.1379> <Mlp=-1662.5000> <PB=-1669> 
<DWph=1> <it=260> <et=536.71> <Mt=76.49> <Spt= 1.53> <nCl= 63> <DB=-1673.3188> <Mlp=-1662.5000> <PB=-1669> 
<DWph=1> <it=270> <et=580.67> <Mt=42.15> <Spt= 1.39> <nCl= 30> <DB=-1669.3319> <Mlp=-1662.5372> <PB=-1669> 
<DWph=1> <it=277> <et=585.50> <Mt= 3.55> <Spt= 0.97> <nCl= 18> <DB=-1659.7903> <Mlp=-1662.6525> <PB=-1669> 
---- Diving heuristic node with dive number = 1, fix depth = 2 and tabu list size = 1
Fixed projected solution = [t_4_2_4_4_OspV=1, x_4_2_44_4_OspV=1, x_4_8_34_4_OspV=1, x_4_33_34_4_OspV=1, x_4_33_41_4_OspV=1, x_4_41_49_4_OspV=1, x_4_42_43_4_OspV=1, x_4_42_50_4_OspV=1, x_4_43_51_4_OspV=1, x_4_44_52_4_OspV=1, x_4_49_57_4_OspV=1, x_4_50_58_4_OspV=1, x_4_51_52_4_OspV=1, x_4_57_65_4_OspV=1, x_4_58_66_4_OspV=1, x_4_65_66_4_OspV=1, y_4_8_4_4_OspV=1]
<DWph=2> <it= 10> <et=593.36> <Mt= 6.36> <Spt= 0.66> <nCl=160> <DB=-1896.1733> <Mlp=-1509.5796> <PB=-1669> 
<DWph=2> <it= 20> <et=595.00> <Mt= 0.52> <Spt= 0.67> <nCl=147> <DB=-1880.1272> <Mlp=-1564.2823> <PB=-1669> 
<DWph=2> <it= 30> <et=596.65> <Mt= 0.53> <Spt= 0.66> <nCl=145> <DB=-1728.9546> <Mlp=-1582.1398> <PB=-1669> 
<DWph=2> <it= 40> <et=598.61> <Mt= 0.83> <Spt= 0.66> <nCl=146> <DB=-1777.3322> <Mlp=-1608.0820> <PB=-1669> 
<DWph=2> <it= 50> <et=600.41> <Mt= 0.67> <Spt= 0.67> <nCl=121> <DB=-1722.5882> <Mlp=-1618.3708> <PB=-1669> 
<DWph=2> <it= 60> <et=601.99> <Mt= 0.45> <Spt= 0.65> <nCl=153> <DB=-1745.3657> <Mlp=-1621.4782> <PB=-1669> 
<DWph=2> <it= 70> <et=603.64> <Mt= 0.51> <Spt= 0.66> <nCl=133> <DB=-1760.4894> <Mlp=-1622.9324> <PB=-1669> 
<DWph=2> <it= 80> <et=605.21> <Mt= 0.43> <Spt= 0.65> <nCl=126> <DB=-1735.4601> <Mlp=-1622.9324> <PB=-1669> 
<DWph=2> <it= 90> <et=607.11> <Mt= 0.75> <Spt= 0.67> <nCl=131> <DB=-1729.8951> <Mlp=-1631.5168> <PB=-1669> 
<DWph=2> <it=100> <et=608.78> <Mt= 0.51> <Spt= 0.66> <nCl=132> <DB=-1735.9462> <Mlp=-1633.7275> <PB=-1669> 
<DWph=2> <it=110> <et=610.45> <Mt= 0.52> <Spt= 0.65> <nCl=130> <DB=-1835.4449> <Mlp=-1636.2589> <PB=-1669> 
<DWph=2> <it=120> <et=612.21> <Mt= 0.61> <Spt= 0.66> <nCl=145> <DB=-1790.0951> <Mlp=-1639.7824> <PB=-1669> 
<DWph=2> <it=130> <et=614.09> <Mt= 0.72> <Spt= 0.65> <nCl=146> <DB=-2016.7800> <Mlp=-1641.1777> <PB=-1669> 
<DWph=2> <it=140> <et=615.80> <Mt= 0.56> <Spt= 0.65> <nCl=140> <DB=-1813.5938> <Mlp=-1641.5849> <PB=-1669> 
<DWph=2> <it=150> <et=618.10> <Mt= 1.01> <Spt= 0.72> <nCl=123> <DB=-1733.0008> <Mlp=-1644.3619> <PB=-1669> 
<DWph=2> <it=160> <et=621.17> <Mt= 1.88> <Spt= 0.66> <nCl= 94> <DB=-1709.5290> <Mlp=-1648.4892> <PB=-1669> 
<DWph=2> <it=170> <et=623.69> <Mt= 1.34> <Spt= 0.66> <nCl=125> <DB=-1845.3397> <Mlp=-1650.1502> <PB=-1669> 
<DWph=2> <it=180> <et=625.58> <Mt= 0.71> <Spt= 0.65> <nCl=107> <DB=-1713.7415> <Mlp=-1650.4221> <PB=-1669> 
<DWph=2> <it=190> <et=628.34> <Mt= 1.56> <Spt= 0.67> <nCl= 79> <DB=-1712.4120> <Mlp=-1651.6283> <PB=-1669> 
<DWph=2> <it=200> <et=630.64> <Mt= 1.09> <Spt= 0.66> <nCl= 90> <DB=-1697.1725> <Mlp=-1652.2380> <PB=-1669> 
<DWph=2> <it=210> <et=632.43> <Mt= 0.60> <Spt= 0.66> <nCl= 81> <DB=-1710.3905> <Mlp=-1652.2952> <PB=-1669> 
<DWph=2> <it=220> <et=635.51> <Mt= 1.87> <Spt= 0.65> <nCl=102> <DB=-2084.4385> <Mlp=-1653.1917> <PB=-1669> 
<DWph=2> <it=230> <et=637.61> <Mt= 0.91> <Spt= 0.65> <nCl=160> <DB=-1815.6661> <Mlp=-1653.1917> <PB=-1669> 
<DWph=2> <it=240> <et=640.77> <Mt= 1.94> <Spt= 0.65> <nCl=116> <DB=-1897.1350> <Mlp=-1653.5366> <PB=-1669> 
<DWph=2> <it=250> <et=643.22> <Mt= 1.23> <Spt= 0.67> <nCl=105> <DB=-1696.7801> <Mlp=-1653.8929> <PB=-1669> 
<DWph=2> <it=260> <et=645.81> <Mt= 1.34> <Spt= 0.67> <nCl= 75> <DB=-1692.6785> <Mlp=-1654.6270> <PB=-1669> 
<DWph=2> <it=270> <et=647.91> <Mt= 0.86> <Spt= 0.67> <nCl= 85> <DB=-1689.2440> <Mlp=-1654.6696> <PB=-1669> 
<DWph=2> <it=280> <et=650.32> <Mt= 0.96> <Spt= 0.68> <nCl= 80> <DB=-1711.7786> <Mlp=-1654.9725> <PB=-1669> 
<DWph=2> <it=290> <et=652.93> <Mt= 1.59> <Spt= 0.67> <nCl=102> <DB=-1704.2425> <Mlp=-1655.4354> <PB=-1669> 
<DWph=2> <it=300> <et=655.22> <Mt= 1.28> <Spt= 0.66> <nCl= 72> <DB=-1696.5017> <Mlp=-1655.7268> <PB=-1669> 
<DWph=2> <it=310> <et=657.65> <Mt= 1.54> <Spt= 0.60> <nCl= 82> <DB=-1706.5575> <Mlp=-1656.0580> <PB=-1669> 
<DWph=2> <it=320> <et=659.96> <Mt= 1.78> <Spt= 0.37> <nCl= 72> <DB=-1681.9973> <Mlp=-1656.3783> <PB=-1669> 
<DWph=2> <it=330> <et=661.29> <Mt= 0.80> <Spt= 0.37> <nCl= 30> <DB=-1666.7025> <Mlp=-1656.4903> <PB=-1669> 
<DWph=2> <it=332> <et=661.58> <Mt= 0.13> <Spt= 0.11> <nCl= 17> <DB=-1721.7136> <Mlp=-1656.5104> <PB=-1669> 
<DWph=1> <it=340> <et=667.49> <Mt= 5.00> <Spt= 0.76> <nCl= 60> <DB=-1680.0550> <Mlp=-1660.7599> <PB=-1669> 
<DWph=1> <it=350> <et=671.40> <Mt= 2.60> <Spt= 1.07> <nCl= 35> <DB=-1668.9842> <Mlp=-1661.8181> <PB=-1669> 
<DWph=1> <it=360> <et=698.71> <Mt=26.07> <Spt= 1.02> <nCl= 36> <DB=-1670.4333> <Mlp=-1662.5000> <PB=-1669> 
<DWph=1> <it=370> <et=736.12> <Mt=36.19> <Spt= 0.99> <nCl= 19> <DB=-1663.2085> <Mlp=-1662.5000> <PB=-1669> 
<DWph=1> <it=380> <et=790.06> <Mt=52.51> <Spt= 1.17> <nCl= 41> <DB=-1664.1015> <Mlp=-1662.5000> <PB=-1669> 
<DWph=1> <it=390> <et=872.76> <Mt=81.19> <Spt= 1.25> <nCl= 33> <DB=-1667.6337> <Mlp=-1662.5000> <PB=-1669> 
<DWph=1> <it=400> <et=908.44> <Mt=34.32> <Spt= 1.12> <nCl= 25> <DB=-1668.9529> <Mlp=-1662.5000> <PB=-1669> 
<DWph=1> <it=410> <et=974.47> <Mt=64.63> <Spt= 1.13> <nCl= 17> <DB=-1664.5810> <Mlp=-1662.5000> <PB=-1669> 
<DWph=1> <it=420> <et=1057.46> <Mt=81.34> <Spt= 1.32> <nCl= 22> <DB=-1664.4660> <Mlp=-1662.5000> <PB=-1669> 
<DWph=1> <it=430> <et=1088.68> <Mt=29.45> <Spt= 1.43> <nCl= 34> <DB=-1671.6495> <Mlp=-1662.5171> <PB=-1669> 
<DWph=1> <it=436> <et=1089.87> <Mt= 0.29> <Spt= 0.75> <nCl= 19> <DB=-1662.3931> <Mlp=-1662.5178> <PB=-1669> 
---- Diving heuristic node with dive number = 2, fix depth = 1 and tabu list size = 1
Fixed projected solution = [t_2_7_2_2_OspV=1, x_2_7_25_2_OspV=1, x_2_8_34_2_OspV=1, x_2_9_10_2_OspV=1, x_2_9_17_2_OspV=1, x_2_10_11_2_OspV=1, x_2_11_19_2_OspV=1, x_2_17_18_2_OspV=1, x_2_18_26_2_OspV=1, x_2_19_27_2_OspV=1, x_2_25_33_2_OspV=1, x_2_26_34_2_OspV=1, x_2_27_35_2_OspV=1, x_2_33_41_2_OspV=1, x_2_35_43_2_OspV=1, x_2_41_49_2_OspV=1, x_2_42_43_2_OspV=1, x_2_42_50_2_OspV=1, x_2_49_50_2_OspV=1, y_2_8_2_2_OspV=1]
<DWph=2> <it= 10> <et=1095.86> <Mt= 4.91> <Spt= 0.43> <nCl=228> <DB=-3139.3609> <Mlp=-1276.6667> <PB=-1669> 
<DWph=2> <it= 20> <et=1097.30> <Mt= 0.88> <Spt= 0.43> <nCl=217> <DB=-1801.4198> <Mlp=-1292.8125> <PB=-1669> 
<DWph=2> <it= 30> <et=1098.11> <Mt= 0.28> <Spt= 0.42> <nCl=230> <DB=-1687.8435> <Mlp=-1292.8125> <PB=-1669> 
<DWph=2> <it= 40> <et=1098.99> <Mt= 0.32> <Spt= 0.43> <nCl=163> <DB=-1681.1235> <Mlp=-1387.5263> <PB=-1669> 
<DWph=2> <it= 50> <et=1101.13> <Mt= 1.50> <Spt= 0.49> <nCl=209> <DB=-1680.1447> <Mlp=-1525.3766> <PB=-1669> 
<DWph=2> <it= 60> <et=1103.45> <Mt= 1.62> <Spt= 0.52> <nCl=141> <DB=-1680.0876> <Mlp=-1561.3632> <PB=-1669> 
<DWph=2> <it= 70> <et=1105.23> <Mt= 1.10> <Spt= 0.51> <nCl=128> <DB=-1680.7091> <Mlp=-1572.8937> <PB=-1669> 
<DWph=2> <it= 80> <et=1107.64> <Mt= 1.58> <Spt= 0.59> <nCl=106> <DB=-1642.6618> <Mlp=-1587.1781> <PB=-1669> 
<DWph=2> <it= 90> <et=1112.28> <Mt= 3.73> <Spt= 0.63> <nCl= 65> <DB=-1624.6050> <Mlp=-1597.2388> <PB=-1669> 
<DWph=2> <it=100> <et=1115.49> <Mt= 2.22> <Spt= 0.67> <nCl= 45> <DB=-1636.7921> <Mlp=-1601.9503> <PB=-1669> 
<DWph=2> <it=110> <et=1124.49> <Mt= 7.90> <Spt= 0.76> <nCl= 75> <DB=-1615.7798> <Mlp=-1604.5616> <PB=-1669> 
<DWph=2> <it=120> <et=1126.27> <Mt= 0.59> <Spt= 0.79> <nCl= 34> <DB=-1615.8838> <Mlp=-1604.7918> <PB=-1669> 
<DWph=2> <it=130> <et=1128.19> <Mt= 0.56> <Spt= 0.92> <nCl= 37> <DB=-1641.2641> <Mlp=-1604.9533> <PB=-1669> 
<DWph=2> <it=140> <et=1130.16> <Mt= 0.73> <Spt= 0.82> <nCl= 42> <DB=-1612.7095> <Mlp=-1605.7566> <PB=-1669> 
<DWph=2> <it=150> <et=1131.74> <Mt= 0.42> <Spt= 0.78> <nCl= 28> <DB=-1608.2707> <Mlp=-1605.9003> <PB=-1669> 
<DWph=2> <it=160> <et=1133.78> <Mt= 0.77> <Spt= 0.85> <nCl= 33> <DB=-1611.7849> <Mlp=-1606.6478> <PB=-1669> 
<DWph=2> <it=166> <et=1135.02> <Mt= 0.57> <Spt= 0.43> <nCl= 12> <DB=-1612.6938> <Mlp=-1606.9682> <PB=-1669> 
<DWph=1> <it=170> <et=1139.01> <Mt= 3.11> <Spt= 0.72> <nCl= 22> <DB=-1620.1776> <Mlp=-1608.2793> <PB=-1669> 
<DWph=1> <it=180> <et=1147.38> <Mt= 6.09> <Spt= 1.86> <nCl= 55> <DB=-1622.4277> <Mlp=-1609.3897> <PB=-1669> 
<DWph=1> <it=190> <et=1158.29> <Mt= 8.37> <Spt= 2.05> <nCl= 33> <DB=-1620.7042> <Mlp=-1609.7369> <PB=-1669> 
<DWph=1> <it=200> <et=1163.78> <Mt= 2.70> <Spt= 2.27> <nCl= 38> <DB=-1614.5014> <Mlp=-1610.0311> <PB=-1669> 
<DWph=1> <it=210> <et=1169.69> <Mt= 3.51> <Spt= 1.95> <nCl= 32> <DB=-1615.0249> <Mlp=-1610.4582> <PB=-1669> 
<DWph=1> <it=216> <et=1176.77> <Mt= 5.18> <Spt= 1.54> <nCl= 33> <DB=-1623.4695> <Mlp=-1610.9495> <PB=-1669> 
**** Strong branching phase 1 is started *****
SB phase 1 cand.  1 branch on t_4_1 (lhs=0.2803): [-1678.4392, -1662.1261], score = 17.17      <et=1210.88>
SB phase 1 cand.  2 branch on t_6_2 (lhs=0.2518): [-1678.6874, -1620.5024], score = 14.44      <et=1243.74>
SB phase 1 cand.  3 branch on t_7_1 (lhs=0.2371): [-1678.7975, -1628.9894], score = 13.23      <et=1277.12>
SB phase 1 cand. 23 branch on y_4_2 (lhs=0.2803): [-1678.4392, -1662.1261], score = 17.17      <et=1885.69>
SB phase 1 cand. 24 branch on y_6_3 (lhs=0.2518): [-1678.6874, -1620.5024], score = 14.44      <et=1918.45>
**** Strong branching phase 2 is started *****
<DWph=1> <it=141> <et=2686.28> <Mt=92.85> <Spt=27.09> <nCl=1388> <DB=-1679.5820> <Mlp=-1678.2450> <PB=-1669> 
<DWph=1> <it= 21> <et=2720.66> <Mt=31.43> <Spt= 1.74> <nCl=290> <DB=-1680.0000> <Mlp=-1680.0000> <PB=-1669> 
SB phase 2 cand.  1 branch on t_4_1 (lhs=0.2803): [-1680.0000, -1678.2450], score = 0.00      <et=2720.68>
<DWph=1> <it=135> <et=2858.93> <Mt=111.91> <Spt=21.88> <nCl=1465> <DB=-1676.7822> <Mlp=-1677.0630> <PB=-1669> 
<DWph=1> <it= 12> <et=2885.07> <Mt=24.64> <Spt= 1.02> <nCl=192> <DB=-1680.0000> <Mlp=-1680.0000> <PB=-1669> 
SB phase 2 cand.  2 branch on y_6_3 (lhs=0.2518): [-1680.0000, -1677.0630], score = 0.00      <et=2885.09>
<DWph=1> <it= 99> <et=2957.49> <Mt=57.24> <Spt=11.28> <nCl=1097> <DB=-1676.2500> <Mlp=-1676.2500> <PB=-1669> 
<DWph=1> <it= 17> <et=2978.67> <Mt=18.96> <Spt= 1.46> <nCl=249> <DB=-1680.0000> <Mlp=-1680.0000> <PB=-1669> 
SB phase 2 cand.  3 branch on y_7_2 (lhs=0.2371): [-1680.0000, -1676.2500], score = 0.00      <et=2978.69>
**** Strong branching phase 3 is started *****
**** SB phase 3 evaluation of candidate 1, branch 1 ( y_7_2 >= 1 ), value = -1676.25
<DWph=2> <it=  1> <et=2979.14> <Mt= 0.02> <Spt= 0.06> <nCl=  0> <DB=-1676.2500> <Mlp=-1676.2500> <PB=-1669> 
<DWph=1> <it=  2> <et=2979.27> <Mt= 0.02> <Spt= 0.11> <nCl=  0> <DB=-1676.2500> <Mlp=-1676.2500> <PB=-1669> 
<DWph=0> <it=  3> <et=2980.16> <Mt= 0.03> <Spt= 0.86> <nCl=  0> <DB=-1676.2500> <Mlp=-1676.2500> <PB=-1669> 
Reduced cost fixing for graph G_4... took 0.07 sec., 19807 buck. arcs remain (31% from prev., 9.39% from max.)
Reduced cost fixing for graph G_3... took 0.11 sec., 18178 buck. arcs remain (25.6% from prev., 8.53% from max.)
Reduced cost fixing for graph G_2... took 0.08 sec., 20395 buck. arcs remain (28.7% from prev., 9.57% from max.)
Reduced cost fixing for graph G_1... took 0.08 sec., 16172 buck. arcs remain (22.5% from prev., 7.59% from max.)
ColGenEvalAlg final dual bound: -1676.25 (rounded: -1676)
----- Add fac. cuts : R1C(164), max.viol = 0.25, aver.viol = 0.11649, sep/add took 0/0.53 sec. -----
16769 columns (9139 active), 1321 dyn. constrs. (277 active), 1642 art. vars. (594 active)
<DWph=2> <it= 10> <et=2985.78> <Mt= 3.92> <Spt= 0.41> <nCl= 62> <DB=-1675.8482> <Mlp=-1675.6827> <PB=-1669> 
<DWph=2> <it= 14> <et=2986.51> <Mt= 0.42> <Spt= 0.17> <nCl= 10> <DB=-1675.3782> <Mlp=-1675.7287> <PB=-1669> 
<DWph=1> <it= 20> <et=2988.63> <Mt= 1.38> <Spt= 0.52> <nCl= 70> <DB=-1680.0079> <Mlp=-1676.0970> <PB=-1669> 
<DWph=1> <it= 22> <et=2989.25> <Mt= 0.24> <Spt= 0.27> <nCl= 10> <DB=-1676.2500> <Mlp=-1676.2500> <PB=-1669> 
<DWph=0> <it= 23> <et=2989.27> <Mt= 0.02> <Spt= 0.00> <nCl=  0> <DB=-1676.2500> <Mlp=-1676.2500> <PB=-1669> 
ColGenEvalAlg final dual bound: -1676.25 (rounded: -1676)
Gap improvement since the last cut separation : -4.20249e-12 (-1676.25)
----- Add fac. cuts : R1C(340), max.viol = 0.263249, aver.viol = 0.131316, sep/add took 0.66/1.19 sec. -----
17161 columns (9531 active), 1661 dyn. constrs. (617 active), 1982 art. vars. (934 active)
<DWph=2> <it=  9> <et=2999.63> <Mt= 7.66> <Spt= 0.51> <nCl= 69> <DB=-1675.2564> <Mlp=-1675.2877> <PB=-1669> 
<DWph=1> <it= 10> <et=2999.84> <Mt= 0.07> <Spt= 0.10> <nCl= 16> <DB=-1679.3949> <Mlp=-1675.2890> <PB=-1669> 
<DWph=1> <it= 20> <et=3005.29> <Mt= 3.89> <Spt= 1.16> <nCl=102> <DB=-1678.2561> <Mlp=-1675.7763> <PB=-1669> 
<DWph=1> <it= 30> <et=3009.73> <Mt= 2.25> <Spt= 1.25> <nCl= 52> <DB=-1676.3947> <Mlp=-1675.9466> <PB=-1669> 
<DWph=1> <it= 40> <et=3012.70> <Mt= 1.30> <Spt= 1.36> <nCl= 59> <DB=-1676.3414> <Mlp=-1676.0342> <PB=-1669> 
<DWph=1> <it= 50> <et=3015.19> <Mt= 0.88> <Spt= 1.33> <nCl= 56> <DB=-1676.5569> <Mlp=-1676.0720> <PB=-1669> 
<DWph=1> <it= 51> <et=3015.62> <Mt= 0.20> <Spt= 0.20> <nCl=  6> <DB=-1676.6571> <Mlp=-1676.0797> <PB=-1669> 
<DWph=0> <it= 53> <et=3019.16> <Mt= 2.12> <Spt= 1.39> <nCl=600> <DB=-1676.2500> <Mlp=-1676.2500> <PB=-1669> 
ColGenEvalAlg final dual bound: -1676.25 (rounded: -1676)
Gap improvement since the last cut separation : 4.26521e-12 (-1676.25)
----- Add fac. cuts : R1C(298), max.viol = 0.252104, aver.viol = 0.106415, sep/add took 1.1/0.86 sec. -----
11449 columns (7580 active), 1959 dyn. constrs. (915 active), 2280 art. vars. (1232 active)
<DWph=2> <it=  4> <et=3041.38> <Mt=19.68> <Spt= 0.40> <nCl= 31> <DB=-1675.8076> <Mlp=-1676.0917> <PB=-1669> 
<DWph=1> <it=  8> <et=3050.53> <Mt= 8.01> <Spt= 0.93> <nCl= 37> <DB=-1676.2500> <Mlp=-1676.2500> <PB=-1669> 
<DWph=0> <it=  9> <et=3050.55> <Mt= 0.01> <Spt= 0.00> <nCl=  0> <DB=-1676.2500> <Mlp=-1676.2500> <PB=-1669> 
ColGenEvalAlg final dual bound: -1676.25 (rounded: -1676)
Gap improvement since the last cut separation : -2.03852e-12 (-1676.25)
----- Add fac. cuts : R1C(354), max.viol = 0.25, aver.viol = 0.065703, sep/add took 1.04/1.12 sec. -----
11603 columns (7734 active), 2313 dyn. constrs. (1269 active), 2634 art. vars. (1586 active)
<DWph=2> <it=  1> <et=3082.16> <Mt=29.34> <Spt= 0.07> <nCl=  0> <DB=-1675.0000> <Mlp=-1675.0000> <PB=-1669> 
<DWph=1> <it=  2> <et=3082.26> <Mt= 0.03> <Spt= 0.07> <nCl=  0> <DB=-1675.0000> <Mlp=-1675.0000> <PB=-1669> 
<DWph=0> <it=  6> <et=3159.26> <Mt=70.74> <Spt= 6.20> <nCl=1153> <DB=-1676.2500> <Mlp=-1676.2500> <PB=-1669> 
ColGenEvalAlg final dual bound: -1676.25 (rounded: -1676)
Gap improvement since the last cut separation : 3.54075e-11 (-1676.25)
----- Cut generation is stopped due to tailing off -----
**** SB phase 3 evaluation of candidate 1, branch 2 ( y_7_2 <= 0 ), value = -1680
<DWph=2> <it=  1> <et=3179.92> <Mt=19.81> <Spt= 0.00> <nCl=  0> <DB=-1680.0000> <Mlp=-1680.0000> <PB=-1669> 
<DWph=1> <it=  2> <et=3179.93> <Mt= 0.01> <Spt= 0.00> <nCl=  0> <DB=-1680.0000> <Mlp=-1680.0000> <PB=-1669> 
<DWph=0> <it=  3> <et=3179.94> <Mt= 0.01> <Spt= 0.00> <nCl=  0> <DB=-1680.0000> <Mlp=-1680.0000> <PB=-1669> 
ColGenEvalAlg final dual bound: -1680 (rounded: -1680)
----- Add fac. cuts : R1C(167), max.viol = 0.185531, aver.viol = 0.0753761, sep/add took 0.01/0.39 sec. -----
12732 columns (6365 active), 2480 dyn. constrs. (1323 active), 2797 art. vars. (1640 active)
<DWph=2> <it= 10> <et=3242.45> <Mt=60.51> <Spt= 1.29> <nCl=196> <DB=-1680.1288> <Mlp=-1679.1352> <PB=-1669> 
<DWph=2> <it= 20> <et=3264.07> <Mt=20.11> <Spt= 1.23> <nCl=153> <DB=-1680.0351> <Mlp=-1679.7669> <PB=-1669> 
<DWph=2> <it= 27> <et=3277.02> <Mt=12.01> <Spt= 0.76> <nCl= 65> <DB=-1680.0170> <Mlp=-1680.0000> <PB=-1669> 
<DWph=1> <it= 28> <et=3277.03> <Mt= 0.02> <Spt= 0.00> <nCl=  0> <DB=-1680.0000> <Mlp=-1680.0000> <PB=-1669> 
<DWph=0> <it= 29> <et=3277.05> <Mt= 0.01> <Spt= 0.00> <nCl=  0> <DB=-1680.0000> <Mlp=-1680.0000> <PB=-1669> 
ColGenEvalAlg final dual bound: -1680 (rounded: -1680)
Gap improvement since the last cut separation : 0 (-1680)
----- Add fac. cuts : R1C(301), max.viol = 0.210598, aver.viol = 0.0735986, sep/add took 1.05/0.8 sec. -----
13534 columns (7167 active), 2781 dyn. constrs. (1624 active), 3098 art. vars. (1941 active)
<DWph=2> <it= 10> <et=3346.67> <Mt=65.92> <Spt= 1.51> <nCl=156> <DB=-1680.0073> <Mlp=-1679.0893> <PB=-1669> 
<DWph=2> <it= 20> <et=3380.80> <Mt=32.29> <Spt= 1.52> <nCl=107> <DB=-1680.0045> <Mlp=-1679.5082> <PB=-1669> 
<DWph=2> <it= 29> <et=3430.51> <Mt=48.25> <Spt= 1.19> <nCl= 78> <DB=-1680.0063> <Mlp=-1680.0000> <PB=-1669> 
<DWph=0> <it= 31> <et=3430.55> <Mt= 0.04> <Spt= 0.00> <nCl=  0> <DB=-1680.0000> <Mlp=-1680.0000> <PB=-1669> 
ColGenEvalAlg final dual bound: -1680 (rounded: -1680)
Gap improvement since the last cut separation : 0 (-1680)
----- Add fac. cuts : R1C(250), max.viol = 0.165106, aver.viol = 0.0727904, sep/add took 1.2/0.87 sec. -----
14378 columns (8011 active), 3031 dyn. constrs. (1874 active), 3348 art. vars. (2191 active)
<DWph=2> <it= 10> <et=3564.37> <Mt=129.64> <Spt= 1.74> <nCl=158> <DB=-1680.0052> <Mlp=-1679.2982> <PB=-1669> 
<DWph=2> <it= 20> <et=3605.45> <Mt=39.08> <Spt= 1.66> <nCl=116> <DB=-1680.0050> <Mlp=-1679.6778> <PB=-1669> 
<DWph=2> <it= 30> <et=3640.50> <Mt=33.04> <Spt= 1.65> <nCl= 85> <DB=-1680.0045> <Mlp=-1679.9719> <PB=-1669> 
<DWph=2> <it= 32> <et=3652.91> <Mt=12.21> <Spt= 0.16> <nCl=  6> <DB=-1680.0031> <Mlp=-1680.0000> <PB=-1669> 
<DWph=1> <it= 33> <et=3652.95> <Mt= 0.04> <Spt= 0.00> <nCl=  0> <DB=-1680.0000> <Mlp=-1680.0000> <PB=-1669> 
<DWph=0> <it= 34> <et=3652.99> <Mt= 0.03> <Spt= 0.00> <nCl=  0> <DB=-1680.0000> <Mlp=-1680.0000> <PB=-1669> 
ColGenEvalAlg final dual bound: -1680 (rounded: -1680)
Gap improvement since the last cut separation : 0 (-1680)
----- Add fac. cuts : R1C(258), max.viol = 0.197049, aver.viol = 0.06041, sep/add took 1.48/1 sec. -----
15274 columns (8907 active), 3289 dyn. constrs. (2132 active), 3606 art. vars. (2449 active)
<DWph=2> <it= 10> <et=3803.79> <Mt=146.00> <Spt= 1.92> <nCl=127> <DB=-1680.0018> <Mlp=-1679.3189> <PB=-1669> 
<DWph=2> <it= 20> <et=3859.45> <Mt=53.30> <Spt= 1.97> <nCl= 97> <DB=-1680.0037> <Mlp=-1679.6709> <PB=-1669> 
<DWph=2> <it= 30> <et=3896.13> <Mt=34.43> <Spt= 1.86> <nCl= 93> <DB=-1680.0030> <Mlp=-1679.8362> <PB=-1669> 
<DWph=2> <it= 39> <et=3922.15> <Mt=25.32> <Spt= 0.56> <nCl= 30> <DB=-1680.0036> <Mlp=-1680.0000> <PB=-1669> 
<DWph=1> <it= 44> <et=3923.36> <Mt= 1.19> <Spt= 0.00> <nCl=  0> <DB=-1680.0000> <Mlp=-1680.0000> <PB=-1669> 
<DWph=0> <it= 45> <et=3923.41> <Mt= 0.06> <Spt= 0.00> <nCl=  0> <DB=-1680.0000> <Mlp=-1680.0000> <PB=-1669> 
ColGenEvalAlg final dual bound: -1680 (rounded: -1680)
Gap improvement since the last cut separation : 5.8559e-10 (-1680)
----- Cut generation is stopped due to tailing off -----
SB exact phase 3 branch on y_7_2 (lhs=0.237106) : [-1676.25, -1680], tree depth = 26.64, tree size = 2.093e+08, score = -9.082
************************************************************************************************
**** BaB tree node (N° 3, parent N° 1, depth 1)
**** Local DB = -1680, global bounds : [ -1680 , -1669 ], TIME = 1h5m23s44t = 392344
**** 2 open nodes, 16175 columns (9808 active), 3289 dyn. constrs. (2132 active), 3606 art. vars. (2449 active)
************************************************************************************************
**** Strong branching phase 1 is started *****
SB phase 1 cand.  1 branch on t_4_1 (lhs=0.2326): [-1679.3326, -1663.9612], score = 7.34 (h)  <et=4119.19>
SB phase 1 cand.  2 branch on t_2_3 (lhs=0.0522): [-1679.9378, -1611.5723], score = 0.68      <et=4302.56>
SB phase 1 cand.  3 branch on y_6_3 (lhs=0.2184): [-1679.5695, -1638.5851], score = 4.74 (h)  <et=4486.97>
SB phase 1 cand.  5 branch on y_4_2 (lhs=0.2326): [-1679.3326, -1663.9612], score = 7.34 (h)  <et=4741.39>
SB phase 1 cand.  7 branch on y_7_3 (lhs=0.3339): [-1678.3882, -1640.2950], score = 17.73 (h)  <et=5122.48>
SB phase 1 cand.  9 branch on t_7_2 (lhs=0.3339): [-1678.3882, -1640.2950], score = 17.73 (h)  <et=5387.62>
SB phase 1 cand. 11 branch on y_8_2 (lhs=0.3221): [-1678.2277, -1645.9836], score = 19.49 (h)  <et=5752.72>
SB phase 1 cand. 12 branch on t_8_1 (lhs=0.3221): [-1678.2277, -1645.9836], score = 19.49 (h)  <et=5934.71>
**** Strong branching phase 2 is started *****
<DWph=1> <it=132> <et=11697.18> <Mt=243.81> <Spt=37.40> <nCl=1108> <DB=-1676.2500> <Mlp=-1676.2500> <PB=-1669> 
<DWph=1> <it= 63> <et=11934.51> <Mt=217.32> <Spt=14.84> <nCl=483> <DB=-1683.5950> <Mlp=-1680.0000> <PB=-1669> 
SB phase 2 cand.  1 branch on t_8_1 (lhs=0.3221): [-1680.0000, -1676.2500], score = 0.00 (h)  <et=11934.5>
<DWph=1> <it= 39> <et=12035.05> <Mt=91.31> <Spt= 6.26> <nCl=439> <DB=-1672.5000> <Mlp=-1672.5000> <PB=-1669> 
<DWph=1> <it= 78> <et=12206.75> <Mt=149.14> <Spt=15.52> <nCl=521> <DB=-1681.1620> <Mlp=-1680.0000> <PB=-1669> 
SB phase 2 cand.  2 branch on t_7_2 (lhs=0.3339): [-1680.0000, -1672.5000], score = 0.00 (h)  <et=12206.8>
<DWph=1> <it=171> <et=12590.09> <Mt=290.12> <Spt=72.58> <nCl=1447> <DB=-1676.8173> <Mlp=-1676.6429> <PB=-1669> 
<DWph=1> <it= 52> <et=12709.63> <Mt=101.69> <Spt=11.08> <nCl=281> <DB=-1684.9734> <Mlp=-1680.0000> <PB=-1669> 
SB phase 2 cand.  3 branch on t_3_1 (lhs=0.2606): [-1680.0000, -1676.6429], score = 0.00 (h)  <et=12709.7>
**** Strong branching phase 3 is started *****
**** SB phase 3 evaluation of candidate 1, branch 1 ( t_7_2 >= 1 ), value = -1672.5
<DWph=2> <it=  1> <et=12710.52> <Mt= 0.03> <Spt= 0.10> <nCl=  0> <DB=-1672.5000> <Mlp=-1672.5000> <PB=-1669> 
<DWph=1> <it=  2> <et=12710.76> <Mt= 0.04> <Spt= 0.19> <nCl=  0> <DB=-1672.5000> <Mlp=-1672.5000> <PB=-1669> 
<DWph=0> <it=  3> <et=12712.43> <Mt= 0.04> <Spt= 1.64> <nCl=  0> <DB=-1672.5000> <Mlp=-1672.5000> <PB=-1669> 
Reduced cost fixing for graph G_4... took 0.12 sec., 8491 buck. arcs remain (13.3% from prev., 4.02% from max.)
Reduced cost fixing for graph G_3... took 0.11 sec., 8442 buck. arcs remain (11.9% from prev., 3.96% from max.)
Reduced cost fixing for graph G_2... took 0.1 sec., 8811 buck. arcs remain (12.4% from prev., 4.13% from max.)
Reduced cost fixing for graph G_1... took 0.08 sec., 3822 buck. arcs remain (5.32% from prev., 1.79% from max.)
ColGenEvalAlg final dual bound: -1672.5 (rounded: -1672)
----- Add fac. cuts : R1C(151), max.viol = 0.117617, aver.viol = 0.0443044, sep/add took 0.01/0.53 sec. -----
28908 columns (8392 active), 3442 dyn. constrs. (330 active), 3763 art. vars. (647 active)
<DWph=2> <it=  4> <et=12718.01> <Mt= 4.00> <Spt= 0.19> <nCl= 34> <DB=-1672.5000> <Mlp=-1672.5000> <PB=-1669> 
<DWph=1> <it=  5> <et=12718.08> <Mt= 0.01> <Spt= 0.06> <nCl=  0> <DB=-1672.5000> <Mlp=-1672.5000> <PB=-1669> 
<DWph=0> <it=  6> <et=12718.10> <Mt= 0.02> <Spt= 0.00> <nCl=  0> <DB=-1672.5000> <Mlp=-1672.5000> <PB=-1669> 
ColGenEvalAlg final dual bound: -1672.5 (rounded: -1672)
Gap improvement since the last cut separation : 7.47083e-12 (-1672.5)
----- Add fac. cuts : R1C(232), max.viol = 0.149354, aver.viol = 0.059561, sep/add took 0.14/0.8 sec. -----
29002 columns (8486 active), 3674 dyn. constrs. (562 active), 3995 art. vars. (879 active)
<DWph=2> <it=  7> <et=12728.34> <Mt= 8.53> <Spt= 0.37> <nCl= 65> <DB=-1672.5000> <Mlp=-1672.5000> <PB=-1669> 
<DWph=1> <it=  8> <et=12728.43> <Mt= 0.02> <Spt= 0.06> <nCl=  0> <DB=-1672.5000> <Mlp=-1672.5000> <PB=-1669> 
<DWph=0> <it=  9> <et=12728.45> <Mt= 0.01> <Spt= 0.00> <nCl=  0> <DB=-1672.5000> <Mlp=-1672.5000> <PB=-1669> 
ColGenEvalAlg final dual bound: -1672.5 (rounded: -1672)
Gap improvement since the last cut separation : 2.3257e-11 (-1672.5)
----- Add fac. cuts : R1C(348), max.viol = 0.136916, aver.viol = 0.057558, sep/add took 1.07/1.21 sec. -----
29153 columns (8637 active), 4022 dyn. constrs. (910 active), 4343 art. vars. (1227 active)
<DWph=2> <it= 10> <et=12753.24> <Mt=21.27> <Spt= 0.61> <nCl= 99> <DB=-1673.3694> <Mlp=-1672.2818> <PB=-1669> 
<DWph=2> <it= 14> <et=12756.39> <Mt= 2.66> <Spt= 0.29> <nCl= 28> <DB=-1672.5000> <Mlp=-1672.5000> <PB=-1669> 
<DWph=1> <it= 15> <et=12756.51> <Mt= 0.03> <Spt= 0.10> <nCl=  0> <DB=-1672.5000> <Mlp=-1672.5000> <PB=-1669> 
<DWph=0> <it= 16> <et=12756.54> <Mt= 0.02> <Spt= 0.00> <nCl=  0> <DB=-1672.5000> <Mlp=-1672.5000> <PB=-1669> 
ColGenEvalAlg final dual bound: -1672.5 (rounded: -1672)
Gap improvement since the last cut separation : -1.76701e-11 (-1672.5)
----- Add fac. cuts : R1C(323), max.viol = 0.147993, aver.viol = 0.0625931, sep/add took 1.18/1.27 sec. -----
29470 columns (8954 active), 4345 dyn. constrs. (1233 active), 4666 art. vars. (1550 active)
<DWph=2> <it= 10> <et=12804.58> <Mt=44.20> <Spt= 0.78> <nCl= 82> <DB=-1672.5000> <Mlp=-1672.5000> <PB=-1669> 
<DWph=1> <it= 11> <et=12804.74> <Mt= 0.03> <Spt= 0.10> <nCl=  0> <DB=-1672.5000> <Mlp=-1672.5000> <PB=-1669> 
<DWph=0> <it= 12> <et=12804.77> <Mt= 0.03> <Spt= 0.00> <nCl=  0> <DB=-1672.5000> <Mlp=-1672.5000> <PB=-1669> 
ColGenEvalAlg final dual bound: -1672.5 (rounded: -1672)
Gap improvement since the last cut separation : 4.02775e-11 (-1672.5)
----- Add fac. cuts : R1C(221), max.viol = 0.152121, aver.viol = 0.0605734, sep/add took 1.42/0.93 sec. -----
29701 columns (9185 active), 4566 dyn. constrs. (1454 active), 4887 art. vars. (1771 active)
<DWph=2> <it= 10> <et=12859.10> <Mt=50.49> <Spt= 0.82> <nCl= 92> <DB=-1673.0364> <Mlp=-1672.4983> <PB=-1669> 
<DWph=2> <it= 11> <et=12859.41> <Mt= 0.14> <Spt= 0.15> <nCl=  0> <DB=-1672.5000> <Mlp=-1672.5000> <PB=-1669> 
<DWph=1> <it= 12> <et=12859.59> <Mt= 0.04> <Spt= 0.11> <nCl=  0> <DB=-1672.5000> <Mlp=-1672.5000> <PB=-1669> 
<DWph=0> <it= 13> <et=12859.64> <Mt= 0.05> <Spt= 0.00> <nCl=  0> <DB=-1672.5000> <Mlp=-1672.5000> <PB=-1669> 
ColGenEvalAlg final dual bound: -1672.5 (rounded: -1672)
Gap improvement since the last cut separation : -4.28111e-11 (-1672.5)
----- Cut generation is stopped due to tailing off -----
**** SB phase 3 evaluation of candidate 1, branch 2 ( t_7_2 <= 0 ), value = -1680
<DWph=2> <it=  1> <et=12966.94> <Mt=103.95> <Spt= 0.00> <nCl=  0> <DB=-1680.0000> <Mlp=-1680.0000> <PB=-1669> 
<DWph=1> <it=  2> <et=12966.96> <Mt= 0.01> <Spt= 0.00> <nCl=  0> <DB=-1680.0000> <Mlp=-1680.0000> <PB=-1669> 
<DWph=0> <it=  3> <et=12967.00> <Mt= 0.04> <Spt= 0.00> <nCl=  0> <DB=-1680.0000> <Mlp=-1680.0000> <PB=-1669> 
ColGenEvalAlg final dual bound: -1680 (rounded: -1680)
----- Add fac. cuts : R1C(191), max.viol = 0.177385, aver.viol = 0.0588211, sep/add took 1.42/0.71 sec. -----
20922 columns (8203 active), 4757 dyn. constrs. (2324 active), 5074 art. vars. (2641 active)
<DWph=2> <it= 10> <et=13124.86> <Mt=151.62> <Spt= 3.09> <nCl= 35> <DB=-1680.4670> <Mlp=-1679.6943> <PB=-1669> 
<DWph=2> <it= 12> <et=13134.35> <Mt= 9.06> <Spt= 0.32> <nCl=  5> <DB=-1680.3573> <Mlp=-1679.7328> <PB=-1669> 
<DWph=1> <it= 17> <et=13193.16> <Mt=54.39> <Spt= 3.98> <nCl= 64> <DB=-1682.6254> <Mlp=-1680.0000> <PB=-1669> 
<DWph=0> <it= 18> <et=13193.22> <Mt= 0.05> <Spt= 0.00> <nCl=  0> <DB=-1680.0000> <Mlp=-1680.0000> <PB=-1669> 
ColGenEvalAlg final dual bound: -1680 (rounded: -1680)
Gap improvement since the last cut separation : 2.0815e-11 (-1680)
----- Add fac. cuts : R1C(146), max.viol = 0.116262, aver.viol = 0.0547632, sep/add took 1.39/0.61 sec. -----
21218 columns (8499 active), 4903 dyn. constrs. (2470 active), 5220 art. vars. (2787 active)
<DWph=2> <it=  3> <et=13401.62> <Mt=205.24> <Spt= 0.89> <nCl=  4> <DB=-1679.8858> <Mlp=-1679.6794> <PB=-1669> 
ColGenEvalAlg final dual bound: -1680 (rounded: -1680)
----- Column generation is interrupted by the pricing solver, we do rollback to the point before the latest cut generation round
SB exact phase 3 branch on t_7_2 (lhs=0.333926) : [-1672.5, -1680], tree depth = 14.59, tree size = 4.943e+04, score = -4.975 (h)
************************************************************************************************
**** BaB tree node (N° 5, parent N° 3, depth 2)
**** Local DB = -1680, global bounds : [ -1680 , -1669 ], TIME = 3h43m21s64t = 1340164
**** 3 open nodes, 21247 columns (8528 active), 4903 dyn. constrs. (2470 active), 5220 art. vars. (2787 active)
************************************************************************************************
**** Strong branching phase 1 is started *****
SB phase 1 cand.  1 branch on t_8_1 (lhs=0.3826): [-1678.9652, -1648.8382], score = 11.38 (h)  <et=13692>
SB phase 1 cand.  2 branch on t_4_1 (lhs=0.2113): [-1679.4533, -1666.4447], score = 6.01 (h)  <et=14002.4>
SB phase 1 cand.  3 branch on t_3_1 (lhs=0.1448): [-1679.8469, -1648.0855], score = 1.68 (h)  <et=14276.5>
SB phase 1 cand.  4 branch on y_6_3 (lhs=0.1538): [-1679.8339, -1648.2769], score = 1.83 (h)  <et=14585.6>
SB phase 1 cand.  5 branch on y_8_2 (lhs=0.3826): [-1678.9652, -1648.8382], score = 11.38 (h)  <et=14890.4>
SB phase 1 cand.  7 branch on t_7_3 (lhs=0.4188): [-1675.5167, -1657.1664], score = 49.32 (h)  <et=15485.8>
SB phase 1 cand.  8 branch on y_7_4 (lhs=0.4188): [-1675.5167, -1657.1664], score = 49.32 (h)  <et=15797.4>
SEARCH IS INTERRUPTED as the time limit is reached. 
SB phase 1 cand. 16 branch on y_3_2 (lhs=0.1448): [-1648.0855, 1000000000000.0000], score = 31914526013193.93 (h)  <et=18055.5>
**** Strong branching phase 2 is started *****
**** Strong branching phase 3 is started *****
************************************************************************************************
Search is finished, global bounds : [ -1680 , -1669 ], TIME = 5h0m55s54t = 1805554
************************************************************************************************
statistics_cols: instance & :Optimal & cutoff & :bcRecRootDb & :bcTimeRootEval & :bcCountNodeProc & :bcRecBestDb & :bcRecBestInc & :bcTimeMain \\
statistics: 66-125-6-4 & 0 & -1668.99999 & -1680.00 & 93.70 & 5 & -1680.00 & -- & 18055.54 \\
########################################################
Solution not found
########################################################
