Application parameters:
  batch  =>  nothing
  tikz  =>  "/TIKZ/66-130-6-4.tex"
  instance  =>  "/IN/66-130-6-4.ophs"
  out  =>  "/OUT/66-130-6-4.sol"
  nosolve  =>  false
  ub  =>  -1680
  complete  =>  false
  cfg  =>  "/BWTSP/src/../config/OPHS.cfg"
VRPSolver warning: Interval set for resource 1 on source node (when source != sink) is ignored (by definition is [0.0,0.0])
VRPSolver warning: Interval set for resource 1 on source node (when source != sink) is ignored (by definition is [0.0,0.0])
VRPSolver warning: Interval set for resource 1 on source node (when source != sink) is ignored (by definition is [0.0,0.0])
VRPSolver warning: Interval set for resource 1 on source node (when source != sink) is ignored (by definition is [0.0,0.0])
[41m solve [00m
~~~~~~~~~~~~~~~~~~~~~~~~~~~~~~~~~~~~~~~~~~~~~~~~~~~~~~~~~~~~~~~~~~~~~~~~~~~~~~
VRPSolver v0.4.1, 24/03/2021. Web: vrpsolver.math.u-bordeaux.fr
Corresponds to the solver by Pessoa, Sadykov, Uchoa and Vanderbeck (2020)
Paper: dx.doi.org/10.1007/s10107-020-01523-z
USE THIS CODE ONLY FOR ACADEMIC PURPOSES AT YOUR OWN RISK
~~~~~~~~~~~~~~~~~~~~~~~~~~~~~~~~~~~~~~~~~~~~~~~~~~~~~~~~~~~~~~~~~~~~~~~~~~~~~~
BaPCod v053, 24/03/2021, © Inria Bordeaux, France
~~~~~~~~~~~~~~~~~~~~~~~~~~~~~~~~~~~~~~~~~~~~~~~~~~~~~~~~~~~~~~~~~~~~~~~~~~~~~~
VRPSolver parameters:
GlobalTimeLimit = 18000
MaxNbOfBBtreeNodeTreated = 100000
treeSearchStrategy = 1
RCSPstopCutGenTimeThresholdInPricing = 10
RCSPhardTimeThresholdInPricing = 25
RCSPnumberOfBucketsPerVertex = 25
RCSPdynamicBucketSteps = 1
RCSPuseBidirectionalSearch = 2
RCSPapplyReducedCostFixing = 1
RCSPredCostFixingFalseGap = 0
RCSPmaxNumOfColsPerIteration = 30
RCSPmaxNumOfColsPerExactIteration = 150
RCSPheurLabelingStrategy = 0
StabilizationMinPhaseOfStage = 0
RCSPmaxNumOfLabelsInEnumeration = 0
RCSPmaxNumOfEnumeratedSolutions = 0
RCSPmaxNumOfEnumSolutionsForMIP = 10000
RCSPinitNGneighbourhoodSize = 8
RCSPmaxNGneighbourhoodSize = 8
RCSPrankOneCutsMaxNumPerRound = 100
RCSPrankOneCutsMaxNumRows = 5
RCSPrankOneCutsMemoryType = 0
CutTailingOffThreshold = 0.015
CutTailingOffCounterThreshold = 3
SafeDualBoundScaleFactor = -1
StrongBranchingPhaseOneCandidatesNumber = 100
StrongBranchingPhaseOneTreeSizeEstimRatio = 0.2
StrongBranchingPhaseTwoCandidatesNumber = 3
StrongBranchingPhaseTwoTreeSizeEstimRatio = 0.02
MaxTimeForRestrictedMasterIpHeur = -1
DivingHeurUseDepthLimit = 0
MaxLDSbreadth = 1
MaxLDSdepth = 10000
New model incumbent solution -1679, TIME = 0h0m0s2t = 2
Model is built TIME = 0h0m1s1t = 101
************************************************************************************************
**** BaB tree root node
**** Local DB = -1e+12, global bounds : [ -1e+12 , -1679 ], TIME = 0h0m1s1t = 101
**** 1 open nodes, 0 columns (0 active), 0 dyn. constrs. (0 active), 317 art. vars. (317 active)
************************************************************************************************
--------------------------------------------------------------------------
BaPCod info : first we run the root node with rank-1 cuts with node memory
--------------------------------------------------------------------------
<DWph=2> <it= 10> <et=1.23> <Mt= 0.01> <Spt= 0.19> <nCl=313> <DB=-24031.4752> <Mlp=-1582.7293> <PB=-1679> 
<DWph=2> <it= 20> <et=1.48> <Mt= 0.04> <Spt= 0.21> <nCl=311> <DB=-1746.1166> <Mlp=-1675.8943> <PB=-1679> 
<DWph=2> <it= 24> <et=1.59> <Mt= 0.02> <Spt= 0.09> <nCl= 96> <DB=-1680.0000> <Mlp=-1680.0000> <PB=-1679> 
<DWph=1> <it= 25> <et=1.61> <Mt= 0.00> <Spt= 0.02> <nCl=  0> <DB=-1680.0000> <Mlp=-1680.0000> <PB=-1679> 
<DWph=0> <it= 26> <et=1.67> <Mt= 0.00> <Spt= 0.05> <nCl=  0> <DB=-1680.0000> <Mlp=-1680.0000> <PB=-1679> 
Reduced cost fixing for graph G_4... took 0.06 sec., 65016 buck. arcs remain (86.7% from prev., 30.9% from max.)
Reduced cost fixing for graph G_3... took 0.06 sec., 70810 buck. arcs remain (89.2% from prev., 33.7% from max.)
Reduced cost fixing for graph G_2... took 0.06 sec., 70936 buck. arcs remain (89.2% from prev., 33.7% from max.)
Reduced cost fixing for graph G_1... took 0.06 sec., 69592 buck. arcs remain (88.5% from prev., 33.1% from max.)
ColGenEvalAlg final dual bound: -1680 (rounded: -1680)
----- Add fac. cuts : R1C(201), max.viol = 0.409287, aver.viol = 0.166808, sep/add took 0.28/0.05 sec. -----
1389 columns (1389 active), 201 dyn. constrs. (201 active), 518 art. vars. (518 active)
<DWph=2> <it= 10> <et=3.04> <Mt= 0.37> <Spt= 0.37> <nCl=320> <DB=-1709.5150> <Mlp=-1667.1985> <PB=-1679> 
<DWph=2> <it= 20> <et=3.68> <Mt= 0.27> <Spt= 0.35> <nCl=318> <DB=-1682.5751> <Mlp=-1679.7746> <PB=-1679> 
<DWph=2> <it= 21> <et=3.74> <Mt= 0.01> <Spt= 0.05> <nCl=  0> <DB=-1680.0000> <Mlp=-1680.0000> <PB=-1679> 
<DWph=1> <it= 22> <et=3.78> <Mt= 0.00> <Spt= 0.04> <nCl=  0> <DB=-1680.0000> <Mlp=-1680.0000> <PB=-1679> 
<DWph=0> <it= 23> <et=3.78> <Mt= 0.00> <Spt= 0.00> <nCl=  0> <DB=-1680.0000> <Mlp=-1680.0000> <PB=-1679> 
ColGenEvalAlg final dual bound: -1680 (rounded: -1680)
Gap improvement since the last cut separation : 0 (-1680)
----- Add fac. cuts : R1C(328), max.viol = 0.431022, aver.viol = 0.19857, sep/add took 0.57/0.15 sec. -----
2029 columns (2029 active), 529 dyn. constrs. (529 active), 846 art. vars. (846 active)
<DWph=2> <it= 10> <et=6.99> <Mt= 1.91> <Spt= 0.55> <nCl=318> <DB=-1687.0592> <Mlp=-1674.1685> <PB=-1679> 
<DWph=2> <it= 17> <et=8.10> <Mt= 0.72> <Spt= 0.36> <nCl=183> <DB=-1680.0000> <Mlp=-1680.0000> <PB=-1679> 
<DWph=1> <it= 18> <et=8.14> <Mt= 0.00> <Spt= 0.04> <nCl=  0> <DB=-1680.0000> <Mlp=-1680.0000> <PB=-1679> 
<DWph=0> <it= 19> <et=8.14> <Mt= 0.01> <Spt= 0.00> <nCl=  0> <DB=-1680.0000> <Mlp=-1680.0000> <PB=-1679> 
ColGenEvalAlg final dual bound: -1680 (rounded: -1680)
Gap improvement since the last cut separation : 0 (-1680)
----- Add fac. cuts : R1C(286), max.viol = 0.38085, aver.viol = 0.110338, sep/add took 0.68/0.19 sec. -----
2541 columns (2541 active), 815 dyn. constrs. (815 active), 1132 art. vars. (1132 active)
<DWph=2> <it= 10> <et=14.44> <Mt= 4.66> <Spt= 0.72> <nCl=286> <DB=-1683.9250> <Mlp=-1676.2783> <PB=-1679> 
<DWph=2> <it= 18> <et=16.49> <Mt= 1.48> <Spt= 0.53> <nCl=201> <DB=-1680.0000> <Mlp=-1680.0000> <PB=-1679> 
<DWph=1> <it= 19> <et=16.53> <Mt= 0.00> <Spt= 0.04> <nCl=  0> <DB=-1680.0000> <Mlp=-1680.0000> <PB=-1679> 
ColGenEvalAlg final dual bound: -1680 (rounded: -1680)
Gap improvement since the last cut separation : 0 (-1680)
----- Cut generation is stopped due to tailing off -----
----------- Diving heuristic started -----------
<DWph=2> <it=  1> <et=16.55> <Mt= 0.01> <Spt= 0.00> <nCl=  0> <DB=-1680.0000> <Mlp=-1680.0000> <PB=-1679> 
<DWph=1> <it=  2> <et=16.56> <Mt= 0.00> <Spt= 0.00> <nCl=  0> <DB=-1680.0000> <Mlp=-1680.0000> <PB=-1679> 
---- Diving heuristic node with dive number = 0, fix depth = 1 and tabu list size = 0
Fixed projected solution = [t_1_7_1_1_OspV=1, x_1_1_36_1_OspV=1, x_1_7_25_1_OspV=1, x_1_9_10_1_OspV=1, x_1_9_17_1_OspV=1, x_1_10_11_1_OspV=1, x_1_11_19_1_OspV=1, x_1_13_14_1_OspV=1, x_1_13_21_1_OspV=1, x_1_14_15_1_OspV=1, x_1_15_23_1_OspV=1, x_1_17_25_1_OspV=1, x_1_19_20_1_OspV=1, x_1_20_21_1_OspV=1, x_1_22_23_1_OspV=1, x_1_22_30_1_OspV=1, x_1_28_29_1_OspV=1, x_1_28_36_1_OspV=1, x_1_29_30_1_OspV=1, y_1_1_1_1_OspV=1]
<DWph=2> <it= 10> <et=18.72> <Mt= 1.81> <Spt= 0.30> <nCl=240> <DB=-1948.3490> <Mlp=-1191.2500> <PB=-1679> 
<DWph=2> <it= 20> <et=19.78> <Mt= 0.72> <Spt= 0.32> <nCl=240> <DB=-1713.0788> <Mlp=-1463.5922> <PB=-1679> 
<DWph=2> <it= 30> <et=20.78> <Mt= 0.61> <Spt= 0.35> <nCl=177> <DB=-1687.4914> <Mlp=-1591.8832> <PB=-1679> 
<DWph=2> <it= 40> <et=21.81> <Mt= 0.61> <Spt= 0.38> <nCl=170> <DB=-1680.9433> <Mlp=-1623.9883> <PB=-1679> 
<DWph=2> <it= 50> <et=23.07> <Mt= 0.84> <Spt= 0.39> <nCl=169> <DB=-1680.1423> <Mlp=-1646.2670> <PB=-1679> 
<DWph=2> <it= 60> <et=24.48> <Mt= 0.97> <Spt= 0.38> <nCl=168> <DB=-1680.0729> <Mlp=-1655.7027> <PB=-1679> 
<DWph=2> <it= 70> <et=26.17> <Mt= 1.25> <Spt= 0.39> <nCl=157> <DB=-1680.0537> <Mlp=-1663.8969> <PB=-1679> 
<DWph=2> <it= 80> <et=27.87> <Mt= 1.26> <Spt= 0.39> <nCl=155> <DB=-1680.0483> <Mlp=-1669.2002> <PB=-1679> 
<DWph=2> <it= 90> <et=29.16> <Mt= 0.84> <Spt= 0.39> <nCl=139> <DB=-1680.0179> <Mlp=-1672.2030> <PB=-1679> 
<DWph=2> <it=100> <et=30.54> <Mt= 0.91> <Spt= 0.40> <nCl=134> <DB=-1680.0080> <Mlp=-1673.4412> <PB=-1679> 
<DWph=2> <it=110> <et=31.74> <Mt= 0.75> <Spt= 0.38> <nCl=123> <DB=-1680.0018> <Mlp=-1674.2905> <PB=-1679> 
<DWph=2> <it=120> <et=33.20> <Mt= 0.99> <Spt= 0.40> <nCl=110> <DB=-1680.0074> <Mlp=-1674.9118> <PB=-1679> 
<DWph=2> <it=130> <et=35.56> <Mt= 1.87> <Spt= 0.41> <nCl=124> <DB=-1680.0042> <Mlp=-1675.7923> <PB=-1679> 
<DWph=2> <it=140> <et=37.46> <Mt= 1.43> <Spt= 0.39> <nCl= 99> <DB=-1680.0053> <Mlp=-1676.2525> <PB=-1679> 
<DWph=2> <it=150> <et=39.77> <Mt= 1.83> <Spt= 0.39> <nCl= 75> <DB=-1680.2016> <Mlp=-1676.5884> <PB=-1679> 
<DWph=2> <it=160> <et=41.35> <Mt= 1.07> <Spt= 0.41> <nCl= 70> <DB=-1680.0635> <Mlp=-1676.8049> <PB=-1679> 
<DWph=2> <it=170> <et=42.65> <Mt= 0.76> <Spt= 0.42> <nCl= 40> <DB=-1678.9829> <Mlp=-1676.9812> <PB=-1679> 
<DWph=2> <it=180> <et=43.73> <Mt= 0.49> <Spt= 0.46> <nCl= 24> <DB=-1677.6709> <Mlp=-1677.0418> <PB=-1679> 
<DWph=2> <it=182> <et=43.93> <Mt= 0.03> <Spt= 0.15> <nCl=  1> <DB=-1677.0418> <Mlp=-1677.0418> <PB=-1679> 
<DWph=1> <it=190> <et=48.23> <Mt= 3.41> <Spt= 0.81> <nCl= 90> <DB=-1681.8429> <Mlp=-1677.5784> <PB=-1679> 
<DWph=1> <it=200> <et=50.18> <Mt= 0.74> <Spt= 1.08> <nCl= 65> <DB=-1679.1586> <Mlp=-1677.7451> <PB=-1679> 
<DWph=1> <it=210> <et=52.74> <Mt= 1.32> <Spt= 1.10> <nCl= 41> <DB=-1682.5851> <Mlp=-1678.0603> <PB=-1679> 
<DWph=1> <it=220> <et=56.33> <Mt= 2.32> <Spt= 1.12> <nCl= 37> <DB=-1679.6411> <Mlp=-1678.5311> <PB=-1679> 
<DWph=1> <it=230> <et=58.31> <Mt= 0.73> <Spt= 1.11> <nCl= 30> <DB=-1679.6063> <Mlp=-1678.6897> <PB=-1679> 
<DWph=1> <it=240> <et=60.24> <Mt= 0.41> <Spt= 1.34> <nCl= 29> <DB=-1680.4075> <Mlp=-1678.7371> <PB=-1679> 
<DWph=1> <it=250> <et=62.03> <Mt= 0.35> <Spt= 1.28> <nCl= 28> <DB=-1680.4172> <Mlp=-1678.7539> <PB=-1679> 
<DWph=1> <it=260> <et=63.84> <Mt= 0.26> <Spt= 1.39> <nCl= 16> <DB=-1678.8083> <Mlp=-1678.7666> <PB=-1679> 
<DWph=1> <it=268> <et=65.21> <Mt= 0.21> <Spt= 1.06> <nCl= 14> <DB=-1678.7726> <Mlp=-1678.7726> <PB=-1679> 
---- Diving heuristic node with dive number = 1, fix depth = 1 and tabu list size = 1
Fixed projected solution = [t_1_5_1_1_OspV=1, x_1_1_36_1_OspV=1, x_1_5_52_1_OspV=1, x_1_35_36_1_OspV=1, x_1_35_43_1_OspV=1, x_1_43_51_1_OspV=1, x_1_49_50_1_OspV=1, x_1_49_57_1_OspV=1, x_1_50_58_1_OspV=1, x_1_51_59_1_OspV=1, x_1_52_60_1_OspV=1, x_1_57_65_1_OspV=1, x_1_58_59_1_OspV=1, x_1_60_61_1_OspV=1, x_1_61_69_1_OspV=1, x_1_65_66_1_OspV=1, x_1_66_67_1_OspV=1, x_1_67_68_1_OspV=1, x_1_68_69_1_OspV=1, y_1_1_1_1_OspV=1]
<DWph=2> <it= 10> <et=66.88> <Mt= 1.01> <Spt= 0.40> <nCl=233> <DB=-1789.1776> <Mlp=-1451.0162> <PB=-1679> 
<DWph=2> <it= 20> <et=67.56> <Mt= 0.20> <Spt= 0.40> <nCl=230> <DB=-1701.8674> <Mlp=-1556.2947> <PB=-1679> 
<DWph=2> <it= 30> <et=68.26> <Mt= 0.24> <Spt= 0.39> <nCl=233> <DB=-1683.7335> <Mlp=-1599.0008> <PB=-1679> 
<DWph=2> <it= 40> <et=69.17> <Mt= 0.42> <Spt= 0.40> <nCl=235> <DB=-1680.9621> <Mlp=-1627.5544> <PB=-1679> 
<DWph=2> <it= 50> <et=70.48> <Mt= 0.79> <Spt= 0.43> <nCl=236> <DB=-1680.1267> <Mlp=-1651.7689> <PB=-1679> 
<DWph=2> <it= 60> <et=71.99> <Mt= 0.97> <Spt= 0.43> <nCl=229> <DB=-1680.0636> <Mlp=-1661.3717> <PB=-1679> 
<DWph=2> <it= 70> <et=73.95> <Mt= 1.43> <Spt= 0.43> <nCl=200> <DB=-1680.0840> <Mlp=-1668.5598> <PB=-1679> 
<DWph=2> <it= 80> <et=75.13> <Mt= 0.65> <Spt= 0.43> <nCl=207> <DB=-1680.0424> <Mlp=-1671.0050> <PB=-1679> 
<DWph=2> <it= 90> <et=77.28> <Mt= 1.58> <Spt= 0.45> <nCl=185> <DB=-1680.0230> <Mlp=-1673.7832> <PB=-1679> 
<DWph=2> <it=100> <et=78.70> <Mt= 0.83> <Spt= 0.46> <nCl=178> <DB=-1680.0217> <Mlp=-1674.7581> <PB=-1679> 
<DWph=2> <it=110> <et=80.97> <Mt= 1.68> <Spt= 0.46> <nCl=190> <DB=-1680.0224> <Mlp=-1676.5027> <PB=-1679> 
<DWph=2> <it=120> <et=83.29> <Mt= 1.74> <Spt= 0.46> <nCl=199> <DB=-1680.0192> <Mlp=-1677.8190> <PB=-1679> 
<DWph=2> <it=130> <et=85.62> <Mt= 1.74> <Spt= 0.46> <nCl=181> <DB=-1680.0184> <Mlp=-1678.4408> <PB=-1679> 
<DWph=2> <it=140> <et=88.43> <Mt= 2.21> <Spt= 0.47> <nCl=179> <DB=-1680.0229> <Mlp=-1679.0865> <PB=-1679> 
<DWph=2> <it=150> <et=91.97> <Mt= 2.93> <Spt= 0.47> <nCl=184> <DB=-1680.0170> <Mlp=-1679.7502> <PB=-1679> 
<DWph=2> <it=160> <et=94.11> <Mt= 1.52> <Spt= 0.47> <nCl=166> <DB=-1680.0129> <Mlp=-1679.9934> <PB=-1679> 
<DWph=2> <it=161> <et=94.13> <Mt= 0.02> <Spt= 0.00> <nCl=  0> <DB=-1680.0129> <Mlp=-1680.0000> <PB=-1679> 
<DWph=1> <it=162> <et=94.14> <Mt= 0.01> <Spt= 0.00> <nCl=  0> <DB=-1680.0000> <Mlp=-1680.0000> <PB=-1679> 
---- Diving heuristic node with dive number = 1, fix depth = 2 and tabu list size = 1
Fixed projected solution = [t_4_2_4_4_OspV=1, x_4_2_44_4_OspV=1, x_4_6_16_4_OspV=1, x_4_9_10_4_OspV=1, x_4_9_17_4_OspV=1, x_4_10_11_4_OspV=1, x_4_11_12_4_OspV=1, x_4_12_13_4_OspV=1, x_4_13_14_4_OspV=1, x_4_14_15_4_OspV=1, x_4_15_16_4_OspV=1, x_4_17_25_4_OspV=1, x_4_25_33_4_OspV=1, x_4_33_41_4_OspV=1, x_4_41_42_4_OspV=1, x_4_42_44_4_OspV=1, y_4_6_4_4_OspV=1]
<DWph=2> <it= 10> <et=97.21> <Mt= 2.68> <Spt= 0.25> <nCl=160> <DB=-1680.8843> <Mlp=-1541.8784> <PB=-1679> 
<DWph=2> <it= 20> <et=97.74> <Mt= 0.18> <Spt= 0.25> <nCl=155> <DB=-1680.4635> <Mlp=-1541.8784> <PB=-1679> 
<DWph=2> <it= 30> <et=98.26> <Mt= 0.17> <Spt= 0.25> <nCl=158> <DB=-1680.3857> <Mlp=-1541.8784> <PB=-1679> 
<DWph=2> <it= 40> <et=98.80> <Mt= 0.18> <Spt= 0.24> <nCl=153> <DB=-1680.4419> <Mlp=-1541.8784> <PB=-1679> 
<DWph=2> <it= 50> <et=99.32> <Mt= 0.15> <Spt= 0.25> <nCl=149> <DB=-1680.5191> <Mlp=-1541.8784> <PB=-1679> 
<DWph=2> <it= 60> <et=99.94> <Mt= 0.26> <Spt= 0.25> <nCl=148> <DB=-1680.3299> <Mlp=-1557.2972> <PB=-1679> 
<DWph=2> <it= 70> <et=100.44> <Mt= 0.16> <Spt= 0.24> <nCl=156> <DB=-1680.2410> <Mlp=-1557.2972> <PB=-1679> 
<DWph=2> <it= 80> <et=101.16> <Mt= 0.36> <Spt= 0.25> <nCl=158> <DB=-1680.3483> <Mlp=-1577.0920> <PB=-1679> 
<DWph=2> <it= 90> <et=101.89> <Mt= 0.36> <Spt= 0.25> <nCl=160> <DB=-1680.3139> <Mlp=-1604.0761> <PB=-1679> 
<DWph=2> <it=100> <et=103.66> <Mt= 1.40> <Spt= 0.24> <nCl=155> <DB=-1680.3113> <Mlp=-1619.7946> <PB=-1679> 
<DWph=2> <it=110> <et=104.78> <Mt= 0.74> <Spt= 0.26> <nCl=158> <DB=-1680.1451> <Mlp=-1621.6864> <PB=-1679> 
<DWph=2> <it=120> <et=105.88> <Mt= 0.73> <Spt= 0.25> <nCl=155> <DB=-1680.0568> <Mlp=-1625.2835> <PB=-1679> 
<DWph=2> <it=130> <et=106.91> <Mt= 0.65> <Spt= 0.25> <nCl=160> <DB=-1680.1183> <Mlp=-1626.8424> <PB=-1679> 
<DWph=2> <it=140> <et=108.28> <Mt= 0.96> <Spt= 0.27> <nCl=159> <DB=-1680.0475> <Mlp=-1629.8890> <PB=-1679> 
<DWph=2> <it=150> <et=110.37> <Mt= 1.68> <Spt= 0.28> <nCl=157> <DB=-1680.0601> <Mlp=-1635.3177> <PB=-1679> 
<DWph=2> <it=160> <et=112.50> <Mt= 1.72> <Spt= 0.27> <nCl=147> <DB=-1680.0268> <Mlp=-1642.6913> <PB=-1679> 
<DWph=2> <it=170> <et=113.47> <Mt= 0.55> <Spt= 0.27> <nCl=153> <DB=-1680.0995> <Mlp=-1645.1749> <PB=-1679> 
<DWph=2> <it=180> <et=114.81> <Mt= 0.92> <Spt= 0.28> <nCl=152> <DB=-1680.0723> <Mlp=-1646.5830> <PB=-1679> 
<DWph=2> <it=190> <et=116.33> <Mt= 1.09> <Spt= 0.28> <nCl=152> <DB=-1680.0333> <Mlp=-1648.0230> <PB=-1679> 
<DWph=2> <it=200> <et=117.61> <Mt= 0.84> <Spt= 0.28> <nCl=158> <DB=-1680.0264> <Mlp=-1649.4646> <PB=-1679> 
<DWph=2> <it=210> <et=118.60> <Mt= 0.56> <Spt= 0.27> <nCl=152> <DB=-1680.0233> <Mlp=-1650.2936> <PB=-1679> 
<DWph=2> <it=220> <et=119.56> <Mt= 0.53> <Spt= 0.28> <nCl=150> <DB=-1680.0107> <Mlp=-1651.0915> <PB=-1679> 
<DWph=2> <it=230> <et=120.99> <Mt= 0.98> <Spt= 0.29> <nCl=141> <DB=-1680.0445> <Mlp=-1652.5439> <PB=-1679> 
<DWph=2> <it=240> <et=122.12> <Mt= 0.69> <Spt= 0.27> <nCl=151> <DB=-1680.0481> <Mlp=-1653.2938> <PB=-1679> 
<DWph=2> <it=250> <et=123.08> <Mt= 0.53> <Spt= 0.28> <nCl=153> <DB=-1680.0582> <Mlp=-1654.0427> <PB=-1679> 
<DWph=2> <it=260> <et=124.07> <Mt= 0.55> <Spt= 0.28> <nCl=131> <DB=-1680.0174> <Mlp=-1654.9090> <PB=-1679> 
<DWph=2> <it=270> <et=125.39> <Mt= 0.86> <Spt= 0.28> <nCl=132> <DB=-1680.0195> <Mlp=-1656.1597> <PB=-1679> 
<DWph=2> <it=280> <et=127.30> <Mt= 1.44> <Spt= 0.29> <nCl=141> <DB=-1680.0312> <Mlp=-1657.4910> <PB=-1679> 
<DWph=2> <it=290> <et=129.12> <Mt= 1.34> <Spt= 0.30> <nCl=135> <DB=-1680.0301> <Mlp=-1659.0982> <PB=-1679> 
<DWph=2> <it=300> <et=130.30> <Mt= 0.68> <Spt= 0.30> <nCl=134> <DB=-1683.3560> <Mlp=-1659.3442> <PB=-1679> 
<DWph=2> <it=310> <et=132.18> <Mt= 1.37> <Spt= 0.31> <nCl=122> <DB=-1680.1738> <Mlp=-1659.8858> <PB=-1679> 
<DWph=2> <it=320> <et=133.39> <Mt= 0.68> <Spt= 0.32> <nCl=135> <DB=-1680.1365> <Mlp=-1660.1261> <PB=-1679> 
<DWph=2> <it=330> <et=135.68> <Mt= 1.75> <Spt= 0.31> <nCl= 90> <DB=-1680.0484> <Mlp=-1660.9271> <PB=-1679> 
<DWph=2> <it=340> <et=140.01> <Mt= 3.74> <Spt= 0.34> <nCl=117> <DB=-1680.0979> <Mlp=-1664.2218> <PB=-1679> 
<DWph=2> <it=350> <et=142.58> <Mt= 1.96> <Spt= 0.35> <nCl=111> <DB=-1681.7540> <Mlp=-1664.9729> <PB=-1679> 
<DWph=2> <it=360> <et=145.41> <Mt= 2.20> <Spt= 0.36> <nCl= 91> <DB=-1680.3304> <Mlp=-1665.7682> <PB=-1679> 
<DWph=2> <it=370> <et=146.78> <Mt= 0.75> <Spt= 0.35> <nCl= 59> <DB=-1673.9834> <Mlp=-1665.9481> <PB=-1679> 
<DWph=2> <it=380> <et=149.06> <Mt= 1.64> <Spt= 0.35> <nCl= 60> <DB=-1675.5660> <Mlp=-1666.4499> <PB=-1679> 
<DWph=2> <it=390> <et=152.49> <Mt= 2.78> <Spt= 0.35> <nCl= 34> <DB=-1677.6891> <Mlp=-1667.2861> <PB=-1679> 
<DWph=2> <it=392> <et=155.62> <Mt= 3.06> <Spt= 0.04> <nCl=  3> <DB=-1680.3547> <Mlp=-1668.7342> <PB=-1679> 
<DWph=1> <it=400> <et=162.40> <Mt= 5.40> <Spt= 0.85> <nCl= 70> <DB=-1682.3559> <Mlp=-1670.5891> <PB=-1679> 
<DWph=1> <it=410> <et=168.97> <Mt= 5.31> <Spt= 1.08> <nCl= 81> <DB=-1681.1680> <Mlp=-1672.0667> <PB=-1679> 
<DWph=1> <it=420> <et=175.91> <Mt= 5.58> <Spt= 1.17> <nCl= 69> <DB=-1676.7854> <Mlp=-1672.9253> <PB=-1679> 
<DWph=1> <it=430> <et=182.12> <Mt= 4.86> <Spt= 1.15> <nCl= 44> <DB=-1674.2242> <Mlp=-1673.3333> <PB=-1679> 
<DWph=1> <it=440> <et=233.15> <Mt=49.54> <Spt= 1.30> <nCl= 67> <DB=-1675.4708> <Mlp=-1673.3333> <PB=-1679> 
<DWph=1> <it=450> <et=243.32> <Mt= 8.71> <Spt= 1.25> <nCl= 72> <DB=-1678.2328> <Mlp=-1673.3981> <PB=-1679> 
<DWph=1> <it=460> <et=246.70> <Mt= 1.83> <Spt= 1.31> <nCl= 54> <DB=-1678.2422> <Mlp=-1673.4238> <PB=-1679> 
<DWph=1> <it=470> <et=250.93> <Mt= 2.61> <Spt= 1.38> <nCl= 43> <DB=-1677.3500> <Mlp=-1673.4587> <PB=-1679> 
<DWph=1> <it=474> <et=252.65> <Mt= 0.99> <Spt= 0.63> <nCl= 29> <DB=-1673.1935> <Mlp=-1673.4667> <PB=-1679> 
**** Strong branching phase 1 is started *****
SB phase 1 cand.  1 branch on t_6_1 (lhs=0.2984): [-1676.8652, -1639.0957], score = 128.23      <et=258.18>
SB phase 1 cand.  2 branch on t_7_3 (lhs=0.2306): [-1677.8160, -1534.3743], score = 318.04      <et=263.66>
SB phase 1 cand.  3 branch on t_3_1 (lhs=0.2037): [-1679.2509, -1586.4549], score = 0.75      <et=269.57>
SB phase 1 cand.  4 branch on t_3_2 (lhs=0.1960): [-1678.1062, -1583.6188], score = 182.53      <et=275.47>
SB phase 1 cand.  7 branch on t_6_3 (lhs=0.1771): [-1678.0848, -1502.3490], score = 340.24      <et=292.03>
SB phase 1 cand. 10 branch on t_7_1 (lhs=0.1594): [-1677.6156, -1578.1006], score = 242.97      <et=308.31>
SB phase 1 cand. 26 branch on y_7_4 (lhs=0.2306): [-1677.8160, -1534.3743], score = 318.04      <et=390.18>
SB phase 1 cand. 31 branch on y_6_4 (lhs=0.1771): [-1678.0848, -1502.3490], score = 340.24      <et=417.36>
**** Strong branching phase 2 is started *****
<DWph=1> <it= 38> <et=512.91> <Mt= 8.64> <Spt= 2.35> <nCl=943> <DB=-1680.0000> <Mlp=-1680.0000> <PB=-1679> 
<DWph=1> <it=  5> <et=514.32> <Mt= 0.67> <Spt= 0.22> <nCl= 89> <DB=-1680.0000> <Mlp=-1680.0000> <PB=-1679> 
SB phase 2 cand.  1 branch on y_6_4 (lhs=0.1771): [-1680.0000, -1680.0000], score = 0.00      <et=514.34>
<DWph=1> <it= 35> <et=523.71> <Mt= 6.83> <Spt= 2.18> <nCl=858> <DB=-1680.0000> <Mlp=-1680.0000> <PB=-1679> 
<DWph=1> <it=  5> <et=524.80> <Mt= 0.69> <Spt= 0.23> <nCl= 84> <DB=-1680.0000> <Mlp=-1680.0000> <PB=-1679> 
SB phase 2 cand.  2 branch on y_7_4 (lhs=0.2306): [-1680.0000, -1680.0000], score = 0.00      <et=524.81>
<DWph=1> <it= 38> <et=534.27> <Mt= 6.52> <Spt= 2.47> <nCl=857> <DB=-1680.0000> <Mlp=-1680.0000> <PB=-1679> 
<DWph=1> <it=  5> <et=535.57> <Mt= 0.89> <Spt= 0.23> <nCl= 93> <DB=-1680.0000> <Mlp=-1680.0000> <PB=-1679> 
SB phase 2 cand.  3 branch on y_7_2 (lhs=0.1594): [-1680.0000, -1680.0000], score = 0.00      <et=535.59>
**** Strong branching phase 3 is started *****
**** SB phase 3 evaluation of candidate 1, branch 1 ( y_7_4 >= 1 ), value = -1680
<DWph=2> <it=  1> <et=535.79> <Mt= 0.01> <Spt= 0.00> <nCl=  0> <DB=-1680.0000> <Mlp=-1680.0000> <PB=-1679> 
<DWph=1> <it=  2> <et=535.80> <Mt= 0.00> <Spt= 0.00> <nCl=  0> <DB=-1680.0000> <Mlp=-1680.0000> <PB=-1679> 
<DWph=0> <it=  3> <et=535.80> <Mt= 0.01> <Spt= 0.00> <nCl=  0> <DB=-1680.0000> <Mlp=-1680.0000> <PB=-1679> 
ColGenEvalAlg final dual bound: -1680 (rounded: -1680)
----- Add fac. cuts : R1C(160), max.viol = 0.247484, aver.viol = 0.11016, sep/add took 0/0.21 sec. -----
6728 columns (4140 active), 981 dyn. constrs. (976 active), 1298 art. vars. (1293 active)
<DWph=2> <it= 10> <et=548.32> <Mt=11.25> <Spt= 0.90> <nCl=263> <DB=-1680.1195> <Mlp=-1675.9506> <PB=-1679> 
<DWph=2> <it= 20> <et=553.46> <Mt= 4.17> <Spt= 0.84> <nCl=241> <DB=-1680.0316> <Mlp=-1678.5311> <PB=-1679> 
<DWph=2> <it= 25> <et=556.29> <Mt= 2.45> <Spt= 0.34> <nCl= 95> <DB=-1680.0215> <Mlp=-1680.0000> <PB=-1679> 
<DWph=1> <it= 26> <et=556.30> <Mt= 0.00> <Spt= 0.00> <nCl=  0> <DB=-1680.0000> <Mlp=-1680.0000> <PB=-1679> 
<DWph=0> <it= 27> <et=556.31> <Mt= 0.01> <Spt= 0.00> <nCl=  0> <DB=-1680.0000> <Mlp=-1680.0000> <PB=-1679> 
ColGenEvalAlg final dual bound: -1680 (rounded: -1680)
Gap improvement since the last cut separation : 0 (-1680)
----- Add fac. cuts : R1C(256), max.viol = 0.218258, aver.viol = 0.0819787, sep/add took 0.13/0.43 sec. -----
7495 columns (4907 active), 1237 dyn. constrs. (1232 active), 1554 art. vars. (1549 active)
<DWph=2> <it= 10> <et=581.62> <Mt=23.47> <Spt= 1.11> <nCl=247> <DB=-1680.0269> <Mlp=-1676.3064> <PB=-1679> 
<DWph=2> <it= 20> <et=590.56> <Mt= 7.65> <Spt= 1.13> <nCl=207> <DB=-1680.0268> <Mlp=-1678.5308> <PB=-1679> 
<DWph=1> <it= 31> <et=600.03> <Mt= 8.29> <Spt= 1.03> <nCl=194> <DB=-1680.0000> <Mlp=-1680.0000> <PB=-1679> 
<DWph=0> <it= 32> <et=600.04> <Mt= 0.01> <Spt= 0.00> <nCl=  0> <DB=-1680.0000> <Mlp=-1680.0000> <PB=-1679> 
ColGenEvalAlg final dual bound: -1680 (rounded: -1680)
Gap improvement since the last cut separation : 0 (-1680)
----- Add fac. cuts : R1C(333), max.viol = 0.257368, aver.viol = 0.0896603, sep/add took 1.31/0.73 sec. -----
8415 columns (5827 active), 1570 dyn. constrs. (1565 active), 1887 art. vars. (1882 active)
<DWph=2> <it= 10> <et=654.00> <Mt=50.33> <Spt= 1.39> <nCl=229> <DB=-1680.0266> <Mlp=-1678.3878> <PB=-1679> 
<DWph=1> <it= 21> <et=672.02> <Mt=16.64> <Spt= 1.21> <nCl=190> <DB=-1680.0000> <Mlp=-1680.0000> <PB=-1679> 
<DWph=0> <it= 22> <et=672.03> <Mt= 0.02> <Spt= 0.00> <nCl=  0> <DB=-1680.0000> <Mlp=-1680.0000> <PB=-1679> 
ColGenEvalAlg final dual bound: -1680 (rounded: -1680)
Gap improvement since the last cut separation : 0 (-1680)
----- Add fac. cuts : R1C(305), max.viol = 0.187022, aver.viol = 0.0759045, sep/add took 1.47/0.78 sec. -----
9018 columns (6430 active), 1875 dyn. constrs. (1870 active), 2192 art. vars. (2187 active)
<DWph=2> <it= 10> <et=756.30> <Mt=80.14> <Spt= 1.65> <nCl=217> <DB=-1680.0198> <Mlp=-1677.9776> <PB=-1679> 
<DWph=2> <it= 20> <et=774.92> <Mt=16.73> <Spt= 1.68> <nCl=189> <DB=-1680.0185> <Mlp=-1679.0552> <PB=-1679> 
<DWph=2> <it= 26> <et=789.75> <Mt=13.90> <Spt= 0.81> <nCl=102> <DB=-1680.0239> <Mlp=-1680.0000> <PB=-1679> 
<DWph=1> <it= 27> <et=789.77> <Mt= 0.02> <Spt= 0.00> <nCl=  0> <DB=-1680.0000> <Mlp=-1680.0000> <PB=-1679> 
<DWph=0> <it= 28> <et=789.79> <Mt= 0.02> <Spt= 0.00> <nCl=  0> <DB=-1680.0000> <Mlp=-1680.0000> <PB=-1679> 
ColGenEvalAlg final dual bound: -1680 (rounded: -1680)
Gap improvement since the last cut separation : 0 (-1680)
----- Add fac. cuts : R1C(237), max.viol = 0.18619, aver.viol = 0.0619827, sep/add took 1.52/0.69 sec. -----
9802 columns (7214 active), 2112 dyn. constrs. (2107 active), 2429 art. vars. (2424 active)
<DWph=2> <it= 10> <et=907.79> <Mt=113.60> <Spt= 1.92> <nCl=188> <DB=-1680.0219> <Mlp=-1679.4287> <PB=-1679> 
<DWph=2> <it= 14> <et=924.72> <Mt=16.29> <Spt= 0.57> <nCl= 51> <DB=-1680.0206> <Mlp=-1680.0000> <PB=-1679> 
<DWph=1> <it= 15> <et=924.75> <Mt= 0.03> <Spt= 0.00> <nCl=  0> <DB=-1680.0000> <Mlp=-1680.0000> <PB=-1679> 
<DWph=0> <it= 16> <et=924.78> <Mt= 0.03> <Spt= 0.00> <nCl=  0> <DB=-1680.0000> <Mlp=-1680.0000> <PB=-1679> 
ColGenEvalAlg final dual bound: -1680 (rounded: -1680)
Gap improvement since the last cut separation : 4.47922e-11 (-1680)
----- Cut generation is stopped due to tailing off -----
**** SB phase 3 evaluation of candidate 1, branch 2 ( y_7_4 <= 0 ), value = -1680
<DWph=2> <it=  1> <et=925.10> <Mt= 0.01> <Spt= 0.00> <nCl=  0> <DB=-1680.0000> <Mlp=-1680.0000> <PB=-1679> 
<DWph=1> <it=  2> <et=925.10> <Mt= 0.00> <Spt= 0.00> <nCl=  0> <DB=-1680.0000> <Mlp=-1680.0000> <PB=-1679> 
<DWph=0> <it=  3> <et=925.11> <Mt= 0.00> <Spt= 0.00> <nCl=  0> <DB=-1680.0000> <Mlp=-1680.0000> <PB=-1679> 
ColGenEvalAlg final dual bound: -1680 (rounded: -1680)
----- Add fac. cuts : R1C(180), max.viol = 0.255107, aver.viol = 0.0878894, sep/add took 0.01/0.17 sec. -----
7711 columns (3181 active), 2288 dyn. constrs. (996 active), 2605 art. vars. (1313 active)
<DWph=2> <it= 10> <et=935.23> <Mt= 8.84> <Spt= 0.94> <nCl=280> <DB=-1682.7236> <Mlp=-1679.5568> <PB=-1679> 
<DWph=2> <it= 12> <et=935.98> <Mt= 0.64> <Spt= 0.10> <nCl= 31> <DB=-1682.1884> <Mlp=-1680.0000> <PB=-1679> 
<DWph=1> <it= 13> <et=935.98> <Mt= 0.00> <Spt= 0.00> <nCl=  0> <DB=-1680.0000> <Mlp=-1680.0000> <PB=-1679> 
<DWph=0> <it= 14> <et=935.98> <Mt= 0.01> <Spt= 0.00> <nCl=  0> <DB=-1680.0000> <Mlp=-1680.0000> <PB=-1679> 
ColGenEvalAlg final dual bound: -1680 (rounded: -1680)
Gap improvement since the last cut separation : 0 (-1680)
----- Add fac. cuts : R1C(350), max.viol = 0.315439, aver.viol = 0.0951201, sep/add took 1.09/0.4 sec. -----
8063 columns (3533 active), 2638 dyn. constrs. (1346 active), 2955 art. vars. (1663 active)
<DWph=2> <it= 10> <et=965.15> <Mt=26.22> <Spt= 1.26> <nCl=274> <DB=-1680.8851> <Mlp=-1678.9031> <PB=-1679> 
<DWph=2> <it= 13> <et=968.22> <Mt= 2.79> <Spt= 0.24> <nCl= 51> <DB=-1680.6489> <Mlp=-1680.0000> <PB=-1679> 
<DWph=1> <it= 14> <et=968.23> <Mt= 0.01> <Spt= 0.00> <nCl=  0> <DB=-1680.0000> <Mlp=-1680.0000> <PB=-1679> 
<DWph=0> <it= 15> <et=968.24> <Mt= 0.01> <Spt= 0.00> <nCl=  0> <DB=-1680.0000> <Mlp=-1680.0000> <PB=-1679> 
ColGenEvalAlg final dual bound: -1680 (rounded: -1680)
Gap improvement since the last cut separation : 0 (-1680)
----- Add fac. cuts : R1C(295), max.viol = 0.255658, aver.viol = 0.0876355, sep/add took 1.44/0.42 sec. -----
8447 columns (3917 active), 2933 dyn. constrs. (1641 active), 3250 art. vars. (1958 active)
<DWph=2> <it= 10> <et=1007.68> <Mt=35.95> <Spt= 1.44> <nCl=267> <DB=-1680.2182> <Mlp=-1678.8494> <PB=-1679> 
<DWph=2> <it= 15> <et=1019.44> <Mt=11.10> <Spt= 0.59> <nCl=107> <DB=-1680.0986> <Mlp=-1680.0000> <PB=-1679> 
<DWph=1> <it= 16> <et=1019.45> <Mt= 0.02> <Spt= 0.00> <nCl=  0> <DB=-1680.0000> <Mlp=-1680.0000> <PB=-1679> 
<DWph=0> <it= 17> <et=1019.46> <Mt= 0.01> <Spt= 0.00> <nCl=  0> <DB=-1680.0000> <Mlp=-1680.0000> <PB=-1679> 
ColGenEvalAlg final dual bound: -1680 (rounded: -1680)
Gap improvement since the last cut separation : -1.5916e-12 (-1680)
----- Add fac. cuts : R1C(267), max.viol = 0.1926, aver.viol = 0.0705208, sep/add took 1.58/0.43 sec. -----
8895 columns (4365 active), 3200 dyn. constrs. (1908 active), 3517 art. vars. (2225 active)
<DWph=2> <it=  9> <et=1084.61> <Mt=61.66> <Spt= 1.29> <nCl=203> <DB=-1680.0475> <Mlp=-1680.0000> <PB=-1679> 
<DWph=0> <it= 11> <et=1084.64> <Mt= 0.03> <Spt= 0.00> <nCl=  0> <DB=-1680.0000> <Mlp=-1680.0000> <PB=-1679> 
ColGenEvalAlg final dual bound: -1680 (rounded: -1680)
Gap improvement since the last cut separation : -1.84171e-11 (-1680)
----- Cut generation is stopped due to tailing off -----
SB exact phase 3 branch on y_7_4 (lhs=0.230606) : [-1680, -1680], tree depth = 1e+12, tree size = 1e+12, score = -1e+12
************************************************************************************************
**** BaB tree node (N° 2, parent N° 1, depth 1)
**** Local DB = -1680, global bounds : [ -1680 , -1679 ], TIME = 0h18m4s67t = 108467
**** 2 open nodes, 9151 columns (4621 active), 3200 dyn. constrs. (1908 active), 3517 art. vars. (2225 active)
************************************************************************************************
**** Strong branching phase 1 is started *****
SB phase 1 cand.  1 branch on t_3_2 (lhs=0.2177): [-1677.9838, -1587.8195], score = 185.85 (h)  <et=1195.92>
SB phase 1 cand.  2 branch on y_3_3 (lhs=0.2177): [-1677.9838, -1587.8195], score = 185.85 (h)  <et=1304.06>
SB phase 1 cand.  3 branch on t_5_2 (lhs=0.2488): [-1677.4862, -1620.2574], score = 150.18 (h)  <et=1404.36>
SB phase 1 cand.  4 branch on y_5_3 (lhs=0.2488): [-1677.4862, -1620.2574], score = 150.18 (h)  <et=1507.06>
SB phase 1 cand.  7 branch on t_4_2 (lhs=0.2965): [-1677.5054, -1499.2969], score = 450.79 (h)  <et=1846.26>
SB phase 1 cand.  8 branch on y_4_3 (lhs=0.2965): [-1677.5054, -1499.2969], score = 450.79 (h)  <et=1957.24>
SB phase 1 cand.  9 branch on t_6_1 (lhs=0.4028): [-1671.8555, -1647.7003], score = 263.07 (h)  <et=2063.86>
**** Strong branching phase 2 is started *****
<DWph=1> <it=148> <et=4318.73> <Mt=188.10> <Spt=21.65> <nCl=1456> <DB=-1680.0000> <Mlp=-1680.0000> <PB=-1679> 
<DWph=1> <it= 15> <et=4349.73> <Mt=27.54> <Spt= 2.31> <nCl=219> <DB=-1680.0000> <Mlp=-1680.0000> <PB=-1679> 
SB phase 2 cand.  1 branch on y_4_3 (lhs=0.2965): [-1680.0000, -1680.0000], score = 0.00 (h)  <et=4349.75>
<DWph=1> <it=113> <et=4576.61> <Mt=204.81> <Spt=17.20> <nCl=1383> <DB=-1680.0000> <Mlp=-1680.0000> <PB=-1679> 
<DWph=1> <it= 30> <et=4647.18> <Mt=64.01> <Spt= 4.51> <nCl=471> <DB=-1680.0000> <Mlp=-1680.0000> <PB=-1679> 
SB phase 2 cand.  2 branch on t_6_1 (lhs=0.4028): [-1680.0000, -1680.0000], score = 0.00 (h)  <et=4647.2>
<DWph=1> <it=184> <et=5021.18> <Mt=337.03> <Spt=26.41> <nCl=1973> <DB=-1680.0000> <Mlp=-1680.0000> <PB=-1679> 
<DWph=1> <it=  9> <et=5045.14> <Mt=21.47> <Spt= 1.29> <nCl=114> <DB=-1680.0000> <Mlp=-1680.0000> <PB=-1679> 
SB phase 2 cand.  3 branch on t_3_2 (lhs=0.2177): [-1680.0000, -1680.0000], score = 0.00 (h)  <et=5045.16>
**** Strong branching phase 3 is started *****
**** SB phase 3 evaluation of candidate 1, branch 1 ( t_3_2 >= 1 ), value = -1680
<DWph=2> <it=  1> <et=5046.13> <Mt= 0.04> <Spt= 0.00> <nCl=  0> <DB=-1680.0000> <Mlp=-1680.0000> <PB=-1679> 
<DWph=1> <it=  2> <et=5046.17> <Mt= 0.03> <Spt= 0.00> <nCl=  0> <DB=-1680.0000> <Mlp=-1680.0000> <PB=-1679> 
<DWph=0> <it=  3> <et=5046.21> <Mt= 0.04> <Spt= 0.00> <nCl=  0> <DB=-1680.0000> <Mlp=-1680.0000> <PB=-1679> 
ColGenEvalAlg final dual bound: -1680 (rounded: -1680)
----- Add fac. cuts : R1C(302), max.viol = 0.199188, aver.viol = 0.0792662, sep/add took 1.25/1.19 sec. -----
21752 columns (9712 active), 3508 dyn. constrs. (2410 active), 3825 art. vars. (2727 active)
<DWph=2> <it= 10> <et=5204.25> <Mt=152.99> <Spt= 1.89> <nCl=112> <DB=-1680.0139> <Mlp=-1677.9334> <PB=-1679> 
<DWph=2> <it= 20> <et=5246.42> <Mt=38.72> <Spt= 1.92> <nCl= 79> <DB=-1680.0132> <Mlp=-1678.4661> <PB=-1679> 
<DWph=2> <it= 30> <et=5274.93> <Mt=26.26> <Spt= 1.82> <nCl= 67> <DB=-1680.0088> <Mlp=-1678.8360> <PB=-1679> 
<DWph=2> <it= 40> <et=5304.61> <Mt=27.43> <Spt= 1.81> <nCl= 71> <DB=-1680.0062> <Mlp=-1679.0992> <PB=-1679> 
<DWph=2> <it= 50> <et=5325.94> <Mt=19.08> <Spt= 1.78> <nCl= 62> <DB=-1680.0088> <Mlp=-1679.2302> <PB=-1679> 
<DWph=2> <it= 60> <et=5354.50> <Mt=26.30> <Spt= 1.80> <nCl= 63> <DB=-1680.0084> <Mlp=-1679.3908> <PB=-1679> 
<DWph=2> <it= 70> <et=5380.37> <Mt=23.58> <Spt= 1.80> <nCl= 61> <DB=-1680.0042> <Mlp=-1679.5641> <PB=-1679> 
<DWph=2> <it= 80> <et=5394.80> <Mt=12.22> <Spt= 1.73> <nCl= 48> <DB=-1680.0020> <Mlp=-1679.6383> <PB=-1679> 
<DWph=2> <it= 90> <et=5417.18> <Mt=20.11> <Spt= 1.76> <nCl= 49> <DB=-1680.0057> <Mlp=-1679.7318> <PB=-1679> 
<DWph=2> <it=100> <et=5441.26> <Mt=21.83> <Spt= 1.73> <nCl= 62> <DB=-1680.0045> <Mlp=-1679.8548> <PB=-1679> 
<DWph=2> <it=110> <et=5455.93> <Mt=12.44> <Spt= 1.70> <nCl= 53> <DB=-1680.0053> <Mlp=-1679.9321> <PB=-1679> 
<DWph=2> <it=114> <et=5465.78> <Mt= 9.14> <Spt= 0.54> <nCl= 15> <DB=-1680.0038> <Mlp=-1680.0000> <PB=-1679> 
<DWph=1> <it=115> <et=5465.83> <Mt= 0.05> <Spt= 0.00> <nCl=  0> <DB=-1680.0000> <Mlp=-1680.0000> <PB=-1679> 
<DWph=0> <it=116> <et=5465.88> <Mt= 0.05> <Spt= 0.00> <nCl=  0> <DB=-1680.0000> <Mlp=-1680.0000> <PB=-1679> 
ColGenEvalAlg final dual bound: -1680 (rounded: -1680)
Gap improvement since the last cut separation : 6.95756e-11 (-1680)
----- Add fac. cuts : R1C(226), max.viol = 0.167646, aver.viol = 0.0647164, sep/add took 1.45/0.95 sec. -----
16897 columns (9176 active), 3734 dyn. constrs. (2636 active), 4051 art. vars. (2953 active)
<DWph=2> <it= 10> <et=5667.05> <Mt=195.97> <Spt= 2.21> <nCl= 81> <DB=-1680.0041> <Mlp=-1678.3531> <PB=-1679> 
<DWph=2> <it= 20> <et=5706.46> <Mt=36.76> <Spt= 2.10> <nCl= 61> <DB=-1680.0083> <Mlp=-1678.6514> <PB=-1679> 
<DWph=2> <it= 30> <et=5732.35> <Mt=23.19> <Spt= 2.12> <nCl= 49> <DB=-1680.0055> <Mlp=-1678.8629> <PB=-1679> 
<DWph=2> <it= 40> <et=5758.35> <Mt=23.04> <Spt= 2.11> <nCl= 47> <DB=-1680.0038> <Mlp=-1679.0670> <PB=-1679> 
<DWph=2> <it= 50> <et=5780.01> <Mt=18.98> <Spt= 2.14> <nCl= 57> <DB=-1680.0022> <Mlp=-1679.1575> <PB=-1679> 
<DWph=2> <it= 60> <et=5799.10> <Mt=16.42> <Spt= 2.10> <nCl= 34> <DB=-1680.0019> <Mlp=-1679.2366> <PB=-1679> 
<DWph=2> <it= 70> <et=5823.96> <Mt=22.15> <Spt= 2.12> <nCl= 43> <DB=-1680.0025> <Mlp=-1679.3560> <PB=-1679> 
<DWph=2> <it= 80> <et=5862.10> <Mt=35.35> <Spt= 2.17> <nCl= 40> <DB=-1680.0107> <Mlp=-1679.4895> <PB=-1679> 
<DWph=2> <it= 90> <et=5912.08> <Mt=47.25> <Spt= 2.11> <nCl= 40> <DB=-1680.0029> <Mlp=-1679.6898> <PB=-1679> 
<DWph=2> <it=100> <et=5947.10> <Mt=32.29> <Spt= 2.11> <nCl= 44> <DB=-1680.0036> <Mlp=-1679.7761> <PB=-1679> 
<DWph=2> <it=110> <et=5957.63> <Mt= 7.87> <Spt= 2.05> <nCl= 34> <DB=-1680.4896> <Mlp=-1679.7991> <PB=-1679> 
<DWph=2> <it=119> <et=5963.63> <Mt= 3.44> <Spt= 1.91> <nCl= 15> <DB=-1679.5452> <Mlp=-1679.8050> <PB=-1679> 
<DWph=1> <it=120> <et=5964.34> <Mt= 0.09> <Spt= 0.56> <nCl=  6> <DB=-1683.7982> <Mlp=-1679.8050> <PB=-1679> 
<DWph=1> <it=128> <et=6018.28> <Mt=48.44> <Spt= 4.83> <nCl= 35> <DB=-1683.6762> <Mlp=-1680.0000> <PB=-1679> 
<DWph=0> <it=129> <et=6018.34> <Mt= 0.06> <Spt= 0.00> <nCl=  0> <DB=-1680.0000> <Mlp=-1680.0000> <PB=-1679> 
ColGenEvalAlg final dual bound: -1680 (rounded: -1680)
Gap improvement since the last cut separation : -3.27415e-11 (-1680)
----- Add fac. cuts : R1C(179), max.viol = 0.157811, aver.viol = 0.0568355, sep/add took 1.69/0.71 sec. -----
18105 columns (8502 active), 3913 dyn. constrs. (2815 active), 4230 art. vars. (3132 active)
<DWph=2> <it= 10> <et=6140.43> <Mt=113.90> <Spt= 4.40> <nCl= 32> <DB=-1682.8537> <Mlp=-1679.1723> <PB=-1679> 
<DWph=2> <it= 16> <et=6164.06> <Mt=20.54> <Spt= 2.38> <nCl= 16> <DB=-1682.3712> <Mlp=-1679.3291> <PB=-1679> 
ColGenEvalAlg final dual bound: -1680 (rounded: -1680)
----- Column generation is interrupted by the pricing solver, we do rollback to the point before the latest cut generation round
**** SB phase 3 evaluation of candidate 1, branch 2 ( t_3_2 <= 0 ), value = -1680
<DWph=2> <it=  1> <et=6165.71> <Mt= 0.04> <Spt= 0.00> <nCl=  0> <DB=-1680.0000> <Mlp=-1680.0000> <PB=-1679> 
<DWph=1> <it=  2> <et=6165.75> <Mt= 0.03> <Spt= 0.00> <nCl=  0> <DB=-1680.0000> <Mlp=-1680.0000> <PB=-1679> 
<DWph=0> <it=  3> <et=6165.78> <Mt= 0.03> <Spt= 0.00> <nCl=  0> <DB=-1680.0000> <Mlp=-1680.0000> <PB=-1679> 
ColGenEvalAlg final dual bound: -1680 (rounded: -1680)
----- Add fac. cuts : R1C(211), max.viol = 0.207082, aver.viol = 0.0661372, sep/add took 1.77/0.72 sec. -----
16158 columns (7838 active), 4120 dyn. constrs. (2319 active), 4437 art. vars. (2636 active)
<DWph=2> <it= 10> <et=6262.08> <Mt=91.08> <Spt= 2.13> <nCl=160> <DB=-1680.0154> <Mlp=-1678.7260> <PB=-1679> 
<DWph=1> <it= 21> <et=6295.74> <Mt=31.30> <Spt= 1.85> <nCl=127> <DB=-1680.0000> <Mlp=-1680.0000> <PB=-1679> 
<DWph=0> <it= 22> <et=6295.78> <Mt= 0.04> <Spt= 0.00> <nCl=  0> <DB=-1680.0000> <Mlp=-1680.0000> <PB=-1679> 
ColGenEvalAlg final dual bound: -1680 (rounded: -1680)
Gap improvement since the last cut separation : -1.00043e-11 (-1680)
----- Add fac. cuts : R1C(187), max.viol = 0.158796, aver.viol = 0.0486, sep/add took 1.85/0.62 sec. -----
16755 columns (8435 active), 4307 dyn. constrs. (2506 active), 4624 art. vars. (2823 active)
<DWph=2> <it= 10> <et=6427.62> <Mt=126.59> <Spt= 2.20> <nCl=160> <DB=-1680.0183> <Mlp=-1679.5283> <PB=-1679> 
<DWph=2> <it= 17> <et=6452.14> <Mt=22.81> <Spt= 1.35> <nCl= 71> <DB=-1680.0156> <Mlp=-1680.0000> <PB=-1679> 
<DWph=1> <it= 18> <et=6452.18> <Mt= 0.05> <Spt= 0.00> <nCl=  0> <DB=-1680.0000> <Mlp=-1680.0000> <PB=-1679> 
<DWph=0> <it= 19> <et=6452.23> <Mt= 0.04> <Spt= 0.00> <nCl=  0> <DB=-1680.0000> <Mlp=-1680.0000> <PB=-1679> 
ColGenEvalAlg final dual bound: -1680 (rounded: -1680)
Gap improvement since the last cut separation : 5.07038e-11 (-1680)
----- Add fac. cuts : R1C(66), max.viol = 0.125641, aver.viol = 0.054423, sep/add took 2.16/0.27 sec. -----
17256 columns (8936 active), 4373 dyn. constrs. (2572 active), 4690 art. vars. (2889 active)
<DWph=2> <it= 10> <et=6617.73> <Mt=160.13> <Spt= 2.31> <nCl=144> <DB=-1680.0175> <Mlp=-1679.8295> <PB=-1679> 
<DWph=2> <it= 12> <et=6625.20> <Mt= 7.19> <Spt= 0.22> <nCl= 10> <DB=-1680.0124> <Mlp=-1680.0000> <PB=-1679> 
<DWph=1> <it= 13> <et=6625.26> <Mt= 0.06> <Spt= 0.00> <nCl=  0> <DB=-1680.0000> <Mlp=-1680.0000> <PB=-1679> 
<DWph=0> <it= 14> <et=6625.32> <Mt= 0.05> <Spt= 0.00> <nCl=  0> <DB=-1680.0000> <Mlp=-1680.0000> <PB=-1679> 
ColGenEvalAlg final dual bound: -1680 (rounded: -1680)
Gap improvement since the last cut separation : -4.7748e-11 (-1680)
----- Cut generation is stopped due to tailing off -----
SB exact phase 3 branch on t_3_2 (lhs=0.217657) : [-1680, -1680], tree depth = 1e+12, tree size = 1e+12, score = -1e+12 (h)
************************************************************************************************
**** BaB tree node (N° 4, parent N° 2, depth 2)
**** Local DB = -1680, global bounds : [ -1680 , -1679 ], TIME = 1h50m25s50t = 662550
**** 3 open nodes, 17380 columns (9275 active), 4194 dyn. constrs. (2572 active), 4511 art. vars. (2889 active)
************************************************************************************************
**** Strong branching phase 1 is started *****
SB phase 1 cand.  1 branch on t_6_1 (lhs=0.4215): [-1661.1487, -1636.6662], score = 816.90 (h)  <et=6840.73>
SB phase 1 cand.  2 branch on y_6_2 (lhs=0.4215): [-1661.1487, -1636.6662], score = 816.90 (h)  <et=7060.68>
SB phase 1 cand.  3 branch on t_5_1 (lhs=0.3769): [-1674.6982, -1633.6122], score = 245.94 (h)  <et=7387.44>
**** Strong branching phase 2 is started *****
SEARCH IS INTERRUPTED due to the pricing problem return status. 
<DWph=1> <it= 46> <et=8909.19> <Mt=123.35> <Spt=17.43> <nCl=211> <DB=-1674.1841> <Mlp=-1665.0663> <PB=-1679> 
<DWph=1> <it=  0> <et=8909.42> <Mt= 0.00> <Spt= 0.00> <nCl=  0> <DB=-1680.0000> <Mlp=1000000000000.0000> <PB=-1679> 
SB phase 2 cand.  1 branch on t_6_1 (lhs=0.4215): [-1665.0663, 1000000000000.0000], score = 14933722505569.46 (h)  <et=8909.45>
**** Strong branching phase 3 is started *****
************************************************************************************************
Search is finished, global bounds : [ -1680 , -1679 ], TIME = 2h28m29s45t = 890945
************************************************************************************************
statistics_cols: instance & :Optimal & cutoff & :bcRecRootDb & :bcTimeRootEval & :bcCountNodeProc & :bcRecBestDb & :bcRecBestInc & :bcTimeMain \\
statistics: 66-130-6-4 & 0 & -1678.99999 & -1680.00 & 16.55 & 5 & -1680.00 & -- & 8909.45 \\
########################################################
Solution not found
########################################################
