Application parameters:
  batch  =>  nothing
  tikz  =>  "/TIKZ/66-45-6-4.tex"
  instance  =>  "/IN/66-45-6-4.ophs"
  out  =>  "/OUT/66-45-6-4.sol"
  nosolve  =>  false
  ub  =>  -650
  complete  =>  false
  cfg  =>  "/BWTSP/src/../config/OPHS.cfg"
VRPSolver warning: Interval set for resource 1 on source node (when source != sink) is ignored (by definition is [0.0,0.0])
VRPSolver warning: Interval set for resource 1 on source node (when source != sink) is ignored (by definition is [0.0,0.0])
VRPSolver warning: Interval set for resource 1 on source node (when source != sink) is ignored (by definition is [0.0,0.0])
VRPSolver warning: Interval set for resource 1 on source node (when source != sink) is ignored (by definition is [0.0,0.0])
[41m solve [00m
~~~~~~~~~~~~~~~~~~~~~~~~~~~~~~~~~~~~~~~~~~~~~~~~~~~~~~~~~~~~~~~~~~~~~~~~~~~~~~
VRPSolver v0.4.1, 24/03/2021. Web: vrpsolver.math.u-bordeaux.fr
Corresponds to the solver by Pessoa, Sadykov, Uchoa and Vanderbeck (2020)
Paper: dx.doi.org/10.1007/s10107-020-01523-z
USE THIS CODE ONLY FOR ACADEMIC PURPOSES AT YOUR OWN RISK
~~~~~~~~~~~~~~~~~~~~~~~~~~~~~~~~~~~~~~~~~~~~~~~~~~~~~~~~~~~~~~~~~~~~~~~~~~~~~~
BaPCod v053, 24/03/2021, © Inria Bordeaux, France
~~~~~~~~~~~~~~~~~~~~~~~~~~~~~~~~~~~~~~~~~~~~~~~~~~~~~~~~~~~~~~~~~~~~~~~~~~~~~~
VRPSolver parameters:
GlobalTimeLimit = 18000
MaxNbOfBBtreeNodeTreated = 100000
treeSearchStrategy = 1
RCSPstopCutGenTimeThresholdInPricing = 10
RCSPhardTimeThresholdInPricing = 25
RCSPnumberOfBucketsPerVertex = 25
RCSPdynamicBucketSteps = 1
RCSPuseBidirectionalSearch = 2
RCSPapplyReducedCostFixing = 1
RCSPredCostFixingFalseGap = 0
RCSPmaxNumOfColsPerIteration = 30
RCSPmaxNumOfColsPerExactIteration = 150
RCSPheurLabelingStrategy = 0
StabilizationMinPhaseOfStage = 0
RCSPmaxNumOfLabelsInEnumeration = 500000
RCSPmaxNumOfEnumeratedSolutions = 5000000
RCSPmaxNumOfEnumSolutionsForMIP = 10000
RCSPinitNGneighbourhoodSize = 8
RCSPmaxNGneighbourhoodSize = 8
RCSPrankOneCutsMaxNumPerRound = 100
RCSPrankOneCutsMaxNumRows = 5
RCSPrankOneCutsMemoryType = 0
CutTailingOffThreshold = 0.015
CutTailingOffCounterThreshold = 3
SafeDualBoundScaleFactor = -1
StrongBranchingPhaseOneCandidatesNumber = 100
StrongBranchingPhaseOneTreeSizeEstimRatio = 0.2
StrongBranchingPhaseTwoCandidatesNumber = 3
StrongBranchingPhaseTwoTreeSizeEstimRatio = 0.02
MaxTimeForRestrictedMasterIpHeur = -1
DivingHeurUseDepthLimit = 0
MaxLDSbreadth = 1
MaxLDSdepth = 10000
New model incumbent solution -649, TIME = 0h0m0s4t = 4
Model is built TIME = 0h0m0s95t = 95
************************************************************************************************
**** BaB tree root node
**** Local DB = -1e+12, global bounds : [ -1e+12 , -649 ], TIME = 0h0m0s95t = 95
**** 1 open nodes, 0 columns (0 active), 0 dyn. constrs. (0 active), 317 art. vars. (317 active)
************************************************************************************************
--------------------------------------------------------------------------
BaPCod info : first we run the root node with rank-1 cuts with node memory
--------------------------------------------------------------------------
<DWph=2> <it= 10> <et=1.05> <Mt= 0.00> <Spt= 0.08> <nCl=143> <DB= -717.5066> <Mlp= -706.2500> <PB=-648.99999> 
<DWph=2> <it= 11> <et=1.07> <Mt= 0.00> <Spt= 0.02> <nCl=  0> <DB= -706.2500> <Mlp= -706.2500> <PB=-648.99999> 
<DWph=1> <it= 13> <et=1.10> <Mt= 0.00> <Spt= 0.03> <nCl=  1> <DB= -706.2500> <Mlp= -706.2500> <PB=-648.99999> 
<DWph=0> <it= 15> <et=1.16> <Mt= 0.00> <Spt= 0.06> <nCl=  3> <DB= -706.4286> <Mlp= -706.4286> <PB=-648.99999> 
Reduced cost fixing for graph G_4... took 0 sec., 1378 buck. arcs remain (26.9% from prev., 1.16% from max.)
Run enumeration... took 0.01 sec. and succeeded! Pricing will be done by inspection.
Reduced cost fixing for graph G_3... took 0 sec., 3110 buck. arcs remain (16% from prev., 1.89% from max.)
Run enumeration... took 0.01 sec. and succeeded! Pricing will be done by inspection.
Reduced cost fixing for graph G_2... took 0 sec., 4104 buck. arcs remain (21.1% from prev., 2.49% from max.)
Run enumeration... took 0.01 sec. and succeeded! Pricing will be done by inspection.
Reduced cost fixing for graph G_1... took 0.01 sec., 3332 buck. arcs remain (13.2% from prev., 1.91% from max.)
Run enumeration... took 0.01 sec. and succeeded! Pricing will be done by inspection.
ColGenEvalAlg final dual bound: -706.429 (rounded: -706)
----- Terminating the node by MIP -----
MIP found solution with value -650
New model incumbent solution -650, TIME = 0h0m1s74t = 174
************************************************************************************************
Search is finished, global bounds : [ -650 , -650 ], TIME = 0h0m1s74t = 174
************************************************************************************************
[32mBaPCod : solution defined.[00m
statistics_cols: instance & :Optimal & cutoff & :bcRecRootDb & :bcTimeRootEval & :bcCountNodeProc & :bcRecBestDb & :bcRecBestInc & :bcTimeMain \\
statistics: 66-45-6-4 & 1 & -648.99999 & -650.00 & 1.74 & 1 & -650.00 & -650 & 1.74 \\
########################################################
trip 1 : 1 37 38 39 40 48 56 64 3 
trip 2 : 3 72 71 70 69 68 67 4 
trip 3 : 4 66 65 57 49 41 5 
trip 4 : 5 33 34 35 36 2 
tour : 1 37 38 39 40 48 56 64 3 72 71 70 69 68 67 4 66 65 57 49 41 5 33 34 35 36 2
Cost 650.0
########################################################
