Application parameters:
  batch  =>  nothing
  tikz  =>  "/TIKZ/66-50-6-4.tex"
  instance  =>  "/IN/66-50-6-4.ophs"
  out  =>  "/OUT/66-50-6-4.sol"
  nosolve  =>  false
  ub  =>  -730
  complete  =>  false
  cfg  =>  "/BWTSP/src/../config/OPHS.cfg"
VRPSolver warning: Interval set for resource 1 on source node (when source != sink) is ignored (by definition is [0.0,0.0])
VRPSolver warning: Interval set for resource 1 on source node (when source != sink) is ignored (by definition is [0.0,0.0])
VRPSolver warning: Interval set for resource 1 on source node (when source != sink) is ignored (by definition is [0.0,0.0])
VRPSolver warning: Interval set for resource 1 on source node (when source != sink) is ignored (by definition is [0.0,0.0])
[41m solve [00m
~~~~~~~~~~~~~~~~~~~~~~~~~~~~~~~~~~~~~~~~~~~~~~~~~~~~~~~~~~~~~~~~~~~~~~~~~~~~~~
VRPSolver v0.4.1, 24/03/2021. Web: vrpsolver.math.u-bordeaux.fr
Corresponds to the solver by Pessoa, Sadykov, Uchoa and Vanderbeck (2020)
Paper: dx.doi.org/10.1007/s10107-020-01523-z
USE THIS CODE ONLY FOR ACADEMIC PURPOSES AT YOUR OWN RISK
~~~~~~~~~~~~~~~~~~~~~~~~~~~~~~~~~~~~~~~~~~~~~~~~~~~~~~~~~~~~~~~~~~~~~~~~~~~~~~
BaPCod v053, 24/03/2021, © Inria Bordeaux, France
~~~~~~~~~~~~~~~~~~~~~~~~~~~~~~~~~~~~~~~~~~~~~~~~~~~~~~~~~~~~~~~~~~~~~~~~~~~~~~
VRPSolver parameters:
GlobalTimeLimit = 18000
MaxNbOfBBtreeNodeTreated = 100000
treeSearchStrategy = 1
RCSPstopCutGenTimeThresholdInPricing = 10
RCSPhardTimeThresholdInPricing = 25
RCSPnumberOfBucketsPerVertex = 25
RCSPdynamicBucketSteps = 1
RCSPuseBidirectionalSearch = 2
RCSPapplyReducedCostFixing = 1
RCSPredCostFixingFalseGap = 0
RCSPmaxNumOfColsPerIteration = 30
RCSPmaxNumOfColsPerExactIteration = 150
RCSPheurLabelingStrategy = 0
StabilizationMinPhaseOfStage = 0
RCSPmaxNumOfLabelsInEnumeration = 500000
RCSPmaxNumOfEnumeratedSolutions = 5000000
RCSPmaxNumOfEnumSolutionsForMIP = 10000
RCSPinitNGneighbourhoodSize = 8
RCSPmaxNGneighbourhoodSize = 8
RCSPrankOneCutsMaxNumPerRound = 100
RCSPrankOneCutsMaxNumRows = 5
RCSPrankOneCutsMemoryType = 0
CutTailingOffThreshold = 0.015
CutTailingOffCounterThreshold = 3
SafeDualBoundScaleFactor = -1
StrongBranchingPhaseOneCandidatesNumber = 100
StrongBranchingPhaseOneTreeSizeEstimRatio = 0.2
StrongBranchingPhaseTwoCandidatesNumber = 3
StrongBranchingPhaseTwoTreeSizeEstimRatio = 0.02
MaxTimeForRestrictedMasterIpHeur = -1
DivingHeurUseDepthLimit = 0
MaxLDSbreadth = 1
MaxLDSdepth = 10000
New model incumbent solution -729, TIME = 0h0m0s2t = 2
Model is built TIME = 0h0m0s94t = 94
************************************************************************************************
**** BaB tree root node
**** Local DB = -1e+12, global bounds : [ -1e+12 , -729 ], TIME = 0h0m0s94t = 94
**** 1 open nodes, 0 columns (0 active), 0 dyn. constrs. (0 active), 317 art. vars. (317 active)
************************************************************************************************
--------------------------------------------------------------------------
BaPCod info : first we run the root node with rank-1 cuts with node memory
--------------------------------------------------------------------------
<DWph=2> <it= 10> <et=1.05> <Mt= 0.00> <Spt= 0.09> <nCl=152> <DB= -779.1346> <Mlp= -758.1250> <PB=-728.99999> 
<DWph=2> <it= 11> <et=1.07> <Mt= 0.00> <Spt= 0.02> <nCl=  0> <DB= -762.5000> <Mlp= -762.5000> <PB=-728.99999> 
<DWph=1> <it= 12> <et=1.08> <Mt= 0.00> <Spt= 0.01> <nCl=  0> <DB= -762.5000> <Mlp= -762.5000> <PB=-728.99999> 
<DWph=0> <it= 14> <et=1.13> <Mt= 0.00> <Spt= 0.05> <nCl=  6> <DB= -765.3571> <Mlp= -765.3571> <PB=-728.99999> 
Reduced cost fixing for graph G_4... took 0 sec., 1910 buck. arcs remain (24.5% from prev., 1.47% from max.)
Run enumeration... took 0.01 sec. and succeeded! Pricing will be done by inspection.
Reduced cost fixing for graph G_3... took 0.01 sec., 3326 buck. arcs remain (11.5% from prev., 1.89% from max.)
Run enumeration... took 0.01 sec. and succeeded! Pricing will be done by inspection.
Reduced cost fixing for graph G_2... took 0.01 sec., 3703 buck. arcs remain (12.8% from prev., 2.11% from max.)
Run enumeration... took 0.01 sec. and succeeded! Pricing will be done by inspection.
Reduced cost fixing for graph G_1... took 0.01 sec., 3300 buck. arcs remain (13.4% from prev., 1.93% from max.)
Run enumeration... took 0.01 sec. and succeeded! Pricing will be done by inspection.
ColGenEvalAlg final dual bound: -765.357 (rounded: -765)
----- Terminating the node by MIP -----
MIP found solution with value -730
New model incumbent solution -730, TIME = 0h0m1s46t = 146
************************************************************************************************
Search is finished, global bounds : [ -730 , -730 ], TIME = 0h0m1s46t = 146
************************************************************************************************
[32mBaPCod : solution defined.[00m
statistics_cols: instance & :Optimal & cutoff & :bcRecRootDb & :bcTimeRootEval & :bcCountNodeProc & :bcRecBestDb & :bcRecBestInc & :bcTimeMain \\
statistics: 66-50-6-4 & 1 & -728.99999 & -730.00 & 1.46 & 1 & -730.00 & -730 & 1.46 \\
########################################################
trip 1 : 1 36 28 20 19 18 10 3 
trip 2 : 3 11 12 13 14 15 16 24 4 
trip 3 : 4 32 40 48 56 64 72 71 5 
trip 4 : 5 70 69 61 53 2 
tour : 1 36 28 20 19 18 10 3 11 12 13 14 15 16 24 4 32 40 48 56 64 72 71 5 70 69 61 53 2
Cost 730.0
########################################################
