Application parameters:
  batch  =>  nothing
  tikz  =>  "/TIKZ/66-55-6-4.tex"
  instance  =>  "/IN/66-55-6-4.ophs"
  out  =>  "/OUT/66-55-6-4.sol"
  nosolve  =>  false
  ub  =>  -825
  complete  =>  false
  cfg  =>  "/BWTSP/src/../config/OPHS.cfg"
VRPSolver warning: Interval set for resource 1 on source node (when source != sink) is ignored (by definition is [0.0,0.0])
VRPSolver warning: Interval set for resource 1 on source node (when source != sink) is ignored (by definition is [0.0,0.0])
VRPSolver warning: Interval set for resource 1 on source node (when source != sink) is ignored (by definition is [0.0,0.0])
VRPSolver warning: Interval set for resource 1 on source node (when source != sink) is ignored (by definition is [0.0,0.0])
[41m solve [00m
~~~~~~~~~~~~~~~~~~~~~~~~~~~~~~~~~~~~~~~~~~~~~~~~~~~~~~~~~~~~~~~~~~~~~~~~~~~~~~
VRPSolver v0.4.1, 24/03/2021. Web: vrpsolver.math.u-bordeaux.fr
Corresponds to the solver by Pessoa, Sadykov, Uchoa and Vanderbeck (2020)
Paper: dx.doi.org/10.1007/s10107-020-01523-z
USE THIS CODE ONLY FOR ACADEMIC PURPOSES AT YOUR OWN RISK
~~~~~~~~~~~~~~~~~~~~~~~~~~~~~~~~~~~~~~~~~~~~~~~~~~~~~~~~~~~~~~~~~~~~~~~~~~~~~~
BaPCod v053, 24/03/2021, © Inria Bordeaux, France
~~~~~~~~~~~~~~~~~~~~~~~~~~~~~~~~~~~~~~~~~~~~~~~~~~~~~~~~~~~~~~~~~~~~~~~~~~~~~~
VRPSolver parameters:
GlobalTimeLimit = 18000
MaxNbOfBBtreeNodeTreated = 100000
treeSearchStrategy = 1
RCSPstopCutGenTimeThresholdInPricing = 10
RCSPhardTimeThresholdInPricing = 25
RCSPnumberOfBucketsPerVertex = 25
RCSPdynamicBucketSteps = 1
RCSPuseBidirectionalSearch = 2
RCSPapplyReducedCostFixing = 1
RCSPredCostFixingFalseGap = 0
RCSPmaxNumOfColsPerIteration = 30
RCSPmaxNumOfColsPerExactIteration = 150
RCSPheurLabelingStrategy = 0
StabilizationMinPhaseOfStage = 0
RCSPmaxNumOfLabelsInEnumeration = 500000
RCSPmaxNumOfEnumeratedSolutions = 5000000
RCSPmaxNumOfEnumSolutionsForMIP = 10000
RCSPinitNGneighbourhoodSize = 8
RCSPmaxNGneighbourhoodSize = 8
RCSPrankOneCutsMaxNumPerRound = 100
RCSPrankOneCutsMaxNumRows = 5
RCSPrankOneCutsMemoryType = 0
CutTailingOffThreshold = 0.015
CutTailingOffCounterThreshold = 3
SafeDualBoundScaleFactor = -1
StrongBranchingPhaseOneCandidatesNumber = 100
StrongBranchingPhaseOneTreeSizeEstimRatio = 0.2
StrongBranchingPhaseTwoCandidatesNumber = 3
StrongBranchingPhaseTwoTreeSizeEstimRatio = 0.02
MaxTimeForRestrictedMasterIpHeur = -1
DivingHeurUseDepthLimit = 0
MaxLDSbreadth = 1
MaxLDSdepth = 10000
New model incumbent solution -824, TIME = 0h0m0s4t = 4
Model is built TIME = 0h0m0s96t = 96
************************************************************************************************
**** BaB tree root node
**** Local DB = -1e+12, global bounds : [ -1e+12 , -824 ], TIME = 0h0m0s96t = 96
**** 1 open nodes, 0 columns (0 active), 0 dyn. constrs. (0 active), 317 art. vars. (317 active)
************************************************************************************************
--------------------------------------------------------------------------
BaPCod info : first we run the root node with rank-1 cuts with node memory
--------------------------------------------------------------------------
<DWph=2> <it= 10> <et=1.09> <Mt= 0.00> <Spt= 0.10> <nCl=195> <DB= -877.2700> <Mlp= -820.9231> <PB=-823.99999> 
<DWph=2> <it= 16> <et=1.16> <Mt= 0.01> <Spt= 0.07> <nCl= 23> <DB= -832.8125> <Mlp= -832.8125> <PB=-825> 
<DWph=1> <it= 18> <et=1.21> <Mt= 0.00> <Spt= 0.05> <nCl=  3> <DB= -833.1250> <Mlp= -833.1250> <PB=-825> 
<DWph=0> <it= 20> <et=1.29> <Mt= 0.00> <Spt= 0.07> <nCl=  1> <DB= -833.5714> <Mlp= -833.5714> <PB=-825> 
Reduced cost fixing for graph G_4... took 0 sec., 1095 buck. arcs remain (6.91% from prev., 0.709% from max.)
Run enumeration... took 0.01 sec. and succeeded! Pricing will be done by inspection.
Reduced cost fixing for graph G_3... took 0 sec., 1413 buck. arcs remain (4.89% from prev., 0.803% from max.)
Run enumeration... took 0.01 sec. and succeeded! Pricing will be done by inspection.
Reduced cost fixing for graph G_2... took 0 sec., 1457 buck. arcs remain (5.05% from prev., 0.828% from max.)
Run enumeration... took 0.01 sec. and succeeded! Pricing will be done by inspection.
Reduced cost fixing for graph G_1... took 0.01 sec., 938 buck. arcs remain (2.84% from prev., 0.524% from max.)
Run enumeration... took 0.01 sec. and succeeded! Pricing will be done by inspection.
ColGenEvalAlg final dual bound: -833.571 (rounded: -833)
----- Terminating the node by MIP -----
New model incumbent solution -825, TIME = 0h0m1s39t = 139
************************************************************************************************
Search is finished, global bounds : [ -825 , -825 ], TIME = 0h0m1s39t = 139
************************************************************************************************
[32mBaPCod : solution defined.[00m
statistics_cols: instance & :Optimal & cutoff & :bcRecRootDb & :bcTimeRootEval & :bcCountNodeProc & :bcRecBestDb & :bcRecBestInc & :bcTimeMain \\
statistics: 66-55-6-4 & 1 & -823.99999 & -825.00 & 1.39 & 1 & -825.00 & -825 & 1.39 \\
########################################################
trip 1 : 1 37 38 39 40 32 24 16 15 3 
trip 2 : 3 14 13 12 11 10 9 4 
trip 3 : 4 17 25 33 41 49 57 65 66 5 
trip 4 : 5 67 68 60 52 44 2 
tour : 1 37 38 39 40 32 24 16 15 3 14 13 12 11 10 9 4 17 25 33 41 49 57 65 66 5 67 68 60 52 44 2
Cost 825.0
########################################################
