Application parameters:
  batch  =>  nothing
  tikz  =>  "/TIKZ/66-60-6-4.tex"
  instance  =>  "/IN/66-60-6-4.ophs"
  out  =>  "/OUT/66-60-6-4.sol"
  nosolve  =>  false
  ub  =>  -915
  complete  =>  false
  cfg  =>  "/BWTSP/src/../config/OPHS.cfg"
VRPSolver warning: Interval set for resource 1 on source node (when source != sink) is ignored (by definition is [0.0,0.0])
VRPSolver warning: Interval set for resource 1 on source node (when source != sink) is ignored (by definition is [0.0,0.0])
VRPSolver warning: Interval set for resource 1 on source node (when source != sink) is ignored (by definition is [0.0,0.0])
VRPSolver warning: Interval set for resource 1 on source node (when source != sink) is ignored (by definition is [0.0,0.0])
[41m solve [00m
~~~~~~~~~~~~~~~~~~~~~~~~~~~~~~~~~~~~~~~~~~~~~~~~~~~~~~~~~~~~~~~~~~~~~~~~~~~~~~
VRPSolver v0.4.1, 24/03/2021. Web: vrpsolver.math.u-bordeaux.fr
Corresponds to the solver by Pessoa, Sadykov, Uchoa and Vanderbeck (2020)
Paper: dx.doi.org/10.1007/s10107-020-01523-z
USE THIS CODE ONLY FOR ACADEMIC PURPOSES AT YOUR OWN RISK
~~~~~~~~~~~~~~~~~~~~~~~~~~~~~~~~~~~~~~~~~~~~~~~~~~~~~~~~~~~~~~~~~~~~~~~~~~~~~~
BaPCod v053, 24/03/2021, © Inria Bordeaux, France
~~~~~~~~~~~~~~~~~~~~~~~~~~~~~~~~~~~~~~~~~~~~~~~~~~~~~~~~~~~~~~~~~~~~~~~~~~~~~~
VRPSolver parameters:
GlobalTimeLimit = 18000
MaxNbOfBBtreeNodeTreated = 100000
treeSearchStrategy = 1
RCSPstopCutGenTimeThresholdInPricing = 10
RCSPhardTimeThresholdInPricing = 25
RCSPnumberOfBucketsPerVertex = 25
RCSPdynamicBucketSteps = 1
RCSPuseBidirectionalSearch = 2
RCSPapplyReducedCostFixing = 1
RCSPredCostFixingFalseGap = 0
RCSPmaxNumOfColsPerIteration = 30
RCSPmaxNumOfColsPerExactIteration = 150
RCSPheurLabelingStrategy = 0
StabilizationMinPhaseOfStage = 0
RCSPmaxNumOfLabelsInEnumeration = 500000
RCSPmaxNumOfEnumeratedSolutions = 5000000
RCSPmaxNumOfEnumSolutionsForMIP = 10000
RCSPinitNGneighbourhoodSize = 8
RCSPmaxNGneighbourhoodSize = 8
RCSPrankOneCutsMaxNumPerRound = 100
RCSPrankOneCutsMaxNumRows = 5
RCSPrankOneCutsMemoryType = 0
CutTailingOffThreshold = 0.015
CutTailingOffCounterThreshold = 3
SafeDualBoundScaleFactor = -1
StrongBranchingPhaseOneCandidatesNumber = 100
StrongBranchingPhaseOneTreeSizeEstimRatio = 0.2
StrongBranchingPhaseTwoCandidatesNumber = 3
StrongBranchingPhaseTwoTreeSizeEstimRatio = 0.02
MaxTimeForRestrictedMasterIpHeur = -1
DivingHeurUseDepthLimit = 0
MaxLDSbreadth = 1
MaxLDSdepth = 10000
New model incumbent solution -914, TIME = 0h0m0s3t = 3
Model is built TIME = 0h0m0s98t = 98
************************************************************************************************
**** BaB tree root node
**** Local DB = -1e+12, global bounds : [ -1e+12 , -914 ], TIME = 0h0m0s98t = 98
**** 1 open nodes, 0 columns (0 active), 0 dyn. constrs. (0 active), 317 art. vars. (317 active)
************************************************************************************************
--------------------------------------------------------------------------
BaPCod info : first we run the root node with rank-1 cuts with node memory
--------------------------------------------------------------------------
<DWph=2> <it= 10> <et=1.11> <Mt= 0.00> <Spt= 0.11> <nCl=176> <DB=-1054.1001> <Mlp= -948.2143> <PB=-913.99999> 
<DWph=2> <it= 17> <et=1.22> <Mt= 0.01> <Spt= 0.10> <nCl= 11> <DB= -960.6250> <Mlp= -960.6250> <PB=-913.99999> 
<DWph=1> <it= 20> <et=1.28> <Mt= 0.00> <Spt= 0.06> <nCl= 15> <DB= -986.4653> <Mlp= -968.1250> <PB=-913.99999> 
<DWph=1> <it= 22> <et=1.32> <Mt= 0.00> <Spt= 0.04> <nCl=  1> <DB= -970.0000> <Mlp= -970.0000> <PB=-913.99999> 
<DWph=0> <it= 24> <et=1.39> <Mt= 0.00> <Spt= 0.06> <nCl=  1> <DB= -970.0000> <Mlp= -970.0000> <PB=-913.99999> 
Reduced cost fixing for graph G_4... took 0 sec., 3929 buck. arcs remain (24.8% from prev., 2.49% from max.)
Run enumeration... took 0.02 sec. and succeeded! Pricing will be done by inspection.
Reduced cost fixing for graph G_3... took 0.01 sec., 4805 buck. arcs remain (13.1% from prev., 2.62% from max.)
Run enumeration... took 0.01 sec. and succeeded! Pricing will be done by inspection.
Reduced cost fixing for graph G_2... took 0.02 sec., 8577 buck. arcs remain (23.3% from prev., 4.67% from max.)
Run enumeration... took 0.02 sec. and succeeded! Pricing will be done by inspection.
Reduced cost fixing for graph G_1... took 0.02 sec., 7604 buck. arcs remain (18% from prev., 3.97% from max.)
Run enumeration... took 0.03 sec. and succeeded! Pricing will be done by inspection.
<DWph=2> <it= 25> <et=1.60> <Mt= 0.02> <Spt= 0.01> <nCl=  0> <DB= -964.5000> <Mlp= -964.5000> <PB=-913.99999> 
<DWph=1> <it= 26> <et=1.61> <Mt= 0.00> <Spt= 0.01> <nCl=  0> <DB= -964.5000> <Mlp= -964.5000> <PB=-913.99999> 
<DWph=0> <it= 28> <et=1.64> <Mt= 0.00> <Spt= 0.04> <nCl=  2> <DB= -964.5000> <Mlp= -964.5000> <PB=-913.99999> 
Reduced cost fixing for graph G_4...  took 0 sec., done by inspection with 1417 solutions, remains 746 (52.6%)
Reduced cost fixing for graph G_3...  took 0 sec., done by inspection with 1495 solutions, remains 1048 (70.1%)
Reduced cost fixing for graph G_2...  took 0 sec., done by inspection with 8711 solutions, remains 3317 (38.1%)
Reduced cost fixing for graph G_1...  took 0 sec., done by inspection with 13213 solutions, remains 10146 (76.8%)
ColGenEvalAlg final dual bound: -964.5 (rounded: -964)
----- Add fac. cuts : R1C(230), max.viol = 0.266667, aver.viol = 0.220435, sep/add took 0.16/0.03 sec. -----
977 columns (977 active), 230 dyn. constrs. (230 active), 547 art. vars. (547 active)
<DWph=2> <it=  1> <et=1.87> <Mt= 0.00> <Spt= 0.01> <nCl=  0> <DB= -962.5000> <Mlp= -962.5000> <PB=-913.99999> 
<DWph=1> <it=  2> <et=1.88> <Mt= 0.00> <Spt= 0.00> <nCl=  0> <DB= -962.5000> <Mlp= -962.5000> <PB=-913.99999> 
<DWph=0> <it=  3> <et=1.91> <Mt= 0.00> <Spt= 0.03> <nCl=  0> <DB= -962.5000> <Mlp= -962.5000> <PB=-913.99999> 
Reduced cost fixing for graph G_4...  took 0 sec., done by inspection with 746 solutions, remains 606 (81.2%)
Reduced cost fixing for graph G_3...  took 0 sec., done by inspection with 1048 solutions, remains 997 (95.1%)
Reduced cost fixing for graph G_2...  took 0 sec., done by inspection with 3317 solutions, remains 2863 (86.3%)
Reduced cost fixing for graph G_1...  took 0 sec., done by inspection with 10146 solutions, remains 9383 (92.5%)
ColGenEvalAlg final dual bound: -962.5 (rounded: -962)
Gap improvement since the last cut separation : 0.039604 (-964.5)
----- Add fac. cuts : sep. took 0.08 sec.----- no cuts found  -----
-----------------------------------------------------------------------
BaPCod info : now we run the root node with rank-1 cuts with arc memory
-----------------------------------------------------------------------
<DWph=2> <it=  1> <et=2.03> <Mt= 0.01> <Spt= 0.00> <nCl=  0> <DB= -964.5000> <Mlp= -964.5000> <PB=-913.99999> 
<DWph=1> <it=  2> <et=2.03> <Mt= 0.00> <Spt= 0.00> <nCl=  0> <DB= -964.5000> <Mlp= -964.5000> <PB=-913.99999> 
<DWph=0> <it=  3> <et=2.03> <Mt= 0.00> <Spt= 0.00> <nCl=  0> <DB= -964.5000> <Mlp= -964.5000> <PB=-913.99999> 
ColGenEvalAlg final dual bound: -964.5 (rounded: -964)
----- Add fac. cuts : R1C(233), max.viol = 0.333333, aver.viol = 0.245064, sep/add took 0.16/0.03 sec. -----
1034 columns (977 active), 238 dyn. constrs. (233 active), 555 art. vars. (550 active)
<DWph=2> <it=  1> <et=2.25> <Mt= 0.00> <Spt= 0.01> <nCl=  0> <DB= -962.5000> <Mlp= -962.5000> <PB=-913.99999> 
<DWph=1> <it=  2> <et=2.26> <Mt= 0.00> <Spt= 0.01> <nCl=  0> <DB= -962.5000> <Mlp= -962.5000> <PB=-913.99999> 
<DWph=0> <it=  3> <et=2.30> <Mt= 0.01> <Spt= 0.03> <nCl=  0> <DB= -962.5000> <Mlp= -962.5000> <PB=-913.99999> 
Reduced cost fixing for graph G_4...  took 0 sec., done by inspection with 746 solutions, remains 734 (98.4%)
Reduced cost fixing for graph G_3...  took 0 sec., done by inspection with 1048 solutions, remains 909 (86.7%)
Reduced cost fixing for graph G_2...  took 0 sec., done by inspection with 3317 solutions, remains 2790 (84.1%)
Reduced cost fixing for graph G_1...  took 0 sec., done by inspection with 10146 solutions, remains 6549 (64.5%)
ColGenEvalAlg final dual bound: -962.5 (rounded: -962)
Gap improvement since the last cut separation : 0.039604 (-964.5)
----- Add fac. cuts : R1C(237), max.viol = 0.5, aver.viol = 0.5, sep/add took 0.09/0.03 sec. -----
1184 columns (1094 active), 475 dyn. constrs. (241 active), 792 art. vars. (558 active)
<DWph=2> <it=  1> <et=2.46> <Mt= 0.00> <Spt= 0.01> <nCl=  0> <DB= -962.5000> <Mlp= -962.5000> <PB=-913.99999> 
<DWph=1> <it=  2> <et=2.47> <Mt= 0.00> <Spt= 0.01> <nCl=  0> <DB= -962.5000> <Mlp= -962.5000> <PB=-913.99999> 
<DWph=0> <it=  3> <et=2.47> <Mt= 0.00> <Spt= 0.00> <nCl=  0> <DB= -962.5000> <Mlp= -962.5000> <PB=-913.99999> 
ColGenEvalAlg final dual bound: -962.5 (rounded: -962)
Gap improvement since the last cut separation : 8.2042e-14 (-962.5)
----- Add fac. cuts : sep. took 0.08 sec.----- no cuts found  -----
-----------------------------------------------------------------------
Node memory is preferred (score = 0.48507)
-----------------------------------------------------------------------
----------- Diving heuristic started -----------
<DWph=2> <it=  1> <et=2.58> <Mt= 0.00> <Spt= 0.00> <nCl=  0> <DB= -962.5000> <Mlp= -962.5000> <PB=-913.99999> 
<DWph=1> <it=  2> <et=2.58> <Mt= 0.00> <Spt= 0.00> <nCl=  0> <DB= -962.5000> <Mlp= -962.5000> <PB=-913.99999> 
<DWph=0> <it=  3> <et=2.58> <Mt= 0.00> <Spt= 0.00> <nCl=  0> <DB= -962.5000> <Mlp= -962.5000> <PB=-913.99999> 
ColGenEvalAlg final dual bound: -962.5 (rounded: -962)
---- Diving heuristic node with dive number = 0, fix depth = 1 and tabu list size = 0
Fixed projected solution = [t_4_2_4_4_OspV=1, x_4_2_44_4_OspV=1, x_4_5_57_4_OspV=1, x_4_41_42_4_OspV=1, x_4_41_49_4_OspV=1, x_4_42_43_4_OspV=1, x_4_43_44_4_OspV=1, x_4_49_57_4_OspV=1, y_4_5_4_4_OspV=1]
<DWph=2> <it=  1> <et=2.62> <Mt= 0.02> <Spt= 0.00> <nCl=  0> <DB= -917.5000> <Mlp= -917.5000> <PB=-913.99999> 
<DWph=1> <it=  2> <et=2.63> <Mt= 0.00> <Spt= 0.01> <nCl=  0> <DB= -917.5000> <Mlp= -917.5000> <PB=-913.99999> 
<DWph=0> <it=  4> <et=2.66> <Mt= 0.00> <Spt= 0.03> <nCl= 10> <DB= -917.5000> <Mlp= -917.5000> <PB=-913.99999> 
ColGenEvalAlg final dual bound: -917.5 (rounded: -917)
---- Diving heuristic node with dive number = 0, fix depth = 2 and tabu list size = 0
Fixed projected solution = [t_3_5_3_3_OspV=1, x_3_4_72_3_OspV=1, x_3_5_65_3_OspV=1, x_3_65_66_3_OspV=1, x_3_66_67_3_OspV=1, x_3_67_68_3_OspV=1, x_3_68_69_3_OspV=1, x_3_69_70_3_OspV=1, x_3_70_71_3_OspV=1, x_3_71_72_3_OspV=1, y_3_4_3_3_OspV=1]
<DWph=2> <it=  1> <et=2.68> <Mt= 0.01> <Spt= 0.00> <nCl=  0> <DB= -917.5000> <Mlp= -917.5000> <PB=-913.99999> 
<DWph=1> <it=  2> <et=2.68> <Mt= 0.00> <Spt= 0.00> <nCl=  0> <DB= -917.5000> <Mlp= -917.5000> <PB=-913.99999> 
<DWph=0> <it=  3> <et=2.68> <Mt= 0.00> <Spt= 0.00> <nCl=  0> <DB= -917.5000> <Mlp= -917.5000> <PB=-913.99999> 
ColGenEvalAlg final dual bound: -917.5 (rounded: -917)
---- Diving heuristic node with dive number = 0, fix depth = 3 and tabu list size = 0
Fixed projected solution = [t_2_4_2_2_OspV=1, x_2_4_64_2_OspV=1, x_2_6_16_2_OspV=1, x_2_16_24_2_OspV=1, x_2_24_32_2_OspV=1, x_2_32_40_2_OspV=1, x_2_40_48_2_OspV=1, x_2_48_56_2_OspV=1, x_2_56_64_2_OspV=1, y_2_6_2_2_OspV=1]
<DWph=2> <it=  1> <et=2.70> <Mt= 0.00> <Spt= 0.00> <nCl=  0> <DB=23075.0000> <Mlp=23075.0000> <PB=-913.99999> 
<DWph=1> <it=  2> <et=2.70> <Mt= 0.00> <Spt= 0.00> <nCl=  0> <DB=23075.0000> <Mlp=23075.0000> <PB=-913.99999> 
<DWph=0> <it=  6> <et=2.72> <Mt= 0.00> <Spt= 0.02> <nCl=464> <DB= -905.0000> <Mlp= -880.0000> <PB=-913.99999> 
ColGenEvalAlg final dual bound: -905 (rounded: -905)
---- Diving heuristic node with dive number = 1, fix depth = 3 and tabu list size = 1
Fixed projected solution = [t_1_6_1_1_OspV=1, x_1_1_29_1_OspV=1, x_1_6_16_1_OspV=1, x_1_13_14_1_OspV=1, x_1_13_21_1_OspV=1, x_1_14_22_1_OspV=1, x_1_16_24_1_OspV=1, x_1_21_29_1_OspV=1, x_1_22_23_1_OspV=1, x_1_23_24_1_OspV=1, y_1_1_1_1_OspV=1]
<DWph=2> <it=  1> <et=2.75> <Mt= 0.01> <Spt= 0.00> <nCl=  0> <DB=23155.0000> <Mlp=23155.0000> <PB=-913.99999> 
<DWph=1> <it=  2> <et=2.75> <Mt= 0.00> <Spt= 0.00> <nCl=  0> <DB=23155.0000> <Mlp=23155.0000> <PB=-913.99999> 
<DWph=0> <it=  3> <et=2.76> <Mt= 0.00> <Spt= 0.00> <nCl= 47> <DB= -850.0000> <Mlp=23155.0000> <PB=-913.99999> 
ColGenEvalAlg final dual bound: -850 (rounded: -850)
---- Diving heuristic node with dive number = 2, fix depth = 2 and tabu list size = 1
Fixed projected solution = [t_1_6_1_1_OspV=1, x_1_1_29_1_OspV=1, x_1_6_16_1_OspV=1, x_1_13_14_1_OspV=1, x_1_13_21_1_OspV=1, x_1_14_22_1_OspV=1, x_1_16_24_1_OspV=1, x_1_21_29_1_OspV=1, x_1_22_23_1_OspV=1, x_1_23_24_1_OspV=1, y_1_1_1_1_OspV=1]
<DWph=2> <it=  1> <et=2.78> <Mt= 0.00> <Spt= 0.01> <nCl=  0> <DB=23151.6667> <Mlp=23151.6667> <PB=-913.99999> 
<DWph=1> <it=  2> <et=2.79> <Mt= 0.00> <Spt= 0.00> <nCl=  0> <DB=23151.6667> <Mlp=23151.6667> <PB=-913.99999> 
<DWph=0> <it=  4> <et=2.81> <Mt= 0.01> <Spt= 0.02> <nCl= 64> <DB=23115.0000> <Mlp=23115.0000> <PB=-913.99999> 
ColGenEvalAlg final dual bound: 23115 (rounded: 23115)
---- Diving heuristic node with dive number = 3, fix depth = 1 and tabu list size = 1
Fixed projected solution = [t_2_7_2_2_OspV=1, x_2_3_15_2_OspV=1, x_2_7_25_2_OspV=1, x_2_9_10_2_OspV=1, x_2_9_17_2_OspV=1, x_2_10_11_2_OspV=1, x_2_11_12_2_OspV=1, x_2_12_13_2_OspV=1, x_2_13_14_2_OspV=1, x_2_14_15_2_OspV=1, x_2_17_25_2_OspV=1, y_2_3_2_2_OspV=1]
<DWph=2> <it=  1> <et=2.85> <Mt= 0.01> <Spt= 0.00> <nCl=  0> <DB=47035.0000> <Mlp=47035.0000> <PB=-913.99999> 
<DWph=1> <it=  2> <et=2.85> <Mt= 0.00> <Spt= 0.01> <nCl=  0> <DB=47035.0000> <Mlp=47035.0000> <PB=-913.99999> 
<DWph=0> <it=  5> <et=2.89> <Mt= 0.00> <Spt= 0.03> <nCl=269> <DB= 8057.1000> <Mlp=23080.0000> <PB=-913.99999> 
ColGenEvalAlg final dual bound: 8057.1 (rounded: 8058)
**** Strong branching phase 1 is started *****
SB phase 1 cand.  1 branch on t_3_1 (lhs=0.5000): [ -962.5000,  -915.0000], score = 0.00      <et=2.9>
SB phase 1 cand.  2 branch on t_4_2 (lhs=0.5000): [ -947.5000,  -917.5000], score = 675.00      <et=2.91>
SB phase 1 cand.  3 branch on t_5_3 (lhs=0.5000): [ -955.0000,  -940.0000], score = 168.75      <et=2.91>
SB phase 1 cand.  4 branch on t_6_1 (lhs=0.5000): [ -953.3333,  5037.5000], score = 444.64      <et=2.92>
SB phase 1 cand.  6 branch on t_8_3 (lhs=0.5000): [ -957.5000,  -920.0000], score = 212.50      <et=2.93>
SB phase 1 cand.  8 branch on y_4_3 (lhs=0.5000): [ -947.5000,  -917.5000], score = 675.00      <et=2.93>
SB phase 1 cand. 10 branch on y_6_2 (lhs=0.5000): [ -953.3333,  5037.5000], score = 444.64      <et=2.94>
**** Strong branching phase 2 is started *****
<DWph=0> <it=  4> <et=3.01> <Mt= 0.00> <Spt= 0.06> <nCl= 42> <DB= -917.5000> <Mlp= -917.5000> <PB=-913.99999> 
<DWph=0> <it=  4> <et=3.11> <Mt= 0.01> <Spt= 0.06> <nCl= 19> <DB= -947.5000> <Mlp= -947.5000> <PB=-913.99999> 
SB phase 2 cand.  1 branch on t_4_2 (lhs=0.5000): [ -947.5000,  -917.5000], score = 675.00      <et=3.12>
<DWph=0> <it=  5> <et=3.20> <Mt= 0.00> <Spt= 0.06> <nCl= 73> <DB= -910.0000> <Mlp= -910.0000> <PB=-913.99999> 
<DWph=0> <it=  3> <et=3.26> <Mt= 0.01> <Spt= 0.05> <nCl=  0> <DB= -953.3333> <Mlp= -953.3333> <PB=-913.99999> 
SB phase 2 cand.  2 branch on y_6_2 (lhs=0.5000): [ -953.3333,  -910.0000], score = 444.58      <et=3.27>
<DWph=0> <it=  4> <et=3.34> <Mt= 0.00> <Spt= 0.05> <nCl= 25> <DB= -920.0000> <Mlp= -920.0000> <PB=-913.99999> 
<DWph=0> <it=  3> <et=3.39> <Mt= 0.00> <Spt= 0.04> <nCl=  0> <DB= -957.5000> <Mlp= -957.5000> <PB=-913.99999> 
SB phase 2 cand.  3 branch on t_8_3 (lhs=0.5000): [ -957.5000,  -920.0000], score = 212.50      <et=3.4>
**** Strong branching phase 3 is started *****
**** SB phase 3 evaluation of candidate 1, branch 1 ( t_4_2 >= 1 ), value = -917.5
<DWph=2> <it=  1> <et=3.43> <Mt= 0.00> <Spt= 0.01> <nCl=  0> <DB= -917.5000> <Mlp= -917.5000> <PB=-913.99999> 
<DWph=1> <it=  2> <et=3.44> <Mt= 0.01> <Spt= 0.01> <nCl=  0> <DB= -917.5000> <Mlp= -917.5000> <PB=-913.99999> 
<DWph=0> <it=  3> <et=3.46> <Mt= 0.00> <Spt= 0.02> <nCl=  0> <DB= -917.5000> <Mlp= -917.5000> <PB=-913.99999> 
Reduced cost fixing for graph G_4...  took 0 sec., done by inspection with 606 solutions, remains 17 (2.81%)
Reduced cost fixing for graph G_3...  took 0 sec., done by inspection with 997 solutions, remains 14 (1.4%)
Reduced cost fixing for graph G_2...  took 0 sec., done by inspection with 2863 solutions, remains 5 (0.175%)
Reduced cost fixing for graph G_1...  took 0 sec., done by inspection with 9383 solutions, remains 47 (0.501%)
ColGenEvalAlg final dual bound: -917.5 (rounded: -917)
----- Terminating the node by MIP -----
MIP found solution with value -915
**** SB phase 3 evaluation of candidate 1, branch 2 ( t_4_2 <= 0 ), value = -947.5
<DWph=2> <it=  1> <et=3.52> <Mt= 0.00> <Spt= 0.01> <nCl=  0> <DB= -947.5000> <Mlp= -947.5000> <PB=-915> 
<DWph=1> <it=  2> <et=3.53> <Mt= 0.00> <Spt= 0.01> <nCl=  0> <DB= -947.5000> <Mlp= -947.5000> <PB=-915> 
<DWph=0> <it=  3> <et=3.55> <Mt= 0.00> <Spt= 0.02> <nCl=  0> <DB= -947.5000> <Mlp= -947.5000> <PB=-915> 
Reduced cost fixing for graph G_4...  took 0 sec., done by inspection with 606 solutions, remains 431 (71.1%)
Reduced cost fixing for graph G_3...  took 0 sec., done by inspection with 997 solutions, remains 259 (26%)
Reduced cost fixing for graph G_2...  took 0 sec., done by inspection with 2863 solutions, remains 437 (15.3%)
Reduced cost fixing for graph G_1...  took 0 sec., done by inspection with 9383 solutions, remains 1423 (15.2%)
ColGenEvalAlg final dual bound: -947.5 (rounded: -947)
----- Terminating the node by MIP -----
 SB phase 3 candidate 1 is conquered !
New model incumbent solution -915, TIME = 0h0m3s69t = 369
************************************************************************************************
Search is finished, global bounds : [ -915 , -915 ], TIME = 0h0m3s69t = 369
************************************************************************************************
[32mBaPCod : solution defined.[00m
statistics_cols: instance & :Optimal & cutoff & :bcRecRootDb & :bcTimeRootEval & :bcCountNodeProc & :bcRecBestDb & :bcRecBestInc & :bcTimeMain \\
statistics: 66-60-6-4 & 1 & -913.99999 & -962.00 & 2.58 & 3 & -915.00 & -915 & 3.69 \\
########################################################
trip 1 : 1 28 20 19 11 12 13 14 3 
trip 2 : 3 15 16 24 32 40 48 56 64 72 4 
trip 3 : 4 71 70 69 68 67 66 65 57 5 
trip 4 : 5 49 41 42 43 44 2 
tour : 1 28 20 19 11 12 13 14 3 15 16 24 32 40 48 56 64 72 4 71 70 69 68 67 66 65 57 5 49 41 42 43 44 2
Cost 915.0
########################################################
