Application parameters:
  batch  =>  nothing
  tikz  =>  "/TIKZ/T1-65-6-4.tex"
  instance  =>  "/IN/T1-65-6-4.ophs"
  out  =>  "/OUT/T1-65-6-4.sol"
  nosolve  =>  false
  ub  =>  -240
  complete  =>  false
  cfg  =>  "/BWTSP/src/../config/OPHS.cfg"
VRPSolver warning: Interval set for resource 1 on source node (when source != sink) is ignored (by definition is [0.0,0.0])
VRPSolver warning: Interval set for resource 1 on source node (when source != sink) is ignored (by definition is [0.0,0.0])
VRPSolver warning: Interval set for resource 1 on source node (when source != sink) is ignored (by definition is [0.0,0.0])
VRPSolver warning: Interval set for resource 1 on source node (when source != sink) is ignored (by definition is [0.0,0.0])
[41m solve [00m
~~~~~~~~~~~~~~~~~~~~~~~~~~~~~~~~~~~~~~~~~~~~~~~~~~~~~~~~~~~~~~~~~~~~~~~~~~~~~~
VRPSolver v0.4.1, 24/03/2021. Web: vrpsolver.math.u-bordeaux.fr
Corresponds to the solver by Pessoa, Sadykov, Uchoa and Vanderbeck (2020)
Paper: dx.doi.org/10.1007/s10107-020-01523-z
USE THIS CODE ONLY FOR ACADEMIC PURPOSES AT YOUR OWN RISK
~~~~~~~~~~~~~~~~~~~~~~~~~~~~~~~~~~~~~~~~~~~~~~~~~~~~~~~~~~~~~~~~~~~~~~~~~~~~~~
BaPCod v053, 24/03/2021, © Inria Bordeaux, France
~~~~~~~~~~~~~~~~~~~~~~~~~~~~~~~~~~~~~~~~~~~~~~~~~~~~~~~~~~~~~~~~~~~~~~~~~~~~~~
VRPSolver parameters:
GlobalTimeLimit = 18000
MaxNbOfBBtreeNodeTreated = 100000
treeSearchStrategy = 1
RCSPstopCutGenTimeThresholdInPricing = 10
RCSPhardTimeThresholdInPricing = 25
RCSPnumberOfBucketsPerVertex = 25
RCSPdynamicBucketSteps = 1
RCSPuseBidirectionalSearch = 2
RCSPapplyReducedCostFixing = 1
RCSPredCostFixingFalseGap = 0
RCSPmaxNumOfColsPerIteration = 30
RCSPmaxNumOfColsPerExactIteration = 150
RCSPheurLabelingStrategy = 0
StabilizationMinPhaseOfStage = 0
RCSPmaxNumOfLabelsInEnumeration = 0
RCSPmaxNumOfEnumeratedSolutions = 0
RCSPmaxNumOfEnumSolutionsForMIP = 10000
RCSPinitNGneighbourhoodSize = 8
RCSPmaxNGneighbourhoodSize = 8
RCSPrankOneCutsMaxNumPerRound = 100
RCSPrankOneCutsMaxNumRows = 5
RCSPrankOneCutsMemoryType = 0
CutTailingOffThreshold = 0.015
CutTailingOffCounterThreshold = 3
SafeDualBoundScaleFactor = -1
StrongBranchingPhaseOneCandidatesNumber = 100
StrongBranchingPhaseOneTreeSizeEstimRatio = 0.2
StrongBranchingPhaseTwoCandidatesNumber = 3
StrongBranchingPhaseTwoTreeSizeEstimRatio = 0.02
MaxTimeForRestrictedMasterIpHeur = -1
DivingHeurUseDepthLimit = 0
MaxLDSbreadth = 1
MaxLDSdepth = 10000
New model incumbent solution -239, TIME = 0h0m0s2t = 2
Model is built TIME = 0h0m0s82t = 82
************************************************************************************************
**** BaB tree root node
**** Local DB = -1e+12, global bounds : [ -1e+12 , -239 ], TIME = 0h0m0s82t = 82
**** 1 open nodes, 0 columns (0 active), 0 dyn. constrs. (0 active), 181 art. vars. (181 active)
************************************************************************************************
--------------------------------------------------------------------------
BaPCod info : first we run the root node with rank-1 cuts with node memory
--------------------------------------------------------------------------
<DWph=2> <it= 10> <et=0.86> <Mt= 0.00> <Spt= 0.02> <nCl=229> <DB= -286.1490> <Mlp= -240.6298> <PB=-238.99999> 
<DWph=2> <it= 20> <et=0.89> <Mt= 0.01> <Spt= 0.03> <nCl= 73> <DB= -248.9111> <Mlp= -245.6058> <PB=-238.99999> 
<DWph=2> <it= 27> <et=0.92> <Mt= 0.00> <Spt= 0.03> <nCl=  7> <DB= -245.6186> <Mlp= -245.6186> <PB=-238.99999> 
<DWph=1> <it= 30> <et=0.95> <Mt= 0.00> <Spt= 0.02> <nCl= 22> <DB= -246.8017> <Mlp= -246.0187> <PB=-238.99999> 
<DWph=1> <it= 33> <et=0.97> <Mt= 0.00> <Spt= 0.02> <nCl=  2> <DB= -246.0789> <Mlp= -246.0789> <PB=-238.99999> 
<DWph=0> <it= 35> <et=1.01> <Mt= 0.00> <Spt= 0.05> <nCl=  5> <DB= -246.1530> <Mlp= -246.1530> <PB=-238.99999> 
Reduced cost fixing for graph G_4... took 0 sec., 2778 buck. arcs remain (38% from prev., 6.46% from max.)
Reduced cost fixing for graph G_3... took 0 sec., 3469 buck. arcs remain (32.7% from prev., 7.45% from max.)
Reduced cost fixing for graph G_2... took 0 sec., 3629 buck. arcs remain (37.8% from prev., 7.96% from max.)
Reduced cost fixing for graph G_1... took 0 sec., 3296 buck. arcs remain (30.7% from prev., 7.07% from max.)
ColGenEvalAlg final dual bound: -246.153 (rounded: -246)
----- Add fac. cuts : R1C(179), max.viol = 0.556034, aver.viol = 0.188861, sep/add took 0.01/0.04 sec. -----
1069 columns (1069 active), 179 dyn. constrs. (179 active), 360 art. vars. (360 active)
<DWph=2> <it=  6> <et=1.17> <Mt= 0.03> <Spt= 0.03> <nCl= 19> <DB= -243.9815> <Mlp= -243.9815> <PB=-238.99999> 
<DWph=1> <it= 10> <et=1.20> <Mt= 0.01> <Spt= 0.02> <nCl=  9> <DB= -244.0789> <Mlp= -244.0789> <PB=-238.99999> 
<DWph=0> <it= 12> <et=1.28> <Mt= 0.00> <Spt= 0.07> <nCl= 10> <DB= -244.0909> <Mlp= -244.0909> <PB=-238.99999> 
Reduced cost fixing for graph G_4... took 0 sec., 2504 buck. arcs remain (90.1% from prev., 5.82% from max.)
Reduced cost fixing for graph G_3... took 0 sec., 2867 buck. arcs remain (82.6% from prev., 6.16% from max.)
Reduced cost fixing for graph G_2... took 0 sec., 2876 buck. arcs remain (79.3% from prev., 6.31% from max.)
Reduced cost fixing for graph G_1... took 0 sec., 2410 buck. arcs remain (73.1% from prev., 5.17% from max.)
ColGenEvalAlg final dual bound: -244.091 (rounded: -244)
Gap improvement since the last cut separation : 0.288285 (-246.153)
----- Add fac. cuts : R1C(210), max.viol = 0.363636, aver.viol = 0.180411, sep/add took 0.17/0.07 sec. -----
1583 columns (1583 active), 389 dyn. constrs. (232 active), 570 art. vars. (413 active)
<DWph=2> <it=  1> <et=1.58> <Mt= 0.02> <Spt= 0.01> <nCl=  0> <DB= -243.1250> <Mlp= -243.1250> <PB=-238.99999> 
<DWph=1> <it=  3> <et=1.59> <Mt= 0.00> <Spt= 0.01> <nCl=  1> <DB= -243.1250> <Mlp= -243.1250> <PB=-238.99999> 
<DWph=0> <it=  6> <et=1.67> <Mt= 0.01> <Spt= 0.07> <nCl=  5> <DB= -243.2073> <Mlp= -243.2073> <PB=-238.99999> 
Reduced cost fixing for graph G_4... took 0 sec., 2144 buck. arcs remain (85.6% from prev., 4.98% from max.)
Reduced cost fixing for graph G_3... took 0 sec., 2593 buck. arcs remain (90.4% from prev., 5.57% from max.)
Reduced cost fixing for graph G_2... took 0 sec., 2169 buck. arcs remain (75.4% from prev., 4.76% from max.)
Reduced cost fixing for graph G_1... took 0 sec., 1626 buck. arcs remain (67.5% from prev., 3.49% from max.)
ColGenEvalAlg final dual bound: -243.207 (rounded: -243)
Gap improvement since the last cut separation : 0.173562 (-244.091)
----- Add fac. cuts : R1C(174), max.viol = 0.187805, aver.viol = 0.0994533, sep/add took 0.18/0.08 sec. -----
1929 columns (1929 active), 406 dyn. constrs. (195 active), 744 art. vars. (376 active)
<DWph=2> <it=  1> <et=2.00> <Mt= 0.01> <Spt= 0.01> <nCl=  0> <DB= -243.0867> <Mlp= -243.0867> <PB=-238.99999> 
<DWph=1> <it=  2> <et=2.00> <Mt= 0.00> <Spt= 0.01> <nCl=  0> <DB= -243.0867> <Mlp= -243.0867> <PB=-238.99999> 
<DWph=0> <it=  3> <et=2.03> <Mt= 0.00> <Spt= 0.02> <nCl=  0> <DB= -243.0867> <Mlp= -243.0867> <PB=-238.99999> 
ColGenEvalAlg final dual bound: -243.087 (rounded: -243)
Gap improvement since the last cut separation : 0.0286683 (-243.207)
----- Add fac. cuts : R1C(154), max.viol = 0.11734, aver.viol = 0.0976605, sep/add took 0.2/0.06 sec. -----
1971 columns (1971 active), 349 dyn. constrs. (174 active), 898 art. vars. (355 active)
<DWph=2> <it=  1> <et=2.33> <Mt= 0.01> <Spt= 0.01> <nCl=  0> <DB= -243.0581> <Mlp= -243.0581> <PB=-238.99999> 
<DWph=1> <it=  2> <et=2.34> <Mt= 0.00> <Spt= 0.01> <nCl=  0> <DB= -243.0581> <Mlp= -243.0581> <PB=-238.99999> 
<DWph=0> <it=  3> <et=2.37> <Mt= 0.00> <Spt= 0.02> <nCl=  0> <DB= -243.0581> <Mlp= -243.0581> <PB=-238.99999> 
ColGenEvalAlg final dual bound: -243.058 (rounded: -243)
Gap improvement since the last cut separation : 0.00700744 (-243.087)
----- Add fac. cuts : R1C(111), max.viol = 0.105596, aver.viol = 0.0487636, sep/add took 0.21/0.06 sec. -----
1991 columns (1991 active), 285 dyn. constrs. (134 active), 1009 art. vars. (315 active)
<DWph=2> <it=  1> <et=2.69> <Mt= 0.01> <Spt= 0.01> <nCl=  0> <DB= -242.9794> <Mlp= -242.9794> <PB=-238.99999> 
<DWph=1> <it=  2> <et=2.70> <Mt= 0.01> <Spt= 0.01> <nCl=  0> <DB= -242.9794> <Mlp= -242.9794> <PB=-238.99999> 
<DWph=0> <it=  3> <et=2.73> <Mt= 0.00> <Spt= 0.03> <nCl=  0> <DB= -242.9794> <Mlp= -242.9794> <PB=-238.99999> 
ColGenEvalAlg final dual bound: -242.979 (rounded: -242)
Gap improvement since the last cut separation : 0.0193769 (-243.058)
----- Add fac. cuts : R1C(130), max.viol = 0.0958859, aver.viol = 0.0566616, sep/add took 0.24/0.06 sec. -----
2047 columns (2047 active), 264 dyn. constrs. (160 active), 1139 art. vars. (341 active)
<DWph=2> <it=  1> <et=3.08> <Mt= 0.01> <Spt= 0.01> <nCl=  0> <DB= -242.8418> <Mlp= -242.8418> <PB=-238.99999> 
<DWph=1> <it=  2> <et=3.09> <Mt= 0.00> <Spt= 0.01> <nCl=  0> <DB= -242.8418> <Mlp= -242.8418> <PB=-238.99999> 
<DWph=0> <it=  3> <et=3.12> <Mt= 0.00> <Spt= 0.02> <nCl=  0> <DB= -242.8418> <Mlp= -242.8418> <PB=-238.99999> 
ColGenEvalAlg final dual bound: -242.842 (rounded: -242)
Gap improvement since the last cut separation : 0.0345922 (-242.979)
----- Add fac. cuts : R1C(136), max.viol = 0.0810127, aver.viol = 0.0271221, sep/add took 0.22/0.06 sec. -----
2096 columns (2096 active), 296 dyn. constrs. (166 active), 1275 art. vars. (347 active)
<DWph=2> <it=  1> <et=3.45> <Mt= 0.01> <Spt= 0.01> <nCl=  0> <DB= -242.7500> <Mlp= -242.7500> <PB=-238.99999> 
<DWph=1> <it=  2> <et=3.46> <Mt= 0.00> <Spt= 0.01> <nCl=  0> <DB= -242.7500> <Mlp= -242.7500> <PB=-238.99999> 
<DWph=0> <it=  3> <et=3.49> <Mt= 0.01> <Spt= 0.03> <nCl=  0> <DB= -242.7500> <Mlp= -242.7500> <PB=-238.99999> 
Reduced cost fixing for graph G_4... took 0 sec., 2021 buck. arcs remain (94.3% from prev., 4.7% from max.)
Reduced cost fixing for graph G_3... took 0 sec., 2516 buck. arcs remain (97% from prev., 5.41% from max.)
Reduced cost fixing for graph G_2... took 0 sec., 1958 buck. arcs remain (90.3% from prev., 4.3% from max.)
Reduced cost fixing for graph G_1... took 0 sec., 1261 buck. arcs remain (77.6% from prev., 2.71% from max.)
ColGenEvalAlg final dual bound: -242.75 (rounded: -242)
Gap improvement since the last cut separation : 0.0238879 (-242.842)
----- Add fac. cuts : R1C(49), max.viol = 0.05, aver.viol = 0.05, sep/add took 0.15/0.03 sec. -----
2134 columns (2134 active), 215 dyn. constrs. (79 active), 1324 art. vars. (260 active)
<DWph=2> <it=  1> <et=3.73> <Mt= 0.00> <Spt= 0.01> <nCl=  0> <DB= -242.7410> <Mlp= -242.7410> <PB=-238.99999> 
<DWph=1> <it=  2> <et=3.74> <Mt= 0.00> <Spt= 0.00> <nCl=  0> <DB= -242.7410> <Mlp= -242.7410> <PB=-238.99999> 
<DWph=0> <it=  3> <et=3.77> <Mt= 0.01> <Spt= 0.03> <nCl=  0> <DB= -242.7410> <Mlp= -242.7410> <PB=-238.99999> 
ColGenEvalAlg final dual bound: -242.741 (rounded: -242)
Gap improvement since the last cut separation : 0.00240963 (-242.75)
----- Add fac. cuts : R1C(21), max.viol = 0.0512048, aver.viol = 0.0401606, sep/add took 0.22/0.01 sec. -----
2165 columns (2165 active), 100 dyn. constrs. (52 active), 1345 art. vars. (233 active)
<DWph=2> <it=  1> <et=4.03> <Mt= 0.00> <Spt= 0.01> <nCl=  0> <DB= -242.7292> <Mlp= -242.7292> <PB=-238.99999> 
<DWph=1> <it=  2> <et=4.04> <Mt= 0.00> <Spt= 0.01> <nCl=  0> <DB= -242.7292> <Mlp= -242.7292> <PB=-238.99999> 
<DWph=0> <it=  3> <et=4.07> <Mt= 0.01> <Spt= 0.02> <nCl=  0> <DB= -242.7292> <Mlp= -242.7292> <PB=-238.99999> 
ColGenEvalAlg final dual bound: -242.729 (rounded: -242)
Gap improvement since the last cut separation : 0.00315351 (-242.741)
----- Cut generation is stopped due to tailing off -----
----------- Diving heuristic started -----------
<DWph=2> <it=  1> <et=4.09> <Mt= 0.00> <Spt= 0.00> <nCl=  0> <DB= -242.7292> <Mlp= -242.7292> <PB=-238.99999> 
<DWph=1> <it=  2> <et=4.09> <Mt= 0.00> <Spt= 0.00> <nCl=  0> <DB= -242.7292> <Mlp= -242.7292> <PB=-238.99999> 
---- Diving heuristic node with dive number = 0, fix depth = 1 and tabu list size = 0
Fixed projected solution = [t_1_3_1_1_OspV=1, x_1_1_34_1_OspV=1, x_1_3_30_1_OspV=1, x_1_30_31_1_OspV=1, x_1_31_32_1_OspV=1, x_1_32_33_1_OspV=1, x_1_33_38_1_OspV=1, x_1_34_38_1_OspV=1, y_1_1_1_1_OspV=1]
<DWph=2> <it=  4> <et=4.18> <Mt= 0.06> <Spt= 0.01> <nCl=  8> <DB= -240.0000> <Mlp= -240.0000> <PB=-240> 
<DWph=1> <it=  6> <et=4.19> <Mt= 0.00> <Spt= 0.01> <nCl=  1> <DB= -240.0000> <Mlp= -240.0000> <PB=-240> 
---- Diving heuristic node with dive number = 1, fix depth = 1 and tabu list size = 1
Fixed projected solution = [t_1_5_1_1_OspV=1, x_1_1_35_1_OspV=1, x_1_5_23_1_OspV=1, x_1_22_23_1_OspV=1, x_1_22_24_1_OspV=1, x_1_24_36_1_OspV=1, x_1_35_36_1_OspV=1, y_1_1_1_1_OspV=1]
<DWph=2> <it=  1> <et=4.27> <Mt= 0.06> <Spt= 0.00> <nCl=  0> <DB=23756.0000> <Mlp=23756.0000> <PB=-240> 
<DWph=1> <it=  4> <et=4.29> <Mt= 0.01> <Spt= 0.01> <nCl=  2> <DB=23755.9353> <Mlp=23755.9353> <PB=-240> 
**** Strong branching phase 1 is started *****
SB phase 1 cand.  1 branch on t_5_1 (lhs=0.3250): [ -242.0000,  -212.5000], score = 2.72      <et=4.33>
SB phase 1 cand.  2 branch on t_3_1 (lhs=0.6750): [ -240.5000,  -240.3571], score = 5.29      <et=4.36>
SB phase 1 cand.  3 branch on t_4_2 (lhs=0.3208): [ -242.4423,  -235.0000], score = 1.07      <et=4.37>
SB phase 1 cand.  6 branch on t_7_2 (lhs=0.1875): [ -242.4198,  -220.4082], score = 1.15      <et=4.48>
SB phase 1 cand. 14 branch on y_5_2 (lhs=0.3250): [ -242.0000,  -212.5000], score = 2.72      <et=4.7>
SB phase 1 cand. 15 branch on y_3_2 (lhs=0.6750): [ -240.5000,  -240.3571], score = 5.29      <et=4.73>
**** Strong branching phase 2 is started *****
<DWph=1> <it=  2> <et=5.07> <Mt= 0.00> <Spt= 0.02> <nCl=  0> <DB= -240.3571> <Mlp= -240.3571> <PB=-240> 
<DWph=1> <it=  2> <et=5.09> <Mt= 0.00> <Spt= 0.01> <nCl=  0> <DB= -240.5000> <Mlp= -240.5000> <PB=-240> 
SB phase 2 cand.  1 branch on t_3_1 (lhs=0.6750): [ -240.5000,  -240.3571], score = 5.29      <et=5.1>
<DWph=1> <it=  5> <et=5.14> <Mt= 0.01> <Spt= 0.02> <nCl= 13> <DB= -221.6667> <Mlp= -221.6667> <PB=-240> 
<DWph=1> <it=  2> <et=5.16> <Mt= 0.01> <Spt= 0.01> <nCl=  0> <DB= -242.0000> <Mlp= -242.0000> <PB=-240> 
SB phase 2 cand.  2 branch on t_5_1 (lhs=0.3250): [ -242.0000,  -221.6667], score = 2.72      <et=5.16>
<DWph=1> <it=  4> <et=5.21> <Mt= 0.01> <Spt= 0.03> <nCl=  5> <DB= -230.8333> <Mlp= -230.8333> <PB=-240> 
<DWph=1> <it=  2> <et=5.24> <Mt= 0.00> <Spt= 0.01> <nCl=  0> <DB= -242.4198> <Mlp= -242.4198> <PB=-240> 
SB phase 2 cand.  3 branch on y_7_3 (lhs=0.1875): [ -242.4198,  -230.8333], score = 1.15      <et=5.24>
**** Strong branching phase 3 is started *****
**** SB phase 3 evaluation of candidate 1, branch 1 ( t_3_1 >= 1 ), value = -240.357
<DWph=2> <it=  1> <et=5.26> <Mt= 0.00> <Spt= 0.00> <nCl=  0> <DB= -240.3571> <Mlp= -240.3571> <PB=-240> 
<DWph=1> <it=  2> <et=5.26> <Mt= 0.01> <Spt= 0.01> <nCl=  0> <DB= -240.3571> <Mlp= -240.3571> <PB=-240> 
<DWph=0> <it=  3> <et=5.28> <Mt= 0.00> <Spt= 0.02> <nCl=  1> <DB= -240.7143> <Mlp= -240.3571> <PB=-240> 
ColGenEvalAlg final dual bound: -240.714 (rounded: -240)
**** SB phase 3 evaluation of candidate 1, branch 2 ( t_3_1 <= 0 ), value = -240.5
<DWph=2> <it=  1> <et=5.30> <Mt= 0.00> <Spt= 0.00> <nCl=  0> <DB= -240.5000> <Mlp= -240.5000> <PB=-240> 
<DWph=1> <it=  2> <et=5.31> <Mt= 0.00> <Spt= 0.01> <nCl=  0> <DB= -240.5000> <Mlp= -240.5000> <PB=-240> 
<DWph=0> <it=  3> <et=5.34> <Mt= 0.00> <Spt= 0.02> <nCl=  0> <DB= -240.5000> <Mlp= -240.5000> <PB=-240> 
ColGenEvalAlg final dual bound: -240.5 (rounded: -240)
 SB phase 3 candidate 1 is conquered !
New model incumbent solution -240, TIME = 0h0m5s34t = 534
************************************************************************************************
Search is finished, global bounds : [ -240 , -240 ], TIME = 0h0m5s35t = 535
************************************************************************************************
[32mBaPCod : solution defined.[00m
statistics_cols: instance & :Optimal & cutoff & :bcRecRootDb & :bcTimeRootEval & :bcCountNodeProc & :bcRecBestDb & :bcRecBestInc & :bcTimeMain \\
statistics: T1-65-6-4 & 1 & -238.99999 & -242.00 & 4.09 & 3 & -240.00 & -240 & 5.35 \\
########################################################
trip 1 : 1 34 38 33 32 31 30 3 
trip 2 : 3 29 28 19 18 17 15 9 4 
trip 3 : 4 10 12 11 21 22 23 5 
trip 4 : 5 24 36 35 2 
tour : 1 34 38 33 32 31 30 3 29 28 19 18 17 15 9 4 10 12 11 21 22 23 5 24 36 35 2
Cost 240.0
########################################################
