Application parameters:
  batch  =>  nothing
  tikz  =>  "/TIKZ/T1-75-6-4.tex"
  instance  =>  "/IN/T1-75-6-4.ophs"
  out  =>  "/OUT/T1-75-6-4.sol"
  nosolve  =>  false
  ub  =>  -270
  complete  =>  false
  cfg  =>  "/BWTSP/src/../config/OPHS.cfg"
VRPSolver warning: Interval set for resource 1 on source node (when source != sink) is ignored (by definition is [0.0,0.0])
VRPSolver warning: Interval set for resource 1 on source node (when source != sink) is ignored (by definition is [0.0,0.0])
VRPSolver warning: Interval set for resource 1 on source node (when source != sink) is ignored (by definition is [0.0,0.0])
VRPSolver warning: Interval set for resource 1 on source node (when source != sink) is ignored (by definition is [0.0,0.0])
[41m solve [00m
~~~~~~~~~~~~~~~~~~~~~~~~~~~~~~~~~~~~~~~~~~~~~~~~~~~~~~~~~~~~~~~~~~~~~~~~~~~~~~
VRPSolver v0.4.1, 24/03/2021. Web: vrpsolver.math.u-bordeaux.fr
Corresponds to the solver by Pessoa, Sadykov, Uchoa and Vanderbeck (2020)
Paper: dx.doi.org/10.1007/s10107-020-01523-z
USE THIS CODE ONLY FOR ACADEMIC PURPOSES AT YOUR OWN RISK
~~~~~~~~~~~~~~~~~~~~~~~~~~~~~~~~~~~~~~~~~~~~~~~~~~~~~~~~~~~~~~~~~~~~~~~~~~~~~~
BaPCod v053, 24/03/2021, © Inria Bordeaux, France
~~~~~~~~~~~~~~~~~~~~~~~~~~~~~~~~~~~~~~~~~~~~~~~~~~~~~~~~~~~~~~~~~~~~~~~~~~~~~~
VRPSolver parameters:
GlobalTimeLimit = 18000
MaxNbOfBBtreeNodeTreated = 100000
treeSearchStrategy = 1
RCSPstopCutGenTimeThresholdInPricing = 10
RCSPhardTimeThresholdInPricing = 25
RCSPnumberOfBucketsPerVertex = 25
RCSPdynamicBucketSteps = 1
RCSPuseBidirectionalSearch = 2
RCSPapplyReducedCostFixing = 1
RCSPredCostFixingFalseGap = 0
RCSPmaxNumOfColsPerIteration = 30
RCSPmaxNumOfColsPerExactIteration = 150
RCSPheurLabelingStrategy = 0
StabilizationMinPhaseOfStage = 0
RCSPmaxNumOfLabelsInEnumeration = 500000
RCSPmaxNumOfEnumeratedSolutions = 5000000
RCSPmaxNumOfEnumSolutionsForMIP = 10000
RCSPinitNGneighbourhoodSize = 8
RCSPmaxNGneighbourhoodSize = 8
RCSPrankOneCutsMaxNumPerRound = 100
RCSPrankOneCutsMaxNumRows = 5
RCSPrankOneCutsMemoryType = 0
CutTailingOffThreshold = 0.015
CutTailingOffCounterThreshold = 3
SafeDualBoundScaleFactor = -1
StrongBranchingPhaseOneCandidatesNumber = 100
StrongBranchingPhaseOneTreeSizeEstimRatio = 0.2
StrongBranchingPhaseTwoCandidatesNumber = 3
StrongBranchingPhaseTwoTreeSizeEstimRatio = 0.02
MaxTimeForRestrictedMasterIpHeur = -1
DivingHeurUseDepthLimit = 0
MaxLDSbreadth = 1
MaxLDSdepth = 10000
New model incumbent solution -269, TIME = 0h0m0s5t = 5
Model is built TIME = 0h0m0s85t = 85
************************************************************************************************
**** BaB tree root node
**** Local DB = -1e+12, global bounds : [ -1e+12 , -269 ], TIME = 0h0m0s85t = 85
**** 1 open nodes, 0 columns (0 active), 0 dyn. constrs. (0 active), 181 art. vars. (181 active)
************************************************************************************************
--------------------------------------------------------------------------
BaPCod info : first we run the root node with rank-1 cuts with node memory
--------------------------------------------------------------------------
<DWph=2> <it= 10> <et=0.89> <Mt= 0.00> <Spt= 0.03> <nCl=227> <DB= -326.0761> <Mlp= -264.7249> <PB=-268.99999> 
<DWph=2> <it= 20> <et=0.94> <Mt= 0.01> <Spt= 0.03> <nCl=128> <DB= -282.4478> <Mlp= -276.5714> <PB=-268.99999> 
<DWph=2> <it= 27> <et=0.97> <Mt= 0.00> <Spt= 0.03> <nCl= 10> <DB= -276.9899> <Mlp= -276.6667> <PB=-268.99999> 
<DWph=1> <it= 30> <et=1.00> <Mt= 0.01> <Spt= 0.02> <nCl= 17> <DB= -279.3654> <Mlp= -276.8696> <PB=-268.99999> 
<DWph=1> <it= 33> <et=1.03> <Mt= 0.00> <Spt= 0.04> <nCl=  2> <DB= -276.9397> <Mlp= -276.9397> <PB=-268.99999> 
<DWph=0> <it= 35> <et=1.08> <Mt= 0.00> <Spt= 0.04> <nCl=  4> <DB= -277.2185> <Mlp= -277.2185> <PB=-268.99999> 
Reduced cost fixing for graph G_4... took 0 sec., 3103 buck. arcs remain (43.7% from prev., 7.27% from max.)
Run enumeration... took 0.01 sec. and succeeded! Pricing will be done by inspection.
Reduced cost fixing for graph G_3... took 0.01 sec., 5909 buck. arcs remain (47.4% from prev., 12.3% from max.)
Run enumeration... took 0.02 sec. and succeeded! Pricing will be done by inspection.
Reduced cost fixing for graph G_2... took 0.01 sec., 5902 buck. arcs remain (44.3% from prev., 12.1% from max.)
Run enumeration... took 0.02 sec. and succeeded! Pricing will be done by inspection.
Reduced cost fixing for graph G_1... took 0.01 sec., 5341 buck. arcs remain (38.3% from prev., 10.9% from max.)
Run enumeration... took 0.01 sec. and succeeded! Pricing will be done by inspection.
<DWph=2> <it= 36> <et=1.26> <Mt= 0.02> <Spt= 0.01> <nCl=  0> <DB= -277.0951> <Mlp= -277.0951> <PB=-268.99999> 
<DWph=1> <it= 37> <et=1.27> <Mt= 0.00> <Spt= 0.00> <nCl=  0> <DB= -277.0951> <Mlp= -277.0951> <PB=-268.99999> 
<DWph=0> <it= 38> <et=1.28> <Mt= 0.00> <Spt= 0.01> <nCl=  0> <DB= -277.0951> <Mlp= -277.0951> <PB=-268.99999> 
Reduced cost fixing for graph G_4...  took 0 sec., done by inspection with 619 solutions, remains 581 (93.9%)
Reduced cost fixing for graph G_3...  took 0 sec., done by inspection with 4842 solutions, remains 3864 (79.8%)
Reduced cost fixing for graph G_2...  took 0 sec., done by inspection with 5261 solutions, remains 4069 (77.3%)
Reduced cost fixing for graph G_1...  took 0 sec., done by inspection with 2716 solutions, remains 1466 (54%)
ColGenEvalAlg final dual bound: -277.095 (rounded: -277)
----- Terminating the node by MIP -----
MIP found solution with value -270
New model incumbent solution -270, TIME = 0h0m3s62t = 362
************************************************************************************************
Search is finished, global bounds : [ -270 , -270 ], TIME = 0h0m3s62t = 362
************************************************************************************************
[32mBaPCod : solution defined.[00m
statistics_cols: instance & :Optimal & cutoff & :bcRecRootDb & :bcTimeRootEval & :bcCountNodeProc & :bcRecBestDb & :bcRecBestInc & :bcTimeMain \\
statistics: T1-75-6-4 & 1 & -268.99999 & -270.00 & 3.62 & 1 & -270.00 & -270 & 3.62 \\
########################################################
trip 1 : 1 34 27 33 38 37 32 3 
trip 2 : 3 31 30 29 28 19 18 17 16 15 9 10 4 
trip 3 : 4 14 13 12 11 21 22 5 
trip 4 : 5 23 24 36 35 2 
tour : 1 34 27 33 38 37 32 3 31 30 29 28 19 18 17 16 15 9 10 4 14 13 12 11 21 22 5 23 24 36 35 2
Cost 270.0
########################################################
