Application parameters:
  batch  =>  nothing
  tikz  =>  "/TIKZ/T1-70-6-4.tex"
  instance  =>  "/IN/T1-70-6-4.ophs"
  out  =>  "/OUT/T1-70-6-4.sol"
  nosolve  =>  false
  ub  =>  -260
  complete  =>  false
  cfg  =>  "/BWTSP/src/../config/OPHS.cfg"
VRPSolver warning: Interval set for resource 1 on source node (when source != sink) is ignored (by definition is [0.0,0.0])
VRPSolver warning: Interval set for resource 1 on source node (when source != sink) is ignored (by definition is [0.0,0.0])
VRPSolver warning: Interval set for resource 1 on source node (when source != sink) is ignored (by definition is [0.0,0.0])
VRPSolver warning: Interval set for resource 1 on source node (when source != sink) is ignored (by definition is [0.0,0.0])
[41m solve [00m
~~~~~~~~~~~~~~~~~~~~~~~~~~~~~~~~~~~~~~~~~~~~~~~~~~~~~~~~~~~~~~~~~~~~~~~~~~~~~~
VRPSolver v0.4.1, 24/03/2021. Web: vrpsolver.math.u-bordeaux.fr
Corresponds to the solver by Pessoa, Sadykov, Uchoa and Vanderbeck (2020)
Paper: dx.doi.org/10.1007/s10107-020-01523-z
USE THIS CODE ONLY FOR ACADEMIC PURPOSES AT YOUR OWN RISK
~~~~~~~~~~~~~~~~~~~~~~~~~~~~~~~~~~~~~~~~~~~~~~~~~~~~~~~~~~~~~~~~~~~~~~~~~~~~~~
BaPCod v053, 24/03/2021, © Inria Bordeaux, France
~~~~~~~~~~~~~~~~~~~~~~~~~~~~~~~~~~~~~~~~~~~~~~~~~~~~~~~~~~~~~~~~~~~~~~~~~~~~~~
VRPSolver parameters:
GlobalTimeLimit = 18000
MaxNbOfBBtreeNodeTreated = 100000
treeSearchStrategy = 1
RCSPstopCutGenTimeThresholdInPricing = 10
RCSPhardTimeThresholdInPricing = 25
RCSPnumberOfBucketsPerVertex = 25
RCSPdynamicBucketSteps = 1
RCSPuseBidirectionalSearch = 2
RCSPapplyReducedCostFixing = 1
RCSPredCostFixingFalseGap = 0
RCSPmaxNumOfColsPerIteration = 30
RCSPmaxNumOfColsPerExactIteration = 150
RCSPheurLabelingStrategy = 0
StabilizationMinPhaseOfStage = 0
RCSPmaxNumOfLabelsInEnumeration = 500000
RCSPmaxNumOfEnumeratedSolutions = 5000000
RCSPmaxNumOfEnumSolutionsForMIP = 10000
RCSPinitNGneighbourhoodSize = 8
RCSPmaxNGneighbourhoodSize = 8
RCSPrankOneCutsMaxNumPerRound = 100
RCSPrankOneCutsMaxNumRows = 5
RCSPrankOneCutsMemoryType = 0
CutTailingOffThreshold = 0.015
CutTailingOffCounterThreshold = 3
SafeDualBoundScaleFactor = -1
StrongBranchingPhaseOneCandidatesNumber = 100
StrongBranchingPhaseOneTreeSizeEstimRatio = 0.2
StrongBranchingPhaseTwoCandidatesNumber = 3
StrongBranchingPhaseTwoTreeSizeEstimRatio = 0.02
MaxTimeForRestrictedMasterIpHeur = -1
DivingHeurUseDepthLimit = 0
MaxLDSbreadth = 1
MaxLDSdepth = 10000
New model incumbent solution -259, TIME = 0h0m0s2t = 2
Model is built TIME = 0h0m0s82t = 82
************************************************************************************************
**** BaB tree root node
**** Local DB = -1e+12, global bounds : [ -1e+12 , -259 ], TIME = 0h0m0s82t = 82
**** 1 open nodes, 0 columns (0 active), 0 dyn. constrs. (0 active), 181 art. vars. (181 active)
************************************************************************************************
--------------------------------------------------------------------------
BaPCod info : first we run the root node with rank-1 cuts with node memory
--------------------------------------------------------------------------
<DWph=2> <it= 10> <et=0.86> <Mt= 0.00> <Spt= 0.03> <nCl=238> <DB= -315.8804> <Mlp= -251.4486> <PB=-258.99999> 
<DWph=2> <it= 20> <et=0.90> <Mt= 0.01> <Spt= 0.03> <nCl=110> <DB= -266.0842> <Mlp= -265.6667> <PB=-258.99999> 
<DWph=2> <it= 27> <et=0.93> <Mt= 0.00> <Spt= 0.02> <nCl=  7> <DB= -266.8333> <Mlp= -265.7895> <PB=-258.99999> 
<DWph=1> <it= 30> <et=0.95> <Mt= 0.00> <Spt= 0.02> <nCl= 13> <DB= -267.4883> <Mlp= -266.2500> <PB=-258.99999> 
<DWph=1> <it= 32> <et=0.98> <Mt= 0.00> <Spt= 0.02> <nCl=  1> <DB= -266.2500> <Mlp= -266.2500> <PB=-258.99999> 
<DWph=0> <it= 34> <et=1.01> <Mt= 0.01> <Spt= 0.04> <nCl=  3> <DB= -266.2500> <Mlp= -266.2500> <PB=-258.99999> 
Reduced cost fixing for graph G_4... took 0 sec., 2700 buck. arcs remain (36.2% from prev., 6.28% from max.)
Run enumeration... took 0.01 sec. and succeeded! Pricing will be done by inspection.
Reduced cost fixing for graph G_3... took 0 sec., 3779 buck. arcs remain (34.9% from prev., 8.13% from max.)
Run enumeration... took 0.01 sec. and succeeded! Pricing will be done by inspection.
Reduced cost fixing for graph G_2... took 0 sec., 4196 buck. arcs remain (36.9% from prev., 8.89% from max.)
Run enumeration... took 0.01 sec. and succeeded! Pricing will be done by inspection.
Reduced cost fixing for graph G_1... took 0.01 sec., 4042 buck. arcs remain (31.1% from prev., 8.39% from max.)
Run enumeration... took 0.01 sec. and succeeded! Pricing will be done by inspection.
ColGenEvalAlg final dual bound: -266.25 (rounded: -266)
----- Terminating the node by MIP -----
MIP found solution with value -260
New model incumbent solution -260, TIME = 0h0m1s41t = 141
************************************************************************************************
Search is finished, global bounds : [ -260 , -260 ], TIME = 0h0m1s41t = 141
************************************************************************************************
[32mBaPCod : solution defined.[00m
statistics_cols: instance & :Optimal & cutoff & :bcRecRootDb & :bcTimeRootEval & :bcCountNodeProc & :bcRecBestDb & :bcRecBestInc & :bcTimeMain \\
statistics: T1-70-6-4 & 1 & -258.99999 & -260.00 & 1.41 & 1 & -260.00 & -260 & 1.41 \\
########################################################
trip 1 : 1 35 36 24 23 22 3 
trip 2 : 3 21 11 12 13 14 10 9 7 
trip 3 : 7 15 17 18 19 28 29 30 31 32 5 
trip 4 : 5 33 38 34 27 26 2 
tour : 1 35 36 24 23 22 3 21 11 12 13 14 10 9 7 15 17 18 19 28 29 30 31 32 5 33 38 34 27 26 2
Cost 260.0
########################################################
