Application parameters:
  batch  =>  nothing
  tikz  =>  "/TIKZ/T1-80-6-4.tex"
  instance  =>  "/IN/T1-80-6-4.ophs"
  out  =>  "/OUT/T1-80-6-4.sol"
  nosolve  =>  false
  ub  =>  -280
  complete  =>  false
  cfg  =>  "/BWTSP/src/../config/OPHS.cfg"
VRPSolver warning: Interval set for resource 1 on source node (when source != sink) is ignored (by definition is [0.0,0.0])
VRPSolver warning: Interval set for resource 1 on source node (when source != sink) is ignored (by definition is [0.0,0.0])
VRPSolver warning: Interval set for resource 1 on source node (when source != sink) is ignored (by definition is [0.0,0.0])
VRPSolver warning: Interval set for resource 1 on source node (when source != sink) is ignored (by definition is [0.0,0.0])
[41m solve [00m
~~~~~~~~~~~~~~~~~~~~~~~~~~~~~~~~~~~~~~~~~~~~~~~~~~~~~~~~~~~~~~~~~~~~~~~~~~~~~~
VRPSolver v0.4.1, 24/03/2021. Web: vrpsolver.math.u-bordeaux.fr
Corresponds to the solver by Pessoa, Sadykov, Uchoa and Vanderbeck (2020)
Paper: dx.doi.org/10.1007/s10107-020-01523-z
USE THIS CODE ONLY FOR ACADEMIC PURPOSES AT YOUR OWN RISK
~~~~~~~~~~~~~~~~~~~~~~~~~~~~~~~~~~~~~~~~~~~~~~~~~~~~~~~~~~~~~~~~~~~~~~~~~~~~~~
BaPCod v053, 24/03/2021, © Inria Bordeaux, France
~~~~~~~~~~~~~~~~~~~~~~~~~~~~~~~~~~~~~~~~~~~~~~~~~~~~~~~~~~~~~~~~~~~~~~~~~~~~~~
VRPSolver parameters:
GlobalTimeLimit = 18000
MaxNbOfBBtreeNodeTreated = 100000
treeSearchStrategy = 1
RCSPstopCutGenTimeThresholdInPricing = 10
RCSPhardTimeThresholdInPricing = 25
RCSPnumberOfBucketsPerVertex = 25
RCSPdynamicBucketSteps = 1
RCSPuseBidirectionalSearch = 2
RCSPapplyReducedCostFixing = 1
RCSPredCostFixingFalseGap = 0
RCSPmaxNumOfColsPerIteration = 30
RCSPmaxNumOfColsPerExactIteration = 150
RCSPheurLabelingStrategy = 0
StabilizationMinPhaseOfStage = 0
RCSPmaxNumOfLabelsInEnumeration = 0
RCSPmaxNumOfEnumeratedSolutions = 0
RCSPmaxNumOfEnumSolutionsForMIP = 10000
RCSPinitNGneighbourhoodSize = 8
RCSPmaxNGneighbourhoodSize = 8
RCSPrankOneCutsMaxNumPerRound = 100
RCSPrankOneCutsMaxNumRows = 5
RCSPrankOneCutsMemoryType = 0
CutTailingOffThreshold = 0.015
CutTailingOffCounterThreshold = 3
SafeDualBoundScaleFactor = -1
StrongBranchingPhaseOneCandidatesNumber = 100
StrongBranchingPhaseOneTreeSizeEstimRatio = 0.2
StrongBranchingPhaseTwoCandidatesNumber = 3
StrongBranchingPhaseTwoTreeSizeEstimRatio = 0.02
MaxTimeForRestrictedMasterIpHeur = -1
DivingHeurUseDepthLimit = 0
MaxLDSbreadth = 1
MaxLDSdepth = 10000
New model incumbent solution -279, TIME = 0h0m0s2t = 2
Model is built TIME = 0h0m0s84t = 84
************************************************************************************************
**** BaB tree root node
**** Local DB = -1e+12, global bounds : [ -1e+12 , -279 ], TIME = 0h0m0s84t = 84
**** 1 open nodes, 0 columns (0 active), 0 dyn. constrs. (0 active), 181 art. vars. (181 active)
************************************************************************************************
--------------------------------------------------------------------------
BaPCod info : first we run the root node with rank-1 cuts with node memory
--------------------------------------------------------------------------
<DWph=2> <it= 10> <et=0.89> <Mt= 0.00> <Spt= 0.04> <nCl=284> <DB= -308.1655> <Mlp= -269.4771> <PB=-278.99999> 
<DWph=2> <it= 20> <et=0.94> <Mt= 0.01> <Spt= 0.03> <nCl=129> <DB= -285.7802> <Mlp= -281.4920> <PB=-278.99999> 
<DWph=2> <it= 29> <et=0.99> <Mt= 0.01> <Spt= 0.05> <nCl= 24> <DB= -281.9886> <Mlp= -281.9886> <PB=-278.99999> 
<DWph=1> <it= 30> <et=1.00> <Mt= 0.00> <Spt= 0.01> <nCl=  7> <DB= -287.0455> <Mlp= -281.9886> <PB=-278.99999> 
<DWph=1> <it= 34> <et=1.05> <Mt= 0.00> <Spt= 0.05> <nCl= 12> <DB= -282.9440> <Mlp= -282.9440> <PB=-278.99999> 
<DWph=0> <it= 36> <et=1.12> <Mt= 0.00> <Spt= 0.06> <nCl=  7> <DB= -282.9472> <Mlp= -282.9472> <PB=-278.99999> 
Reduced cost fixing for graph G_4... took 0 sec., 2077 buck. arcs remain (25.3% from prev., 4.7% from max.)
Reduced cost fixing for graph G_3... took 0.01 sec., 3753 buck. arcs remain (24.2% from prev., 7.47% from max.)
Reduced cost fixing for graph G_2... took 0.01 sec., 3255 buck. arcs remain (22.3% from prev., 6.57% from max.)
Reduced cost fixing for graph G_1... took 0 sec., 2517 buck. arcs remain (18.7% from prev., 5.16% from max.)
ColGenEvalAlg final dual bound: -282.947 (rounded: -282)
----- Add fac. cuts : R1C(233), max.viol = 0.45935, aver.viol = 0.258209, sep/add took 0.01/0.07 sec. -----
1295 columns (1295 active), 233 dyn. constrs. (233 active), 414 art. vars. (414 active)
<DWph=2> <it=  9> <et=1.34> <Mt= 0.05> <Spt= 0.04> <nCl= 22> <DB= -282.4485> <Mlp= -280.6899> <PB=-278.99999> 
<DWph=1> <it= 10> <et=1.35> <Mt= 0.00> <Spt= 0.01> <nCl=  3> <DB= -281.7913> <Mlp= -280.6899> <PB=-278.99999> 
<DWph=1> <it= 13> <et=1.38> <Mt= 0.00> <Spt= 0.02> <nCl=  2> <DB= -280.7078> <Mlp= -280.7078> <PB=-278.99999> 
<DWph=0> <it= 15> <et=1.48> <Mt= 0.01> <Spt= 0.09> <nCl= 10> <DB= -280.7500> <Mlp= -280.7500> <PB=-278.99999> 
Reduced cost fixing for graph G_4... took 0 sec., 1277 buck. arcs remain (61.5% from prev., 2.89% from max.)
Reduced cost fixing for graph G_3... took 0 sec., 2437 buck. arcs remain (64.9% from prev., 4.85% from max.)
Reduced cost fixing for graph G_2... took 0 sec., 1928 buck. arcs remain (59.2% from prev., 3.89% from max.)
Reduced cost fixing for graph G_1... took 0 sec., 1422 buck. arcs remain (56.5% from prev., 2.91% from max.)
ColGenEvalAlg final dual bound: -280.75 (rounded: -280)
Gap improvement since the last cut separation : 0.556641 (-282.947)
----- Add fac. cuts : R1C(162), max.viol = 0.15, aver.viol = 0.0888889, sep/add took 0.01/0.07 sec. -----
1805 columns (1805 active), 395 dyn. constrs. (183 active), 576 art. vars. (364 active)
<DWph=2> <it=  2> <et=1.62> <Mt= 0.02> <Spt= 0.01> <nCl=  1> <DB= -280.3846> <Mlp= -280.3846> <PB=-278.99999> 
<DWph=1> <it=  3> <et=1.63> <Mt= 0.00> <Spt= 0.01> <nCl=  0> <DB= -280.3846> <Mlp= -280.3846> <PB=-278.99999> 
<DWph=0> <it=  5> <et=1.70> <Mt= 0.01> <Spt= 0.06> <nCl=  1> <DB= -280.3846> <Mlp= -280.3846> <PB=-278.99999> 
Reduced cost fixing for graph G_4... took 0 sec., 1069 buck. arcs remain (83.7% from prev., 2.42% from max.)
Reduced cost fixing for graph G_3... took 0 sec., 2191 buck. arcs remain (89.9% from prev., 4.36% from max.)
Reduced cost fixing for graph G_2... took 0 sec., 1606 buck. arcs remain (83.3% from prev., 3.24% from max.)
Reduced cost fixing for graph G_1... took 0 sec., 1112 buck. arcs remain (78.2% from prev., 2.28% from max.)
ColGenEvalAlg final dual bound: -280.385 (rounded: -280)
Gap improvement since the last cut separation : 0.20879 (-280.75)
----- Add fac. cuts : R1C(124), max.viol = 0.0865385, aver.viol = 0.0773108, sep/add took 0.15/0.06 sec. -----
2050 columns (2050 active), 307 dyn. constrs. (154 active), 700 art. vars. (335 active)
<DWph=2> <it=  1> <et=1.96> <Mt= 0.00> <Spt= 0.01> <nCl=  0> <DB= -280.3311> <Mlp= -280.3311> <PB=-278.99999> 
<DWph=1> <it=  2> <et=1.97> <Mt= 0.01> <Spt= 0.00> <nCl=  0> <DB= -280.3311> <Mlp= -280.3311> <PB=-278.99999> 
<DWph=0> <it=  3> <et=2.00> <Mt= 0.00> <Spt= 0.04> <nCl=  0> <DB= -280.3311> <Mlp= -280.3311> <PB=-278.99999> 
ColGenEvalAlg final dual bound: -280.331 (rounded: -280)
Gap improvement since the last cut separation : 0.0386857 (-280.385)
----- Add fac. cuts : R1C(164), max.viol = 0.130137, aver.viol = 0.0526924, sep/add took 0.22/0.1 sec. -----
2197 columns (2197 active), 318 dyn. constrs. (191 active), 864 art. vars. (372 active)
<DWph=2> <it=  2> <et=2.40> <Mt= 0.02> <Spt= 0.01> <nCl=  1> <DB= -280.1876> <Mlp= -280.1876> <PB=-278.99999> 
<DWph=1> <it=  3> <et=2.41> <Mt= 0.00> <Spt= 0.01> <nCl=  0> <DB= -280.1876> <Mlp= -280.1876> <PB=-278.99999> 
<DWph=0> <it=  5> <et=2.46> <Mt= 0.01> <Spt= 0.05> <nCl=  2> <DB= -280.1876> <Mlp= -280.1876> <PB=-278.99999> 
Reduced cost fixing for graph G_4... took 0 sec., 1023 buck. arcs remain (95.7% from prev., 2.31% from max.)
Reduced cost fixing for graph G_3... took 0 sec., 2074 buck. arcs remain (94.7% from prev., 4.13% from max.)
Reduced cost fixing for graph G_2... took 0 sec., 1412 buck. arcs remain (87.9% from prev., 2.85% from max.)
Reduced cost fixing for graph G_1... took 0 sec., 940 buck. arcs remain (84.5% from prev., 1.93% from max.)
ColGenEvalAlg final dual bound: -280.188 (rounded: -280)
Gap improvement since the last cut separation : 0.107743 (-280.331)
----- Add fac. cuts : R1C(120), max.viol = 0.101545, aver.viol = 0.049908, sep/add took 0.2/0.07 sec. -----
2291 columns (2291 active), 311 dyn. constrs. (156 active), 984 art. vars. (337 active)
<DWph=2> <it=  1> <et=2.80> <Mt= 0.02> <Spt= 0.01> <nCl=  0> <DB= -280.0860> <Mlp= -280.0860> <PB=-278.99999> 
<DWph=1> <it=  2> <et=2.81> <Mt= 0.00> <Spt= 0.00> <nCl=  0> <DB= -280.0860> <Mlp= -280.0860> <PB=-278.99999> 
<DWph=0> <it=  3> <et=2.84> <Mt= 0.00> <Spt= 0.04> <nCl=  0> <DB= -280.0860> <Mlp= -280.0860> <PB=-278.99999> 
ColGenEvalAlg final dual bound: -280.086 (rounded: -280)
Gap improvement since the last cut separation : 0.085597 (-280.188)
----- Add fac. cuts : R1C(135), max.viol = 0.126984, aver.viol = 0.112483, sep/add took 0.23/0.08 sec. -----
2380 columns (2380 active), 291 dyn. constrs. (174 active), 1119 art. vars. (355 active)
<DWph=2> <it=  1> <et=3.21> <Mt= 0.01> <Spt= 0.01> <nCl=  0> <DB= -280.0817> <Mlp= -280.0817> <PB=-278.99999> 
<DWph=1> <it=  2> <et=3.22> <Mt= 0.00> <Spt= 0.00> <nCl=  0> <DB= -280.0817> <Mlp= -280.0817> <PB=-278.99999> 
<DWph=0> <it=  3> <et=3.25> <Mt= 0.01> <Spt= 0.03> <nCl=  0> <DB= -280.0817> <Mlp= -280.0817> <PB=-278.99999> 
ColGenEvalAlg final dual bound: -280.082 (rounded: -280)
Gap improvement since the last cut separation : 0.00389964 (-280.086)
----- Add fac. cuts : R1C(128), max.viol = 0.0817439, aver.viol = 0.0364867, sep/add took 0.24/0.06 sec. -----
2403 columns (2403 active), 302 dyn. constrs. (164 active), 1247 art. vars. (345 active)
<DWph=2> <it=  1> <et=3.60> <Mt= 0.00> <Spt= 0.01> <nCl=  0> <DB= -280.0814> <Mlp= -280.0814> <PB=-278.99999> 
<DWph=1> <it=  2> <et=3.61> <Mt= 0.01> <Spt= 0.01> <nCl=  0> <DB= -280.0814> <Mlp= -280.0814> <PB=-278.99999> 
<DWph=0> <it=  3> <et=3.65> <Mt= 0.00> <Spt= 0.03> <nCl=  0> <DB= -280.0814> <Mlp= -280.0814> <PB=-278.99999> 
ColGenEvalAlg final dual bound: -280.081 (rounded: -280)
Gap improvement since the last cut separation : 0.000287167 (-280.082)
----- Add fac. cuts : R1C(128), max.viol = 0.0407166, aver.viol = 0.037243, sep/add took 0.23/0.07 sec. -----
2461 columns (2461 active), 292 dyn. constrs. (164 active), 1375 art. vars. (345 active)
<DWph=2> <it=  1> <et=3.99> <Mt= 0.00> <Spt= 0.01> <nCl=  0> <DB= -280.0814> <Mlp= -280.0814> <PB=-278.99999> 
<DWph=1> <it=  2> <et=4.00> <Mt= 0.01> <Spt= 0.01> <nCl=  0> <DB= -280.0814> <Mlp= -280.0814> <PB=-278.99999> 
<DWph=0> <it=  3> <et=4.01> <Mt= 0.00> <Spt= 0.00> <nCl=  0> <DB= -280.0814> <Mlp= -280.0814> <PB=-278.99999> 
ColGenEvalAlg final dual bound: -280.081 (rounded: -280)
Gap improvement since the last cut separation : 5.25626e-14 (-280.081)
----- Cut generation is stopped due to tailing off -----
----------- Diving heuristic started -----------
<DWph=2> <it=  1> <et=4.03> <Mt= 0.00> <Spt= 0.00> <nCl=  0> <DB= -280.0814> <Mlp= -280.0814> <PB=-278.99999> 
<DWph=1> <it=  2> <et=4.03> <Mt= 0.00> <Spt= 0.00> <nCl=  0> <DB= -280.0814> <Mlp= -280.0814> <PB=-278.99999> 
---- Diving heuristic node with dive number = 0, fix depth = 1 and tabu list size = 0
Fixed projected solution = [t_4_2_4_4_OspV=1, x_4_2_26_4_OspV=1, x_4_5_33_4_OspV=1, x_4_26_27_4_OspV=1, x_4_27_34_4_OspV=1, x_4_33_37_4_OspV=1, x_4_34_38_4_OspV=1, x_4_37_38_4_OspV=1, y_4_5_4_4_OspV=1]
<DWph=2> <it=  1> <et=4.16> <Mt= 0.13> <Spt= 0.00> <nCl=  0> <DB= -280.0814> <Mlp= -280.0000> <PB=-280> 
New model incumbent solution -280, TIME = 0h0m4s17t = 417
************************************************************************************************
Search is finished, global bounds : [ -280 , -280 ], TIME = 0h0m4s17t = 417
************************************************************************************************
[32mBaPCod : solution defined.[00m
statistics_cols: instance & :Optimal & cutoff & :bcRecRootDb & :bcTimeRootEval & :bcCountNodeProc & :bcRecBestDb & :bcRecBestInc & :bcTimeMain \\
statistics: T1-80-6-4 & 1 & -278.99999 & -280.00 & 4.02 & 1 & -280.00 & -280 & 4.17 \\
########################################################
trip 1 : 1 35 36 24 23 22 3 
trip 2 : 3 21 11 12 13 14 10 9 20 4 
trip 3 : 4 16 15 17 18 19 28 29 30 31 32 5 
trip 4 : 5 33 37 38 34 27 26 2 
tour : 1 35 36 24 23 22 3 21 11 12 13 14 10 9 20 4 16 15 17 18 19 28 29 30 31 32 5 33 37 38 34 27 26 2
Cost 280.0
########################################################
