Application parameters:
  batch  =>  nothing
  tikz  =>  "/TIKZ/T1-85-6-4.tex"
  instance  =>  "/IN/T1-85-6-4.ophs"
  out  =>  "/OUT/T1-85-6-4.sol"
  nosolve  =>  false
  ub  =>  -285
  complete  =>  false
  cfg  =>  "/BWTSP/src/../config/OPHS.cfg"
VRPSolver warning: Interval set for resource 1 on source node (when source != sink) is ignored (by definition is [0.0,0.0])
VRPSolver warning: Interval set for resource 1 on source node (when source != sink) is ignored (by definition is [0.0,0.0])
VRPSolver warning: Interval set for resource 1 on source node (when source != sink) is ignored (by definition is [0.0,0.0])
VRPSolver warning: Interval set for resource 1 on source node (when source != sink) is ignored (by definition is [0.0,0.0])
[41m solve [00m
~~~~~~~~~~~~~~~~~~~~~~~~~~~~~~~~~~~~~~~~~~~~~~~~~~~~~~~~~~~~~~~~~~~~~~~~~~~~~~
VRPSolver v0.4.1, 24/03/2021. Web: vrpsolver.math.u-bordeaux.fr
Corresponds to the solver by Pessoa, Sadykov, Uchoa and Vanderbeck (2020)
Paper: dx.doi.org/10.1007/s10107-020-01523-z
USE THIS CODE ONLY FOR ACADEMIC PURPOSES AT YOUR OWN RISK
~~~~~~~~~~~~~~~~~~~~~~~~~~~~~~~~~~~~~~~~~~~~~~~~~~~~~~~~~~~~~~~~~~~~~~~~~~~~~~
BaPCod v053, 24/03/2021, © Inria Bordeaux, France
~~~~~~~~~~~~~~~~~~~~~~~~~~~~~~~~~~~~~~~~~~~~~~~~~~~~~~~~~~~~~~~~~~~~~~~~~~~~~~
VRPSolver parameters:
GlobalTimeLimit = 18000
MaxNbOfBBtreeNodeTreated = 100000
treeSearchStrategy = 1
RCSPstopCutGenTimeThresholdInPricing = 10
RCSPhardTimeThresholdInPricing = 25
RCSPnumberOfBucketsPerVertex = 25
RCSPdynamicBucketSteps = 1
RCSPuseBidirectionalSearch = 2
RCSPapplyReducedCostFixing = 1
RCSPredCostFixingFalseGap = 0
RCSPmaxNumOfColsPerIteration = 30
RCSPmaxNumOfColsPerExactIteration = 150
RCSPheurLabelingStrategy = 0
StabilizationMinPhaseOfStage = 0
RCSPmaxNumOfLabelsInEnumeration = 500000
RCSPmaxNumOfEnumeratedSolutions = 5000000
RCSPmaxNumOfEnumSolutionsForMIP = 10000
RCSPinitNGneighbourhoodSize = 8
RCSPmaxNGneighbourhoodSize = 8
RCSPrankOneCutsMaxNumPerRound = 100
RCSPrankOneCutsMaxNumRows = 5
RCSPrankOneCutsMemoryType = 0
CutTailingOffThreshold = 0.015
CutTailingOffCounterThreshold = 3
SafeDualBoundScaleFactor = -1
StrongBranchingPhaseOneCandidatesNumber = 100
StrongBranchingPhaseOneTreeSizeEstimRatio = 0.2
StrongBranchingPhaseTwoCandidatesNumber = 3
StrongBranchingPhaseTwoTreeSizeEstimRatio = 0.02
MaxTimeForRestrictedMasterIpHeur = -1
DivingHeurUseDepthLimit = 0
MaxLDSbreadth = 1
MaxLDSdepth = 10000
New model incumbent solution -284, TIME = 0h0m0s4t = 4
Model is built TIME = 0h0m0s85t = 85
************************************************************************************************
**** BaB tree root node
**** Local DB = -1e+12, global bounds : [ -1e+12 , -284 ], TIME = 0h0m0s85t = 85
**** 1 open nodes, 0 columns (0 active), 0 dyn. constrs. (0 active), 181 art. vars. (181 active)
************************************************************************************************
--------------------------------------------------------------------------
BaPCod info : first we run the root node with rank-1 cuts with node memory
--------------------------------------------------------------------------
<DWph=2> <it= 10> <et=0.90> <Mt= 0.00> <Spt= 0.03> <nCl=252> <DB= -322.4332> <Mlp= -282.3503> <PB=-283.99999> 
<DWph=2> <it= 12> <et=0.91> <Mt= 0.00> <Spt= 0.01> <nCl= 25> <DB= -285.0000> <Mlp= -285.0000> <PB=-283.99999> 
<DWph=1> <it= 13> <et=0.92> <Mt= 0.00> <Spt= 0.00> <nCl=  0> <DB= -285.0000> <Mlp= -285.0000> <PB=-283.99999> 
<DWph=0> <it= 14> <et=0.93> <Mt= 0.00> <Spt= 0.02> <nCl=  0> <DB= -285.0000> <Mlp= -285.0000> <PB=-283.99999> 
Reduced cost fixing for graph G_4... took 0 sec., 7238 buck. arcs remain (74.5% from prev., 16% from max.)
Run enumeration... took 0.04 sec. and succeeded! Pricing will be done by inspection.
Reduced cost fixing for graph G_3... took 0.01 sec., 11714 buck. arcs remain (83.2% from prev., 24.1% from max.)
Run enumeration... took 0.44 sec. and succeeded! Pricing will be done by inspection.
Reduced cost fixing for graph G_2... took 0.01 sec., 11635 buck. arcs remain (83.1% from prev., 22.8% from max.)
Run enumeration... took 0.41 sec. and succeeded! Pricing will be done by inspection.
Reduced cost fixing for graph G_1... took 0.01 sec., 11931 buck. arcs remain (83.7% from prev., 24.4% from max.)
Run enumeration... took 0.51 sec. and succeeded! Pricing will be done by inspection.
<DWph=2> <it= 15> <et=2.46> <Mt= 0.02> <Spt= 0.01> <nCl=  0> <DB= -284.6318> <Mlp= -284.6318> <PB=-283.99999> 
<DWph=1> <it= 16> <et=2.47> <Mt= 0.00> <Spt= 0.00> <nCl=  0> <DB= -284.6318> <Mlp= -284.6318> <PB=-283.99999> 
<DWph=0> <it= 18> <et=2.49> <Mt= 0.00> <Spt= 0.02> <nCl=511> <DB= -285.0000> <Mlp= -285.0000> <PB=-283.99999> 
ColGenEvalAlg final dual bound: -285 (rounded: -285)
----- Add fac. cuts : R1C(150), max.viol = 0.462758, aver.viol = 0.169326, sep/add took 0/0.04 sec. -----
1494 columns (1494 active), 150 dyn. constrs. (150 active), 331 art. vars. (331 active)
<DWph=2> <it=  1> <et=2.74> <Mt= 0.09> <Spt= 0.00> <nCl=  0> <DB= -269.1045> <Mlp= -269.1045> <PB=-283.99999> 
<DWph=1> <it=  2> <et=2.74> <Mt= 0.00> <Spt= 0.00> <nCl=  0> <DB= -269.1045> <Mlp= -269.1045> <PB=-283.99999> 
<DWph=0> <it=  6> <et=3.59> <Mt= 0.47> <Spt= 0.37> <nCl=1152> <DB= -285.0000> <Mlp= -285.0000> <PB=-285> 
ColGenEvalAlg final dual bound: -285 (rounded: -285)
Gap improvement since the last cut separation : 1 (-285)
New model incumbent solution -285, TIME = 0h0m3s76t = 376
************************************************************************************************
Search is finished, global bounds : [ -285 , -285 ], TIME = 0h0m3s76t = 376
************************************************************************************************
[32mBaPCod : solution defined.[00m
statistics_cols: instance & :Optimal & cutoff & :bcRecRootDb & :bcTimeRootEval & :bcCountNodeProc & :bcRecBestDb & :bcRecBestInc & :bcTimeMain \\
statistics: T1-85-6-4 & 1 & -283.99999 & -285.00 & 3.76 & 1 & -285.00 & -285 & 3.77 \\
########################################################
trip 1 : 1 26 27 34 33 38 37 32 31 3 
trip 2 : 3 30 29 28 19 18 17 15 16 20 9 4 
trip 3 : 4 10 14 13 12 11 21 22 5 
trip 4 : 5 23 24 36 35 25 2 
tour : 1 26 27 34 33 38 37 32 31 3 30 29 28 19 18 17 15 16 20 9 4 10 14 13 12 11 21 22 5 23 24 36 35 25 2
Cost 285.0
########################################################
