Application parameters:
  batch  =>  nothing
  tikz  =>  "/TIKZ/T3-100-6-4.tex"
  instance  =>  "/IN/T3-100-6-4.ophs"
  out  =>  "/OUT/T3-100-6-4.sol"
  nosolve  =>  false
  ub  =>  -800
  complete  =>  false
  cfg  =>  "/BWTSP/src/../config/OPHS.cfg"
VRPSolver warning: Interval set for resource 1 on source node (when source != sink) is ignored (by definition is [0.0,0.0])
VRPSolver warning: Interval set for resource 1 on source node (when source != sink) is ignored (by definition is [0.0,0.0])
VRPSolver warning: Interval set for resource 1 on source node (when source != sink) is ignored (by definition is [0.0,0.0])
VRPSolver warning: Interval set for resource 1 on source node (when source != sink) is ignored (by definition is [0.0,0.0])
[41m solve [00m
~~~~~~~~~~~~~~~~~~~~~~~~~~~~~~~~~~~~~~~~~~~~~~~~~~~~~~~~~~~~~~~~~~~~~~~~~~~~~~
VRPSolver v0.4.1, 24/03/2021. Web: vrpsolver.math.u-bordeaux.fr
Corresponds to the solver by Pessoa, Sadykov, Uchoa and Vanderbeck (2020)
Paper: dx.doi.org/10.1007/s10107-020-01523-z
USE THIS CODE ONLY FOR ACADEMIC PURPOSES AT YOUR OWN RISK
~~~~~~~~~~~~~~~~~~~~~~~~~~~~~~~~~~~~~~~~~~~~~~~~~~~~~~~~~~~~~~~~~~~~~~~~~~~~~~
BaPCod v053, 24/03/2021, © Inria Bordeaux, France
~~~~~~~~~~~~~~~~~~~~~~~~~~~~~~~~~~~~~~~~~~~~~~~~~~~~~~~~~~~~~~~~~~~~~~~~~~~~~~
VRPSolver parameters:
GlobalTimeLimit = 18000
MaxNbOfBBtreeNodeTreated = 100000
treeSearchStrategy = 1
RCSPstopCutGenTimeThresholdInPricing = 10
RCSPhardTimeThresholdInPricing = 25
RCSPnumberOfBucketsPerVertex = 25
RCSPdynamicBucketSteps = 1
RCSPuseBidirectionalSearch = 2
RCSPapplyReducedCostFixing = 1
RCSPredCostFixingFalseGap = 0
RCSPmaxNumOfColsPerIteration = 30
RCSPmaxNumOfColsPerExactIteration = 150
RCSPheurLabelingStrategy = 0
StabilizationMinPhaseOfStage = 0
RCSPmaxNumOfLabelsInEnumeration = 500000
RCSPmaxNumOfEnumeratedSolutions = 5000000
RCSPmaxNumOfEnumSolutionsForMIP = 10000
RCSPinitNGneighbourhoodSize = 8
RCSPmaxNGneighbourhoodSize = 8
RCSPrankOneCutsMaxNumPerRound = 100
RCSPrankOneCutsMaxNumRows = 5
RCSPrankOneCutsMemoryType = 0
CutTailingOffThreshold = 0.015
CutTailingOffCounterThreshold = 3
SafeDualBoundScaleFactor = -1
StrongBranchingPhaseOneCandidatesNumber = 100
StrongBranchingPhaseOneTreeSizeEstimRatio = 0.2
StrongBranchingPhaseTwoCandidatesNumber = 3
StrongBranchingPhaseTwoTreeSizeEstimRatio = 0.02
MaxTimeForRestrictedMasterIpHeur = -1
DivingHeurUseDepthLimit = 0
MaxLDSbreadth = 1
MaxLDSdepth = 10000
New model incumbent solution -799, TIME = 0h0m0s2t = 2
Model is built TIME = 0h0m0s84t = 84
************************************************************************************************
**** BaB tree root node
**** Local DB = -1e+12, global bounds : [ -1e+12 , -799 ], TIME = 0h0m0s84t = 84
**** 1 open nodes, 0 columns (0 active), 0 dyn. constrs. (0 active), 185 art. vars. (185 active)
************************************************************************************************
--------------------------------------------------------------------------
BaPCod info : first we run the root node with rank-1 cuts with node memory
--------------------------------------------------------------------------
<DWph=2> <it= 10> <et=0.90> <Mt= 0.00> <Spt= 0.04> <nCl=303> <DB=-1086.8268> <Mlp= -768.3126> <PB=-798.99999> 
<DWph=2> <it= 16> <et=0.93> <Mt= 0.01> <Spt= 0.03> <nCl=137> <DB= -800.0000> <Mlp= -800.0000> <PB=-798.99999> 
<DWph=1> <it= 17> <et=0.94> <Mt= 0.00> <Spt= 0.00> <nCl=  0> <DB= -800.0000> <Mlp= -800.0000> <PB=-798.99999> 
<DWph=0> <it= 18> <et=0.96> <Mt= 0.00> <Spt= 0.02> <nCl=  0> <DB= -800.0000> <Mlp= -800.0000> <PB=-798.99999> 
Reduced cost fixing for graph G_4... took 0 sec., 9032 buck. arcs remain (79.4% from prev., 18.7% from max.)
Run enumeration... took 0.13 sec. and succeeded! Pricing will be done by inspection.
Reduced cost fixing for graph G_3... took 0.01 sec., 14068 buck. arcs remain (87.3% from prev., 26.8% from max.)
Run enumeration... took 0.65 sec. and not succeeded.
Reduced cost fixing for graph G_2... took 0.01 sec., 15274 buck. arcs remain (88.3% from prev., 28.7% from max.)
Run enumeration... took 1.06 sec. and not succeeded.
Reduced cost fixing for graph G_1... took 0.01 sec., 14091 buck. arcs remain (87.3% from prev., 26.8% from max.)
Run enumeration... took 0.65 sec. and not succeeded.
<DWph=2> <it= 19> <et=3.55> <Mt= 0.01> <Spt= 0.01> <nCl=  0> <DB= -800.0000> <Mlp= -800.0000> <PB=-798.99999> 
<DWph=1> <it= 20> <et=3.55> <Mt= 0.00> <Spt= 0.00> <nCl=  0> <DB= -800.0000> <Mlp= -800.0000> <PB=-798.99999> 
<DWph=0> <it= 21> <et=3.55> <Mt= 0.00> <Spt= 0.00> <nCl=  0> <DB= -800.0000> <Mlp= -800.0000> <PB=-798.99999> 
ColGenEvalAlg final dual bound: -800 (rounded: -800)
----- Add fac. cuts : R1C(275), max.viol = 0.600909, aver.viol = 0.266987, sep/add took 0.25/0.04 sec. -----
1084 columns (1084 active), 275 dyn. constrs. (275 active), 460 art. vars. (460 active)
<DWph=2> <it=  9> <et=4.06> <Mt= 0.12> <Spt= 0.08> <nCl=175> <DB= -800.0000> <Mlp= -800.0000> <PB=-798.99999> 
<DWph=1> <it= 10> <et=4.07> <Mt= 0.00> <Spt= 0.00> <nCl=  0> <DB= -800.0000> <Mlp= -800.0000> <PB=-798.99999> 
<DWph=0> <it= 11> <et=4.07> <Mt= 0.00> <Spt= 0.00> <nCl=  0> <DB= -800.0000> <Mlp= -800.0000> <PB=-798.99999> 
ColGenEvalAlg final dual bound: -800 (rounded: -800)
Gap improvement since the last cut separation : 0 (-800)
----- Add fac. cuts : R1C(300), max.viol = 0.35205, aver.viol = 0.13294, sep/add took 0.39/0.06 sec. -----
1269 columns (1269 active), 575 dyn. constrs. (575 active), 760 art. vars. (760 active)
<DWph=2> <it= 10> <et=5.60> <Mt= 0.90> <Spt= 0.16> <nCl=214> <DB= -809.6175> <Mlp= -798.4184> <PB=-798.99999> 
<DWph=2> <it= 16> <et=6.01> <Mt= 0.31> <Spt= 0.08> <nCl=104> <DB= -800.0000> <Mlp= -800.0000> <PB=-798.99999> 
<DWph=1> <it= 17> <et=6.02> <Mt= 0.00> <Spt= 0.00> <nCl=  0> <DB= -800.0000> <Mlp= -800.0000> <PB=-798.99999> 
<DWph=0> <it= 18> <et=6.02> <Mt= 0.00> <Spt= 0.00> <nCl=  0> <DB= -800.0000> <Mlp= -800.0000> <PB=-798.99999> 
ColGenEvalAlg final dual bound: -800 (rounded: -800)
Gap improvement since the last cut separation : 0 (-800)
----- Add fac. cuts : R1C(207), max.viol = 0.294496, aver.viol = 0.113861, sep/add took 0.41/0.07 sec. -----
1622 columns (1622 active), 782 dyn. constrs. (782 active), 967 art. vars. (967 active)
<DWph=2> <it= 10> <et=8.37> <Mt= 1.63> <Spt= 0.20> <nCl=163> <DB= -803.9817> <Mlp= -799.1542> <PB=-798.99999> 
<DWph=2> <it= 20> <et=9.08> <Mt= 0.51> <Spt= 0.19> <nCl= 93> <DB= -803.4239> <Mlp= -799.9455> <PB=-798.99999> 
<DWph=2> <it= 25> <et=9.28> <Mt= 0.12> <Spt= 0.07> <nCl= 24> <DB= -800.0000> <Mlp= -800.0000> <PB=-798.99999> 
<DWph=1> <it= 26> <et=9.29> <Mt= 0.00> <Spt= 0.00> <nCl=  0> <DB= -800.0000> <Mlp= -800.0000> <PB=-798.99999> 
<DWph=0> <it= 27> <et=9.29> <Mt= 0.01> <Spt= 0.00> <nCl=  0> <DB= -800.0000> <Mlp= -800.0000> <PB=-798.99999> 
ColGenEvalAlg final dual bound: -800 (rounded: -800)
Gap improvement since the last cut separation : 0 (-800)
----- Cut generation is stopped due to tailing off -----
----------- Diving heuristic started -----------
<DWph=2> <it=  1> <et=9.31> <Mt= 0.00> <Spt= 0.00> <nCl=  0> <DB= -800.0000> <Mlp= -800.0000> <PB=-798.99999> 
<DWph=1> <it=  2> <et=9.32> <Mt= 0.00> <Spt= 0.00> <nCl=  0> <DB= -800.0000> <Mlp= -800.0000> <PB=-798.99999> 
---- Diving heuristic node with dive number = 0, fix depth = 1 and tabu list size = 0
Fixed projected solution = [t_4_2_4_4_OspV=1, x_4_2_39_4_OspV=1, x_4_5_32_4_OspV=1, x_4_16_32_4_OspV=1, x_4_16_37_4_OspV=1, x_4_33_37_4_OspV=1, x_4_33_39_4_OspV=1, y_4_5_4_4_OspV=1]
<DWph=2> <it= 10> <et=11.51> <Mt= 1.98> <Spt= 0.18> <nCl=190> <DB= -824.6799> <Mlp= -767.3565> <PB=-798.99999> 
<DWph=2> <it= 20> <et=16.01> <Mt= 4.29> <Spt= 0.18> <nCl=165> <DB= -801.0317> <Mlp= -777.5000> <PB=-798.99999> 
<DWph=2> <it= 30> <et=19.37> <Mt= 3.16> <Spt= 0.16> <nCl= 80> <DB= -799.1947> <Mlp= -780.0000> <PB=-798.99999> 
<DWph=2> <it= 40> <et=20.97> <Mt= 1.37> <Spt= 0.19> <nCl= 32> <DB= -785.2024> <Mlp= -780.4539> <PB=-798.99999> 
<DWph=2> <it= 49> <et=21.33> <Mt= 0.14> <Spt= 0.17> <nCl= 15> <DB= -780.4939> <Mlp= -780.4939> <PB=-798.99999> 
<DWph=1> <it= 50> <et=21.37> <Mt= 0.01> <Spt= 0.03> <nCl= 11> <DB= -800.9517> <Mlp= -780.4939> <PB=-798.99999> 
<DWph=1> <it= 60> <et=25.71> <Mt= 3.79> <Spt= 0.48> <nCl= 77> <DB= -787.5040> <Mlp= -781.7810> <PB=-798.99999> 
<DWph=1> <it= 70> <et=26.50> <Mt= 0.21> <Spt= 0.51> <nCl= 20> <DB= -781.8164> <Mlp= -781.8164> <PB=-798.99999> 
---- Diving heuristic node with dive number = 1, fix depth = 1 and tabu list size = 1
Fixed projected solution = [t_3_5_3_3_OspV=1, x_3_4_18_3_OspV=1, x_3_5_32_3_OspV=1, x_3_16_17_3_OspV=1, x_3_16_32_3_OspV=1, x_3_17_25_3_OspV=1, x_3_18_26_3_OspV=1, x_3_25_26_3_OspV=1, y_3_4_3_3_OspV=1]
<DWph=2> <it= 10> <et=28.08> <Mt= 1.34> <Spt= 0.14> <nCl= 57> <DB=11241.5403> <Mlp=11300.0000> <PB=-798.99999> 
<DWph=2> <it= 19> <et=28.31> <Mt= 0.05> <Spt= 0.15> <nCl= 16> <DB=11275.0000> <Mlp=11275.0000> <PB=-798.99999> 
<DWph=1> <it= 20> <et=28.35> <Mt= 0.00> <Spt= 0.02> <nCl=  1> <DB=11259.7728> <Mlp=11275.0000> <PB=-798.99999> 
<DWph=1> <it= 23> <et=28.44> <Mt= 0.01> <Spt= 0.08> <nCl=  4> <DB=11275.0000> <Mlp=11275.0000> <PB=-798.99999> 
**** Strong branching phase 1 is started *****
SB phase 1 cand.  1 branch on t_4_2 (lhs=0.4667): [ -787.1730,  -738.1176], score = 793.76      <et=30.71>
SB phase 1 cand.  2 branch on t_5_3 (lhs=0.4667): [ -789.8819,  -664.4728], score = 1371.28      <et=33.24>
SB phase 1 cand.  3 branch on t_8_1 (lhs=0.3400): [ -797.2916,  -746.1713], score = 145.79      <et=35.43>
SB phase 1 cand. 22 branch on y_4_3 (lhs=0.4667): [ -787.1730,  -738.1176], score = 793.76      <et=72.43>
SB phase 1 cand. 23 branch on y_5_4 (lhs=0.4667): [ -789.8819,  -664.4728], score = 1371.28      <et=74.7>
**** Strong branching phase 2 is started *****
<DWph=1> <it= 79> <et=118.47> <Mt= 6.00> <Spt= 2.18> <nCl=488> <DB= -780.9527> <Mlp= -780.9527> <PB=-798.99999> 
<DWph=1> <it= 37> <et=121.40> <Mt= 1.82> <Spt= 0.72> <nCl=228> <DB= -792.2954> <Mlp= -796.6157> <PB=-798.99999> 
SB phase 2 cand.  1 branch on y_5_4 (lhs=0.4667): [ -796.6157,  -780.9527], score = 64.46      <et=121.41>
<DWph=1> <it= 66> <et=126.18> <Mt= 1.68> <Spt= 2.44> <nCl=316> <DB= -782.3944> <Mlp= -782.3944> <PB=-798.99999> 
<DWph=1> <it= 63> <et=132.70> <Mt= 3.44> <Spt= 2.23> <nCl=356> <DB= -793.7159> <Mlp= -793.7159> <PB=-798.99999> 
SB phase 2 cand.  2 branch on t_4_2 (lhs=0.4667): [ -793.7159,  -782.3944], score = 110.64      <et=132.71>
<DWph=1> <it= 46> <et=145.77> <Mt=11.85> <Spt= 0.84> <nCl=548> <DB= -800.0000> <Mlp= -800.0000> <PB=-798.99999> 
<DWph=1> <it= 36> <et=149.22> <Mt= 1.46> <Spt= 1.37> <nCl=219> <DB= -800.7047> <Mlp= -800.0000> <PB=-798.99999> 
SB phase 2 cand.  3 branch on y_8_2 (lhs=0.3400): [ -800.0000,  -800.0000], score = 0.00      <et=149.24>
**** Strong branching phase 3 is started *****
**** SB phase 3 evaluation of candidate 1, branch 1 ( t_4_2 >= 1 ), value = -782.394
<DWph=2> <it=  1> <et=149.37> <Mt= 0.01> <Spt= 0.03> <nCl=  0> <DB= -782.3944> <Mlp= -782.3944> <PB=-798.99999> 
<DWph=1> <it=  2> <et=149.44> <Mt= 0.00> <Spt= 0.06> <nCl=  0> <DB= -782.3944> <Mlp= -782.3944> <PB=-798.99999> 
<DWph=0> <it=  5> <et=156.81> <Mt= 6.58> <Spt= 0.77> <nCl=480> <DB= -800.0000> <Mlp= -800.0000> <PB=-798.99999> 
ColGenEvalAlg final dual bound: -800 (rounded: -800)
----- Add fac. cuts : R1C(206), max.viol = 0.204687, aver.viol = 0.0925404, sep/add took 0.34/0.22 sec. -----
7573 columns (3604 active), 994 dyn. constrs. (989 active), 1179 art. vars. (1174 active)
<DWph=2> <it=  1> <et=158.96> <Mt= 1.56> <Spt= 0.00> <nCl=  0> <DB= -800.0000> <Mlp= -800.0000> <PB=-798.99999> 
<DWph=1> <it=  2> <et=158.96> <Mt= 0.00> <Spt= 0.00> <nCl=  0> <DB= -800.0000> <Mlp= -800.0000> <PB=-798.99999> 
<DWph=0> <it=  3> <et=158.97> <Mt= 0.01> <Spt= 0.00> <nCl=  0> <DB= -800.0000> <Mlp= -800.0000> <PB=-798.99999> 
ColGenEvalAlg final dual bound: -800 (rounded: -800)
Gap improvement since the last cut separation : -1.65344e-09 (-800)
----- Add fac. cuts : sep. took 0.08 sec.----- no cuts found  -----
**** SB phase 3 evaluation of candidate 1, branch 2 ( t_4_2 <= 0 ), value = -793.716
<DWph=2> <it=  1> <et=159.46> <Mt= 0.01> <Spt= 0.04> <nCl=  0> <DB= -793.7159> <Mlp= -793.7159> <PB=-798.99999> 
<DWph=1> <it=  2> <et=159.54> <Mt= 0.01> <Spt= 0.07> <nCl=  0> <DB= -793.7159> <Mlp= -793.7159> <PB=-798.99999> 
<DWph=0> <it=  4> <et=160.83> <Mt= 0.78> <Spt= 0.50> <nCl=367> <DB= -800.0000> <Mlp= -800.0000> <PB=-798.99999> 
ColGenEvalAlg final dual bound: -800 (rounded: -800)
----- Add fac. cuts : R1C(201), max.viol = 0.239981, aver.viol = 0.0776917, sep/add took 0.72/0.18 sec. -----
5028 columns (3436 active), 1191 dyn. constrs. (984 active), 1376 art. vars. (1169 active)
<DWph=2> <it=  4> <et=166.71> <Mt= 4.84> <Spt= 0.08> <nCl= 18> <DB= -889.8448> <Mlp= -800.0000> <PB=-798.99999> 
<DWph=1> <it=  5> <et=166.71> <Mt= 0.00> <Spt= 0.00> <nCl=  0> <DB= -800.0000> <Mlp= -800.0000> <PB=-798.99999> 
<DWph=0> <it=  6> <et=166.72> <Mt= 0.01> <Spt= 0.00> <nCl=  0> <DB= -800.0000> <Mlp= -800.0000> <PB=-798.99999> 
ColGenEvalAlg final dual bound: -800 (rounded: -800)
Gap improvement since the last cut separation : -1.10275e-11 (-800)
----- Add fac. cuts : R1C(142), max.viol = 0.215436, aver.viol = 0.095943, sep/add took 0.41/0.17 sec. -----
5059 columns (3467 active), 1333 dyn. constrs. (1126 active), 1518 art. vars. (1311 active)
<DWph=2> <it=  6> <et=174.62> <Mt= 7.07> <Spt= 0.14> <nCl= 28> <DB=-2012.9456> <Mlp= -800.0000> <PB=-798.99999> 
<DWph=1> <it=  7> <et=174.63> <Mt= 0.01> <Spt= 0.00> <nCl=  0> <DB= -800.0000> <Mlp= -800.0000> <PB=-798.99999> 
<DWph=0> <it=  8> <et=174.64> <Mt= 0.01> <Spt= 0.00> <nCl=  0> <DB= -800.0000> <Mlp= -800.0000> <PB=-798.99999> 
ColGenEvalAlg final dual bound: -800 (rounded: -800)
Gap improvement since the last cut separation : -6.82114e-13 (-800)
----- Add fac. cuts : R1C(163), max.viol = 0.123186, aver.viol = 0.0598933, sep/add took 0.47/0.16 sec. -----
5113 columns (3521 active), 1496 dyn. constrs. (1289 active), 1681 art. vars. (1474 active)
<DWph=2> <it= 10> <et=182.65> <Mt= 7.01> <Spt= 0.27> <nCl= 55> <DB= -804.9841> <Mlp= -799.7465> <PB=-798.99999> 
<DWph=2> <it= 20> <et=184.10> <Mt= 1.20> <Spt= 0.25> <nCl= 43> <DB= -801.1706> <Mlp= -799.9925> <PB=-798.99999> 
<DWph=2> <it= 21> <et=184.15> <Mt= 0.03> <Spt= 0.02> <nCl=  0> <DB= -799.9943> <Mlp= -799.9943> <PB=-798.99999> 
<DWph=1> <it= 23> <et=184.25> <Mt= 0.04> <Spt= 0.06> <nCl=  8> <DB= -808.4645> <Mlp= -800.0000> <PB=-798.99999> 
<DWph=0> <it= 24> <et=184.26> <Mt= 0.01> <Spt= 0.00> <nCl=  0> <DB= -800.0000> <Mlp= -800.0000> <PB=-798.99999> 
ColGenEvalAlg final dual bound: -800 (rounded: -800)
Gap improvement since the last cut separation : 2.98993e-11 (-800)
----- Cut generation is stopped due to tailing off -----
SB exact phase 3 branch on t_4_2 (lhs=0.466693) : [-800, -800], tree depth = 1e+12, tree size = 1e+12, score = -1e+12
************************************************************************************************
**** BaB tree node (N° 2, parent N° 1, depth 1)
**** Local DB = -800, global bounds : [ -800 , -799 ], TIME = 0h3m4s28t = 18428
**** 2 open nodes, 5311 columns (3719 active), 1496 dyn. constrs. (1289 active), 1681 art. vars. (1474 active)
************************************************************************************************
**** Strong branching phase 1 is started *****
SB phase 1 cand.  1 branch on y_3_2 (lhs=0.5000): [ -800.0000,  -778.6641], score = 0.00 (h)  <et=196.26>
SB phase 1 cand.  2 branch on t_3_1 (lhs=0.5000): [ -800.0000,  -778.6641], score = 0.00 (h)  <et=207.26>
SB phase 1 cand.  3 branch on t_6_1 (lhs=0.5000): [ -800.0000,  -744.6682], score = 0.00 (h)  <et=218.89>
SB phase 1 cand.  4 branch on y_6_2 (lhs=0.5000): [ -800.0000,  -744.6682], score = 0.00 (h)  <et=231.71>
**** Strong branching phase 2 is started *****
<DWph=1> <it= 56> <et=235.22> <Mt= 1.71> <Spt= 1.24> <nCl=140> <DB= -759.7706> <Mlp= -759.7706> <PB=-798.99999> 
<DWph=1> <it=  1> <et=235.27> <Mt= 0.01> <Spt= 0.00> <nCl=  0> <DB= -800.0000> <Mlp= -800.0000> <PB=-800> 
SB phase 2 cand.  1 branch on t_6_1 (lhs=0.5000): [ -800.0000,  -759.7706], score = 0.00 (h)  <et=235.28>
<DWph=1> <it=  1> <et=235.32> <Mt= 0.01> <Spt= 0.00> <nCl=  0> <DB= -800.0000> <Mlp= -778.6641> <PB=-800> 
<DWph=1> <it=  1> <et=235.38> <Mt= 0.01> <Spt= 0.00> <nCl=  0> <DB= -800.0000> <Mlp= -800.0000> <PB=-800> 
 SB phase 2 candidate 2 is conquered !
**** Strong branching phase 3 is started *****
**** SB phase 3 evaluation of candidate 1, branch 1 ( y_3_2 <= 0 ), value = -778.664
**** SB phase 3 evaluation of candidate 1, branch 2 ( y_3_2 >= 1 ), value = -800
 SB phase 3 candidate 1 is conquered !
New model incumbent solution -800, TIME = 0h3m55s40t = 23540
************************************************************************************************
Search is finished, global bounds : [ -800 , -800 ], TIME = 0h3m55s40t = 23540
************************************************************************************************
[32mBaPCod : solution defined.[00m
statistics_cols: instance & :Optimal & cutoff & :bcRecRootDb & :bcTimeRootEval & :bcCountNodeProc & :bcRecBestDb & :bcRecBestInc & :bcTimeMain \\
statistics: T3-100-6-4 & 1 & -798.99999 & -800.00 & 9.31 & 5 & -800.00 & -800 & 235.40 \\
########################################################
trip 1 : 1 31 29 14 12 35 21 11 10 27 24 28 3 
trip 2 : 3 23 22 20 13 9 15 38 19 4 
trip 3 : 4 18 26 25 17 16 5 
trip 4 : 5 32 37 36 33 39 30 34 2 
tour : 1 31 29 14 12 35 21 11 10 27 24 28 3 23 22 20 13 9 15 38 19 4 18 26 25 17 16 5 32 37 36 33 39 30 34 2
Cost 800.0
########################################################
