Application parameters:
  batch  =>  nothing
  tikz  =>  "/TIKZ/T3-105-6-4.tex"
  instance  =>  "/IN/T3-105-6-4.ophs"
  out  =>  "/OUT/T3-105-6-4.sol"
  nosolve  =>  false
  ub  =>  -800
  complete  =>  false
  cfg  =>  "/BWTSP/src/../config/OPHS.cfg"
VRPSolver warning: Interval set for resource 1 on source node (when source != sink) is ignored (by definition is [0.0,0.0])
VRPSolver warning: Interval set for resource 1 on source node (when source != sink) is ignored (by definition is [0.0,0.0])
VRPSolver warning: Interval set for resource 1 on source node (when source != sink) is ignored (by definition is [0.0,0.0])
VRPSolver warning: Interval set for resource 1 on source node (when source != sink) is ignored (by definition is [0.0,0.0])
[41m solve [00m
~~~~~~~~~~~~~~~~~~~~~~~~~~~~~~~~~~~~~~~~~~~~~~~~~~~~~~~~~~~~~~~~~~~~~~~~~~~~~~
VRPSolver v0.4.1, 24/03/2021. Web: vrpsolver.math.u-bordeaux.fr
Corresponds to the solver by Pessoa, Sadykov, Uchoa and Vanderbeck (2020)
Paper: dx.doi.org/10.1007/s10107-020-01523-z
USE THIS CODE ONLY FOR ACADEMIC PURPOSES AT YOUR OWN RISK
~~~~~~~~~~~~~~~~~~~~~~~~~~~~~~~~~~~~~~~~~~~~~~~~~~~~~~~~~~~~~~~~~~~~~~~~~~~~~~
BaPCod v053, 24/03/2021, © Inria Bordeaux, France
~~~~~~~~~~~~~~~~~~~~~~~~~~~~~~~~~~~~~~~~~~~~~~~~~~~~~~~~~~~~~~~~~~~~~~~~~~~~~~
VRPSolver parameters:
GlobalTimeLimit = 18000
MaxNbOfBBtreeNodeTreated = 100000
treeSearchStrategy = 1
RCSPstopCutGenTimeThresholdInPricing = 10
RCSPhardTimeThresholdInPricing = 25
RCSPnumberOfBucketsPerVertex = 25
RCSPdynamicBucketSteps = 1
RCSPuseBidirectionalSearch = 2
RCSPapplyReducedCostFixing = 1
RCSPredCostFixingFalseGap = 0
RCSPmaxNumOfColsPerIteration = 30
RCSPmaxNumOfColsPerExactIteration = 150
RCSPheurLabelingStrategy = 0
StabilizationMinPhaseOfStage = 0
RCSPmaxNumOfLabelsInEnumeration = 500000
RCSPmaxNumOfEnumeratedSolutions = 5000000
RCSPmaxNumOfEnumSolutionsForMIP = 10000
RCSPinitNGneighbourhoodSize = 8
RCSPmaxNGneighbourhoodSize = 8
RCSPrankOneCutsMaxNumPerRound = 100
RCSPrankOneCutsMaxNumRows = 5
RCSPrankOneCutsMemoryType = 0
CutTailingOffThreshold = 0.015
CutTailingOffCounterThreshold = 3
SafeDualBoundScaleFactor = -1
StrongBranchingPhaseOneCandidatesNumber = 100
StrongBranchingPhaseOneTreeSizeEstimRatio = 0.2
StrongBranchingPhaseTwoCandidatesNumber = 3
StrongBranchingPhaseTwoTreeSizeEstimRatio = 0.02
MaxTimeForRestrictedMasterIpHeur = -1
DivingHeurUseDepthLimit = 0
MaxLDSbreadth = 1
MaxLDSdepth = 10000
New model incumbent solution -799, TIME = 0h0m0s2t = 2
Model is built TIME = 0h0m0s84t = 84
************************************************************************************************
**** BaB tree root node
**** Local DB = -1e+12, global bounds : [ -1e+12 , -799 ], TIME = 0h0m0s84t = 84
**** 1 open nodes, 0 columns (0 active), 0 dyn. constrs. (0 active), 185 art. vars. (185 active)
************************************************************************************************
--------------------------------------------------------------------------
BaPCod info : first we run the root node with rank-1 cuts with node memory
--------------------------------------------------------------------------
<DWph=2> <it= 10> <et=0.89> <Mt= 0.00> <Spt= 0.04> <nCl=291> <DB=-1147.5000> <Mlp= -737.6439> <PB=-798.99999> 
<DWph=2> <it= 20> <et=0.96> <Mt= 0.01> <Spt= 0.05> <nCl=206> <DB= -800.0000> <Mlp= -800.0000> <PB=-798.99999> 
<DWph=1> <it= 21> <et=0.96> <Mt= 0.00> <Spt= 0.01> <nCl=  0> <DB= -800.0000> <Mlp= -800.0000> <PB=-798.99999> 
<DWph=0> <it= 22> <et=0.98> <Mt= 0.00> <Spt= 0.02> <nCl=  0> <DB= -800.0000> <Mlp= -800.0000> <PB=-798.99999> 
Reduced cost fixing for graph G_4... took 0 sec., 7891 buck. arcs remain (78.4% from prev., 17% from max.)
Run enumeration... took 0.06 sec. and succeeded! Pricing will be done by inspection.
Reduced cost fixing for graph G_3... took 0.01 sec., 16535 buck. arcs remain (89% from prev., 30.6% from max.)
Run enumeration... took 1.96 sec. and not succeeded.
Reduced cost fixing for graph G_2... took 0.01 sec., 14885 buck. arcs remain (87.4% from prev., 28.1% from max.)
Run enumeration... took 0.81 sec. and not succeeded.
Reduced cost fixing for graph G_1... took 0.01 sec., 9017 buck. arcs remain (52.3% from prev., 17% from max.)
Run enumeration... took 0.57 sec. and not succeeded.
<DWph=2> <it= 23> <et=4.49> <Mt= 0.01> <Spt= 0.00> <nCl=  0> <DB= -800.0000> <Mlp= -800.0000> <PB=-798.99999> 
<DWph=1> <it= 24> <et=4.50> <Mt= 0.00> <Spt= 0.01> <nCl=  0> <DB= -800.0000> <Mlp= -800.0000> <PB=-798.99999> 
<DWph=0> <it= 25> <et=4.50> <Mt= 0.00> <Spt= 0.00> <nCl=  0> <DB= -800.0000> <Mlp= -800.0000> <PB=-798.99999> 
ColGenEvalAlg final dual bound: -800 (rounded: -800)
----- Add fac. cuts : R1C(153), max.viol = 0.384704, aver.viol = 0.204124, sep/add took 0/0.02 sec. -----
1187 columns (1187 active), 153 dyn. constrs. (153 active), 338 art. vars. (338 active)
<DWph=2> <it= 10> <et=4.72> <Mt= 0.11> <Spt= 0.08> <nCl=192> <DB= -817.1121> <Mlp= -795.8802> <PB=-798.99999> 
<DWph=2> <it= 20> <et=4.85> <Mt= 0.05> <Spt= 0.07> <nCl= 88> <DB= -805.9762> <Mlp= -798.8926> <PB=-798.99999> 
<DWph=2> <it= 30> <et=4.95> <Mt= 0.03> <Spt= 0.07> <nCl= 40> <DB= -801.3142> <Mlp= -799.4564> <PB=-798.99999> 
<DWph=2> <it= 33> <et=4.98> <Mt= 0.02> <Spt= 0.02> <nCl=  6> <DB= -799.5334> <Mlp= -799.5334> <PB=-798.99999> 
<DWph=1> <it= 36> <et=5.04> <Mt= 0.01> <Spt= 0.04> <nCl= 14> <DB= -800.0000> <Mlp= -800.0000> <PB=-798.99999> 
<DWph=0> <it= 37> <et=5.04> <Mt= 0.00> <Spt= 0.00> <nCl=  0> <DB= -800.0000> <Mlp= -800.0000> <PB=-798.99999> 
ColGenEvalAlg final dual bound: -800 (rounded: -800)
Gap improvement since the last cut separation : 3.52426e-12 (-800)
----- Add fac. cuts : R1C(319), max.viol = 0.407742, aver.viol = 0.16712, sep/add took 0.36/0.12 sec. -----
1727 columns (1727 active), 472 dyn. constrs. (472 active), 657 art. vars. (657 active)
<DWph=2> <it= 10> <et=6.28> <Mt= 0.59> <Spt= 0.14> <nCl=112> <DB= -807.8432> <Mlp= -797.5872> <PB=-798.99999> 
<DWph=2> <it= 20> <et=6.57> <Mt= 0.18> <Spt= 0.11> <nCl= 87> <DB= -807.0651> <Mlp= -800.0000> <PB=-798.99999> 
<DWph=2> <it= 24> <et=6.66> <Mt= 0.06> <Spt= 0.03> <nCl= 17> <DB= -800.0000> <Mlp= -800.0000> <PB=-798.99999> 
<DWph=1> <it= 25> <et=6.67> <Mt= 0.00> <Spt= 0.01> <nCl=  0> <DB= -800.0000> <Mlp= -800.0000> <PB=-798.99999> 
<DWph=0> <it= 26> <et=6.67> <Mt= 0.00> <Spt= 0.00> <nCl=  0> <DB= -800.0000> <Mlp= -800.0000> <PB=-798.99999> 
ColGenEvalAlg final dual bound: -800 (rounded: -800)
Gap improvement since the last cut separation : 1.70529e-12 (-800)
----- Add fac. cuts : sep. took 0.08 sec.----- no cuts found  -----
-----------------------------------------------------------------------
BaPCod info : now we run the root node with rank-1 cuts with arc memory
-----------------------------------------------------------------------
<DWph=2> <it=  1> <et=6.78> <Mt= 0.01> <Spt= 0.00> <nCl=  0> <DB= -800.0000> <Mlp= -800.0000> <PB=-798.99999> 
<DWph=1> <it=  2> <et=6.78> <Mt= 0.00> <Spt= 0.00> <nCl=  0> <DB= -800.0000> <Mlp= -800.0000> <PB=-798.99999> 
<DWph=0> <it=  3> <et=6.79> <Mt= 0.00> <Spt= 0.00> <nCl=  0> <DB= -800.0000> <Mlp= -800.0000> <PB=-798.99999> 
ColGenEvalAlg final dual bound: -800 (rounded: -800)
----- Add fac. cuts : R1C(156), max.viol = 0.434292, aver.viol = 0.165405, sep/add took 0/0.02 sec. -----
2090 columns (1187 active), 628 dyn. constrs. (156 active), 813 art. vars. (341 active)
<DWph=2> <it= 10> <et=7.00> <Mt= 0.08> <Spt= 0.08> <nCl=173> <DB= -805.4385> <Mlp= -797.6533> <PB=-798.99999> 
<DWph=2> <it= 20> <et=7.14> <Mt= 0.04> <Spt= 0.08> <nCl= 86> <DB= -802.4196> <Mlp= -799.5043> <PB=-798.99999> 
<DWph=2> <it= 22> <et=7.15> <Mt= 0.01> <Spt= 0.01> <nCl=  7> <DB= -803.5408> <Mlp= -800.0000> <PB=-798.99999> 
<DWph=1> <it= 23> <et=7.15> <Mt= 0.00> <Spt= 0.00> <nCl=  0> <DB= -800.0000> <Mlp= -800.0000> <PB=-798.99999> 
<DWph=0> <it= 24> <et=7.16> <Mt= 0.00> <Spt= 0.00> <nCl=  0> <DB= -800.0000> <Mlp= -800.0000> <PB=-798.99999> 
ColGenEvalAlg final dual bound: -800 (rounded: -800)
Gap improvement since the last cut separation : 2.27371e-12 (-800)
----- Add fac. cuts : R1C(296), max.viol = 0.449143, aver.viol = 0.214368, sep/add took 0.29/0.1 sec. -----
2538 columns (1635 active), 924 dyn. constrs. (452 active), 1109 art. vars. (637 active)
<DWph=2> <it= 10> <et=8.06> <Mt= 0.34> <Spt= 0.15> <nCl=111> <DB= -802.7549> <Mlp= -798.6869> <PB=-798.99999> 
<DWph=2> <it= 20> <et=8.37> <Mt= 0.14> <Spt= 0.15> <nCl= 63> <DB= -803.1135> <Mlp= -799.1718> <PB=-798.99999> 
<DWph=2> <it= 24> <et=8.45> <Mt= 0.04> <Spt= 0.04> <nCl= 10> <DB= -800.8940> <Mlp= -800.0000> <PB=-800> 
ColGenEvalAlg final dual bound: -800 (rounded: -800)
Gap improvement since the last cut separation : 1 (-800)
New model incumbent solution -800, TIME = 0h0m8s47t = 847
************************************************************************************************
Search is finished, global bounds : [ -800 , -800 ], TIME = 0h0m8s47t = 847
************************************************************************************************
[32mBaPCod : solution defined.[00m
statistics_cols: instance & :Optimal & cutoff & :bcRecRootDb & :bcTimeRootEval & :bcCountNodeProc & :bcRecBestDb & :bcRecBestInc & :bcTimeMain \\
statistics: T3-105-6-4 & 1 & -798.99999 & -800.00 & 8.47 & 1 & -800.00 & -800 & 8.47 \\
########################################################
trip 1 : 1 31 29 14 12 34 21 35 11 10 20 27 24 3 
trip 2 : 3 23 28 22 13 9 15 38 19 5 
trip 3 : 5 18 26 25 17 16 32 4 
trip 4 : 4 37 36 33 39 30 2 
tour : 1 31 29 14 12 34 21 35 11 10 20 27 24 3 23 28 22 13 9 15 38 19 5 18 26 25 17 16 32 4 37 36 33 39 30 2
Cost 800.0
########################################################
