Application parameters:
  batch  =>  nothing
  tikz  =>  "/TIKZ/T3-80-6-4.tex"
  instance  =>  "/IN/T3-80-6-4.ophs"
  out  =>  "/OUT/T3-80-6-4.sol"
  nosolve  =>  false
  ub  =>  -710
  complete  =>  false
  cfg  =>  "/BWTSP/src/../config/OPHS.cfg"
VRPSolver warning: Interval set for resource 1 on source node (when source != sink) is ignored (by definition is [0.0,0.0])
VRPSolver warning: Interval set for resource 1 on source node (when source != sink) is ignored (by definition is [0.0,0.0])
VRPSolver warning: Interval set for resource 1 on source node (when source != sink) is ignored (by definition is [0.0,0.0])
VRPSolver warning: Interval set for resource 1 on source node (when source != sink) is ignored (by definition is [0.0,0.0])
[41m solve [00m
~~~~~~~~~~~~~~~~~~~~~~~~~~~~~~~~~~~~~~~~~~~~~~~~~~~~~~~~~~~~~~~~~~~~~~~~~~~~~~
VRPSolver v0.4.1, 24/03/2021. Web: vrpsolver.math.u-bordeaux.fr
Corresponds to the solver by Pessoa, Sadykov, Uchoa and Vanderbeck (2020)
Paper: dx.doi.org/10.1007/s10107-020-01523-z
USE THIS CODE ONLY FOR ACADEMIC PURPOSES AT YOUR OWN RISK
~~~~~~~~~~~~~~~~~~~~~~~~~~~~~~~~~~~~~~~~~~~~~~~~~~~~~~~~~~~~~~~~~~~~~~~~~~~~~~
BaPCod v053, 24/03/2021, © Inria Bordeaux, France
~~~~~~~~~~~~~~~~~~~~~~~~~~~~~~~~~~~~~~~~~~~~~~~~~~~~~~~~~~~~~~~~~~~~~~~~~~~~~~
VRPSolver parameters:
GlobalTimeLimit = 18000
MaxNbOfBBtreeNodeTreated = 100000
treeSearchStrategy = 1
RCSPstopCutGenTimeThresholdInPricing = 10
RCSPhardTimeThresholdInPricing = 25
RCSPnumberOfBucketsPerVertex = 25
RCSPdynamicBucketSteps = 1
RCSPuseBidirectionalSearch = 2
RCSPapplyReducedCostFixing = 1
RCSPredCostFixingFalseGap = 0
RCSPmaxNumOfColsPerIteration = 30
RCSPmaxNumOfColsPerExactIteration = 150
RCSPheurLabelingStrategy = 0
StabilizationMinPhaseOfStage = 0
RCSPmaxNumOfLabelsInEnumeration = 0
RCSPmaxNumOfEnumeratedSolutions = 0
RCSPmaxNumOfEnumSolutionsForMIP = 10000
RCSPinitNGneighbourhoodSize = 8
RCSPmaxNGneighbourhoodSize = 8
RCSPrankOneCutsMaxNumPerRound = 100
RCSPrankOneCutsMaxNumRows = 5
RCSPrankOneCutsMemoryType = 0
CutTailingOffThreshold = 0.015
CutTailingOffCounterThreshold = 3
SafeDualBoundScaleFactor = -1
StrongBranchingPhaseOneCandidatesNumber = 100
StrongBranchingPhaseOneTreeSizeEstimRatio = 0.2
StrongBranchingPhaseTwoCandidatesNumber = 3
StrongBranchingPhaseTwoTreeSizeEstimRatio = 0.02
MaxTimeForRestrictedMasterIpHeur = -1
DivingHeurUseDepthLimit = 0
MaxLDSbreadth = 1
MaxLDSdepth = 10000
New model incumbent solution -709, TIME = 0h0m0s2t = 2
Model is built TIME = 0h0m0s82t = 82
************************************************************************************************
**** BaB tree root node
**** Local DB = -1e+12, global bounds : [ -1e+12 , -709 ], TIME = 0h0m0s82t = 82
**** 1 open nodes, 0 columns (0 active), 0 dyn. constrs. (0 active), 185 art. vars. (185 active)
************************************************************************************************
--------------------------------------------------------------------------
BaPCod info : first we run the root node with rank-1 cuts with node memory
--------------------------------------------------------------------------
<DWph=2> <it= 10> <et=0.87> <Mt= 0.00> <Spt= 0.03> <nCl=227> <DB= -849.9415> <Mlp= -698.3691> <PB=-708.99999> 
<DWph=2> <it= 20> <et=0.91> <Mt= 0.01> <Spt= 0.04> <nCl=140> <DB= -726.9822> <Mlp= -722.0190> <PB=-708.99999> 
<DWph=2> <it= 24> <et=0.93> <Mt= 0.00> <Spt= 0.01> <nCl=  6> <DB= -722.2222> <Mlp= -722.2222> <PB=-708.99999> 
<DWph=1> <it= 29> <et=1.00> <Mt= 0.00> <Spt= 0.06> <nCl= 28> <DB= -722.9125> <Mlp= -722.9125> <PB=-708.99999> 
<DWph=0> <it= 30> <et=1.02> <Mt= 0.00> <Spt= 0.03> <nCl=  6> <DB= -726.0943> <Mlp= -722.9125> <PB=-708.99999> 
<DWph=0> <it= 32> <et=1.07> <Mt= 0.01> <Spt= 0.04> <nCl=  2> <DB= -723.4029> <Mlp= -723.4029> <PB=-708.99999> 
Reduced cost fixing for graph G_4... took 0 sec., 3832 buck. arcs remain (39.2% from prev., 8.17% from max.)
Reduced cost fixing for graph G_3... took 0.01 sec., 4267 buck. arcs remain (29.3% from prev., 8.3% from max.)
Reduced cost fixing for graph G_2... took 0.01 sec., 3855 buck. arcs remain (30.6% from prev., 7.74% from max.)
Reduced cost fixing for graph G_1... took 0.01 sec., 2513 buck. arcs remain (20% from prev., 5.04% from max.)
ColGenEvalAlg final dual bound: -723.403 (rounded: -723)
----- Add fac. cuts : R1C(211), max.viol = 0.501605, aver.viol = 0.33307, sep/add took 0.2/0.06 sec. -----
1451 columns (1451 active), 211 dyn. constrs. (211 active), 396 art. vars. (396 active)
<DWph=2> <it=  7> <et=1.48> <Mt= 0.04> <Spt= 0.03> <nCl= 27> <DB= -716.0714> <Mlp= -716.0714> <PB=-708.99999> 
<DWph=1> <it=  9> <et=1.50> <Mt= 0.01> <Spt= 0.02> <nCl=  4> <DB= -716.0767> <Mlp= -716.0767> <PB=-708.99999> 
<DWph=0> <it= 10> <et=1.55> <Mt= 0.00> <Spt= 0.04> <nCl= 10> <DB= -721.3422> <Mlp= -716.0767> <PB=-708.99999> 
<DWph=0> <it= 12> <et=1.63> <Mt= 0.01> <Spt= 0.08> <nCl= 18> <DB= -716.3603> <Mlp= -716.3603> <PB=-708.99999> 
Reduced cost fixing for graph G_4... took 0 sec., 2796 buck. arcs remain (73% from prev., 5.96% from max.)
Reduced cost fixing for graph G_3... took 0 sec., 3564 buck. arcs remain (83.5% from prev., 6.93% from max.)
Reduced cost fixing for graph G_2... took 0 sec., 2735 buck. arcs remain (70.9% from prev., 5.49% from max.)
Reduced cost fixing for graph G_1... took 0 sec., 1758 buck. arcs remain (70% from prev., 3.53% from max.)
ColGenEvalAlg final dual bound: -716.36 (rounded: -716)
Gap improvement since the last cut separation : 0.488973 (-723.403)
----- Add fac. cuts : R1C(213), max.viol = 0.365831, aver.viol = 0.282946, sep/add took 0.22/0.09 sec. -----
2149 columns (2149 active), 424 dyn. constrs. (231 active), 609 art. vars. (416 active)
<DWph=2> <it=  1> <et=2.01> <Mt= 0.01> <Spt= 0.01> <nCl=  0> <DB= -715.4545> <Mlp= -715.4545> <PB=-708.99999> 
<DWph=1> <it=  2> <et=2.02> <Mt= 0.00> <Spt= 0.01> <nCl=  0> <DB= -715.4545> <Mlp= -715.4545> <PB=-708.99999> 
<DWph=0> <it=  3> <et=2.06> <Mt= 0.00> <Spt= 0.03> <nCl=  0> <DB= -715.4545> <Mlp= -715.4545> <PB=-708.99999> 
Reduced cost fixing for graph G_4... took 0 sec., 2608 buck. arcs remain (93.3% from prev., 5.56% from max.)
Reduced cost fixing for graph G_3... took 0 sec., 3069 buck. arcs remain (86.1% from prev., 5.97% from max.)
Reduced cost fixing for graph G_2... took 0 sec., 2352 buck. arcs remain (86% from prev., 4.72% from max.)
Reduced cost fixing for graph G_1... took 0 sec., 1518 buck. arcs remain (86.3% from prev., 3.05% from max.)
ColGenEvalAlg final dual bound: -715.455 (rounded: -715)
Gap improvement since the last cut separation : 0.123055 (-716.36)
----- Add fac. cuts : R1C(246), max.viol = 0.363636, aver.viol = 0.216556, sep/add took 0.16/0.13 sec. -----
2287 columns (2287 active), 477 dyn. constrs. (271 active), 855 art. vars. (456 active)
<DWph=2> <it=  2> <et=2.44> <Mt= 0.03> <Spt= 0.02> <nCl=  2> <DB= -714.7131> <Mlp= -714.7131> <PB=-708.99999> 
<DWph=1> <it=  6> <et=2.48> <Mt= 0.01> <Spt= 0.02> <nCl=  6> <DB= -717.6136> <Mlp= -714.7707> <PB=-708.99999> 
<DWph=0> <it=  8> <et=2.55> <Mt= 0.01> <Spt= 0.07> <nCl=  2> <DB= -714.7772> <Mlp= -714.7772> <PB=-708.99999> 
Reduced cost fixing for graph G_4... took 0 sec., 2381 buck. arcs remain (91.3% from prev., 5.07% from max.)
Reduced cost fixing for graph G_3... took 0 sec., 2921 buck. arcs remain (95.2% from prev., 5.68% from max.)
Reduced cost fixing for graph G_2... took 0 sec., 1662 buck. arcs remain (70.7% from prev., 3.33% from max.)
Reduced cost fixing for graph G_1... took 0 sec., 1480 buck. arcs remain (97.5% from prev., 2.97% from max.)
ColGenEvalAlg final dual bound: -714.777 (rounded: -714)
Gap improvement since the last cut separation : 0.104942 (-715.455)
----- Add fac. cuts : R1C(214), max.viol = 0.275094, aver.viol = 0.119633, sep/add took 0.23/0.12 sec. -----
2497 columns (2497 active), 485 dyn. constrs. (247 active), 1069 art. vars. (432 active)
<DWph=2> <it=  1> <et=2.99> <Mt= 0.02> <Spt= 0.01> <nCl=  0> <DB= -713.9865> <Mlp= -713.9865> <PB=-708.99999> 
<DWph=1> <it=  2> <et=3.00> <Mt= 0.01> <Spt= 0.01> <nCl=  0> <DB= -713.9865> <Mlp= -713.9865> <PB=-708.99999> 
<DWph=0> <it=  3> <et=3.04> <Mt= 0.00> <Spt= 0.04> <nCl=  0> <DB= -713.9865> <Mlp= -713.9865> <PB=-708.99999> 
Reduced cost fixing for graph G_4... took 0 sec., 2285 buck. arcs remain (96% from prev., 4.87% from max.)
Reduced cost fixing for graph G_3... took 0 sec., 2507 buck. arcs remain (85.8% from prev., 4.87% from max.)
Reduced cost fixing for graph G_2... took 0 sec., 1491 buck. arcs remain (89.7% from prev., 2.99% from max.)
Reduced cost fixing for graph G_1... took 0 sec., 1428 buck. arcs remain (96.5% from prev., 2.87% from max.)
ColGenEvalAlg final dual bound: -713.986 (rounded: -713)
Gap improvement since the last cut separation : 0.136866 (-714.777)
----- Add fac. cuts : R1C(235), max.viol = 0.168919, aver.viol = 0.0718804, sep/add took 0.21/0.17 sec. -----
2652 columns (2652 active), 482 dyn. constrs. (264 active), 1304 art. vars. (449 active)
<DWph=2> <it=  2> <et=3.55> <Mt= 0.05> <Spt= 0.02> <nCl=  1> <DB= -713.5775> <Mlp= -713.5775> <PB=-708.99999> 
<DWph=1> <it=  4> <et=3.57> <Mt= 0.00> <Spt= 0.01> <nCl=  1> <DB= -713.5775> <Mlp= -713.5775> <PB=-708.99999> 
<DWph=0> <it=  7> <et=3.68> <Mt= 0.02> <Spt= 0.09> <nCl=  7> <DB= -713.6343> <Mlp= -713.6343> <PB=-708.99999> 
ColGenEvalAlg final dual bound: -713.634 (rounded: -713)
Gap improvement since the last cut separation : 0.0706366 (-713.986)
----- Add fac. cuts : R1C(195), max.viol = 0.259765, aver.viol = 0.125154, sep/add took 0.36/0.14 sec. -----
2877 columns (2877 active), 459 dyn. constrs. (238 active), 1499 art. vars. (423 active)
<DWph=2> <it=  1> <et=4.26> <Mt= 0.02> <Spt= 0.01> <nCl=  0> <DB= -713.5000> <Mlp= -713.5000> <PB=-708.99999> 
<DWph=1> <it=  2> <et=4.27> <Mt= 0.01> <Spt= 0.01> <nCl=  0> <DB= -713.5000> <Mlp= -713.5000> <PB=-708.99999> 
<DWph=0> <it=  3> <et=4.31> <Mt= 0.00> <Spt= 0.04> <nCl=  0> <DB= -713.5000> <Mlp= -713.5000> <PB=-708.99999> 
ColGenEvalAlg final dual bound: -713.5 (rounded: -713)
Gap improvement since the last cut separation : 0.0289706 (-713.634)
----- Add fac. cuts : R1C(241), max.viol = 0.25, aver.viol = 0.0896266, sep/add took 0.18/0.24 sec. -----
2919 columns (2919 active), 479 dyn. constrs. (286 active), 1740 art. vars. (471 active)
<DWph=2> <it=  1> <et=4.86> <Mt= 0.06> <Spt= 0.01> <nCl=  0> <DB= -712.8427> <Mlp= -712.8427> <PB=-708.99999> 
<DWph=1> <it=  2> <et=4.87> <Mt= 0.01> <Spt= 0.01> <nCl=  0> <DB= -712.8427> <Mlp= -712.8427> <PB=-708.99999> 
<DWph=0> <it=  3> <et=4.91> <Mt= 0.00> <Spt= 0.03> <nCl=  0> <DB= -712.8427> <Mlp= -712.8427> <PB=-708.99999> 
Reduced cost fixing for graph G_4... took 0 sec., 2177 buck. arcs remain (95.3% from prev., 4.64% from max.)
Reduced cost fixing for graph G_3... took 0 sec., 2306 buck. arcs remain (92% from prev., 4.48% from max.)
Reduced cost fixing for graph G_2... took 0 sec., 1350 buck. arcs remain (90.5% from prev., 2.71% from max.)
Reduced cost fixing for graph G_1... took 0 sec., 1325 buck. arcs remain (92.8% from prev., 2.66% from max.)
ColGenEvalAlg final dual bound: -712.843 (rounded: -712)
Gap improvement since the last cut separation : 0.146069 (-713.5)
----- Add fac. cuts : R1C(168), max.viol = 0.26035, aver.viol = 0.143594, sep/add took 0.22/0.1 sec. -----
2940 columns (2940 active), 454 dyn. constrs. (214 active), 1908 art. vars. (399 active)
<DWph=2> <it=  1> <et=5.34> <Mt= 0.03> <Spt= 0.02> <nCl=  0> <DB= -712.6716> <Mlp= -712.6716> <PB=-708.99999> 
<DWph=1> <it=  2> <et=5.35> <Mt= 0.00> <Spt= 0.00> <nCl=  0> <DB= -712.6716> <Mlp= -712.6716> <PB=-708.99999> 
<DWph=0> <it=  3> <et=5.39> <Mt= 0.00> <Spt= 0.04> <nCl=  0> <DB= -712.6716> <Mlp= -712.6716> <PB=-708.99999> 
ColGenEvalAlg final dual bound: -712.672 (rounded: -712)
Gap improvement since the last cut separation : 0.0445274 (-712.843)
----- Add fac. cuts : R1C(178), max.viol = 0.238943, aver.viol = 0.137149, sep/add took 0.25/0.14 sec. -----
3026 columns (3026 active), 392 dyn. constrs. (224 active), 2086 art. vars. (409 active)
<DWph=2> <it=  1> <et=5.88> <Mt= 0.02> <Spt= 0.01> <nCl=  0> <DB= -712.6236> <Mlp= -712.6236> <PB=-708.99999> 
<DWph=1> <it=  2> <et=5.89> <Mt= 0.00> <Spt= 0.01> <nCl=  0> <DB= -712.6236> <Mlp= -712.6236> <PB=-708.99999> 
<DWph=0> <it=  3> <et=5.92> <Mt= 0.00> <Spt= 0.03> <nCl=  0> <DB= -712.6236> <Mlp= -712.6236> <PB=-708.99999> 
ColGenEvalAlg final dual bound: -712.624 (rounded: -712)
Gap improvement since the last cut separation : 0.0130752 (-712.672)
----- Add fac. cuts : R1C(148), max.viol = 0.174905, aver.viol = 0.12473, sep/add took 0.17/0.16 sec. -----
3038 columns (3038 active), 372 dyn. constrs. (197 active), 2234 art. vars. (382 active)
<DWph=2> <it=  1> <et=6.33> <Mt= 0.03> <Spt= 0.01> <nCl=  0> <DB= -712.5181> <Mlp= -712.5181> <PB=-708.99999> 
<DWph=1> <it=  2> <et=6.34> <Mt= 0.00> <Spt= 0.01> <nCl=  0> <DB= -712.5181> <Mlp= -712.5181> <PB=-708.99999> 
<DWph=0> <it=  3> <et=6.38> <Mt= 0.00> <Spt= 0.03> <nCl=  0> <DB= -712.5181> <Mlp= -712.5181> <PB=-708.99999> 
ColGenEvalAlg final dual bound: -712.518 (rounded: -712)
Gap improvement since the last cut separation : 0.0291019 (-712.624)
----- Add fac. cuts : R1C(205), max.viol = 0.177257, aver.viol = 0.103326, sep/add took 0.28/0.17 sec. -----
3104 columns (3104 active), 402 dyn. constrs. (249 active), 2439 art. vars. (434 active)
<DWph=2> <it=  1> <et=6.91> <Mt= 0.03> <Spt= 0.01> <nCl=  0> <DB= -712.4340> <Mlp= -712.4340> <PB=-708.99999> 
<DWph=1> <it=  2> <et=6.92> <Mt= 0.00> <Spt= 0.01> <nCl=  0> <DB= -712.4340> <Mlp= -712.4340> <PB=-708.99999> 
<DWph=0> <it=  3> <et=6.96> <Mt= 0.01> <Spt= 0.04> <nCl=  0> <DB= -712.4340> <Mlp= -712.4340> <PB=-708.99999> 
Reduced cost fixing for graph G_4... took 0 sec., 2059 buck. arcs remain (94.6% from prev., 4.39% from max.)
Reduced cost fixing for graph G_3... took 0 sec., 2256 buck. arcs remain (97.8% from prev., 4.39% from max.)
Reduced cost fixing for graph G_2... took 0 sec., 1339 buck. arcs remain (99.2% from prev., 2.69% from max.)
Reduced cost fixing for graph G_1... took 0 sec., 1278 buck. arcs remain (96.5% from prev., 2.56% from max.)
ColGenEvalAlg final dual bound: -712.434 (rounded: -712)
Gap improvement since the last cut separation : 0.0239198 (-712.518)
----- Add fac. cuts : R1C(173), max.viol = 0.247389, aver.viol = 0.137608, sep/add took 0.28/0.11 sec. -----
3135 columns (3135 active), 422 dyn. constrs. (225 active), 2612 art. vars. (410 active)
<DWph=2> <it=  1> <et=7.46> <Mt= 0.01> <Spt= 0.01> <nCl=  0> <DB= -712.4329> <Mlp= -712.4329> <PB=-708.99999> 
<DWph=1> <it=  2> <et=7.47> <Mt= 0.00> <Spt= 0.01> <nCl=  0> <DB= -712.4329> <Mlp= -712.4329> <PB=-708.99999> 
<DWph=0> <it=  3> <et=7.51> <Mt= 0.01> <Spt= 0.03> <nCl=  0> <DB= -712.4329> <Mlp= -712.4329> <PB=-708.99999> 
ColGenEvalAlg final dual bound: -712.433 (rounded: -712)
Gap improvement since the last cut separation : 0.000296874 (-712.434)
----- Add fac. cuts : R1C(132), max.viol = 0.140164, aver.viol = 0.124778, sep/add took 0.24/0.09 sec. -----
3167 columns (3167 active), 357 dyn. constrs. (182 active), 2744 art. vars. (367 active)
<DWph=2> <it=  1> <et=7.90> <Mt= 0.00> <Spt= 0.01> <nCl=  0> <DB= -712.4329> <Mlp= -712.4329> <PB=-708.99999> 
<DWph=1> <it=  2> <et=7.92> <Mt= 0.01> <Spt= 0.01> <nCl=  0> <DB= -712.4329> <Mlp= -712.4329> <PB=-708.99999> 
<DWph=0> <it=  3> <et=7.92> <Mt= 0.00> <Spt= 0.00> <nCl=  0> <DB= -712.4329> <Mlp= -712.4329> <PB=-708.99999> 
ColGenEvalAlg final dual bound: -712.433 (rounded: -712)
Gap improvement since the last cut separation : -5.36484e-12 (-712.433)
----- Cut generation is stopped due to tailing off -----
----------- Diving heuristic started -----------
<DWph=2> <it=  1> <et=7.94> <Mt= 0.00> <Spt= 0.00> <nCl=  0> <DB= -712.4329> <Mlp= -712.4329> <PB=-708.99999> 
<DWph=1> <it=  2> <et=7.95> <Mt= 0.01> <Spt= 0.00> <nCl=  0> <DB= -712.4329> <Mlp= -712.4329> <PB=-708.99999> 
---- Diving heuristic node with dive number = 0, fix depth = 1 and tabu list size = 0
Fixed projected solution = [t_4_2_4_4_OspV=1, x_4_2_32_4_OspV=1, x_4_5_25_4_OspV=1, x_4_16_17_4_OspV=1, x_4_16_32_4_OspV=1, x_4_17_25_4_OspV=1, y_4_5_4_4_OspV=1]
<DWph=2> <it=  1> <et=8.17> <Mt= 0.20> <Spt= 0.00> <nCl=  0> <DB= -710.0000> <Mlp= -710.0000> <PB=-710> 
<DWph=1> <it=  2> <et=8.18> <Mt= 0.00> <Spt= 0.01> <nCl=  0> <DB= -710.0000> <Mlp= -710.0000> <PB=-710> 
---- Diving heuristic node with dive number = 1, fix depth = 1 and tabu list size = 1
Fixed projected solution = [t_1_4_1_1_OspV=1, x_1_1_34_1_OspV=1, x_1_4_19_1_OspV=1, x_1_19_38_1_OspV=1, x_1_30_34_1_OspV=1, x_1_30_39_1_OspV=1, x_1_33_37_1_OspV=1, x_1_33_39_1_OspV=1, x_1_36_37_1_OspV=1, x_1_36_38_1_OspV=1, y_1_1_1_1_OspV=1]
<DWph=2> <it=  3> <et=8.38> <Mt= 0.15> <Spt= 0.01> <nCl=  2> <DB=23323.3333> <Mlp=23323.3333> <PB=-710> 
<DWph=1> <it=  4> <et=8.39> <Mt= 0.01> <Spt= 0.01> <nCl=  0> <DB=23323.3333> <Mlp=23323.3333> <PB=-710> 
**** Strong branching phase 1 is started *****
SB phase 1 cand.  1 branch on t_3_2 (lhs=0.4488): [ -710.0746,  -651.6667], score = 8.10      <et=8.53>
SB phase 1 cand.  2 branch on t_5_3 (lhs=0.3632): [ -710.0000,  -709.3182], score = 7.58      <et=8.6>
SB phase 1 cand.  3 branch on t_4_1 (lhs=0.3345): [ -712.4329,  -683.8066], score = 0.00      <et=8.68>
SB phase 1 cand.  4 branch on t_7_3 (lhs=0.3062): [ -710.9902,  -688.3333], score = 4.95      <et=8.81>
SB phase 1 cand. 17 branch on y_3_3 (lhs=0.4488): [ -710.0746,  -651.6667], score = 8.10      <et=10.03>
**** Strong branching phase 2 is started *****
<DWph=1> <it=  2> <et=11.37> <Mt= 0.00> <Spt= 0.02> <nCl=  0> <DB= -651.6667> <Mlp= -651.6667> <PB=-710> 
<DWph=1> <it=  4> <et=11.45> <Mt= 0.02> <Spt= 0.03> <nCl=  2> <DB= -710.2950> <Mlp= -710.2950> <PB=-710> 
SB phase 2 cand.  1 branch on t_3_2 (lhs=0.4488): [ -710.2950,  -651.6667], score = 7.34      <et=11.45>
<DWph=1> <it=  2> <et=11.48> <Mt= 0.01> <Spt= 0.02> <nCl=  0> <DB= -709.3182> <Mlp= -709.3182> <PB=-710> 
<DWph=1> <it=  2> <et=11.52> <Mt= 0.00> <Spt= 0.02> <nCl=  0> <DB= -710.0000> <Mlp= -710.0000> <PB=-710> 
SB phase 2 cand.  2 branch on t_5_3 (lhs=0.3632): [ -710.0000,  -709.3182], score = 7.58      <et=11.52>
<DWph=1> <it= 14> <et=11.70> <Mt= 0.06> <Spt= 0.08> <nCl= 18> <DB= -690.9231> <Mlp= -690.9231> <PB=-710> 
<DWph=1> <it=  3> <et=11.76> <Mt= 0.01> <Spt= 0.03> <nCl=  1> <DB= -711.0707> <Mlp= -711.0707> <PB=-710> 
SB phase 2 cand.  3 branch on t_7_3 (lhs=0.3062): [ -711.0707,  -690.9231], score = 4.68      <et=11.76>
**** Strong branching phase 3 is started *****
**** SB phase 3 evaluation of candidate 1, branch 1 ( t_5_3 <= 0 ), value = -709.318
<DWph=2> <it=  1> <et=11.79> <Mt= 0.01> <Spt= 0.01> <nCl=  0> <DB= -709.3182> <Mlp= -709.3182> <PB=-710> 
<DWph=1> <it=  2> <et=11.80> <Mt= 0.00> <Spt= 0.01> <nCl=  0> <DB= -709.3182> <Mlp= -709.3182> <PB=-710> 
<DWph=0> <it=  3> <et=11.83> <Mt= 0.00> <Spt= 0.03> <nCl=  2> <DB= -710.4545> <Mlp= -709.3182> <PB=-710> 
ColGenEvalAlg final dual bound: -710.455 (rounded: -710)
**** SB phase 3 evaluation of candidate 1, branch 2 ( t_5_3 >= 1 ), value = -710
<DWph=2> <it=  1> <et=11.86> <Mt= 0.01> <Spt= 0.00> <nCl=  0> <DB= -710.0000> <Mlp= -710.0000> <PB=-710> 
<DWph=1> <it=  2> <et=11.87> <Mt= 0.00> <Spt= 0.01> <nCl=  0> <DB= -710.0000> <Mlp= -710.0000> <PB=-710> 
<DWph=0> <it=  5> <et=11.98> <Mt= 0.01> <Spt= 0.09> <nCl=  4> <DB= -710.0000> <Mlp= -710.0000> <PB=-710> 
ColGenEvalAlg final dual bound: -710 (rounded: -710)
 SB phase 3 candidate 1 is conquered !
New model incumbent solution -710, TIME = 0h0m11s99t = 1199
************************************************************************************************
Search is finished, global bounds : [ -710 , -710 ], TIME = 0h0m11s99t = 1199
************************************************************************************************
[32mBaPCod : solution defined.[00m
statistics_cols: instance & :Optimal & cutoff & :bcRecRootDb & :bcTimeRootEval & :bcCountNodeProc & :bcRecBestDb & :bcRecBestInc & :bcTimeMain \\
statistics: T3-80-6-4 & 1 & -708.99999 & -712.00 & 7.94 & 3 & -710.00 & -710 & 11.99 \\
########################################################
trip 1 : 1 31 29 14 12 35 21 11 27 24 3 
trip 2 : 3 23 22 20 10 13 9 15 38 19 4 
trip 3 : 4 36 37 18 26 5 
trip 4 : 5 25 17 16 32 2 
tour : 1 31 29 14 12 35 21 11 27 24 3 23 22 20 10 13 9 15 38 19 4 36 37 18 26 5 25 17 16 32 2
Cost 710.0
########################################################
