Application parameters:
  batch  =>  nothing
  tikz  =>  "/TIKZ/T3-85-6-4.tex"
  instance  =>  "/IN/T3-85-6-4.ophs"
  out  =>  "/OUT/T3-85-6-4.sol"
  nosolve  =>  false
  ub  =>  -740
  complete  =>  false
  cfg  =>  "/BWTSP/src/../config/OPHS.cfg"
VRPSolver warning: Interval set for resource 1 on source node (when source != sink) is ignored (by definition is [0.0,0.0])
VRPSolver warning: Interval set for resource 1 on source node (when source != sink) is ignored (by definition is [0.0,0.0])
VRPSolver warning: Interval set for resource 1 on source node (when source != sink) is ignored (by definition is [0.0,0.0])
VRPSolver warning: Interval set for resource 1 on source node (when source != sink) is ignored (by definition is [0.0,0.0])
[41m solve [00m
~~~~~~~~~~~~~~~~~~~~~~~~~~~~~~~~~~~~~~~~~~~~~~~~~~~~~~~~~~~~~~~~~~~~~~~~~~~~~~
VRPSolver v0.4.1, 24/03/2021. Web: vrpsolver.math.u-bordeaux.fr
Corresponds to the solver by Pessoa, Sadykov, Uchoa and Vanderbeck (2020)
Paper: dx.doi.org/10.1007/s10107-020-01523-z
USE THIS CODE ONLY FOR ACADEMIC PURPOSES AT YOUR OWN RISK
~~~~~~~~~~~~~~~~~~~~~~~~~~~~~~~~~~~~~~~~~~~~~~~~~~~~~~~~~~~~~~~~~~~~~~~~~~~~~~
BaPCod v053, 24/03/2021, © Inria Bordeaux, France
~~~~~~~~~~~~~~~~~~~~~~~~~~~~~~~~~~~~~~~~~~~~~~~~~~~~~~~~~~~~~~~~~~~~~~~~~~~~~~
VRPSolver parameters:
GlobalTimeLimit = 18000
MaxNbOfBBtreeNodeTreated = 100000
treeSearchStrategy = 1
RCSPstopCutGenTimeThresholdInPricing = 10
RCSPhardTimeThresholdInPricing = 25
RCSPnumberOfBucketsPerVertex = 25
RCSPdynamicBucketSteps = 1
RCSPuseBidirectionalSearch = 2
RCSPapplyReducedCostFixing = 1
RCSPredCostFixingFalseGap = 0
RCSPmaxNumOfColsPerIteration = 30
RCSPmaxNumOfColsPerExactIteration = 150
RCSPheurLabelingStrategy = 0
StabilizationMinPhaseOfStage = 0
RCSPmaxNumOfLabelsInEnumeration = 0
RCSPmaxNumOfEnumeratedSolutions = 0
RCSPmaxNumOfEnumSolutionsForMIP = 10000
RCSPinitNGneighbourhoodSize = 8
RCSPmaxNGneighbourhoodSize = 8
RCSPrankOneCutsMaxNumPerRound = 100
RCSPrankOneCutsMaxNumRows = 5
RCSPrankOneCutsMemoryType = 0
CutTailingOffThreshold = 0.015
CutTailingOffCounterThreshold = 3
SafeDualBoundScaleFactor = -1
StrongBranchingPhaseOneCandidatesNumber = 100
StrongBranchingPhaseOneTreeSizeEstimRatio = 0.2
StrongBranchingPhaseTwoCandidatesNumber = 3
StrongBranchingPhaseTwoTreeSizeEstimRatio = 0.02
MaxTimeForRestrictedMasterIpHeur = -1
DivingHeurUseDepthLimit = 0
MaxLDSbreadth = 1
MaxLDSdepth = 10000
New model incumbent solution -739, TIME = 0h0m0s3t = 3
Model is built TIME = 0h0m0s84t = 84
************************************************************************************************
**** BaB tree root node
**** Local DB = -1e+12, global bounds : [ -1e+12 , -739 ], TIME = 0h0m0s84t = 84
**** 1 open nodes, 0 columns (0 active), 0 dyn. constrs. (0 active), 185 art. vars. (185 active)
************************************************************************************************
--------------------------------------------------------------------------
BaPCod info : first we run the root node with rank-1 cuts with node memory
--------------------------------------------------------------------------
<DWph=2> <it= 10> <et=0.89> <Mt= 0.00> <Spt= 0.03> <nCl=230> <DB= -828.9314> <Mlp= -723.0520> <PB=-738.99999> 
<DWph=2> <it= 20> <et=0.94> <Mt= 0.01> <Spt= 0.04> <nCl=133> <DB= -757.0454> <Mlp= -749.1224> <PB=-738.99999> 
<DWph=2> <it= 25> <et=0.96> <Mt= 0.00> <Spt= 0.02> <nCl=  6> <DB= -759.1616> <Mlp= -750.7260> <PB=-738.99999> 
<DWph=1> <it= 30> <et=1.03> <Mt= 0.01> <Spt= 0.06> <nCl= 30> <DB= -755.2987> <Mlp= -752.6165> <PB=-738.99999> 
<DWph=1> <it= 32> <et=1.06> <Mt= 0.00> <Spt= 0.03> <nCl=  2> <DB= -752.6822> <Mlp= -752.6822> <PB=-738.99999> 
<DWph=0> <it= 35> <et=1.18> <Mt= 0.00> <Spt= 0.11> <nCl= 64> <DB= -754.5974> <Mlp= -754.5974> <PB=-738.99999> 
Reduced cost fixing for graph G_4... took 0.01 sec., 4524 buck. arcs remain (38.6% from prev., 9.22% from max.)
Reduced cost fixing for graph G_3... took 0.01 sec., 5523 buck. arcs remain (39.2% from prev., 10.7% from max.)
Reduced cost fixing for graph G_2... took 0.01 sec., 5167 buck. arcs remain (36.1% from prev., 10% from max.)
Reduced cost fixing for graph G_1... took 0.01 sec., 3391 buck. arcs remain (23.5% from prev., 6.56% from max.)
ColGenEvalAlg final dual bound: -754.597 (rounded: -754)
----- Add fac. cuts : R1C(222), max.viol = 0.246255, aver.viol = 0.119243, sep/add took 0.02/0.12 sec. -----
1636 columns (1636 active), 222 dyn. constrs. (222 active), 407 art. vars. (407 active)
<DWph=2> <it= 10> <et=1.59> <Mt= 0.11> <Spt= 0.08> <nCl= 29> <DB= -751.0897> <Mlp= -751.0897> <PB=-738.99999> 
<DWph=1> <it= 17> <et=1.73> <Mt= 0.05> <Spt= 0.07> <nCl= 23> <DB= -751.4721> <Mlp= -751.4721> <PB=-738.99999> 
<DWph=0> <it= 19> <et=1.90> <Mt= 0.02> <Spt= 0.15> <nCl= 18> <DB= -751.5946> <Mlp= -751.5946> <PB=-738.99999> 
Reduced cost fixing for graph G_4... took 0.01 sec., 3916 buck. arcs remain (86.6% from prev., 7.98% from max.)
Reduced cost fixing for graph G_3... took 0.02 sec., 5085 buck. arcs remain (92.1% from prev., 9.88% from max.)
Reduced cost fixing for graph G_2... took 0.01 sec., 4887 buck. arcs remain (94.6% from prev., 9.46% from max.)
Reduced cost fixing for graph G_1... took 0.02 sec., 3163 buck. arcs remain (93.3% from prev., 6.12% from max.)
ColGenEvalAlg final dual bound: -751.595 (rounded: -751)
Gap improvement since the last cut separation : 0.192518 (-754.597)
----- Add fac. cuts : R1C(245), max.viol = 0.279459, aver.viol = 0.182416, sep/add took 0.2/0.16 sec. -----
2180 columns (2180 active), 467 dyn. constrs. (271 active), 652 art. vars. (456 active)
<DWph=2> <it=  3> <et=2.43> <Mt= 0.04> <Spt= 0.03> <nCl=  3> <DB= -750.1415> <Mlp= -750.1415> <PB=-738.99999> 
<DWph=1> <it=  5> <et=2.46> <Mt= 0.00> <Spt= 0.02> <nCl=  1> <DB= -750.1415> <Mlp= -750.1415> <PB=-738.99999> 
<DWph=0> <it=  8> <et=2.63> <Mt= 0.02> <Spt= 0.15> <nCl= 13> <DB= -750.3495> <Mlp= -750.3495> <PB=-738.99999> 
ColGenEvalAlg final dual bound: -750.349 (rounded: -750)
Gap improvement since the last cut separation : 0.0988624 (-751.595)
----- Add fac. cuts : R1C(212), max.viol = 0.199332, aver.viol = 0.111516, sep/add took 0.26/0.17 sec. -----
2611 columns (2611 active), 483 dyn. constrs. (237 active), 864 art. vars. (422 active)
<DWph=2> <it=  2> <et=3.18> <Mt= 0.03> <Spt= 0.03> <nCl=  2> <DB= -749.6293> <Mlp= -749.6293> <PB=-738.99999> 
<DWph=1> <it=  3> <et=3.20> <Mt= 0.01> <Spt= 0.01> <nCl=  0> <DB= -749.6293> <Mlp= -749.6293> <PB=-738.99999> 
<DWph=0> <it=  5> <et=3.32> <Mt= 0.01> <Spt= 0.10> <nCl=  4> <DB= -749.6328> <Mlp= -749.6328> <PB=-738.99999> 
Reduced cost fixing for graph G_4... took 0.01 sec., 3190 buck. arcs remain (81.5% from prev., 6.5% from max.)
Reduced cost fixing for graph G_3... took 0.02 sec., 4541 buck. arcs remain (89.3% from prev., 8.83% from max.)
Reduced cost fixing for graph G_2... took 0.01 sec., 4577 buck. arcs remain (93.7% from prev., 8.86% from max.)
Reduced cost fixing for graph G_1... took 0.02 sec., 2997 buck. arcs remain (94.8% from prev., 5.8% from max.)
ColGenEvalAlg final dual bound: -749.633 (rounded: -749)
Gap improvement since the last cut separation : 0.0631482 (-750.349)
----- Add fac. cuts : R1C(176), max.viol = 0.156621, aver.viol = 0.0780252, sep/add took 0.32/0.13 sec. -----
2766 columns (2766 active), 413 dyn. constrs. (214 active), 1040 art. vars. (399 active)
<DWph=2> <it=  3> <et=4.00> <Mt= 0.04> <Spt= 0.04> <nCl=  2> <DB= -749.1132> <Mlp= -749.1132> <PB=-738.99999> 
<DWph=1> <it=  5> <et=4.03> <Mt= 0.00> <Spt= 0.03> <nCl=  1> <DB= -749.1132> <Mlp= -749.1132> <PB=-738.99999> 
<DWph=0> <it=  7> <et=4.12> <Mt= 0.02> <Spt= 0.07> <nCl= 13> <DB= -749.1446> <Mlp= -749.1446> <PB=-738.99999> 
ColGenEvalAlg final dual bound: -749.145 (rounded: -749)
Gap improvement since the last cut separation : 0.0459093 (-749.633)
----- Add fac. cuts : R1C(175), max.viol = 0.100303, aver.viol = 0.0608157, sep/add took 0.36/0.2 sec. -----
2970 columns (2970 active), 389 dyn. constrs. (223 active), 1215 art. vars. (408 active)
<DWph=2> <it=  5> <et=4.92> <Mt= 0.09> <Spt= 0.06> <nCl=  4> <DB= -748.9664> <Mlp= -748.9664> <PB=-738.99999> 
<DWph=1> <it=  9> <et=5.01> <Mt= 0.03> <Spt= 0.05> <nCl=  5> <DB= -748.9796> <Mlp= -748.9796> <PB=-738.99999> 
<DWph=0> <it= 10> <et=5.06> <Mt= 0.01> <Spt= 0.05> <nCl= 11> <DB= -750.7898> <Mlp= -748.9796> <PB=-738.99999> 
<DWph=0> <it= 11> <et=5.14> <Mt= 0.01> <Spt= 0.06> <nCl=  0> <DB= -748.9868> <Mlp= -748.9868> <PB=-738.99999> 
ColGenEvalAlg final dual bound: -748.987 (rounded: -748)
Gap improvement since the last cut separation : 0.0155523 (-749.145)
----- Add fac. cuts : R1C(159), max.viol = 0.119923, aver.viol = 0.0606764, sep/add took 0.38/0.22 sec. -----
3115 columns (3115 active), 382 dyn. constrs. (217 active), 1374 art. vars. (402 active)
<DWph=2> <it=  3> <et=5.90> <Mt= 0.06> <Spt= 0.05> <nCl=  2> <DB= -748.8437> <Mlp= -748.8437> <PB=-738.99999> 
<DWph=1> <it=  5> <et=5.95> <Mt= 0.01> <Spt= 0.03> <nCl=  2> <DB= -748.8521> <Mlp= -748.8521> <PB=-738.99999> 
<DWph=0> <it=  8> <et=6.12> <Mt= 0.04> <Spt= 0.12> <nCl= 15> <DB= -748.8875> <Mlp= -748.8875> <PB=-738.99999> 
ColGenEvalAlg final dual bound: -748.887 (rounded: -748)
Gap improvement since the last cut separation : 0.00995147 (-748.987)
----- Add fac. cuts : R1C(117), max.viol = 0.0813423, aver.viol = 0.0350314, sep/add took 0.37/0.12 sec. -----
3301 columns (3301 active), 334 dyn. constrs. (177 active), 1491 art. vars. (362 active)
<DWph=2> <it=  1> <et=6.74> <Mt= 0.04> <Spt= 0.02> <nCl=  0> <DB= -748.8205> <Mlp= -748.8205> <PB=-738.99999> 
<DWph=1> <it=  2> <et=6.76> <Mt= 0.00> <Spt= 0.02> <nCl=  0> <DB= -748.8205> <Mlp= -748.8205> <PB=-738.99999> 
<DWph=0> <it=  3> <et=6.83> <Mt= 0.00> <Spt= 0.06> <nCl=  0> <DB= -748.8205> <Mlp= -748.8205> <PB=-738.99999> 
ColGenEvalAlg final dual bound: -748.821 (rounded: -748)
Gap improvement since the last cut separation : 0.00677042 (-748.887)
----- Add fac. cuts : R1C(57), max.viol = 0.0374632, aver.viol = 0.0284343, sep/add took 0.39/0.07 sec. -----
3323 columns (3323 active), 234 dyn. constrs. (117 active), 1548 art. vars. (302 active)
<DWph=2> <it=  1> <et=7.42> <Mt= 0.04> <Spt= 0.02> <nCl=  0> <DB= -748.7660> <Mlp= -748.7660> <PB=-738.99999> 
<DWph=1> <it=  2> <et=7.45> <Mt= 0.01> <Spt= 0.02> <nCl=  0> <DB= -748.7660> <Mlp= -748.7660> <PB=-738.99999> 
<DWph=0> <it=  4> <et=7.58> <Mt= 0.01> <Spt= 0.11> <nCl=  5> <DB= -748.7684> <Mlp= -748.7684> <PB=-738.99999> 
ColGenEvalAlg final dual bound: -748.768 (rounded: -748)
Gap improvement since the last cut separation : 0.00531078 (-748.821)
----- Cut generation is stopped due to tailing off -----
----------- Diving heuristic started -----------
<DWph=2> <it=  1> <et=7.64> <Mt= 0.00> <Spt= 0.00> <nCl=  0> <DB= -748.7684> <Mlp= -748.7684> <PB=-738.99999> 
<DWph=1> <it=  2> <et=7.65> <Mt= 0.01> <Spt= 0.00> <nCl=  0> <DB= -748.7684> <Mlp= -748.7684> <PB=-738.99999> 
---- Diving heuristic node with dive number = 0, fix depth = 1 and tabu list size = 0
Fixed projected solution = [t_4_2_4_4_OspV=1, x_4_2_30_4_OspV=1, x_4_5_27_4_OspV=1, x_4_11_21_4_OspV=1, x_4_11_27_4_OspV=1, x_4_12_14_4_OspV=1, x_4_12_35_4_OspV=1, x_4_14_29_4_OspV=1, x_4_21_35_4_OspV=1, x_4_29_34_4_OspV=1, x_4_30_34_4_OspV=1, y_4_5_4_4_OspV=1]
<DWph=2> <it= 10> <et=8.00> <Mt= 0.23> <Spt= 0.06> <nCl= 87> <DB= -758.7545> <Mlp= -742.1875> <PB=-738.99999> 
<DWph=2> <it= 20> <et=8.12> <Mt= 0.03> <Spt= 0.06> <nCl= 27> <DB= -746.1339> <Mlp= -742.8125> <PB=-738.99999> 
<DWph=2> <it= 24> <et=8.15> <Mt= 0.02> <Spt= 0.01> <nCl=  6> <DB= -743.0303> <Mlp= -743.0303> <PB=-738.99999> 
<DWph=1> <it= 27> <et=8.17> <Mt= 0.01> <Spt= 0.00> <nCl=  3> <DB= -743.1579> <Mlp= -743.1579> <PB=-738.99999> 
---- Diving heuristic node with dive number = 0, fix depth = 2 and tabu list size = 0
Fixed projected solution = [t_1_3_1_1_OspV=1, x_1_1_31_1_OspV=1, x_1_3_26_1_OspV=1, x_1_16_17_1_OspV=1, x_1_16_32_1_OspV=1, x_1_17_25_1_OspV=1, x_1_25_26_1_OspV=1, x_1_31_32_1_OspV=1, y_1_1_1_1_OspV=1]
<DWph=2> <it= 10> <et=8.35> <Mt= 0.13> <Spt= 0.02> <nCl= 57> <DB= -743.0673> <Mlp= -735.0000> <PB=-738.99999> 
<DWph=2> <it= 13> <et=8.36> <Mt= 0.01> <Spt= 0.01> <nCl= 10> <DB= -740.6877> <Mlp= -740.0000> <PB=-740> 
<DWph=1> <it= 20> <et=8.40> <Mt= 0.01> <Spt= 0.02> <nCl= 22> <DB= -748.9286> <Mlp= -740.0000> <PB=-740> 
<DWph=1> <it= 22> <et=8.42> <Mt= 0.00> <Spt= 0.01> <nCl=  1> <DB= -740.0000> <Mlp= -740.0000> <PB=-740> 
---- Diving heuristic node with dive number = 1, fix depth = 2 and tabu list size = 1
Fixed projected solution = [t_3_5_3_3_OspV=1, x_3_4_38_3_OspV=1, x_3_5_24_3_OspV=1, x_3_9_13_3_OspV=1, x_3_9_15_3_OspV=1, x_3_10_13_3_OspV=1, x_3_10_20_3_OspV=1, x_3_15_38_3_OspV=1, x_3_20_22_3_OspV=1, x_3_22_23_3_OspV=1, x_3_23_24_3_OspV=1, y_3_4_3_3_OspV=1]
<DWph=2> <it= 10> <et=8.58> <Mt= 0.09> <Spt= 0.02> <nCl= 91> <DB=-4557.1038> <Mlp= 7286.6667> <PB=-740> 
<DWph=2> <it= 20> <et=8.63> <Mt= 0.02> <Spt= 0.02> <nCl= 32> <DB= -744.7704> <Mlp= -727.5000> <PB=-740> 
<DWph=2> <it= 28> <et=8.69> <Mt= 0.02> <Spt= 0.02> <nCl=  7> <DB= -740.0000> <Mlp= -740.0000> <PB=-740> 
<DWph=1> <it= 29> <et=8.69> <Mt= 0.00> <Spt= 0.00> <nCl=  0> <DB= -740.0000> <Mlp= -740.0000> <PB=-740> 
---- Diving heuristic node with dive number = 2, fix depth = 1 and tabu list size = 1
Fixed projected solution = [t_1_3_1_1_OspV=1, x_1_1_31_1_OspV=1, x_1_3_26_1_OspV=1, x_1_16_17_1_OspV=1, x_1_16_32_1_OspV=1, x_1_17_25_1_OspV=1, x_1_25_26_1_OspV=1, x_1_31_32_1_OspV=1, y_1_1_1_1_OspV=1]
<DWph=2> <it= 10> <et=9.03> <Mt= 0.19> <Spt= 0.06> <nCl= 48> <DB= -743.1902> <Mlp= -740.0000> <PB=-740> 
<DWph=2> <it= 12> <et=9.07> <Mt= 0.00> <Spt= 0.02> <nCl=  1> <DB= -740.0000> <Mlp= -740.0000> <PB=-740> 
<DWph=1> <it= 15> <et=9.09> <Mt= 0.01> <Spt= 0.02> <nCl=  4> <DB= -740.0000> <Mlp= -740.0000> <PB=-740> 
**** Strong branching phase 1 is started *****
SB phase 1 cand.  1 branch on t_3_1 (lhs=0.5000): [ -741.0125,  -727.8125], score = 75.76      <et=9.29>
SB phase 1 cand.  2 branch on t_4_2 (lhs=0.4122): [ -746.7552,  5251.3636], score = 19.68      <et=9.41>
SB phase 1 cand.  3 branch on t_5_3 (lhs=0.6109): [ -745.2576,  -742.5481], score = 21.84      <et=9.56>
SB phase 1 cand.  4 branch on t_8_3 (lhs=0.3431): [ -746.6578,  -722.4172], score = 20.62      <et=9.74>
SB phase 1 cand. 17 branch on y_3_2 (lhs=0.5000): [ -741.0125,  -727.8125], score = 75.76      <et=11.34>
**** Strong branching phase 2 is started *****
<DWph=1> <it= 15> <et=13.43> <Mt= 0.06> <Spt= 0.13> <nCl= 40> <DB= -740.0000> <Mlp= -740.0000> <PB=-740> 
<DWph=1> <it=  3> <et=13.51> <Mt= 0.01> <Spt= 0.03> <nCl=  3> <DB= -741.0261> <Mlp= -741.0261> <PB=-740> 
SB phase 2 cand.  1 branch on y_3_2 (lhs=0.5000): [ -741.0261,  -740.0000], score = 67.89      <et=13.52>
<DWph=1> <it= 12> <et=13.77> <Mt= 0.08> <Spt= 0.12> <nCl= 16> <DB= -743.5897> <Mlp= -743.5897> <PB=-740> 
<DWph=1> <it=  3> <et=13.84> <Mt= 0.01> <Spt= 0.04> <nCl=  1> <DB= -745.2606> <Mlp= -745.2606> <PB=-740> 
SB phase 2 cand.  2 branch on t_5_3 (lhs=0.6109): [ -745.2606,  -743.5897], score = 18.17      <et=13.84>
<DWph=1> <it= 18> <et=14.17> <Mt= 0.11> <Spt= 0.15> <nCl= 43> <DB= -731.0494> <Mlp= -731.0494> <PB=-740> 
<DWph=1> <it=  5> <et=14.29> <Mt= 0.02> <Spt= 0.05> <nCl=  6> <DB= -746.6911> <Mlp= -746.6911> <PB=-740> 
SB phase 2 cand.  3 branch on y_8_4 (lhs=0.3431): [ -746.6911,  -731.0494], score = 20.29      <et=14.29>
**** Strong branching phase 3 is started *****
**** SB phase 3 evaluation of candidate 1, branch 1 ( y_3_2 >= 1 ), value = -740
<DWph=2> <it=  1> <et=14.32> <Mt= 0.01> <Spt= 0.01> <nCl=  0> <DB= -740.0000> <Mlp= -740.0000> <PB=-740> 
<DWph=1> <it=  2> <et=14.33> <Mt= 0.00> <Spt= 0.01> <nCl=  0> <DB= -740.0000> <Mlp= -740.0000> <PB=-740> 
<DWph=0> <it=  4> <et=14.43> <Mt= 0.01> <Spt= 0.09> <nCl=  8> <DB= -740.0000> <Mlp= -740.0000> <PB=-740> 
ColGenEvalAlg final dual bound: -740 (rounded: -740)
**** SB phase 3 evaluation of candidate 1, branch 2 ( y_3_2 <= 0 ), value = -741.026
<DWph=2> <it=  1> <et=14.47> <Mt= 0.00> <Spt= 0.01> <nCl=  0> <DB= -741.0261> <Mlp= -741.0261> <PB=-740> 
<DWph=1> <it=  2> <et=14.49> <Mt= 0.00> <Spt= 0.02> <nCl=  0> <DB= -741.0261> <Mlp= -741.0261> <PB=-740> 
<DWph=0> <it=  4> <et=14.61> <Mt= 0.01> <Spt= 0.10> <nCl= 22> <DB= -741.1296> <Mlp= -741.1296> <PB=-740> 
Reduced cost fixing for graph G_4... took 0 sec., 1013 buck. arcs remain (31.8% from prev., 2.06% from max.)
Reduced cost fixing for graph G_3... took 0.01 sec., 1148 buck. arcs remain (25.3% from prev., 2.23% from max.)
Reduced cost fixing for graph G_2... took 0 sec., 1186 buck. arcs remain (25.9% from prev., 2.29% from max.)
Reduced cost fixing for graph G_1... took 0.01 sec., 1214 buck. arcs remain (40.5% from prev., 2.35% from max.)
ColGenEvalAlg final dual bound: -741.13 (rounded: -741)
----- Add fac. cuts : R1C(247), max.viol = 0.333472, aver.viol = 0.144869, sep/add took 0.25/0.23 sec. -----
4809 columns (3708 active), 312 dyn. constrs. (284 active), 497 art. vars. (469 active)
<DWph=2> <it=  1> <et=15.27> <Mt= 0.09> <Spt= 0.01> <nCl=  0> <DB= -737.8239> <Mlp= -737.8239> <PB=-740> 
<DWph=1> <it=  2> <et=15.28> <Mt= 0.01> <Spt= 0.01> <nCl=  0> <DB= -737.8239> <Mlp= -737.8239> <PB=-740> 
<DWph=0> <it=  3> <et=15.38> <Mt= 0.00> <Spt= 0.09> <nCl=  0> <DB= -737.8239> <Mlp= -737.8239> <PB=-740> 
ColGenEvalAlg final dual bound: -737.824 (rounded: -737)
Gap improvement since the last cut separation : 2.92653 (-741.13)
 SB phase 3 candidate 1 is conquered !
New model incumbent solution -740, TIME = 0h0m15s40t = 1540
************************************************************************************************
Search is finished, global bounds : [ -740 , -740 ], TIME = 0h0m15s41t = 1541
************************************************************************************************
[32mBaPCod : solution defined.[00m
statistics_cols: instance & :Optimal & cutoff & :bcRecRootDb & :bcTimeRootEval & :bcCountNodeProc & :bcRecBestDb & :bcRecBestInc & :bcTimeMain \\
statistics: T3-85-6-4 & 1 & -738.99999 & -748.00 & 7.64 & 3 & -740.00 & -740 & 15.41 \\
########################################################
trip 1 : 1 31 32 16 17 25 26 3 
trip 2 : 3 18 37 33 36 19 4 
trip 3 : 4 38 15 9 13 10 20 22 23 24 5 
trip 4 : 5 27 11 21 35 12 14 29 34 30 2 
tour : 1 31 32 16 17 25 26 3 18 37 33 36 19 4 38 15 9 13 10 20 22 23 24 5 27 11 21 35 12 14 29 34 30 2
Cost 740.0
########################################################
