Application parameters:
  batch  =>  nothing
  tikz  =>  "/TIKZ/T3-90-6-4.tex"
  instance  =>  "/IN/T3-90-6-4.ophs"
  out  =>  "/OUT/T3-90-6-4.sol"
  nosolve  =>  false
  ub  =>  -770
  complete  =>  false
  cfg  =>  "/BWTSP/src/../config/OPHS.cfg"
VRPSolver warning: Interval set for resource 1 on source node (when source != sink) is ignored (by definition is [0.0,0.0])
VRPSolver warning: Interval set for resource 1 on source node (when source != sink) is ignored (by definition is [0.0,0.0])
VRPSolver warning: Interval set for resource 1 on source node (when source != sink) is ignored (by definition is [0.0,0.0])
VRPSolver warning: Interval set for resource 1 on source node (when source != sink) is ignored (by definition is [0.0,0.0])
[41m solve [00m
~~~~~~~~~~~~~~~~~~~~~~~~~~~~~~~~~~~~~~~~~~~~~~~~~~~~~~~~~~~~~~~~~~~~~~~~~~~~~~
VRPSolver v0.4.1, 24/03/2021. Web: vrpsolver.math.u-bordeaux.fr
Corresponds to the solver by Pessoa, Sadykov, Uchoa and Vanderbeck (2020)
Paper: dx.doi.org/10.1007/s10107-020-01523-z
USE THIS CODE ONLY FOR ACADEMIC PURPOSES AT YOUR OWN RISK
~~~~~~~~~~~~~~~~~~~~~~~~~~~~~~~~~~~~~~~~~~~~~~~~~~~~~~~~~~~~~~~~~~~~~~~~~~~~~~
BaPCod v053, 24/03/2021, © Inria Bordeaux, France
~~~~~~~~~~~~~~~~~~~~~~~~~~~~~~~~~~~~~~~~~~~~~~~~~~~~~~~~~~~~~~~~~~~~~~~~~~~~~~
VRPSolver parameters:
GlobalTimeLimit = 18000
MaxNbOfBBtreeNodeTreated = 100000
treeSearchStrategy = 1
RCSPstopCutGenTimeThresholdInPricing = 10
RCSPhardTimeThresholdInPricing = 25
RCSPnumberOfBucketsPerVertex = 25
RCSPdynamicBucketSteps = 1
RCSPuseBidirectionalSearch = 2
RCSPapplyReducedCostFixing = 1
RCSPredCostFixingFalseGap = 0
RCSPmaxNumOfColsPerIteration = 30
RCSPmaxNumOfColsPerExactIteration = 150
RCSPheurLabelingStrategy = 0
StabilizationMinPhaseOfStage = 0
RCSPmaxNumOfLabelsInEnumeration = 0
RCSPmaxNumOfEnumeratedSolutions = 0
RCSPmaxNumOfEnumSolutionsForMIP = 10000
RCSPinitNGneighbourhoodSize = 8
RCSPmaxNGneighbourhoodSize = 8
RCSPrankOneCutsMaxNumPerRound = 100
RCSPrankOneCutsMaxNumRows = 5
RCSPrankOneCutsMemoryType = 0
CutTailingOffThreshold = 0.015
CutTailingOffCounterThreshold = 3
SafeDualBoundScaleFactor = -1
StrongBranchingPhaseOneCandidatesNumber = 100
StrongBranchingPhaseOneTreeSizeEstimRatio = 0.2
StrongBranchingPhaseTwoCandidatesNumber = 3
StrongBranchingPhaseTwoTreeSizeEstimRatio = 0.02
MaxTimeForRestrictedMasterIpHeur = -1
DivingHeurUseDepthLimit = 0
MaxLDSbreadth = 1
MaxLDSdepth = 10000
New model incumbent solution -769, TIME = 0h0m0s2t = 2
Model is built TIME = 0h0m0s82t = 82
************************************************************************************************
**** BaB tree root node
**** Local DB = -1e+12, global bounds : [ -1e+12 , -769 ], TIME = 0h0m0s82t = 82
**** 1 open nodes, 0 columns (0 active), 0 dyn. constrs. (0 active), 185 art. vars. (185 active)
************************************************************************************************
--------------------------------------------------------------------------
BaPCod info : first we run the root node with rank-1 cuts with node memory
--------------------------------------------------------------------------
<DWph=2> <it= 10> <et=0.87> <Mt= 0.00> <Spt= 0.03> <nCl=240> <DB=-1028.1475> <Mlp= -738.6877> <PB=-768.99999> 
<DWph=2> <it= 20> <et=0.92> <Mt= 0.01> <Spt= 0.04> <nCl=183> <DB= -804.2134> <Mlp= -788.0097> <PB=-768.99999> 
<DWph=2> <it= 30> <et=0.98> <Mt= 0.01> <Spt= 0.05> <nCl= 33> <DB= -790.5873> <Mlp= -790.5873> <PB=-768.99999> 
<DWph=1> <it= 40> <et=1.12> <Mt= 0.01> <Spt= 0.13> <nCl= 53> <DB= -791.1622> <Mlp= -791.1622> <PB=-768.99999> 
<DWph=0> <it= 43> <et=1.25> <Mt= 0.00> <Spt= 0.12> <nCl= 14> <DB= -791.3498> <Mlp= -791.3498> <PB=-768.99999> 
Reduced cost fixing for graph G_4... took 0.01 sec., 5936 buck. arcs remain (67.8% from prev., 13.2% from max.)
Reduced cost fixing for graph G_3... took 0.04 sec., 10052 buck. arcs remain (63.6% from prev., 19.3% from max.)
Reduced cost fixing for graph G_2... took 0.03 sec., 10552 buck. arcs remain (67.8% from prev., 20.4% from max.)
Reduced cost fixing for graph G_1... took 0.03 sec., 9700 buck. arcs remain (65.6% from prev., 18.9% from max.)
ColGenEvalAlg final dual bound: -791.35 (rounded: -791)
----- Add fac. cuts : R1C(155), max.viol = 0.358764, aver.viol = 0.15238, sep/add took 0/0.07 sec. -----
1579 columns (1579 active), 155 dyn. constrs. (155 active), 340 art. vars. (340 active)
<DWph=2> <it= 10> <et=1.71> <Mt= 0.15> <Spt= 0.09> <nCl= 88> <DB= -789.9636> <Mlp= -783.8566> <PB=-768.99999> 
<DWph=2> <it= 17> <et=1.81> <Mt= 0.03> <Spt= 0.06> <nCl=  8> <DB= -783.9951> <Mlp= -783.9951> <PB=-768.99999> 
<DWph=1> <it= 20> <et=1.89> <Mt= 0.02> <Spt= 0.04> <nCl= 24> <DB= -790.0083> <Mlp= -784.6047> <PB=-768.99999> 
<DWph=1> <it= 29> <et=2.18> <Mt= 0.09> <Spt= 0.19> <nCl= 33> <DB= -784.8815> <Mlp= -784.8815> <PB=-768.99999> 
<DWph=0> <it= 30> <et=2.28> <Mt= 0.01> <Spt= 0.10> <nCl=220> <DB= -800.8698> <Mlp= -784.8815> <PB=-768.99999> 
<DWph=0> <it= 34> <et=2.82> <Mt= 0.20> <Spt= 0.32> <nCl=236> <DB= -785.7143> <Mlp= -785.7143> <PB=-768.99999> 
Reduced cost fixing for graph G_4... took 0.01 sec., 4227 buck. arcs remain (71.2% from prev., 9.37% from max.)
Reduced cost fixing for graph G_3... took 0.05 sec., 6675 buck. arcs remain (66.4% from prev., 12.8% from max.)
Reduced cost fixing for graph G_2... took 0.04 sec., 5671 buck. arcs remain (53.7% from prev., 10.9% from max.)
Reduced cost fixing for graph G_1... took 0.04 sec., 6006 buck. arcs remain (61.9% from prev., 11.7% from max.)
ColGenEvalAlg final dual bound: -785.714 (rounded: -785)
Gap improvement since the last cut separation : 0.252149 (-791.35)
----- Add fac. cuts : R1C(278), max.viol = 0.285714, aver.viol = 0.141401, sep/add took 0.22/0.27 sec. -----
3202 columns (3202 active), 433 dyn. constrs. (308 active), 618 art. vars. (493 active)
<DWph=2> <it=  3> <et=3.69> <Mt= 0.16> <Spt= 0.04> <nCl=  5> <DB= -782.8391> <Mlp= -782.9483> <PB=-768.99999> 
<DWph=1> <it=  7> <et=3.82> <Mt= 0.04> <Spt= 0.06> <nCl= 13> <DB= -783.0619> <Mlp= -783.0619> <PB=-768.99999> 
<DWph=0> <it=  9> <et=4.03> <Mt= 0.03> <Spt= 0.19> <nCl= 17> <DB= -783.1072> <Mlp= -783.1072> <PB=-768.99999> 
Reduced cost fixing for graph G_4... took 0 sec., 4085 buck. arcs remain (96.6% from prev., 9.06% from max.)
Reduced cost fixing for graph G_3... took 0.04 sec., 5940 buck. arcs remain (89% from prev., 11.4% from max.)
Reduced cost fixing for graph G_2... took 0.03 sec., 5203 buck. arcs remain (91.7% from prev., 10% from max.)
Reduced cost fixing for graph G_1... took 0.03 sec., 5296 buck. arcs remain (88.2% from prev., 10.3% from max.)
ColGenEvalAlg final dual bound: -783.107 (rounded: -783)
Gap improvement since the last cut separation : 0.15598 (-785.714)
----- Add fac. cuts : R1C(269), max.viol = 0.286969, aver.viol = 0.0872565, sep/add took 0.38/0.32 sec. -----
3726 columns (3726 active), 577 dyn. constrs. (320 active), 887 art. vars. (505 active)
<DWph=2> <it=  5> <et=5.28> <Mt= 0.27> <Spt= 0.07> <nCl= 11> <DB= -781.7594> <Mlp= -781.7594> <PB=-768.99999> 
<DWph=1> <it=  9> <et=5.54> <Mt= 0.16> <Spt= 0.07> <nCl= 16> <DB= -781.8787> <Mlp= -781.8878> <PB=-768.99999> 
<DWph=0> <it= 10> <et=5.67> <Mt= 0.01> <Spt= 0.11> <nCl= 44> <DB= -789.7563> <Mlp= -781.8878> <PB=-768.99999> 
<DWph=0> <it= 13> <et=6.18> <Mt= 0.20> <Spt= 0.28> <nCl= 22> <DB= -781.9028> <Mlp= -781.9028> <PB=-768.99999> 
ColGenEvalAlg final dual bound: -781.903 (rounded: -781)
Gap improvement since the last cut separation : 0.0853723 (-783.107)
----- Add fac. cuts : R1C(221), max.viol = 0.148684, aver.viol = 0.106141, sep/add took 0.28/0.22 sec. -----
4272 columns (4272 active), 541 dyn. constrs. (297 active), 1108 art. vars. (482 active)
<DWph=2> <it=  2> <et=6.94> <Mt= 0.13> <Spt= 0.04> <nCl=  1> <DB= -781.7016> <Mlp= -781.7016> <PB=-768.99999> 
<DWph=1> <it=  5> <et=7.02> <Mt= 0.02> <Spt= 0.05> <nCl=  2> <DB= -781.7016> <Mlp= -781.7016> <PB=-768.99999> 
<DWph=0> <it=  7> <et=7.24> <Mt= 0.02> <Spt= 0.20> <nCl=  6> <DB= -781.7020> <Mlp= -781.7020> <PB=-768.99999> 
ColGenEvalAlg final dual bound: -781.702 (rounded: -781)
Gap improvement since the last cut separation : 0.0155633 (-781.903)
----- Add fac. cuts : R1C(191), max.viol = 0.124826, aver.viol = 0.0632614, sep/add took 0.3/0.24 sec. -----
4482 columns (4482 active), 488 dyn. constrs. (262 active), 1299 art. vars. (447 active)
<DWph=2> <it=  2> <et=8.07> <Mt= 0.14> <Spt= 0.04> <nCl=  1> <DB= -781.3640> <Mlp= -781.3640> <PB=-768.99999> 
<DWph=1> <it=  4> <et=8.13> <Mt= 0.01> <Spt= 0.04> <nCl=  2> <DB= -781.3640> <Mlp= -781.3640> <PB=-768.99999> 
<DWph=0> <it=  6> <et=8.35> <Mt= 0.01> <Spt= 0.20> <nCl=  1> <DB= -781.3641> <Mlp= -781.3641> <PB=-768.99999> 
Reduced cost fixing for graph G_4... took 0.01 sec., 3905 buck. arcs remain (95.6% from prev., 8.66% from max.)
Reduced cost fixing for graph G_3... took 0.11 sec., 5743 buck. arcs remain (96.7% from prev., 11% from max.)
Reduced cost fixing for graph G_2... took 0.07 sec., 4924 buck. arcs remain (94.6% from prev., 9.5% from max.)
Reduced cost fixing for graph G_1... took 0.09 sec., 5018 buck. arcs remain (94.8% from prev., 9.77% from max.)
ColGenEvalAlg final dual bound: -781.364 (rounded: -781)
Gap improvement since the last cut separation : 0.0266053 (-781.702)
----- Add fac. cuts : R1C(141), max.viol = 0.133359, aver.viol = 0.0706981, sep/add took 0.31/0.17 sec. -----
4657 columns (4657 active), 403 dyn. constrs. (202 active), 1440 art. vars. (387 active)
<DWph=2> <it=  2> <et=9.30> <Mt= 0.06> <Spt= 0.03> <nCl=  1> <DB= -781.2801> <Mlp= -781.2801> <PB=-768.99999> 
<DWph=1> <it=  3> <et=9.33> <Mt= 0.01> <Spt= 0.02> <nCl=  0> <DB= -781.2801> <Mlp= -781.2801> <PB=-768.99999> 
<DWph=0> <it=  5> <et=9.53> <Mt= 0.01> <Spt= 0.19> <nCl=  1> <DB= -781.2801> <Mlp= -781.2801> <PB=-768.99999> 
ColGenEvalAlg final dual bound: -781.28 (rounded: -781)
Gap improvement since the last cut separation : 0.00679575 (-781.364)
----- Add fac. cuts : R1C(116), max.viol = 0.0847025, aver.viol = 0.0512284, sep/add took 0.36/0.21 sec. -----
4765 columns (4765 active), 318 dyn. constrs. (174 active), 1556 art. vars. (359 active)
<DWph=2> <it=  1> <et=10.25> <Mt= 0.04> <Spt= 0.02> <nCl=  0> <DB= -781.2759> <Mlp= -781.2759> <PB=-768.99999> 
<DWph=1> <it=  2> <et=10.29> <Mt= 0.01> <Spt= 0.02> <nCl=  0> <DB= -781.2759> <Mlp= -781.2759> <PB=-768.99999> 
<DWph=0> <it=  3> <et=10.42> <Mt= 0.01> <Spt= 0.13> <nCl=  0> <DB= -781.2759> <Mlp= -781.2759> <PB=-768.99999> 
ColGenEvalAlg final dual bound: -781.276 (rounded: -781)
Gap improvement since the last cut separation : 0.00033665 (-781.28)
----- Add fac. cuts : R1C(115), max.viol = 0.0590937, aver.viol = 0.0370543, sep/add took 0.42/0.22 sec. -----
4806 columns (4806 active), 289 dyn. constrs. (178 active), 1671 art. vars. (363 active)
<DWph=2> <it=  3> <et=11.35> <Mt= 0.15> <Spt= 0.05> <nCl=  2> <DB= -781.1766> <Mlp= -781.1766> <PB=-768.99999> 
<DWph=1> <it=  5> <et=11.41> <Mt= 0.01> <Spt= 0.05> <nCl=  1> <DB= -781.1766> <Mlp= -781.1766> <PB=-768.99999> 
<DWph=0> <it=  7> <et=11.69> <Mt= 0.03> <Spt= 0.25> <nCl=  4> <DB= -781.1773> <Mlp= -781.1773> <PB=-768.99999> 
ColGenEvalAlg final dual bound: -781.177 (rounded: -781)
Gap improvement since the last cut separation : 0.00803644 (-781.276)
----- Cut generation is stopped due to tailing off -----
----------- Diving heuristic started -----------
<DWph=2> <it=  1> <et=11.82> <Mt= 0.00> <Spt= 0.00> <nCl=  0> <DB= -781.1773> <Mlp= -781.1773> <PB=-768.99999> 
<DWph=1> <it=  2> <et=11.83> <Mt= 0.01> <Spt= 0.00> <nCl=  0> <DB= -781.1773> <Mlp= -781.1773> <PB=-768.99999> 
---- Diving heuristic node with dive number = 0, fix depth = 1 and tabu list size = 0
Fixed projected solution = [t_3_4_3_3_OspV=1, x_3_4_19_3_OspV=1, x_3_5_16_3_OspV=1, x_3_16_17_3_OspV=1, x_3_17_25_3_OspV=1, x_3_18_19_3_OspV=1, x_3_18_26_3_OspV=1, x_3_25_26_3_OspV=1, y_3_5_3_3_OspV=1]
<DWph=2> <it= 10> <et=12.50> <Mt= 0.51> <Spt= 0.07> <nCl= 56> <DB= -702.4438> <Mlp= -673.1818> <PB=-768.99999> 
<DWph=2> <it= 20> <et=12.72> <Mt= 0.06> <Spt= 0.07> <nCl= 16> <DB= -681.0823> <Mlp= -676.6667> <PB=-768.99999> 
<DWph=2> <it= 22> <et=12.74> <Mt= 0.01> <Spt= 0.01> <nCl=  1> <DB= -682.0953> <Mlp= -677.3333> <PB=-768.99999> 
<DWph=1> <it= 30> <et=12.95> <Mt= 0.05> <Spt= 0.09> <nCl= 18> <DB= -688.0000> <Mlp= -682.0000> <PB=-768.99999> 
<DWph=1> <it= 32> <et=13.01> <Mt= 0.00> <Spt= 0.03> <nCl=  1> <DB= -682.0000> <Mlp= -682.0000> <PB=-768.99999> 
---- Diving heuristic node with dive number = 1, fix depth = 1 and tabu list size = 1
Fixed projected solution = [t_4_2_4_4_OspV=1, x_4_2_33_4_OspV=1, x_4_4_38_4_OspV=1, x_4_33_37_4_OspV=1, x_4_36_37_4_OspV=1, x_4_36_38_4_OspV=1, y_4_4_4_4_OspV=1]
<DWph=2> <it= 10> <et=13.70> <Mt= 0.47> <Spt= 0.08> <nCl= 59> <DB= 5281.8469> <Mlp= 5311.2500> <PB=-768.99999> 
<DWph=2> <it= 15> <et=13.77> <Mt= 0.03> <Spt= 0.03> <nCl=  6> <DB= 5308.7500> <Mlp= 5308.7500> <PB=-768.99999> 
<DWph=1> <it= 20> <et=13.83> <Mt= 0.02> <Spt= 0.03> <nCl= 11> <DB= 5296.9068> <Mlp= 5305.7692> <PB=-768.99999> 
<DWph=1> <it= 23> <et=13.87> <Mt= 0.01> <Spt= 0.02> <nCl=  2> <DB= 5305.6250> <Mlp= 5305.6250> <PB=-768.99999> 
**** Strong branching phase 1 is started *****
SB phase 1 cand.  1 branch on t_4_3 (lhs=0.4964): [ -775.8827,  -769.9370], score = 59.51      <et=14.23>
SB phase 1 cand.  2 branch on t_5_2 (lhs=0.4964): [ -775.4618,  -602.0000], score = 69.60      <et=14.66>
SB phase 1 cand.  3 branch on t_7_1 (lhs=0.3853): [ -779.5963,  -772.0056], score = 14.50      <et=14.99>
SB phase 1 cand.  8 branch on t_3_1 (lhs=0.1714): [ -777.8711,  -754.0375], score = 40.26      <et=16.53>
SB phase 1 cand. 14 branch on y_4_4 (lhs=0.4964): [ -775.8827,  -769.9370], score = 59.51      <et=18.12>
SB phase 1 cand. 15 branch on y_5_3 (lhs=0.4964): [ -775.4618,  -602.0000], score = 69.60      <et=18.52>
**** Strong branching phase 2 is started *****
<DWph=1> <it= 33> <et=22.49> <Mt= 0.27> <Spt= 0.40> <nCl= 91> <DB= -681.4286> <Mlp= -681.4286> <PB=-768.99999> 
<DWph=1> <it= 13> <et=22.89> <Mt= 0.11> <Spt= 0.17> <nCl= 28> <DB= -776.0702> <Mlp= -776.0702> <PB=-768.99999> 
SB phase 2 cand.  1 branch on t_5_2 (lhs=0.4964): [ -776.0702,  -681.4286], score = 62.19      <et=22.9>
<DWph=1> <it= 10> <et=23.32> <Mt= 0.19> <Spt= 0.13> <nCl= 29> <DB= -776.6667> <Mlp= -776.6667> <PB=-768.99999> 
<DWph=1> <it=  9> <et=23.67> <Mt= 0.16> <Spt= 0.11> <nCl= 10> <DB= -782.0313> <Mlp= -781.1773> <PB=-768.99999> 
SB phase 2 cand.  2 branch on y_4_4 (lhs=0.4964): [ -781.1773,  -776.6667], score = 0.00      <et=23.68>
<DWph=1> <it= 20> <et=24.18> <Mt= 0.15> <Spt= 0.20> <nCl= 73> <DB= -770.0000> <Mlp= -770.0000> <PB=-770> 
<DWph=1> <it= 11> <et=24.52> <Mt= 0.07> <Spt= 0.15> <nCl= 18> <DB= -777.9448> <Mlp= -777.9448> <PB=-770> 
SB phase 2 cand.  3 branch on y_3_2 (lhs=0.1714): [ -777.9448,  -770.0000], score = 36.13      <et=24.52>
**** Strong branching phase 3 is started *****
**** SB phase 3 evaluation of candidate 1, branch 1 ( t_5_2 >= 1 ), value = -681.429
<DWph=2> <it=  1> <et=24.56> <Mt= 0.00> <Spt= 0.01> <nCl=  0> <DB= -681.4286> <Mlp= -681.4286> <PB=-770> 
<DWph=1> <it=  2> <et=24.58> <Mt= 0.01> <Spt= 0.01> <nCl=  0> <DB= -681.4286> <Mlp= -681.4286> <PB=-770> 
<DWph=0> <it=  3> <et=24.63> <Mt= 0.00> <Spt= 0.05> <nCl=  4> <DB= -687.1429> <Mlp= -681.4286> <PB=-770> 
ColGenEvalAlg final dual bound: -687.143 (rounded: -687)
**** SB phase 3 evaluation of candidate 1, branch 2 ( t_5_2 <= 0 ), value = -776.07
<DWph=2> <it=  1> <et=24.68> <Mt= 0.01> <Spt= 0.01> <nCl=  0> <DB= -776.0702> <Mlp= -776.0702> <PB=-770> 
<DWph=1> <it=  2> <et=24.71> <Mt= 0.00> <Spt= 0.02> <nCl=  0> <DB= -776.0702> <Mlp= -776.0702> <PB=-770> 
<DWph=0> <it=  5> <et=24.96> <Mt= 0.03> <Spt= 0.20> <nCl= 45> <DB= -776.4693> <Mlp= -776.4693> <PB=-770> 
Reduced cost fixing for graph G_4... took 0 sec., 2444 buck. arcs remain (62.6% from prev., 5.42% from max.)
Reduced cost fixing for graph G_3... took 0.04 sec., 2985 buck. arcs remain (52% from prev., 5.74% from max.)
Reduced cost fixing for graph G_2... took 0.03 sec., 3543 buck. arcs remain (72% from prev., 6.84% from max.)
Reduced cost fixing for graph G_1... took 0.03 sec., 2783 buck. arcs remain (55.5% from prev., 5.42% from max.)
ColGenEvalAlg final dual bound: -776.469 (rounded: -776)
----- Add fac. cuts : R1C(258), max.viol = 0.222224, aver.viol = 0.117843, sep/add took 0.36/0.35 sec. -----
6207 columns (5403 active), 328 dyn. constrs. (300 active), 513 art. vars. (485 active)
<DWph=2> <it=  2> <et=26.01> <Mt= 0.17> <Spt= 0.03> <nCl=  4> <DB= -775.3333> <Mlp= -775.3333> <PB=-770> 
<DWph=1> <it=  4> <et=26.08> <Mt= 0.03> <Spt= 0.02> <nCl=  3> <DB= -775.3333> <Mlp= -775.3333> <PB=-770> 
<DWph=0> <it=  7> <et=26.62> <Mt= 0.34> <Spt= 0.18> <nCl= 37> <DB= -775.4297> <Mlp= -775.4297> <PB=-770> 
Reduced cost fixing for graph G_4... took 0 sec., 2030 buck. arcs remain (83.1% from prev., 4.5% from max.)
Reduced cost fixing for graph G_3... took 0.01 sec., 2753 buck. arcs remain (92.2% from prev., 5.3% from max.)
Reduced cost fixing for graph G_2... took 0.01 sec., 3201 buck. arcs remain (90.3% from prev., 6.18% from max.)
Reduced cost fixing for graph G_1... took 0.01 sec., 2255 buck. arcs remain (81% from prev., 4.39% from max.)
ColGenEvalAlg final dual bound: -775.43 (rounded: -775)
Gap improvement since the last cut separation : 0.160703 (-776.469)
----- Add fac. cuts : R1C(172), max.viol = 0.108476, aver.viol = 0.0454083, sep/add took 0.39/0.25 sec. -----
6666 columns (5862 active), 500 dyn. constrs. (236 active), 685 art. vars. (421 active)
<DWph=2> <it=  1> <et=27.45> <Mt= 0.10> <Spt= 0.02> <nCl=  0> <DB= -775.1310> <Mlp= -775.1310> <PB=-770> 
<DWph=1> <it=  2> <et=27.47> <Mt= 0.01> <Spt= 0.01> <nCl=  0> <DB= -775.1310> <Mlp= -775.1310> <PB=-770> 
<DWph=0> <it=  4> <et=27.57> <Mt= 0.01> <Spt= 0.09> <nCl=  1> <DB= -775.1310> <Mlp= -775.1310> <PB=-770> 
ColGenEvalAlg final dual bound: -775.131 (rounded: -775)
Gap improvement since the last cut separation : 0.055002 (-775.43)
----- Add fac. cuts : R1C(160), max.viol = 0.0837877, aver.viol = 0.0351381, sep/add took 0.38/0.26 sec. -----
6772 columns (5968 active), 433 dyn. constrs. (229 active), 845 art. vars. (414 active)
<DWph=2> <it=  1> <et=28.38> <Mt= 0.07> <Spt= 0.02> <nCl=  0> <DB= -775.0000> <Mlp= -775.0000> <PB=-770> 
<DWph=1> <it=  2> <et=28.40> <Mt= 0.00> <Spt= 0.01> <nCl=  0> <DB= -775.0000> <Mlp= -775.0000> <PB=-770> 
<DWph=0> <it=  3> <et=28.47> <Mt= 0.01> <Spt= 0.07> <nCl=  0> <DB= -775.0000> <Mlp= -775.0000> <PB=-770> 
ColGenEvalAlg final dual bound: -775 (rounded: -775)
Gap improvement since the last cut separation : 0.0255396 (-775.131)
----- Add fac. cuts : sep. took 0.08 sec.----- no cuts found  -----
SB exact phase 3 branch on t_5_2 (lhs=0.496429) : [-681.42857, -775], tree depth = 1.38, tree size = 3.204, score = -1.38
New model incumbent solution -770, TIME = 0h0m28s67t = 2867
************************************************************************************************
**** BaB tree node (N° 3, parent N° 1, depth 1)
**** Local DB = -775, global bounds : [ -775 , -770 ], TIME = 0h0m28s67t = 2867
**** 2 open nodes, 6038 columns (6037 active), 119 dyn. constrs. (78 active), 304 art. vars. (263 active)
************************************************************************************************
**** Strong branching phase 3 is started *****
**** SB phase 3 evaluation of candidate 1, branch 1 ( y_3_2 >= 1 ), value = 1e+12
<DWph=2> <it=  3> <et=28.94> <Mt= 0.24> <Spt= 0.01> <nCl=  7> <DB= -772.9823> <Mlp= -770.0000> <PB=-770> 
<DWph=1> <it=  8> <et=29.08> <Mt= 0.05> <Spt= 0.06> <nCl= 12> <DB= -770.0000> <Mlp= -770.0000> <PB=-770> 
<DWph=0> <it= 10> <et=29.16> <Mt= 0.02> <Spt= 0.05> <nCl=  3> <DB= -770.0000> <Mlp= -770.0000> <PB=-770> 
ColGenEvalAlg final dual bound: -770 (rounded: -770)
**** SB phase 3 evaluation of candidate 1, branch 2 ( y_3_2 <= 0 ), value = 1e+12
<DWph=2> <it=  1> <et=29.35> <Mt= 0.11> <Spt= 0.02> <nCl=  0> <DB= -772.8992> <Mlp= -772.8992> <PB=-770> 
<DWph=1> <it=  3> <et=29.39> <Mt= 0.02> <Spt= 0.02> <nCl=  1> <DB= -772.8992> <Mlp= -772.8992> <PB=-770> 
<DWph=0> <it=  5> <et=29.50> <Mt= 0.01> <Spt= 0.08> <nCl=  5> <DB= -772.9149> <Mlp= -772.9149> <PB=-770> 
Reduced cost fixing for graph G_4... took 0 sec., 1724 buck. arcs remain (84.9% from prev., 3.82% from max.)
Reduced cost fixing for graph G_3... took 0.01 sec., 1805 buck. arcs remain (65.6% from prev., 3.47% from max.)
Reduced cost fixing for graph G_2... took 0 sec., 2495 buck. arcs remain (77.9% from prev., 4.81% from max.)
Reduced cost fixing for graph G_1... took 0.01 sec., 1673 buck. arcs remain (74.2% from prev., 3.26% from max.)
ColGenEvalAlg final dual bound: -772.915 (rounded: -772)
----- Add fac. cuts : R1C(270), max.viol = 0.176016, aver.viol = 0.0896917, sep/add took 0.3/0.57 sec. -----
6731 columns (6259 active), 350 dyn. constrs. (323 active), 535 art. vars. (508 active)
<DWph=2> <it=  1> <et=30.55> <Mt= 0.10> <Spt= 0.02> <nCl=  0> <DB= -772.6643> <Mlp= -772.6643> <PB=-770> 
<DWph=1> <it=  2> <et=30.57> <Mt= 0.01> <Spt= 0.01> <nCl=  0> <DB= -772.6643> <Mlp= -772.6643> <PB=-770> 
<DWph=0> <it=  3> <et=30.65> <Mt= 0.01> <Spt= 0.06> <nCl=  0> <DB= -772.6643> <Mlp= -772.6643> <PB=-770> 
Reduced cost fixing for graph G_4... took 0 sec., 1667 buck. arcs remain (96.7% from prev., 3.7% from max.)
Reduced cost fixing for graph G_3... took 0 sec., 1545 buck. arcs remain (85.6% from prev., 2.97% from max.)
Reduced cost fixing for graph G_2... took 0 sec., 2213 buck. arcs remain (88.7% from prev., 4.27% from max.)
Reduced cost fixing for graph G_1... took 0 sec., 1654 buck. arcs remain (98.9% from prev., 3.22% from max.)
ColGenEvalAlg final dual bound: -772.664 (rounded: -772)
Gap improvement since the last cut separation : 0.0859959 (-772.915)
----- Add fac. cuts : R1C(220), max.viol = 0.215097, aver.viol = 0.0939356, sep/add took 0.28/0.56 sec. -----
6888 columns (6416 active), 570 dyn. constrs. (278 active), 755 art. vars. (463 active)
<DWph=2> <it=  1> <et=31.67> <Mt= 0.11> <Spt= 0.02> <nCl=  0> <DB= -772.3085> <Mlp= -772.3085> <PB=-770> 
<DWph=1> <it=  2> <et=31.69> <Mt= 0.01> <Spt= 0.01> <nCl=  0> <DB= -772.3085> <Mlp= -772.3085> <PB=-770> 
<DWph=0> <it=  3> <et=31.76> <Mt= 0.01> <Spt= 0.06> <nCl=  0> <DB= -772.3085> <Mlp= -772.3085> <PB=-770> 
Reduced cost fixing for graph G_4... took 0 sec., 1549 buck. arcs remain (92.9% from prev., 3.43% from max.)
Reduced cost fixing for graph G_3... took 0 sec., 1272 buck. arcs remain (82.3% from prev., 2.45% from max.)
Reduced cost fixing for graph G_2... took 0 sec., 2006 buck. arcs remain (90.6% from prev., 3.87% from max.)
Reduced cost fixing for graph G_1... took 0 sec., 1275 buck. arcs remain (77.1% from prev., 2.48% from max.)
ColGenEvalAlg final dual bound: -772.308 (rounded: -772)
Gap improvement since the last cut separation : 0.133541 (-772.664)
----- Add fac. cuts : R1C(249), max.viol = 0.128368, aver.viol = 0.0633207, sep/add took 0.35/0.57 sec. -----
7030 columns (6558 active), 564 dyn. constrs. (310 active), 1004 art. vars. (495 active)
<DWph=2> <it=  1> <et=32.99> <Mt= 0.11> <Spt= 0.02> <nCl=  0> <DB= -772.1023> <Mlp= -772.1023> <PB=-770> 
<DWph=1> <it=  2> <et=33.02> <Mt= 0.01> <Spt= 0.01> <nCl=  0> <DB= -772.1023> <Mlp= -772.1023> <PB=-770> 
<DWph=0> <it=  3> <et=33.09> <Mt= 0.01> <Spt= 0.06> <nCl=  0> <DB= -772.1023> <Mlp= -772.1023> <PB=-770> 
Reduced cost fixing for graph G_4... took 0 sec., 1420 buck. arcs remain (91.7% from prev., 3.15% from max.)
Reduced cost fixing for graph G_3... took 0 sec., 1271 buck. arcs remain (99.9% from prev., 2.45% from max.)
Reduced cost fixing for graph G_2... took 0 sec., 1938 buck. arcs remain (96.6% from prev., 3.74% from max.)
Reduced cost fixing for graph G_1... took 0 sec., 1236 buck. arcs remain (96.9% from prev., 2.41% from max.)
ColGenEvalAlg final dual bound: -772.102 (rounded: -772)
Gap improvement since the last cut separation : 0.0893195 (-772.308)
----- Add fac. cuts : R1C(214), max.viol = 0.139915, aver.viol = 0.0573193, sep/add took 0.22/0.38 sec. -----
7159 columns (6687 active), 566 dyn. constrs. (280 active), 1218 art. vars. (465 active)
<DWph=2> <it=  1> <et=33.98> <Mt= 0.09> <Spt= 0.02> <nCl=  0> <DB= -771.9758> <Mlp= -771.9758> <PB=-770> 
<DWph=1> <it=  2> <et=34.00> <Mt= 0.01> <Spt= 0.01> <nCl=  0> <DB= -771.9758> <Mlp= -771.9758> <PB=-770> 
<DWph=0> <it=  3> <et=34.07> <Mt= 0.01> <Spt= 0.05> <nCl=  0> <DB= -771.9758> <Mlp= -771.9758> <PB=-770> 
Reduced cost fixing for graph G_4... took 0 sec., 1328 buck. arcs remain (93.5% from prev., 2.94% from max.)
Reduced cost fixing for graph G_3... took 0 sec., 1247 buck. arcs remain (98.1% from prev., 2.4% from max.)
Reduced cost fixing for graph G_2... took 0 sec., 1888 buck. arcs remain (97.4% from prev., 3.64% from max.)
Reduced cost fixing for graph G_1... took 0 sec., 1227 buck. arcs remain (99.3% from prev., 2.39% from max.)
ColGenEvalAlg final dual bound: -771.976 (rounded: -771)
Gap improvement since the last cut separation : 0.0601453 (-772.102)
----- Add fac. cuts : R1C(181), max.viol = 0.160121, aver.viol = 0.11204, sep/add took 0.23/0.41 sec. -----
7296 columns (6824 active), 508 dyn. constrs. (243 active), 1399 art. vars. (428 active)
<DWph=2> <it=  1> <et=34.94> <Mt= 0.03> <Spt= 0.02> <nCl=  0> <DB= -771.9758> <Mlp= -771.9758> <PB=-770> 
<DWph=1> <it=  2> <et=34.96> <Mt= 0.01> <Spt= 0.01> <nCl=  0> <DB= -771.9758> <Mlp= -771.9758> <PB=-770> 
<DWph=0> <it=  3> <et=34.97> <Mt= 0.01> <Spt= 0.00> <nCl=  0> <DB= -771.9758> <Mlp= -771.9758> <PB=-770> 
ColGenEvalAlg final dual bound: -771.976 (rounded: -771)
Gap improvement since the last cut separation : 0 (-771.976)
----- Add fac. cuts : R1C(137), max.viol = 0.130514, aver.viol = 0.101264, sep/add took 0.22/0.38 sec. -----
7300 columns (6828 active), 645 dyn. constrs. (380 active), 1536 art. vars. (565 active)
<DWph=2> <it=  1> <et=35.73> <Mt= 0.12> <Spt= 0.01> <nCl=  0> <DB= -771.9313> <Mlp= -771.9313> <PB=-770> 
<DWph=1> <it=  2> <et=35.76> <Mt= 0.02> <Spt= 0.01> <nCl=  0> <DB= -771.9313> <Mlp= -771.9313> <PB=-770> 
<DWph=0> <it=  3> <et=35.84> <Mt= 0.01> <Spt= 0.07> <nCl=  0> <DB= -771.9313> <Mlp= -771.9313> <PB=-770> 
ColGenEvalAlg final dual bound: -771.931 (rounded: -771)
Gap improvement since the last cut separation : 0.0225389 (-771.976)
----- Add fac. cuts : R1C(128), max.viol = 0.175954, aver.viol = 0.0696714, sep/add took 0.37/0.4 sec. -----
7465 columns (6993 active), 558 dyn. constrs. (190 active), 1664 art. vars. (375 active)
<DWph=2> <it=  1> <et=36.89> <Mt= 0.16> <Spt= 0.02> <nCl=  0> <DB= -771.5793> <Mlp= -771.5793> <PB=-770> 
<DWph=1> <it=  2> <et=36.91> <Mt= 0.00> <Spt= 0.01> <nCl=  0> <DB= -771.5793> <Mlp= -771.5793> <PB=-770> 
<DWph=0> <it=  3> <et=36.97> <Mt= 0.01> <Spt= 0.05> <nCl=  0> <DB= -771.5793> <Mlp= -771.5793> <PB=-770> 
Reduced cost fixing for graph G_4... took 0 sec., 1182 buck. arcs remain (89% from prev., 2.62% from max.)
Reduced cost fixing for graph G_3... took 0 sec., 710 buck. arcs remain (56.9% from prev., 1.37% from max.)
Reduced cost fixing for graph G_2... took 0 sec., 1521 buck. arcs remain (80.6% from prev., 2.93% from max.)
Reduced cost fixing for graph G_1... took 0 sec., 1060 buck. arcs remain (86.4% from prev., 2.06% from max.)
ColGenEvalAlg final dual bound: -771.579 (rounded: -771)
Gap improvement since the last cut separation : 0.182275 (-771.931)
----- Add fac. cuts : R1C(171), max.viol = 0.107997, aver.viol = 0.0778837, sep/add took 0.43/0.34 sec. -----
7572 columns (7100 active), 413 dyn. constrs. (229 active), 1835 art. vars. (414 active)
<DWph=2> <it=  1> <et=38.09> <Mt= 0.07> <Spt= 0.01> <nCl=  0> <DB= -771.5416> <Mlp= -771.5416> <PB=-770> 
<DWph=1> <it=  2> <et=38.11> <Mt= 0.01> <Spt= 0.01> <nCl=  0> <DB= -771.5416> <Mlp= -771.5416> <PB=-770> 
<DWph=0> <it=  3> <et=38.19> <Mt= 0.01> <Spt= 0.07> <nCl=  0> <DB= -771.5416> <Mlp= -771.5416> <PB=-770> 
ColGenEvalAlg final dual bound: -771.542 (rounded: -771)
Gap improvement since the last cut separation : 0.0238358 (-771.579)
----- Add fac. cuts : R1C(181), max.viol = 0.16452, aver.viol = 0.0580223, sep/add took 0.28/0.46 sec. -----
7837 columns (7365 active), 466 dyn. constrs. (243 active), 2016 art. vars. (428 active)
<DWph=2> <it=  1> <et=39.21> <Mt= 0.14> <Spt= 0.01> <nCl=  0> <DB= -771.4267> <Mlp= -771.4267> <PB=-770> 
<DWph=1> <it=  2> <et=39.24> <Mt= 0.01> <Spt= 0.01> <nCl=  0> <DB= -771.4267> <Mlp= -771.4267> <PB=-770> 
<DWph=0> <it=  3> <et=39.30> <Mt= 0.01> <Spt= 0.05> <nCl=  0> <DB= -771.4267> <Mlp= -771.4267> <PB=-770> 
Reduced cost fixing for graph G_4... took 0 sec., 1113 buck. arcs remain (94.2% from prev., 2.47% from max.)
Reduced cost fixing for graph G_3... took 0 sec., 699 buck. arcs remain (98.5% from prev., 1.34% from max.)
Reduced cost fixing for graph G_2... took 0 sec., 1233 buck. arcs remain (81.1% from prev., 2.38% from max.)
Reduced cost fixing for graph G_1... took 0 sec., 1022 buck. arcs remain (96.4% from prev., 1.99% from max.)
ColGenEvalAlg final dual bound: -771.427 (rounded: -771)
Gap improvement since the last cut separation : 0.0745297 (-771.542)
----- Add fac. cuts : R1C(169), max.viol = 0.161115, aver.viol = 0.0566395, sep/add took 0.32/0.45 sec. -----
7950 columns (7478 active), 469 dyn. constrs. (235 active), 2185 art. vars. (420 active)
<DWph=2> <it=  1> <et=40.30> <Mt= 0.10> <Spt= 0.02> <nCl=  0> <DB= -771.3980> <Mlp= -771.3980> <PB=-770> 
<DWph=1> <it=  2> <et=40.32> <Mt= 0.01> <Spt= 0.01> <nCl=  0> <DB= -771.3980> <Mlp= -771.3980> <PB=-770> 
<DWph=0> <it=  3> <et=40.38> <Mt= 0.01> <Spt= 0.04> <nCl=  0> <DB= -771.3980> <Mlp= -771.3980> <PB=-770> 
ColGenEvalAlg final dual bound: -771.398 (rounded: -771)
Gap improvement since the last cut separation : 0.0201525 (-771.427)
----- Add fac. cuts : R1C(141), max.viol = 0.0957359, aver.viol = 0.0764767, sep/add took 0.41/0.26 sec. -----
8021 columns (7549 active), 435 dyn. constrs. (209 active), 2326 art. vars. (394 active)
<DWph=2> <it=  1> <et=41.29> <Mt= 0.09> <Spt= 0.01> <nCl=  0> <DB= -771.3572> <Mlp= -771.3572> <PB=-770> 
<DWph=1> <it=  2> <et=41.31> <Mt= 0.00> <Spt= 0.01> <nCl=  0> <DB= -771.3572> <Mlp= -771.3572> <PB=-770> 
<DWph=0> <it=  3> <et=41.37> <Mt= 0.01> <Spt= 0.05> <nCl=  0> <DB= -771.3572> <Mlp= -771.3572> <PB=-770> 
Reduced cost fixing for graph G_4... took 0 sec., 969 buck. arcs remain (87.1% from prev., 2.15% from max.)
Reduced cost fixing for graph G_3... took 0 sec., 692 buck. arcs remain (99% from prev., 1.33% from max.)
Reduced cost fixing for graph G_2... took 0 sec., 1233 buck. arcs remain (100% from prev., 2.38% from max.)
Reduced cost fixing for graph G_1... took 0 sec., 952 buck. arcs remain (93.2% from prev., 1.85% from max.)
ColGenEvalAlg final dual bound: -771.357 (rounded: -771)
Gap improvement since the last cut separation : 0.0291386 (-771.398)
----- Add fac. cuts : R1C(166), max.viol = 0.104826, aver.viol = 0.0710367, sep/add took 0.36/0.32 sec. -----
8134 columns (7662 active), 435 dyn. constrs. (229 active), 2492 art. vars. (414 active)
<DWph=2> <it=  1> <et=42.30> <Mt= 0.09> <Spt= 0.01> <nCl=  0> <DB= -771.3336> <Mlp= -771.3336> <PB=-770> 
<DWph=1> <it=  2> <et=42.31> <Mt= 0.00> <Spt= 0.01> <nCl=  0> <DB= -771.3336> <Mlp= -771.3336> <PB=-770> 
<DWph=0> <it=  3> <et=42.36> <Mt= 0.01> <Spt= 0.04> <nCl=  0> <DB= -771.3336> <Mlp= -771.3336> <PB=-770> 
ColGenEvalAlg final dual bound: -771.334 (rounded: -771)
Gap improvement since the last cut separation : 0.0173957 (-771.357)
----- Add fac. cuts : R1C(132), max.viol = 0.143854, aver.viol = 0.0571488, sep/add took 0.4/0.27 sec. -----
8211 columns (7739 active), 421 dyn. constrs. (194 active), 2624 art. vars. (379 active)
<DWph=2> <it=  1> <et=43.18> <Mt= 0.06> <Spt= 0.01> <nCl=  0> <DB= -771.3071> <Mlp= -771.3071> <PB=-770> 
<DWph=1> <it=  2> <et=43.20> <Mt= 0.01> <Spt= 0.01> <nCl=  0> <DB= -771.3071> <Mlp= -771.3071> <PB=-770> 
<DWph=0> <it=  3> <et=43.24> <Mt= 0.01> <Spt= 0.04> <nCl=  0> <DB= -771.3071> <Mlp= -771.3071> <PB=-770> 
Reduced cost fixing for graph G_4... took 0 sec., 969 buck. arcs remain (100% from prev., 2.15% from max.)
Reduced cost fixing for graph G_3... took 0 sec., 650 buck. arcs remain (93.9% from prev., 1.25% from max.)
Reduced cost fixing for graph G_2... took 0 sec., 1121 buck. arcs remain (90.9% from prev., 2.16% from max.)
Reduced cost fixing for graph G_1... took 0 sec., 852 buck. arcs remain (89.5% from prev., 1.66% from max.)
ColGenEvalAlg final dual bound: -771.307 (rounded: -771)
Gap improvement since the last cut separation : 0.0198938 (-771.334)
----- Add fac. cuts : R1C(195), max.viol = 0.121907, aver.viol = 0.0528593, sep/add took 0.41/0.44 sec. -----
8253 columns (7781 active), 449 dyn. constrs. (254 active), 2819 art. vars. (439 active)
<DWph=2> <it=  1> <et=44.28> <Mt= 0.08> <Spt= 0.01> <nCl=  0> <DB= -771.2672> <Mlp= -771.2672> <PB=-770> 
<DWph=1> <it=  2> <et=44.30> <Mt= 0.01> <Spt= 0.01> <nCl=  0> <DB= -771.2672> <Mlp= -771.2672> <PB=-770> 
<DWph=0> <it=  3> <et=44.36> <Mt= 0.01> <Spt= 0.05> <nCl=  0> <DB= -771.2672> <Mlp= -771.2672> <PB=-770> 
Reduced cost fixing for graph G_4... took 0 sec., 969 buck. arcs remain (100% from prev., 2.15% from max.)
Reduced cost fixing for graph G_3... took 0 sec., 650 buck. arcs remain (100% from prev., 1.25% from max.)
Reduced cost fixing for graph G_2... took 0 sec., 1121 buck. arcs remain (100% from prev., 2.16% from max.)
Reduced cost fixing for graph G_1... took 0 sec., 842 buck. arcs remain (98.8% from prev., 1.64% from max.)
ColGenEvalAlg final dual bound: -771.267 (rounded: -771)
Gap improvement since the last cut separation : 0.030536 (-771.307)
----- Add fac. cuts : R1C(177), max.viol = 0.110676, aver.viol = 0.0407564, sep/add took 0.29/0.5 sec. -----
8329 columns (7857 active), 493 dyn. constrs. (243 active), 2996 art. vars. (428 active)
<DWph=2> <it=  1> <et=45.39> <Mt= 0.13> <Spt= 0.01> <nCl=  0> <DB= -771.2227> <Mlp= -771.2227> <PB=-770> 
<DWph=1> <it=  2> <et=45.41> <Mt= 0.01> <Spt= 0.01> <nCl=  0> <DB= -771.2227> <Mlp= -771.2227> <PB=-770> 
<DWph=0> <it=  3> <et=45.46> <Mt= 0.01> <Spt= 0.04> <nCl=  0> <DB= -771.2227> <Mlp= -771.2227> <PB=-770> 
Reduced cost fixing for graph G_4... took 0 sec., 969 buck. arcs remain (100% from prev., 2.15% from max.)
Reduced cost fixing for graph G_3... took 0 sec., 650 buck. arcs remain (100% from prev., 1.25% from max.)
Reduced cost fixing for graph G_2... took 0 sec., 1032 buck. arcs remain (92.1% from prev., 1.99% from max.)
Reduced cost fixing for graph G_1... took 0 sec., 811 buck. arcs remain (96.3% from prev., 1.58% from max.)
ColGenEvalAlg final dual bound: -771.223 (rounded: -771)
Gap improvement since the last cut separation : 0.035139 (-771.267)
----- Add fac. cuts : R1C(145), max.viol = 0.14222, aver.viol = 0.0888485, sep/add took 0.31/0.33 sec. -----
8360 columns (7888 active), 451 dyn. constrs. (215 active), 3141 art. vars. (400 active)
<DWph=2> <it=  1> <et=46.28> <Mt= 0.05> <Spt= 0.01> <nCl=  0> <DB= -771.2214> <Mlp= -771.2214> <PB=-770> 
<DWph=1> <it=  2> <et=46.31> <Mt= 0.01> <Spt= 0.01> <nCl=  0> <DB= -771.2214> <Mlp= -771.2214> <PB=-770> 
<DWph=0> <it=  3> <et=46.37> <Mt= 0.01> <Spt= 0.05> <nCl=  0> <DB= -771.2214> <Mlp= -771.2214> <PB=-770> 
ColGenEvalAlg final dual bound: -771.221 (rounded: -771)
Gap improvement since the last cut separation : 0.00104527 (-771.223)
----- Add fac. cuts : R1C(117), max.viol = 0.147273, aver.viol = 0.064217, sep/add took 0.3/0.37 sec. -----
8503 columns (8031 active), 396 dyn. constrs. (189 active), 3258 art. vars. (374 active)
<DWph=2> <it=  1> <et=47.30> <Mt= 0.09> <Spt= 0.02> <nCl=  0> <DB= -771.1821> <Mlp= -771.1821> <PB=-770> 
<DWph=1> <it=  2> <et=47.32> <Mt= 0.01> <Spt= 0.01> <nCl=  0> <DB= -771.1821> <Mlp= -771.1821> <PB=-770> 
<DWph=0> <it=  3> <et=47.37> <Mt= 0.01> <Spt= 0.03> <nCl=  0> <DB= -771.1821> <Mlp= -771.1821> <PB=-770> 
Reduced cost fixing for graph G_4... took 0 sec., 969 buck. arcs remain (100% from prev., 2.15% from max.)
Reduced cost fixing for graph G_3... took 0 sec., 650 buck. arcs remain (100% from prev., 1.25% from max.)
Reduced cost fixing for graph G_2... took 0 sec., 1032 buck. arcs remain (100% from prev., 1.99% from max.)
Reduced cost fixing for graph G_1... took 0 sec., 797 buck. arcs remain (98.3% from prev., 1.55% from max.)
ColGenEvalAlg final dual bound: -771.182 (rounded: -771)
Gap improvement since the last cut separation : 0.032172 (-771.221)
----- Add fac. cuts : R1C(147), max.viol = 0.161918, aver.viol = 0.104517, sep/add took 0.37/0.26 sec. -----
8551 columns (8079 active), 400 dyn. constrs. (216 active), 3405 art. vars. (401 active)
<DWph=2> <it=  1> <et=48.16> <Mt= 0.04> <Spt= 0.02> <nCl=  0> <DB= -771.1689> <Mlp= -771.1689> <PB=-770> 
<DWph=1> <it=  2> <et=48.18> <Mt= 0.01> <Spt= 0.01> <nCl=  0> <DB= -771.1689> <Mlp= -771.1689> <PB=-770> 
<DWph=0> <it=  3> <et=48.23> <Mt= 0.01> <Spt= 0.03> <nCl=  0> <DB= -771.1689> <Mlp= -771.1689> <PB=-770> 
ColGenEvalAlg final dual bound: -771.169 (rounded: -771)
Gap improvement since the last cut separation : 0.0111377 (-771.182)
----- Cut generation is stopped due to tailing off -----
SB exact phase 3 branch on y_3_2 (lhs=0.5) : [-770, -771.16892], tree depth = 1.022, tree size = 2.061, score = -3.11
************************************************************************************************
**** BaB tree node (N° 5, parent N° 3, depth 2)
**** Local DB = -771.169, global bounds : [ -771 , -770 ], TIME = 0h0m48s38t = 4838
**** 3 open nodes, 8096 columns (8095 active), 134 dyn. constrs. (70 active), 319 art. vars. (255 active)
************************************************************************************************
**** Strong branching phase 3 is started *****
**** SB phase 3 evaluation of candidate 1, branch 1 ( y_3_3 >= 1 ), value = 1e+12
<DWph=2> <it=  1> <et=48.85> <Mt= 0.44> <Spt= 0.02> <nCl=  0> <DB= -682.0950> <Mlp= -682.1572> <PB=-770> 
<DWph=1> <it=  2> <et=48.87> <Mt= 0.01> <Spt= 0.00> <nCl=  0> <DB= -682.0950> <Mlp= -682.1572> <PB=-770> 
<DWph=0> <it=  3> <et=48.91> <Mt= 0.01> <Spt= 0.04> <nCl=  0> <DB= -682.1572> <Mlp= -682.1572> <PB=-770> 
ColGenEvalAlg final dual bound: -682.157 (rounded: -682)
**** SB phase 3 evaluation of candidate 1, branch 2 ( y_3_3 <= 0 ), value = 1e+12
<DWph=2> <it=  1> <et=49.30> <Mt= 0.30> <Spt= 0.01> <nCl=  0> <DB= -726.4286> <Mlp= -730.0000> <PB=-770> 
<DWph=1> <it=  2> <et=49.32> <Mt= 0.01> <Spt= 0.01> <nCl=  0> <DB= -726.4286> <Mlp= -730.0000> <PB=-770> 
<DWph=0> <it=  3> <et=49.35> <Mt= 0.01> <Spt= 0.02> <nCl=  0> <DB= -727.8571> <Mlp= -730.0000> <PB=-770> 
ColGenEvalAlg final dual bound: -730 (rounded: -730)
 SB phase 3 candidate 1 is conquered !
************************************************************************************************
Search is finished, global bounds : [ -770 , -770 ], TIME = 0h0m49s37t = 4937
************************************************************************************************
[32mBaPCod : solution defined.[00m
statistics_cols: instance & :Optimal & cutoff & :bcRecRootDb & :bcTimeRootEval & :bcCountNodeProc & :bcRecBestDb & :bcRecBestInc & :bcTimeMain \\
statistics: T3-90-6-4 & 1 & -768.99999 & -781.00 & 11.81 & 7 & -770.00 & -770 & 49.37 \\
########################################################
trip 1 : 1 31 29 14 12 35 21 11 27 24 3 
trip 2 : 3 28 23 22 20 10 13 9 15 38 8 
trip 3 : 8 19 18 26 25 17 16 5 
trip 4 : 5 37 36 33 39 2 
tour : 1 31 29 14 12 35 21 11 27 24 3 28 23 22 20 10 13 9 15 38 8 19 18 26 25 17 16 5 37 36 33 39 2
Cost 770.0
########################################################
