Customized_statistics: h10_c50_l100_02 11 15 NOT_FIXED_OPT 1.0e7 821.9624998323621 300.0 53 834.7999996727258 834.7999999999998 110.91 117.97999999999999
Customized_statistics: h10_c50_l100_03 11 15 NOT_FIXED_OPT 1.0e7 791.5499998488148 301.0 15 796.9999998657902 797.0 18.33 153.67000000000002
Customized_statistics: h10_c50_l100_05 11 15 NOT_FIXED_OPT 1.0e7 834.8834730608027 440.0 3971 842.2267440360463 904.1999999999999 17996.03 18000.5
Customized_statistics: h10_c50_l100_07 11 16 NOT_FIXED_OPT 1.0e7 924.9715040800108 422.0 41 934.4999999999995 934.4999999999997 126.86 132.51
Customized_statistics: h10_c50_l100_09 11 14 NOT_FIXED_OPT 1.0e7 799.3324273511462 336.0 3 800.0999998599998 800.0999999999999 7.58 10.56
Customized_statistics: h10_c50_l150_01 7 9 NOT_FIXED_OPT 1.0e7 796.6744283720444 784.0 35 814.3859289853234 826.1999999999999 529.35 531.32
Customized_statistics: h10_c50_l150_02 8 9 NOT_FIXED_OPT 1.0e7 639.0111393222527 670.0 11 643.9999995289387 643.9999999999998 87.07 1343.75
Customized_statistics: h10_c50_l150_03 7 8 NOT_FIXED_OPT 1.0e7 620.2889348399395 934.0 99 644.2999998673833 644.3000000000002 1803.64 1805.2
Customized_statistics: h10_c50_l150_04 8 9 NOT_FIXED_OPT 1.0e7 692.4780670474497 614.0 341 707.6000000000001 707.6 4657.93 4662.610000000001
Customized_statistics: h10_c50_l150_05 8 8 NOT_FIXED_OPT 1.0e7 659.6246374420184 3537.0 11 684.4999998132123 684.5000000000351 749.55 749.55
Customized_statistics: h10_c50_l150_06 8 10 NOT_FIXED_OPT 1.0e7 822.5072930896116 551.0 11 827.0 827.0000000000055 88.38 97.11
Customized_statistics: h10_c50_l150_07 7 9 NOT_FIXED_OPT 1.0e7 663.4666664212192 578.0 83 676.5 676.4999999999999 334.06 342.44
Customized_statistics: h10_c50_l150_08 7 8 NOT_FIXED_OPT 1.0e7 639.0286064715269 686.0 11 672.5999997833221 672.6000000000004 1146.21 1147.95
Customized_statistics: h10_c50_l150_09 7 8 NOT_FIXED_OPT 1.0e7 614.7551556386679 724.0 95 664.2999999797978 664.3 2473.29 2474.84
Customized_statistics: h10_c50_l150_10 8 9 NOT_FIXED_OPT 1.0e7 774.2999997474458 418.0 1 774.2999997474458 774.3000000000002 4.18 5.869999999999999
Customized_statistics: h10_c50_l200_01 6 6 NOT_FIXED_OPT 1.0e7 638.5776866958764 1497.0 13 652.8999998846548 652.8999999999993 714.62 714.62
Customized_statistics: h10_c50_l200_02 6 6 NOT_FIXED_OPT 1.0e7 605.5072147362853 1198.0 249 617.899999931496 617.9 6881.07 6881.07
Customized_statistics: h10_c50_l200_03 6 6 NOT_FIXED_OPT 1.0e7 555.5999997726218 962.0 3 557.3999997859555 557.4 14.69 14.69
Customized_statistics: h10_c50_l200_04 6 7 NOT_FIXED_OPT 1.0e7 660.0483959749268 2460.0 5 663.5999998717701 663.6000000000003 214.01 1156.22
Customized_statistics: h10_c50_l200_05 6 6 NOT_FIXED_OPT 1.0e7 601.6999998298284 931.0 1 601.6999998298284 601.7 9.32 9.32
Customized_statistics: h10_c50_l200_06 6 6 NOT_FIXED_OPT 1.0e7 648.641199430046 1265.0 7 658.3999998170283 658.4000000000032 147.46 147.46
Customized_statistics: h10_c50_l200_07 6 6 NOT_FIXED_OPT 1.0e7 615.2501220733952 1443.0 5 619.4999999999998 619.5000000000003 146.96 146.96
Customized_statistics: h10_c50_l200_08 6 6 NOT_FIXED_OPT 1.0e7 563.9499999514875 808.0 27 576.9999998646193 576.9999999999995 169.51 169.51
Customized_statistics: h10_c50_l200_09 6 6 NOT_FIXED_OPT 1.0e7 572.1435175231095 1386.0 35 585.8999998361467 585.8999999999997 138.1 138.1
Customized_statistics: h10_c50_l200_10 6 7 NOT_FIXED_OPT 1.0e7 665.8558142844498 1401.0 11 671.9999999999999 671.9999999999997 163.9 183.62
