Application parameters:
  fixedtrip  =>  false
  batch  =>  nothing
  instance  =>  "/IN/h10_c50_l150_10.txt"
  cfg  =>  "/BWTSP/src/../config/TSPHS.cfg"
  out  =>  nothing
  ub  =>  1.0e7
  sol  =>  nothing
  round  =>  0
  Qvalue  =>  999
  tikz  =>  nothing
  qvalue  =>  8
  nosolve  =>  false
########################################################
VRPSolver warning: Interval set for resource 1 on source node (when source != sink) is ignored (by definition is [0.0,0.0])
[41m solve [00m
Info about modified params should be ignored for params which are not in the config file.
Such warnings may have been triggered because the default value of the param was modified.
 BaPCod info - PARAM MODIFIED : 
     StabilizationFunctionType::none 
     ===> 
     StabilFuncInnerAngle = 0 and StabilFuncOuterAngle = 0 
 BaPCod info - PARAM MODIFIED : 
     colGenStabilizationFunctionType::none 
     ===> 
     colGenProximalStabilizationRule::undefined 
~~~~~~~~~~~~~~~~~~~~~~~~~~~~~~~~~~~~~~~~~~~~~~~~~~~~~~~~~~~~~~~~~~~~~~~~~~~~~~
VRPSolver v0.4.1, 24/03/2021. Web: vrpsolver.math.u-bordeaux.fr
Corresponds to the solver by Pessoa, Sadykov, Uchoa and Vanderbeck (2020)
Paper: dx.doi.org/10.1007/s10107-020-01523-z
USE THIS CODE ONLY FOR ACADEMIC PURPOSES AT YOUR OWN RISK
~~~~~~~~~~~~~~~~~~~~~~~~~~~~~~~~~~~~~~~~~~~~~~~~~~~~~~~~~~~~~~~~~~~~~~~~~~~~~~
BaPCod v053, 24/03/2021, © Inria Bordeaux, France
~~~~~~~~~~~~~~~~~~~~~~~~~~~~~~~~~~~~~~~~~~~~~~~~~~~~~~~~~~~~~~~~~~~~~~~~~~~~~~
/* SOLUTION MODE */
  ovfSolMode = none
  masterSolMode = mipSolver
  colGenSubProbSolMode = customSolver
  sepSubProbSolMode = mipSolver

/* MIP SOLVER PARAMETERS */ 
MipSolverMaxBBNodes = 2000000
MipSolverMaxTime = 360000
MipSolverRecordNamesInFormulation = true
nameVarConstrInFormulations = true

/* BRANCH-AND-PRICE CONTROL PARAMETERS */  
MaxNbOfCgIterations = 100000
MaxNbOfBendersIterations = 5000
MaxNbOfBBtreeNodeTreated = 100000

 /* STABILIZATION OF COLUMN GENERATION CONTROL PARAMETERS */ 
mastInitMode = localArtCol
colGenDualPriceSmoothingRule = Wentges
bendersPrimalSolSmoothingRule = none

/* STRATEGIES FOR COLUMN GENERATION CONTROL PARAMETERS */ 
Search4NegRedCostColInInactivePool = false
MultiColGeneration = true

/* STRATEGIES FOR SEPARATION CONTROL PARAMETERS */ 
bendersSpInitMode = localArtVar
bendersSpInitModeUseLocalArtVarForEqualityConstraints = false
BendersSepOracleNthreads = 0
bendersCutGenerationMode = cutAndBranch
bendersMultiSolnCutGen = true
bendersMultiSolnCutGenPoolCapacity = 0
bendersMultiSolnCutGenEleminateSeenSolns = false

/* PRIMAL HEURISTIC CONTROL PARAMETERS */ 
UseInitialPrimalHeur = false
UseDivingHeur = true
UseRestrictedMasterIpHeur = true

/* Code OUTPUT CONTROL  */ 
DEFAULTPRINTLEVEL = 0
ClockType = 0

/* SOLVER Name */
solverName = CPLEX_SOLVER

/* ADVANCED USER PARAMETERS */
ApplyPreprocessing = true
ApplyStrongBranchingEvaluation = true
StrongBranchingParameter4MaxNbOfCandidates = 10
MaxNbOfStagesInColGenProcedure = 3
GenerateProperColumns = false
DynamicSpVarGen = false
bendersCutScaling = false

!!-- ADVANCED PARAMETERS --!! 

/* MIP SOLVER PARAMETERS */ 
MipSolverMaxNbLpIterations = 2147483645
RequiredSolStatForOvf = SolutionStatus includes     Optimum ,    PrimalFeasSolFound ,

PreprocessorOnForOvf = true
ProbingOnForOvf = true
AutomaticCuttingPlanesOnForOvf = true
SolverSelectForOvf = d
RequiredSolStatForMast = SolutionStatus includes     Optimum ,    DualFeasSolFound ,    OptimumUnscalInfeas ,

PreprocessorOnForMast = true
ProbingOnForMast = true
AutomaticCuttingPlanesOnForMast = true
SolverSelectForMast = a
SolverSelectForMastAfterBarrierConvergence = d
RequiredSolStatForColGenSp = SolutionStatus includes     Optimum ,    PrimalFeasSolFound ,

PreprocessorOnForColGenSp = true
ProbingOnForColGenSp = true
AutomaticCuttingPlanesOnForColGenSp = true
SolverSelectForSepSp = d
RequiredSolStatForSepSp = SolutionStatus includes     Optimum ,    PrimalFeasSolFound ,

PreprocessorOnForSepSp = true
ProbingOnForSepSp = true
AutomaticCuttingPlanesOnForSepSp = true
SolverSelectForSepSp = d
SafeDualBoundScaleFactor = -1
MasterMipSolverRightHAndSideZeroTol = 1e-07
MasterMipSolverReducedCostTolerance = 1e-07
MasterMipSolverClassicalBendersWarmStart = false
MasterMipSolverClassicalBendersEpGap = 0.01
MasterMipSolverClassicalBendersEpGapFactor = 0.5
MasterMipSolverClassicalBendersMIPEmphasis = 0
MasterMipSolverBarrierMinConvergTol = 1e-06
MasterMipSolverBarrierConvergTolFactor = 0.01
ColGenMipSolverRightHAndSideZeroTol = 1e-08
ColGenMipSolverReducedCostTolerance = 1e-06
BendersSpMipSolverRightHAndSideZeroTol = 1e-06
BendersSpMipSolverReducedCostTolerance = 1e-08
MipSolverMultiThread = 1
MipSolverIntegerFeasibility = 1e-08
MipSolverNbOfExtraRows = 1000
MipSolverNbOfExtraCols = 1000
MipSolverNbOfExtraGlobalEntities = 10000
MipSolverNbOfExtraMatrixElements = 50000
MipSolverNbOfExtraElementsInPresolve = 1000

/* BRANCH-AND-PRICE CONTROL PARAMETERS */  
MaxNbOfColPerIteration = 1
MaxDepthInBBtree = 5000
StopWhenBranchingFails = true
fullSearchForBestBranchingSet = true
BapCodReducedCostTolerance = 1e-06
BapCodCutViolationTolerance = 0.02
BapCodIntegralityTolerance = 1e-08
treeSearchStrategy = 1

/* BRANCH-AND-PRICE OPTION PARAMETERS */ 
PseudoLagrangianBounds = false
DCP_MaxIterWithSameSg = 0
TestAggregateMasterSol4Integrality = false
VerifyColsIntegralityInTestSolForIntegrality = false
BranchFirstOnPureMasterVariables = true
BranchFirstOnSubProblemVariables = false
StrongBranchingParameter4BestVsWorstBd = 0.9
StrongBranchingParameter4MaxNbOfCandidatesAfterRM = 5
StrongBranchingParameter4NodesNbRatio = 0.1
StrongBranchingParameter4NotPromissingConservativeness = 1
StrongBranchingPhaseOne = max#cand. = 100 max#cg.iters = 0 min.lvl.sp.restr. = 0 min#cut.rounds = 0 max#cut.rounds = 0 red.cost.fix&enum. = false tree.size.ratio = 0.2
StrongBranchingPhaseTwo = max#cand. = 5 max#cg.iters = 10000 min.lvl.sp.restr. = 1 min#cut.rounds = 0 max#cut.rounds = 0 red.cost.fix&enum. = false tree.size.ratio = 0.02
StrongBranchingPhaseThree = max#cand. = 1 max#cg.iters = 10000 min.lvl.sp.restr. = 0 min#cut.rounds = 0 max#cut.rounds = 10000 red.cost.fix&enum. = true tree.size.ratio = 1
StrongBranchingPhaseFour =not active
StrongBranchingPhaseOneCandidatesNumber = 100
StrongBranchingPhaseOneTreeSizeEstimRatio = 0.2
StrongBranchingPhaseTwoCandidatesNumber = 5
StrongBranchingPhaseTwoTreeSizeEstimRatio = 0.02
StrongBranchingExactPhaseInterrupt = false
StrongBranchingUseHistorySubtreeSize = false
TerminateCgWhenRoundedDbCannotImprove = false
UseObjScalingFact = false
UseMasterCuttingPlanes = true
ExploreCutPoolBeforeSeparation = true
GoIntoSeparationEvenIfViolatedCutsFromPool = false
MasterCuttingPlanesDepthLimit = 1000
MaxNbOfCutGeneratedAtEachIter = 1000
NbOfCutTargetedBeforeSwitchingTemplate = 10
OpenNodesLimit = 1000

 /* STABILIZATION OF COLUMN GENERATION CONTROL PARAMETERS */ 
LocArtVarInConvexityConstr = true
dualCPInitWithArtCol = false
ArtVarPenaltyUpdateFactor = 2
ArtVarUniformPenaltyUpdate = true
ArtVarMaxNbOfPenaltyUpdates = 5
BendersSepSpArtVarPenaltyUpdateFactor = 5
BendersSepSpArtVarUniformPenaltyUpdate = true
BendersSepSpArtVarMaxNbOfPenaltyUpdates = 3
BendersSepSpArtVarPenaltyInit = 1
BendersSepSpFreeCostArtVar = false
BendersSepSpFreeCostArtVarMaxNbOfLBResets = -1
colGenStabilizationFunctionType = none
colGenProximalStabilizationRule = undefined
bendersProximalStabilizationFunctionType = none
StabilFuncKappa = 1
StabilFuncArtVarInSolUpdateFactor = 10
StabilFuncCurvature = 1
StabilFuncCurvatureAdvanceRate = 1
StabilFuncOuterHalfInterval = 100
StabilFuncInnerHalfInterval = 10
StabilFuncHalfIntervalChildNodeFactor = 10
StabilFuncOuterAngle = 0
StabilFuncInnerAngle = 0
colGenDualPriceSmoothingAlphaFactor = 1
colGenDualPriceSmoothingBetaFactor = 0
colGenDualPriceSmoothingMinGap = 0
colGenDualPriceSmoothingMaxGap = 0
bendersPrimalSolSmoothingAlphaFactor = 0
bendersPrimalSolSmoothingBetaFactor = 0
bendersPrimalSolSmoothingMinGap = 0
bendersPrimalSolSmoothingMaxGap = 0
colGenStabilizationMaxTreeDepth = 10000
bendersStabilizationMaxTreeDepthStabilizationMaxTreeDepth = 10000
colGenDualPriceSmoothingMaxNbOfUpdate = 10
bendersPrimalSolSmoothingMaxNbOfUpdate = 10
StabilizationMinPhaseOfStage = 0

/* STRATEGIES FOR COLUMN GENERATION CONTROL PARAMETERS */ 
SplitColIntoDissagregateSpVar = false
SplitColIntoDissagregateSpVarInHeadIn = true
dynamicallyAddVarConstrInCallBacks = false
PriceAllSubproblemsForBestDualBound = true
CyclicSpScanning = false
Col4AllSubproblems = false
UseColumnsPool = false
InsertAllGeneratedColumnsInFormRatherThanInPool = true
InsertNewNonNegColumnsDirectlyInFormRatherThanInPool = true
ColumnCleanupFrequenceInNbOfCgIter = 1
ColumnCleanupThreshold = 10000
ColumnCleanupRatio = 0.66
CutCleanupThreshold = 1
CutTailingOffThreshold = 0.015
CutTailingOffCounterThreshold = 3
CutTailingOffAbsTolerance = -1
MinNumOfCutRoundsBeforeStopBySp = 1
CutCleanupRatio = 0.66
CutDynamicPriorityLevel = false
SetColFromBasisWhenProcNewNode = true
SetVarWithLowRedCostOnlyWhenProcNewNode = false
CleanupMasterCutsWhenProcNewNode = false
ReducedCostFixingThreshold = 0.9
runColGenUntilFullConvergence = false

/* PRIMAL HEURISTIC CONTROL PARAMETERS */ 
UseGreedyHeur = 0
MaxNbGhIter = 50
UseSeqRoundingHeur = false
UseFeasibilityPumpHeur = false
UseCustomFracSolBasedHeur = false
UseDive2RestrictHeur = false
UseLocalSearchHeur = false
UseDivingProximalHeur = false
UseRestrictMastProximalHeur = false
ActivateAllColumnsForRestrictedMasterIpHeur = false
MaxTimeForRestrictedMasterIpHeur = -1
PolishingAfterTimeInRestrictedMasterIpHeur = -1
MaxNumEnumSolsInRestrictedMasterIpHeur = 5000
MIPemphasisInRestrictedMasterIpHeur = 1
CallFrequencyOfRestrictedMasterIpHeur = 5
CallFrequencyOfDivingHeur = 1
UseDivingHeurAfterBranchOnly = false
UseDivingHeurOnMasterColOnly = true
UseDivingHeurOnPureMastVarOnly = false
UseSeqRoundingHeurAfterBranchOnly = false
MaxFeasibilityPumpIterationCounter = 20
FeasibilityPumpModCostFunction = 2
MaxLocalSearchIterationCounter = 3
MaxProximalIterationCounter = 3
MaxDepthInDivingHeur = 50
EvalAlgParamsInDiving = max#cand. = 1 max#cg.iters = 10000 min.lvl.sp.restr. = 1 min#cut.rounds = 0 max#cut.rounds = 0 red.cost.fix&enum. = false tree.size.ratio = 1
MaxFactorOfPartialSolValueInDive2RestrictHeur = 0.5
MaxFactorOfColFixedByLocalSearchHeur = 0.8
StrongDivingCandidatesNumber = 1
MaxNbOfCgIteDuringRh = 5000
MaxNbOfPenaltUpdatesDuringRH = 10
MaxLDSbreadth = 0
MaxLDSdepth = 0
DivingHeurUseDepthLimit = -1
LocalSearchHeurUseDepthLimit = 2
DivingHeurStopsWithFirstFeasSol = false
DivingHeurPreprocessBeforeChoosingVar = false
FixIntValBeforeRoundingHeur = true
IgnoreIntValWhenSelectingRoundedVarInRH = true
NbOfSelectionCriteriaForRoundingHeur = 1
RecordingNodeInfo = false
/* RCSP SOLVER CONTROL PARAMETERS */ 
RCSPcheckDominInOtherBuckets = true
RCSPuseBidirectionalSearch = 2
RCSPuseCompletionBoundsInPricing = 0
RCSPdomChecksThresholdInPricing = 1e+15
RCSPstopCutGenTimeThresholdInPricing = 10
RCSPhardTimeThresholdInPricing = 25
RCSPmaxNumOfColsPerIteration = 30
RCSPmaxNumOfColsPerExactIteration = 150
RCSPallowRoutesWithSameVerticesSet = true
RCSPheurLabelingStrategy = 0
RCSPnumberOfBucketsPerVertex = 25
RCSPdynamicBucketSteps = 1
RCSPdynBuckStepAdjustRatioThreshold = 500
RCSPdynBuckStepAdjustNumBuckArcsThreshold = 10000
RCSPapplyReducedCostFixing = 1
RCSPredCostFixingFalseGap = 0
RCSPuseComplBoundsInRedCostFixing = 2
RCSPuseDSSRInMode = 0
RCSPmaxNumOfColumnsInDSSR = 100
RCSPmaxCycleSizeInDSSR = 5
RCSPdynamicNGmode = 0
RCSPmaxNumOfColumnsInDynamicNG = 100
RCSPmaxCycleSizeInDynamicNG = 5
RCSPmaxNGneighbourhoodSize = 12
RCSPmaxNGneighbourhoodSize = 12
RCSPmaxNGaverNeighbourhoodSize = 12
RCSPuseCapacityCuts = true
RCSPresConsKnapsackCutsMode = 8
RCSPcapCutsMaxNumPerRound = 100
RCSPcliqueCutsMaxNumPerRound = 0
RCSPcliqueCutsMaxSepTime = 5
RCSPrankOneCutsMaxNumRows = 5
RCSPrankOneCutsMaxNumPerRound = 100
RCSPrankOneCutsMemoryType = 1
RCSPrankOneCutsArcMemoryType = 2
RCSPrankOneCutsSpDependentMemory = false
RCSPrankOneCutsLSnumIterations = 1000
RCSPrankOneCutsNeighbourhoodSize = 16
RCSPrankOneCutsMaxNumTriplets = 10000
RCSPuseExactComplBoundsInEnumeration = true
RCSPmaxGapToRunEnumeration = 1
RCSPmaxNumOfLabelsInEnumeration = 500000
RCSPmaxNumOfLabelsInHeurEnumeration = 0
RCSPmaxNumOfEnumeratedSolutions = 5000000
RCSPmaxNumOfEnumSolutionsForMIP = 0
RCSPmaxNumOfEnumSolsForEndOfNodeMIP = 0
RCSPstopRatioForConcatenationInEnum = 30
RCSPenableSimplePricing = false
LeastFractional
Closest2RoundUp
LeastGreedyCost
LeastCost
selectColBasedOnLpSoInDivingHeur = false
breakTiesByGreedyCostInRh = true
RestrictedMasterIpHeurColRenewalBeforeReUse = 0.5

/* Code OUTPUT CONTROL  */ 
ColGenLogFrequency = 1
BundleOutput = 0
time key = bcTimeNow
time key = now
/* BOUND */
minimizationProblem = true
integerValuedBound = true
optimalityGapTolerance = 1e-06
relOptimalityGapTolerance = 1e-06
/* ADVANCED PARAMETERS */
useDirectAccessForMastColumnMembership = false
useSPVarMembershipCache = false
CheckSpOracleFeasibility = false
CheckOracleOptimality = false

prName & bcTimeMain \\ 
Bucket steps were recalculated for graph G_1 : [6]
RCSP solver info : non-symmetric case as the reverse arc for 0->10 does not exist
Bidirectional border value is initialised to 74
RCSP solver info : number of forw. reachable buckets / buck. strongly connected components is 1375( 74.445% ) / 1375( 100% )
RCSP solver info : number of back. reachable buckets / buck. strongly connected components is 1351( 73.1456% ) / 1351( 100% )
Generating neibourhoods for rank-1 cuts separation
Building structures for 4- and 5-row rank-1 packing cut separation...done!
Model is built TIME = 0h0m1s29t = 129
************************************************************************************************
**** BaB tree root node
**** Local DB = -1e+12, global bounds : [ -1e+12 , 1e+12 ], TIME = 0h0m1s29t = 129
**** 1 open nodes, 0 columns (0 active), 0 dyn. constrs. (0 active), 123 art. vars. (123 active)
************************************************************************************************
#<DWph=2> <it=  1> <et=1.29> <Mt= 0.00> <Spt= 0.00> <nCl=  6> <al=0.00> <DB=  257.0000> <Mlp=  300.8400> <PB=1e+12> 
#<DWph=2> <it=  2> <et=1.30> <Mt= 0.00> <Spt= 0.00> <nCl=  0> <al=0.00> <DB=  291.6400> <Mlp=  291.6400> <PB=1e+12> 
#<DWph=2> <it=  3> <et=1.30> <Mt= 0.00> <Spt= 0.00> <nCl=  8> <al=0.30> <DB=  216.0360> <Mlp=  535.0400> <PB=1e+12> 
#<DWph=2> <it=  4> <et=1.30> <Mt= 0.00> <Spt= 0.01> <nCl=  2> <al=0.37> <DB=  351.2265> <Mlp=  512.8250> <PB=1e+12> 
#<DWph=2> <it=  5> <et=1.31> <Mt= 0.00> <Spt= 0.00> <nCl=  2> <al=0.43> <DB=  343.3578> <Mlp=  499.5150> <PB=1e+12> 
#<DWph=2> <it=  6> <et=1.31> <Mt= 0.00> <Spt= 0.00> <nCl=  2> <al=0.49> <DB=  362.4821> <Mlp=  493.7600> <PB=1e+12> 
#<DWph=2> <it=  7> <et=1.31> <Mt= 0.00> <Spt= 0.00> <nCl=  2> <al=0.54> <DB=  371.8032> <Mlp=  492.4133> <PB=1e+12> 
#<DWph=2> <it=  8> <et=1.31> <Mt= 0.00> <Spt= 0.00> <nCl=  4> <al=0.59> <DB=  370.0039> <Mlp=  488.7333> <PB=1e+12> 
#<DWph=2> <it=  9> <et=1.32> <Mt= 0.00> <Spt= 0.01> <nCl=  1> <al=0.63> <DB=  380.9705> <Mlp=  488.7333> <PB=1e+12> 
#<DWph=2> <it= 10> <et=1.32> <Mt= 0.00> <Spt= 0.00> <nCl=  2> <al=0.53> <DB=  406.2770> <Mlp=  485.2358> <PB=1e+12> 
#<DWph=2> <it= 11> <et=1.32> <Mt= 0.00> <Spt= 0.00> <nCl=  1> <al=0.58> <DB=  438.2468> <Mlp=  483.3308> <PB=1e+12> 
#<DWph=2> <it= 12> <et=1.32> <Mt= 0.00> <Spt= 0.00> <nCl=  1> <al=0.62> <DB=  447.1352> <Mlp=  481.2335> <PB=1e+12> 
#<DWph=2> <it= 13> <et=1.33> <Mt= 0.00> <Spt= 0.00> <nCl=  1> <al=0.66> <DB=  454.0516> <Mlp=  481.1482> <PB=1e+12> 
#<DWph=2> <it= 14> <et=1.33> <Mt= 0.00> <Spt= 0.01> <nCl=  1> <al=0.56> <DB=  465.4322> <Mlp=  481.1482> <PB=1e+12> 
#<DWph=2> <it= 15> <et=1.33> <Mt= 0.00> <Spt= 0.00> <nCl=  2> <al=0.00> <DB=  472.1044> <Mlp=  481.0044> <PB=1e+12> 
#<DWph=2> <it= 16> <et=1.34> <Mt= 0.00> <Spt= 0.01> <nCl=  1> <al=0.00> <DB=  478.0430> <Mlp=  480.7630> <PB=1e+12> 
#<DWph=2> <it= 17> <et=1.34> <Mt= 0.00> <Spt= 0.00> <nCl=  1> <al=0.26> <DB=  479.9049> <Mlp=  480.7630> <PB=1e+12> 
#<DWph=2> <it= 18> <et=1.34> <Mt= 0.00> <Spt= 0.00> <nCl=  0> <al=0.00> <DB=  480.7601> <Mlp=  480.7601> <PB=1e+12> 
#<DWph=2> <it= 19> <et=1.35> <Mt= 0.00> <Spt= 0.00> <nCl= 10> <al=0.06> <DB=  191.4667> <Mlp=  772.1379> <PB=1e+12> 
#<DWph=2> <it= 20> <et=1.35> <Mt= 0.00> <Spt= 0.01> <nCl= 10> <al=0.15> <DB=  249.6441> <Mlp=  743.5195> <PB=1e+12> 
#<DWph=2> <it= 21> <et=1.35> <Mt= 0.00> <Spt= 0.00> <nCl= 10> <al=0.24> <DB=  412.9654> <Mlp=  720.2812> <PB=1e+12> 
#<DWph=2> <it= 22> <et=1.36> <Mt= 0.00> <Spt= 0.00> <nCl=  6> <al=0.31> <DB=  402.7049> <Mlp=  705.0028> <PB=1e+12> 
#<DWph=2> <it= 23> <et=1.36> <Mt= 0.00> <Spt= 0.00> <nCl=  7> <al=0.38> <DB=  508.0910> <Mlp=  690.5601> <PB=1e+12> 
#<DWph=2> <it= 24> <et=1.36> <Mt= 0.00> <Spt= 0.01> <nCl=  8> <al=0.44> <DB=  532.0723> <Mlp=  672.0458> <PB=1e+12> 
#<DWph=2> <it= 25> <et=1.36> <Mt= 0.00> <Spt= 0.00> <nCl=  8> <al=0.34> <DB=  544.7906> <Mlp=  661.7239> <PB=1e+12> 
#<DWph=2> <it= 26> <et=1.37> <Mt= 0.00> <Spt= 0.00> <nCl=  5> <al=0.41> <DB=  534.9814> <Mlp=  659.3868> <PB=1e+12> 
#<DWph=2> <it= 27> <et=1.37> <Mt= 0.00> <Spt= 0.00> <nCl=  3> <al=0.47> <DB=  585.2507> <Mlp=  656.5527> <PB=1e+12> 
#<DWph=2> <it= 28> <et=1.37> <Mt= 0.00> <Spt= 0.01> <nCl=  4> <al=0.52> <DB=  593.5919> <Mlp=  655.1580> <PB=1e+12> 
#<DWph=2> <it= 29> <et=1.38> <Mt= 0.00> <Spt= 0.00> <nCl=  5> <al=0.42> <DB=  614.2171> <Mlp=  652.3193> <PB=1e+12> 
#<DWph=2> <it= 30> <et=1.38> <Mt= 0.01> <Spt= 0.00> <nCl=  3> <al=0.48> <DB=  588.6106> <Mlp=  651.6154> <PB=1e+12> 
#<DWph=2> <it= 31> <et=1.38> <Mt= 0.00> <Spt= 0.00> <nCl=  2> <al=0.53> <DB=  608.2445> <Mlp=  650.7341> <PB=1e+12> 
#<DWph=2> <it= 32> <et=1.38> <Mt= 0.00> <Spt= 0.00> <nCl=  1> <al=0.58> <DB=  624.2470> <Mlp=  648.9937> <PB=1e+12> 
#<DWph=2> <it= 33> <et=1.39> <Mt= 0.00> <Spt= 0.01> <nCl=  1> <al=0.62> <DB=  633.5930> <Mlp=  648.8365> <PB=1e+12> 
#<DWph=2> <it= 34> <et=1.39> <Mt= 0.00> <Spt= 0.00> <nCl=  2> <al=0.52> <DB=  620.0156> <Mlp=  648.8124> <PB=1e+12> 
#<DWph=2> <it= 35> <et=1.39> <Mt= 0.00> <Spt= 0.00> <nCl=  1> <al=0.42> <DB=  632.3025> <Mlp=  647.6699> <PB=1e+12> 
#<DWph=2> <it= 36> <et=1.40> <Mt= 0.00> <Spt= 0.00> <nCl=  1> <al=0.48> <DB=  637.2537> <Mlp=  647.5527> <PB=1e+12> 
#<DWph=2> <it= 37> <et=1.40> <Mt= 0.00> <Spt= 0.01> <nCl=  3> <al=0.53> <DB=  626.8307> <Mlp=  647.1961> <PB=1e+12> 
#<DWph=2> <it= 38> <et=1.41> <Mt= 0.00> <Spt= 0.00> <nCl=  1> <al=0.00> <DB=  645.9989> <Mlp=  647.1367> <PB=1e+12> 
#<DWph=2> <it= 39> <et=1.41> <Mt= 0.00> <Spt= 0.01> <nCl=  0> <al=0.00> <DB=  647.1304> <Mlp=  647.1304> <PB=1e+12> 
#<DWph=2> <it= 40> <et=1.41> <Mt= 0.00> <Spt= 0.00> <nCl= 10> <al=0.38> <DB=  340.5684> <Mlp=  767.0402> <PB=1e+12> 
#<DWph=2> <it= 41> <et=1.42> <Mt= 0.00> <Spt= 0.00> <nCl= 10> <al=0.44> <DB=  540.2780> <Mlp=  744.7336> <PB=1e+12> 
#<DWph=2> <it= 42> <et=1.42> <Mt= 0.00> <Spt= 0.00> <nCl=  8> <al=0.50> <DB=  644.5064> <Mlp=  734.2706> <PB=1e+12> 
#<DWph=2> <it= 43> <et=1.42> <Mt= 0.00> <Spt= 0.01> <nCl=  4> <al=0.55> <DB=  663.6145> <Mlp=  722.5445> <PB=1e+12> 
#<DWph=2> <it= 44> <et=1.43> <Mt= 0.00> <Spt= 0.00> <nCl=  5> <al=0.45> <DB=  654.1301> <Mlp=  720.7747> <PB=1e+12> 
#<DWph=2> <it= 45> <et=1.43> <Mt= 0.00> <Spt= 0.00> <nCl=  4> <al=0.50> <DB=  666.0760> <Mlp=  718.8591> <PB=1e+12> 
#<DWph=2> <it= 46> <et=1.43> <Mt= 0.00> <Spt= 0.00> <nCl=  6> <al=0.55> <DB=  677.2807> <Mlp=  717.8939> <PB=1e+12> 
#<DWph=2> <it= 47> <et=1.43> <Mt= 0.00> <Spt= 0.01> <nCl=  5> <al=0.60> <DB=  666.9875> <Mlp=  714.4704> <PB=1e+12> 
#<DWph=2> <it= 48> <et=1.44> <Mt= 0.00> <Spt= 0.00> <nCl=  5> <al=0.27> <DB=  687.1557> <Mlp=  713.7336> <PB=1e+12> 
#<DWph=2> <it= 49> <et=1.44> <Mt= 0.00> <Spt= 0.00> <nCl=  2> <al=0.54> <DB=  688.2644> <Mlp=  711.9525> <PB=1e+12> 
#<DWph=2> <it= 50> <et=1.45> <Mt= 0.00> <Spt= 0.01> <nCl=  4> <al=0.17> <DB=  664.1286> <Mlp=  711.3561> <PB=1e+12> 
#<DWph=2> <it= 51> <et=1.45> <Mt= 0.00> <Spt= 0.00> <nCl=  4> <al=0.48> <DB=  682.9680> <Mlp=  708.9227> <PB=1e+12> 
#<DWph=2> <it= 52> <et=1.45> <Mt= 0.01> <Spt= 0.00> <nCl=  1> <al=0.53> <DB=  701.8856> <Mlp=  708.6383> <PB=1e+12> 
#<DWph=2> <it= 53> <et=1.45> <Mt= 0.00> <Spt= 0.00> <nCl=  1> <al=0.58> <DB=  695.7004> <Mlp=  708.6263> <PB=1e+12> 
#<DWph=2> <it= 54> <et=1.46> <Mt= 0.00> <Spt= 0.01> <nCl=  2> <al=0.62> <DB=  692.2633> <Mlp=  708.2684> <PB=1e+12> 
#<DWph=2> <it= 55> <et=1.46> <Mt= 0.00> <Spt= 0.00> <nCl=  0> <al=0.00> <DB=  708.2684> <Mlp=  708.2684> <PB=1e+12> 
#<DWph=2> <it= 56> <et=1.47> <Mt= 0.00> <Spt= 0.00> <nCl=  6> <al=0.56> <DB=  633.8285> <Mlp=  735.7083> <PB=1e+12> 
#<DWph=2> <it= 57> <et=1.47> <Mt= 0.00> <Spt= 0.01> <nCl=  2> <al=0.60> <DB=  700.5671> <Mlp=  722.8602> <PB=1e+12> 
#<DWph=2> <it= 58> <et=1.47> <Mt= 0.00> <Spt= 0.00> <nCl=  2> <al=0.50> <DB=  704.1337> <Mlp=  722.6167> <PB=1e+12> 
#<DWph=2> <it= 59> <et=1.48> <Mt= 0.00> <Spt= 0.00> <nCl=  2> <al=0.40> <DB=  712.8917> <Mlp=  722.6099> <PB=1e+12> 
#<DWph=2> <it= 60> <et=1.48> <Mt= 0.00> <Spt= 0.00> <nCl=  1> <al=0.46> <DB=  717.1678> <Mlp=  722.6099> <PB=1e+12> 
#<DWph=2> <it= 61> <et=1.48> <Mt= 0.00> <Spt= 0.01> <nCl=  1> <al=0.52> <DB=  713.7974> <Mlp=  722.3899> <PB=1e+12> 
#<DWph=2> <it= 62> <et=1.49> <Mt= 0.00> <Spt= 0.00> <nCl=  2> <al=0.13> <DB=  713.6674> <Mlp=  721.7499> <PB=1e+12> 
#<DWph=2> <it= 63> <et=1.49> <Mt= 0.00> <Spt= 0.00> <nCl=  1> <al=0.47> <DB=  718.3566> <Mlp=  721.4899> <PB=1e+12> 
#<DWph=2> <it= 64> <et=1.49> <Mt= 0.00> <Spt= 0.01> <nCl=  1> <al=0.04> <DB=  721.0128> <Mlp=  721.4899> <PB=1e+12> 
#<DWph=2> <it= 65> <et=1.50> <Mt= 0.00> <Spt= 0.00> <nCl=  0> <al=0.00> <DB=  721.4899> <Mlp=  721.4899> <PB=1e+12> 
#<DWph=2> <it= 66> <et=1.50> <Mt= 0.00> <Spt= 0.00> <nCl=  4> <al=0.32> <DB=  712.0857> <Mlp=  735.9981> <PB=1e+12> 
#<DWph=2> <it= 67> <et=1.51> <Mt= 0.00> <Spt= 0.01> <nCl=  2> <al=0.00> <DB=  731.8044> <Mlp=  735.8933> <PB=1e+12> 
#<DWph=2> <it= 68> <et=1.51> <Mt= 0.00> <Spt= 0.00> <nCl=  0> <al=0.00> <DB=  735.8933> <Mlp=  735.8933> <PB=1e+12> 
 Artificial variables in the solution : decreasing phase of stage 
#<DWph=1> <it= 69> <et=1.52> <Mt= 0.00> <Spt= 0.01> <nCl=  5> <al=0.19> <DB=  663.8241> <Mlp=  735.8933> <PB=1e+12> 
#<DWph=1> <it= 70> <et=1.52> <Mt= 0.00> <Spt= 0.00> <nCl=  2> <al=0.27> <DB=  695.9126> <Mlp=  732.9123> <PB=1e+12> 
#<DWph=1> <it= 71> <et=1.52> <Mt= 0.00> <Spt= 0.01> <nCl=  3> <al=0.17> <DB=  703.7738> <Mlp=  731.9100> <PB=1e+12> 
#<DWph=1> <it= 72> <et=1.53> <Mt= 0.00> <Spt= 0.00> <nCl=  2> <al=0.25> <DB=  710.2023> <Mlp=  731.7854> <PB=1e+12> 
#<DWph=1> <it= 73> <et=1.53> <Mt= 0.00> <Spt= 0.00> <nCl=  3> <al=0.15> <DB=  720.8611> <Mlp=  731.7767> <PB=1e+12> 
#<DWph=1> <it= 74> <et=1.54> <Mt= 0.00> <Spt= 0.01> <nCl=  1> <al=0.24> <DB=  721.4582> <Mlp=  731.7590> <PB=1e+12> 
#<DWph=1> <it= 75> <et=1.54> <Mt= 0.00> <Spt= 0.00> <nCl=  1> <al=0.31> <DB=  715.0690> <Mlp=  731.5918> <PB=1e+12> 
#<DWph=1> <it= 76> <et=1.55> <Mt= 0.00> <Spt= 0.01> <nCl=  1> <al=0.38> <DB=  726.9109> <Mlp=  731.3869> <PB=1e+12> 
#<DWph=1> <it= 77> <et=1.55> <Mt= 0.00> <Spt= 0.00> <nCl=  1> <al=0.44> <DB=  727.3876> <Mlp=  731.3776> <PB=1e+12> 
#<DWph=1> <it= 78> <et=1.56> <Mt= 0.01> <Spt= 0.01> <nCl=  0> <al=0.00> <DB=  731.3744> <Mlp=  731.3744> <PB=1e+12> 
#<DWph=1> <it= 79> <et=1.56> <Mt= 0.00> <Spt= 0.00> <nCl=  2> <al=0.40> <DB=  741.0298> <Mlp=  754.5344> <PB=1e+12> 
#<DWph=1> <it= 80> <et=1.57> <Mt= 0.00> <Spt= 0.01> <nCl=  0> <al=0.00> <DB=  754.5344> <Mlp=  754.5344> <PB=1e+12> 
#<DWph=1> <it= 81> <et=1.58> <Mt= 0.00> <Spt= 0.00> <nCl=  4> <al=0.36> <DB=  732.5681> <Mlp=  800.2682> <PB=1e+12> 
#<DWph=1> <it= 82> <et=1.59> <Mt= 0.00> <Spt= 0.01> <nCl=  0> <al=0.00> <DB=  800.1247> <Mlp=  800.1247> <PB=1e+12> 
#<DWph=1> <it= 83> <et=1.59> <Mt= 0.00> <Spt= 0.01> <nCl=  6> <al=0.32> <DB=  804.7253> <Mlp=  890.9094> <PB=1e+12> 
#<DWph=1> <it= 84> <et=1.60> <Mt= 0.00> <Spt= 0.00> <nCl=  0> <al=0.00> <DB=  890.4346> <Mlp=  890.4346> <PB=1e+12> 
#<DWph=1> <it= 85> <et=1.60> <Mt= 0.00> <Spt= 0.01> <nCl=  2> <al=0.29> <DB=  997.1134> <Mlp= 1070.8802> <PB=1e+12> 
#<DWph=1> <it= 86> <et=1.61> <Mt= 0.00> <Spt= 0.01> <nCl=  2> <al=0.00> <DB= 1059.4318> <Mlp= 1070.5194> <PB=1e+12> 
#<DWph=1> <it= 87> <et=1.62> <Mt= 0.00> <Spt= 0.01> <nCl=  0> <al=0.00> <DB= 1070.5194> <Mlp= 1070.5194> <PB=1e+12> 
#<DWph=1> <it= 88> <et=1.63> <Mt= 0.00> <Spt= 0.00> <nCl=  2> <al=0.00> <DB= 1402.5961> <Mlp= 1429.6558> <PB=1e+12> 
#<DWph=1> <it= 89> <et=1.63> <Mt= 0.00> <Spt= 0.01> <nCl=  1> <al=0.00> <DB= 1425.2857> <Mlp= 1429.3020> <PB=1e+12> 
#<DWph=1> <it= 90> <et=1.64> <Mt= 0.00> <Spt= 0.00> <nCl=  0> <al=0.00> <DB= 1429.2905> <Mlp= 1429.2905> <PB=1e+12> 
 Artificial variables in the solution : decreasing phase of stage 
#    RCSP exact solver info for graph G_1 : TT = 0.004937, pt = 8.6e-05, dt = 0.00326, ct = 0.000624, ndl = 1', bdl = 3', odl = 1', odf = 4', bsi = 1', cnt = 2', bdch = 8', odch = 1', lcp = 1', #sols = 150
<DWph=0> <it= 91> <et=1.65> <Mt= 0.00> <Spt= 0.01> <nCl=  0> <al=0.00> <DB= 1429.2905> <Mlp= 1429.2905> <PB=1e+12> 
#    RCSP exact solver info for graph G_1 : TT = 0.004412, pt = 0.000127, dt = 0.002579, ct = 0.000673, ndl = 1', bdl = 3', odl = 1', odf = 3', bsi = 1', cnt = 2', bdch = 8', odch = 1', lcp = 1', #sols = 150
<DWph=0> <it= 92> <et=1.66> <Mt= 0.00> <Spt= 0.01> <nCl=  0> <al=0.00> <DB= 2143.9546> <Mlp= 2143.9546> <PB=1e+12> 
#    RCSP exact solver info for graph G_1 : TT = 0.004335, pt = 0.000121, dt = 0.002489, ct = 0.000672, ndl = 1', bdl = 3', odl = 1', odf = 3', bsi = 1', cnt = 2', bdch = 8', odch = 1', lcp = 1', #sols = 150
<DWph=0> <it= 93> <et=1.66> <Mt= 0.00> <Spt= 0.00> <nCl=  0> <al=0.00> <DB= 3573.2827> <Mlp= 3573.2827> <PB=1e+12> 
#    RCSP exact solver info for graph G_1 : TT = 0.004306, pt = 0.000118, dt = 0.002458, ct = 0.000699, ndl = 1', bdl = 3', odl = 1', odf = 3', bsi = 1', cnt = 2', bdch = 8', odch = 1', lcp = 1', #sols = 150
<DWph=0> <it= 94> <et=1.67> <Mt= 0.00> <Spt= 0.01> <nCl=  0> <al=0.00> <DB= 6431.9389> <Mlp= 6431.9389> <PB=1e+12> 
#    RCSP exact solver info for graph G_1 : TT = 0.004494, pt = 0.000119, dt = 0.002592, ct = 0.0007, ndl = 1', bdl = 3', odl = 1', odf = 3', bsi = 1', cnt = 2', bdch = 8', odch = 1', lcp = 1', #sols = 150
<DWph=0> <it= 95> <et=1.68> <Mt= 0.00> <Spt= 0.01> <nCl=  0> <al=0.00> <DB=12149.2513> <Mlp=12149.2513> <PB=1e+12> 
#    RCSP exact solver info for graph G_1 : TT = 0.004401, pt = 8.2e-05, dt = 0.002575, ct = 0.000681, ndl = 1', bdl = 3', odl = 1', odf = 3', bsi = 1', cnt = 2', bdch = 8', odch = 1', lcp = 1', #sols = 150
<DWph=0> <it= 96> <et=1.68> <Mt= 0.00> <Spt= 0.00> <nCl=  0> <al=0.00> <DB=23583.8761> <Mlp=23583.8761> <PB=1e+12> 
  MaxNbOfPenaltiesUpdates is reached : do switch to pure phase 1 
    RCSP exact solver info for graph G_1 : TT = 0.004455, pt = 8.3e-05, dt = 0.002687, ct = 0.000696, ndl = 1', bdl = 3', odl = 1', odf = 4', bsi = 1', cnt = 2', bdch = 9', odch = 1', lcp = 2', #sols = 150
<DWph=0> <it= 97> <et=1.69> <Mt= 0.00> <Spt= 0.00> <nCl=  0> <al=0.00> <DB=23583.8761> <Mlp=22869.2496> <PB=1e+12> 
Pure phase I determined infeasibility
Dynamic params and stats :  bidir.bord. = 74 aver.obdmd = 17.9167 aver.buck.num. = 25.6528
ColGenEvalAlg final dual bound: 1e+12 (rounded: 1e+12)
************************************************************************************************
Search is finished, global bounds : [ -1e+12 , 1e+12 ], TIME = 0h0m1s69t = 169
************************************************************************************************
statistics_cols: instance & :Optimal & cutoff & :bcRecRootDb & :bcTimeRootEval & :bcCountNodeProc & :bcRecBestDb & :bcRecBestInc & :bcTimeMain \\
statistics: h10_c50_l150_10 & 0 & -1.0 & 1000000000000.00 & 1.69 & 1 & 0.00 & -- & 1.69 \\
VRPSolver warning: Interval set for resource 1 on source node (when source != sink) is ignored (by definition is [0.0,0.0])
[41m solve [00m
Info about modified params should be ignored for params which are not in the config file.
Such warnings may have been triggered because the default value of the param was modified.
 BaPCod info - PARAM MODIFIED : 
     StabilizationFunctionType::none 
     ===> 
     StabilFuncInnerAngle = 0 and StabilFuncOuterAngle = 0 
 BaPCod info - PARAM MODIFIED : 
     colGenStabilizationFunctionType::none 
     ===> 
     colGenProximalStabilizationRule::undefined 
~~~~~~~~~~~~~~~~~~~~~~~~~~~~~~~~~~~~~~~~~~~~~~~~~~~~~~~~~~~~~~~~~~~~~~~~~~~~~~
VRPSolver v0.4.1, 24/03/2021. Web: vrpsolver.math.u-bordeaux.fr
Corresponds to the solver by Pessoa, Sadykov, Uchoa and Vanderbeck (2020)
Paper: dx.doi.org/10.1007/s10107-020-01523-z
USE THIS CODE ONLY FOR ACADEMIC PURPOSES AT YOUR OWN RISK
~~~~~~~~~~~~~~~~~~~~~~~~~~~~~~~~~~~~~~~~~~~~~~~~~~~~~~~~~~~~~~~~~~~~~~~~~~~~~~
BaPCod v053, 24/03/2021, © Inria Bordeaux, France
~~~~~~~~~~~~~~~~~~~~~~~~~~~~~~~~~~~~~~~~~~~~~~~~~~~~~~~~~~~~~~~~~~~~~~~~~~~~~~
/* SOLUTION MODE */
  ovfSolMode = none
  masterSolMode = mipSolver
  colGenSubProbSolMode = customSolver
  sepSubProbSolMode = mipSolver

/* MIP SOLVER PARAMETERS */ 
MipSolverMaxBBNodes = 2000000
MipSolverMaxTime = 360000
MipSolverRecordNamesInFormulation = true
nameVarConstrInFormulations = true

/* BRANCH-AND-PRICE CONTROL PARAMETERS */  
MaxNbOfCgIterations = 100000
MaxNbOfBendersIterations = 5000
MaxNbOfBBtreeNodeTreated = 100000

 /* STABILIZATION OF COLUMN GENERATION CONTROL PARAMETERS */ 
mastInitMode = localArtCol
colGenDualPriceSmoothingRule = Wentges
bendersPrimalSolSmoothingRule = none

/* STRATEGIES FOR COLUMN GENERATION CONTROL PARAMETERS */ 
Search4NegRedCostColInInactivePool = false
MultiColGeneration = true

/* STRATEGIES FOR SEPARATION CONTROL PARAMETERS */ 
bendersSpInitMode = localArtVar
bendersSpInitModeUseLocalArtVarForEqualityConstraints = false
BendersSepOracleNthreads = 0
bendersCutGenerationMode = cutAndBranch
bendersMultiSolnCutGen = true
bendersMultiSolnCutGenPoolCapacity = 0
bendersMultiSolnCutGenEleminateSeenSolns = false

/* PRIMAL HEURISTIC CONTROL PARAMETERS */ 
UseInitialPrimalHeur = false
UseDivingHeur = true
UseRestrictedMasterIpHeur = true

/* Code OUTPUT CONTROL  */ 
DEFAULTPRINTLEVEL = 0
ClockType = 0

/* SOLVER Name */
solverName = CPLEX_SOLVER

/* ADVANCED USER PARAMETERS */
ApplyPreprocessing = true
ApplyStrongBranchingEvaluation = true
StrongBranchingParameter4MaxNbOfCandidates = 10
MaxNbOfStagesInColGenProcedure = 3
GenerateProperColumns = false
DynamicSpVarGen = false
bendersCutScaling = false

!!-- ADVANCED PARAMETERS --!! 

/* MIP SOLVER PARAMETERS */ 
MipSolverMaxNbLpIterations = 2147483645
RequiredSolStatForOvf = SolutionStatus includes     Optimum ,    PrimalFeasSolFound ,

PreprocessorOnForOvf = true
ProbingOnForOvf = true
AutomaticCuttingPlanesOnForOvf = true
SolverSelectForOvf = d
RequiredSolStatForMast = SolutionStatus includes     Optimum ,    DualFeasSolFound ,    OptimumUnscalInfeas ,

PreprocessorOnForMast = true
ProbingOnForMast = true
AutomaticCuttingPlanesOnForMast = true
SolverSelectForMast = a
SolverSelectForMastAfterBarrierConvergence = d
RequiredSolStatForColGenSp = SolutionStatus includes     Optimum ,    PrimalFeasSolFound ,

PreprocessorOnForColGenSp = true
ProbingOnForColGenSp = true
AutomaticCuttingPlanesOnForColGenSp = true
SolverSelectForSepSp = d
RequiredSolStatForSepSp = SolutionStatus includes     Optimum ,    PrimalFeasSolFound ,

PreprocessorOnForSepSp = true
ProbingOnForSepSp = true
AutomaticCuttingPlanesOnForSepSp = true
SolverSelectForSepSp = d
SafeDualBoundScaleFactor = -1
MasterMipSolverRightHAndSideZeroTol = 1e-07
MasterMipSolverReducedCostTolerance = 1e-07
MasterMipSolverClassicalBendersWarmStart = false
MasterMipSolverClassicalBendersEpGap = 0.01
MasterMipSolverClassicalBendersEpGapFactor = 0.5
MasterMipSolverClassicalBendersMIPEmphasis = 0
MasterMipSolverBarrierMinConvergTol = 1e-06
MasterMipSolverBarrierConvergTolFactor = 0.01
ColGenMipSolverRightHAndSideZeroTol = 1e-08
ColGenMipSolverReducedCostTolerance = 1e-06
BendersSpMipSolverRightHAndSideZeroTol = 1e-06
BendersSpMipSolverReducedCostTolerance = 1e-08
MipSolverMultiThread = 1
MipSolverIntegerFeasibility = 1e-08
MipSolverNbOfExtraRows = 1000
MipSolverNbOfExtraCols = 1000
MipSolverNbOfExtraGlobalEntities = 10000
MipSolverNbOfExtraMatrixElements = 50000
MipSolverNbOfExtraElementsInPresolve = 1000

/* BRANCH-AND-PRICE CONTROL PARAMETERS */  
MaxNbOfColPerIteration = 1
MaxDepthInBBtree = 5000
StopWhenBranchingFails = true
fullSearchForBestBranchingSet = true
BapCodReducedCostTolerance = 1e-06
BapCodCutViolationTolerance = 0.02
BapCodIntegralityTolerance = 1e-08
treeSearchStrategy = 1

/* BRANCH-AND-PRICE OPTION PARAMETERS */ 
PseudoLagrangianBounds = false
DCP_MaxIterWithSameSg = 0
TestAggregateMasterSol4Integrality = false
VerifyColsIntegralityInTestSolForIntegrality = false
BranchFirstOnPureMasterVariables = true
BranchFirstOnSubProblemVariables = false
StrongBranchingParameter4BestVsWorstBd = 0.9
StrongBranchingParameter4MaxNbOfCandidatesAfterRM = 5
StrongBranchingParameter4NodesNbRatio = 0.1
StrongBranchingParameter4NotPromissingConservativeness = 1
StrongBranchingPhaseOne = max#cand. = 100 max#cg.iters = 0 min.lvl.sp.restr. = 0 min#cut.rounds = 0 max#cut.rounds = 0 red.cost.fix&enum. = false tree.size.ratio = 0.2
StrongBranchingPhaseTwo = max#cand. = 5 max#cg.iters = 10000 min.lvl.sp.restr. = 1 min#cut.rounds = 0 max#cut.rounds = 0 red.cost.fix&enum. = false tree.size.ratio = 0.02
StrongBranchingPhaseThree = max#cand. = 1 max#cg.iters = 10000 min.lvl.sp.restr. = 0 min#cut.rounds = 0 max#cut.rounds = 10000 red.cost.fix&enum. = true tree.size.ratio = 1
StrongBranchingPhaseFour =not active
StrongBranchingPhaseOneCandidatesNumber = 100
StrongBranchingPhaseOneTreeSizeEstimRatio = 0.2
StrongBranchingPhaseTwoCandidatesNumber = 5
StrongBranchingPhaseTwoTreeSizeEstimRatio = 0.02
StrongBranchingExactPhaseInterrupt = false
StrongBranchingUseHistorySubtreeSize = false
TerminateCgWhenRoundedDbCannotImprove = false
UseObjScalingFact = false
UseMasterCuttingPlanes = true
ExploreCutPoolBeforeSeparation = true
GoIntoSeparationEvenIfViolatedCutsFromPool = false
MasterCuttingPlanesDepthLimit = 1000
MaxNbOfCutGeneratedAtEachIter = 1000
NbOfCutTargetedBeforeSwitchingTemplate = 10
OpenNodesLimit = 1000

 /* STABILIZATION OF COLUMN GENERATION CONTROL PARAMETERS */ 
LocArtVarInConvexityConstr = true
dualCPInitWithArtCol = false
ArtVarPenaltyUpdateFactor = 2
ArtVarUniformPenaltyUpdate = true
ArtVarMaxNbOfPenaltyUpdates = 5
BendersSepSpArtVarPenaltyUpdateFactor = 5
BendersSepSpArtVarUniformPenaltyUpdate = true
BendersSepSpArtVarMaxNbOfPenaltyUpdates = 3
BendersSepSpArtVarPenaltyInit = 1
BendersSepSpFreeCostArtVar = false
BendersSepSpFreeCostArtVarMaxNbOfLBResets = -1
colGenStabilizationFunctionType = none
colGenProximalStabilizationRule = undefined
bendersProximalStabilizationFunctionType = none
StabilFuncKappa = 1
StabilFuncArtVarInSolUpdateFactor = 10
StabilFuncCurvature = 1
StabilFuncCurvatureAdvanceRate = 1
StabilFuncOuterHalfInterval = 100
StabilFuncInnerHalfInterval = 10
StabilFuncHalfIntervalChildNodeFactor = 10
StabilFuncOuterAngle = 0
StabilFuncInnerAngle = 0
colGenDualPriceSmoothingAlphaFactor = 1
colGenDualPriceSmoothingBetaFactor = 0
colGenDualPriceSmoothingMinGap = 0
colGenDualPriceSmoothingMaxGap = 0
bendersPrimalSolSmoothingAlphaFactor = 0
bendersPrimalSolSmoothingBetaFactor = 0
bendersPrimalSolSmoothingMinGap = 0
bendersPrimalSolSmoothingMaxGap = 0
colGenStabilizationMaxTreeDepth = 10000
bendersStabilizationMaxTreeDepthStabilizationMaxTreeDepth = 10000
colGenDualPriceSmoothingMaxNbOfUpdate = 10
bendersPrimalSolSmoothingMaxNbOfUpdate = 10
StabilizationMinPhaseOfStage = 0

/* STRATEGIES FOR COLUMN GENERATION CONTROL PARAMETERS */ 
SplitColIntoDissagregateSpVar = false
SplitColIntoDissagregateSpVarInHeadIn = true
dynamicallyAddVarConstrInCallBacks = false
PriceAllSubproblemsForBestDualBound = true
CyclicSpScanning = false
Col4AllSubproblems = false
UseColumnsPool = false
InsertAllGeneratedColumnsInFormRatherThanInPool = true
InsertNewNonNegColumnsDirectlyInFormRatherThanInPool = true
ColumnCleanupFrequenceInNbOfCgIter = 1
ColumnCleanupThreshold = 10000
ColumnCleanupRatio = 0.66
CutCleanupThreshold = 1
CutTailingOffThreshold = 0.015
CutTailingOffCounterThreshold = 3
CutTailingOffAbsTolerance = -1
MinNumOfCutRoundsBeforeStopBySp = 1
CutCleanupRatio = 0.66
CutDynamicPriorityLevel = false
SetColFromBasisWhenProcNewNode = true
SetVarWithLowRedCostOnlyWhenProcNewNode = false
CleanupMasterCutsWhenProcNewNode = false
ReducedCostFixingThreshold = 0.9
runColGenUntilFullConvergence = false

/* PRIMAL HEURISTIC CONTROL PARAMETERS */ 
UseGreedyHeur = 0
MaxNbGhIter = 50
UseSeqRoundingHeur = false
UseFeasibilityPumpHeur = false
UseCustomFracSolBasedHeur = false
UseDive2RestrictHeur = false
UseLocalSearchHeur = false
UseDivingProximalHeur = false
UseRestrictMastProximalHeur = false
ActivateAllColumnsForRestrictedMasterIpHeur = false
MaxTimeForRestrictedMasterIpHeur = -1
PolishingAfterTimeInRestrictedMasterIpHeur = -1
MaxNumEnumSolsInRestrictedMasterIpHeur = 5000
MIPemphasisInRestrictedMasterIpHeur = 1
CallFrequencyOfRestrictedMasterIpHeur = 5
CallFrequencyOfDivingHeur = 1
UseDivingHeurAfterBranchOnly = false
UseDivingHeurOnMasterColOnly = true
UseDivingHeurOnPureMastVarOnly = false
UseSeqRoundingHeurAfterBranchOnly = false
MaxFeasibilityPumpIterationCounter = 20
FeasibilityPumpModCostFunction = 2
MaxLocalSearchIterationCounter = 3
MaxProximalIterationCounter = 3
MaxDepthInDivingHeur = 50
EvalAlgParamsInDiving = max#cand. = 1 max#cg.iters = 10000 min.lvl.sp.restr. = 1 min#cut.rounds = 0 max#cut.rounds = 0 red.cost.fix&enum. = false tree.size.ratio = 1
MaxFactorOfPartialSolValueInDive2RestrictHeur = 0.5
MaxFactorOfColFixedByLocalSearchHeur = 0.8
StrongDivingCandidatesNumber = 1
MaxNbOfCgIteDuringRh = 5000
MaxNbOfPenaltUpdatesDuringRH = 10
MaxLDSbreadth = 0
MaxLDSdepth = 0
DivingHeurUseDepthLimit = -1
LocalSearchHeurUseDepthLimit = 2
DivingHeurStopsWithFirstFeasSol = false
DivingHeurPreprocessBeforeChoosingVar = false
FixIntValBeforeRoundingHeur = true
IgnoreIntValWhenSelectingRoundedVarInRH = true
NbOfSelectionCriteriaForRoundingHeur = 1
RecordingNodeInfo = false
/* RCSP SOLVER CONTROL PARAMETERS */ 
RCSPcheckDominInOtherBuckets = true
RCSPuseBidirectionalSearch = 2
RCSPuseCompletionBoundsInPricing = 0
RCSPdomChecksThresholdInPricing = 1e+15
RCSPstopCutGenTimeThresholdInPricing = 10
RCSPhardTimeThresholdInPricing = 25
RCSPmaxNumOfColsPerIteration = 30
RCSPmaxNumOfColsPerExactIteration = 150
RCSPallowRoutesWithSameVerticesSet = true
RCSPheurLabelingStrategy = 0
RCSPnumberOfBucketsPerVertex = 25
RCSPdynamicBucketSteps = 1
RCSPdynBuckStepAdjustRatioThreshold = 500
RCSPdynBuckStepAdjustNumBuckArcsThreshold = 10000
RCSPapplyReducedCostFixing = 1
RCSPredCostFixingFalseGap = 0
RCSPuseComplBoundsInRedCostFixing = 2
RCSPuseDSSRInMode = 0
RCSPmaxNumOfColumnsInDSSR = 100
RCSPmaxCycleSizeInDSSR = 5
RCSPdynamicNGmode = 0
RCSPmaxNumOfColumnsInDynamicNG = 100
RCSPmaxCycleSizeInDynamicNG = 5
RCSPmaxNGneighbourhoodSize = 12
RCSPmaxNGneighbourhoodSize = 12
RCSPmaxNGaverNeighbourhoodSize = 12
RCSPuseCapacityCuts = true
RCSPresConsKnapsackCutsMode = 8
RCSPcapCutsMaxNumPerRound = 100
RCSPcliqueCutsMaxNumPerRound = 0
RCSPcliqueCutsMaxSepTime = 5
RCSPrankOneCutsMaxNumRows = 5
RCSPrankOneCutsMaxNumPerRound = 100
RCSPrankOneCutsMemoryType = 1
RCSPrankOneCutsArcMemoryType = 2
RCSPrankOneCutsSpDependentMemory = false
RCSPrankOneCutsLSnumIterations = 1000
RCSPrankOneCutsNeighbourhoodSize = 16
RCSPrankOneCutsMaxNumTriplets = 10000
RCSPuseExactComplBoundsInEnumeration = true
RCSPmaxGapToRunEnumeration = 1
RCSPmaxNumOfLabelsInEnumeration = 500000
RCSPmaxNumOfLabelsInHeurEnumeration = 0
RCSPmaxNumOfEnumeratedSolutions = 5000000
RCSPmaxNumOfEnumSolutionsForMIP = 0
RCSPmaxNumOfEnumSolsForEndOfNodeMIP = 0
RCSPstopRatioForConcatenationInEnum = 30
RCSPenableSimplePricing = false
LeastFractional
Closest2RoundUp
LeastGreedyCost
LeastCost
selectColBasedOnLpSoInDivingHeur = false
breakTiesByGreedyCostInRh = true
RestrictedMasterIpHeurColRenewalBeforeReUse = 0.5

/* Code OUTPUT CONTROL  */ 
ColGenLogFrequency = 1
BundleOutput = 0
time key = bcTimeNow
time key = now
/* BOUND */
minimizationProblem = true
integerValuedBound = true
optimalityGapTolerance = 1e-06
relOptimalityGapTolerance = 1e-09
/* ADVANCED PARAMETERS */
useDirectAccessForMastColumnMembership = false
useSPVarMembershipCache = false
CheckSpOracleFeasibility = false
CheckOracleOptimality = false

prName & bcTimeMain \\ 
Bucket steps were recalculated for graph G_1 : [6]
RCSP solver info : non-symmetric case as the reverse arc for 0->10 does not exist
Bidirectional border value is initialised to 74
RCSP solver info : number of forw. reachable buckets / buck. strongly connected components is 1375( 74.445% ) / 1375( 100% )
RCSP solver info : number of back. reachable buckets / buck. strongly connected components is 1351( 73.1456% ) / 1351( 100% )
Generating neibourhoods for rank-1 cuts separation
Building structures for 4- and 5-row rank-1 packing cut separation...done!
Model is built TIME = 0h0m0s5t = 5
************************************************************************************************
**** BaB tree root node
**** Local DB = -1e+12, global bounds : [ -1e+12 , 1e+12 ], TIME = 0h0m0s5t = 5
**** 1 open nodes, 0 columns (0 active), 0 dyn. constrs. (0 active), 123 art. vars. (123 active)
************************************************************************************************
#<DWph=2> <it=  1> <et=0.05> <Mt= 0.00> <Spt= 0.00> <nCl=  6> <al=0.00> <DB=  254.2800> <Mlp=  303.6000> <PB=1e+12> 
#<DWph=2> <it=  2> <et=0.05> <Mt= 0.00> <Spt= 0.00> <nCl=  0> <al=0.00> <DB=  294.4000> <Mlp=  294.4000> <PB=1e+12> 
#<DWph=2> <it=  3> <et=0.06> <Mt= 0.00> <Spt= 0.00> <nCl=  8> <al=0.30> <DB=  189.9800> <Mlp=  540.5600> <PB=1e+12> 
#<DWph=2> <it=  4> <et=0.06> <Mt= 0.00> <Spt= 0.00> <nCl=  2> <al=0.37> <DB=  344.5457> <Mlp=  516.4250> <PB=1e+12> 
#<DWph=2> <it=  5> <et=0.06> <Mt= 0.00> <Spt= 0.01> <nCl=  2> <al=0.43> <DB=  331.0127> <Mlp=  503.1150> <PB=1e+12> 
#<DWph=2> <it=  6> <et=0.06> <Mt= 0.00> <Spt= 0.00> <nCl=  2> <al=0.49> <DB=  353.3219> <Mlp=  497.2800> <PB=1e+12> 
#<DWph=2> <it=  7> <et=0.07> <Mt= 0.00> <Spt= 0.00> <nCl=  2> <al=0.54> <DB=  341.3616> <Mlp=  494.9600> <PB=1e+12> 
#<DWph=2> <it=  8> <et=0.07> <Mt= 0.00> <Spt= 0.00> <nCl=  1> <al=0.59> <DB=  398.1549> <Mlp=  491.2800> <PB=1e+12> 
#<DWph=2> <it=  9> <et=0.07> <Mt= 0.00> <Spt= 0.00> <nCl=  1> <al=0.49> <DB=  397.5404> <Mlp=  488.2700> <PB=1e+12> 
#<DWph=2> <it= 10> <et=0.07> <Mt= 0.00> <Spt= 0.01> <nCl=  1> <al=0.54> <DB=  414.3694> <Mlp=  486.7929> <PB=1e+12> 
#<DWph=2> <it= 11> <et=0.08> <Mt= 0.00> <Spt= 0.00> <nCl=  1> <al=0.17> <DB=  422.1830> <Mlp=  486.7929> <PB=1e+12> 
#<DWph=2> <it= 12> <et=0.08> <Mt= 0.00> <Spt= 0.00> <nCl=  1> <al=0.48> <DB=  458.7336> <Mlp=  485.4029> <PB=1e+12> 
#<DWph=2> <it= 13> <et=0.08> <Mt= 0.00> <Spt= 0.00> <nCl=  1> <al=0.38> <DB=  468.8284> <Mlp=  485.4029> <PB=1e+12> 
#<DWph=2> <it= 14> <et=0.08> <Mt= 0.00> <Spt= 0.00> <nCl=  1> <al=0.28> <DB=  472.9498> <Mlp=  484.9154> <PB=1e+12> 
#<DWph=2> <it= 15> <et=0.09> <Mt= 0.00> <Spt= 0.01> <nCl=  2> <al=0.18> <DB=  467.6305> <Mlp=  484.7468> <PB=1e+12> 
#<DWph=2> <it= 16> <et=0.09> <Mt= 0.00> <Spt= 0.00> <nCl=  1> <al=0.27> <DB=  475.2105> <Mlp=  484.4770> <PB=1e+12> 
#<DWph=2> <it= 17> <et=0.09> <Mt= 0.00> <Spt= 0.00> <nCl=  1> <al=0.00> <DB=  483.3440> <Mlp=  484.2440> <PB=1e+12> 
#<DWph=2> <it= 18> <et=0.10> <Mt= 0.00> <Spt= 0.01> <nCl=  0> <al=0.00> <DB=  484.2410> <Mlp=  484.2410> <PB=1e+12> 
#<DWph=2> <it= 19> <et=0.10> <Mt= 0.00> <Spt= 0.00> <nCl= 10> <al=0.14> <DB=  131.9363> <Mlp=  777.0296> <PB=1e+12> 
#<DWph=2> <it= 20> <et=0.10> <Mt= 0.00> <Spt= 0.00> <nCl= 10> <al=0.23> <DB=  229.9066> <Mlp=  741.9919> <PB=1e+12> 
#<DWph=2> <it= 21> <et=0.10> <Mt= 0.00> <Spt= 0.00> <nCl=  8> <al=0.30> <DB=  399.2814> <Mlp=  718.5702> <PB=1e+12> 
#<DWph=2> <it= 22> <et=0.11> <Mt= 0.00> <Spt= 0.00> <nCl=  5> <al=0.37> <DB=  484.7285> <Mlp=  702.1413> <PB=1e+12> 
#<DWph=2> <it= 23> <et=0.11> <Mt= 0.00> <Spt= 0.01> <nCl= 10> <al=0.44> <DB=  482.6226> <Mlp=  692.2847> <PB=1e+12> 
#<DWph=2> <it= 24> <et=0.11> <Mt= 0.00> <Spt= 0.00> <nCl= 10> <al=0.49> <DB=  533.6444> <Mlp=  677.4935> <PB=1e+12> 
#<DWph=2> <it= 25> <et=0.11> <Mt= 0.00> <Spt= 0.00> <nCl=  8> <al=0.54> <DB=  499.9459> <Mlp=  664.1321> <PB=1e+12> 
#<DWph=2> <it= 26> <et=0.12> <Mt= 0.00> <Spt= 0.00> <nCl=  2> <al=0.59> <DB=  585.0946> <Mlp=  658.6084> <PB=1e+12> 
#<DWph=2> <it= 27> <et=0.12> <Mt= 0.00> <Spt= 0.00> <nCl=  6> <al=0.49> <DB=  571.8702> <Mlp=  656.9701> <PB=1e+12> 
#<DWph=2> <it= 28> <et=0.12> <Mt= 0.00> <Spt= 0.01> <nCl=  3> <al=0.54> <DB=  578.0053> <Mlp=  652.7053> <PB=1e+12> 
#<DWph=2> <it= 29> <et=0.12> <Mt= 0.00> <Spt= 0.00> <nCl=  2> <al=0.59> <DB=  574.3044> <Mlp=  652.6704> <PB=1e+12> 
#<DWph=2> <it= 30> <et=0.13> <Mt= 0.00> <Spt= 0.00> <nCl=  2> <al=0.63> <DB=  609.8518> <Mlp=  652.0112> <PB=1e+12> 
#<DWph=2> <it= 31> <et=0.13> <Mt= 0.00> <Spt= 0.00> <nCl=  6> <al=0.53> <DB=  605.6956> <Mlp=  652.0112> <PB=1e+12> 
#<DWph=2> <it= 32> <et=0.13> <Mt= 0.00> <Spt= 0.01> <nCl=  4> <al=0.57> <DB=  612.1422> <Mlp=  649.6447> <PB=1e+12> 
#<DWph=2> <it= 33> <et=0.13> <Mt= 0.01> <Spt= 0.00> <nCl=  2> <al=0.47> <DB=  631.5126> <Mlp=  648.9863> <PB=1e+12> 
#<DWph=2> <it= 34> <et=0.14> <Mt= 0.00> <Spt= 0.00> <nCl=  3> <al=0.37> <DB=  611.0311> <Mlp=  648.9126> <PB=1e+12> 
#<DWph=2> <it= 35> <et=0.14> <Mt= 0.00> <Spt= 0.00> <nCl=  4> <al=0.27> <DB=  590.2408> <Mlp=  647.6777> <PB=1e+12> 
#<DWph=2> <it= 36> <et=0.14> <Mt= 0.00> <Spt= 0.00> <nCl=  2> <al=0.35> <DB=  628.4962> <Mlp=  647.4779> <PB=1e+12> 
#<DWph=2> <it= 37> <et=0.14> <Mt= 0.00> <Spt= 0.01> <nCl=  2> <al=0.25> <DB=  623.9955> <Mlp=  647.2213> <PB=1e+12> 
#<DWph=2> <it= 38> <et=0.15> <Mt= 0.00> <Spt= 0.00> <nCl=  3> <al=0.00> <DB=  641.4470> <Mlp=  646.8470> <PB=1e+12> 
#<DWph=2> <it= 39> <et=0.15> <Mt= 0.00> <Spt= 0.00> <nCl=  0> <al=0.00> <DB=  646.7192> <Mlp=  646.7192> <PB=1e+12> 
#<DWph=2> <it= 40> <et=0.15> <Mt= 0.00> <Spt= 0.01> <nCl=  8> <al=0.12> <DB=  248.6337> <Mlp=  771.4682> <PB=1e+12> 
#<DWph=2> <it= 41> <et=0.16> <Mt= 0.00> <Spt= 0.00> <nCl=  7> <al=0.21> <DB=   11.3132> <Mlp=  738.6058> <PB=1e+12> 
#<DWph=2> <it= 42> <et=0.16> <Mt= 0.00> <Spt= 0.00> <nCl= 10> <al=0.29> <DB=  448.8847> <Mlp=  723.5030> <PB=1e+12> 
#<DWph=2> <it= 43> <et=0.16> <Mt= 0.00> <Spt= 0.00> <nCl=  7> <al=0.36> <DB=  569.9765> <Mlp=  721.6511> <PB=1e+12> 
#<DWph=2> <it= 44> <et=0.17> <Mt= 0.00> <Spt= 0.00> <nCl=  4> <al=0.42> <DB=  639.9663> <Mlp=  715.8172> <PB=1e+12> 
#<DWph=2> <it= 45> <et=0.17> <Mt= 0.00> <Spt= 0.01> <nCl=  2> <al=0.48> <DB=  659.8436> <Mlp=  713.3106> <PB=1e+12> 
#<DWph=2> <it= 46> <et=0.17> <Mt= 0.00> <Spt= 0.00> <nCl=  5> <al=0.53> <DB=  613.2602> <Mlp=  713.1094> <PB=1e+12> 
#<DWph=2> <it= 47> <et=0.17> <Mt= 0.00> <Spt= 0.00> <nCl=  4> <al=0.58> <DB=  611.0293> <Mlp=  708.7430> <PB=1e+12> 
#<DWph=2> <it= 48> <et=0.18> <Mt= 0.00> <Spt= 0.00> <nCl=  2> <al=0.62> <DB=  651.6579> <Mlp=  702.5784> <PB=1e+12> 
#<DWph=2> <it= 49> <et=0.18> <Mt= 0.00> <Spt= 0.00> <nCl=  3> <al=0.66> <DB=  679.4089> <Mlp=  701.4899> <PB=1e+12> 
#<DWph=2> <it= 50> <et=0.18> <Mt= 0.00> <Spt= 0.01> <nCl=  3> <al=0.56> <DB=  673.8695> <Mlp=  701.0167> <PB=1e+12> 
#<DWph=2> <it= 51> <et=0.18> <Mt= 0.00> <Spt= 0.00> <nCl=  6> <al=0.60> <DB=  638.9230> <Mlp=  700.5999> <PB=1e+12> 
#<DWph=2> <it= 52> <et=0.19> <Mt= 0.00> <Spt= 0.00> <nCl=  3> <al=0.29> <DB=  668.7504> <Mlp=  698.7290> <PB=1e+12> 
#<DWph=2> <it= 53> <et=0.19> <Mt= 0.00> <Spt= 0.01> <nCl=  3> <al=0.09> <DB=  662.9993> <Mlp=  698.5129> <PB=1e+12> 
#<DWph=2> <it= 54> <et=0.20> <Mt= 0.00> <Spt= 0.00> <nCl=  3> <al=0.44> <DB=  663.6726> <Mlp=  697.7675> <PB=1e+12> 
#<DWph=2> <it= 55> <et=0.20> <Mt= 0.00> <Spt= 0.00> <nCl=  1> <al=0.50> <DB=  685.0445> <Mlp=  696.7639> <PB=1e+12> 
#<DWph=2> <it= 56> <et=0.20> <Mt= 0.01> <Spt= 0.01> <nCl=  2> <al=0.10> <DB=  695.1096> <Mlp=  696.7639> <PB=1e+12> 
#<DWph=2> <it= 57> <et=0.21> <Mt= 0.00> <Spt= 0.00> <nCl=  1> <al=0.45> <DB=  694.3050> <Mlp=  696.7639> <PB=1e+12> 
#<DWph=2> <it= 58> <et=0.21> <Mt= 0.00> <Spt= 0.00> <nCl=  0> <al=0.00> <DB=  696.6949> <Mlp=  696.6949> <PB=1e+12> 
#<DWph=2> <it= 59> <et=0.21> <Mt= 0.00> <Spt= 0.01> <nCl=  3> <al=0.40> <DB=  398.2468> <Mlp=  703.0035> <PB=1e+12> 
<DWph=2> <it= 60> <et=0.22> <Mt= 0.00> <Spt= 0.00> <nCl=  1> <al=0.00> <DB=  691.6949> <Mlp=  697.0949> <PB=1e+12> 
<DWph=2> <it= 61> <et=0.22> <Mt= 0.00> <Spt= 0.00> <nCl=  0> <al=0.00> <DB=  696.9749> <Mlp=  696.9749> <PB=1e+12> 
<DWph=1> <it= 62> <et=0.23> <Mt= 0.00> <Spt= 0.01> <nCl=  3> <al=0.26> <DB=  684.1178> <Mlp=  696.9749> <PB=1e+12> 
<DWph=1> <it= 63> <et=0.23> <Mt= 0.00> <Spt= 0.00> <nCl=  2> <al=0.34> <DB=  687.7541> <Mlp=  696.3638> <PB=1e+12> 
<DWph=1> <it= 64> <et=0.23> <Mt= 0.00> <Spt= 0.00> <nCl=  1> <al=0.40> <DB=  692.5654> <Mlp=  696.2339> <PB=1e+12> 
<DWph=1> <it= 65> <et=0.24> <Mt= 0.00> <Spt= 0.00> <nCl=  2> <al=0.46> <DB=  693.3684> <Mlp=  696.2339> <PB=1e+12> 
<DWph=1> <it= 66> <et=0.25> <Mt= 0.00> <Spt= 0.01> <nCl=  0> <al=0.00> <DB=  696.2195> <Mlp=  696.2195> <PB=1e+12> 
    RCSP exact solver info for graph G_1 : TT = 0.004062, pt = 9.7e-05, dt = 0.002675, ct = 0.000367, ndl = 0', bdl = 2', odl = 1', odf = 5', bsi = 0', cnt = 0', bdch = 5', odch = 1', lcp = 0', #sols = 150
    RCSP exact solver info for graph G_1 : TT = 0.003742, pt = 0.000106, dt = 0.002219, ct = 0.000366, ndl = 0', bdl = 2', odl = 1', odf = 6', bsi = 0', cnt = 0', bdch = 5', odch = 1', lcp = 1', #sols = 150
<DWph=0> <it= 67> <et=0.26> <Mt= 0.00> <Spt= 0.02> <nCl=  0> <al=0.00> <DB=  696.2195> <Mlp=  696.2195> <PB=1e+12> 
    Full reduced cost fixing is not called (gap ratio is 1)
Dynamic params and stats :  bidir.bord. = 70.3 aver.obdmd = 17.9167 aver.buck.num. = 25.6528
ColGenEvalAlg final dual bound: 696.219 (rounded: 696.219)
>>>>> Add min cuts : 7 cut(s) added
----- Add fac. cuts : UserCuts0(7), max.viol = 2, aver.viol = 1.2898, sep/add took 0.88/0 sec. -----
356 columns (356 active), 7 dyn. constrs. (7 active), 137 art. vars. (137 active)
#<DWph=2> <it=  1> <et=1.15> <Mt= 0.00> <Spt= 0.00> <nCl=  3> <al=0.50> <DB=  696.1245> <Mlp=  705.2845> <PB=1e+12> 
#<DWph=2> <it=  2> <et=1.16> <Mt= 0.00> <Spt= 0.00> <nCl=  1> <al=0.55> <DB=  700.2378> <Mlp=  705.1491> <PB=1e+12> 
#<DWph=2> <it=  3> <et=1.16> <Mt= 0.00> <Spt= 0.01> <nCl=  5> <al=0.45> <DB=  671.6817> <Mlp=  705.1196> <PB=1e+12> 
#<DWph=2> <it=  4> <et=1.16> <Mt= 0.00> <Spt= 0.00> <nCl=  3> <al=0.51> <DB=  700.9634> <Mlp=  704.5327> <PB=1e+12> 
#<DWph=2> <it=  5> <et=1.17> <Mt= 0.00> <Spt= 0.00> <nCl=  4> <al=0.55> <DB=  699.6207> <Mlp=  704.3475> <PB=1e+12> 
#<DWph=2> <it=  6> <et=1.17> <Mt= 0.00> <Spt= 0.00> <nCl=  2> <al=0.60> <DB=  702.2490> <Mlp=  704.1699> <PB=1e+12> 
#<DWph=2> <it=  7> <et=1.17> <Mt= 0.00> <Spt= 0.01> <nCl=  0> <al=0.00> <DB=  704.1678> <Mlp=  704.1678> <PB=1e+12> 
<DWph=2> <it=  8> <et=1.18> <Mt= 0.00> <Spt= 0.00> <nCl=  6> <al=0.40> <DB=  683.4011> <Mlp=  706.2257> <PB=1e+12> 
<DWph=2> <it=  9> <et=1.18> <Mt= 0.00> <Spt= 0.00> <nCl=  3> <al=0.46> <DB=  685.8398> <Mlp=  705.2123> <PB=1e+12> 
<DWph=2> <it= 10> <et=1.19> <Mt= 0.00> <Spt= 0.01> <nCl=  2> <al=0.03> <DB=  702.7520> <Mlp=  704.7678> <PB=1e+12> 
<DWph=2> <it= 11> <et=1.19> <Mt= 0.00> <Spt= 0.00> <nCl=  1> <al=0.41> <DB=  703.5084> <Mlp=  704.7678> <PB=1e+12> 
<DWph=2> <it= 12> <et=1.20> <Mt= 0.01> <Spt= 0.01> <nCl=  0> <al=0.00> <DB=  704.7678> <Mlp=  704.7678> <PB=1e+12> 
<DWph=1> <it= 13> <et=1.20> <Mt= 0.00> <Spt= 0.00> <nCl=  0> <al=0.00> <DB=  704.7678> <Mlp=  704.7678> <PB=1e+12> 
    RCSP exact solver info for graph G_1 : TT = 0.003736, pt = 7.8e-05, dt = 0.002248, ct = 0.000374, ndl = 0', bdl = 2', odl = 1', odf = 6', bsi = 0', cnt = 1', bdch = 5', odch = 1', lcp = 1', #sols = 150
    RCSP exact solver info for graph G_1 : TT = 0.003655, pt = 7.7e-05, dt = 0.002225, ct = 0.000356, ndl = 0', bdl = 2', odl = 1', odf = 6', bsi = 0', cnt = 1', bdch = 5', odch = 1', lcp = 1', #sols = 150
<DWph=0> <it= 14> <et=1.21> <Mt= 0.00> <Spt= 0.01> <nCl=  0> <al=0.00> <DB=  704.7678> <Mlp=  704.7678> <PB=1e+12> 
    Full reduced cost fixing is not called (gap ratio is 1)
Dynamic params and stats :  bidir.bord. = 70.3 aver.obdmd = 17.9167 aver.buck.num. = 25.6528
ColGenEvalAlg final dual bound: 704.768 (rounded: 704.768)
False gap improvement since the last cut separation : 0.122782 (696.219)
>>>>> Add min cuts : 7 cut(s) added
----- Add fac. cuts : UserCuts0(7), max.viol = 1.52857, aver.viol = 1.20283, sep/add took 0.01/0 sec. -----
427 columns (427 active), 14 dyn. constrs. (11 active), 151 art. vars. (145 active)
#<DWph=2> <it=  1> <et=1.24> <Mt= 0.00> <Spt= 0.01> <nCl=  5> <al=0.50> <DB=  698.2674> <Mlp=  708.8540> <PB=1e+12> 
<DWph=2> <it=  2> <et=1.25> <Mt= 0.00> <Spt= 0.00> <nCl=  7> <al=0.10> <DB=  688.9736> <Mlp=  708.0477> <PB=1e+12> 
#<DWph=2> <it=  3> <et=1.25> <Mt= 0.00> <Spt= 0.01> <nCl=  0> <al=0.00> <DB=  707.9268> <Mlp=  707.9268> <PB=1e+12> 
<DWph=2> <it=  4> <et=1.26> <Mt= 0.00> <Spt= 0.01> <nCl=  3> <al=0.00> <DB=  681.6413> <Mlp=  707.9328> <PB=1e+12> 
<DWph=2> <it=  5> <et=1.27> <Mt= 0.00> <Spt= 0.00> <nCl=  0> <al=0.00> <DB=  707.9328> <Mlp=  707.9328> <PB=1e+12> 
<DWph=1> <it=  6> <et=1.27> <Mt= 0.00> <Spt= 0.01> <nCl=  0> <al=0.00> <DB=  707.9328> <Mlp=  707.9328> <PB=1e+12> 
    RCSP exact solver info for graph G_1 : TT = 0.00369, pt = 7.8e-05, dt = 0.002271, ct = 0.000369, ndl = 0', bdl = 2', odl = 1', odf = 6', bsi = 0', cnt = 1', bdch = 6', odch = 1', lcp = 1', #sols = 150
    RCSP exact solver info for graph G_1 : TT = 0.003754, pt = 7.9e-05, dt = 0.00225, ct = 0.000365, ndl = 0', bdl = 2', odl = 1', odf = 6', bsi = 0', cnt = 1', bdch = 6', odch = 1', lcp = 1', #sols = 150
<DWph=0> <it=  7> <et=1.29> <Mt= 0.00> <Spt= 0.01> <nCl=  0> <al=0.00> <DB=  707.9328> <Mlp=  707.9328> <PB=1e+12> 
    Full reduced cost fixing is not called (gap ratio is 1)
Dynamic params and stats :  bidir.bord. = 70.3 aver.obdmd = 17.9167 aver.buck.num. = 25.6528
ColGenEvalAlg final dual bound: 707.933 (rounded: 707.933)
False gap improvement since the last cut separation : 0.0449079 (704.768)
>>>>> Add min cuts : 10 cut(s) added
----- Add fac. cuts : UserCuts0(10), max.viol = 1.59749, aver.viol = 1.10361, sep/add took 0.03/0 sec. -----
490 columns (490 active), 21 dyn. constrs. (16 active), 171 art. vars. (155 active)
#<DWph=2> <it=  1> <et=1.33> <Mt= 0.00> <Spt= 0.00> <nCl=  1> <al=0.50> <DB=  707.6653> <Mlp=  712.7130> <PB=1e+12> 
#<DWph=2> <it=  2> <et=1.34> <Mt= 0.00> <Spt= 0.01> <nCl=  7> <al=0.10> <DB=  703.6054> <Mlp=  712.4516> <PB=1e+12> 
#<DWph=2> <it=  3> <et=1.34> <Mt= 0.00> <Spt= 0.00> <nCl=  1> <al=0.45> <DB=  707.7439> <Mlp=  712.3747> <PB=1e+12> 
#<DWph=2> <it=  4> <et=1.35> <Mt= 0.00> <Spt= 0.01> <nCl=  1> <al=0.01> <DB=  710.9056> <Mlp=  712.2376> <PB=1e+12> 
#<DWph=2> <it=  5> <et=1.36> <Mt= 0.00> <Spt= 0.01> <nCl=  0> <al=0.00> <DB=  712.2371> <Mlp=  712.2371> <PB=1e+12> 
<DWph=2> <it=  6> <et=1.36> <Mt= 0.01> <Spt= 0.00> <nCl=  0> <al=0.00> <DB=  712.2449> <Mlp=  712.2449> <PB=1e+12> 
<DWph=1> <it=  7> <et=1.37> <Mt= 0.00> <Spt= 0.01> <nCl=  1> <al=0.21> <DB=  701.5949> <Mlp=  712.2449> <PB=1e+12> 
<DWph=1> <it=  8> <et=1.37> <Mt= 0.00> <Spt= 0.00> <nCl=  1> <al=0.28> <DB=  709.0876> <Mlp=  712.0668> <PB=1e+12> 
<DWph=1> <it=  9> <et=1.38> <Mt= 0.00> <Spt= 0.00> <nCl=  1> <al=0.18> <DB=  711.4709> <Mlp=  712.0522> <PB=1e+12> 
<DWph=1> <it= 10> <et=1.39> <Mt= 0.00> <Spt= 0.01> <nCl=  0> <al=0.00> <DB=  712.0522> <Mlp=  712.0522> <PB=1e+12> 
    RCSP exact solver info for graph G_1 : TT = 0.003766, pt = 7.8e-05, dt = 0.002318, ct = 0.00037, ndl = 0', bdl = 2', odl = 1', odf = 6', bsi = 0', cnt = 1', bdch = 6', odch = 1', lcp = 1', #sols = 150
<DWph=0> <it= 11> <et=1.39> <Mt= 0.00> <Spt= 0.01> <nCl=  0> <al=0.00> <DB=  712.0522> <Mlp=  712.0522> <PB=1e+12> 
    Full reduced cost fixing is not called (gap ratio is 1)
Dynamic params and stats :  bidir.bord. = 70.3 aver.obdmd = 17.9167 aver.buck.num. = 25.6528
ColGenEvalAlg final dual bound: 712.052 (rounded: 712.052)
False gap improvement since the last cut separation : 0.0581892 (707.933)
>>>>> Add min cuts : 12 cut(s) added
----- Add fac. cuts : UserCuts0(12), max.viol = 1.42857, aver.viol = 0.989103, sep/add took 0.01/0 sec. -----
547 columns (547 active), 28 dyn. constrs. (22 active), 195 art. vars. (167 active)
#<DWph=2> <it=  1> <et=1.42> <Mt= 0.00> <Spt= 0.00> <nCl=  8> <al=0.50> <DB=  668.5658> <Mlp=  730.7027> <PB=1e+12> 
#<DWph=2> <it=  2> <et=1.43> <Mt= 0.00> <Spt= 0.01> <nCl=  7> <al=0.10> <DB=  710.2760> <Mlp=  728.7841> <PB=1e+12> 
#<DWph=2> <it=  3> <et=1.43> <Mt= 0.00> <Spt= 0.00> <nCl=  1> <al=0.45> <DB=  723.3351> <Mlp=  728.6016> <PB=1e+12> 
#<DWph=2> <it=  4> <et=1.44> <Mt= 0.00> <Spt= 0.01> <nCl=  2> <al=0.51> <DB=  720.7192> <Mlp=  728.4896> <PB=1e+12> 
#<DWph=2> <it=  5> <et=1.45> <Mt= 0.00> <Spt= 0.00> <nCl=  1> <al=0.11> <DB=  720.6137> <Mlp=  728.4682> <PB=1e+12> 
#<DWph=2> <it=  6> <et=1.45> <Mt= 0.00> <Spt= 0.01> <nCl=  1> <al=0.00> <DB=  724.8700> <Mlp=  728.4682> <PB=1e+12> 
#<DWph=2> <it=  7> <et=1.46> <Mt= 0.01> <Spt= 0.01> <nCl=  0> <al=0.00> <DB=  728.4623> <Mlp=  728.4623> <PB=1e+12> 
#<DWph=2> <it=  8> <et=1.46> <Mt= 0.00> <Spt= 0.00> <nCl= 10> <al=0.25> <DB=  689.8772> <Mlp=  738.6276> <PB=1e+12> 
#<DWph=2> <it=  9> <et=1.47> <Mt= 0.00> <Spt= 0.00> <nCl=  3> <al=0.33> <DB=  721.8793> <Mlp=  737.2718> <PB=1e+12> 
#<DWph=2> <it= 10> <et=1.47> <Mt= 0.00> <Spt= 0.01> <nCl=  2> <al=0.40> <DB=  730.9520> <Mlp=  736.5190> <PB=1e+12> 
#<DWph=2> <it= 11> <et=1.48> <Mt= 0.00> <Spt= 0.00> <nCl=  6> <al=0.46> <DB=  728.6991> <Mlp=  736.3735> <PB=1e+12> 
#<DWph=2> <it= 12> <et=1.48> <Mt= 0.00> <Spt= 0.00> <nCl=  1> <al=0.51> <DB=  731.1677> <Mlp=  736.0866> <PB=1e+12> 
#<DWph=2> <it= 13> <et=1.49> <Mt= 0.00> <Spt= 0.01> <nCl=  1> <al=0.56> <DB=  733.3182> <Mlp=  736.0529> <PB=1e+12> 
#<DWph=2> <it= 14> <et=1.49> <Mt= 0.00> <Spt= 0.00> <nCl=  2> <al=0.46> <DB=  734.7620> <Mlp=  736.0436> <PB=1e+12> 
#<DWph=2> <it= 15> <et=1.49> <Mt= 0.00> <Spt= 0.00> <nCl=  7> <al=0.51> <DB=  734.1067> <Mlp=  736.0222> <PB=1e+12> 
#<DWph=2> <it= 16> <et=1.50> <Mt= 0.00> <Spt= 0.01> <nCl=  0> <al=0.00> <DB=  735.9807> <Mlp=  735.9807> <PB=1e+12> 
<DWph=2> <it= 17> <et=1.51> <Mt= 0.00> <Spt= 0.01> <nCl=  5> <al=0.46> <DB=  678.3730> <Mlp=  736.7309> <PB=1e+12> 
<DWph=2> <it= 18> <et=1.51> <Mt= 0.01> <Spt= 0.00> <nCl=  3> <al=0.52> <DB=  717.1528> <Mlp=  736.7264> <PB=1e+12> 
<DWph=2> <it= 19> <et=1.52> <Mt= 0.00> <Spt= 0.00> <nCl=  2> <al=0.56> <DB=  733.0600> <Mlp=  736.5731> <PB=1e+12> 
<DWph=2> <it= 20> <et=1.52> <Mt= 0.00> <Spt= 0.01> <nCl=  9> <al=0.22> <DB=  721.2526> <Mlp=  736.4957> <PB=1e+12> 
<DWph=2> <it= 21> <et=1.53> <Mt= 0.00> <Spt= 0.00> <nCl=  2> <al=0.02> <DB=  730.3268> <Mlp=  736.4957> <PB=1e+12> 
<DWph=2> <it= 22> <et=1.54> <Mt= 0.00> <Spt= 0.01> <nCl=  0> <al=0.00> <DB=  736.4906> <Mlp=  736.4906> <PB=1e+12> 
<DWph=1> <it= 23> <et=1.54> <Mt= 0.00> <Spt= 0.00> <nCl=  3> <al=0.31> <DB=  728.1490> <Mlp=  736.4906> <PB=1e+12> 
<DWph=1> <it= 24> <et=1.55> <Mt= 0.00> <Spt= 0.01> <nCl=  1> <al=0.38> <DB=  729.4616> <Mlp=  736.2616> <PB=1e+12> 
<DWph=1> <it= 25> <et=1.56> <Mt= 0.00> <Spt= 0.01> <nCl=  1> <al=0.00> <DB=  728.6645> <Mlp=  736.2439> <PB=1e+12> 
<DWph=1> <it= 26> <et=1.57> <Mt= 0.00> <Spt= 0.01> <nCl=  1> <al=0.00> <DB=  733.6054> <Mlp=  736.1929> <PB=1e+12> 
<DWph=1> <it= 27> <et=1.57> <Mt= 0.00> <Spt= 0.00> <nCl=  0> <al=0.00> <DB=  736.1929> <Mlp=  736.1929> <PB=1e+12> 
    RCSP exact solver info for graph G_1 : TT = 0.003651, pt = 7.5e-05, dt = 0.002259, ct = 0.00036, ndl = 0', bdl = 2', odl = 1', odf = 5', bsi = 0', cnt = 0', bdch = 5', odch = 1', lcp = 1', #sols = 150
    RCSP exact solver info for graph G_1 : TT = 0.003666, pt = 7.7e-05, dt = 0.002261, ct = 0.000346, ndl = 0', bdl = 2', odl = 1', odf = 5', bsi = 0', cnt = 0', bdch = 5', odch = 1', lcp = 1', #sols = 150
<DWph=0> <it= 28> <et=1.59> <Mt= 0.00> <Spt= 0.02> <nCl=  0> <al=0.00> <DB=  736.1929> <Mlp=  736.1929> <PB=1e+12> 
    Full reduced cost fixing is not called (gap ratio is 1)
Dynamic params and stats :  bidir.bord. = 70.3 aver.obdmd = 17.9167 aver.buck.num. = 25.6528
ColGenEvalAlg final dual bound: 736.193 (rounded: 736.193)
False gap improvement since the last cut separation : 0.339031 (712.052)
>>>>> Add min cuts : 5 cut(s) added
----- Add fac. cuts : UserCuts0(5), max.viol = 1.5625, aver.viol = 0.762153, sep/add took 0.01/0 sec. -----
694 columns (694 active), 27 dyn. constrs. (15 active), 205 art. vars. (153 active)
#<DWph=2> <it=  1> <et=1.61> <Mt= 0.00> <Spt= 0.00> <nCl=  2> <al=0.00> <DB=  736.4885> <Mlp=  737.7646> <PB=1e+12> 
#<DWph=2> <it=  2> <et=1.62> <Mt= 0.00> <Spt= 0.01> <nCl=  0> <al=0.00> <DB=  737.7412> <Mlp=  737.7412> <PB=1e+12> 
<DWph=2> <it=  3> <et=1.62> <Mt= 0.00> <Spt= 0.00> <nCl=  6> <al=0.30> <DB=  665.5259> <Mlp=  737.8000> <PB=1e+12> 
<DWph=2> <it=  4> <et=1.63> <Mt= 0.00> <Spt= 0.01> <nCl=  0> <al=0.00> <DB=  737.8000> <Mlp=  737.8000> <PB=1e+12> 
<DWph=1> <it=  5> <et=1.64> <Mt= 0.01> <Spt= 0.01> <nCl=  0> <al=0.00> <DB=  737.8000> <Mlp=  737.8000> <PB=1e+12> 
    RCSP exact solver info for graph G_1 : TT = 0.003711, pt = 7.9e-05, dt = 0.002266, ct = 0.000374, ndl = 0', bdl = 2', odl = 1', odf = 6', bsi = 0', cnt = 1', bdch = 6', odch = 1', lcp = 1', #sols = 150
    RCSP exact solver info for graph G_1 : TT = 0.003707, pt = 7.5e-05, dt = 0.002265, ct = 0.000392, ndl = 0', bdl = 2', odl = 1', odf = 6', bsi = 0', cnt = 1', bdch = 6', odch = 1', lcp = 1', #sols = 150
<DWph=0> <it=  6> <et=1.65> <Mt= 0.00> <Spt= 0.01> <nCl=  0> <al=0.00> <DB=  737.8000> <Mlp=  737.8000> <PB=1e+12> 
    Full reduced cost fixing is not called (gap ratio is 1)
Dynamic params and stats :  bidir.bord. = 70.3 aver.obdmd = 17.9167 aver.buck.num. = 25.6528
ColGenEvalAlg final dual bound: 737.8 (rounded: 737.8)
False gap improvement since the last cut separation : 0.02183 (736.193)
>>>>> Add min cuts : 6 cut(s) added
----- Add fac. cuts : UserCuts0(6), max.viol = 0.998, aver.viol = 0.59987, sep/add took 0.01/0 sec. -----
723 columns (723 active), 21 dyn. constrs. (17 active), 217 art. vars. (157 active)
<DWph=2> <it=  1> <et=1.68> <Mt= 0.00> <Spt= 0.00> <nCl=  2> <al=0.50> <DB=  737.5690> <Mlp=  738.3640> <PB=1e+12> 
<DWph=2> <it=  2> <et=1.69> <Mt= 0.00> <Spt= 0.01> <nCl=  0> <al=0.00> <DB=  738.3634> <Mlp=  738.3634> <PB=1e+12> 
<DWph=1> <it=  3> <et=1.69> <Mt= 0.00> <Spt= 0.01> <nCl=  0> <al=0.00> <DB=  738.3634> <Mlp=  738.3634> <PB=1e+12> 
    RCSP exact solver info for graph G_1 : TT = 0.003837, pt = 8.1e-05, dt = 0.002349, ct = 0.000396, ndl = 0', bdl = 2', odl = 1', odf = 6', bsi = 0', cnt = 1', bdch = 6', odch = 1', lcp = 1', #sols = 150
    RCSP exact solver info for graph G_1 : TT = 0.003679, pt = 7.8e-05, dt = 0.002245, ct = 0.000386, ndl = 0', bdl = 2', odl = 1', odf = 6', bsi = 0', cnt = 1', bdch = 6', odch = 1', lcp = 1', #sols = 150
<DWph=0> <it=  4> <et=1.71> <Mt= 0.00> <Spt= 0.01> <nCl=  0> <al=0.00> <DB=  738.3634> <Mlp=  738.3634> <PB=1e+12> 
    Full reduced cost fixing is not called (gap ratio is 1)
Dynamic params and stats :  bidir.bord. = 70.3 aver.obdmd = 17.9167 aver.buck.num. = 25.6528
ColGenEvalAlg final dual bound: 738.363 (rounded: 738.363)
False gap improvement since the last cut separation : 0.00763564 (737.8)
Cut generation tailing off counter increased to 1
>>>>> Add min cuts : 12 cut(s) added
----- Add fac. cuts : UserCuts0(12), max.viol = 0.995111, aver.viol = 0.419999, sep/add took 0.01/0 sec. -----
736 columns (736 active), 29 dyn. constrs. (24 active), 241 art. vars. (171 active)
#<DWph=2> <it=  1> <et=1.74> <Mt= 0.00> <Spt= 0.01> <nCl=  7> <al=0.50> <DB=  730.4666> <Mlp=  741.2060> <PB=1e+12> 
#<DWph=2> <it=  2> <et=1.74> <Mt= 0.00> <Spt= 0.00> <nCl=  2> <al=0.55> <DB=  737.9509> <Mlp=  740.9689> <PB=1e+12> 
#<DWph=2> <it=  3> <et=1.75> <Mt= 0.00> <Spt= 0.00> <nCl=  1> <al=0.60> <DB=  738.9622> <Mlp=  740.9664> <PB=1e+12> 
#<DWph=2> <it=  4> <et=1.75> <Mt= 0.00> <Spt= 0.01> <nCl=  4> <al=0.27> <DB=  739.2894> <Mlp=  740.9610> <PB=1e+12> 
#<DWph=2> <it=  5> <et=1.76> <Mt= 0.00> <Spt= 0.00> <nCl=  2> <al=0.54> <DB=  737.5176> <Mlp=  740.9222> <PB=1e+12> 
#<DWph=2> <it=  6> <et=1.76> <Mt= 0.00> <Spt= 0.01> <nCl=  1> <al=0.16> <DB=  737.5149> <Mlp=  740.9045> <PB=1e+12> 
#<DWph=2> <it=  7> <et=1.77> <Mt= 0.01> <Spt= 0.01> <nCl=  2> <al=0.00> <DB=  740.3706> <Mlp=  740.8956> <PB=1e+12> 
#<DWph=2> <it=  8> <et=1.78> <Mt= 0.00> <Spt= 0.00> <nCl=  0> <al=0.00> <DB=  740.8934> <Mlp=  740.8934> <PB=1e+12> 
<DWph=2> <it=  9> <et=1.78> <Mt= 0.00> <Spt= 0.01> <nCl=  1> <al=0.28> <DB=  739.0905> <Mlp=  741.0888> <PB=1e+12> 
<DWph=2> <it= 10> <et=1.79> <Mt= 0.00> <Spt= 0.00> <nCl=  0> <al=0.00> <DB=  741.0768> <Mlp=  741.0768> <PB=1e+12> 
<DWph=1> <it= 11> <et=1.79> <Mt= 0.00> <Spt= 0.01> <nCl=  2> <al=0.25> <DB=  734.5290> <Mlp=  741.0768> <PB=1e+12> 
<DWph=1> <it= 12> <et=1.80> <Mt= 0.00> <Spt= 0.01> <nCl=  0> <al=0.00> <DB=  741.0617> <Mlp=  741.0617> <PB=1e+12> 
    RCSP exact solver info for graph G_1 : TT = 0.003761, pt = 8.1e-05, dt = 0.002341, ct = 0.000385, ndl = 0', bdl = 2', odl = 1', odf = 6', bsi = 0', cnt = 1', bdch = 6', odch = 1', lcp = 1', #sols = 150
    RCSP exact solver info for graph G_1 : TT = 0.00373, pt = 7.6e-05, dt = 0.00229, ct = 0.00039, ndl = 0', bdl = 2', odl = 1', odf = 6', bsi = 0', cnt = 1', bdch = 6', odch = 1', lcp = 1', #sols = 150
<DWph=0> <it= 13> <et=1.82> <Mt= 0.00> <Spt= 0.01> <nCl=  0> <al=0.00> <DB=  741.0617> <Mlp=  741.0617> <PB=1e+12> 
    Full reduced cost fixing is not called (gap ratio is 1)
Dynamic params and stats :  bidir.bord. = 70.3 aver.obdmd = 17.9167 aver.buck.num. = 25.6528
ColGenEvalAlg final dual bound: 741.062 (rounded: 741.062)
False gap improvement since the last cut separation : 0.0365452 (738.363)
>>>>> Add min cuts : 6 cut(s) added
----- Add fac. cuts : UserCuts0(6), max.viol = 0.8, aver.viol = 0.304216, sep/add took 0.01/0 sec. -----
798 columns (798 active), 30 dyn. constrs. (20 active), 253 art. vars. (163 active)
<DWph=2> <it=  1> <et=1.85> <Mt= 0.00> <Spt= 0.01> <nCl=  3> <al=0.00> <DB=  741.9839> <Mlp=  742.0569> <PB=1e+12> 
<DWph=2> <it=  2> <et=1.85> <Mt= 0.00> <Spt= 0.00> <nCl=  0> <al=0.00> <DB=  742.0560> <Mlp=  742.0560> <PB=1e+12> 
<DWph=1> <it=  3> <et=1.86> <Mt= 0.00> <Spt= 0.01> <nCl=  0> <al=0.00> <DB=  742.0560> <Mlp=  742.0560> <PB=1e+12> 
    RCSP exact solver info for graph G_1 : TT = 0.003796, pt = 7.9e-05, dt = 0.002345, ct = 0.000389, ndl = 0', bdl = 2', odl = 1', odf = 6', bsi = 0', cnt = 1', bdch = 6', odch = 1', lcp = 1', #sols = 150
    RCSP exact solver info for graph G_1 : TT = 0.003806, pt = 0.000138, dt = 0.002293, ct = 0.0004, ndl = 0', bdl = 2', odl = 1', odf = 6', bsi = 0', cnt = 1', bdch = 6', odch = 1', lcp = 1', #sols = 150
<DWph=0> <it=  4> <et=1.88> <Mt= 0.00> <Spt= 0.01> <nCl=  0> <al=0.00> <DB=  742.0560> <Mlp=  742.0560> <PB=1e+12> 
    Full reduced cost fixing is not called (gap ratio is 1)
Dynamic params and stats :  bidir.bord. = 70.3 aver.obdmd = 17.9167 aver.buck.num. = 25.6528
ColGenEvalAlg final dual bound: 742.056 (rounded: 742.056)
False gap improvement since the last cut separation : 0.0134174 (741.062)
Cut generation tailing off counter increased to 2
>>>>> Add min cuts : 6 cut(s) added
----- Add fac. cuts : UserCuts0(6), max.viol = 0.8, aver.viol = 0.28347, sep/add took 0.02/0 sec. -----
810 columns (810 active), 26 dyn. constrs. (22 active), 265 art. vars. (167 active)
<DWph=2> <it=  1> <et=1.92> <Mt= 0.00> <Spt= 0.01> <nCl=  5> <al=0.50> <DB=  741.4275> <Mlp=  743.1575> <PB=1e+12> 
<DWph=2> <it=  2> <et=1.92> <Mt= 0.01> <Spt= 0.00> <nCl=  8> <al=0.10> <DB=  731.5309> <Mlp=  742.9127> <PB=1e+12> 
<DWph=2> <it=  3> <et=1.93> <Mt= 0.00> <Spt= 0.01> <nCl=  2> <al=0.00> <DB=  739.9133> <Mlp=  742.8145> <PB=1e+12> 
<DWph=2> <it=  4> <et=1.93> <Mt= 0.00> <Spt= 0.00> <nCl=  1> <al=0.35> <DB=  741.8514> <Mlp=  742.8128> <PB=1e+12> 
<DWph=2> <it=  5> <et=1.94> <Mt= 0.00> <Spt= 0.01> <nCl=  0> <al=0.00> <DB=  742.7939> <Mlp=  742.7939> <PB=1e+12> 
<DWph=1> <it=  6> <et=1.95> <Mt= 0.00> <Spt= 0.00> <nCl=  1> <al=0.32> <DB=  742.3510> <Mlp=  742.7939> <PB=1e+12> 
<DWph=1> <it=  7> <et=1.96> <Mt= 0.00> <Spt= 0.01> <nCl=  0> <al=0.00> <DB=  742.7927> <Mlp=  742.7927> <PB=1e+12> 
    RCSP exact solver info for graph G_1 : TT = 0.003826, pt = 8.2e-05, dt = 0.002355, ct = 0.000394, ndl = 0', bdl = 2', odl = 1', odf = 5', bsi = 0', cnt = 1', bdch = 6', odch = 1', lcp = 1', #sols = 150
    RCSP exact solver info for graph G_1 : TT = 0.003739, pt = 7.6e-05, dt = 0.002303, ct = 0.000388, ndl = 0', bdl = 2', odl = 1', odf = 5', bsi = 0', cnt = 1', bdch = 6', odch = 1', lcp = 1', #sols = 150
<DWph=0> <it=  8> <et=1.97> <Mt= 0.00> <Spt= 0.01> <nCl=  0> <al=0.00> <DB=  742.7927> <Mlp=  742.7927> <PB=1e+12> 
    Full reduced cost fixing is not called (gap ratio is 1)
Dynamic params and stats :  bidir.bord. = 70.3 aver.obdmd = 17.9167 aver.buck.num. = 25.6528
ColGenEvalAlg final dual bound: 742.793 (rounded: 742.793)
False gap improvement since the last cut separation : 0.00992729 (742.056)
----- Cut separators priority level decreased to 1-----
>>>>> Add min cuts : 8 cut(s) added
42 Rank-1 1-rows pack. cuts added ,  max viol. = 0.5, aver. viol. = 0.322694
12 Rank-1 3-rows pack. cuts added ,  max viol. = 0.253331, aver. viol. = 0.159444
Building structures for heuristic rank-1 packing cut separation...done!
----- Add fac. cuts : R1C(54) UserCuts0(8), max.viol = 0.669966, aver.viol = 0.308979, sep/add took 0.15/0 sec. -----
840 columns (840 active), 84 dyn. constrs. (77 active), 335 art. vars. (223 active)
#<DWph=2> <it=  1> <et=2.15> <Mt= 0.01> <Spt= 0.01> <nCl=  6> <al=0.50> <DB=  745.1672> <Mlp=  761.8332> <PB=1e+12> 
#<DWph=2> <it=  2> <et=2.16> <Mt= 0.00> <Spt= 0.00> <nCl=  3> <al=0.55> <DB=  748.0176> <Mlp=  760.8091> <PB=1e+12> 
#<DWph=2> <it=  3> <et=2.16> <Mt= 0.00> <Spt= 0.01> <nCl=  4> <al=0.60> <DB=  742.0995> <Mlp=  759.8241> <PB=1e+12> 
#<DWph=2> <it=  4> <et=2.17> <Mt= 0.00> <Spt= 0.00> <nCl=  3> <al=0.64> <DB=  749.5138> <Mlp=  758.8376> <PB=1e+12> 
#<DWph=2> <it=  5> <et=2.18> <Mt= 0.01> <Spt= 0.01> <nCl=  2> <al=0.67> <DB=  749.9519> <Mlp=  758.3923> <PB=1e+12> 
#<DWph=2> <it=  6> <et=2.18> <Mt= 0.00> <Spt= 0.00> <nCl=  1> <al=0.70> <DB=  752.3821> <Mlp=  758.1829> <PB=1e+12> 
#<DWph=2> <it=  7> <et=2.19> <Mt= 0.00> <Spt= 0.00> <nCl=  4> <al=0.60> <DB=  737.4937> <Mlp=  758.1756> <PB=1e+12> 
#<DWph=2> <it=  8> <et=2.19> <Mt= 0.00> <Spt= 0.01> <nCl=  2> <al=0.64> <DB=  747.5091> <Mlp=  758.1698> <PB=1e+12> 
#<DWph=2> <it=  9> <et=2.20> <Mt= 0.00> <Spt= 0.01> <nCl=  3> <al=0.09> <DB=  753.0993> <Mlp=  758.1580> <PB=1e+12> 
#<DWph=2> <it= 10> <et=2.21> <Mt= 0.00> <Spt= 0.00> <nCl=  1> <al=0.44> <DB=  754.2530> <Mlp=  757.8735> <PB=1e+12> 
#<DWph=2> <it= 11> <et=2.21> <Mt= 0.00> <Spt= 0.00> <nCl=  1> <al=0.50> <DB=  756.0630> <Mlp=  757.8719> <PB=1e+12> 
#<DWph=2> <it= 12> <et=2.22> <Mt= 0.00> <Spt= 0.01> <nCl=  1> <al=0.40> <DB=  757.1486> <Mlp=  757.8719> <PB=1e+12> 
#<DWph=2> <it= 13> <et=2.22> <Mt= 0.00> <Spt= 0.01> <nCl=  0> <al=0.00> <DB=  757.8718> <Mlp=  757.8718> <PB=1e+12> 
#<DWph=2> <it= 14> <et=2.23> <Mt= 0.00> <Spt= 0.00> <nCl=  5> <al=0.20> <DB=  722.5292> <Mlp=  762.2990> <PB=1e+12> 
#<DWph=2> <it= 15> <et=2.24> <Mt= 0.01> <Spt= 0.00> <nCl=  6> <al=0.28> <DB=  743.4163> <Mlp=  762.2465> <PB=1e+12> 
#<DWph=2> <it= 16> <et=2.24> <Mt= 0.00> <Spt= 0.01> <nCl=  3> <al=0.35> <DB=  750.1240> <Mlp=  762.0279> <PB=1e+12> 
#<DWph=2> <it= 17> <et=2.25> <Mt= 0.00> <Spt= 0.00> <nCl=  4> <al=0.42> <DB=  747.3458> <Mlp=  761.9577> <PB=1e+12> 
#<DWph=2> <it= 18> <et=2.25> <Mt= 0.00> <Spt= 0.01> <nCl=  1> <al=0.48> <DB=  751.1023> <Mlp=  761.5098> <PB=1e+12> 
#<DWph=2> <it= 19> <et=2.26> <Mt= 0.00> <Spt= 0.00> <nCl=  3> <al=0.53> <DB=  749.2247> <Mlp=  761.5098> <PB=1e+12> 
#<DWph=2> <it= 20> <et=2.27> <Mt= 0.00> <Spt= 0.01> <nCl=  9> <al=0.15> <DB=  724.9631> <Mlp=  761.2498> <PB=1e+12> 
#<DWph=2> <it= 21> <et=2.27> <Mt= 0.01> <Spt= 0.00> <nCl=  7> <al=0.47> <DB=  754.8312> <Mlp=  761.0703> <PB=1e+12> 
#<DWph=2> <it= 22> <et=2.28> <Mt= 0.00> <Spt= 0.01> <nCl=  2> <al=0.05> <DB=  749.9640> <Mlp=  761.0045> <PB=1e+12> 
#<DWph=2> <it= 23> <et=2.29> <Mt= 0.00> <Spt= 0.01> <nCl=  1> <al=0.00> <DB=  754.7045> <Mlp=  761.0045> <PB=1e+12> 
#<DWph=2> <it= 24> <et=2.30> <Mt= 0.00> <Spt= 0.00> <nCl=  0> <al=0.00> <DB=  761.0045> <Mlp=  761.0045> <PB=1e+12> 
#<DWph=2> <it= 25> <et=2.31> <Mt= 0.00> <Spt= 0.01> <nCl=  3> <al=0.23> <DB=  718.7000> <Mlp=  764.2521> <PB=1e+12> 
#<DWph=2> <it= 26> <et=2.31> <Mt= 0.00> <Spt= 0.00> <nCl=  6> <al=0.30> <DB=  737.1070> <Mlp=  763.5583> <PB=1e+12> 
#<DWph=2> <it= 27> <et=2.32> <Mt= 0.00> <Spt= 0.01> <nCl=  2> <al=0.37> <DB=  736.8926> <Mlp=  763.3998> <PB=1e+12> 
#<DWph=2> <it= 28> <et=2.32> <Mt= 0.01> <Spt= 0.00> <nCl=  4> <al=0.44> <DB=  727.9407> <Mlp=  762.7461> <PB=1e+12> 
#<DWph=2> <it= 29> <et=2.33> <Mt= 0.00> <Spt= 0.00> <nCl=  5> <al=0.49> <DB=  724.1849> <Mlp=  762.1266> <PB=1e+12> 
#<DWph=2> <it= 30> <et=2.33> <Mt= 0.00> <Spt= 0.01> <nCl=  2> <al=0.54> <DB=  750.3364> <Mlp=  762.1229> <PB=1e+12> 
#<DWph=2> <it= 31> <et=2.34> <Mt= 0.00> <Spt= 0.00> <nCl=  4> <al=0.18> <DB=  730.7095> <Mlp=  762.0570> <PB=1e+12> 
#<DWph=2> <it= 32> <et=2.35> <Mt= 0.00> <Spt= 0.01> <nCl=  1> <al=0.49> <DB=  747.8486> <Mlp=  762.0570> <PB=1e+12> 
#<DWph=2> <it= 33> <et=2.36> <Mt= 0.00> <Spt= 0.01> <nCl=  4> <al=0.08> <DB=  751.1809> <Mlp=  762.0570> <PB=1e+12> 
#<DWph=2> <it= 34> <et=2.37> <Mt= 0.00> <Spt= 0.00> <nCl=  2> <al=0.00> <DB=  729.1603> <Mlp=  762.0386> <PB=1e+12> 
#<DWph=2> <it= 35> <et=2.38> <Mt= 0.01> <Spt= 0.01> <nCl=  1> <al=0.00> <DB=  758.3036> <Mlp=  761.9036> <PB=1e+12> 
#<DWph=2> <it= 36> <et=2.38> <Mt= 0.00> <Spt= 0.01> <nCl=  2> <al=0.24> <DB=  759.2826> <Mlp=  761.9036> <PB=1e+12> 
#<DWph=2> <it= 37> <et=2.39> <Mt= 0.00> <Spt= 0.00> <nCl=  1> <al=0.00> <DB=  761.6936> <Mlp=  761.8817> <PB=1e+12> 
#<DWph=2> <it= 38> <et=2.40> <Mt= 0.00> <Spt= 0.01> <nCl=  0> <al=0.00> <DB=  761.8817> <Mlp=  761.8817> <PB=1e+12> 
<DWph=2> <it= 39> <et=2.40> <Mt= 0.00> <Spt= 0.00> <nCl=  3> <al=0.12> <DB=  686.1635> <Mlp=  762.0813> <PB=1e+12> 
<DWph=2> <it= 40> <et=2.41> <Mt= 0.00> <Spt= 0.01> <nCl=  2> <al=0.20> <DB=  605.4806> <Mlp=  762.0813> <PB=1e+12> 
<DWph=2> <it= 41> <et=2.41> <Mt= 0.00> <Spt= 0.00> <nCl=  1> <al=0.28> <DB=  726.9160> <Mlp=  762.0067> <PB=1e+12> 
<DWph=2> <it= 42> <et=2.42> <Mt= 0.00> <Spt= 0.01> <nCl=  2> <al=0.36> <DB=  752.3903> <Mlp=  762.0067> <PB=1e+12> 
<DWph=2> <it= 43> <et=2.42> <Mt= 0.00> <Spt= 0.00> <nCl=  1> <al=0.42> <DB=  759.8263> <Mlp=  762.0067> <PB=1e+12> 
<DWph=2> <it= 44> <et=2.43> <Mt= 0.00> <Spt= 0.01> <nCl=  1> <al=0.00> <DB=  758.0187> <Mlp=  762.0067> <PB=1e+12> 
<DWph=2> <it= 45> <et=2.44> <Mt= 0.00> <Spt= 0.00> <nCl=  0> <al=0.00> <DB=  762.0067> <Mlp=  762.0067> <PB=1e+12> 
<DWph=1> <it= 46> <et=2.44> <Mt= 0.00> <Spt= 0.01> <nCl=  2> <al=0.12> <DB=  748.8667> <Mlp=  762.0067> <PB=1e+12> 
<DWph=1> <it= 47> <et=2.45> <Mt= 0.00> <Spt= 0.01> <nCl=  1> <al=0.02> <DB=  753.0056> <Mlp=  762.0056> <PB=1e+12> 
<DWph=1> <it= 48> <et=2.46> <Mt= 0.01> <Spt= 0.00> <nCl=  1> <al=0.12> <DB=  760.6245> <Mlp=  762.0056> <PB=1e+12> 
<DWph=1> <it= 49> <et=2.47> <Mt= 0.00> <Spt= 0.01> <nCl=  0> <al=0.00> <DB=  762.0056> <Mlp=  762.0056> <PB=1e+12> 
    RCSP exact solver info for graph G_1 : TT = 0.006799, pt = 0.000808, dt = 0.004399, ct = 0.000571, ndl = 1', bdl = 2', odl = 1', odf = 7', bsi = 1', cnt = 1', bdch = 8', odch = 3', lcp = 1', #sols = 150
<DWph=0> <it= 50> <et=2.48> <Mt= 0.00> <Spt= 0.01> <nCl=  4> <al=0.11> <DB=  761.1056> <Mlp=  762.0056> <PB=1e+12> 
    RCSP exact solver info for graph G_1 : TT = 0.006037, pt = 0.00077, dt = 0.003564, ct = 0.000598, ndl = 1', bdl = 2', odl = 1', odf = 7', bsi = 1', cnt = 2', bdch = 8', odch = 3', lcp = 1', #sols = 150
<DWph=0> <it= 51> <et=2.49> <Mt= 0.00> <Spt= 0.01> <nCl=  6> <al=0.20> <DB=  761.1002> <Mlp=  761.9989> <PB=1e+12> 
    RCSP exact solver info for graph G_1 : TT = 0.005784, pt = 0.000745, dt = 0.003344, ct = 0.000607, ndl = 1', bdl = 2', odl = 1', odf = 7', bsi = 1', cnt = 1', bdch = 8', odch = 3', lcp = 1', #sols = 150
    RCSP exact solver info for graph G_1 : TT = 0.00549, pt = 0.000676, dt = 0.003197, ct = 0.000573, ndl = 1', bdl = 2', odl = 1', odf = 7', bsi = 1', cnt = 1', bdch = 8', odch = 3', lcp = 1', #sols = 150
<DWph=0> <it= 52> <et=2.51> <Mt= 0.00> <Spt= 0.02> <nCl=  0> <al=0.00> <DB=  761.9989> <Mlp=  761.9989> <PB=1e+12> 
    Full reduced cost fixing is not called (gap ratio is 1)
Dynamic params and stats :  bidir.bord. = 70.3 aver.obdmd = 17.9167 aver.buck.num. = 25.6528 nbR1C = 45 with avMem = 5.6
ColGenEvalAlg final dual bound: 761.999 (rounded: 761.999)
False gap improvement since the last cut separation : 0.258567 (742.793)
>>>>> Add min cuts : 7 cut(s) added
13 Rank-1 1-rows pack. cuts added ,  max viol. = 0.488889, aver. viol. = 0.157265
13 Rank-1 3-rows pack. cuts added ,  max viol. = 0.422222, aver. viol. = 0.134188
Building structures for heuristic rank-1 packing cut separation...done!
56 Rank-1 5-rows pack. cuts added ,  max viol. = 0.133333, aver. viol. = 0.0686508
----- Add fac. cuts : R1C(82) UserCuts0(7), max.viol = 0.5, aver.viol = 0.258677, sep/add took 0.21/0.02 sec. -----
1091 columns (1091 active), 166 dyn. constrs. (142 active), 431 art. vars. (280 active)
#<DWph=2> <it=  1> <et=2.77> <Mt= 0.01> <Spt= 0.01> <nCl=  2> <al=0.50> <DB=  711.6111> <Mlp=  769.4510> <PB=1e+12> 
#<DWph=2> <it=  2> <et=2.78> <Mt= 0.00> <Spt= 0.00> <nCl=  7> <al=0.55> <DB=  753.3605> <Mlp=  769.1231> <PB=1e+12> 
#<DWph=2> <it=  3> <et=2.79> <Mt= 0.00> <Spt= 0.01> <nCl=  1> <al=0.60> <DB=  753.0517> <Mlp=  768.5071> <PB=1e+12> 
#<DWph=2> <it=  4> <et=2.80> <Mt= 0.00> <Spt= 0.01> <nCl=  4> <al=0.27> <DB=  745.5871> <Mlp=  768.5071> <PB=1e+12> 
#<DWph=2> <it=  5> <et=2.80> <Mt= 0.00> <Spt= 0.00> <nCl=  2> <al=0.54> <DB=  755.8165> <Mlp=  768.2923> <PB=1e+12> 
#<DWph=2> <it=  6> <et=2.81> <Mt= 0.01> <Spt= 0.01> <nCl=  2> <al=0.58> <DB=  765.7167> <Mlp=  767.7664> <PB=1e+12> 
#<DWph=2> <it=  7> <et=2.82> <Mt= 0.00> <Spt= 0.00> <nCl=  1> <al=0.62> <DB=  765.8756> <Mlp=  767.7664> <PB=1e+12> 
#<DWph=2> <it=  8> <et=2.82> <Mt= 0.00> <Spt= 0.01> <nCl=  4> <al=0.66> <DB=  761.3237> <Mlp=  767.7664> <PB=1e+12> 
#<DWph=2> <it=  9> <et=2.83> <Mt= 0.00> <Spt= 0.00> <nCl=  2> <al=0.70> <DB=  755.6939> <Mlp=  767.7631> <PB=1e+12> 
#<DWph=2> <it= 10> <et=2.84> <Mt= 0.00> <Spt= 0.01> <nCl=  1> <al=0.45> <DB=  766.1981> <Mlp=  767.7460> <PB=1e+12> 
#<DWph=2> <it= 11> <et=2.85> <Mt= 0.00> <Spt= 0.01> <nCl=  3> <al=0.25> <DB=  764.4397> <Mlp=  767.7460> <PB=1e+12> 
#<DWph=2> <it= 12> <et=2.86> <Mt= 0.00> <Spt= 0.01> <nCl=  2> <al=0.05> <DB=  749.7556> <Mlp=  767.7403> <PB=1e+12> 
#<DWph=2> <it= 13> <et=2.87> <Mt= 0.00> <Spt= 0.00> <nCl=  1> <al=0.43> <DB=  766.7492> <Mlp=  767.7403> <PB=1e+12> 
#<DWph=2> <it= 14> <et=2.88> <Mt= 0.00> <Spt= 0.01> <nCl=  1> <al=0.00> <DB=  767.2290> <Mlp=  767.7403> <PB=1e+12> 
#<DWph=2> <it= 15> <et=2.89> <Mt= 0.01> <Spt= 0.01> <nCl=  0> <al=0.00> <DB=  767.7403> <Mlp=  767.7403> <PB=1e+12> 
#<DWph=2> <it= 16> <et=2.90> <Mt= 0.00> <Spt= 0.01> <nCl=  2> <al=0.28> <DB=  740.3401> <Mlp=  770.4915> <PB=1e+12> 
#<DWph=2> <it= 17> <et=2.90> <Mt= 0.00> <Spt= 0.00> <nCl=  2> <al=0.35> <DB=  760.6038> <Mlp=  770.4040> <PB=1e+12> 
#<DWph=2> <it= 18> <et=2.91> <Mt= 0.00> <Spt= 0.01> <nCl=  2> <al=0.42> <DB=  765.1354> <Mlp=  770.1754> <PB=1e+12> 
#<DWph=2> <it= 19> <et=2.92> <Mt= 0.00> <Spt= 0.00> <nCl=  8> <al=0.00> <DB=  755.7869> <Mlp=  769.9235> <PB=1e+12> 
#<DWph=2> <it= 20> <et=2.93> <Mt= 0.01> <Spt= 0.01> <nCl=  1> <al=0.38> <DB=  769.1597> <Mlp=  769.8695> <PB=1e+12> 
#<DWph=2> <it= 21> <et=2.93> <Mt= 0.00> <Spt= 0.01> <nCl=  1> <al=0.44> <DB=  763.7899> <Mlp=  769.8125> <PB=1e+12> 
#<DWph=2> <it= 22> <et=2.95> <Mt= 0.00> <Spt= 0.01> <nCl=  1> <al=0.00> <DB=  769.0065> <Mlp=  769.7458> <PB=1e+12> 
#<DWph=2> <it= 23> <et=2.96> <Mt= 0.00> <Spt= 0.00> <nCl=  0> <al=0.00> <DB=  769.7458> <Mlp=  769.7458> <PB=1e+12> 
<DWph=2> <it= 24> <et=2.97> <Mt= 0.00> <Spt= 0.01> <nCl=  6> <al=0.14> <DB=  715.0960> <Mlp=  770.2485> <PB=1e+12> 
<DWph=2> <it= 25> <et=2.97> <Mt= 0.01> <Spt= 0.00> <nCl=  3> <al=0.23> <DB=  732.9255> <Mlp=  770.2101> <PB=1e+12> 
<DWph=2> <it= 26> <et=2.98> <Mt= 0.00> <Spt= 0.01> <nCl=  2> <al=0.30> <DB=  762.8742> <Mlp=  770.1650> <PB=1e+12> 
<DWph=2> <it= 27> <et=2.99> <Mt= 0.00> <Spt= 0.01> <nCl=  0> <al=0.00> <DB=  769.8487> <Mlp=  769.8487> <PB=1e+12> 
<DWph=1> <it= 28> <et=3.00> <Mt= 0.00> <Spt= 0.00> <nCl=  3> <al=0.27> <DB=  731.1127> <Mlp=  769.8487> <PB=1e+12> 
<DWph=1> <it= 29> <et=3.01> <Mt= 0.00> <Spt= 0.01> <nCl=  3> <al=0.17> <DB=  758.8659> <Mlp=  769.8425> <PB=1e+12> 
<DWph=1> <it= 30> <et=3.02> <Mt= 0.01> <Spt= 0.01> <nCl=  1> <al=0.26> <DB=  761.3550> <Mlp=  769.7016> <PB=1e+12> 
<DWph=1> <it= 31> <et=3.03> <Mt= 0.00> <Spt= 0.00> <nCl=  2> <al=0.33> <DB=  762.9102> <Mlp=  769.6470> <PB=1e+12> 
<DWph=1> <it= 32> <et=3.03> <Mt= 0.00> <Spt= 0.01> <nCl=  1> <al=0.40> <DB=  764.2136> <Mlp=  769.6470> <PB=1e+12> 
<DWph=1> <it= 33> <et=3.04> <Mt= 0.00> <Spt= 0.01> <nCl=  1> <al=0.46> <DB=  764.2400> <Mlp=  769.6240> <PB=1e+12> 
<DWph=1> <it= 34> <et=3.05> <Mt= 0.00> <Spt= 0.00> <nCl=  1> <al=0.51> <DB=  765.3222> <Mlp=  769.6237> <PB=1e+12> 
<DWph=1> <it= 35> <et=3.06> <Mt= 0.00> <Spt= 0.02> <nCl=  2> <al=0.00> <DB=  769.0911> <Mlp=  769.6237> <PB=1e+12> 
<DWph=1> <it= 36> <et=3.08> <Mt= 0.00> <Spt= 0.01> <nCl=  0> <al=0.00> <DB=  769.6234> <Mlp=  769.6234> <PB=1e+12> 
    RCSP exact solver info for graph G_1 : TT = 0.006027, pt = 0.00101, dt = 0.003375, ct = 0.000622, ndl = 1', bdl = 2', odl = 1', odf = 7', bsi = 1', cnt = 2', bdch = 8', odch = 3', lcp = 1', #sols = 150
<DWph=0> <it= 37> <et=3.09> <Mt= 0.00> <Spt= 0.01> <nCl=  6> <al=0.21> <DB=  748.4255> <Mlp=  769.6234> <PB=1e+12> 
    RCSP exact solver info for graph G_1 : TT = 0.00675, pt = 0.001114, dt = 0.003834, ct = 0.000666, ndl = 1', bdl = 2', odl = 1', odf = 7', bsi = 1', cnt = 2', bdch = 7', odch = 3', lcp = 1', #sols = 150
<DWph=0> <it= 38> <et=3.11> <Mt= 0.01> <Spt= 0.01> <nCl=  6> <al=0.11> <DB=  761.1105> <Mlp=  769.5400> <PB=1e+12> 
    RCSP exact solver info for graph G_1 : TT = 0.006618, pt = 0.001042, dt = 0.003799, ct = 0.00069, ndl = 1', bdl = 2', odl = 1', odf = 7', bsi = 1', cnt = 2', bdch = 8', odch = 3', lcp = 1', #sols = 150
<DWph=0> <it= 39> <et=3.12> <Mt= 0.00> <Spt= 0.02> <nCl=  5> <al=0.20> <DB=  766.3373> <Mlp=  769.4943> <PB=1e+12> 
    RCSP exact solver info for graph G_1 : TT = 0.006633, pt = 0.001034, dt = 0.003797, ct = 0.000696, ndl = 1', bdl = 2', odl = 1', odf = 7', bsi = 1', cnt = 2', bdch = 8', odch = 3', lcp = 1', #sols = 150
    RCSP exact solver info for graph G_1 : TT = 0.006253, pt = 0.000945, dt = 0.003565, ct = 0.000692, ndl = 1', bdl = 2', odl = 1', odf = 7', bsi = 1', cnt = 2', bdch = 8', odch = 3', lcp = 1', #sols = 150
<DWph=0> <it= 40> <et=3.14> <Mt= 0.00> <Spt= 0.01> <nCl=  0> <al=0.00> <DB=  769.4943> <Mlp=  769.4943> <PB=1e+12> 
    Full reduced cost fixing is not called (gap ratio is 1)
Dynamic params and stats :  bidir.bord. = 74.3 aver.obdmd = 17.9167 aver.buck.num. = 25.6528 nbR1C = 65 with avMem = 7.93846
ColGenEvalAlg final dual bound: 769.494 (rounded: 769.494)
False gap improvement since the last cut separation : 0.0983654 (761.999)
>>>>> Add min cuts : 5 cut(s) added
9 Rank-1 1-rows pack. cuts added ,  max viol. = 0.285226, aver. viol. = 0.113163
39 Rank-1 3-rows pack. cuts added ,  max viol. = 0.418605, aver. viol. = 0.103862
Building structures for heuristic rank-1 packing cut separation...done!
7 Rank-1 4-rows pack. cuts added ,  max viol. = 0.27907, aver. viol. = 0.0891147
100 Rank-1 5-rows pack. cuts added ,  max viol. = 0.418605, aver. viol. = 0.117681
----- Add fac. cuts : R1C(155) UserCuts0(5), max.viol = 0.511628, aver.viol = 0.221016, sep/add took 0.24/0.04 sec. -----
1277 columns (1277 active), 302 dyn. constrs. (233 active), 596 art. vars. (369 active)
#<DWph=2> <it=  1> <et=3.46> <Mt= 0.01> <Spt= 0.01> <nCl=  3> <al=0.50> <DB=  756.7236> <Mlp=  774.1914> <PB=1e+12> 
#<DWph=2> <it=  2> <et=3.47> <Mt= 0.01> <Spt= 0.01> <nCl=  1> <al=0.55> <DB=  760.0994> <Mlp=  774.1125> <PB=1e+12> 
#<DWph=2> <it=  3> <et=3.48> <Mt= 0.00> <Spt= 0.01> <nCl=  6> <al=0.19> <DB=  710.2115> <Mlp=  774.0088> <PB=1e+12> 
#<DWph=2> <it=  4> <et=3.49> <Mt= 0.00> <Spt= 0.00> <nCl=  2> <al=0.50> <DB=  764.6273> <Mlp=  773.8938> <PB=1e+12> 
#<DWph=2> <it=  5> <et=3.50> <Mt= 0.00> <Spt= 0.01> <nCl=  1> <al=0.55> <DB=  772.3379> <Mlp=  773.8425> <PB=1e+12> 
#<DWph=2> <it=  6> <et=3.51> <Mt= 0.00> <Spt= 0.00> <nCl=  2> <al=0.59> <DB=  764.8420> <Mlp=  773.8425> <PB=1e+12> 
#<DWph=2> <it=  7> <et=3.52> <Mt= 0.01> <Spt= 0.01> <nCl=  1> <al=0.26> <DB=  769.1709> <Mlp=  773.5316> <PB=1e+12> 
#<DWph=2> <it=  8> <et=3.53> <Mt= 0.00> <Spt= 0.01> <nCl=  1> <al=0.53> <DB=  773.0517> <Mlp=  773.5282> <PB=1e+12> 
#<DWph=2> <it=  9> <et=3.54> <Mt= 0.00> <Spt= 0.01> <nCl=  1> <al=0.58> <DB=  766.2748> <Mlp=  773.5132> <PB=1e+12> 
#<DWph=2> <it= 10> <et=3.55> <Mt= 0.01> <Spt= 0.00> <nCl=  1> <al=0.48> <DB=  768.7681> <Mlp=  773.5010> <PB=1e+12> 
#<DWph=2> <it= 11> <et=3.56> <Mt= 0.00> <Spt= 0.01> <nCl=  3> <al=0.00> <DB=  768.6630> <Mlp=  773.5010> <PB=1e+12> 
#<DWph=2> <it= 12> <et=3.57> <Mt= 0.00> <Spt= 0.01> <nCl=  0> <al=0.00> <DB=  773.4857> <Mlp=  773.4857> <PB=1e+12> 
#<DWph=2> <it= 13> <et=3.58> <Mt= 0.00> <Spt= 0.01> <nCl=  3> <al=0.18> <DB=  757.2317> <Mlp=  773.7652> <PB=1e+12> 
#<DWph=2> <it= 14> <et=3.59> <Mt= 0.01> <Spt= 0.00> <nCl=  3> <al=0.26> <DB=  750.4190> <Mlp=  773.7652> <PB=1e+12> 
#<DWph=2> <it= 15> <et=3.60> <Mt= 0.00> <Spt= 0.01> <nCl=  3> <al=0.33> <DB=  756.7784> <Mlp=  773.7530> <PB=1e+12> 
#<DWph=2> <it= 16> <et=3.60> <Mt= 0.00> <Spt= 0.01> <nCl=  1> <al=0.40> <DB=  773.4448> <Mlp=  773.7530> <PB=1e+12> 
#<DWph=2> <it= 17> <et=3.62> <Mt= 0.00> <Spt= 0.01> <nCl=  4> <al=0.00> <DB=  770.0312> <Mlp=  773.7512> <PB=1e+12> 
#<DWph=2> <it= 18> <et=3.63> <Mt= 0.00> <Spt= 0.01> <nCl=  0> <al=0.00> <DB=  773.7508> <Mlp=  773.7508> <PB=1e+12> 
<DWph=2> <it= 19> <et=3.64> <Mt= 0.01> <Spt= 0.00> <nCl=  1> <al=0.26> <DB=  767.6892> <Mlp=  773.7509> <PB=1e+12> 
<DWph=2> <it= 20> <et=3.65> <Mt= 0.00> <Spt= 0.01> <nCl=  1> <al=0.00> <DB=  772.1185> <Mlp=  773.7509> <PB=1e+12> 
<DWph=2> <it= 21> <et=3.66> <Mt= 0.00> <Spt= 0.01> <nCl=  0> <al=0.00> <DB=  773.7509> <Mlp=  773.7509> <PB=1e+12> 
<DWph=1> <it= 22> <et=3.67> <Mt= 0.00> <Spt= 0.01> <nCl=  3> <al=0.14> <DB=  742.2939> <Mlp=  773.7509> <PB=1e+12> 
<DWph=1> <it= 23> <et=3.68> <Mt= 0.00> <Spt= 0.00> <nCl=  4> <al=0.04> <DB=  749.3595> <Mlp=  773.7299> <PB=1e+12> 
<DWph=1> <it= 24> <et=3.69> <Mt= 0.00> <Spt= 0.01> <nCl=  3> <al=0.00> <DB=  759.9891> <Mlp=  773.4768> <PB=1e+12> 
<DWph=1> <it= 25> <et=3.70> <Mt= 0.01> <Spt= 0.01> <nCl=  1> <al=0.04> <DB=  760.2828> <Mlp=  773.4768> <PB=1e+12> 
<DWph=1> <it= 26> <et=3.71> <Mt= 0.00> <Spt= 0.01> <nCl=  2> <al=0.14> <DB=  770.7960> <Mlp=  773.4628> <PB=1e+12> 
<DWph=1> <it= 27> <et=3.72> <Mt= 0.00> <Spt= 0.00> <nCl=  1> <al=0.04> <DB=  771.6708> <Mlp=  773.4628> <PB=1e+12> 
<DWph=1> <it= 28> <et=3.73> <Mt= 0.00> <Spt= 0.01> <nCl=  1> <al=0.00> <DB=  771.4266> <Mlp=  773.4570> <PB=1e+12> 
<DWph=1> <it= 29> <et=3.74> <Mt= 0.00> <Spt= 0.01> <nCl=  0> <al=0.00> <DB=  773.4570> <Mlp=  773.4570> <PB=1e+12> 
    RCSP exact solver info for graph G_1 : TT = 0.006889, pt = 0.001313, dt = 0.003776, ct = 0.000731, ndl = 1', bdl = 2', odl = 1', odf = 8', bsi = 1', cnt = 2', bdch = 8', odch = 4', lcp = 1', #sols = 150
<DWph=0> <it= 30> <et=3.76> <Mt= 0.00> <Spt= 0.02> <nCl=  5> <al=0.00> <DB=  750.9250> <Mlp=  773.4570> <PB=1e+12> 
    RCSP exact solver info for graph G_1 : TT = 0.007509, pt = 0.001518, dt = 0.004087, ct = 0.00077, ndl = 1', bdl = 2', odl = 1', odf = 8', bsi = 1', cnt = 2', bdch = 8', odch = 4', lcp = 1', #sols = 150
<DWph=0> <it= 31> <et=3.77> <Mt= 0.01> <Spt= 0.01> <nCl=  2> <al=0.00> <DB=  772.5262> <Mlp=  773.4560> <PB=1e+12> 
    RCSP exact solver info for graph G_1 : TT = 0.007214, pt = 0.001349, dt = 0.003956, ct = 0.00076, ndl = 1', bdl = 2', odl = 1', odf = 8', bsi = 1', cnt = 2', bdch = 8', odch = 4', lcp = 1', #sols = 150
    RCSP exact solver info for graph G_1 : TT = 0.006774, pt = 0.001203, dt = 0.003738, ct = 0.000745, ndl = 1', bdl = 2', odl = 1', odf = 8', bsi = 1', cnt = 2', bdch = 8', odch = 4', lcp = 1', #sols = 150
<DWph=0> <it= 32> <et=3.79> <Mt= 0.00> <Spt= 0.02> <nCl=  0> <al=0.00> <DB=  773.4560> <Mlp=  773.4560> <PB=1e+12> 
    Full reduced cost fixing is not called (gap ratio is 1)
Dynamic params and stats :  bidir.bord. = 74.3 aver.obdmd = 17.9167 aver.buck.num. = 25.6528 nbR1C = 77 with avMem = 10.0519
ColGenEvalAlg final dual bound: 773.456 (rounded: 773.456)
False gap improvement since the last cut separation : 0.0514839 (769.494)
>>>>> Add min cuts : 2 cut(s) added
3 Rank-1 1-rows pack. cuts added ,  max viol. = 0.375546, aver. viol. = 0.19496
15 Rank-1 3-rows pack. cuts added ,  max viol. = 0.172762, aver. viol. = 0.0667031
Building structures for heuristic rank-1 packing cut separation...done!
----- Add fac. cuts : R1C(18) UserCuts0(2), max.viol = 0.375546, aver.viol = 0.0994541, sep/add took 0.22/0 sec. -----
1407 columns (1407 active), 253 dyn. constrs. (105 active), 618 art. vars. (238 active)
#<DWph=2> <it=  1> <et=4.06> <Mt= 0.01> <Spt= 0.01> <nCl=  4> <al=0.50> <DB=  765.8841> <Mlp=  775.4021> <PB=1e+12> 
#<DWph=2> <it=  2> <et=4.07> <Mt= 0.00> <Spt= 0.01> <nCl=  5> <al=0.10> <DB=  762.6816> <Mlp=  775.2193> <PB=1e+12> 
<DWph=2> <it=  3> <et=4.08> <Mt= 0.00> <Spt= 0.00> <nCl=  1> <al=0.45> <DB=  765.5017> <Mlp=  774.5000> <PB=774.5> 
<DWph=2> <it=  4> <et=4.09> <Mt= 0.00> <Spt= 0.01> <nCl=  3> <al=0.01> <DB=  747.5933> <Mlp=  774.5000> <PB=774.5> 
<DWph=2> <it=  5> <et=4.10> <Mt= 0.00> <Spt= 0.01> <nCl=  2> <al=0.41> <DB=  767.3720> <Mlp=  774.5000> <PB=774.5> 
<DWph=2> <it=  6> <et=4.11> <Mt= 0.00> <Spt= 0.01> <nCl=  1> <al=0.00> <DB=  772.2533> <Mlp=  774.5000> <PB=774.5> 
<DWph=2> <it=  7> <et=4.12> <Mt= 0.01> <Spt= 0.01> <nCl=  0> <al=0.00> <DB=  774.5000> <Mlp=  774.5000> <PB=774.5> 
<DWph=1> <it=  8> <et=4.13> <Mt= 0.00> <Spt= 0.00> <nCl=  1> <al=0.26> <DB=  772.7000> <Mlp=  774.5000> <PB=774.5> 
<DWph=1> <it=  9> <et=4.15> <Mt= 0.00> <Spt= 0.02> <nCl=  0> <al=0.00> <DB=  774.3000> <Mlp=  774.3000> <PB=774.3> 
    RCSP exact solver info for graph G_1 : TT = 0.006639, pt = 0.00121, dt = 0.00358, ct = 0.000749, ndl = 1', bdl = 2', odl = 1', odf = 8', bsi = 1', cnt = 2', bdch = 8', odch = 3', lcp = 1', #sols = 150
    RCSP exact solver info for graph G_1 : TT = 0.006739, pt = 0.00119, dt = 0.003676, ct = 0.000741, ndl = 1', bdl = 2', odl = 1', odf = 8', bsi = 1', cnt = 2', bdch = 8', odch = 3', lcp = 1', #sols = 150
<DWph=0> <it= 10> <et=4.17> <Mt= 0.00> <Spt= 0.02> <nCl=  0> <al=0.00> <DB=  774.3000> <Mlp=  774.3000> <PB=774.3> 
Dynamic params and stats :  bidir.bord. = 74.3 aver.obdmd = 17.9167 aver.buck.num. = 25.6528 nbR1C = 78 with avMem = 10
ColGenEvalAlg final dual bound: 774.3 (rounded: 774.3)
Gap improvement since the last cut separation : 1 (773.456)
New model incumbent solution 774.3, TIME = 0h0m4s18t = 418
************************************************************************************************
Search is finished, global bounds : [ 774.3 , 774.3 ], TIME = 0h0m4s18t = 418
************************************************************************************************
[32mBaPCod : solution defined.[00m
statistics_cols: instance & :Optimal & cutoff & :bcRecRootDb & :bcTimeRootEval & :bcCountNodeProc & :bcRecBestDb & :bcRecBestInc & :bcTimeMain \\
statistics: h10_c50_l150_10 & 1 & -1.0 & 774.30 & 4.18 & 1 & 774.30 & 774.30 & 4.18 \\
 
######### Customized statistics #########################
Customized_statistics: h10_c50_l150_10 8 9 NOT_FIXED_OPT 1.0e7 774.2999997474458 418.0 1 774.2999997474458 774.3000000000002 4.18 5.869999999999999
########################################################

########################################################
Tour #1: 6 48 32 52 47 36 8 29 46 19 58 8 41 10 12 59 57 0 27 25 37 54 33 9 40 28 55 43 21 56 22 6 50 24 30 11 15 39 2 17 23 18 45 13 51 31 2 42 44 38 49 16 34 6 20 14 35 26 53 6 
Cost 774.3
########################################################
