Application parameters:
  fixedtrip  =>  false
  batch  =>  nothing
  instance  =>  "/IN/h10_c50_l200_05.txt"
  cfg  =>  "/BWTSP/src/../config/TSPHS.cfg"
  out  =>  nothing
  ub  =>  1.0e7
  sol  =>  nothing
  round  =>  0
  Qvalue  =>  999
  tikz  =>  nothing
  qvalue  =>  6
  nosolve  =>  false
########################################################
VRPSolver warning: Interval set for resource 1 on source node (when source != sink) is ignored (by definition is [0.0,0.0])
[41m solve [00m
Info about modified params should be ignored for params which are not in the config file.
Such warnings may have been triggered because the default value of the param was modified.
 BaPCod info - PARAM MODIFIED : 
     StabilizationFunctionType::none 
     ===> 
     StabilFuncInnerAngle = 0 and StabilFuncOuterAngle = 0 
 BaPCod info - PARAM MODIFIED : 
     colGenStabilizationFunctionType::none 
     ===> 
     colGenProximalStabilizationRule::undefined 
~~~~~~~~~~~~~~~~~~~~~~~~~~~~~~~~~~~~~~~~~~~~~~~~~~~~~~~~~~~~~~~~~~~~~~~~~~~~~~
VRPSolver v0.4.1, 24/03/2021. Web: vrpsolver.math.u-bordeaux.fr
Corresponds to the solver by Pessoa, Sadykov, Uchoa and Vanderbeck (2020)
Paper: dx.doi.org/10.1007/s10107-020-01523-z
USE THIS CODE ONLY FOR ACADEMIC PURPOSES AT YOUR OWN RISK
~~~~~~~~~~~~~~~~~~~~~~~~~~~~~~~~~~~~~~~~~~~~~~~~~~~~~~~~~~~~~~~~~~~~~~~~~~~~~~
BaPCod v053, 24/03/2021, © Inria Bordeaux, France
~~~~~~~~~~~~~~~~~~~~~~~~~~~~~~~~~~~~~~~~~~~~~~~~~~~~~~~~~~~~~~~~~~~~~~~~~~~~~~
/* SOLUTION MODE */
  ovfSolMode = none
  masterSolMode = mipSolver
  colGenSubProbSolMode = customSolver
  sepSubProbSolMode = mipSolver

/* MIP SOLVER PARAMETERS */ 
MipSolverMaxBBNodes = 2000000
MipSolverMaxTime = 360000
MipSolverRecordNamesInFormulation = true
nameVarConstrInFormulations = true

/* BRANCH-AND-PRICE CONTROL PARAMETERS */  
MaxNbOfCgIterations = 100000
MaxNbOfBendersIterations = 5000
MaxNbOfBBtreeNodeTreated = 100000

 /* STABILIZATION OF COLUMN GENERATION CONTROL PARAMETERS */ 
mastInitMode = localArtCol
colGenDualPriceSmoothingRule = Wentges
bendersPrimalSolSmoothingRule = none

/* STRATEGIES FOR COLUMN GENERATION CONTROL PARAMETERS */ 
Search4NegRedCostColInInactivePool = false
MultiColGeneration = true

/* STRATEGIES FOR SEPARATION CONTROL PARAMETERS */ 
bendersSpInitMode = localArtVar
bendersSpInitModeUseLocalArtVarForEqualityConstraints = false
BendersSepOracleNthreads = 0
bendersCutGenerationMode = cutAndBranch
bendersMultiSolnCutGen = true
bendersMultiSolnCutGenPoolCapacity = 0
bendersMultiSolnCutGenEleminateSeenSolns = false

/* PRIMAL HEURISTIC CONTROL PARAMETERS */ 
UseInitialPrimalHeur = false
UseDivingHeur = true
UseRestrictedMasterIpHeur = true

/* Code OUTPUT CONTROL  */ 
DEFAULTPRINTLEVEL = 0
ClockType = 0

/* SOLVER Name */
solverName = CPLEX_SOLVER

/* ADVANCED USER PARAMETERS */
ApplyPreprocessing = true
ApplyStrongBranchingEvaluation = true
StrongBranchingParameter4MaxNbOfCandidates = 10
MaxNbOfStagesInColGenProcedure = 3
GenerateProperColumns = false
DynamicSpVarGen = false
bendersCutScaling = false

!!-- ADVANCED PARAMETERS --!! 

/* MIP SOLVER PARAMETERS */ 
MipSolverMaxNbLpIterations = 2147483645
RequiredSolStatForOvf = SolutionStatus includes     Optimum ,    PrimalFeasSolFound ,

PreprocessorOnForOvf = true
ProbingOnForOvf = true
AutomaticCuttingPlanesOnForOvf = true
SolverSelectForOvf = d
RequiredSolStatForMast = SolutionStatus includes     Optimum ,    DualFeasSolFound ,    OptimumUnscalInfeas ,

PreprocessorOnForMast = true
ProbingOnForMast = true
AutomaticCuttingPlanesOnForMast = true
SolverSelectForMast = a
SolverSelectForMastAfterBarrierConvergence = d
RequiredSolStatForColGenSp = SolutionStatus includes     Optimum ,    PrimalFeasSolFound ,

PreprocessorOnForColGenSp = true
ProbingOnForColGenSp = true
AutomaticCuttingPlanesOnForColGenSp = true
SolverSelectForSepSp = d
RequiredSolStatForSepSp = SolutionStatus includes     Optimum ,    PrimalFeasSolFound ,

PreprocessorOnForSepSp = true
ProbingOnForSepSp = true
AutomaticCuttingPlanesOnForSepSp = true
SolverSelectForSepSp = d
SafeDualBoundScaleFactor = -1
MasterMipSolverRightHAndSideZeroTol = 1e-07
MasterMipSolverReducedCostTolerance = 1e-07
MasterMipSolverClassicalBendersWarmStart = false
MasterMipSolverClassicalBendersEpGap = 0.01
MasterMipSolverClassicalBendersEpGapFactor = 0.5
MasterMipSolverClassicalBendersMIPEmphasis = 0
MasterMipSolverBarrierMinConvergTol = 1e-06
MasterMipSolverBarrierConvergTolFactor = 0.01
ColGenMipSolverRightHAndSideZeroTol = 1e-08
ColGenMipSolverReducedCostTolerance = 1e-06
BendersSpMipSolverRightHAndSideZeroTol = 1e-06
BendersSpMipSolverReducedCostTolerance = 1e-08
MipSolverMultiThread = 1
MipSolverIntegerFeasibility = 1e-08
MipSolverNbOfExtraRows = 1000
MipSolverNbOfExtraCols = 1000
MipSolverNbOfExtraGlobalEntities = 10000
MipSolverNbOfExtraMatrixElements = 50000
MipSolverNbOfExtraElementsInPresolve = 1000

/* BRANCH-AND-PRICE CONTROL PARAMETERS */  
MaxNbOfColPerIteration = 1
MaxDepthInBBtree = 5000
StopWhenBranchingFails = true
fullSearchForBestBranchingSet = true
BapCodReducedCostTolerance = 1e-06
BapCodCutViolationTolerance = 0.02
BapCodIntegralityTolerance = 1e-08
treeSearchStrategy = 1

/* BRANCH-AND-PRICE OPTION PARAMETERS */ 
PseudoLagrangianBounds = false
DCP_MaxIterWithSameSg = 0
TestAggregateMasterSol4Integrality = false
VerifyColsIntegralityInTestSolForIntegrality = false
BranchFirstOnPureMasterVariables = true
BranchFirstOnSubProblemVariables = false
StrongBranchingParameter4BestVsWorstBd = 0.9
StrongBranchingParameter4MaxNbOfCandidatesAfterRM = 5
StrongBranchingParameter4NodesNbRatio = 0.1
StrongBranchingParameter4NotPromissingConservativeness = 1
StrongBranchingPhaseOne = max#cand. = 100 max#cg.iters = 0 min.lvl.sp.restr. = 0 min#cut.rounds = 0 max#cut.rounds = 0 red.cost.fix&enum. = false tree.size.ratio = 0.2
StrongBranchingPhaseTwo = max#cand. = 5 max#cg.iters = 10000 min.lvl.sp.restr. = 1 min#cut.rounds = 0 max#cut.rounds = 0 red.cost.fix&enum. = false tree.size.ratio = 0.02
StrongBranchingPhaseThree = max#cand. = 1 max#cg.iters = 10000 min.lvl.sp.restr. = 0 min#cut.rounds = 0 max#cut.rounds = 10000 red.cost.fix&enum. = true tree.size.ratio = 1
StrongBranchingPhaseFour =not active
StrongBranchingPhaseOneCandidatesNumber = 100
StrongBranchingPhaseOneTreeSizeEstimRatio = 0.2
StrongBranchingPhaseTwoCandidatesNumber = 5
StrongBranchingPhaseTwoTreeSizeEstimRatio = 0.02
StrongBranchingExactPhaseInterrupt = false
StrongBranchingUseHistorySubtreeSize = false
TerminateCgWhenRoundedDbCannotImprove = false
UseObjScalingFact = false
UseMasterCuttingPlanes = true
ExploreCutPoolBeforeSeparation = true
GoIntoSeparationEvenIfViolatedCutsFromPool = false
MasterCuttingPlanesDepthLimit = 1000
MaxNbOfCutGeneratedAtEachIter = 1000
NbOfCutTargetedBeforeSwitchingTemplate = 10
OpenNodesLimit = 1000

 /* STABILIZATION OF COLUMN GENERATION CONTROL PARAMETERS */ 
LocArtVarInConvexityConstr = true
dualCPInitWithArtCol = false
ArtVarPenaltyUpdateFactor = 2
ArtVarUniformPenaltyUpdate = true
ArtVarMaxNbOfPenaltyUpdates = 5
BendersSepSpArtVarPenaltyUpdateFactor = 5
BendersSepSpArtVarUniformPenaltyUpdate = true
BendersSepSpArtVarMaxNbOfPenaltyUpdates = 3
BendersSepSpArtVarPenaltyInit = 1
BendersSepSpFreeCostArtVar = false
BendersSepSpFreeCostArtVarMaxNbOfLBResets = -1
colGenStabilizationFunctionType = none
colGenProximalStabilizationRule = undefined
bendersProximalStabilizationFunctionType = none
StabilFuncKappa = 1
StabilFuncArtVarInSolUpdateFactor = 10
StabilFuncCurvature = 1
StabilFuncCurvatureAdvanceRate = 1
StabilFuncOuterHalfInterval = 100
StabilFuncInnerHalfInterval = 10
StabilFuncHalfIntervalChildNodeFactor = 10
StabilFuncOuterAngle = 0
StabilFuncInnerAngle = 0
colGenDualPriceSmoothingAlphaFactor = 1
colGenDualPriceSmoothingBetaFactor = 0
colGenDualPriceSmoothingMinGap = 0
colGenDualPriceSmoothingMaxGap = 0
bendersPrimalSolSmoothingAlphaFactor = 0
bendersPrimalSolSmoothingBetaFactor = 0
bendersPrimalSolSmoothingMinGap = 0
bendersPrimalSolSmoothingMaxGap = 0
colGenStabilizationMaxTreeDepth = 10000
bendersStabilizationMaxTreeDepthStabilizationMaxTreeDepth = 10000
colGenDualPriceSmoothingMaxNbOfUpdate = 10
bendersPrimalSolSmoothingMaxNbOfUpdate = 10
StabilizationMinPhaseOfStage = 0

/* STRATEGIES FOR COLUMN GENERATION CONTROL PARAMETERS */ 
SplitColIntoDissagregateSpVar = false
SplitColIntoDissagregateSpVarInHeadIn = true
dynamicallyAddVarConstrInCallBacks = false
PriceAllSubproblemsForBestDualBound = true
CyclicSpScanning = false
Col4AllSubproblems = false
UseColumnsPool = false
InsertAllGeneratedColumnsInFormRatherThanInPool = true
InsertNewNonNegColumnsDirectlyInFormRatherThanInPool = true
ColumnCleanupFrequenceInNbOfCgIter = 1
ColumnCleanupThreshold = 10000
ColumnCleanupRatio = 0.66
CutCleanupThreshold = 1
CutTailingOffThreshold = 0.015
CutTailingOffCounterThreshold = 3
CutTailingOffAbsTolerance = -1
MinNumOfCutRoundsBeforeStopBySp = 1
CutCleanupRatio = 0.66
CutDynamicPriorityLevel = false
SetColFromBasisWhenProcNewNode = true
SetVarWithLowRedCostOnlyWhenProcNewNode = false
CleanupMasterCutsWhenProcNewNode = false
ReducedCostFixingThreshold = 0.9
runColGenUntilFullConvergence = false

/* PRIMAL HEURISTIC CONTROL PARAMETERS */ 
UseGreedyHeur = 0
MaxNbGhIter = 50
UseSeqRoundingHeur = false
UseFeasibilityPumpHeur = false
UseCustomFracSolBasedHeur = false
UseDive2RestrictHeur = false
UseLocalSearchHeur = false
UseDivingProximalHeur = false
UseRestrictMastProximalHeur = false
ActivateAllColumnsForRestrictedMasterIpHeur = false
MaxTimeForRestrictedMasterIpHeur = -1
PolishingAfterTimeInRestrictedMasterIpHeur = -1
MaxNumEnumSolsInRestrictedMasterIpHeur = 5000
MIPemphasisInRestrictedMasterIpHeur = 1
CallFrequencyOfRestrictedMasterIpHeur = 5
CallFrequencyOfDivingHeur = 1
UseDivingHeurAfterBranchOnly = false
UseDivingHeurOnMasterColOnly = true
UseDivingHeurOnPureMastVarOnly = false
UseSeqRoundingHeurAfterBranchOnly = false
MaxFeasibilityPumpIterationCounter = 20
FeasibilityPumpModCostFunction = 2
MaxLocalSearchIterationCounter = 3
MaxProximalIterationCounter = 3
MaxDepthInDivingHeur = 50
EvalAlgParamsInDiving = max#cand. = 1 max#cg.iters = 10000 min.lvl.sp.restr. = 1 min#cut.rounds = 0 max#cut.rounds = 0 red.cost.fix&enum. = false tree.size.ratio = 1
MaxFactorOfPartialSolValueInDive2RestrictHeur = 0.5
MaxFactorOfColFixedByLocalSearchHeur = 0.8
StrongDivingCandidatesNumber = 1
MaxNbOfCgIteDuringRh = 5000
MaxNbOfPenaltUpdatesDuringRH = 10
MaxLDSbreadth = 0
MaxLDSdepth = 0
DivingHeurUseDepthLimit = -1
LocalSearchHeurUseDepthLimit = 2
DivingHeurStopsWithFirstFeasSol = false
DivingHeurPreprocessBeforeChoosingVar = false
FixIntValBeforeRoundingHeur = true
IgnoreIntValWhenSelectingRoundedVarInRH = true
NbOfSelectionCriteriaForRoundingHeur = 1
RecordingNodeInfo = false
/* RCSP SOLVER CONTROL PARAMETERS */ 
RCSPcheckDominInOtherBuckets = true
RCSPuseBidirectionalSearch = 2
RCSPuseCompletionBoundsInPricing = 0
RCSPdomChecksThresholdInPricing = 1e+15
RCSPstopCutGenTimeThresholdInPricing = 10
RCSPhardTimeThresholdInPricing = 25
RCSPmaxNumOfColsPerIteration = 30
RCSPmaxNumOfColsPerExactIteration = 150
RCSPallowRoutesWithSameVerticesSet = true
RCSPheurLabelingStrategy = 0
RCSPnumberOfBucketsPerVertex = 25
RCSPdynamicBucketSteps = 1
RCSPdynBuckStepAdjustRatioThreshold = 500
RCSPdynBuckStepAdjustNumBuckArcsThreshold = 10000
RCSPapplyReducedCostFixing = 1
RCSPredCostFixingFalseGap = 0
RCSPuseComplBoundsInRedCostFixing = 2
RCSPuseDSSRInMode = 0
RCSPmaxNumOfColumnsInDSSR = 100
RCSPmaxCycleSizeInDSSR = 5
RCSPdynamicNGmode = 0
RCSPmaxNumOfColumnsInDynamicNG = 100
RCSPmaxCycleSizeInDynamicNG = 5
RCSPmaxNGneighbourhoodSize = 12
RCSPmaxNGneighbourhoodSize = 12
RCSPmaxNGaverNeighbourhoodSize = 12
RCSPuseCapacityCuts = true
RCSPresConsKnapsackCutsMode = 8
RCSPcapCutsMaxNumPerRound = 100
RCSPcliqueCutsMaxNumPerRound = 0
RCSPcliqueCutsMaxSepTime = 5
RCSPrankOneCutsMaxNumRows = 5
RCSPrankOneCutsMaxNumPerRound = 100
RCSPrankOneCutsMemoryType = 1
RCSPrankOneCutsArcMemoryType = 2
RCSPrankOneCutsSpDependentMemory = false
RCSPrankOneCutsLSnumIterations = 1000
RCSPrankOneCutsNeighbourhoodSize = 16
RCSPrankOneCutsMaxNumTriplets = 10000
RCSPuseExactComplBoundsInEnumeration = true
RCSPmaxGapToRunEnumeration = 1
RCSPmaxNumOfLabelsInEnumeration = 500000
RCSPmaxNumOfLabelsInHeurEnumeration = 0
RCSPmaxNumOfEnumeratedSolutions = 5000000
RCSPmaxNumOfEnumSolutionsForMIP = 0
RCSPmaxNumOfEnumSolsForEndOfNodeMIP = 0
RCSPstopRatioForConcatenationInEnum = 30
RCSPenableSimplePricing = false
LeastFractional
Closest2RoundUp
LeastGreedyCost
LeastCost
selectColBasedOnLpSoInDivingHeur = false
breakTiesByGreedyCostInRh = true
RestrictedMasterIpHeurColRenewalBeforeReUse = 0.5

/* Code OUTPUT CONTROL  */ 
ColGenLogFrequency = 1
BundleOutput = 0
time key = bcTimeNow
time key = now
/* BOUND */
minimizationProblem = true
integerValuedBound = true
optimalityGapTolerance = 1e-06
relOptimalityGapTolerance = 1e-06
/* ADVANCED PARAMETERS */
useDirectAccessForMastColumnMembership = false
useSPVarMembershipCache = false
CheckSpOracleFeasibility = false
CheckOracleOptimality = false

prName & bcTimeMain \\ 
Bucket steps were recalculated for graph G_1 : [8]
RCSP solver info : non-symmetric case as the reverse arc for 0->10 does not exist
Bidirectional border value is initialised to 98.6
RCSP solver info : number of forw. reachable buckets / buck. strongly connected components is 1461( 79.1012% ) / 1461( 100% )
RCSP solver info : number of back. reachable buckets / buck. strongly connected components is 1437( 77.8018% ) / 1437( 100% )
Generating neibourhoods for rank-1 cuts separation
Building structures for 4- and 5-row rank-1 packing cut separation...done!
Model is built TIME = 0h0m1s25t = 125
************************************************************************************************
**** BaB tree root node
**** Local DB = -1e+12, global bounds : [ -1e+12 , 1e+12 ], TIME = 0h0m1s25t = 125
**** 1 open nodes, 0 columns (0 active), 0 dyn. constrs. (0 active), 123 art. vars. (123 active)
************************************************************************************************
#<DWph=2> <it=  1> <et=1.26> <Mt= 0.00> <Spt= 0.00> <nCl=  8> <al=0.00> <DB=  150.4800> <Mlp=  295.3200> <PB=1e+12> 
#<DWph=2> <it=  2> <et=1.26> <Mt= 0.00> <Spt= 0.00> <nCl=  1> <al=0.55> <DB=  210.4534> <Mlp=  283.7543> <PB=1e+12> 
#<DWph=2> <it=  3> <et=1.27> <Mt= 0.00> <Spt= 0.01> <nCl=  1> <al=0.00> <DB=  280.6095> <Mlp=  283.3010> <PB=1e+12> 
#<DWph=2> <it=  4> <et=1.27> <Mt= 0.00> <Spt= 0.00> <nCl=  1> <al=0.35> <DB=  281.5181> <Mlp=  283.3010> <PB=1e+12> 
#<DWph=2> <it=  5> <et=1.28> <Mt= 0.00> <Spt= 0.00> <nCl=  0> <al=0.00> <DB=  283.2762> <Mlp=  283.2762> <PB=1e+12> 
#<DWph=2> <it=  6> <et=1.28> <Mt= 0.00> <Spt= 0.01> <nCl=  8> <al=0.25> <DB=  195.8059> <Mlp=  502.2491> <PB=1e+12> 
#<DWph=2> <it=  7> <et=1.28> <Mt= 0.00> <Spt= 0.00> <nCl=  8> <al=0.33> <DB=  300.0137> <Mlp=  482.0185> <PB=1e+12> 
#<DWph=2> <it=  8> <et=1.29> <Mt= 0.00> <Spt= 0.00> <nCl=  9> <al=0.39> <DB=  327.8985> <Mlp=  465.0865> <PB=1e+12> 
#<DWph=2> <it=  9> <et=1.29> <Mt= 0.00> <Spt= 0.01> <nCl=  8> <al=0.29> <DB=  351.8127> <Mlp=  463.0199> <PB=1e+12> 
#<DWph=2> <it= 10> <et=1.29> <Mt= 0.00> <Spt= 0.00> <nCl=  7> <al=0.36> <DB=  356.2763> <Mlp=  455.9494> <PB=1e+12> 
#<DWph=2> <it= 11> <et=1.30> <Mt= 0.00> <Spt= 0.00> <nCl=  6> <al=0.43> <DB=  387.9879> <Mlp=  450.4244> <PB=1e+12> 
#<DWph=2> <it= 12> <et=1.30> <Mt= 0.00> <Spt= 0.01> <nCl=  7> <al=0.48> <DB=  399.0542> <Mlp=  447.4253> <PB=1e+12> 
#<DWph=2> <it= 13> <et=1.30> <Mt= 0.00> <Spt= 0.00> <nCl=  5> <al=0.38> <DB=  410.9502> <Mlp=  443.1281> <PB=1e+12> 
#<DWph=2> <it= 14> <et=1.31> <Mt= 0.00> <Spt= 0.00> <nCl=  4> <al=0.45> <DB=  425.3393> <Mlp=  441.2430> <PB=1e+12> 
#<DWph=2> <it= 15> <et=1.31> <Mt= 0.00> <Spt= 0.00> <nCl=  5> <al=0.50> <DB=  426.5999> <Mlp=  440.7533> <PB=1e+12> 
#<DWph=2> <it= 16> <et=1.31> <Mt= 0.00> <Spt= 0.01> <nCl=  3> <al=0.55> <DB=  424.4429> <Mlp=  440.2857> <PB=1e+12> 
#<DWph=2> <it= 17> <et=1.32> <Mt= 0.00> <Spt= 0.00> <nCl=  2> <al=0.60> <DB=  430.4266> <Mlp=  439.7628> <PB=1e+12> 
#<DWph=2> <it= 18> <et=1.32> <Mt= 0.00> <Spt= 0.00> <nCl=  4> <al=0.50> <DB=  432.3188> <Mlp=  439.3788> <PB=1e+12> 
#<DWph=2> <it= 19> <et=1.32> <Mt= 0.00> <Spt= 0.01> <nCl=  2> <al=0.55> <DB=  434.7138> <Mlp=  439.3788> <PB=1e+12> 
#<DWph=2> <it= 20> <et=1.33> <Mt= 0.00> <Spt= 0.00> <nCl=  1> <al=0.59> <DB=  431.0903> <Mlp=  439.3211> <PB=1e+12> 
#<DWph=2> <it= 21> <et=1.33> <Mt= 0.00> <Spt= 0.00> <nCl=  2> <al=0.63> <DB=  435.2792> <Mlp=  439.2977> <PB=1e+12> 
#<DWph=2> <it= 22> <et=1.33> <Mt= 0.00> <Spt= 0.00> <nCl=  1> <al=0.67> <DB=  435.5858> <Mlp=  438.9401> <PB=1e+12> 
#<DWph=2> <it= 23> <et=1.34> <Mt= 0.00> <Spt= 0.01> <nCl=  1> <al=0.40> <DB=  435.8948> <Mlp=  438.9401> <PB=1e+12> 
#<DWph=2> <it= 24> <et=1.35> <Mt= 0.00> <Spt= 0.01> <nCl=  1> <al=0.20> <DB=  435.7300> <Mlp=  438.9401> <PB=1e+12> 
#<DWph=2> <it= 25> <et=1.35> <Mt= 0.00> <Spt= 0.00> <nCl=  0> <al=0.00> <DB=  438.9401> <Mlp=  438.9401> <PB=1e+12> 
#<DWph=2> <it= 26> <et=1.36> <Mt= 0.00> <Spt= 0.01> <nCl= 10> <al=0.40> <DB=  285.5917> <Mlp=  550.4803> <PB=1e+12> 
#<DWph=2> <it= 27> <et=1.36> <Mt= 0.00> <Spt= 0.00> <nCl= 10> <al=0.46> <DB=  327.7988> <Mlp=  543.8523> <PB=1e+12> 
#<DWph=2> <it= 28> <et=1.36> <Mt= 0.00> <Spt= 0.00> <nCl=  9> <al=0.52> <DB=  314.4694> <Mlp=  516.8638> <PB=1e+12> 
#<DWph=2> <it= 29> <et=1.37> <Mt= 0.01> <Spt= 0.01> <nCl=  8> <al=0.56> <DB=  407.0249> <Mlp=  512.3913> <PB=1e+12> 
#<DWph=2> <it= 30> <et=1.37> <Mt= 0.00> <Spt= 0.00> <nCl=  3> <al=0.61> <DB=  438.1343> <Mlp=  507.7321> <PB=1e+12> 
#<DWph=2> <it= 31> <et=1.38> <Mt= 0.00> <Spt= 0.00> <nCl=  3> <al=0.65> <DB=  454.7657> <Mlp=  503.6140> <PB=1e+12> 
#<DWph=2> <it= 32> <et=1.38> <Mt= 0.00> <Spt= 0.00> <nCl=  3> <al=0.55> <DB=  469.6896> <Mlp=  503.2425> <PB=1e+12> 
#<DWph=2> <it= 33> <et=1.38> <Mt= 0.00> <Spt= 0.01> <nCl=  8> <al=0.45> <DB=  430.8222> <Mlp=  503.2425> <PB=1e+12> 
#<DWph=2> <it= 34> <et=1.39> <Mt= 0.00> <Spt= 0.00> <nCl=  5> <al=0.50> <DB=  457.5167> <Mlp=  503.0416> <PB=1e+12> 
#<DWph=2> <it= 35> <et=1.39> <Mt= 0.00> <Spt= 0.00> <nCl=  2> <al=0.55> <DB=  482.3835> <Mlp=  498.0346> <PB=1e+12> 
#<DWph=2> <it= 36> <et=1.39> <Mt= 0.00> <Spt= 0.01> <nCl=  9> <al=0.45> <DB=  463.5236> <Mlp=  497.8442> <PB=1e+12> 
#<DWph=2> <it= 37> <et=1.40> <Mt= 0.00> <Spt= 0.00> <nCl=  7> <al=0.51> <DB=  449.4674> <Mlp=  497.7169> <PB=1e+12> 
#<DWph=2> <it= 38> <et=1.40> <Mt= 0.00> <Spt= 0.00> <nCl=  4> <al=0.56> <DB=  467.3337> <Mlp=  497.6960> <PB=1e+12> 
#<DWph=2> <it= 39> <et=1.40> <Mt= 0.00> <Spt= 0.01> <nCl=  3> <al=0.60> <DB=  484.2339> <Mlp=  496.6690> <PB=1e+12> 
#<DWph=2> <it= 40> <et=1.41> <Mt= 0.00> <Spt= 0.00> <nCl=  6> <al=0.64> <DB=  484.9238> <Mlp=  495.3847> <PB=1e+12> 
#<DWph=2> <it= 41> <et=1.41> <Mt= 0.00> <Spt= 0.00> <nCl=  5> <al=0.68> <DB=  486.5437> <Mlp=  494.8796> <PB=1e+12> 
#<DWph=2> <it= 42> <et=1.41> <Mt= 0.00> <Spt= 0.01> <nCl=  1> <al=0.71> <DB=  488.7594> <Mlp=  494.1539> <PB=1e+12> 
#<DWph=2> <it= 43> <et=1.42> <Mt= 0.00> <Spt= 0.00> <nCl=  3> <al=0.61> <DB=  481.0688> <Mlp=  494.0271> <PB=1e+12> 
#<DWph=2> <it= 44> <et=1.43> <Mt= 0.00> <Spt= 0.01> <nCl=  1> <al=0.00> <DB=  493.3601> <Mlp=  493.9601> <PB=1e+12> 
#<DWph=2> <it= 45> <et=1.43> <Mt= 0.00> <Spt= 0.00> <nCl=  1> <al=0.55> <DB=  493.3601> <Mlp=  493.9601> <PB=1e+12> 
#<DWph=2> <it= 46> <et=1.44> <Mt= 0.00> <Spt= 0.01> <nCl=  1> <al=0.00> <DB=  493.9296> <Mlp=  493.9584> <PB=1e+12> 
#<DWph=2> <it= 47> <et=1.45> <Mt= 0.00> <Spt= 0.00> <nCl=  0> <al=0.00> <DB=  493.9584> <Mlp=  493.9584> <PB=1e+12> 
#<DWph=2> <it= 48> <et=1.45> <Mt= 0.00> <Spt= 0.01> <nCl= 10> <al=0.35> <DB=   52.3811> <Mlp=  522.6184> <PB=1e+12> 
#<DWph=2> <it= 49> <et=1.45> <Mt= 0.00> <Spt= 0.00> <nCl=  7> <al=0.41> <DB=  214.8233> <Mlp=  506.8487> <PB=1e+12> 
#<DWph=2> <it= 50> <et=1.46> <Mt= 0.01> <Spt= 0.00> <nCl=  9> <al=0.47> <DB=  454.9015> <Mlp=  503.3988> <PB=1e+12> 
#<DWph=2> <it= 51> <et=1.46> <Mt= 0.00> <Spt= 0.01> <nCl=  4> <al=0.52> <DB=  484.3354> <Mlp=  502.7662> <PB=1e+12> 
#<DWph=2> <it= 52> <et=1.46> <Mt= 0.00> <Spt= 0.00> <nCl=  1> <al=0.57> <DB=  483.2253> <Mlp=  501.8756> <PB=1e+12> 
<DWph=2> <it= 53> <et=1.47> <Mt= 0.00> <Spt= 0.00> <nCl=  4> <al=0.61> <DB=  476.1913> <Mlp=  498.6022> <PB=1e+12> 
<DWph=2> <it= 54> <et=1.47> <Mt= 0.00> <Spt= 0.01> <nCl=  1> <al=0.65> <DB=  493.7505> <Mlp=  498.6022> <PB=1e+12> 
<DWph=2> <it= 55> <et=1.47> <Mt= 0.00> <Spt= 0.00> <nCl=  1> <al=0.69> <DB=  492.4704> <Mlp=  498.6022> <PB=1e+12> 
<DWph=2> <it= 56> <et=1.48> <Mt= 0.00> <Spt= 0.00> <nCl=  1> <al=0.72> <DB=  494.9244> <Mlp=  498.6022> <PB=1e+12> 
<DWph=2> <it= 57> <et=1.48> <Mt= 0.00> <Spt= 0.00> <nCl=  2> <al=0.62> <DB=  495.0789> <Mlp=  498.5955> <PB=1e+12> 
<DWph=2> <it= 58> <et=1.49> <Mt= 0.00> <Spt= 0.01> <nCl=  4> <al=0.66> <DB=  476.0150> <Mlp=  498.4785> <PB=1e+12> 
<DWph=2> <it= 59> <et=1.49> <Mt= 0.00> <Spt= 0.00> <nCl=  1> <al=0.69> <DB=  491.1323> <Mlp=  498.3924> <PB=1e+12> 
<DWph=2> <it= 60> <et=1.49> <Mt= 0.00> <Spt= 0.00> <nCl=  1> <al=0.59> <DB=  492.0383> <Mlp=  498.3924> <PB=1e+12> 
<DWph=2> <it= 61> <et=1.50> <Mt= 0.00> <Spt= 0.01> <nCl=  1> <al=0.49> <DB=  493.2317> <Mlp=  498.3924> <PB=1e+12> 
<DWph=2> <it= 62> <et=1.50> <Mt= 0.00> <Spt= 0.00> <nCl=  9> <al=0.00> <DB=  487.9181> <Mlp=  498.3924> <PB=1e+12> 
<DWph=2> <it= 63> <et=1.51> <Mt= 0.00> <Spt= 0.01> <nCl=  3> <al=0.29> <DB=  489.6144> <Mlp=  498.1744> <PB=1e+12> 
<DWph=2> <it= 64> <et=1.51> <Mt= 0.00> <Spt= 0.00> <nCl=  3> <al=0.00> <DB=  492.3678> <Mlp=  498.0612> <PB=1e+12> 
<DWph=2> <it= 65> <et=1.52> <Mt= 0.00> <Spt= 0.01> <nCl=  0> <al=0.00> <DB=  497.9214> <Mlp=  497.9214> <PB=1e+12> 
<DWph=1> <it= 66> <et=1.53> <Mt= 0.00> <Spt= 0.00> <nCl=  5> <al=0.16> <DB=  490.0301> <Mlp=  497.9214> <PB=1e+12> 
<DWph=1> <it= 67> <et=1.53> <Mt= 0.00> <Spt= 0.01> <nCl=  2> <al=0.25> <DB=  492.4705> <Mlp=  497.8539> <PB=1e+12> 
<DWph=1> <it= 68> <et=1.54> <Mt= 0.00> <Spt= 0.01> <nCl=  0> <al=0.00> <DB=  497.6932> <Mlp=  497.6932> <PB=1e+12> 
    RCSP exact solver info for graph G_1 : TT = 0.006603, pt = 8.7e-05, dt = 0.004958, ct = 0.000463, ndl = 1', bdl = 13', odl = 2', odf = 10', bsi = 1', cnt = 1', bdch = 34', odch = 3', lcp = 8', #sols = 150
    RCSP exact solver info for graph G_1 : TT = 0.005855, pt = 0.000102, dt = 0.004153, ct = 0.000456, ndl = 1', bdl = 13', odl = 2', odf = 10', bsi = 1', cnt = 1', bdch = 34', odch = 3', lcp = 8', #sols = 150
<DWph=0> <it= 69> <et=1.56> <Mt= 0.00> <Spt= 0.02> <nCl=  0> <al=0.00> <DB=  497.6932> <Mlp=  497.6932> <PB=1e+12> 
    Full reduced cost fixing is not called (gap ratio is 1)
Dynamic params and stats :  bidir.bord. = 98.6 aver.obdmd = 19.1111 aver.buck.num. = 25.6528
ColGenEvalAlg final dual bound: 497.693 (rounded: 497.693)
>>>>> Add min cuts : 10 cut(s) added
----- Add fac. cuts : UserCuts0(10), max.viol = 1.95283, aver.viol = 1.36202, sep/add took 0.89/0 sec. -----
403 columns (403 active), 10 dyn. constrs. (10 active), 143 art. vars. (143 active)
#<DWph=2> <it=  1> <et=2.47> <Mt= 0.01> <Spt= 0.00> <nCl=  5> <al=0.50> <DB=  488.0417> <Mlp=  514.4653> <PB=1e+12> 
#<DWph=2> <it=  2> <et=2.47> <Mt= 0.00> <Spt= 0.01> <nCl=  5> <al=0.55> <DB=  495.5020> <Mlp=  514.2943> <PB=1e+12> 
#<DWph=2> <it=  3> <et=2.48> <Mt= 0.00> <Spt= 0.00> <nCl=  2> <al=0.60> <DB=  501.4772> <Mlp=  513.7798> <PB=1e+12> 
#<DWph=2> <it=  4> <et=2.48> <Mt= 0.00> <Spt= 0.00> <nCl=  3> <al=0.64> <DB=  505.8662> <Mlp=  513.5999> <PB=1e+12> 
#<DWph=2> <it=  5> <et=2.49> <Mt= 0.00> <Spt= 0.01> <nCl=  2> <al=0.34> <DB=  504.2380> <Mlp=  510.4709> <PB=1e+12> 
#<DWph=2> <it=  6> <et=2.49> <Mt= 0.00> <Spt= 0.00> <nCl=  2> <al=0.57> <DB=  508.1907> <Mlp=  510.3420> <PB=1e+12> 
#<DWph=2> <it=  7> <et=2.50> <Mt= 0.00> <Spt= 0.01> <nCl=  2> <al=0.61> <DB=  506.1080> <Mlp=  510.3340> <PB=1e+12> 
#<DWph=2> <it=  8> <et=2.51> <Mt= 0.00> <Spt= 0.01> <nCl=  2> <al=0.00> <DB=  508.1050> <Mlp=  510.3002> <PB=1e+12> 
#<DWph=2> <it=  9> <et=2.52> <Mt= 0.00> <Spt= 0.01> <nCl=  0> <al=0.00> <DB=  510.3001> <Mlp=  510.3001> <PB=1e+12> 
#<DWph=2> <it= 10> <et=2.53> <Mt= 0.00> <Spt= 0.01> <nCl=  2> <al=0.00> <DB=  513.5337> <Mlp=  515.6445> <PB=1e+12> 
#<DWph=2> <it= 11> <et=2.54> <Mt= 0.00> <Spt= 0.00> <nCl=  0> <al=0.00> <DB=  515.6396> <Mlp=  515.6396> <PB=1e+12> 
#<DWph=2> <it= 12> <et=2.54> <Mt= 0.00> <Spt= 0.01> <nCl=  8> <al=0.25> <DB=  503.7373> <Mlp=  522.2505> <PB=1e+12> 
#<DWph=2> <it= 13> <et=2.55> <Mt= 0.00> <Spt= 0.00> <nCl=  3> <al=0.33> <DB=  506.8263> <Mlp=  521.8164> <PB=1e+12> 
#<DWph=2> <it= 14> <et=2.56> <Mt= 0.01> <Spt= 0.01> <nCl=  4> <al=0.00> <DB=  502.0168> <Mlp=  521.5650> <PB=1e+12> 
#<DWph=2> <it= 15> <et=2.56> <Mt= 0.00> <Spt= 0.00> <nCl=  4> <al=0.30> <DB=  516.8024> <Mlp=  521.5109> <PB=1e+12> 
#<DWph=2> <it= 16> <et=2.56> <Mt= 0.00> <Spt= 0.00> <nCl=  1> <al=0.37> <DB=  518.3811> <Mlp=  521.4784> <PB=1e+12> 
#<DWph=2> <it= 17> <et=2.57> <Mt= 0.00> <Spt= 0.01> <nCl=  4> <al=0.00> <DB=  519.7622> <Mlp=  521.4784> <PB=1e+12> 
#<DWph=2> <it= 18> <et=2.58> <Mt= 0.00> <Spt= 0.01> <nCl=  2> <al=0.33> <DB=  520.9887> <Mlp=  521.4758> <PB=1e+12> 
#<DWph=2> <it= 19> <et=2.58> <Mt= 0.00> <Spt= 0.00> <nCl=  1> <al=0.40> <DB=  520.4220> <Mlp=  521.4728> <PB=1e+12> 
#<DWph=2> <it= 20> <et=2.59> <Mt= 0.00> <Spt= 0.01> <nCl=  4> <al=0.00> <DB=  518.7143> <Mlp=  521.4624> <PB=1e+12> 
#<DWph=2> <it= 21> <et=2.59> <Mt= 0.00> <Spt= 0.00> <nCl=  1> <al=0.36> <DB=  521.2767> <Mlp=  521.4585> <PB=1e+12> 
#<DWph=2> <it= 22> <et=2.60> <Mt= 0.00> <Spt= 0.01> <nCl=  0> <al=0.00> <DB=  521.4570> <Mlp=  521.4570> <PB=1e+12> 
<DWph=2> <it= 23> <et=2.61> <Mt= 0.00> <Spt= 0.00> <nCl=  5> <al=0.32> <DB=  505.4349> <Mlp=  521.9455> <PB=1e+12> 
<DWph=2> <it= 24> <et=2.61> <Mt= 0.00> <Spt= 0.00> <nCl=  2> <al=0.39> <DB=  520.1792> <Mlp=  521.5536> <PB=1e+12> 
<DWph=2> <it= 25> <et=2.61> <Mt= 0.00> <Spt= 0.01> <nCl=  1> <al=0.45> <DB=  521.3551> <Mlp=  521.5442> <PB=1e+12> 
<DWph=2> <it= 26> <et=2.62> <Mt= 0.00> <Spt= 0.00> <nCl=  2> <al=0.01> <DB=  519.6168> <Mlp=  521.5434> <PB=1e+12> 
<DWph=2> <it= 27> <et=2.63> <Mt= 0.00> <Spt= 0.01> <nCl=  0> <al=0.00> <DB=  521.5434> <Mlp=  521.5434> <PB=1e+12> 
<DWph=1> <it= 28> <et=2.64> <Mt= 0.00> <Spt= 0.01> <nCl=  3> <al=0.30> <DB=  514.6960> <Mlp=  521.5434> <PB=1e+12> 
<DWph=1> <it= 29> <et=2.64> <Mt= 0.01> <Spt= 0.00> <nCl=  1> <al=0.37> <DB=  518.8681> <Mlp=  521.3654> <PB=1e+12> 
<DWph=1> <it= 30> <et=2.65> <Mt= 0.00> <Spt= 0.01> <nCl=  1> <al=0.27> <DB=  520.2905> <Mlp=  521.3616> <PB=1e+12> 
<DWph=1> <it= 31> <et=2.66> <Mt= 0.00> <Spt= 0.01> <nCl=  1> <al=0.17> <DB=  519.7569> <Mlp=  521.3564> <PB=1e+12> 
<DWph=1> <it= 32> <et=2.67> <Mt= 0.00> <Spt= 0.00> <nCl=  1> <al=0.26> <DB=  520.7514> <Mlp=  521.3547> <PB=1e+12> 
<DWph=1> <it= 33> <et=2.67> <Mt= 0.00> <Spt= 0.01> <nCl=  1> <al=0.16> <DB=  520.8056> <Mlp=  521.3541> <PB=1e+12> 
<DWph=1> <it= 34> <et=2.68> <Mt= 0.00> <Spt= 0.01> <nCl=  1> <al=0.24> <DB=  521.0922> <Mlp=  521.3508> <PB=1e+12> 
<DWph=1> <it= 35> <et=2.69> <Mt= 0.00> <Spt= 0.01> <nCl=  0> <al=0.00> <DB=  521.3495> <Mlp=  521.3495> <PB=1e+12> 
    RCSP exact solver info for graph G_1 : TT = 0.006002, pt = 9e-05, dt = 0.004347, ct = 0.000495, ndl = 1', bdl = 13', odl = 2', odf = 11', bsi = 1', cnt = 1', bdch = 37', odch = 3', lcp = 10', #sols = 150
    RCSP exact solver info for graph G_1 : TT = 0.006009, pt = 0.0001, dt = 0.004323, ct = 0.000482, ndl = 1', bdl = 13', odl = 2', odf = 11', bsi = 1', cnt = 1', bdch = 37', odch = 3', lcp = 10', #sols = 150
<DWph=0> <it= 36> <et=2.71> <Mt= 0.00> <Spt= 0.02> <nCl=  0> <al=0.00> <DB=  521.3495> <Mlp=  521.3495> <PB=1e+12> 
    Full reduced cost fixing is not called (gap ratio is 1)
Dynamic params and stats :  bidir.bord. = 98.6 aver.obdmd = 19.1111 aver.buck.num. = 25.6528
ColGenEvalAlg final dual bound: 521.35 (rounded: 521.35)
False gap improvement since the last cut separation : 0.47532 (497.693)
>>>>> Add min cuts : 11 cut(s) added
----- Add fac. cuts : UserCuts0(11), max.viol = 1.75265, aver.viol = 1.26877, sep/add took 0.02/0 sec. -----
580 columns (580 active), 21 dyn. constrs. (16 active), 165 art. vars. (155 active)
#<DWph=2> <it=  1> <et=2.74> <Mt= 0.00> <Spt= 0.00> <nCl=  5> <al=0.50> <DB=  515.8435> <Mlp=  536.4861> <PB=1e+12> 
#<DWph=2> <it=  2> <et=2.75> <Mt= 0.00> <Spt= 0.01> <nCl=  3> <al=0.55> <DB=  524.6894> <Mlp=  534.9679> <PB=1e+12> 
#<DWph=2> <it=  3> <et=2.76> <Mt= 0.01> <Spt= 0.00> <nCl=  6> <al=0.45> <DB=  515.7326> <Mlp=  534.8719> <PB=1e+12> 
#<DWph=2> <it=  4> <et=2.76> <Mt= 0.00> <Spt= 0.00> <nCl=  4> <al=0.51> <DB=  524.8647> <Mlp=  534.4984> <PB=1e+12> 
#<DWph=2> <it=  5> <et=2.77> <Mt= 0.00> <Spt= 0.01> <nCl=  8> <al=0.55> <DB=  517.1635> <Mlp=  534.0911> <PB=1e+12> 
#<DWph=2> <it=  6> <et=2.77> <Mt= 0.00> <Spt= 0.00> <nCl=  3> <al=0.60> <DB=  525.6341> <Mlp=  533.4922> <PB=1e+12> 
#<DWph=2> <it=  7> <et=2.78> <Mt= 0.00> <Spt= 0.01> <nCl=  7> <al=0.50> <DB=  524.4967> <Mlp=  533.4435> <PB=1e+12> 
#<DWph=2> <it=  8> <et=2.78> <Mt= 0.00> <Spt= 0.00> <nCl=  4> <al=0.55> <DB=  525.7184> <Mlp=  533.2446> <PB=1e+12> 
#<DWph=2> <it=  9> <et=2.79> <Mt= 0.00> <Spt= 0.01> <nCl=  2> <al=0.59> <DB=  530.8902> <Mlp=  533.1506> <PB=1e+12> 
#<DWph=2> <it= 10> <et=2.79> <Mt= 0.00> <Spt= 0.00> <nCl=  3> <al=0.49> <DB=  528.5714> <Mlp=  533.1392> <PB=1e+12> 
#<DWph=2> <it= 11> <et=2.80> <Mt= 0.00> <Spt= 0.00> <nCl=  1> <al=0.54> <DB=  532.1707> <Mlp=  533.0730> <PB=1e+12> 
#<DWph=2> <it= 12> <et=2.80> <Mt= 0.00> <Spt= 0.01> <nCl=  2> <al=0.59> <DB=  532.5397> <Mlp=  533.0714> <PB=1e+12> 
#<DWph=2> <it= 13> <et=2.81> <Mt= 0.00> <Spt= 0.00> <nCl=  2> <al=0.49> <DB=  530.2994> <Mlp=  533.0710> <PB=1e+12> 
#<DWph=2> <it= 14> <et=2.82> <Mt= 0.00> <Spt= 0.01> <nCl=  1> <al=0.08> <DB=  532.7835> <Mlp=  533.0575> <PB=1e+12> 
#<DWph=2> <it= 15> <et=2.83> <Mt= 0.01> <Spt= 0.01> <nCl=  1> <al=0.00> <DB=  532.0573> <Mlp=  533.0575> <PB=1e+12> 
#<DWph=2> <it= 16> <et=2.83> <Mt= 0.00> <Spt= 0.01> <nCl=  1> <al=0.00> <DB=  532.2845> <Mlp=  533.0400> <PB=1e+12> 
#<DWph=2> <it= 17> <et=2.84> <Mt= 0.00> <Spt= 0.00> <nCl=  0> <al=0.00> <DB=  533.0294> <Mlp=  533.0294> <PB=1e+12> 
#<DWph=2> <it= 18> <et=2.85> <Mt= 0.00> <Spt= 0.01> <nCl=  7> <al=0.14> <DB=  512.6655> <Mlp=  539.3777> <PB=1e+12> 
#<DWph=2> <it= 19> <et=2.85> <Mt= 0.00> <Spt= 0.00> <nCl=  8> <al=0.23> <DB=  507.2227> <Mlp=  538.7060> <PB=1e+12> 
#<DWph=2> <it= 20> <et=2.86> <Mt= 0.00> <Spt= 0.01> <nCl=  4> <al=0.30> <DB=  535.1686> <Mlp=  538.3459> <PB=1e+12> 
#<DWph=2> <it= 21> <et=2.86> <Mt= 0.00> <Spt= 0.00> <nCl=  1> <al=0.37> <DB=  535.7733> <Mlp=  538.1840> <PB=1e+12> 
#<DWph=2> <it= 22> <et=2.87> <Mt= 0.00> <Spt= 0.01> <nCl=  5> <al=0.44> <DB=  535.5743> <Mlp=  538.1333> <PB=1e+12> 
#<DWph=2> <it= 23> <et=2.88> <Mt= 0.00> <Spt= 0.00> <nCl=  7> <al=0.49> <DB=  533.2643> <Mlp=  538.1048> <PB=1e+12> 
#<DWph=2> <it= 24> <et=2.88> <Mt= 0.00> <Spt= 0.01> <nCl=  1> <al=0.09> <DB=  537.2946> <Mlp=  538.0463> <PB=1e+12> 
#<DWph=2> <it= 25> <et=2.89> <Mt= 0.00> <Spt= 0.00> <nCl=  1> <al=0.44> <DB=  537.7916> <Mlp=  538.0428> <PB=1e+12> 
#<DWph=2> <it= 26> <et=2.90> <Mt= 0.01> <Spt= 0.01> <nCl=  2> <al=0.00> <DB=  537.3763> <Mlp=  538.0427> <PB=1e+12> 
#<DWph=2> <it= 27> <et=2.90> <Mt= 0.00> <Spt= 0.01> <nCl=  2> <al=0.24> <DB=  537.4851> <Mlp=  538.0359> <PB=1e+12> 
#<DWph=2> <it= 28> <et=2.91> <Mt= 0.00> <Spt= 0.00> <nCl=  1> <al=0.32> <DB=  537.7105> <Mlp=  538.0345> <PB=1e+12> 
#<DWph=2> <it= 29> <et=2.91> <Mt= 0.00> <Spt= 0.00> <nCl=  1> <al=0.39> <DB=  537.6783> <Mlp=  538.0337> <PB=1e+12> 
#<DWph=2> <it= 30> <et=2.92> <Mt= 0.00> <Spt= 0.01> <nCl=  0> <al=0.00> <DB=  538.0307> <Mlp=  538.0307> <PB=1e+12> 
#<DWph=2> <it= 31> <et=2.93> <Mt= 0.00> <Spt= 0.01> <nCl=  7> <al=0.19> <DB=  474.3755> <Mlp=  544.6022> <PB=1e+12> 
#<DWph=2> <it= 32> <et=2.93> <Mt= 0.00> <Spt= 0.00> <nCl=  6> <al=0.27> <DB=  481.7611> <Mlp=  544.0962> <PB=1e+12> 
<DWph=2> <it= 33> <et=2.94> <Mt= 0.00> <Spt= 0.00> <nCl=  6> <al=0.34> <DB=  535.9300> <Mlp=  541.0408> <PB=1e+12> 
<DWph=2> <it= 34> <et=2.95> <Mt= 0.00> <Spt= 0.01> <nCl=  7> <al=0.00> <DB=  536.4436> <Mlp=  540.9735> <PB=1e+12> 
<DWph=2> <it= 35> <et=2.96> <Mt= 0.01> <Spt= 0.01> <nCl=  2> <al=0.31> <DB=  539.9577> <Mlp=  540.8561> <PB=1e+12> 
<DWph=2> <it= 36> <et=2.96> <Mt= 0.00> <Spt= 0.00> <nCl=  4> <al=0.38> <DB=  539.6650> <Mlp=  540.8496> <PB=1e+12> 
<DWph=2> <it= 37> <et=2.97> <Mt= 0.00> <Spt= 0.01> <nCl=  1> <al=0.44> <DB=  540.0477> <Mlp=  540.8239> <PB=1e+12> 
<DWph=2> <it= 38> <et=2.97> <Mt= 0.00> <Spt= 0.00> <nCl=  3> <al=0.50> <DB=  540.2773> <Mlp=  540.7272> <PB=1e+12> 
<DWph=2> <it= 39> <et=2.98> <Mt= 0.00> <Spt= 0.00> <nCl=  3> <al=0.55> <DB=  538.5908> <Mlp=  540.7182> <PB=1e+12> 
<DWph=2> <it= 40> <et=2.98> <Mt= 0.00> <Spt= 0.01> <nCl=  1> <al=0.59> <DB=  540.3051> <Mlp=  540.7066> <PB=1e+12> 
<DWph=2> <it= 41> <et=2.99> <Mt= 0.00> <Spt= 0.01> <nCl=  1> <al=0.26> <DB=  540.5122> <Mlp=  540.7066> <PB=1e+12> 
<DWph=2> <it= 42> <et=3.00> <Mt= 0.00> <Spt= 0.00> <nCl=  1> <al=0.53> <DB=  540.4889> <Mlp=  540.7066> <PB=1e+12> 
<DWph=2> <it= 43> <et=3.01> <Mt= 0.00> <Spt= 0.01> <nCl=  2> <al=0.00> <DB=  533.9661> <Mlp=  540.7066> <PB=1e+12> 
<DWph=1> <it= 45> <et=3.02> <Mt= 0.00> <Spt= 0.01> <nCl=  7> <al=0.48> <DB=  536.2283> <Mlp=  540.6404> <PB=1e+12> 
<DWph=1> <it= 46> <et=3.03> <Mt= 0.00> <Spt= 0.01> <nCl=  8> <al=0.38> <DB=  537.1157> <Mlp=  540.5925> <PB=1e+12> 
<DWph=1> <it= 47> <et=3.04> <Mt= 0.01> <Spt= 0.01> <nCl=  8> <al=0.44> <DB=  538.0767> <Mlp=  540.4861> <PB=1e+12> 
<DWph=1> <it= 48> <et=3.05> <Mt= 0.00> <Spt= 0.01> <nCl=  6> <al=0.50> <DB=  539.0178> <Mlp=  540.4430> <PB=1e+12> 
<DWph=1> <it= 49> <et=3.06> <Mt= 0.00> <Spt= 0.00> <nCl=  4> <al=0.40> <DB=  539.1546> <Mlp=  540.4303> <PB=1e+12> 
<DWph=1> <it= 50> <et=3.07> <Mt= 0.00> <Spt= 0.01> <nCl=  4> <al=0.46> <DB=  539.6994> <Mlp=  540.4137> <PB=1e+12> 
<DWph=1> <it= 51> <et=3.08> <Mt= 0.00> <Spt= 0.01> <nCl=  4> <al=0.36> <DB=  539.8490> <Mlp=  540.4094> <PB=1e+12> 
<DWph=1> <it= 52> <et=3.08> <Mt= 0.00> <Spt= 0.01> <nCl=  1> <al=0.26> <DB=  539.9498> <Mlp=  540.4091> <PB=1e+12> 
<DWph=1> <it= 53> <et=3.09> <Mt= 0.00> <Spt= 0.01> <nCl=  2> <al=0.33> <DB=  540.0532> <Mlp=  540.4087> <PB=1e+12> 
<DWph=1> <it= 54> <et=3.11> <Mt= 0.00> <Spt= 0.01> <nCl=  0> <al=0.00> <DB=  540.4050> <Mlp=  540.4050> <PB=1e+12> 
    RCSP exact solver info for graph G_1 : TT = 0.006146, pt = 9.1e-05, dt = 0.004414, ct = 0.000552, ndl = 1', bdl = 14', odl = 2', odf = 11', bsi = 1', cnt = 1', bdch = 38', odch = 3', lcp = 10', #sols = 150
<DWph=0> <it= 55> <et=3.12> <Mt= 0.00> <Spt= 0.01> <nCl=  1> <al=0.13> <DB=  534.0190> <Mlp=  540.4050> <PB=1e+12> 
    RCSP exact solver info for graph G_1 : TT = 0.006844, pt = 0.000115, dt = 0.00486, ct = 0.000631, ndl = 1', bdl = 14', odl = 2', odf = 11', bsi = 1', cnt = 1', bdch = 41', odch = 3', lcp = 11', #sols = 150
    RCSP exact solver info for graph G_1 : TT = 0.006493, pt = 0.000103, dt = 0.004617, ct = 0.000626, ndl = 1', bdl = 14', odl = 2', odf = 11', bsi = 1', cnt = 1', bdch = 41', odch = 3', lcp = 11', #sols = 150
<DWph=0> <it= 56> <et=3.14> <Mt= 0.00> <Spt= 0.02> <nCl=  0> <al=0.00> <DB=  540.3922> <Mlp=  540.3922> <PB=1e+12> 
    Full reduced cost fixing is not called (gap ratio is 1)
Dynamic params and stats :  bidir.bord. = 98.6 aver.obdmd = 19.1111 aver.buck.num. = 25.6528
ColGenEvalAlg final dual bound: 540.392 (rounded: 540.392)
False gap improvement since the last cut separation : 0.365258 (521.35)
>>>>> Add min cuts : 15 cut(s) added
----- Add fac. cuts : UserCuts0(15), max.viol = 1.64384, aver.viol = 0.761558, sep/add took 0.03/0 sec. -----
955 columns (955 active), 31 dyn. constrs. (26 active), 195 art. vars. (175 active)
#<DWph=2> <it=  1> <et=3.19> <Mt= 0.01> <Spt= 0.01> <nCl= 10> <al=0.50> <DB=  531.4742> <Mlp=  559.6988> <PB=1e+12> 
#<DWph=2> <it=  2> <et=3.20> <Mt= 0.00> <Spt= 0.00> <nCl=  3> <al=0.55> <DB=  545.6563> <Mlp=  557.4666> <PB=1e+12> 
#<DWph=2> <it=  3> <et=3.21> <Mt= 0.01> <Spt= 0.01> <nCl=  9> <al=0.45> <DB=  530.4497> <Mlp=  557.4333> <PB=1e+12> 
#<DWph=2> <it=  4> <et=3.22> <Mt= 0.00> <Spt= 0.00> <nCl=  3> <al=0.51> <DB=  549.7837> <Mlp=  556.5936> <PB=1e+12> 
#<DWph=2> <it=  5> <et=3.22> <Mt= 0.00> <Spt= 0.01> <nCl=  9> <al=0.41> <DB=  542.5318> <Mlp=  556.5443> <PB=1e+12> 
#<DWph=2> <it=  6> <et=3.23> <Mt= 0.00> <Spt= 0.00> <nCl=  7> <al=0.46> <DB=  550.9220> <Mlp=  556.2647> <PB=1e+12> 
#<DWph=2> <it=  7> <et=3.23> <Mt= 0.00> <Spt= 0.01> <nCl=  8> <al=0.52> <DB=  551.3451> <Mlp=  556.1197> <PB=1e+12> 
#<DWph=2> <it=  8> <et=3.24> <Mt= 0.00> <Spt= 0.00> <nCl=  6> <al=0.57> <DB=  552.5333> <Mlp=  555.9530> <PB=1e+12> 
#<DWph=2> <it=  9> <et=3.25> <Mt= 0.01> <Spt= 0.01> <nCl=  8> <al=0.61> <DB=  551.5742> <Mlp=  555.8984> <PB=1e+12> 
#<DWph=2> <it= 10> <et=3.25> <Mt= 0.00> <Spt= 0.00> <nCl=  6> <al=0.65> <DB=  553.6872> <Mlp=  555.8176> <PB=1e+12> 
#<DWph=2> <it= 11> <et=3.26> <Mt= 0.00> <Spt= 0.01> <nCl=  3> <al=0.55> <DB=  551.7035> <Mlp=  555.7693> <PB=1e+12> 
#<DWph=2> <it= 12> <et=3.27> <Mt= 0.00> <Spt= 0.00> <nCl=  4> <al=0.59> <DB=  554.3076> <Mlp=  555.7104> <PB=1e+12> 
#<DWph=2> <it= 13> <et=3.27> <Mt= 0.00> <Spt= 0.00> <nCl=  4> <al=0.63> <DB=  553.8675> <Mlp=  555.6886> <PB=1e+12> 
#<DWph=2> <it= 14> <et=3.28> <Mt= 0.00> <Spt= 0.01> <nCl=  2> <al=0.34> <DB=  553.7667> <Mlp=  555.6768> <PB=1e+12> 
#<DWph=2> <it= 15> <et=3.29> <Mt= 0.00> <Spt= 0.01> <nCl=  3> <al=0.57> <DB=  554.5812> <Mlp=  555.6594> <PB=1e+12> 
#<DWph=2> <it= 16> <et=3.29> <Mt= 0.01> <Spt= 0.00> <nCl=  2> <al=0.47> <DB=  554.7682> <Mlp=  555.6551> <PB=1e+12> 
#<DWph=2> <it= 17> <et=3.30> <Mt= 0.00> <Spt= 0.01> <nCl=  2> <al=0.37> <DB=  555.0966> <Mlp=  555.6535> <PB=1e+12> 
#<DWph=2> <it= 18> <et=3.31> <Mt= 0.00> <Spt= 0.00> <nCl=  2> <al=0.27> <DB=  554.3332> <Mlp=  555.6505> <PB=1e+12> 
#<DWph=2> <it= 19> <et=3.31> <Mt= 0.00> <Spt= 0.01> <nCl=  5> <al=0.17> <DB=  554.4965> <Mlp=  555.6424> <PB=1e+12> 
#<DWph=2> <it= 20> <et=3.32> <Mt= 0.00> <Spt= 0.00> <nCl=  5> <al=0.07> <DB=  553.2228> <Mlp=  555.6348> <PB=1e+12> 
#<DWph=2> <it= 21> <et=3.33> <Mt= 0.00> <Spt= 0.01> <nCl=  1> <al=0.00> <DB=  555.3334> <Mlp=  555.6322> <PB=1e+12> 
#<DWph=2> <it= 22> <et=3.34> <Mt= 0.00> <Spt= 0.01> <nCl=  0> <al=0.00> <DB=  555.6309> <Mlp=  555.6309> <PB=1e+12> 
#<DWph=2> <it= 23> <et=3.34> <Mt= 0.00> <Spt= 0.00> <nCl=  7> <al=0.00> <DB=  543.7883> <Mlp=  561.6438> <PB=1e+12> 
#<DWph=2> <it= 24> <et=3.35> <Mt= 0.01> <Spt= 0.01> <nCl=  6> <al=0.07> <DB=  539.0811> <Mlp=  561.4979> <PB=1e+12> 
#<DWph=2> <it= 25> <et=3.36> <Mt= 0.00> <Spt= 0.00> <nCl=  7> <al=0.16> <DB=  524.6020> <Mlp=  561.1767> <PB=1e+12> 
#<DWph=2> <it= 26> <et=3.36> <Mt= 0.00> <Spt= 0.01> <nCl=  4> <al=0.24> <DB=  557.1991> <Mlp=  561.0126> <PB=1e+12> 
#<DWph=2> <it= 27> <et=3.37> <Mt= 0.00> <Spt= 0.00> <nCl=  2> <al=0.32> <DB=  559.3477> <Mlp=  561.0026> <PB=1e+12> 
#<DWph=2> <it= 28> <et=3.38> <Mt= 0.00> <Spt= 0.01> <nCl=  3> <al=0.22> <DB=  559.9046> <Mlp=  560.9999> <PB=1e+12> 
#<DWph=2> <it= 29> <et=3.38> <Mt= 0.00> <Spt= 0.00> <nCl=  1> <al=0.30> <DB=  560.8877> <Mlp=  560.9946> <PB=1e+12> 
#<DWph=2> <it= 30> <et=3.39> <Mt= 0.00> <Spt= 0.01> <nCl=  4> <al=0.20> <DB=  559.8413> <Mlp=  560.9935> <PB=1e+12> 
#<DWph=2> <it= 31> <et=3.39> <Mt= 0.01> <Spt= 0.00> <nCl=  1> <al=0.28> <DB=  560.8879> <Mlp=  560.9926> <PB=1e+12> 
#<DWph=2> <it= 32> <et=3.40> <Mt= 0.00> <Spt= 0.01> <nCl=  1> <al=0.00> <DB=  560.1239> <Mlp=  560.9922> <PB=1e+12> 
#<DWph=2> <it= 33> <et=3.41> <Mt= 0.00> <Spt= 0.00> <nCl=  1> <al=0.25> <DB=  559.6901> <Mlp=  560.9870> <PB=1e+12> 
#<DWph=2> <it= 34> <et=3.42> <Mt= 0.00> <Spt= 0.01> <nCl=  1> <al=0.00> <DB=  560.6366> <Mlp=  560.9847> <PB=1e+12> 
#<DWph=2> <it= 35> <et=3.43> <Mt= 0.00> <Spt= 0.01> <nCl=  1> <al=0.00> <DB=  560.7737> <Mlp=  560.9842> <PB=1e+12> 
#<DWph=2> <it= 36> <et=3.43> <Mt= 0.00> <Spt= 0.00> <nCl=  1> <al=0.00> <DB=  560.4093> <Mlp=  560.9836> <PB=1e+12> 
#<DWph=2> <it= 37> <et=3.44> <Mt= 0.00> <Spt= 0.01> <nCl=  3> <al=0.06> <DB=  560.5161> <Mlp=  560.9758> <PB=1e+12> 
#<DWph=2> <it= 38> <et=3.44> <Mt= 0.00> <Spt= 0.00> <nCl=  1> <al=0.15> <DB=  560.6622> <Mlp=  560.9758> <PB=1e+12> 
#<DWph=2> <it= 39> <et=3.45> <Mt= 0.00> <Spt= 0.01> <nCl=  0> <al=0.00> <DB=  560.9756> <Mlp=  560.9756> <PB=1e+12> 
#<DWph=2> <it= 40> <et=3.46> <Mt= 0.01> <Spt= 0.01> <nCl= 10> <al=0.00> <DB=  366.2013> <Mlp=  567.2935> <PB=1e+12> 
#<DWph=2> <it= 41> <et=3.47> <Mt= 0.00> <Spt= 0.00> <nCl=  8> <al=0.05> <DB=  546.9777> <Mlp=  567.2783> <PB=1e+12> 
#<DWph=2> <it= 42> <et=3.48> <Mt= 0.00> <Spt= 0.01> <nCl=  9> <al=0.15> <DB=  544.3676> <Mlp=  567.1104> <PB=1e+12> 
#<DWph=2> <it= 43> <et=3.48> <Mt= 0.00> <Spt= 0.00> <nCl=  3> <al=0.23> <DB=  564.1512> <Mlp=  567.1104> <PB=1e+12> 
#<DWph=2> <it= 44> <et=3.49> <Mt= 0.00> <Spt= 0.01> <nCl=  2> <al=0.13> <DB=  560.7848> <Mlp=  567.1038> <PB=1e+12> 
#<DWph=2> <it= 45> <et=3.49> <Mt= 0.01> <Spt= 0.00> <nCl=  2> <al=0.22> <DB=  565.4754> <Mlp=  567.1038> <PB=1e+12> 
#<DWph=2> <it= 46> <et=3.50> <Mt= 0.00> <Spt= 0.00> <nCl=  3> <al=0.12> <DB=  566.8841> <Mlp=  567.0981> <PB=1e+12> 
#<DWph=2> <it= 47> <et=3.51> <Mt= 0.00> <Spt= 0.01> <nCl=  4> <al=0.02> <DB=  566.7288> <Mlp=  567.0976> <PB=1e+12> 
#<DWph=2> <it= 48> <et=3.51> <Mt= 0.00> <Spt= 0.00> <nCl=  0> <al=0.00> <DB=  567.0960> <Mlp=  567.0960> <PB=1e+12> 
#<DWph=2> <it= 49> <et=3.52> <Mt= 0.00> <Spt= 0.01> <nCl=  4> <al=0.00> <DB=  406.9669> <Mlp=  578.7938> <PB=1e+12> 
#<DWph=2> <it= 50> <et=3.53> <Mt= 0.00> <Spt= 0.00> <nCl=  4> <al=0.00> <DB=  479.5184> <Mlp=  577.6596> <PB=1e+12> 
<DWph=2> <it= 51> <et=3.53> <Mt= 0.01> <Spt= 0.01> <nCl=  4> <al=0.05> <DB=  551.3371> <Mlp=  575.0369> <PB=1e+12> 
<DWph=2> <it= 52> <et=3.54> <Mt= 0.00> <Spt= 0.00> <nCl=  4> <al=0.14> <DB=  558.1202> <Mlp=  573.4769> <PB=1e+12> 
<DWph=2> <it= 53> <et=3.55> <Mt= 0.00> <Spt= 0.01> <nCl=  1> <al=0.23> <DB=  569.7513> <Mlp=  573.1207> <PB=1e+12> 
<DWph=2> <it= 54> <et=3.55> <Mt= 0.00> <Spt= 0.00> <nCl=  3> <al=0.30> <DB=  563.1830> <Mlp=  573.1004> <PB=1e+12> 
<DWph=2> <it= 55> <et=3.56> <Mt= 0.01> <Spt= 0.01> <nCl=  3> <al=0.37> <DB=  567.5167> <Mlp=  572.5444> <PB=1e+12> 
<DWph=2> <it= 56> <et=3.57> <Mt= 0.00> <Spt= 0.00> <nCl=  1> <al=0.44> <DB=  569.8020> <Mlp=  572.3410> <PB=1e+12> 
<DWph=2> <it= 57> <et=3.58> <Mt= 0.00> <Spt= 0.00> <nCl=  1> <al=0.34> <DB=  571.4373> <Mlp=  572.2653> <PB=1e+12> 
<DWph=2> <it= 58> <et=3.58> <Mt= 0.00> <Spt= 0.01> <nCl=  1> <al=0.24> <DB=  570.6562> <Mlp=  572.2644> <PB=1e+12> 
<DWph=2> <it= 59> <et=3.59> <Mt= 0.00> <Spt= 0.01> <nCl=  1> <al=0.00> <DB=  571.7949> <Mlp=  572.2644> <PB=1e+12> 
<DWph=2> <it= 60> <et=3.60> <Mt= 0.00> <Spt= 0.01> <nCl=  0> <al=0.00> <DB=  572.2644> <Mlp=  572.2644> <PB=1e+12> 
<DWph=1> <it= 61> <et=3.61> <Mt= 0.00> <Spt= 0.01> <nCl=  9> <al=0.11> <DB=  569.5471> <Mlp=  572.2644> <PB=1e+12> 
<DWph=1> <it= 62> <et=3.62> <Mt= 0.01> <Spt= 0.01> <nCl=  8> <al=0.01> <DB=  568.1819> <Mlp=  572.1969> <PB=1e+12> 
<DWph=1> <it= 63> <et=3.64> <Mt= 0.00> <Spt= 0.01> <nCl=  8> <al=0.11> <DB=  570.6951> <Mlp=  572.1512> <PB=1e+12> 
<DWph=1> <it= 64> <et=3.65> <Mt= 0.00> <Spt= 0.01> <nCl=  5> <al=0.20> <DB=  571.0408> <Mlp=  572.1461> <PB=1e+12> 
<DWph=1> <it= 65> <et=3.66> <Mt= 0.00> <Spt= 0.00> <nCl=  6> <al=0.10> <DB=  570.8904> <Mlp=  572.1183> <PB=1e+12> 
<DWph=1> <it= 66> <et=3.67> <Mt= 0.00> <Spt= 0.01> <nCl=  4> <al=0.19> <DB=  571.4859> <Mlp=  572.1157> <PB=1e+12> 
<DWph=1> <it= 67> <et=3.68> <Mt= 0.00> <Spt= 0.01> <nCl=  4> <al=0.27> <DB=  571.7934> <Mlp=  572.1106> <PB=1e+12> 
<DWph=1> <it= 68> <et=3.69> <Mt= 0.01> <Spt= 0.01> <nCl=  2> <al=0.17> <DB=  572.0556> <Mlp=  572.1098> <PB=1e+12> 
<DWph=1> <it= 69> <et=3.70> <Mt= 0.00> <Spt= 0.01> <nCl=  2> <al=0.07> <DB=  572.0827> <Mlp=  572.1098> <PB=1e+12> 
<DWph=1> <it= 70> <et=3.72> <Mt= 0.00> <Spt= 0.02> <nCl=  0> <al=0.00> <DB=  572.1098> <Mlp=  572.1098> <PB=1e+12> 
    RCSP exact solver info for graph G_1 : TT = 0.006507, pt = 9.3e-05, dt = 0.004693, ct = 0.000603, ndl = 1', bdl = 14', odl = 2', odf = 11', bsi = 1', cnt = 2', bdch = 39', odch = 3', lcp = 11', #sols = 150
<DWph=0> <it= 71> <et=3.73> <Mt= 0.00> <Spt= 0.01> <nCl=  2> <al=0.06> <DB=  571.7696> <Mlp=  572.1098> <PB=1e+12> 
    RCSP exact solver info for graph G_1 : TT = 0.006734, pt = 0.000113, dt = 0.004762, ct = 0.000606, ndl = 1', bdl = 14', odl = 2', odf = 11', bsi = 1', cnt = 2', bdch = 39', odch = 3', lcp = 11', #sols = 150
    RCSP exact solver info for graph G_1 : TT = 0.006352, pt = 9.7e-05, dt = 0.0045, ct = 0.000601, ndl = 1', bdl = 14', odl = 2', odf = 11', bsi = 1', cnt = 2', bdch = 39', odch = 3', lcp = 11', #sols = 150
<DWph=0> <it= 72> <et=3.75> <Mt= 0.00> <Spt= 0.02> <nCl=  0> <al=0.00> <DB=  572.1098> <Mlp=  572.1098> <PB=1e+12> 
    Full reduced cost fixing is not called (gap ratio is 1)
Dynamic params and stats :  bidir.bord. = 98.6 aver.obdmd = 19.1111 aver.buck.num. = 25.6528
ColGenEvalAlg final dual bound: 572.11 (rounded: 572.11)
False gap improvement since the last cut separation : 0.586935 (540.392)
>>>>> Add min cuts : 16 cut(s) added
----- Add fac. cuts : UserCuts0(16), max.viol = 1.3748, aver.viol = 0.625934, sep/add took 0.01/0 sec. -----
1334 columns (1334 active), 42 dyn. constrs. (35 active), 227 art. vars. (193 active)
#<DWph=2> <it=  1> <et=3.81> <Mt= 0.02> <Spt= 0.01> <nCl=  8> <al=0.50> <DB=  510.5350> <Mlp=  584.5969> <PB=1e+12> 
#<DWph=2> <it=  2> <et=3.82> <Mt= 0.00> <Spt= 0.00> <nCl=  5> <al=0.55> <DB=  574.3168> <Mlp=  583.4329> <PB=1e+12> 
#<DWph=2> <it=  3> <et=3.82> <Mt= 0.01> <Spt= 0.01> <nCl=  6> <al=0.60> <DB=  573.9320> <Mlp=  583.0702> <PB=1e+12> 
#<DWph=2> <it=  4> <et=3.83> <Mt= 0.00> <Spt= 0.00> <nCl=  6> <al=0.64> <DB=  575.4157> <Mlp=  582.8763> <PB=1e+12> 
#<DWph=2> <it=  5> <et=3.84> <Mt= 0.00> <Spt= 0.01> <nCl=  6> <al=0.67> <DB=  576.3029> <Mlp=  582.6820> <PB=1e+12> 
#<DWph=2> <it=  6> <et=3.85> <Mt= 0.00> <Spt= 0.00> <nCl=  6> <al=0.70> <DB=  577.2017> <Mlp=  582.6101> <PB=1e+12> 
#<DWph=2> <it=  7> <et=3.86> <Mt= 0.01> <Spt= 0.01> <nCl=  5> <al=0.73> <DB=  573.4746> <Mlp=  582.3964> <PB=1e+12> 
#<DWph=2> <it=  8> <et=3.87> <Mt= 0.00> <Spt= 0.01> <nCl=  3> <al=0.52> <DB=  579.7953> <Mlp=  582.2225> <PB=1e+12> 
#<DWph=2> <it=  9> <et=3.87> <Mt= 0.00> <Spt= 0.00> <nCl=  3> <al=0.66> <DB=  580.7268> <Mlp=  582.2179> <PB=1e+12> 
#<DWph=2> <it= 10> <et=3.88> <Mt= 0.00> <Spt= 0.01> <nCl=  3> <al=0.56> <DB=  580.5619> <Mlp=  582.2170> <PB=1e+12> 
#<DWph=2> <it= 11> <et=3.89> <Mt= 0.00> <Spt= 0.00> <nCl=  4> <al=0.46> <DB=  581.1446> <Mlp=  582.1582> <PB=1e+12> 
#<DWph=2> <it= 12> <et=3.90> <Mt= 0.01> <Spt= 0.01> <nCl=  6> <al=0.36> <DB=  580.8671> <Mlp=  582.1524> <PB=1e+12> 
#<DWph=2> <it= 13> <et=3.90> <Mt= 0.00> <Spt= 0.00> <nCl=  1> <al=0.42> <DB=  581.7243> <Mlp=  582.1523> <PB=1e+12> 
#<DWph=2> <it= 14> <et=3.92> <Mt= 0.00> <Spt= 0.01> <nCl=  5> <al=0.00> <DB=  579.2893> <Mlp=  582.1509> <PB=1e+12> 
#<DWph=2> <it= 15> <et=3.92> <Mt= 0.00> <Spt= 0.01> <nCl=  2> <al=0.22> <DB=  581.7270> <Mlp=  582.1093> <PB=1e+12> 
#<DWph=2> <it= 16> <et=3.93> <Mt= 0.00> <Spt= 0.00> <nCl=  2> <al=0.30> <DB=  581.0674> <Mlp=  582.1058> <PB=1e+12> 
#<DWph=2> <it= 17> <et=3.94> <Mt= 0.00> <Spt= 0.01> <nCl=  1> <al=0.37> <DB=  582.0211> <Mlp=  582.0980> <PB=1e+12> 
#<DWph=2> <it= 18> <et=3.94> <Mt= 0.01> <Spt= 0.00> <nCl=  2> <al=0.27> <DB=  581.7291> <Mlp=  582.0975> <PB=1e+12> 
#<DWph=2> <it= 19> <et=3.95> <Mt= 0.00> <Spt= 0.01> <nCl=  3> <al=0.00> <DB=  581.3755> <Mlp=  582.0968> <PB=1e+12> 
#<DWph=2> <it= 20> <et=3.97> <Mt= 0.00> <Spt= 0.01> <nCl=  4> <al=0.00> <DB=  579.1523> <Mlp=  582.0865> <PB=1e+12> 
#<DWph=2> <it= 21> <et=3.98> <Mt= 0.00> <Spt= 0.01> <nCl=  0> <al=0.00> <DB=  582.0667> <Mlp=  582.0667> <PB=1e+12> 
#<DWph=2> <it= 22> <et=3.99> <Mt= 0.01> <Spt= 0.01> <nCl= 10> <al=0.04> <DB=  548.1551> <Mlp=  588.0244> <PB=1e+12> 
#<DWph=2> <it= 23> <et=4.00> <Mt= 0.00> <Spt= 0.00> <nCl=  6> <al=0.14> <DB=  581.2384> <Mlp=  587.1357> <PB=1e+12> 
#<DWph=2> <it= 24> <et=4.01> <Mt= 0.00> <Spt= 0.01> <nCl=  6> <al=0.23> <DB=  582.6352> <Mlp=  587.0939> <PB=1e+12> 
#<DWph=2> <it= 25> <et=4.01> <Mt= 0.00> <Spt= 0.00> <nCl=  6> <al=0.30> <DB=  585.4648> <Mlp=  587.0535> <PB=1e+12> 
#<DWph=2> <it= 26> <et=4.02> <Mt= 0.01> <Spt= 0.01> <nCl=  6> <al=0.20> <DB=  584.3507> <Mlp=  587.0432> <PB=1e+12> 
#<DWph=2> <it= 27> <et=4.03> <Mt= 0.00> <Spt= 0.00> <nCl=  2> <al=0.10> <DB=  586.7761> <Mlp=  587.0397> <PB=1e+12> 
#<DWph=2> <it= 28> <et=4.04> <Mt= 0.00> <Spt= 0.01> <nCl=  2> <al=0.00> <DB=  586.5346> <Mlp=  587.0381> <PB=1e+12> 
#<DWph=2> <it= 29> <et=4.04> <Mt= 0.00> <Spt= 0.01> <nCl=  0> <al=0.00> <DB=  587.0380> <Mlp=  587.0380> <PB=1e+12> 
#<DWph=2> <it= 30> <et=4.05> <Mt= 0.00> <Spt= 0.00> <nCl=  9> <al=0.00> <DB=  523.0036> <Mlp=  591.1627> <PB=1e+12> 
#<DWph=2> <it= 31> <et=4.06> <Mt= 0.01> <Spt= 0.01> <nCl=  7> <al=0.00> <DB=  563.1655> <Mlp=  590.7005> <PB=1e+12> 
#<DWph=2> <it= 32> <et=4.07> <Mt= 0.00> <Spt= 0.00> <nCl=  5> <al=0.03> <DB=  580.6374> <Mlp=  590.3277> <PB=1e+12> 
<DWph=2> <it= 33> <et=4.08> <Mt= 0.01> <Spt= 0.01> <nCl=  9> <al=0.13> <DB=  576.6057> <Mlp=  590.1129> <PB=1e+12> 
<DWph=2> <it= 34> <et=4.09> <Mt= 0.00> <Spt= 0.00> <nCl=  5> <al=0.22> <DB=  583.9412> <Mlp=  590.1014> <PB=1e+12> 
#<DWph=2> <it= 35> <et=4.09> <Mt= 0.00> <Spt= 0.01> <nCl=  6> <al=0.29> <DB=  585.1394> <Mlp=  589.9093> <PB=1e+12> 
<DWph=2> <it= 36> <et=4.10> <Mt= 0.00> <Spt= 0.00> <nCl=  3> <al=0.36> <DB=  587.5170> <Mlp=  589.7898> <PB=1e+12> 
<DWph=2> <it= 37> <et=4.11> <Mt= 0.00> <Spt= 0.01> <nCl=  4> <al=0.43> <DB=  586.8441> <Mlp=  589.7856> <PB=1e+12> 
<DWph=2> <it= 38> <et=4.12> <Mt= 0.01> <Spt= 0.00> <nCl=  2> <al=0.49> <DB=  587.6191> <Mlp=  589.6805> <PB=1e+12> 
<DWph=2> <it= 39> <et=4.12> <Mt= 0.00> <Spt= 0.01> <nCl=  4> <al=0.54> <DB=  586.6599> <Mlp=  589.6440> <PB=1e+12> 
<DWph=2> <it= 40> <et=4.14> <Mt= 0.00> <Spt= 0.01> <nCl=  4> <al=0.17> <DB=  586.7194> <Mlp=  589.6207> <PB=1e+12> 
<DWph=2> <it= 41> <et=4.14> <Mt= 0.00> <Spt= 0.00> <nCl=  2> <al=0.48> <DB=  587.0258> <Mlp=  589.5813> <PB=1e+12> 
<DWph=2> <it= 42> <et=4.15> <Mt= 0.01> <Spt= 0.01> <nCl=  2> <al=0.53> <DB=  588.6805> <Mlp=  589.5813> <PB=1e+12> 
<DWph=2> <it= 43> <et=4.16> <Mt= 0.00> <Spt= 0.00> <nCl=  1> <al=0.58> <DB=  589.0544> <Mlp=  589.5731> <PB=1e+12> 
<DWph=2> <it= 44> <et=4.16> <Mt= 0.00> <Spt= 0.01> <nCl=  4> <al=0.48> <DB=  588.9969> <Mlp=  589.5675> <PB=1e+12> 
<DWph=2> <it= 45> <et=4.17> <Mt= 0.00> <Spt= 0.01> <nCl=  3> <al=0.07> <DB=  589.0204> <Mlp=  589.5633> <PB=1e+12> 
<DWph=2> <it= 46> <et=4.19> <Mt= 0.00> <Spt= 0.01> <nCl=  3> <al=0.00> <DB=  587.8020> <Mlp=  589.5588> <PB=1e+12> 
<DWph=2> <it= 47> <et=4.19> <Mt= 0.00> <Spt= 0.00> <nCl=  1> <al=0.33> <DB=  589.4641> <Mlp=  589.5479> <PB=1e+12> 
<DWph=2> <it= 48> <et=4.20> <Mt= 0.01> <Spt= 0.01> <nCl=  1> <al=0.40> <DB=  589.4280> <Mlp=  589.5471> <PB=1e+12> 
<DWph=2> <it= 49> <et=4.20> <Mt= 0.00> <Spt= 0.00> <nCl=  1> <al=0.46> <DB=  589.5090> <Mlp=  589.5471> <PB=1e+12> 
<DWph=2> <it= 50> <et=4.21> <Mt= 0.00> <Spt= 0.01> <nCl=  0> <al=0.00> <DB=  589.5471> <Mlp=  589.5471> <PB=1e+12> 
<DWph=1> <it= 51> <et=4.22> <Mt= 0.00> <Spt= 0.01> <nCl=  6> <al=0.26> <DB=  586.8984> <Mlp=  589.5471> <PB=1e+12> 
<DWph=1> <it= 52> <et=4.24> <Mt= 0.00> <Spt= 0.01> <nCl=  7> <al=0.16> <DB=  582.5050> <Mlp=  589.4942> <PB=1e+12> 
<DWph=1> <it= 53> <et=4.25> <Mt= 0.00> <Spt= 0.01> <nCl=  5> <al=0.24> <DB=  587.5633> <Mlp=  589.4854> <PB=1e+12> 
<DWph=1> <it= 54> <et=4.26> <Mt= 0.00> <Spt= 0.00> <nCl=  5> <al=0.32> <DB=  587.8599> <Mlp=  589.4829> <PB=1e+12> 
<DWph=1> <it= 55> <et=4.27> <Mt= 0.01> <Spt= 0.01> <nCl=  4> <al=0.39> <DB=  588.4367> <Mlp=  589.4660> <PB=1e+12> 
<DWph=1> <it= 56> <et=4.28> <Mt= 0.00> <Spt= 0.01> <nCl=  3> <al=0.45> <DB=  588.9961> <Mlp=  589.4515> <PB=1e+12> 
<DWph=1> <it= 57> <et=4.29> <Mt= 0.00> <Spt= 0.01> <nCl=  3> <al=0.35> <DB=  589.0850> <Mlp=  589.4405> <PB=1e+12> 
<DWph=1> <it= 58> <et=4.30> <Mt= 0.00> <Spt= 0.01> <nCl=  2> <al=0.41> <DB=  589.2933> <Mlp=  589.4402> <PB=1e+12> 
<DWph=1> <it= 59> <et=4.31> <Mt= 0.00> <Spt= 0.01> <nCl=  3> <al=0.47> <DB=  589.2725> <Mlp=  589.4400> <PB=1e+12> 
<DWph=1> <it= 60> <et=4.33> <Mt= 0.01> <Spt= 0.02> <nCl=  3> <al=0.05> <DB=  589.3633> <Mlp=  589.4391> <PB=1e+12> 
<DWph=1> <it= 61> <et=4.35> <Mt= 0.00> <Spt= 0.02> <nCl=  2> <al=0.00> <DB=  589.4163> <Mlp=  589.4389> <PB=1e+12> 
<DWph=1> <it= 62> <et=4.37> <Mt= 0.00> <Spt= 0.01> <nCl=  0> <al=0.00> <DB=  589.4389> <Mlp=  589.4389> <PB=1e+12> 
    RCSP exact solver info for graph G_1 : TT = 0.006006, pt = 0.000115, dt = 0.004189, ct = 0.000613, ndl = 1', bdl = 15', odl = 2', odf = 11', bsi = 1', cnt = 2', bdch = 41', odch = 3', lcp = 10', #sols = 150
    RCSP exact solver info for graph G_1 : TT = 0.006205, pt = 0.000181, dt = 0.004258, ct = 0.000612, ndl = 1', bdl = 15', odl = 2', odf = 11', bsi = 1', cnt = 2', bdch = 41', odch = 3', lcp = 10', #sols = 150
<DWph=0> <it= 63> <et=4.39> <Mt= 0.00> <Spt= 0.02> <nCl=  0> <al=0.00> <DB=  589.4389> <Mlp=  589.4389> <PB=1e+12> 
    Full reduced cost fixing is not called (gap ratio is 1)
Dynamic params and stats :  bidir.bord. = 98.6 aver.obdmd = 19.1111 aver.buck.num. = 25.6528
ColGenEvalAlg final dual bound: 589.439 (rounded: 589.439)
False gap improvement since the last cut separation : 0.302899 (572.11)
>>>>> Add min cuts : 8 cut(s) added
----- Add fac. cuts : UserCuts0(8), max.viol = 0.612514, aver.viol = 0.32028, sep/add took 0.01/0 sec. -----
1691 columns (1691 active), 43 dyn. constrs. (34 active), 243 art. vars. (191 active)
<DWph=2> <it=  1> <et=4.43> <Mt= 0.00> <Spt= 0.01> <nCl=  1> <al=0.50> <DB=  589.7100> <Mlp=  589.9812> <PB=1e+12> 
<DWph=2> <it=  2> <et=4.43> <Mt= 0.01> <Spt= 0.00> <nCl=  1> <al=0.40> <DB=  589.7811> <Mlp=  589.9812> <PB=1e+12> 
<DWph=2> <it=  3> <et=4.44> <Mt= 0.00> <Spt= 0.01> <nCl=  2> <al=0.30> <DB=  589.2996> <Mlp=  589.9801> <PB=1e+12> 
<DWph=2> <it=  4> <et=4.45> <Mt= 0.00> <Spt= 0.00> <nCl=  1> <al=0.37> <DB=  589.7815> <Mlp=  589.9745> <PB=1e+12> 
<DWph=2> <it=  5> <et=4.45> <Mt= 0.00> <Spt= 0.01> <nCl=  2> <al=0.43> <DB=  589.5912> <Mlp=  589.9719> <PB=1e+12> 
<DWph=2> <it=  6> <et=4.47> <Mt= 0.00> <Spt= 0.01> <nCl=  2> <al=0.00> <DB=  589.8253> <Mlp=  589.9707> <PB=1e+12> 
<DWph=2> <it=  7> <et=4.48> <Mt= 0.00> <Spt= 0.01> <nCl=  0> <al=0.00> <DB=  589.9698> <Mlp=  589.9698> <PB=1e+12> 
<DWph=1> <it=  8> <et=4.49> <Mt= 0.00> <Spt= 0.01> <nCl=  5> <al=0.29> <DB=  586.6381> <Mlp=  589.9698> <PB=1e+12> 
<DWph=1> <it=  9> <et=4.50> <Mt= 0.01> <Spt= 0.01> <nCl=  5> <al=0.19> <DB=  584.7766> <Mlp=  589.8438> <PB=1e+12> 
<DWph=1> <it= 10> <et=4.51> <Mt= 0.00> <Spt= 0.01> <nCl=  1> <al=0.27> <DB=  588.9733> <Mlp=  589.8402> <PB=1e+12> 
<DWph=1> <it= 11> <et=4.53> <Mt= 0.00> <Spt= 0.01> <nCl=  5> <al=0.17> <DB=  589.6382> <Mlp=  589.8389> <PB=1e+12> 
<DWph=1> <it= 12> <et=4.54> <Mt= 0.00> <Spt= 0.01> <nCl=  2> <al=0.07> <DB=  589.6484> <Mlp=  589.8367> <PB=1e+12> 
<DWph=1> <it= 13> <et=4.55> <Mt= 0.00> <Spt= 0.01> <nCl=  1> <al=0.16> <DB=  589.6871> <Mlp=  589.8364> <PB=1e+12> 
<DWph=1> <it= 14> <et=4.57> <Mt= 0.01> <Spt= 0.02> <nCl=  0> <al=0.00> <DB=  589.8361> <Mlp=  589.8361> <PB=1e+12> 
    RCSP exact solver info for graph G_1 : TT = 0.006103, pt = 0.000119, dt = 0.004299, ct = 0.000631, ndl = 1', bdl = 15', odl = 2', odf = 11', bsi = 1', cnt = 2', bdch = 42', odch = 3', lcp = 11', #sols = 150
<DWph=0> <it= 15> <et=4.58> <Mt= 0.00> <Spt= 0.01> <nCl=  0> <al=0.00> <DB=  589.8361> <Mlp=  589.8361> <PB=1e+12> 
    Full reduced cost fixing is not called (gap ratio is 1)
Dynamic params and stats :  bidir.bord. = 98.6 aver.obdmd = 19.1111 aver.buck.num. = 25.6528
ColGenEvalAlg final dual bound: 589.836 (rounded: 589.836)
False gap improvement since the last cut separation : 0.00673836 (589.439)
Cut generation tailing off counter increased to 1
>>>>> Add min cuts : 7 cut(s) added
----- Add fac. cuts : UserCuts0(7), max.viol = 0.871508, aver.viol = 0.473846, sep/add took 0.01/0 sec. -----
1809 columns (1809 active), 41 dyn. constrs. (35 active), 257 art. vars. (193 active)
#<DWph=2> <it=  1> <et=4.62> <Mt= 0.01> <Spt= 0.00> <nCl=  4> <al=0.50> <DB=  588.7583> <Mlp=  591.3002> <PB=1e+12> 
#<DWph=2> <it=  2> <et=4.63> <Mt= 0.00> <Spt= 0.01> <nCl=  2> <al=0.55> <DB=  590.0491> <Mlp=  591.2649> <PB=1e+12> 
#<DWph=2> <it=  3> <et=4.64> <Mt= 0.00> <Spt= 0.00> <nCl=  5> <al=0.45> <DB=  584.7643> <Mlp=  591.2644> <PB=1e+12> 
#<DWph=2> <it=  4> <et=4.64> <Mt= 0.01> <Spt= 0.01> <nCl=  2> <al=0.51> <DB=  589.1396> <Mlp=  591.2540> <PB=1e+12> 
#<DWph=2> <it=  5> <et=4.65> <Mt= 0.00> <Spt= 0.01> <nCl=  5> <al=0.11> <DB=  588.4867> <Mlp=  591.2540> <PB=1e+12> 
#<DWph=2> <it=  6> <et=4.67> <Mt= 0.00> <Spt= 0.01> <nCl=  1> <al=0.00> <DB=  590.9053> <Mlp=  591.2474> <PB=1e+12> 
#<DWph=2> <it=  7> <et=4.68> <Mt= 0.00> <Spt= 0.01> <nCl=  0> <al=0.00> <DB=  591.2464> <Mlp=  591.2464> <PB=1e+12> 
<DWph=2> <it=  8> <et=4.68> <Mt= 0.00> <Spt= 0.00> <nCl=  2> <al=0.25> <DB=  589.5524> <Mlp=  591.3296> <PB=1e+12> 
<DWph=2> <it=  9> <et=4.69> <Mt= 0.00> <Spt= 0.01> <nCl=  6> <al=0.33> <DB=  590.2587> <Mlp=  591.3068> <PB=1e+12> 
<DWph=2> <it= 10> <et=4.70> <Mt= 0.01> <Spt= 0.00> <nCl=  1> <al=0.40> <DB=  590.9761> <Mlp=  591.2970> <PB=1e+12> 
<DWph=2> <it= 11> <et=4.71> <Mt= 0.00> <Spt= 0.01> <nCl=  4> <al=0.00> <DB=  590.5658> <Mlp=  591.2899> <PB=1e+12> 
<DWph=2> <it= 12> <et=4.72> <Mt= 0.00> <Spt= 0.01> <nCl=  2> <al=0.00> <DB=  590.7147> <Mlp=  591.2899> <PB=1e+12> 
<DWph=2> <it= 13> <et=4.73> <Mt= 0.00> <Spt= 0.00> <nCl=  1> <al=0.26> <DB=  590.9588> <Mlp=  591.2884> <PB=1e+12> 
<DWph=2> <it= 14> <et=4.74> <Mt= 0.00> <Spt= 0.01> <nCl=  2> <al=0.00> <DB=  590.9230> <Mlp=  591.2872> <PB=1e+12> 
<DWph=2> <it= 15> <et=4.75> <Mt= 0.00> <Spt= 0.01> <nCl=  2> <al=0.00> <DB=  591.1560> <Mlp=  591.2864> <PB=1e+12> 
<DWph=2> <it= 16> <et=4.76> <Mt= 0.01> <Spt= 0.01> <nCl=  0> <al=0.00> <DB=  591.2864> <Mlp=  591.2864> <PB=1e+12> 
<DWph=1> <it= 17> <et=4.77> <Mt= 0.00> <Spt= 0.01> <nCl=  5> <al=0.03> <DB=  590.6104> <Mlp=  591.2864> <PB=1e+12> 
<DWph=1> <it= 18> <et=4.78> <Mt= 0.00> <Spt= 0.01> <nCl=  3> <al=0.13> <DB=  590.9305> <Mlp=  591.2671> <PB=1e+12> 
<DWph=1> <it= 19> <et=4.80> <Mt= 0.00> <Spt= 0.02> <nCl=  0> <al=0.00> <DB=  591.2650> <Mlp=  591.2650> <PB=1e+12> 
    RCSP exact solver info for graph G_1 : TT = 0.005695, pt = 0.000114, dt = 0.003963, ct = 0.000507, ndl = 1', bdl = 14', odl = 2', odf = 10', bsi = 1', cnt = 1', bdch = 37', odch = 3', lcp = 9', #sols = 150
<DWph=0> <it= 20> <et=4.81> <Mt= 0.00> <Spt= 0.01> <nCl=  4> <al=0.00> <DB=  590.4292> <Mlp=  591.2650> <PB=1e+12> 
    RCSP exact solver info for graph G_1 : TT = 0.005875, pt = 0.000149, dt = 0.004022, ct = 0.000507, ndl = 1', bdl = 14', odl = 2', odf = 10', bsi = 1', cnt = 1', bdch = 37', odch = 3', lcp = 9', #sols = 150
    RCSP exact solver info for graph G_1 : TT = 0.005776, pt = 0.000135, dt = 0.003977, ct = 0.000509, ndl = 1', bdl = 14', odl = 2', odf = 10', bsi = 1', cnt = 1', bdch = 37', odch = 3', lcp = 9', #sols = 150
<DWph=0> <it= 21> <et=4.83> <Mt= 0.00> <Spt= 0.01> <nCl=  0> <al=0.00> <DB=  591.2650> <Mlp=  591.2650> <PB=1e+12> 
    Full reduced cost fixing is not called (gap ratio is 1)
Dynamic params and stats :  bidir.bord. = 98.6 aver.obdmd = 19.1111 aver.buck.num. = 25.6528
ColGenEvalAlg final dual bound: 591.265 (rounded: 591.265)
False gap improvement since the last cut separation : 0.0242241 (589.836)
>>>>> Add min cuts : 3 cut(s) added
----- Add fac. cuts : UserCuts0(3), max.viol = 0.231496, aver.viol = 0.185686, sep/add took 0.01/0 sec. -----
1955 columns (1955 active), 38 dyn. constrs. (31 active), 263 art. vars. (185 active)
<DWph=2> <it=  1> <et=4.86> <Mt= 0.01> <Spt= 0.01> <nCl=  0> <al=0.00> <DB=  591.2827> <Mlp=  591.2827> <PB=1e+12> 
<DWph=1> <it=  2> <et=4.88> <Mt= 0.00> <Spt= 0.02> <nCl=  0> <al=0.00> <DB=  591.2827> <Mlp=  591.2827> <PB=1e+12> 
    RCSP exact solver info for graph G_1 : TT = 0.005814, pt = 0.000116, dt = 0.003996, ct = 0.000577, ndl = 1', bdl = 14', odl = 2', odf = 11', bsi = 1', cnt = 1', bdch = 38', odch = 3', lcp = 9', #sols = 150
    RCSP exact solver info for graph G_1 : TT = 0.006102, pt = 0.000144, dt = 0.004135, ct = 0.000608, ndl = 1', bdl = 14', odl = 2', odf = 11', bsi = 1', cnt = 1', bdch = 38', odch = 3', lcp = 9', #sols = 150
<DWph=0> <it=  3> <et=4.90> <Mt= 0.00> <Spt= 0.02> <nCl=  0> <al=0.00> <DB=  591.2827> <Mlp=  591.2827> <PB=1e+12> 
    Full reduced cost fixing is not called (gap ratio is 1)
Dynamic params and stats :  bidir.bord. = 98.6 aver.obdmd = 19.1111 aver.buck.num. = 25.6528
ColGenEvalAlg final dual bound: 591.283 (rounded: 591.283)
False gap improvement since the last cut separation : 0.000300594 (591.265)
Cut generation tailing off counter increased to 2
>>>>> Add min cuts : 7 cut(s) added
----- Add fac. cuts : UserCuts0(7), max.viol = 0.163899, aver.viol = 0.109173, sep/add took 0.01/0 sec. -----
1980 columns (1980 active), 38 dyn. constrs. (37 active), 277 art. vars. (197 active)
<DWph=2> <it=  1> <et=4.94> <Mt= 0.00> <Spt= 0.01> <nCl=  1> <al=0.00> <DB=  591.0027> <Mlp=  591.3156> <PB=1e+12> 
<DWph=2> <it=  2> <et=4.95> <Mt= 0.00> <Spt= 0.00> <nCl=  0> <al=0.00> <DB=  591.3152> <Mlp=  591.3152> <PB=1e+12> 
<DWph=1> <it=  3> <et=4.96> <Mt= 0.01> <Spt= 0.02> <nCl=  0> <al=0.00> <DB=  591.3152> <Mlp=  591.3152> <PB=1e+12> 
    RCSP exact solver info for graph G_1 : TT = 0.006408, pt = 0.000138, dt = 0.004266, ct = 0.000564, ndl = 1', bdl = 14', odl = 2', odf = 10', bsi = 1', cnt = 1', bdch = 37', odch = 3', lcp = 9', #sols = 150
    RCSP exact solver info for graph G_1 : TT = 0.005956, pt = 0.000148, dt = 0.00401, ct = 0.000549, ndl = 1', bdl = 14', odl = 2', odf = 10', bsi = 1', cnt = 1', bdch = 37', odch = 3', lcp = 9', #sols = 150
<DWph=0> <it=  4> <et=4.98> <Mt= 0.00> <Spt= 0.02> <nCl=  0> <al=0.00> <DB=  591.3152> <Mlp=  591.3152> <PB=1e+12> 
    Full reduced cost fixing is not called (gap ratio is 1)
Dynamic params and stats :  bidir.bord. = 98.6 aver.obdmd = 19.1111 aver.buck.num. = 25.6528
ColGenEvalAlg final dual bound: 591.315 (rounded: 591.315)
False gap improvement since the last cut separation : 0.000549299 (591.283)
----- Cut separators priority level decreased to 1-----
>>>>> Add min cuts : 4 cut(s) added
49 Rank-1 1-rows pack. cuts added ,  max viol. = 0.5, aver. viol. = 0.260339
36 Rank-1 3-rows pack. cuts added ,  max viol. = 0.200667, aver. viol. = 0.10226
Building structures for heuristic rank-1 packing cut separation...done!
----- Add fac. cuts : R1C(85) UserCuts0(4), max.viol = 0.5, aver.viol = 0.259449, sep/add took 0.2/0.03 sec. -----
2034 columns (2034 active), 126 dyn. constrs. (119 active), 370 art. vars. (276 active)
#<DWph=2> <it=  1> <et=5.30> <Mt= 0.06> <Spt= 0.01> <nCl= 10> <al=0.50> <DB=  574.2502> <Mlp=  601.3601> <PB=1e+12> 
#<DWph=2> <it=  2> <et=5.32> <Mt= 0.01> <Spt= 0.00> <nCl=  9> <al=0.55> <DB=  586.2433> <Mlp=  600.0485> <PB=1e+12> 
#<DWph=2> <it=  3> <et=5.33> <Mt= 0.00> <Spt= 0.01> <nCl= 10> <al=0.60> <DB=  589.7980> <Mlp=  599.1952> <PB=1e+12> 
#<DWph=2> <it=  4> <et=5.34> <Mt= 0.01> <Spt= 0.01> <nCl=  8> <al=0.64> <DB=  590.5929> <Mlp=  598.9661> <PB=1e+12> 
#<DWph=2> <it=  5> <et=5.36> <Mt= 0.00> <Spt= 0.00> <nCl=  4> <al=0.67> <DB=  590.7339> <Mlp=  598.7435> <PB=1e+12> 
#<DWph=2> <it=  6> <et=5.37> <Mt= 0.01> <Spt= 0.01> <nCl=  7> <al=0.70> <DB=  590.6628> <Mlp=  598.4785> <PB=1e+12> 
#<DWph=2> <it=  7> <et=5.38> <Mt= 0.00> <Spt= 0.00> <nCl=  2> <al=0.73> <DB=  592.8764> <Mlp=  598.3843> <PB=1e+12> 
#<DWph=2> <it=  8> <et=5.39> <Mt= 0.00> <Spt= 0.01> <nCl=  5> <al=0.76> <DB=  590.3633> <Mlp=  598.3116> <PB=1e+12> 
#<DWph=2> <it=  9> <et=5.40> <Mt= 0.01> <Spt= 0.01> <nCl=  2> <al=0.78> <DB=  592.4132> <Mlp=  598.1575> <PB=1e+12> 
#<DWph=2> <it= 10> <et=5.41> <Mt= 0.00> <Spt= 0.00> <nCl=  5> <al=0.68> <DB=  594.0282> <Mlp=  598.1281> <PB=1e+12> 
#<DWph=2> <it= 11> <et=5.42> <Mt= 0.01> <Spt= 0.01> <nCl=  7> <al=0.72> <DB=  588.5071> <Mlp=  597.8891> <PB=1e+12> 
#<DWph=2> <it= 12> <et=5.43> <Mt= 0.00> <Spt= 0.01> <nCl=  6> <al=0.74> <DB=  591.6831> <Mlp=  597.6168> <PB=1e+12> 
#<DWph=2> <it= 13> <et=5.44> <Mt= 0.01> <Spt= 0.00> <nCl=  3> <al=0.77> <DB=  592.7343> <Mlp=  597.3392> <PB=1e+12> 
#<DWph=2> <it= 14> <et=5.45> <Mt= 0.00> <Spt= 0.01> <nCl=  1> <al=0.79> <DB=  595.0711> <Mlp=  597.2932> <PB=1e+12> 
#<DWph=2> <it= 15> <et=5.46> <Mt= 0.01> <Spt= 0.00> <nCl=  9> <al=0.69> <DB=  590.3259> <Mlp=  597.2932> <PB=1e+12> 
#<DWph=2> <it= 16> <et=5.47> <Mt= 0.00> <Spt= 0.01> <nCl=  5> <al=0.59> <DB=  591.0819> <Mlp=  597.1606> <PB=1e+12> 
#<DWph=2> <it= 17> <et=5.48> <Mt= 0.00> <Spt= 0.01> <nCl=  2> <al=0.63> <DB=  595.2393> <Mlp=  597.1508> <PB=1e+12> 
#<DWph=2> <it= 18> <et=5.49> <Mt= 0.00> <Spt= 0.00> <nCl=  6> <al=0.67> <DB=  595.3824> <Mlp=  597.1508> <PB=1e+12> 
#<DWph=2> <it= 19> <et=5.50> <Mt= 0.01> <Spt= 0.01> <nCl=  8> <al=0.70> <DB=  587.4651> <Mlp=  597.0629> <PB=1e+12> 
#<DWph=2> <it= 20> <et=5.51> <Mt= 0.00> <Spt= 0.01> <nCl=  6> <al=0.60> <DB=  593.6095> <Mlp=  597.0204> <PB=1e+12> 
#<DWph=2> <it= 21> <et=5.52> <Mt= 0.01> <Spt= 0.00> <nCl=  2> <al=0.64> <DB=  594.9042> <Mlp=  596.9699> <PB=1e+12> 
#<DWph=2> <it= 22> <et=5.53> <Mt= 0.00> <Spt= 0.01> <nCl=  2> <al=0.68> <DB=  595.3961> <Mlp=  596.9576> <PB=1e+12> 
#<DWph=2> <it= 23> <et=5.54> <Mt= 0.00> <Spt= 0.00> <nCl=  6> <al=0.58> <DB=  593.4915> <Mlp=  596.9576> <PB=1e+12> 
#<DWph=2> <it= 24> <et=5.55> <Mt= 0.01> <Spt= 0.01> <nCl=  1> <al=0.62> <DB=  595.8500> <Mlp=  596.9483> <PB=1e+12> 
#<DWph=2> <it= 25> <et=5.56> <Mt= 0.00> <Spt= 0.01> <nCl=  3> <al=0.66> <DB=  595.2585> <Mlp=  596.9305> <PB=1e+12> 
#<DWph=2> <it= 26> <et=5.57> <Mt= 0.00> <Spt= 0.00> <nCl=  1> <al=0.69> <DB=  595.6613> <Mlp=  596.9154> <PB=1e+12> 
#<DWph=2> <it= 27> <et=5.58> <Mt= 0.00> <Spt= 0.01> <nCl=  1> <al=0.72> <DB=  595.9114> <Mlp=  596.9154> <PB=1e+12> 
#<DWph=2> <it= 28> <et=5.59> <Mt= 0.01> <Spt= 0.00> <nCl=  4> <al=0.75> <DB=  595.0776> <Mlp=  596.8939> <PB=1e+12> 
#<DWph=2> <it= 29> <et=5.59> <Mt= 0.00> <Spt= 0.01> <nCl=  1> <al=0.78> <DB=  596.1296> <Mlp=  596.8860> <PB=1e+12> 
#<DWph=2> <it= 30> <et=5.60> <Mt= 0.00> <Spt= 0.01> <nCl=  2> <al=0.68> <DB=  595.5834> <Mlp=  596.8860> <PB=1e+12> 
#<DWph=2> <it= 31> <et=5.62> <Mt= 0.00> <Spt= 0.01> <nCl=  6> <al=0.00> <DB=  590.3763> <Mlp=  596.8823> <PB=1e+12> 
#<DWph=2> <it= 32> <et=5.63> <Mt= 0.01> <Spt= 0.01> <nCl=  3> <al=0.61> <DB=  595.9728> <Mlp=  596.8806> <PB=1e+12> 
#<DWph=2> <it= 33> <et=5.64> <Mt= 0.00> <Spt= 0.01> <nCl=  2> <al=0.30> <DB=  595.4119> <Mlp=  596.8748> <PB=1e+12> 
#<DWph=2> <it= 34> <et=5.66> <Mt= 0.00> <Spt= 0.01> <nCl=  1> <al=0.10> <DB=  596.3838> <Mlp=  596.8748> <PB=1e+12> 
#<DWph=2> <it= 35> <et=5.67> <Mt= 0.00> <Spt= 0.02> <nCl=  0> <al=0.00> <DB=  596.8748> <Mlp=  596.8748> <PB=1e+12> 
#<DWph=2> <it= 36> <et=5.68> <Mt= 0.01> <Spt= 0.00> <nCl=  8> <al=0.35> <DB=  588.2921> <Mlp=  597.6384> <PB=1e+12> 
#<DWph=2> <it= 37> <et=5.69> <Mt= 0.00> <Spt= 0.01> <nCl=  3> <al=0.41> <DB=  594.1699> <Mlp=  597.5379> <PB=1e+12> 
#<DWph=2> <it= 38> <et=5.70> <Mt= 0.00> <Spt= 0.00> <nCl=  3> <al=0.47> <DB=  594.6196> <Mlp=  597.4916> <PB=1e+12> 
#<DWph=2> <it= 39> <et=5.71> <Mt= 0.01> <Spt= 0.01> <nCl=  1> <al=0.52> <DB=  597.0140> <Mlp=  597.4516> <PB=1e+12> 
#<DWph=2> <it= 40> <et=5.72> <Mt= 0.00> <Spt= 0.00> <nCl=  2> <al=0.57> <DB=  597.2013> <Mlp=  597.4516> <PB=1e+12> 
#<DWph=2> <it= 41> <et=5.73> <Mt= 0.00> <Spt= 0.01> <nCl=  4> <al=0.47> <DB=  596.3399> <Mlp=  597.4342> <PB=1e+12> 
#<DWph=2> <it= 42> <et=5.74> <Mt= 0.00> <Spt= 0.01> <nCl=  1> <al=0.52> <DB=  597.0209> <Mlp=  597.4284> <PB=1e+12> 
#<DWph=2> <it= 43> <et=5.74> <Mt= 0.00> <Spt= 0.00> <nCl=  1> <al=0.57> <DB=  589.5874> <Mlp=  597.4284> <PB=1e+12> 
#<DWph=2> <it= 44> <et=5.76> <Mt= 0.01> <Spt= 0.01> <nCl=  1> <al=0.23> <DB=  596.8588> <Mlp=  597.3316> <PB=1e+12> 
#<DWph=2> <it= 45> <et=5.77> <Mt= 0.00> <Spt= 0.01> <nCl=  1> <al=0.03> <DB=  593.4963> <Mlp=  597.3303> <PB=1e+12> 
#<DWph=2> <it= 46> <et=5.78> <Mt= 0.00> <Spt= 0.01> <nCl=  5> <al=0.42> <DB=  575.9659> <Mlp=  597.1290> <PB=1e+12> 
#<DWph=2> <it= 47> <et=5.79> <Mt= 0.01> <Spt= 0.01> <nCl=  2> <al=0.47> <DB=  595.9833> <Mlp=  597.1017> <PB=1e+12> 
#<DWph=2> <it= 48> <et=5.80> <Mt= 0.00> <Spt= 0.00> <nCl=  3> <al=0.53> <DB=  596.1345> <Mlp=  597.1005> <PB=1e+12> 
#<DWph=2> <it= 49> <et=5.82> <Mt= 0.00> <Spt= 0.01> <nCl=  3> <al=0.15> <DB=  591.5102> <Mlp=  597.0833> <PB=1e+12> 
#<DWph=2> <it= 50> <et=5.83> <Mt= 0.01> <Spt= 0.02> <nCl=  1> <al=0.00> <DB=  595.1665> <Mlp=  597.0805> <PB=1e+12> 
#<DWph=2> <it= 51> <et=5.84> <Mt= 0.00> <Spt= 0.01> <nCl=  2> <al=0.00> <DB=  595.9576> <Mlp=  597.0805> <PB=1e+12> 
#<DWph=2> <it= 52> <et=5.85> <Mt= 0.00> <Spt= 0.00> <nCl=  1> <al=0.27> <DB=  596.7736> <Mlp=  597.0709> <PB=1e+12> 
#<DWph=2> <it= 53> <et=5.86> <Mt= 0.00> <Spt= 0.01> <nCl=  0> <al=0.00> <DB=  597.0709> <Mlp=  597.0709> <PB=1e+12> 
<DWph=1> <it= 55> <et=5.88> <Mt= 0.01> <Spt= 0.01> <nCl= 10> <al=0.25> <DB=  537.8849> <Mlp=  597.2558> <PB=1e+12> 
<DWph=1> <it= 56> <et=5.90> <Mt= 0.00> <Spt= 0.01> <nCl=  5> <al=0.32> <DB=  574.1276> <Mlp=  597.2558> <PB=1e+12> 
<DWph=1> <it= 57> <et=5.91> <Mt= 0.00> <Spt= 0.02> <nCl=  2> <al=0.39> <DB=  588.1309> <Mlp=  597.2558> <PB=1e+12> 
<DWph=1> <it= 58> <et=5.92> <Mt= 0.01> <Spt= 0.01> <nCl=  5> <al=0.45> <DB=  590.8600> <Mlp=  597.1023> <PB=1e+12> 
<DWph=1> <it= 59> <et=5.94> <Mt= 0.00> <Spt= 0.01> <nCl=  7> <al=0.35> <DB=  589.3919> <Mlp=  597.0280> <PB=1e+12> 
<DWph=1> <it= 60> <et=5.95> <Mt= 0.01> <Spt= 0.01> <nCl=  3> <al=0.42> <DB=  593.8198> <Mlp=  596.9392> <PB=1e+12> 
<DWph=1> <it= 61> <et=5.97> <Mt= 0.00> <Spt= 0.01> <nCl=  2> <al=0.47> <DB=  594.7596> <Mlp=  596.9287> <PB=1e+12> 
<DWph=1> <it= 62> <et=5.98> <Mt= 0.00> <Spt= 0.01> <nCl=  2> <al=0.53> <DB=  595.7830> <Mlp=  596.9211> <PB=1e+12> 
<DWph=1> <it= 63> <et=5.99> <Mt= 0.00> <Spt= 0.01> <nCl=  3> <al=0.43> <DB=  595.8517> <Mlp=  596.9158> <PB=1e+12> 
<DWph=1> <it= 64> <et=6.01> <Mt= 0.00> <Spt= 0.02> <nCl=  1> <al=0.00> <DB=  591.0224> <Mlp=  596.9158> <PB=1e+12> 
<DWph=1> <it= 65> <et=6.04> <Mt= 0.01> <Spt= 0.02> <nCl=  1> <al=0.00> <DB=  594.7254> <Mlp=  596.9158> <PB=1e+12> 
<DWph=1> <it= 66> <et=6.06> <Mt= 0.00> <Spt= 0.02> <nCl=  0> <al=0.00> <DB=  596.9158> <Mlp=  596.9158> <PB=1e+12> 
    RCSP exact solver info for graph G_1 : TT = 0.013476, pt = 0.001145, dt = 0.010112, ct = 0.001062, ndl = 2', bdl = 20', odl = 3', odf = 17', bsi = 1', cnt = 2', bdch = 61', odch = 12', lcp = 15', #sols = 150
<DWph=0> <it= 67> <et=6.08> <Mt= 0.00> <Spt= 0.02> <nCl=  8> <al=0.18> <DB=  594.3223> <Mlp=  596.9158> <PB=1e+12> 
    RCSP exact solver info for graph G_1 : TT = 0.010331, pt = 0.000971, dt = 0.007021, ct = 0.001075, ndl = 2', bdl = 20', odl = 3', odf = 17', bsi = 1', cnt = 2', bdch = 60', odch = 12', lcp = 14', #sols = 150
    RCSP exact solver info for graph G_1 : TT = 0.010339, pt = 0.000927, dt = 0.007083, ct = 0.001093, ndl = 2', bdl = 20', odl = 3', odf = 17', bsi = 1', cnt = 3', bdch = 63', odch = 13', lcp = 15', #sols = 150
<DWph=0> <it= 68> <et=6.11> <Mt= 0.00> <Spt= 0.03> <nCl=  2> <al=0.00> <DB=  596.8946> <Mlp=  596.9133> <PB=1e+12> 
    RCSP exact solver info for graph G_1 : TT = 0.01026, pt = 0.000967, dt = 0.006906, ct = 0.001089, ndl = 2', bdl = 20', odl = 3', odf = 17', bsi = 1', cnt = 3', bdch = 63', odch = 13', lcp = 15', #sols = 150
    RCSP exact solver info for graph G_1 : TT = 0.010294, pt = 0.000944, dt = 0.006956, ct = 0.001113, ndl = 2', bdl = 20', odl = 3', odf = 17', bsi = 1', cnt = 3', bdch = 63', odch = 13', lcp = 15', #sols = 150
<DWph=0> <it= 69> <et=6.14> <Mt= 0.00> <Spt= 0.03> <nCl=  0> <al=0.00> <DB=  596.9133> <Mlp=  596.9133> <PB=1e+12> 
    Full reduced cost fixing is not called (gap ratio is 1)
Dynamic params and stats :  bidir.bord. = 98.6 aver.obdmd = 19.1111 aver.buck.num. = 25.6528 nbR1C = 55 with avMem = 11.9636
ColGenEvalAlg final dual bound: 596.913 (rounded: 596.913)
False gap improvement since the last cut separation : 0.0946724 (591.315)
>>>>> Add min cuts : 9 cut(s) added
29 Rank-1 1-rows pack. cuts added ,  max viol. = 0.281319, aver. viol. = 0.124741
150 Rank-1 3-rows pack. cuts added ,  max viol. = 0.324444, aver. viol. = 0.10092
Building structures for heuristic rank-1 packing cut separation...done!
18 Rank-1 4-rows pack. cuts added ,  max viol. = 0.0743834, aver. viol. = 0.0436521
100 Rank-1 5-rows pack. cuts added ,  max viol. = 0.0743834, aver. viol. = 0.0563321
----- Add fac. cuts : R1C(297) UserCuts0(9), max.viol = 0.512283, aver.viol = 0.184299, sep/add took 0.31/0.19 sec. -----
2403 columns (2403 active), 425 dyn. constrs. (379 active), 685 art. vars. (529 active)
#<DWph=2> <it=  1> <et=6.74> <Mt= 0.07> <Spt= 0.01> <nCl= 10> <al=0.50> <DB=  557.0846> <Mlp=  608.6933> <PB=1e+12> 
#<DWph=2> <it=  2> <et=6.80> <Mt= 0.05> <Spt= 0.01> <nCl=  9> <al=0.55> <DB=  583.2087> <Mlp=  606.4971> <PB=1e+12> 
#<DWph=2> <it=  3> <et=6.82> <Mt= 0.02> <Spt= 0.01> <nCl=  5> <al=0.60> <DB=  590.5896> <Mlp=  606.0169> <PB=1e+12> 
#<DWph=2> <it=  4> <et=6.86> <Mt= 0.03> <Spt= 0.01> <nCl=  7> <al=0.64> <DB=  593.7968> <Mlp=  605.4400> <PB=1e+12> 
#<DWph=2> <it=  5> <et=6.88> <Mt= 0.01> <Spt= 0.00> <nCl=  4> <al=0.67> <DB=  597.2700> <Mlp=  605.2331> <PB=1e+12> 
#<DWph=2> <it=  6> <et=6.91> <Mt= 0.02> <Spt= 0.01> <nCl=  8> <al=0.70> <DB=  586.5221> <Mlp=  604.9792> <PB=1e+12> 
#<DWph=2> <it=  7> <et=6.94> <Mt= 0.02> <Spt= 0.01> <nCl=  4> <al=0.73> <DB=  585.9964> <Mlp=  604.4944> <PB=1e+12> 
#<DWph=2> <it=  8> <et=6.97> <Mt= 0.02> <Spt= 0.01> <nCl=  2> <al=0.76> <DB=  598.8200> <Mlp=  603.7516> <PB=1e+12> 
#<DWph=2> <it=  9> <et=6.99> <Mt= 0.01> <Spt= 0.01> <nCl=  7> <al=0.66> <DB=  590.7002> <Mlp=  603.5706> <PB=1e+12> 
#<DWph=2> <it= 10> <et=7.02> <Mt= 0.02> <Spt= 0.01> <nCl=  5> <al=0.69> <DB=  594.5062> <Mlp=  603.2648> <PB=1e+12> 
#<DWph=2> <it= 11> <et=7.05> <Mt= 0.01> <Spt= 0.01> <nCl=  3> <al=0.73> <DB=  599.4063> <Mlp=  602.8572> <PB=1e+12> 
#<DWph=2> <it= 12> <et=7.06> <Mt= 0.01> <Spt= 0.01> <nCl=  7> <al=0.75> <DB=  590.8429> <Mlp=  602.8061> <PB=1e+12> 
#<DWph=2> <it= 13> <et=7.08> <Mt= 0.01> <Spt= 0.01> <nCl=  5> <al=0.78> <DB=  597.8179> <Mlp=  602.6598> <PB=1e+12> 
#<DWph=2> <it= 14> <et=7.10> <Mt= 0.01> <Spt= 0.01> <nCl=  2> <al=0.80> <DB=  595.3161> <Mlp=  602.6426> <PB=1e+12> 
#<DWph=2> <it= 15> <et=7.12> <Mt= 0.01> <Spt= 0.01> <nCl=  1> <al=0.82> <DB=  595.6664> <Mlp=  602.5546> <PB=1e+12> 
#<DWph=2> <it= 16> <et=7.14> <Mt= 0.01> <Spt= 0.01> <nCl=  2> <al=0.84> <DB=  595.3654> <Mlp=  602.5135> <PB=1e+12> 
#<DWph=2> <it= 17> <et=7.15> <Mt= 0.00> <Spt= 0.01> <nCl=  1> <al=0.85> <DB=  600.0576> <Mlp=  602.4761> <PB=1e+12> 
#<DWph=2> <it= 18> <et=7.16> <Mt= 0.00> <Spt= 0.01> <nCl=  5> <al=0.87> <DB=  594.7213> <Mlp=  602.4761> <PB=1e+12> 
#<DWph=2> <it= 19> <et=7.20> <Mt= 0.01> <Spt= 0.02> <nCl=  7> <al=0.53> <DB=  598.3274> <Mlp=  602.4040> <PB=1e+12> 
#<DWph=2> <it= 20> <et=7.22> <Mt= 0.01> <Spt= 0.01> <nCl=  4> <al=0.78> <DB=  598.1643> <Mlp=  602.3158> <PB=1e+12> 
#<DWph=2> <it= 21> <et=7.24> <Mt= 0.00> <Spt= 0.02> <nCl=  4> <al=0.61> <DB=  589.7966> <Mlp=  602.3083> <PB=1e+12> 
#<DWph=2> <it= 22> <et=7.26> <Mt= 0.01> <Spt= 0.01> <nCl=  4> <al=0.70> <DB=  599.5351> <Mlp=  602.2191> <PB=1e+12> 
#<DWph=2> <it= 23> <et=7.28> <Mt= 0.01> <Spt= 0.02> <nCl=  1> <al=0.47> <DB=  600.9049> <Mlp=  602.2170> <PB=1e+12> 
#<DWph=2> <it= 24> <et=7.30> <Mt= 0.00> <Spt= 0.01> <nCl=  5> <al=0.63> <DB=  594.1030> <Mlp=  602.2102> <PB=1e+12> 
#<DWph=2> <it= 25> <et=7.31> <Mt= 0.01> <Spt= 0.01> <nCl=  3> <al=0.67> <DB=  595.6692> <Mlp=  602.1317> <PB=1e+12> 
#<DWph=2> <it= 26> <et=7.34> <Mt= 0.00> <Spt= 0.01> <nCl=  2> <al=0.41> <DB=  594.6102> <Mlp=  602.1317> <PB=1e+12> 
#<DWph=2> <it= 27> <et=7.35> <Mt= 0.01> <Spt= 0.01> <nCl=  1> <al=0.60> <DB=  598.3374> <Mlp=  602.1192> <PB=1e+12> 
#<DWph=2> <it= 28> <et=7.37> <Mt= 0.00> <Spt= 0.02> <nCl=  5> <al=0.01> <DB=  586.9009> <Mlp=  602.1192> <PB=1e+12> 
#<DWph=2> <it= 29> <et=7.39> <Mt= 0.01> <Spt= 0.01> <nCl=  1> <al=0.40> <DB=  597.0189> <Mlp=  602.0796> <PB=1e+12> 
#<DWph=2> <it= 30> <et=7.40> <Mt= 0.00> <Spt= 0.01> <nCl=  1> <al=0.46> <DB=  598.5338> <Mlp=  602.0796> <PB=1e+12> 
#<DWph=2> <it= 31> <et=7.42> <Mt= 0.01> <Spt= 0.02> <nCl=  6> <al=0.03> <DB=  596.3610> <Mlp=  602.0385> <PB=1e+12> 
#<DWph=2> <it= 32> <et=7.45> <Mt= 0.01> <Spt= 0.01> <nCl=  8> <al=0.00> <DB=  589.7985> <Mlp=  602.0139> <PB=1e+12> 
#<DWph=2> <it= 33> <et=7.47> <Mt= 0.00> <Spt= 0.02> <nCl=  3> <al=0.00> <DB=  599.8856> <Mlp=  601.9689> <PB=1e+12> 
#<DWph=2> <it= 34> <et=7.49> <Mt= 0.01> <Spt= 0.01> <nCl=  0> <al=0.00> <DB=  601.9682> <Mlp=  601.9682> <PB=1e+12> 
#<DWph=2> <it= 35> <et=7.51> <Mt= 0.01> <Spt= 0.01> <nCl=  9> <al=0.12> <DB=  566.4231> <Mlp=  602.0187> <PB=1e+12> 
#<DWph=2> <it= 36> <et=7.52> <Mt= 0.00> <Spt= 0.01> <nCl=  6> <al=0.20> <DB=  584.2458> <Mlp=  602.0159> <PB=1e+12> 
#<DWph=2> <it= 37> <et=7.54> <Mt= 0.01> <Spt= 0.01> <nCl=  3> <al=0.28> <DB=  588.9570> <Mlp=  602.0131> <PB=1e+12> 
#<DWph=2> <it= 38> <et=7.55> <Mt= 0.00> <Spt= 0.01> <nCl=  1> <al=0.36> <DB=  600.7906> <Mlp=  602.0131> <PB=1e+12> 
#<DWph=2> <it= 39> <et=7.57> <Mt= 0.00> <Spt= 0.01> <nCl=  3> <al=0.00> <DB=  596.6915> <Mlp=  602.0131> <PB=1e+12> 
#<DWph=2> <it= 40> <et=7.58> <Mt= 0.01> <Spt= 0.01> <nCl=  1> <al=0.00> <DB=  597.9243> <Mlp=  602.0131> <PB=1e+12> 
#<DWph=2> <it= 41> <et=7.60> <Mt= 0.00> <Spt= 0.02> <nCl=  0> <al=0.00> <DB=  602.0131> <Mlp=  602.0131> <PB=1e+12> 
#<DWph=2> <it= 42> <et=7.62> <Mt= 0.00> <Spt= 0.01> <nCl=  6> <al=0.12> <DB=  586.7654> <Mlp=  602.0579> <PB=1e+12> 
#<DWph=2> <it= 43> <et=7.63> <Mt= 0.01> <Spt= 0.01> <nCl=  3> <al=0.21> <DB=  595.8468> <Mlp=  602.0558> <PB=1e+12> 
<DWph=1> <it= 45> <et=7.66> <Mt= 0.01> <Spt= 0.01> <nCl=  6> <al=0.29> <DB=  582.3441> <Mlp=  602.0059> <PB=1e+12> 
#<DWph=1> <it= 46> <et=7.68> <Mt= 0.01> <Spt= 0.01> <nCl=  7> <al=0.19> <DB=  589.0617> <Mlp=  601.9916> <PB=1e+12> 
#<DWph=1> <it= 47> <et=7.70> <Mt= 0.01> <Spt= 0.02> <nCl=  5> <al=0.27> <DB=  596.7842> <Mlp=  601.9550> <PB=1e+12> 
#<DWph=1> <it= 48> <et=7.72> <Mt= 0.00> <Spt= 0.01> <nCl=  6> <al=0.34> <DB=  589.7658> <Mlp=  601.8755> <PB=1e+12> 
#<DWph=1> <it= 49> <et=7.74> <Mt= 0.01> <Spt= 0.02> <nCl=  2> <al=0.41> <DB=  598.9910> <Mlp=  601.8508> <PB=1e+12> 
#<DWph=1> <it= 50> <et=7.76> <Mt= 0.00> <Spt= 0.01> <nCl=  4> <al=0.31> <DB=  600.5976> <Mlp=  601.8447> <PB=1e+12> 
#<DWph=1> <it= 51> <et=7.78> <Mt= 0.01> <Spt= 0.01> <nCl=  2> <al=0.21> <DB=  601.3098> <Mlp=  601.8436> <PB=1e+12> 
#<DWph=1> <it= 52> <et=7.81> <Mt= 0.00> <Spt= 0.03> <nCl=  1> <al=0.00> <DB=  601.5143> <Mlp=  601.8334> <PB=1e+12> 
#<DWph=1> <it= 53> <et=7.84> <Mt= 0.00> <Spt= 0.02> <nCl=  0> <al=0.00> <DB=  601.8334> <Mlp=  601.8334> <PB=1e+12> 
<DWph=1> <it= 54> <et=7.86> <Mt= 0.01> <Spt= 0.02> <nCl=  2> <al=0.09> <DB=  595.8700> <Mlp=  601.8433> <PB=1e+12> 
<DWph=1> <it= 55> <et=7.89> <Mt= 0.01> <Spt= 0.02> <nCl=  0> <al=0.00> <DB=  601.8338> <Mlp=  601.8338> <PB=1e+12> 
    RCSP exact solver info for graph G_1 : TT = 0.017, pt = 0.001698, dt = 0.01222, ct = 0.001811, ndl = 3', bdl = 23', odl = 3', odf = 23', bsi = 1', cnt = 8', bdch = 86', odch = 27', lcp = 21', #sols = 150
<DWph=0> <it= 56> <et=7.93> <Mt= 0.00> <Spt= 0.04> <nCl= 44> <al=0.08> <DB=  595.6894> <Mlp=  601.8338> <PB=1e+12> 
    RCSP exact solver info for graph G_1 : TT = 0.015358, pt = 0.0017, dt = 0.010303, ct = 0.002002, ndl = 3', bdl = 24', odl = 3', odf = 23', bsi = 1', cnt = 9', bdch = 89', odch = 28', lcp = 22', #sols = 150
<DWph=0> <it= 57> <et=8.00> <Mt= 0.02> <Spt= 0.05> <nCl=148> <al=0.17> <DB=  586.7973> <Mlp=  601.5304> <PB=1e+12> 
    RCSP exact solver info for graph G_1 : TT = 0.015227, pt = 0.001783, dt = 0.010123, ct = 0.001951, ndl = 3', bdl = 24', odl = 3', odf = 22', bsi = 1', cnt = 8', bdch = 88', odch = 28', lcp = 22', #sols = 150
<DWph=0> <it= 58> <et=8.03> <Mt= 0.01> <Spt= 0.02> <nCl= 10> <al=0.25> <DB=  600.0289> <Mlp=  601.5133> <PB=1e+12> 
    RCSP exact solver info for graph G_1 : TT = 0.015257, pt = 0.001735, dt = 0.010142, ct = 0.001951, ndl = 3', bdl = 23', odl = 3', odf = 22', bsi = 1', cnt = 8', bdch = 87', odch = 28', lcp = 22', #sols = 150
<DWph=0> <it= 59> <et=8.06> <Mt= 0.00> <Spt= 0.02> <nCl=  9> <al=0.33> <DB=  600.3048> <Mlp=  601.5133> <PB=1e+12> 
    RCSP exact solver info for graph G_1 : TT = 0.015452, pt = 0.001738, dt = 0.010351, ct = 0.001984, ndl = 3', bdl = 24', odl = 3', odf = 22', bsi = 1', cnt = 8', bdch = 89', odch = 28', lcp = 22', #sols = 150
<DWph=0> <it= 60> <et=8.09> <Mt= 0.01> <Spt= 0.03> <nCl=  8> <al=0.40> <DB=  600.9206> <Mlp=  601.5130> <PB=1e+12> 
    RCSP exact solver info for graph G_1 : TT = 0.015338, pt = 0.001739, dt = 0.010262, ct = 0.00196, ndl = 3', bdl = 24', odl = 3', odf = 22', bsi = 1', cnt = 8', bdch = 89', odch = 28', lcp = 22', #sols = 150
<DWph=0> <it= 61> <et=8.11> <Mt= 0.00> <Spt= 0.02> <nCl=  6> <al=0.30> <DB=  601.0778> <Mlp=  601.5129> <PB=1e+12> 
    RCSP exact solver info for graph G_1 : TT = 0.015262, pt = 0.001771, dt = 0.010026, ct = 0.001964, ndl = 3', bdl = 24', odl = 3', odf = 22', bsi = 1', cnt = 8', bdch = 89', odch = 27', lcp = 22', #sols = 150
    RCSP exact solver info for graph G_1 : TT = 0.014849, pt = 0.001592, dt = 0.009998, ct = 0.00189, ndl = 3', bdl = 24', odl = 3', odf = 22', bsi = 1', cnt = 8', bdch = 88', odch = 27', lcp = 21', #sols = 150
<DWph=0> <it= 62> <et=8.16> <Mt= 0.01> <Spt= 0.04> <nCl=  0> <al=0.00> <DB=  601.5128> <Mlp=  601.5128> <PB=1e+12> 
    Full reduced cost fixing is not called (gap ratio is 1)
Dynamic params and stats :  bidir.bord. = 98.6 aver.obdmd = 19.1111 aver.buck.num. = 25.6528 nbR1C = 100 with avMem = 14.64
ColGenEvalAlg final dual bound: 601.513 (rounded: 601.513)
False gap improvement since the last cut separation : 0.0770547 (596.913)
>>>>> Add min cuts : 4 cut(s) added
18 Rank-1 1-rows pack. cuts added ,  max viol. = 0.412336, aver. viol. = 0.217054
10 Rank-1 3-rows pack. cuts added ,  max viol. = 0.0953366, aver. viol. = 0.0500946
Building structures for heuristic rank-1 packing cut separation...done!
----- Add fac. cuts : R1C(28) UserCuts0(4), max.viol = 0.444206, aver.viol = 0.20183, sep/add took 0.33/0.02 sec. -----
2976 columns (2976 active), 411 dyn. constrs. (148 active), 721 art. vars. (290 active)
#<DWph=2> <it=  1> <et=8.57> <Mt= 0.03> <Spt= 0.01> <nCl=  6> <al=0.50> <DB=  592.5982> <Mlp=  604.2060> <PB=1e+12> 
#<DWph=2> <it=  2> <et=8.58> <Mt= 0.00> <Spt= 0.00> <nCl=  2> <al=0.55> <DB=  596.7137> <Mlp=  604.2013> <PB=1e+12> 
#<DWph=2> <it=  3> <et=8.60> <Mt= 0.01> <Spt= 0.01> <nCl=  1> <al=0.60> <DB=  601.2620> <Mlp=  603.9890> <PB=1e+12> 
#<DWph=2> <it=  4> <et=8.61> <Mt= 0.00> <Spt= 0.02> <nCl=  3> <al=0.27> <DB=  593.0842> <Mlp=  603.9890> <PB=1e+12> 
#<DWph=2> <it=  5> <et=8.63> <Mt= 0.00> <Spt= 0.00> <nCl=  1> <al=0.54> <DB=  603.0977> <Mlp=  603.9743> <PB=1e+12> 
#<DWph=2> <it=  6> <et=8.64> <Mt= 0.01> <Spt= 0.01> <nCl=  1> <al=0.58> <DB=  603.3050> <Mlp=  603.9743> <PB=1e+12> 
#<DWph=2> <it=  7> <et=8.65> <Mt= 0.00> <Spt= 0.01> <nCl=  1> <al=0.62> <DB=  602.9941> <Mlp=  603.9710> <PB=1e+12> 
#<DWph=2> <it=  8> <et=8.67> <Mt= 0.00> <Spt= 0.02> <nCl=  1> <al=0.00> <DB=  603.6866> <Mlp=  603.9710> <PB=1e+12> 
#<DWph=2> <it=  9> <et=8.69> <Mt= 0.00> <Spt= 0.02> <nCl=  0> <al=0.00> <DB=  603.9710> <Mlp=  603.9710> <PB=1e+12> 
#<DWph=2> <it= 10> <et=8.71> <Mt= 0.01> <Spt= 0.01> <nCl=  5> <al=0.46> <DB=  581.3028> <Mlp=  604.1744> <PB=1e+12> 
<DWph=2> <it= 11> <et=8.73> <Mt= 0.01> <Spt= 0.01> <nCl=  6> <al=0.52> <DB=  580.9410> <Mlp=  603.9915> <PB=1e+12> 
<DWph=2> <it= 12> <et=8.74> <Mt= 0.01> <Spt= 0.00> <nCl=  1> <al=0.56> <DB=  597.1067> <Mlp=  603.9804> <PB=1e+12> 
<DWph=2> <it= 13> <et=8.75> <Mt= 0.00> <Spt= 0.01> <nCl=  2> <al=0.46> <DB=  596.5877> <Mlp=  603.9734> <PB=1e+12> 
<DWph=1> <it= 15> <et=8.77> <Mt= 0.00> <Spt= 0.01> <nCl=  1> <al=0.52> <DB=  595.4182> <Mlp=  603.9703> <PB=1e+12> 
<DWph=1> <it= 16> <et=8.80> <Mt= 0.01> <Spt= 0.03> <nCl=  3> <al=0.13> <DB=  590.7178> <Mlp=  603.8852> <PB=1e+12> 
<DWph=1> <it= 17> <et=8.83> <Mt= 0.01> <Spt= 0.02> <nCl=  8> <al=0.47> <DB=  581.1195> <Mlp=  601.7000> <PB=601.7> 
<DWph=1> <it= 18> <et=8.85> <Mt= 0.01> <Spt= 0.01> <nCl=  4> <al=0.52> <DB=  600.3485> <Mlp=  601.7000> <PB=601.7> 
<DWph=1> <it= 19> <et=8.87> <Mt= 0.00> <Spt= 0.01> <nCl=  6> <al=0.42> <DB=  587.1800> <Mlp=  601.7000> <PB=601.7> 
<DWph=1> <it= 20> <et=8.89> <Mt= 0.01> <Spt= 0.02> <nCl=  1> <al=0.48> <DB=  596.9030> <Mlp=  601.7000> <PB=601.7> 
<DWph=1> <it= 21> <et=8.91> <Mt= 0.00> <Spt= 0.01> <nCl=  1> <al=0.38> <DB=  597.9084> <Mlp=  601.7000> <PB=601.7> 
<DWph=1> <it= 22> <et=8.92> <Mt= 0.00> <Spt= 0.02> <nCl=  3> <al=0.28> <DB=  591.9945> <Mlp=  601.7000> <PB=601.7> 
<DWph=1> <it= 23> <et=8.94> <Mt= 0.00> <Spt= 0.01> <nCl=  3> <al=0.35> <DB=  598.1870> <Mlp=  601.7000> <PB=601.7> 
<DWph=1> <it= 24> <et=8.96> <Mt= 0.01> <Spt= 0.01> <nCl=  2> <al=0.25> <DB=  595.1633> <Mlp=  601.7000> <PB=601.7> 
<DWph=1> <it= 25> <et=8.98> <Mt= 0.00> <Spt= 0.02> <nCl=  1> <al=0.32> <DB=  598.4378> <Mlp=  601.7000> <PB=601.7> 
<DWph=1> <it= 26> <et=8.99> <Mt= 0.00> <Spt= 0.01> <nCl=  1> <al=0.22> <DB=  599.4431> <Mlp=  601.7000> <PB=601.7> 
<DWph=1> <it= 27> <et=9.01> <Mt= 0.01> <Spt= 0.01> <nCl=  5> <al=0.12> <DB=  600.4485> <Mlp=  601.7000> <PB=601.7> 
<DWph=1> <it= 28> <et=9.03> <Mt= 0.00> <Spt= 0.02> <nCl=  4> <al=0.02> <DB=  594.8240> <Mlp=  601.7000> <PB=601.7> 
<DWph=1> <it= 29> <et=9.05> <Mt= 0.01> <Spt= 0.01> <nCl=  4> <al=0.12> <DB=  591.6429> <Mlp=  601.7000> <PB=601.7> 
<DWph=1> <it= 30> <et=9.07> <Mt= 0.00> <Spt= 0.02> <nCl=  6> <al=0.21> <DB=  598.0739> <Mlp=  601.7000> <PB=601.7> 
<DWph=1> <it= 31> <et=9.09> <Mt= 0.01> <Spt= 0.01> <nCl=  1> <al=0.29> <DB=  600.3936> <Mlp=  601.7000> <PB=601.7> 
<DWph=1> <it= 32> <et=9.12> <Mt= 0.00> <Spt= 0.03> <nCl=  2> <al=0.00> <DB=  592.5557> <Mlp=  601.7000> <PB=601.7> 
<DWph=1> <it= 33> <et=9.13> <Mt= 0.00> <Spt= 0.01> <nCl=  1> <al=0.26> <DB=  600.2038> <Mlp=  601.7000> <PB=601.7> 
<DWph=1> <it= 34> <et=9.16> <Mt= 0.00> <Spt= 0.03> <nCl=  0> <al=0.00> <DB=  601.7000> <Mlp=  601.7000> <PB=601.7> 
    RCSP exact solver info for graph G_1 : TT = 0.016053, pt = 0.001331, dt = 0.011095, ct = 0.002362, ndl = 3', bdl = 26', odl = 3', odf = 26', bsi = 1', cnt = 13', bdch = 105', odch = 41', lcp = 26', #sols = 150
<DWph=0> <it= 35> <et=9.19> <Mt= 0.01> <Spt= 0.02> <nCl= 24> <al=0.23> <DB=  594.9485> <Mlp=  601.7000> <PB=601.7> 
    RCSP exact solver info for graph G_1 : TT = 0.01605, pt = 0.001372, dt = 0.010947, ct = 0.002382, ndl = 3', bdl = 26', odl = 3', odf = 26', bsi = 1', cnt = 13', bdch = 105', odch = 40', lcp = 25', #sols = 150
<DWph=0> <it= 36> <et=9.22> <Mt= 0.00> <Spt= 0.02> <nCl= 12> <al=0.31> <DB=  598.8797> <Mlp=  601.7000> <PB=601.7> 
    RCSP exact solver info for graph G_1 : TT = 0.015958, pt = 0.001427, dt = 0.010781, ct = 0.002367, ndl = 3', bdl = 25', odl = 3', odf = 26', bsi = 1', cnt = 13', bdch = 104', odch = 40', lcp = 25', #sols = 150
<DWph=0> <it= 37> <et=9.24> <Mt= 0.00> <Spt= 0.02> <nCl=  6> <al=0.38> <DB=  600.4137> <Mlp=  601.7000> <PB=601.7> 
    RCSP exact solver info for graph G_1 : TT = 0.016055, pt = 0.001354, dt = 0.01099, ct = 0.002361, ndl = 3', bdl = 25', odl = 3', odf = 26', bsi = 1', cnt = 13', bdch = 103', odch = 40', lcp = 25', #sols = 150
    RCSP exact solver info for graph G_1 : TT = 0.015769, pt = 0.001381, dt = 0.010692, ct = 0.002322, ndl = 3', bdl = 25', odl = 3', odf = 26', bsi = 1', cnt = 13', bdch = 102', odch = 39', lcp = 25', #sols = 150
<DWph=0> <it= 38> <et=9.28> <Mt= 0.01> <Spt= 0.04> <nCl=  0> <al=0.00> <DB=  601.7000> <Mlp=  601.7000> <PB=601.7> 
Dynamic params and stats :  bidir.bord. = 98.6 aver.obdmd = 19.1111 aver.buck.num. = 25.6528 nbR1C = 92 with avMem = 13.2609
ColGenEvalAlg final dual bound: 601.7 (rounded: 601.7)
Gap improvement since the last cut separation : 1 (601.513)
New model incumbent solution 601.7, TIME = 0h0m9s31t = 931
************************************************************************************************
Search is finished, global bounds : [ 601.7 , 601.7 ], TIME = 0h0m9s32t = 932
************************************************************************************************
[32mBaPCod : solution defined.[00m
statistics_cols: instance & :Optimal & cutoff & :bcRecRootDb & :bcTimeRootEval & :bcCountNodeProc & :bcRecBestDb & :bcRecBestInc & :bcTimeMain \\
statistics: h10_c50_l200_05 & 1 & -1.0 & 601.70 & 9.31 & 1 & 601.70 & 601.70 & 9.32 \\
 
######### Customized statistics #########################
Customized_statistics: h10_c50_l200_05 6 6 NOT_FIXED_OPT 1.0e7 601.6999998298284 931.0 1 601.6999998298284 601.7 9.32 9.32
########################################################

########################################################
Tour #1: 6 22 27 28 15 11 34 47 40 2 58 54 39 46 57 43 29 26 3 24 10 45 42 51 4 48 31 50 17 55 36 12 23 53 37 14 5 38 21 18 30 52 16 59 19 0 56 13 49 44 41 20 25 35 32 33 6 
Cost 601.7
########################################################
