Application parameters:
  batch  =>  nothing
  tikz  =>  "/TIKZ/100-40-1-2.tex"
  instance  =>  "/IN/100-40-1-2.ophs"
  out  =>  "/OUT/100-40-1-2.sol"
  nosolve  =>  false
  ub  =>  -299
  complete  =>  false
  cfg  =>  "/BWTSP/src/../config/OPHS.cfg"
VRPSolver warning: Interval set for resource 1 on source node (when source != sink) is ignored (by definition is [0.0,0.0])
VRPSolver warning: Interval set for resource 1 on source node (when source != sink) is ignored (by definition is [0.0,0.0])
[41m solve [00m
~~~~~~~~~~~~~~~~~~~~~~~~~~~~~~~~~~~~~~~~~~~~~~~~~~~~~~~~~~~~~~~~~~~~~~~~~~~~~~
VRPSolver v0.4.1, 24/03/2021. Web: vrpsolver.math.u-bordeaux.fr
Corresponds to the solver by Pessoa, Sadykov, Uchoa and Vanderbeck (2020)
Paper: dx.doi.org/10.1007/s10107-020-01523-z
USE THIS CODE ONLY FOR ACADEMIC PURPOSES AT YOUR OWN RISK
~~~~~~~~~~~~~~~~~~~~~~~~~~~~~~~~~~~~~~~~~~~~~~~~~~~~~~~~~~~~~~~~~~~~~~~~~~~~~~
BaPCod v053, 24/03/2021, © Inria Bordeaux, France
~~~~~~~~~~~~~~~~~~~~~~~~~~~~~~~~~~~~~~~~~~~~~~~~~~~~~~~~~~~~~~~~~~~~~~~~~~~~~~
VRPSolver parameters:
GlobalTimeLimit = 18000
MaxNbOfBBtreeNodeTreated = 100000
treeSearchStrategy = 1
RCSPstopCutGenTimeThresholdInPricing = 10
RCSPhardTimeThresholdInPricing = 25
RCSPnumberOfBucketsPerVertex = 25
RCSPdynamicBucketSteps = 1
RCSPuseBidirectionalSearch = 2
RCSPapplyReducedCostFixing = 1
RCSPredCostFixingFalseGap = 0
RCSPmaxNumOfColsPerIteration = 30
RCSPmaxNumOfColsPerExactIteration = 150
RCSPheurLabelingStrategy = 0
StabilizationMinPhaseOfStage = 0
RCSPmaxNumOfLabelsInEnumeration = 500000
RCSPmaxNumOfEnumeratedSolutions = 5000000
RCSPmaxNumOfEnumSolutionsForMIP = 10000
RCSPinitNGneighbourhoodSize = 8
RCSPmaxNGneighbourhoodSize = 8
RCSPrankOneCutsMaxNumPerRound = 100
RCSPrankOneCutsMaxNumRows = 5
RCSPrankOneCutsMemoryType = 0
CutTailingOffThreshold = 0.015
CutTailingOffCounterThreshold = 3
SafeDualBoundScaleFactor = -1
StrongBranchingPhaseOneCandidatesNumber = 100
StrongBranchingPhaseOneTreeSizeEstimRatio = 0.2
StrongBranchingPhaseTwoCandidatesNumber = 3
StrongBranchingPhaseTwoTreeSizeEstimRatio = 0.02
MaxTimeForRestrictedMasterIpHeur = -1
DivingHeurUseDepthLimit = 0
MaxLDSbreadth = 1
MaxLDSdepth = 10000
New model incumbent solution -298, TIME = 0h0m0s3t = 3
Model is built TIME = 0h0m1s8t = 108
************************************************************************************************
**** BaB tree root node
**** Local DB = -1e+12, global bounds : [ -1e+12 , -298 ], TIME = 0h0m1s8t = 108
**** 1 open nodes, 0 columns (0 active), 0 dyn. constrs. (0 active), 407 art. vars. (407 active)
************************************************************************************************
--------------------------------------------------------------------------
BaPCod info : first we run the root node with rank-1 cuts with node memory
--------------------------------------------------------------------------
<DWph=2> <it= 10> <et=1.17> <Mt= 0.00> <Spt= 0.07> <nCl= 47> <DB= -450.0000> <Mlp= -226.0000> <PB=-297.99999> 
<DWph=2> <it= 14> <et=1.21> <Mt= 0.00> <Spt= 0.04> <nCl=  7> <DB= -289.0000> <Mlp= -289.0000> <PB=-297.99999> 
<DWph=1> <it= 20> <et=1.32> <Mt= 0.00> <Spt= 0.10> <nCl= 11> <DB= -298.0000> <Mlp= -298.0000> <PB=-298> 
<DWph=0> <it= 22> <et=1.34> <Mt= 0.00> <Spt= 0.03> <nCl=  1> <DB= -299.0000> <Mlp= -299.0000> <PB=-299> 
ColGenEvalAlg final dual bound: -299 (rounded: -299)
New model incumbent solution -299, TIME = 0h0m1s36t = 136
************************************************************************************************
Search is finished, global bounds : [ -299 , -299 ], TIME = 0h0m1s36t = 136
************************************************************************************************
[32mBaPCod : solution defined.[00m
statistics_cols: instance & :Optimal & cutoff & :bcRecRootDb & :bcTimeRootEval & :bcCountNodeProc & :bcRecBestDb & :bcRecBestInc & :bcTimeMain \\
statistics: 100-40-1-2 & 1 & -297.99999 & -299.00 & 1.36 & 1 & -299.00 & -299 & 1.36 \\
########################################################
trip 1 : 1 99 53 6 50 26 10 17 70 13 3 
trip 2 : 3 83 25 42 65 77 81 27 2 
tour : 1 99 53 6 50 26 10 17 70 13 3 83 25 42 65 77 81 27 2
Cost 299.0
########################################################
