Application parameters:
  batch  =>  nothing
  tikz  =>  "/TIKZ/100-30-1-2.tex"
  instance  =>  "/IN/100-30-1-2.ophs"
  out  =>  "/OUT/100-30-1-2.sol"
  nosolve  =>  false
  ub  =>  -173
  complete  =>  false
  cfg  =>  "/BWTSP/src/../config/OPHS.cfg"
VRPSolver warning: Interval set for resource 1 on source node (when source != sink) is ignored (by definition is [0.0,0.0])
VRPSolver warning: Interval set for resource 1 on source node (when source != sink) is ignored (by definition is [0.0,0.0])
[41m solve [00m
~~~~~~~~~~~~~~~~~~~~~~~~~~~~~~~~~~~~~~~~~~~~~~~~~~~~~~~~~~~~~~~~~~~~~~~~~~~~~~
VRPSolver v0.4.1, 24/03/2021. Web: vrpsolver.math.u-bordeaux.fr
Corresponds to the solver by Pessoa, Sadykov, Uchoa and Vanderbeck (2020)
Paper: dx.doi.org/10.1007/s10107-020-01523-z
USE THIS CODE ONLY FOR ACADEMIC PURPOSES AT YOUR OWN RISK
~~~~~~~~~~~~~~~~~~~~~~~~~~~~~~~~~~~~~~~~~~~~~~~~~~~~~~~~~~~~~~~~~~~~~~~~~~~~~~
BaPCod v053, 24/03/2021, © Inria Bordeaux, France
~~~~~~~~~~~~~~~~~~~~~~~~~~~~~~~~~~~~~~~~~~~~~~~~~~~~~~~~~~~~~~~~~~~~~~~~~~~~~~
VRPSolver parameters:
GlobalTimeLimit = 18000
MaxNbOfBBtreeNodeTreated = 100000
treeSearchStrategy = 1
RCSPstopCutGenTimeThresholdInPricing = 10
RCSPhardTimeThresholdInPricing = 25
RCSPnumberOfBucketsPerVertex = 25
RCSPdynamicBucketSteps = 1
RCSPuseBidirectionalSearch = 2
RCSPapplyReducedCostFixing = 1
RCSPredCostFixingFalseGap = 0
RCSPmaxNumOfColsPerIteration = 30
RCSPmaxNumOfColsPerExactIteration = 150
RCSPheurLabelingStrategy = 0
StabilizationMinPhaseOfStage = 0
RCSPmaxNumOfLabelsInEnumeration = 500000
RCSPmaxNumOfEnumeratedSolutions = 5000000
RCSPmaxNumOfEnumSolutionsForMIP = 10000
RCSPinitNGneighbourhoodSize = 8
RCSPmaxNGneighbourhoodSize = 8
RCSPrankOneCutsMaxNumPerRound = 100
RCSPrankOneCutsMaxNumRows = 5
RCSPrankOneCutsMemoryType = 0
CutTailingOffThreshold = 0.015
CutTailingOffCounterThreshold = 3
SafeDualBoundScaleFactor = -1
StrongBranchingPhaseOneCandidatesNumber = 100
StrongBranchingPhaseOneTreeSizeEstimRatio = 0.2
StrongBranchingPhaseTwoCandidatesNumber = 3
StrongBranchingPhaseTwoTreeSizeEstimRatio = 0.02
MaxTimeForRestrictedMasterIpHeur = -1
DivingHeurUseDepthLimit = 0
MaxLDSbreadth = 1
MaxLDSdepth = 10000
New model incumbent solution -172, TIME = 0h0m0s3t = 3
Model is built TIME = 0h0m1s5t = 105
************************************************************************************************
**** BaB tree root node
**** Local DB = -1e+12, global bounds : [ -1e+12 , -172 ], TIME = 0h0m1s5t = 105
**** 1 open nodes, 0 columns (0 active), 0 dyn. constrs. (0 active), 407 art. vars. (407 active)
************************************************************************************************
--------------------------------------------------------------------------
BaPCod info : first we run the root node with rank-1 cuts with node memory
--------------------------------------------------------------------------
<DWph=2> <it= 10> <et=1.13> <Mt= 0.00> <Spt= 0.06> <nCl= 39> <DB= -173.0000> <Mlp= -173.0000> <PB=-173> 
<DWph=1> <it= 15> <et=1.20> <Mt= 0.00> <Spt= 0.06> <nCl= 10> <DB= -173.0000> <Mlp= -173.0000> <PB=-173> 
<DWph=0> <it= 16> <et=1.21> <Mt= 0.00> <Spt= 0.02> <nCl=  0> <DB= -173.0000> <Mlp= -173.0000> <PB=-173> 
ColGenEvalAlg final dual bound: -173 (rounded: -173)
New model incumbent solution -173, TIME = 0h0m1s22t = 122
************************************************************************************************
Search is finished, global bounds : [ -173 , -173 ], TIME = 0h0m1s22t = 122
************************************************************************************************
[32mBaPCod : solution defined.[00m
statistics_cols: instance & :Optimal & cutoff & :bcRecRootDb & :bcTimeRootEval & :bcCountNodeProc & :bcRecBestDb & :bcRecBestInc & :bcTimeMain \\
statistics: 100-30-1-2 & 1 & -171.99999 & -173.00 & 1.22 & 1 & -173.00 & -173 & 1.22 \\
########################################################
trip 1 : 1 17 70 13 83 25 42 3 
trip 2 : 3 65 77 81 27 2 
tour : 1 17 70 13 83 25 42 3 65 77 81 27 2
Cost 173.0
########################################################
