Application parameters:
  batch  =>  nothing
  tikz  =>  "/TIKZ/102-50-1-2.tex"
  instance  =>  "/IN/102-50-1-2.ophs"
  out  =>  "/OUT/102-50-1-2.sol"
  nosolve  =>  false
  ub  =>  -181
  complete  =>  false
  cfg  =>  "/BWTSP/src/../config/OPHS.cfg"
VRPSolver warning: Interval set for resource 1 on source node (when source != sink) is ignored (by definition is [0.0,0.0])
VRPSolver warning: Interval set for resource 1 on source node (when source != sink) is ignored (by definition is [0.0,0.0])
[41m solve [00m
~~~~~~~~~~~~~~~~~~~~~~~~~~~~~~~~~~~~~~~~~~~~~~~~~~~~~~~~~~~~~~~~~~~~~~~~~~~~~~
VRPSolver v0.4.1, 24/03/2021. Web: vrpsolver.math.u-bordeaux.fr
Corresponds to the solver by Pessoa, Sadykov, Uchoa and Vanderbeck (2020)
Paper: dx.doi.org/10.1007/s10107-020-01523-z
USE THIS CODE ONLY FOR ACADEMIC PURPOSES AT YOUR OWN RISK
~~~~~~~~~~~~~~~~~~~~~~~~~~~~~~~~~~~~~~~~~~~~~~~~~~~~~~~~~~~~~~~~~~~~~~~~~~~~~~
BaPCod v053, 24/03/2021, © Inria Bordeaux, France
~~~~~~~~~~~~~~~~~~~~~~~~~~~~~~~~~~~~~~~~~~~~~~~~~~~~~~~~~~~~~~~~~~~~~~~~~~~~~~
VRPSolver parameters:
GlobalTimeLimit = 18000
MaxNbOfBBtreeNodeTreated = 100000
treeSearchStrategy = 1
RCSPstopCutGenTimeThresholdInPricing = 10
RCSPhardTimeThresholdInPricing = 25
RCSPnumberOfBucketsPerVertex = 25
RCSPdynamicBucketSteps = 1
RCSPuseBidirectionalSearch = 2
RCSPapplyReducedCostFixing = 1
RCSPredCostFixingFalseGap = 0
RCSPmaxNumOfColsPerIteration = 30
RCSPmaxNumOfColsPerExactIteration = 150
RCSPheurLabelingStrategy = 0
StabilizationMinPhaseOfStage = 0
RCSPmaxNumOfLabelsInEnumeration = 500000
RCSPmaxNumOfEnumeratedSolutions = 5000000
RCSPmaxNumOfEnumSolutionsForMIP = 10000
RCSPinitNGneighbourhoodSize = 8
RCSPmaxNGneighbourhoodSize = 8
RCSPrankOneCutsMaxNumPerRound = 100
RCSPrankOneCutsMaxNumRows = 5
RCSPrankOneCutsMemoryType = 0
CutTailingOffThreshold = 0.015
CutTailingOffCounterThreshold = 3
SafeDualBoundScaleFactor = -1
StrongBranchingPhaseOneCandidatesNumber = 100
StrongBranchingPhaseOneTreeSizeEstimRatio = 0.2
StrongBranchingPhaseTwoCandidatesNumber = 3
StrongBranchingPhaseTwoTreeSizeEstimRatio = 0.02
MaxTimeForRestrictedMasterIpHeur = -1
DivingHeurUseDepthLimit = 0
MaxLDSbreadth = 1
MaxLDSdepth = 10000
New model incumbent solution -180, TIME = 0h0m0s2t = 2
Model is built TIME = 0h0m1s4t = 104
************************************************************************************************
**** BaB tree root node
**** Local DB = -1e+12, global bounds : [ -1e+12 , -180 ], TIME = 0h0m1s4t = 104
**** 1 open nodes, 0 columns (0 active), 0 dyn. constrs. (0 active), 415 art. vars. (415 active)
************************************************************************************************
--------------------------------------------------------------------------
BaPCod info : first we run the root node with rank-1 cuts with node memory
--------------------------------------------------------------------------
<DWph=2> <it= 10> <et=1.10> <Mt= 0.00> <Spt= 0.04> <nCl= 43> <DB= -214.0000> <Mlp= -168.0000> <PB=-179.99999> 
<DWph=2> <it= 12> <et=1.12> <Mt= 0.00> <Spt= 0.02> <nCl=  2> <DB= -181.0000> <Mlp= -181.0000> <PB=-181> 
<DWph=1> <it= 17> <et=1.16> <Mt= 0.00> <Spt= 0.03> <nCl=  5> <DB= -181.0000> <Mlp= -181.0000> <PB=-181> 
<DWph=0> <it= 18> <et=1.18> <Mt= 0.00> <Spt= 0.02> <nCl=  0> <DB= -181.0000> <Mlp= -181.0000> <PB=-181> 
ColGenEvalAlg final dual bound: -181 (rounded: -181)
New model incumbent solution -181, TIME = 0h0m1s19t = 119
************************************************************************************************
Search is finished, global bounds : [ -181 , -181 ], TIME = 0h0m1s19t = 119
************************************************************************************************
[32mBaPCod : solution defined.[00m
statistics_cols: instance & :Optimal & cutoff & :bcRecRootDb & :bcTimeRootEval & :bcCountNodeProc & :bcRecBestDb & :bcRecBestInc & :bcTimeMain \\
statistics: 102-50-1-2 & 1 & -179.99999 & -181.00 & 1.19 & 1 & -181.00 & -181 & 1.19 \\
########################################################
trip 1 : 1 17 61 103 59 14 3 
trip 2 : 3 11 60 24 2 
tour : 1 17 61 103 59 14 3 11 60 24 2
Cost 181.0
########################################################
