Application parameters:
  batch  =>  nothing
  tikz  =>  "/TIKZ/102-60-1-2.tex"
  instance  =>  "/IN/102-60-1-2.ophs"
  out  =>  "/OUT/102-60-1-2.sol"
  nosolve  =>  false
  ub  =>  -243
  complete  =>  false
  cfg  =>  "/BWTSP/src/../config/OPHS.cfg"
VRPSolver warning: Interval set for resource 1 on source node (when source != sink) is ignored (by definition is [0.0,0.0])
VRPSolver warning: Interval set for resource 1 on source node (when source != sink) is ignored (by definition is [0.0,0.0])
[41m solve [00m
~~~~~~~~~~~~~~~~~~~~~~~~~~~~~~~~~~~~~~~~~~~~~~~~~~~~~~~~~~~~~~~~~~~~~~~~~~~~~~
VRPSolver v0.4.1, 24/03/2021. Web: vrpsolver.math.u-bordeaux.fr
Corresponds to the solver by Pessoa, Sadykov, Uchoa and Vanderbeck (2020)
Paper: dx.doi.org/10.1007/s10107-020-01523-z
USE THIS CODE ONLY FOR ACADEMIC PURPOSES AT YOUR OWN RISK
~~~~~~~~~~~~~~~~~~~~~~~~~~~~~~~~~~~~~~~~~~~~~~~~~~~~~~~~~~~~~~~~~~~~~~~~~~~~~~
BaPCod v053, 24/03/2021, © Inria Bordeaux, France
~~~~~~~~~~~~~~~~~~~~~~~~~~~~~~~~~~~~~~~~~~~~~~~~~~~~~~~~~~~~~~~~~~~~~~~~~~~~~~
VRPSolver parameters:
GlobalTimeLimit = 18000
MaxNbOfBBtreeNodeTreated = 100000
treeSearchStrategy = 1
RCSPstopCutGenTimeThresholdInPricing = 10
RCSPhardTimeThresholdInPricing = 25
RCSPnumberOfBucketsPerVertex = 25
RCSPdynamicBucketSteps = 1
RCSPuseBidirectionalSearch = 2
RCSPapplyReducedCostFixing = 1
RCSPredCostFixingFalseGap = 0
RCSPmaxNumOfColsPerIteration = 30
RCSPmaxNumOfColsPerExactIteration = 150
RCSPheurLabelingStrategy = 0
StabilizationMinPhaseOfStage = 0
RCSPmaxNumOfLabelsInEnumeration = 500000
RCSPmaxNumOfEnumeratedSolutions = 5000000
RCSPmaxNumOfEnumSolutionsForMIP = 10000
RCSPinitNGneighbourhoodSize = 8
RCSPmaxNGneighbourhoodSize = 8
RCSPrankOneCutsMaxNumPerRound = 100
RCSPrankOneCutsMaxNumRows = 5
RCSPrankOneCutsMemoryType = 0
CutTailingOffThreshold = 0.015
CutTailingOffCounterThreshold = 3
SafeDualBoundScaleFactor = -1
StrongBranchingPhaseOneCandidatesNumber = 100
StrongBranchingPhaseOneTreeSizeEstimRatio = 0.2
StrongBranchingPhaseTwoCandidatesNumber = 3
StrongBranchingPhaseTwoTreeSizeEstimRatio = 0.02
MaxTimeForRestrictedMasterIpHeur = -1
DivingHeurUseDepthLimit = 0
MaxLDSbreadth = 1
MaxLDSdepth = 10000
New model incumbent solution -242, TIME = 0h0m0s4t = 4
Model is built TIME = 0h0m0s96t = 96
************************************************************************************************
**** BaB tree root node
**** Local DB = -1e+12, global bounds : [ -1e+12 , -242 ], TIME = 0h0m0s96t = 96
**** 1 open nodes, 0 columns (0 active), 0 dyn. constrs. (0 active), 415 art. vars. (415 active)
************************************************************************************************
--------------------------------------------------------------------------
BaPCod info : first we run the root node with rank-1 cuts with node memory
--------------------------------------------------------------------------
<DWph=2> <it= 10> <et=1.03> <Mt= 0.00> <Spt= 0.05> <nCl= 48> <DB= -339.0000> <Mlp= -174.5000> <PB=-241.99999> 
<DWph=2> <it= 19> <et=1.08> <Mt= 0.00> <Spt= 0.05> <nCl= 16> <DB= -233.0000> <Mlp= -233.0000> <PB=-241.99999> 
<DWph=1> <it= 20> <et=1.09> <Mt= 0.00> <Spt= 0.01> <nCl=  5> <DB=-24289.0000> <Mlp= -233.0000> <PB=-241.99999> 
<DWph=1> <it= 28> <et=1.16> <Mt= 0.01> <Spt= 0.06> <nCl= 17> <DB= -243.0000> <Mlp= -243.0000> <PB=-243> 
<DWph=0> <it= 30> <et=1.20> <Mt= 0.00> <Spt= 0.04> <nCl=  1> <DB= -243.0000> <Mlp= -243.0000> <PB=-243> 
ColGenEvalAlg final dual bound: -243 (rounded: -243)
New model incumbent solution -243, TIME = 0h0m1s21t = 121
************************************************************************************************
Search is finished, global bounds : [ -243 , -243 ], TIME = 0h0m1s21t = 121
************************************************************************************************
[32mBaPCod : solution defined.[00m
statistics_cols: instance & :Optimal & cutoff & :bcRecRootDb & :bcTimeRootEval & :bcCountNodeProc & :bcRecBestDb & :bcRecBestInc & :bcTimeMain \\
statistics: 102-60-1-2 & 1 & -241.99999 & -243.00 & 1.21 & 1 & -243.00 & -243 & 1.21 \\
########################################################
trip 1 : 1 17 61 103 11 59 14 102 77 3 
trip 2 : 3 62 60 24 44 42 2 
tour : 1 17 61 103 11 59 14 102 77 3 62 60 24 44 42 2
Cost 243.0
########################################################
