Application parameters:
  batch  =>  nothing
  tikz  =>  "/TIKZ/64-45-1-2.tex"
  instance  =>  "/IN/64-45-1-2.ophs"
  out  =>  "/OUT/64-45-1-2.sol"
  nosolve  =>  false
  ub  =>  -816
  complete  =>  false
  cfg  =>  "/BWTSP/src/../config/OPHS.cfg"
VRPSolver warning: Interval set for resource 1 on source node (when source != sink) is ignored (by definition is [0.0,0.0])
VRPSolver warning: Interval set for resource 1 on source node (when source != sink) is ignored (by definition is [0.0,0.0])
[41m solve [00m
~~~~~~~~~~~~~~~~~~~~~~~~~~~~~~~~~~~~~~~~~~~~~~~~~~~~~~~~~~~~~~~~~~~~~~~~~~~~~~
VRPSolver v0.4.1, 24/03/2021. Web: vrpsolver.math.u-bordeaux.fr
Corresponds to the solver by Pessoa, Sadykov, Uchoa and Vanderbeck (2020)
Paper: dx.doi.org/10.1007/s10107-020-01523-z
USE THIS CODE ONLY FOR ACADEMIC PURPOSES AT YOUR OWN RISK
~~~~~~~~~~~~~~~~~~~~~~~~~~~~~~~~~~~~~~~~~~~~~~~~~~~~~~~~~~~~~~~~~~~~~~~~~~~~~~
BaPCod v053, 24/03/2021, © Inria Bordeaux, France
~~~~~~~~~~~~~~~~~~~~~~~~~~~~~~~~~~~~~~~~~~~~~~~~~~~~~~~~~~~~~~~~~~~~~~~~~~~~~~
VRPSolver parameters:
GlobalTimeLimit = 18000
MaxNbOfBBtreeNodeTreated = 100000
treeSearchStrategy = 1
RCSPstopCutGenTimeThresholdInPricing = 10
RCSPhardTimeThresholdInPricing = 25
RCSPnumberOfBucketsPerVertex = 25
RCSPdynamicBucketSteps = 1
RCSPuseBidirectionalSearch = 2
RCSPapplyReducedCostFixing = 1
RCSPredCostFixingFalseGap = 0
RCSPmaxNumOfColsPerIteration = 30
RCSPmaxNumOfColsPerExactIteration = 150
RCSPheurLabelingStrategy = 0
StabilizationMinPhaseOfStage = 0
RCSPmaxNumOfLabelsInEnumeration = 500000
RCSPmaxNumOfEnumeratedSolutions = 5000000
RCSPmaxNumOfEnumSolutionsForMIP = 10000
RCSPinitNGneighbourhoodSize = 8
RCSPmaxNGneighbourhoodSize = 8
RCSPrankOneCutsMaxNumPerRound = 100
RCSPrankOneCutsMaxNumRows = 5
RCSPrankOneCutsMemoryType = 0
CutTailingOffThreshold = 0.015
CutTailingOffCounterThreshold = 3
SafeDualBoundScaleFactor = -1
StrongBranchingPhaseOneCandidatesNumber = 100
StrongBranchingPhaseOneTreeSizeEstimRatio = 0.2
StrongBranchingPhaseTwoCandidatesNumber = 3
StrongBranchingPhaseTwoTreeSizeEstimRatio = 0.02
MaxTimeForRestrictedMasterIpHeur = -1
DivingHeurUseDepthLimit = 0
MaxLDSbreadth = 1
MaxLDSdepth = 10000
New model incumbent solution -815, TIME = 0h0m0s2t = 2
Model is built TIME = 0h0m0s85t = 85
************************************************************************************************
**** BaB tree root node
**** Local DB = -1e+12, global bounds : [ -1e+12 , -815 ], TIME = 0h0m0s85t = 85
**** 1 open nodes, 0 columns (0 active), 0 dyn. constrs. (0 active), 263 art. vars. (263 active)
************************************************************************************************
--------------------------------------------------------------------------
BaPCod info : first we run the root node with rank-1 cuts with node memory
--------------------------------------------------------------------------
<DWph=2> <it= 10> <et=0.93> <Mt= 0.00> <Spt= 0.06> <nCl= 53> <DB= -876.3823> <Mlp= -783.6000> <PB=-814.99999> 
<DWph=2> <it= 18> <et=0.99> <Mt= 0.00> <Spt= 0.07> <nCl= 24> <DB= -801.0000> <Mlp= -795.0000> <PB=-814.99999> 
<DWph=1> <it= 19> <et=1.03> <Mt= 0.00> <Spt= 0.03> <nCl=  0> <DB= -795.0000> <Mlp= -798.0000> <PB=-814.99999> 
<DWph=0> <it= 20> <et=1.08> <Mt= 0.00> <Spt= 0.06> <nCl= 42> <DB= -828.0000> <Mlp= -798.0000> <PB=-814.99999> 
<DWph=0> <it= 22> <et=1.21> <Mt= 0.00> <Spt= 0.12> <nCl=300> <DB= -816.0000> <Mlp= -816.0000> <PB=-816> 
ColGenEvalAlg final dual bound: -816 (rounded: -816)
New model incumbent solution -816, TIME = 0h0m1s22t = 122
************************************************************************************************
Search is finished, global bounds : [ -816 , -816 ], TIME = 0h0m1s22t = 122
************************************************************************************************
[32mBaPCod : solution defined.[00m
statistics_cols: instance & :Optimal & cutoff & :bcRecRootDb & :bcTimeRootEval & :bcCountNodeProc & :bcRecBestDb & :bcRecBestInc & :bcTimeMain \\
statistics: 64-45-1-2 & 1 & -814.99999 & -816.00 & 1.22 & 1 & -816.00 & -816 & 1.22 \\
########################################################
trip 1 : 1 4 6 9 13 18 24 31 39 46 40 32 25 33 26 34 35 3 
trip 2 : 3 28 36 29 23 30 38 45 37 44 51 56 60 63 65 2 
tour : 1 4 6 9 13 18 24 31 39 46 40 32 25 33 26 34 35 3 28 36 29 23 30 38 45 37 44 51 56 60 63 65 2
Cost 816.0
########################################################
