Application parameters:
  batch  =>  nothing
  tikz  =>  "/TIKZ/64-50-1-2.tex"
  instance  =>  "/IN/64-50-1-2.ophs"
  out  =>  "/OUT/64-50-1-2.sol"
  nosolve  =>  false
  ub  =>  -900
  complete  =>  false
  cfg  =>  "/BWTSP/src/../config/OPHS.cfg"
VRPSolver warning: Interval set for resource 1 on source node (when source != sink) is ignored (by definition is [0.0,0.0])
VRPSolver warning: Interval set for resource 1 on source node (when source != sink) is ignored (by definition is [0.0,0.0])
[41m solve [00m
~~~~~~~~~~~~~~~~~~~~~~~~~~~~~~~~~~~~~~~~~~~~~~~~~~~~~~~~~~~~~~~~~~~~~~~~~~~~~~
VRPSolver v0.4.1, 24/03/2021. Web: vrpsolver.math.u-bordeaux.fr
Corresponds to the solver by Pessoa, Sadykov, Uchoa and Vanderbeck (2020)
Paper: dx.doi.org/10.1007/s10107-020-01523-z
USE THIS CODE ONLY FOR ACADEMIC PURPOSES AT YOUR OWN RISK
~~~~~~~~~~~~~~~~~~~~~~~~~~~~~~~~~~~~~~~~~~~~~~~~~~~~~~~~~~~~~~~~~~~~~~~~~~~~~~
BaPCod v053, 24/03/2021, © Inria Bordeaux, France
~~~~~~~~~~~~~~~~~~~~~~~~~~~~~~~~~~~~~~~~~~~~~~~~~~~~~~~~~~~~~~~~~~~~~~~~~~~~~~
VRPSolver parameters:
GlobalTimeLimit = 18000
MaxNbOfBBtreeNodeTreated = 100000
treeSearchStrategy = 1
RCSPstopCutGenTimeThresholdInPricing = 10
RCSPhardTimeThresholdInPricing = 25
RCSPnumberOfBucketsPerVertex = 25
RCSPdynamicBucketSteps = 1
RCSPuseBidirectionalSearch = 2
RCSPapplyReducedCostFixing = 1
RCSPredCostFixingFalseGap = 0
RCSPmaxNumOfColsPerIteration = 30
RCSPmaxNumOfColsPerExactIteration = 150
RCSPheurLabelingStrategy = 0
StabilizationMinPhaseOfStage = 0
RCSPmaxNumOfLabelsInEnumeration = 500000
RCSPmaxNumOfEnumeratedSolutions = 5000000
RCSPmaxNumOfEnumSolutionsForMIP = 10000
RCSPinitNGneighbourhoodSize = 8
RCSPmaxNGneighbourhoodSize = 8
RCSPrankOneCutsMaxNumPerRound = 100
RCSPrankOneCutsMaxNumRows = 5
RCSPrankOneCutsMemoryType = 0
CutTailingOffThreshold = 0.015
CutTailingOffCounterThreshold = 3
SafeDualBoundScaleFactor = -1
StrongBranchingPhaseOneCandidatesNumber = 100
StrongBranchingPhaseOneTreeSizeEstimRatio = 0.2
StrongBranchingPhaseTwoCandidatesNumber = 3
StrongBranchingPhaseTwoTreeSizeEstimRatio = 0.02
MaxTimeForRestrictedMasterIpHeur = -1
DivingHeurUseDepthLimit = 0
MaxLDSbreadth = 1
MaxLDSdepth = 10000
New model incumbent solution -899, TIME = 0h0m0s2t = 2
Model is built TIME = 0h0m0s85t = 85
************************************************************************************************
**** BaB tree root node
**** Local DB = -1e+12, global bounds : [ -1e+12 , -899 ], TIME = 0h0m0s85t = 85
**** 1 open nodes, 0 columns (0 active), 0 dyn. constrs. (0 active), 263 art. vars. (263 active)
************************************************************************************************
--------------------------------------------------------------------------
BaPCod info : first we run the root node with rank-1 cuts with node memory
--------------------------------------------------------------------------
<DWph=2> <it= 10> <et=0.93> <Mt= 0.00> <Spt= 0.07> <nCl= 48> <DB=-1072.2348> <Mlp= -840.5455> <PB=-898.99999> 
<DWph=2> <it= 20> <et=1.01> <Mt= 0.00> <Spt= 0.07> <nCl= 30> <DB= -902.1233> <Mlp= -879.7895> <PB=-898.99999> 
<DWph=2> <it= 28> <et=1.10> <Mt= 0.01> <Spt= 0.09> <nCl=  9> <DB= -885.0000> <Mlp= -885.0000> <PB=-898.99999> 
<DWph=1> <it= 30> <et=1.14> <Mt= 0.00> <Spt= 0.04> <nCl=  5> <DB= -927.0000> <Mlp= -885.0000> <PB=-898.99999> 
<DWph=1> <it= 40> <et=1.38> <Mt= 0.00> <Spt= 0.23> <nCl= 15> <DB= -903.8334> <Mlp= -897.4615> <PB=-898.99999> 
<DWph=1> <it= 49> <et=1.59> <Mt= 0.00> <Spt= 0.20> <nCl= 11> <DB= -900.1507> <Mlp= -899.0270> <PB=-898.99999> 
<DWph=0> <it= 50> <et=1.66> <Mt= 0.01> <Spt= 0.07> <nCl=110> <DB= -920.2868> <Mlp= -899.0270> <PB=-898.99999> 
<DWph=0> <it= 52> <et=1.81> <Mt= 0.00> <Spt= 0.15> <nCl= 69> <DB= -900.0000> <Mlp= -900.0000> <PB=-898.99999> 
Reduced cost fixing for graph G_2... took 0.02 sec., 1580 buck. arcs remain (2.43% from prev., 0.905% from max.)
Run enumeration... took 0.01 sec. and succeeded! Pricing will be done by inspection.
Reduced cost fixing for graph G_1... took 0.03 sec., 1666 buck. arcs remain (2.37% from prev., 0.921% from max.)
Run enumeration... took 0.01 sec. and succeeded! Pricing will be done by inspection.
ColGenEvalAlg final dual bound: -900 (rounded: -900)
----- Terminating the node by MIP -----
MIP found solution with value -900
New model incumbent solution -900, TIME = 0h0m1s92t = 192
************************************************************************************************
Search is finished, global bounds : [ -900 , -900 ], TIME = 0h0m1s92t = 192
************************************************************************************************
[32mBaPCod : solution defined.[00m
statistics_cols: instance & :Optimal & cutoff & :bcRecRootDb & :bcTimeRootEval & :bcCountNodeProc & :bcRecBestDb & :bcRecBestInc & :bcTimeMain \\
statistics: 64-50-1-2 & 1 & -898.99999 & -900.00 & 1.92 & 1 & -900.00 & -900 & 1.92 \\
########################################################
trip 1 : 1 10 14 19 13 18 25 32 24 31 39 46 40 33 26 34 42 3 
trip 2 : 3 35 43 36 28 22 29 23 30 38 45 37 44 51 56 60 63 65 2 
tour : 1 10 14 19 13 18 25 32 24 31 39 46 40 33 26 34 42 3 35 43 36 28 22 29 23 30 38 45 37 44 51 56 60 63 65 2
Cost 900.0
########################################################
