Application parameters:
  batch  =>  nothing
  tikz  =>  "/TIKZ/64-55-1-2.tex"
  instance  =>  "/IN/64-55-1-2.ophs"
  out  =>  "/OUT/64-55-1-2.sol"
  nosolve  =>  false
  ub  =>  -984
  complete  =>  false
  cfg  =>  "/BWTSP/src/../config/OPHS.cfg"
VRPSolver warning: Interval set for resource 1 on source node (when source != sink) is ignored (by definition is [0.0,0.0])
VRPSolver warning: Interval set for resource 1 on source node (when source != sink) is ignored (by definition is [0.0,0.0])
[41m solve [00m
~~~~~~~~~~~~~~~~~~~~~~~~~~~~~~~~~~~~~~~~~~~~~~~~~~~~~~~~~~~~~~~~~~~~~~~~~~~~~~
VRPSolver v0.4.1, 24/03/2021. Web: vrpsolver.math.u-bordeaux.fr
Corresponds to the solver by Pessoa, Sadykov, Uchoa and Vanderbeck (2020)
Paper: dx.doi.org/10.1007/s10107-020-01523-z
USE THIS CODE ONLY FOR ACADEMIC PURPOSES AT YOUR OWN RISK
~~~~~~~~~~~~~~~~~~~~~~~~~~~~~~~~~~~~~~~~~~~~~~~~~~~~~~~~~~~~~~~~~~~~~~~~~~~~~~
BaPCod v053, 24/03/2021, © Inria Bordeaux, France
~~~~~~~~~~~~~~~~~~~~~~~~~~~~~~~~~~~~~~~~~~~~~~~~~~~~~~~~~~~~~~~~~~~~~~~~~~~~~~
VRPSolver parameters:
GlobalTimeLimit = 18000
MaxNbOfBBtreeNodeTreated = 100000
treeSearchStrategy = 1
RCSPstopCutGenTimeThresholdInPricing = 10
RCSPhardTimeThresholdInPricing = 25
RCSPnumberOfBucketsPerVertex = 25
RCSPdynamicBucketSteps = 1
RCSPuseBidirectionalSearch = 2
RCSPapplyReducedCostFixing = 1
RCSPredCostFixingFalseGap = 0
RCSPmaxNumOfColsPerIteration = 30
RCSPmaxNumOfColsPerExactIteration = 150
RCSPheurLabelingStrategy = 0
StabilizationMinPhaseOfStage = 0
RCSPmaxNumOfLabelsInEnumeration = 500000
RCSPmaxNumOfEnumeratedSolutions = 5000000
RCSPmaxNumOfEnumSolutionsForMIP = 10000
RCSPinitNGneighbourhoodSize = 8
RCSPmaxNGneighbourhoodSize = 8
RCSPrankOneCutsMaxNumPerRound = 100
RCSPrankOneCutsMaxNumRows = 5
RCSPrankOneCutsMemoryType = 0
CutTailingOffThreshold = 0.015
CutTailingOffCounterThreshold = 3
SafeDualBoundScaleFactor = -1
StrongBranchingPhaseOneCandidatesNumber = 100
StrongBranchingPhaseOneTreeSizeEstimRatio = 0.2
StrongBranchingPhaseTwoCandidatesNumber = 3
StrongBranchingPhaseTwoTreeSizeEstimRatio = 0.02
MaxTimeForRestrictedMasterIpHeur = -1
DivingHeurUseDepthLimit = 0
MaxLDSbreadth = 1
MaxLDSdepth = 10000
New model incumbent solution -983, TIME = 0h0m0s2t = 2
Model is built TIME = 0h0m0s86t = 86
************************************************************************************************
**** BaB tree root node
**** Local DB = -1e+12, global bounds : [ -1e+12 , -983 ], TIME = 0h0m0s86t = 86
**** 1 open nodes, 0 columns (0 active), 0 dyn. constrs. (0 active), 263 art. vars. (263 active)
************************************************************************************************
--------------------------------------------------------------------------
BaPCod info : first we run the root node with rank-1 cuts with node memory
--------------------------------------------------------------------------
<DWph=2> <it= 10> <et=0.95> <Mt= 0.00> <Spt= 0.07> <nCl= 54> <DB=-2377.4915> <Mlp= -915.0000> <PB=-982.99999> 
<DWph=2> <it= 20> <et=1.03> <Mt= 0.00> <Spt= 0.08> <nCl= 38> <DB=-1061.1408> <Mlp= -957.2584> <PB=-982.99999> 
<DWph=2> <it= 30> <et=1.12> <Mt= 0.01> <Spt= 0.08> <nCl= 24> <DB= -995.0329> <Mlp= -975.0000> <PB=-982.99999> 
<DWph=2> <it= 40> <et=1.20> <Mt= 0.00> <Spt= 0.09> <nCl= 18> <DB= -988.9652> <Mlp= -982.3676> <PB=-982.99999> 
<DWph=2> <it= 46> <et=1.29> <Mt= 0.01> <Spt= 0.08> <nCl=  9> <DB= -983.0909> <Mlp= -983.0909> <PB=-982.99999> 
<DWph=1> <it= 50> <et=1.39> <Mt= 0.00> <Spt= 0.09> <nCl=  8> <DB= -986.3731> <Mlp= -983.3102> <PB=-982.99999> 
<DWph=1> <it= 55> <et=1.54> <Mt= 0.00> <Spt= 0.15> <nCl=  9> <DB= -983.4000> <Mlp= -983.4000> <PB=-982.99999> 
<DWph=0> <it= 57> <et=1.72> <Mt= 0.00> <Spt= 0.18> <nCl= 76> <DB= -984.0000> <Mlp= -984.0000> <PB=-982.99999> 
Reduced cost fixing for graph G_2... took 0.02 sec., 2745 buck. arcs remain (3.91% from prev., 1.52% from max.)
Run enumeration... took 0.02 sec. and succeeded! Pricing will be done by inspection.
Reduced cost fixing for graph G_1... took 0.03 sec., 2959 buck. arcs remain (4.09% from prev., 1.64% from max.)
Run enumeration... took 0.02 sec. and succeeded! Pricing will be done by inspection.
ColGenEvalAlg final dual bound: -984 (rounded: -984)
----- Terminating the node by MIP -----
MIP found solution with value -984
New model incumbent solution -984, TIME = 0h0m1s86t = 186
************************************************************************************************
Search is finished, global bounds : [ -984 , -984 ], TIME = 0h0m1s86t = 186
************************************************************************************************
[32mBaPCod : solution defined.[00m
statistics_cols: instance & :Optimal & cutoff & :bcRecRootDb & :bcTimeRootEval & :bcCountNodeProc & :bcRecBestDb & :bcRecBestInc & :bcTimeMain \\
statistics: 64-55-1-2 & 1 & -982.99999 & -984.00 & 1.86 & 1 & -984.00 & -984 & 1.86 \\
########################################################
trip 1 : 1 4 6 9 13 19 26 33 25 18 24 31 39 32 40 46 52 47 41 34 3 
trip 2 : 3 35 43 36 28 22 29 23 30 38 45 37 44 51 56 50 55 59 62 2 
tour : 1 4 6 9 13 19 26 33 25 18 24 31 39 32 40 46 52 47 41 34 3 35 43 36 28 22 29 23 30 38 45 37 44 51 56 50 55 59 62 2
Cost 984.0
########################################################
