Application parameters:
  batch  =>  nothing
  tikz  =>  "/TIKZ/64-60-1-2.tex"
  instance  =>  "/IN/64-60-1-2.ophs"
  out  =>  "/OUT/64-60-1-2.sol"
  nosolve  =>  false
  ub  =>  -1062
  complete  =>  false
  cfg  =>  "/BWTSP/src/../config/OPHS.cfg"
VRPSolver warning: Interval set for resource 1 on source node (when source != sink) is ignored (by definition is [0.0,0.0])
VRPSolver warning: Interval set for resource 1 on source node (when source != sink) is ignored (by definition is [0.0,0.0])
[41m solve [00m
~~~~~~~~~~~~~~~~~~~~~~~~~~~~~~~~~~~~~~~~~~~~~~~~~~~~~~~~~~~~~~~~~~~~~~~~~~~~~~
VRPSolver v0.4.1, 24/03/2021. Web: vrpsolver.math.u-bordeaux.fr
Corresponds to the solver by Pessoa, Sadykov, Uchoa and Vanderbeck (2020)
Paper: dx.doi.org/10.1007/s10107-020-01523-z
USE THIS CODE ONLY FOR ACADEMIC PURPOSES AT YOUR OWN RISK
~~~~~~~~~~~~~~~~~~~~~~~~~~~~~~~~~~~~~~~~~~~~~~~~~~~~~~~~~~~~~~~~~~~~~~~~~~~~~~
BaPCod v053, 24/03/2021, © Inria Bordeaux, France
~~~~~~~~~~~~~~~~~~~~~~~~~~~~~~~~~~~~~~~~~~~~~~~~~~~~~~~~~~~~~~~~~~~~~~~~~~~~~~
VRPSolver parameters:
GlobalTimeLimit = 18000
MaxNbOfBBtreeNodeTreated = 100000
treeSearchStrategy = 1
RCSPstopCutGenTimeThresholdInPricing = 10
RCSPhardTimeThresholdInPricing = 25
RCSPnumberOfBucketsPerVertex = 25
RCSPdynamicBucketSteps = 1
RCSPuseBidirectionalSearch = 2
RCSPapplyReducedCostFixing = 1
RCSPredCostFixingFalseGap = 0
RCSPmaxNumOfColsPerIteration = 30
RCSPmaxNumOfColsPerExactIteration = 150
RCSPheurLabelingStrategy = 0
StabilizationMinPhaseOfStage = 0
RCSPmaxNumOfLabelsInEnumeration = 500000
RCSPmaxNumOfEnumeratedSolutions = 5000000
RCSPmaxNumOfEnumSolutionsForMIP = 10000
RCSPinitNGneighbourhoodSize = 8
RCSPmaxNGneighbourhoodSize = 8
RCSPrankOneCutsMaxNumPerRound = 100
RCSPrankOneCutsMaxNumRows = 5
RCSPrankOneCutsMemoryType = 0
CutTailingOffThreshold = 0.015
CutTailingOffCounterThreshold = 3
SafeDualBoundScaleFactor = -1
StrongBranchingPhaseOneCandidatesNumber = 100
StrongBranchingPhaseOneTreeSizeEstimRatio = 0.2
StrongBranchingPhaseTwoCandidatesNumber = 3
StrongBranchingPhaseTwoTreeSizeEstimRatio = 0.02
MaxTimeForRestrictedMasterIpHeur = -1
DivingHeurUseDepthLimit = 0
MaxLDSbreadth = 1
MaxLDSdepth = 10000
New model incumbent solution -1061, TIME = 0h0m0s3t = 3
Model is built TIME = 0h0m0s94t = 94
************************************************************************************************
**** BaB tree root node
**** Local DB = -1e+12, global bounds : [ -1e+12 , -1061 ], TIME = 0h0m0s94t = 94
**** 1 open nodes, 0 columns (0 active), 0 dyn. constrs. (0 active), 263 art. vars. (263 active)
************************************************************************************************
--------------------------------------------------------------------------
BaPCod info : first we run the root node with rank-1 cuts with node memory
--------------------------------------------------------------------------
<DWph=2> <it= 10> <et=1.03> <Mt= 0.00> <Spt= 0.07> <nCl= 60> <DB=-1327.7574> <Mlp= -953.5082> <PB=-1061> 
<DWph=2> <it= 20> <et=1.11> <Mt= 0.00> <Spt= 0.09> <nCl= 51> <DB=-1122.3862> <Mlp=-1021.1367> <PB=-1061> 
<DWph=2> <it= 30> <et=1.20> <Mt= 0.01> <Spt= 0.08> <nCl= 30> <DB=-1070.7907> <Mlp=-1039.9982> <PB=-1061> 
<DWph=2> <it= 40> <et=1.30> <Mt= 0.00> <Spt= 0.08> <nCl= 29> <DB=-1068.0765> <Mlp=-1051.9823> <PB=-1061> 
<DWph=2> <it= 42> <et=1.32> <Mt= 0.01> <Spt= 0.02> <nCl=  3> <DB=-1051.9285> <Mlp=-1053.3352> <PB=-1061> 
<DWph=1> <it= 50> <et=1.52> <Mt= 0.00> <Spt= 0.20> <nCl= 31> <DB=-1077.3060> <Mlp=-1061.0115> <PB=-1061> 
<DWph=1> <it= 52> <et=1.62> <Mt= 0.00> <Spt= 0.10> <nCl=  3> <DB=-1062.0000> <Mlp=-1062.0000> <PB=-1061> 
<DWph=0> <it= 53> <et=1.80> <Mt= 0.00> <Spt= 0.18> <nCl=  0> <DB=-1062.0000> <Mlp=-1062.0000> <PB=-1061> 
Reduced cost fixing for graph G_2... took 0.03 sec., 4204 buck. arcs remain (5.86% from prev., 2.33% from max.)
Run enumeration... took 0.18 sec. and succeeded! Pricing will be done by inspection.
Reduced cost fixing for graph G_1... took 0.03 sec., 3037 buck. arcs remain (4.15% from prev., 1.68% from max.)
Run enumeration... took 0.21 sec. and succeeded! Pricing will be done by inspection.
<DWph=2> <it= 54> <et=2.30> <Mt= 0.01> <Spt= 0.00> <nCl=  0> <DB= 1741.6667> <Mlp= 1741.6667> <PB=-1061> 
<DWph=1> <it= 55> <et=2.30> <Mt= 0.00> <Spt= 0.00> <nCl=  0> <DB= 1741.6667> <Mlp= 1741.6667> <PB=-1061> 
<DWph=0> <it= 59> <et=2.37> <Mt= 0.00> <Spt= 0.06> <nCl=656> <DB=-1062.0000> <Mlp=-1062.0000> <PB=-1062> 
ColGenEvalAlg final dual bound: -1062 (rounded: -1062)
New model incumbent solution -1062, TIME = 0h0m2s45t = 245
************************************************************************************************
Search is finished, global bounds : [ -1062 , -1062 ], TIME = 0h0m2s45t = 245
************************************************************************************************
[32mBaPCod : solution defined.[00m
statistics_cols: instance & :Optimal & cutoff & :bcRecRootDb & :bcTimeRootEval & :bcCountNodeProc & :bcRecBestDb & :bcRecBestInc & :bcTimeMain \\
statistics: 64-60-1-2 & 1 & -1060.99999 & -1062.00 & 2.45 & 1 & -1062.00 & -1062 & 2.45 \\
########################################################
trip 1 : 1 4 6 9 13 19 26 33 40 32 25 18 24 31 39 46 52 47 41 34 42 49 43 3 
trip 2 : 3 35 28 22 17 23 30 38 45 37 29 36 44 51 56 50 55 60 63 65 2 
tour : 1 4 6 9 13 19 26 33 40 32 25 18 24 31 39 46 52 47 41 34 42 49 43 3 35 28 22 17 23 30 38 45 37 29 36 44 51 56 50 55 60 63 65 2
Cost 1062.0
########################################################
