Application parameters:
  batch  =>  nothing
  tikz  =>  "/TIKZ/64-70-1-2.tex"
  instance  =>  "/IN/64-70-1-2.ophs"
  out  =>  "/OUT/64-70-1-2.sol"
  nosolve  =>  false
  ub  =>  -1188
  complete  =>  false
  cfg  =>  "/BWTSP/src/../config/OPHS.cfg"
VRPSolver warning: Interval set for resource 1 on source node (when source != sink) is ignored (by definition is [0.0,0.0])
VRPSolver warning: Interval set for resource 1 on source node (when source != sink) is ignored (by definition is [0.0,0.0])
[41m solve [00m
~~~~~~~~~~~~~~~~~~~~~~~~~~~~~~~~~~~~~~~~~~~~~~~~~~~~~~~~~~~~~~~~~~~~~~~~~~~~~~
VRPSolver v0.4.1, 24/03/2021. Web: vrpsolver.math.u-bordeaux.fr
Corresponds to the solver by Pessoa, Sadykov, Uchoa and Vanderbeck (2020)
Paper: dx.doi.org/10.1007/s10107-020-01523-z
USE THIS CODE ONLY FOR ACADEMIC PURPOSES AT YOUR OWN RISK
~~~~~~~~~~~~~~~~~~~~~~~~~~~~~~~~~~~~~~~~~~~~~~~~~~~~~~~~~~~~~~~~~~~~~~~~~~~~~~
BaPCod v053, 24/03/2021, © Inria Bordeaux, France
~~~~~~~~~~~~~~~~~~~~~~~~~~~~~~~~~~~~~~~~~~~~~~~~~~~~~~~~~~~~~~~~~~~~~~~~~~~~~~
VRPSolver parameters:
GlobalTimeLimit = 18000
MaxNbOfBBtreeNodeTreated = 100000
treeSearchStrategy = 1
RCSPstopCutGenTimeThresholdInPricing = 10
RCSPhardTimeThresholdInPricing = 25
RCSPnumberOfBucketsPerVertex = 25
RCSPdynamicBucketSteps = 1
RCSPuseBidirectionalSearch = 2
RCSPapplyReducedCostFixing = 1
RCSPredCostFixingFalseGap = 0
RCSPmaxNumOfColsPerIteration = 30
RCSPmaxNumOfColsPerExactIteration = 150
RCSPheurLabelingStrategy = 0
StabilizationMinPhaseOfStage = 0
RCSPmaxNumOfLabelsInEnumeration = 500000
RCSPmaxNumOfEnumeratedSolutions = 5000000
RCSPmaxNumOfEnumSolutionsForMIP = 10000
RCSPinitNGneighbourhoodSize = 8
RCSPmaxNGneighbourhoodSize = 8
RCSPrankOneCutsMaxNumPerRound = 100
RCSPrankOneCutsMaxNumRows = 5
RCSPrankOneCutsMemoryType = 0
CutTailingOffThreshold = 0.015
CutTailingOffCounterThreshold = 3
SafeDualBoundScaleFactor = -1
StrongBranchingPhaseOneCandidatesNumber = 100
StrongBranchingPhaseOneTreeSizeEstimRatio = 0.2
StrongBranchingPhaseTwoCandidatesNumber = 3
StrongBranchingPhaseTwoTreeSizeEstimRatio = 0.02
MaxTimeForRestrictedMasterIpHeur = -1
DivingHeurUseDepthLimit = 0
MaxLDSbreadth = 1
MaxLDSdepth = 10000
New model incumbent solution -1187, TIME = 0h0m0s2t = 2
Model is built TIME = 0h0m0s86t = 86
************************************************************************************************
**** BaB tree root node
**** Local DB = -1e+12, global bounds : [ -1e+12 , -1187 ], TIME = 0h0m0s86t = 86
**** 1 open nodes, 0 columns (0 active), 0 dyn. constrs. (0 active), 263 art. vars. (263 active)
************************************************************************************************
--------------------------------------------------------------------------
BaPCod info : first we run the root node with rank-1 cuts with node memory
--------------------------------------------------------------------------
<DWph=2> <it= 10> <et=0.95> <Mt= 0.00> <Spt= 0.08> <nCl= 59> <DB=-26653.1979> <Mlp=-1024.0214> <PB=-1187> 
<DWph=2> <it= 20> <et=1.04> <Mt= 0.01> <Spt= 0.09> <nCl= 59> <DB=-1255.7845> <Mlp=-1130.0400> <PB=-1187> 
<DWph=2> <it= 30> <et=1.14> <Mt= 0.00> <Spt= 0.08> <nCl= 53> <DB=-1218.8533> <Mlp=-1169.4799> <PB=-1187> 
<DWph=2> <it= 40> <et=1.23> <Mt= 0.01> <Spt= 0.09> <nCl= 41> <DB=-1205.1454> <Mlp=-1178.4527> <PB=-1187> 
<DWph=2> <it= 50> <et=1.33> <Mt= 0.01> <Spt= 0.08> <nCl= 30> <DB=-1194.5012> <Mlp=-1181.7743> <PB=-1187> 
<DWph=2> <it= 60> <et=1.43> <Mt= 0.01> <Spt= 0.10> <nCl= 28> <DB=-1194.6607> <Mlp=-1184.2402> <PB=-1187> 
<DWph=2> <it= 70> <et=1.53> <Mt= 0.00> <Spt= 0.08> <nCl= 24> <DB=-1194.2770> <Mlp=-1185.1099> <PB=-1187> 
<DWph=2> <it= 80> <et=1.64> <Mt= 0.01> <Spt= 0.10> <nCl= 16> <DB=-1187.5155> <Mlp=-1185.3104> <PB=-1187> 
<DWph=2> <it= 82> <et=1.66> <Mt= 0.00> <Spt= 0.02> <nCl=  4> <DB=-1202.3050> <Mlp=-1185.9062> <PB=-1187> 
<DWph=1> <it= 88> <et=1.90> <Mt= 0.01> <Spt= 0.23> <nCl= 18> <DB=-1188.0000> <Mlp=-1188.0000> <PB=-1187> 
<DWph=0> <it= 89> <et=2.04> <Mt= 0.00> <Spt= 0.14> <nCl=  0> <DB=-1188.0000> <Mlp=-1188.0000> <PB=-1187> 
Reduced cost fixing for graph G_2... took 0.03 sec., 2907 buck. arcs remain (3.9% from prev., 1.61% from max.)
Run enumeration... took 1.26 sec. and not succeeded.
Reduced cost fixing for graph G_1... took 0.04 sec., 6615 buck. arcs remain (7.75% from prev., 3.33% from max.)
Run enumeration... took 0.27 sec. and not succeeded.
ColGenEvalAlg final dual bound: -1188 (rounded: -1188)
----- Add fac. cuts : R1C(191), max.viol = 0.40615, aver.viol = 0.206837, sep/add took 0/0.05 sec. -----
782 columns (782 active), 191 dyn. constrs. (191 active), 454 art. vars. (454 active)
<DWph=2> <it=  7> <et=3.85> <Mt= 0.08> <Spt= 0.04> <nCl= 12> <DB=-1389.8678> <Mlp=-1150.6455> <PB=-1187> 
<DWph=1> <it= 10> <et=3.89> <Mt= 0.01> <Spt= 0.02> <nCl= 12> <DB=-1289.3634> <Mlp=-1157.1057> <PB=-1187> 
<DWph=1> <it= 20> <et=4.01> <Mt= 0.04> <Spt= 0.08> <nCl= 33> <DB=-1229.2359> <Mlp=-1178.4812> <PB=-1187> 
<DWph=1> <it= 30> <et=4.15> <Mt= 0.04> <Spt= 0.08> <nCl= 28> <DB=-1214.4872> <Mlp=-1186.2133> <PB=-1187> 
<DWph=1> <it= 35> <et=4.23> <Mt= 0.02> <Spt= 0.06> <nCl= 10> <DB=-1188.0000> <Mlp=-1188.0000> <PB=-1187> 
<DWph=0> <it= 36> <et=4.24> <Mt= 0.00> <Spt= 0.00> <nCl=  0> <DB=-1188.0000> <Mlp=-1188.0000> <PB=-1187> 
ColGenEvalAlg final dual bound: -1188 (rounded: -1188)
Gap improvement since the last cut separation : 0 (-1188)
----- Add fac. cuts : R1C(186), max.viol = 0.393922, aver.viol = 0.181835, sep/add took 0.39/0.07 sec. -----
905 columns (905 active), 377 dyn. constrs. (377 active), 640 art. vars. (640 active)
<DWph=2> <it=  2> <et=4.84> <Mt= 0.11> <Spt= 0.02> <nCl=  5> <DB= -783.5058> <Mlp=-1103.9143> <PB=-1187> 
<DWph=1> <it= 10> <et=5.06> <Mt= 0.10> <Spt= 0.10> <nCl= 27> <DB=-1287.4676> <Mlp=-1152.1581> <PB=-1187> 
<DWph=1> <it= 20> <et=5.35> <Mt= 0.13> <Spt= 0.15> <nCl= 28> <DB=-1235.5891> <Mlp=-1172.5255> <PB=-1187> 
<DWph=1> <it= 30> <et=5.60> <Mt= 0.07> <Spt= 0.16> <nCl= 22> <DB=-1207.5420> <Mlp=-1178.7773> <PB=-1187> 
<DWph=1> <it= 40> <et=5.92> <Mt= 0.09> <Spt= 0.19> <nCl= 23> <DB=-1216.0990> <Mlp=-1184.7941> <PB=-1187> 
<DWph=1> <it= 50> <et=6.20> <Mt= 0.09> <Spt= 0.17> <nCl= 22> <DB=-1203.6029> <Mlp=-1187.4977> <PB=-1187> 
<DWph=1> <it= 59> <et=6.47> <Mt= 0.06> <Spt= 0.18> <nCl= 15> <DB=-1188.0000> <Mlp=-1188.0000> <PB=-1187> 
ColGenEvalAlg final dual bound: -1188 (rounded: -1188)
Gap improvement since the last cut separation : -2.27371e-13 (-1188)
----- Add fac. cuts : R1C(367), max.viol = 0.438782, aver.viol = 0.246265, sep/add took 0.54/0.2 sec. -----
1124 columns (1124 active), 744 dyn. constrs. (744 active), 1007 art. vars. (1007 active)
<DWph=2> <it= 10> <et=7.98> <Mt= 0.59> <Spt= 0.14> <nCl= 24> <DB=-1199.0572> <Mlp=-1161.5646> <PB=-1187> 
<DWph=2> <it= 20> <et=8.57> <Mt= 0.42> <Spt= 0.14> <nCl= 24> <DB=-1189.5160> <Mlp=-1170.9178> <PB=-1187> 
<DWph=2> <it= 30> <et=8.99> <Mt= 0.25> <Spt= 0.14> <nCl= 22> <DB=-1189.1084> <Mlp=-1173.6955> <PB=-1187> 
<DWph=2> <it= 40> <et=9.59> <Mt= 0.44> <Spt= 0.15> <nCl= 19> <DB=-1188.2956> <Mlp=-1178.3970> <PB=-1187> 
<DWph=2> <it= 50> <et=10.16> <Mt= 0.40> <Spt= 0.14> <nCl= 23> <DB=-1188.0402> <Mlp=-1180.6923> <PB=-1187> 
<DWph=2> <it= 60> <et=10.60> <Mt= 0.27> <Spt= 0.14> <nCl= 20> <DB=-1188.0213> <Mlp=-1182.0271> <PB=-1187> 
<DWph=2> <it= 70> <et=11.07> <Mt= 0.29> <Spt= 0.15> <nCl= 20> <DB=-1188.0033> <Mlp=-1182.8780> <PB=-1187> 
<DWph=2> <it= 80> <et=11.54> <Mt= 0.28> <Spt= 0.16> <nCl= 19> <DB=-1188.0070> <Mlp=-1183.7720> <PB=-1187> 
<DWph=2> <it= 90> <et=11.94> <Mt= 0.22> <Spt= 0.14> <nCl= 19> <DB=-1188.0099> <Mlp=-1184.2721> <PB=-1187> 
<DWph=2> <it=100> <et=12.38> <Mt= 0.26> <Spt= 0.16> <nCl= 24> <DB=-1188.0043> <Mlp=-1184.8550> <PB=-1187> 
<DWph=2> <it=110> <et=12.78> <Mt= 0.21> <Spt= 0.14> <nCl= 20> <DB=-1188.0003> <Mlp=-1185.2803> <PB=-1187> 
<DWph=2> <it=113> <et=12.89> <Mt= 0.02> <Spt= 0.08> <nCl=  2> <DB=-1185.0974> <Mlp=-1185.2804> <PB=-1187> 
<DWph=1> <it=120> <et=13.28> <Mt= 0.23> <Spt= 0.12> <nCl= 11> <DB=-1210.0582> <Mlp=-1185.8231> <PB=-1187> 
<DWph=1> <it=130> <et=14.12> <Mt= 0.60> <Spt= 0.20> <nCl= 19> <DB=-1202.3421> <Mlp=-1187.4252> <PB=-1187> 
<DWph=1> <it=138> <et=14.86> <Mt= 0.53> <Spt= 0.17> <nCl= 17> <DB=-1188.0000> <Mlp=-1188.0000> <PB=-1187> 
<DWph=0> <it=139> <et=14.87> <Mt= 0.00> <Spt= 0.00> <nCl=  0> <DB=-1188.0000> <Mlp=-1188.0000> <PB=-1187> 
ColGenEvalAlg final dual bound: -1188 (rounded: -1188)
Gap improvement since the last cut separation : 2.27371e-13 (-1188)
----- Add fac. cuts : R1C(345), max.viol = 0.348443, aver.viol = 0.184744, sep/add took 0.96/0.33 sec. -----
1605 columns (1605 active), 1089 dyn. constrs. (1089 active), 1352 art. vars. (1352 active)
<DWph=2> <it= 10> <et=20.43> <Mt= 4.00> <Spt= 0.21> <nCl= 18> <DB=-1206.4510> <Mlp=-1174.9404> <PB=-1187> 
<DWph=2> <it= 11> <et=23.67> <Mt= 3.25> <Spt= 0.00> <nCl=  0> <DB=-1206.4510> <Mlp=-1188.0000> <PB=-1188> 
ColGenEvalAlg final dual bound: -1188 (rounded: -1188)
Gap improvement since the last cut separation : 1 (-1188)
New model incumbent solution -1188, TIME = 0h0m23s68t = 2368
************************************************************************************************
Search is finished, global bounds : [ -1188 , -1188 ], TIME = 0h0m23s68t = 2368
************************************************************************************************
[32mBaPCod : solution defined.[00m
statistics_cols: instance & :Optimal & cutoff & :bcRecRootDb & :bcTimeRootEval & :bcCountNodeProc & :bcRecBestDb & :bcRecBestInc & :bcTimeMain \\
statistics: 64-70-1-2 & 1 & -1186.99999 & -1188.00 & 23.68 & 1 & -1188.00 & -1188 & 23.68 \\
########################################################
trip 1 : 1 4 6 9 13 18 24 31 39 32 25 19 14 20 26 33 40 46 52 57 53 47 41 34 27 3 
trip 2 : 3 28 22 16 12 17 23 30 38 45 51 56 50 44 37 29 36 43 35 42 49 55 60 63 65 2 
tour : 1 4 6 9 13 18 24 31 39 32 25 19 14 20 26 33 40 46 52 57 53 47 41 34 27 3 28 22 16 12 17 23 30 38 45 51 56 50 44 37 29 36 43 35 42 49 55 60 63 65 2
Cost 1188.0
########################################################
