Application parameters:
  batch  =>  nothing
  tikz  =>  "/TIKZ/64-80-1-2.tex"
  instance  =>  "/IN/64-80-1-2.ophs"
  out  =>  "/OUT/64-80-1-2.sol"
  nosolve  =>  false
  ub  =>  -1284
  complete  =>  false
  cfg  =>  "/BWTSP/src/../config/OPHS.cfg"
VRPSolver warning: Interval set for resource 1 on source node (when source != sink) is ignored (by definition is [0.0,0.0])
VRPSolver warning: Interval set for resource 1 on source node (when source != sink) is ignored (by definition is [0.0,0.0])
[41m solve [00m
~~~~~~~~~~~~~~~~~~~~~~~~~~~~~~~~~~~~~~~~~~~~~~~~~~~~~~~~~~~~~~~~~~~~~~~~~~~~~~
VRPSolver v0.4.1, 24/03/2021. Web: vrpsolver.math.u-bordeaux.fr
Corresponds to the solver by Pessoa, Sadykov, Uchoa and Vanderbeck (2020)
Paper: dx.doi.org/10.1007/s10107-020-01523-z
USE THIS CODE ONLY FOR ACADEMIC PURPOSES AT YOUR OWN RISK
~~~~~~~~~~~~~~~~~~~~~~~~~~~~~~~~~~~~~~~~~~~~~~~~~~~~~~~~~~~~~~~~~~~~~~~~~~~~~~
BaPCod v053, 24/03/2021, © Inria Bordeaux, France
~~~~~~~~~~~~~~~~~~~~~~~~~~~~~~~~~~~~~~~~~~~~~~~~~~~~~~~~~~~~~~~~~~~~~~~~~~~~~~
VRPSolver parameters:
GlobalTimeLimit = 18000
MaxNbOfBBtreeNodeTreated = 100000
treeSearchStrategy = 1
RCSPstopCutGenTimeThresholdInPricing = 10
RCSPhardTimeThresholdInPricing = 25
RCSPnumberOfBucketsPerVertex = 25
RCSPdynamicBucketSteps = 1
RCSPuseBidirectionalSearch = 2
RCSPapplyReducedCostFixing = 1
RCSPredCostFixingFalseGap = 0
RCSPmaxNumOfColsPerIteration = 30
RCSPmaxNumOfColsPerExactIteration = 150
RCSPheurLabelingStrategy = 0
StabilizationMinPhaseOfStage = 0
RCSPmaxNumOfLabelsInEnumeration = 500000
RCSPmaxNumOfEnumeratedSolutions = 5000000
RCSPmaxNumOfEnumSolutionsForMIP = 10000
RCSPinitNGneighbourhoodSize = 8
RCSPmaxNGneighbourhoodSize = 8
RCSPrankOneCutsMaxNumPerRound = 100
RCSPrankOneCutsMaxNumRows = 5
RCSPrankOneCutsMemoryType = 0
CutTailingOffThreshold = 0.015
CutTailingOffCounterThreshold = 3
SafeDualBoundScaleFactor = -1
StrongBranchingPhaseOneCandidatesNumber = 100
StrongBranchingPhaseOneTreeSizeEstimRatio = 0.2
StrongBranchingPhaseTwoCandidatesNumber = 3
StrongBranchingPhaseTwoTreeSizeEstimRatio = 0.02
MaxTimeForRestrictedMasterIpHeur = -1
DivingHeurUseDepthLimit = 0
MaxLDSbreadth = 1
MaxLDSdepth = 10000
New model incumbent solution -1283, TIME = 0h0m0s2t = 2
Model is built TIME = 0h0m0s85t = 85
************************************************************************************************
**** BaB tree root node
**** Local DB = -1e+12, global bounds : [ -1e+12 , -1283 ], TIME = 0h0m0s86t = 86
**** 1 open nodes, 0 columns (0 active), 0 dyn. constrs. (0 active), 263 art. vars. (263 active)
************************************************************************************************
--------------------------------------------------------------------------
BaPCod info : first we run the root node with rank-1 cuts with node memory
--------------------------------------------------------------------------
<DWph=2> <it= 10> <et=0.96> <Mt= 0.00> <Spt= 0.09> <nCl= 60> <DB=-2704.0751> <Mlp=-1094.1179> <PB=-1283> 
<DWph=2> <it= 20> <et=1.06> <Mt= 0.01> <Spt= 0.09> <nCl= 60> <DB=-1444.5150> <Mlp=-1190.3931> <PB=-1283> 
<DWph=2> <it= 30> <et=1.16> <Mt= 0.00> <Spt= 0.10> <nCl= 60> <DB=-1311.7561> <Mlp=-1226.3559> <PB=-1283> 
<DWph=2> <it= 40> <et=1.27> <Mt= 0.01> <Spt= 0.09> <nCl= 48> <DB=-1277.5642> <Mlp=-1237.1738> <PB=-1283> 
<DWph=2> <it= 50> <et=1.38> <Mt= 0.01> <Spt= 0.09> <nCl= 54> <DB=-1294.3808> <Mlp=-1246.4237> <PB=-1283> 
<DWph=2> <it= 60> <et=1.48> <Mt= 0.01> <Spt= 0.10> <nCl= 45> <DB=-1266.3542> <Mlp=-1253.3975> <PB=-1283> 
<DWph=2> <it= 65> <et=1.55> <Mt= 0.01> <Spt= 0.06> <nCl= 24> <DB=-1256.4553> <Mlp=-1254.9095> <PB=-1283> 
<DWph=1> <it= 70> <et=1.74> <Mt= 0.01> <Spt= 0.18> <nCl= 29> <DB=-1312.5025> <Mlp=-1262.1154> <PB=-1283> 
<DWph=1> <it= 80> <et=2.13> <Mt= 0.01> <Spt= 0.37> <nCl= 53> <DB=-1301.6557> <Mlp=-1274.2115> <PB=-1283> 
<DWph=1> <it= 90> <et=2.53> <Mt= 0.01> <Spt= 0.38> <nCl= 48> <DB=-1297.9585> <Mlp=-1278.4491> <PB=-1283> 
<DWph=1> <it=100> <et=2.93> <Mt= 0.02> <Spt= 0.38> <nCl= 33> <DB=-1294.7157> <Mlp=-1282.2346> <PB=-1283> 
<DWph=1> <it=110> <et=3.31> <Mt= 0.01> <Spt= 0.37> <nCl= 29> <DB=-1293.9709> <Mlp=-1284.0000> <PB=-1283> 
<DWph=1> <it=111> <et=3.45> <Mt= 0.00> <Spt= 0.14> <nCl=  0> <DB=-1284.0000> <Mlp=-1284.0000> <PB=-1283> 
<DWph=0> <it=112> <et=3.72> <Mt= 0.00> <Spt= 0.26> <nCl=  0> <DB=-1284.0000> <Mlp=-1284.0000> <PB=-1283> 
Reduced cost fixing for graph G_2... took 0.05 sec., 7611 buck. arcs remain (8.79% from prev., 3.83% from max.)
Run enumeration... took 0.2 sec. and not succeeded.
Reduced cost fixing for graph G_1... took 0.08 sec., 7107 buck. arcs remain (8.13% from prev., 3.57% from max.)
Run enumeration... took 0.21 sec. and not succeeded.
ColGenEvalAlg final dual bound: -1284 (rounded: -1284)
----- Add fac. cuts : R1C(158), max.viol = 0.423082, aver.viol = 0.234214, sep/add took 0.15/0.06 sec. -----
958 columns (958 active), 158 dyn. constrs. (158 active), 421 art. vars. (421 active)
<DWph=2> <it= 10> <et=4.72> <Mt= 0.15> <Spt= 0.07> <nCl= 22> <DB=-1275.3449> <Mlp=-1245.8829> <PB=-1283> 
<DWph=2> <it= 19> <et=4.83> <Mt= 0.04> <Spt= 0.06> <nCl= 15> <DB=-1251.9014> <Mlp=-1252.8774> <PB=-1283> 
<DWph=1> <it= 20> <et=4.84> <Mt= 0.00> <Spt= 0.01> <nCl=  4> <DB=-1337.5190> <Mlp=-1253.0002> <PB=-1283> 
<DWph=1> <it= 30> <et=5.04> <Mt= 0.08> <Spt= 0.11> <nCl= 35> <DB=-1326.2080> <Mlp=-1271.5495> <PB=-1283> 
<DWph=1> <it= 40> <et=5.25> <Mt= 0.07> <Spt= 0.13> <nCl= 27> <DB=-1311.5703> <Mlp=-1280.8882> <PB=-1283> 
<DWph=1> <it= 50> <et=5.46> <Mt= 0.06> <Spt= 0.12> <nCl= 27> <DB=-1305.2330> <Mlp=-1282.9007> <PB=-1283> 
<DWph=1> <it= 60> <et=5.68> <Mt= 0.04> <Spt= 0.16> <nCl= 22> <DB=-1289.6060> <Mlp=-1284.0000> <PB=-1283> 
<DWph=1> <it= 61> <et=5.71> <Mt= 0.01> <Spt= 0.03> <nCl=  0> <DB=-1284.0000> <Mlp=-1284.0000> <PB=-1283> 
<DWph=0> <it= 62> <et=5.71> <Mt= 0.00> <Spt= 0.00> <nCl=  0> <DB=-1284.0000> <Mlp=-1284.0000> <PB=-1283> 
ColGenEvalAlg final dual bound: -1284 (rounded: -1284)
Gap improvement since the last cut separation : 3.86531e-12 (-1284)
----- Add fac. cuts : R1C(195), max.viol = 0.380589, aver.viol = 0.190393, sep/add took 0.33/0.1 sec. -----
1155 columns (1155 active), 353 dyn. constrs. (353 active), 616 art. vars. (616 active)
<DWph=2> <it= 10> <et=6.55> <Mt= 0.27> <Spt= 0.10> <nCl= 19> <DB=-1325.1871> <Mlp=-1247.0082> <PB=-1283> 
<DWph=2> <it= 16> <et=6.78> <Mt= 0.13> <Spt= 0.09> <nCl= 11> <DB=-1271.8904> <Mlp=-1255.1361> <PB=-1283> 
<DWph=1> <it= 20> <et=6.98> <Mt= 0.10> <Spt= 0.09> <nCl= 15> <DB=-1338.8816> <Mlp=-1261.4672> <PB=-1283> 
<DWph=1> <it= 30> <et=7.52> <Mt= 0.28> <Spt= 0.24> <nCl= 26> <DB=-1326.5674> <Mlp=-1273.0838> <PB=-1283> 
<DWph=1> <it= 40> <et=8.00> <Mt= 0.20> <Spt= 0.26> <nCl= 24> <DB=-1307.7073> <Mlp=-1277.2662> <PB=-1283> 
<DWph=1> <it= 50> <et=8.51> <Mt= 0.23> <Spt= 0.25> <nCl= 23> <DB=-1290.5713> <Mlp=-1281.2270> <PB=-1283> 
<DWph=1> <it= 56> <et=8.80> <Mt= 0.12> <Spt= 0.16> <nCl= 12> <DB=-1280.7936> <Mlp=-1282.2612> <PB=-1283> 
<DWph=0> <it= 57> <et=67.03> <Mt= 0.00> <Spt=58.22> <nCl=  0> <DB=-1284.0000> <Mlp=-1282.2612> <PB=-1283> 
ColGenEvalAlg final dual bound: -1284 (rounded: -1284)
----- Column generation is interrupted by the pricing solver, we do rollback to the point before the latest cut generation round
-----------------------------------------------------------------------
BaPCod info : now we run the root node with rank-1 cuts with arc memory
-----------------------------------------------------------------------
<DWph=2> <it=  1> <et=67.12> <Mt= 0.07> <Spt= 0.00> <nCl=  0> <DB=-1284.0000> <Mlp=-1284.0000> <PB=-1283> 
<DWph=1> <it=  2> <et=67.12> <Mt= 0.00> <Spt= 0.00> <nCl=  0> <DB=-1284.0000> <Mlp=-1284.0000> <PB=-1283> 
<DWph=0> <it=  3> <et=67.12> <Mt= 0.00> <Spt= 0.00> <nCl=  0> <DB=-1284.0000> <Mlp=-1284.0000> <PB=-1283> 
ColGenEvalAlg final dual bound: -1284 (rounded: -1284)
----- Add fac. cuts : R1C(183), max.viol = 0.425422, aver.viol = 0.223483, sep/add took 0.17/0.08 sec. -----
1312 columns (958 active), 536 dyn. constrs. (183 active), 799 art. vars. (446 active)
<DWph=2> <it= 10> <et=67.54> <Mt= 0.10> <Spt= 0.06> <nCl= 20> <DB=-1270.6092> <Mlp=-1256.2272> <PB=-1283> 
<DWph=2> <it= 19> <et=67.65> <Mt= 0.04> <Spt= 0.06> <nCl= 13> <DB=-1249.9334> <Mlp=-1258.3298> <PB=-1283> 
<DWph=1> <it= 20> <et=67.66> <Mt= 0.00> <Spt= 0.00> <nCl=  4> <DB=-1321.3188> <Mlp=-1258.6881> <PB=-1283> 
<DWph=1> <it= 30> <et=67.82> <Mt= 0.06> <Spt= 0.09> <nCl= 32> <DB=-1313.3265> <Mlp=-1272.4913> <PB=-1283> 
<DWph=1> <it= 40> <et=67.98> <Mt= 0.06> <Spt= 0.09> <nCl= 26> <DB=-1302.8185> <Mlp=-1278.3598> <PB=-1283> 
<DWph=1> <it= 50> <et=68.14> <Mt= 0.05> <Spt= 0.09> <nCl= 25> <DB=-1297.7921> <Mlp=-1281.3584> <PB=-1283> 
<DWph=1> <it= 60> <et=68.31> <Mt= 0.05> <Spt= 0.10> <nCl= 26> <DB=-1293.3014> <Mlp=-1283.2290> <PB=-1283> 
<DWph=1> <it= 67> <et=68.41> <Mt= 0.03> <Spt= 0.06> <nCl= 14> <DB=-1290.3293> <Mlp=-1284.0000> <PB=-1283> 
<DWph=0> <it= 68> <et=68.41> <Mt= 0.01> <Spt= 0.00> <nCl=  0> <DB=-1284.0000> <Mlp=-1284.0000> <PB=-1283> 
ColGenEvalAlg final dual bound: -1284 (rounded: -1284)
Gap improvement since the last cut separation : -7.50326e-12 (-1284)
----- Add fac. cuts : R1C(199), max.viol = 0.371864, aver.viol = 0.204865, sep/add took 0.33/0.12 sec. -----
1502 columns (1148 active), 735 dyn. constrs. (382 active), 998 art. vars. (645 active)
<DWph=2> <it= 10> <et=69.19> <Mt= 0.19> <Spt= 0.10> <nCl= 18> <DB=-1268.6685> <Mlp=-1264.8672> <PB=-1283> 
<DWph=2> <it= 12> <et=69.23> <Mt= 0.01> <Spt= 0.02> <nCl=  2> <DB=-1263.8149> <Mlp=-1265.1374> <PB=-1283> 
<DWph=1> <it= 20> <et=69.53> <Mt= 0.16> <Spt= 0.12> <nCl= 25> <DB=-1309.8956> <Mlp=-1276.0576> <PB=-1283> 
<DWph=1> <it= 30> <et=69.90> <Mt= 0.18> <Spt= 0.16> <nCl= 27> <DB=-1300.9420> <Mlp=-1279.7108> <PB=-1283> 
<DWph=1> <it= 40> <et=70.24> <Mt= 0.15> <Spt= 0.17> <nCl= 27> <DB=-1296.3287> <Mlp=-1282.1178> <PB=-1283> 
<DWph=1> <it= 50> <et=70.53> <Mt= 0.10> <Spt= 0.17> <nCl= 21> <DB=-1293.3559> <Mlp=-1283.0389> <PB=-1283> 
<DWph=1> <it= 60> <et=70.83> <Mt= 0.09> <Spt= 0.17> <nCl= 22> <DB=-1292.2121> <Mlp=-1283.4451> <PB=-1283> 
<DWph=1> <it= 70> <et=71.15> <Mt= 0.12> <Spt= 0.16> <nCl= 19> <DB=-1289.0723> <Mlp=-1283.8797> <PB=-1283> 
<DWph=1> <it= 73> <et=71.26> <Mt= 0.07> <Spt= 0.04> <nCl=  4> <DB=-1290.0372> <Mlp=-1284.0000> <PB=-1283> 
<DWph=0> <it= 74> <et=71.26> <Mt= 0.01> <Spt= 0.00> <nCl=  0> <DB=-1284.0000> <Mlp=-1284.0000> <PB=-1283> 
ColGenEvalAlg final dual bound: -1284 (rounded: -1284)
Gap improvement since the last cut separation : -5.00217e-12 (-1284)
----- Add fac. cuts : R1C(205), max.viol = 0.390924, aver.viol = 0.178224, sep/add took 0.42/0.15 sec. -----
1699 columns (1345 active), 940 dyn. constrs. (587 active), 1203 art. vars. (850 active)
<DWph=2> <it=  2> <et=72.11> <Mt= 0.22> <Spt= 0.03> <nCl=  4> <DB=-1269.5478> <Mlp=-1271.6050> <PB=-1283> 
<DWph=1> <it= 10> <et=72.67> <Mt= 0.36> <Spt= 0.18> <nCl= 22> <DB=-1305.2854> <Mlp=-1279.7487> <PB=-1283> 
<DWph=1> <it= 20> <et=73.28> <Mt= 0.34> <Spt= 0.24> <nCl= 22> <DB=-1294.4227> <Mlp=-1281.8576> <PB=-1283> 
<DWph=1> <it= 30> <et=73.80> <Mt= 0.23> <Spt= 0.24> <nCl= 19> <DB=-1290.8622> <Mlp=-1282.8130> <PB=-1283> 
<DWph=1> <it= 40> <et=74.49> <Mt= 0.41> <Spt= 0.24> <nCl= 20> <DB=-1289.3686> <Mlp=-1283.6734> <PB=-1283> 
<DWph=1> <it= 50> <et=74.98> <Mt= 0.20> <Spt= 0.25> <nCl= 20> <DB=-1289.2154> <Mlp=-1283.9350> <PB=-1283> 
<DWph=1> <it= 54> <et=75.16> <Mt= 0.08> <Spt= 0.08> <nCl=  9> <DB=-1287.6473> <Mlp=-1284.0000> <PB=-1283> 
<DWph=0> <it= 55> <et=75.16> <Mt= 0.00> <Spt= 0.00> <nCl=  0> <DB=-1284.0000> <Mlp=-1284.0000> <PB=-1283> 
ColGenEvalAlg final dual bound: -1284 (rounded: -1284)
Gap improvement since the last cut separation : -1.00953e-10 (-1284)
----- Cut generation is stopped due to tailing off -----
-----------------------------------------------------------------------
Node memory is preferred (score = 0.177175)
-----------------------------------------------------------------------
----------- Diving heuristic started -----------
<DWph=2> <it=  1> <et=75.22> <Mt= 0.00> <Spt= 0.00> <nCl=  0> <DB=-1284.0000> <Mlp=-1284.0000> <PB=-1283> 
<DWph=1> <it=  2> <et=75.22> <Mt= 0.01> <Spt= 0.00> <nCl=  0> <DB=-1284.0000> <Mlp=-1284.0000> <PB=-1283> 
---- Diving heuristic node with dive number = 0, fix depth = 1 and tabu list size = 0
Fixed projected solution = [t_2_2_2_2_OspV=1, x_2_2_64_2_OspV=1, x_2_3_49_2_OspV=1, x_2_6_9_2_OspV=1, x_2_6_10_2_OspV=1, x_2_8_11_2_OspV=1, x_2_8_12_2_OspV=1, x_2_9_13_2_OspV=1, x_2_10_15_2_OspV=1, x_2_11_15_2_OspV=1, x_2_12_17_2_OspV=1, x_2_13_18_2_OspV=1, x_2_17_23_2_OspV=1, x_2_18_25_2_OspV=1, x_2_23_29_2_OspV=1, x_2_24_31_2_OspV=1, x_2_24_32_2_OspV=1, x_2_25_32_2_OspV=1, x_2_29_37_2_OspV=1, x_2_31_39_2_OspV=1, x_2_36_43_2_OspV=1, x_2_36_44_2_OspV=1, x_2_37_44_2_OspV=1, x_2_39_46_2_OspV=1, x_2_43_49_2_OspV=1, x_2_46_52_2_OspV=1, x_2_52_57_2_OspV=1, x_2_57_61_2_OspV=1, x_2_61_64_2_OspV=1, y_2_3_2_2_OspV=1]
<DWph=2> <it=  8> <et=75.41> <Mt= 0.09> <Spt= 0.02> <nCl= 11> <DB=35358.0000> <Mlp=35358.0000> <PB=-1283> 
<DWph=1> <it= 10> <et=75.42> <Mt= 0.00> <Spt= 0.01> <nCl=  2> <DB=-13699.5207> <Mlp=35358.0000> <PB=-1283> 
<DWph=1> <it= 19> <et=75.46> <Mt= 0.01> <Spt= 0.03> <nCl=  8> <DB=35358.0000> <Mlp=35358.0000> <PB=-1283> 
---- Diving heuristic node with dive number = 1, fix depth = 1 and tabu list size = 1
Fixed projected solution = [t_2_2_2_2_OspV=1, x_2_2_65_2_OspV=1, x_2_3_49_2_OspV=1, x_2_9_13_2_OspV=1, x_2_9_14_2_OspV=1, x_2_10_14_2_OspV=1, x_2_10_15_2_OspV=1, x_2_13_18_2_OspV=1, x_2_15_21_2_OspV=1, x_2_16_21_2_OspV=1, x_2_16_22_2_OspV=1, x_2_18_24_2_OspV=1, x_2_22_28_2_OspV=1, x_2_24_31_2_OspV=1, x_2_28_36_2_OspV=1, x_2_31_39_2_OspV=1, x_2_36_43_2_OspV=1, x_2_39_46_2_OspV=1, x_2_40_46_2_OspV=1, x_2_40_47_2_OspV=1, x_2_43_50_2_OspV=1, x_2_47_53_2_OspV=1, x_2_48_53_2_OspV=1, x_2_48_54_2_OspV=1, x_2_49_54_2_OspV=1, x_2_50_55_2_OspV=1, x_2_55_60_2_OspV=1, x_2_60_63_2_OspV=1, x_2_63_65_2_OspV=1, y_2_3_2_2_OspV=1]
<DWph=2> <it= 10> <et=75.55> <Mt= 0.02> <Spt= 0.03> <nCl= 13> <DB=16326.6251> <Mlp=35406.0000> <PB=-1283> 
<DWph=2> <it= 12> <et=75.56> <Mt= 0.00> <Spt= 0.01> <nCl=  1> <DB=35406.0000> <Mlp=35406.0000> <PB=-1283> 
<DWph=1> <it= 19> <et=75.59> <Mt= 0.01> <Spt= 0.02> <nCl= 10> <DB=35406.0000> <Mlp=35406.0000> <PB=-1283> 
**** Strong branching phase 1 is started *****
SB phase 1 cand.  1 branch on var g_0_59_OmastV (lhs=0.5406): [-1275.8172, -1262.6806], score = 174.45      <et=75.71>
SB phase 1 cand.  2 branch on var g_0_11_OmastV (lhs=0.5435): [-1273.2544, -1268.9170], score = 162.08      <et=75.8>
SB phase 1 cand.  3 branch on var g_0_10_OmastV (lhs=0.6330): [-1277.9250, -1265.1428], score = 114.56      <et=75.87>
SB phase 1 cand.  4 branch on var g_0_64_OmastV (lhs=0.6556): [-1278.9027, -1133.6313], score = 766.47      <et=75.95>
SB phase 1 cand.  6 branch on var g_0_4_OmastV (lhs=0.3365) : [-1265.5954, -1257.2501], score = 492.32      <et=76.12>
SB phase 1 cand.  7 branch on var g_0_5_OmastV (lhs=0.6635) : [-1268.8154, -1251.1178], score = 499.30      <et=76.21>
SB phase 1 cand. 11 branch on var g_0_61_OmastV (lhs=0.7730): [-1281.2897,  -427.9961], score = 2320.05      <et=76.52>
SB phase 1 cand. 17 branch on x_9_14 (lhs=0.5052)           : [-1270.8592,  -512.2247], score = 10141.71      <et=76.98>
SB phase 1 cand. 19 branch on x_26_33 (lhs=0.4908)          : [-1263.5189, -1143.2170], score = 2883.39      <et=77.17>
SB phase 1 cand. 41 branch on x_43_49 (lhs=0.4178)          : [-1270.7557,  -110.2522], score = 15545.45      <et=79.02>
SB phase 1 cand. 58 branch on x_49_54 (lhs=0.3579)          : [-1279.3356,  -373.9934], score = 4244.66      <et=80.43>
SB phase 1 cand. 93 branch on x_3_43 (lhs=0.2549)           : [-1280.3977,   -16.5271], score = 4565.85      <et=83.38>
**** Strong branching phase 2 is started *****
<DWph=1> <it=  7> <et=84.07> <Mt= 0.04> <Spt= 0.06> <nCl= 14> <DB=-1151.5982> <Mlp=-1247.9785> <PB=-1283> 
<DWph=1> <it= 13> <et=84.35> <Mt= 0.13> <Spt= 0.11> <nCl= 29> <DB=-1315.3649> <Mlp=-1284.0000> <PB=-1283> 
SB phase 2 cand.  1 branch on x_43_49 (lhs=0.4178): [-1284.0000, -1247.9785], score = 0.00      <et=84.35>
<DWph=1> <it= 34> <et=84.96> <Mt= 0.22> <Spt= 0.32> <nCl= 76> <DB=-1301.1919> <Mlp=-1284.0000> <PB=-1283> 
<DWph=1> <it= 34> <et=85.59> <Mt= 0.21> <Spt= 0.35> <nCl= 71> <DB=-1290.3833> <Mlp=-1284.0000> <PB=-1283> 
SB phase 2 cand.  2 branch on x_9_14 (lhs=0.5052) : [-1284.0000, -1284.0000], score = 0.00      <et=85.59>
<DWph=1> <it= 46> <et=86.32> <Mt= 0.22> <Spt= 0.41> <nCl= 97> <DB=-1311.0236> <Mlp=-1283.5918> <PB=-1283> 
<DWph=1> <it=  9> <et=86.47> <Mt= 0.05> <Spt= 0.08> <nCl= 20> <DB=-1324.1569> <Mlp=-1284.0000> <PB=-1283> 
SB phase 2 cand.  3 branch on x_3_43 (lhs=0.2549) : [-1284.0000, -1283.5918], score = 0.00      <et=86.47>
**** Strong branching phase 3 is started *****
**** SB phase 3 evaluation of candidate 1, branch 1 ( x_43_49 >= 1 ), value = -1247.98
<DWph=2> <it=  1> <et=86.49> <Mt= 0.00> <Spt= 0.00> <nCl=  1> <DB=-1246.5290> <Mlp=-1247.9785> <PB=-1283> 
<DWph=1> <it=  2> <et=86.51> <Mt= 0.01> <Spt= 0.01> <nCl=  1> <DB=-1251.8410> <Mlp=-1252.3035> <PB=-1283> 
<DWph=0> <it=  8> <et=88.63> <Mt= 0.07> <Spt= 2.04> <nCl=1497> <DB=-1284.0000> <Mlp=-1284.0000> <PB=-1283> 
ColGenEvalAlg final dual bound: -1284 (rounded: -1284)
----- Add fac. cuts : R1C(189), max.viol = 0.386671, aver.viol = 0.21937, sep/add took 0.01/0.24 sec. -----
3018 columns (2675 active), 353 dyn. constrs. (348 active), 616 art. vars. (611 active)
<DWph=2> <it=  6> <et=89.73> <Mt= 0.73> <Spt= 0.07> <nCl= 10> <DB=-1271.8779> <Mlp=-1246.2793> <PB=-1283> 
<DWph=1> <it= 10> <et=90.00> <Mt= 0.15> <Spt= 0.09> <nCl= 11> <DB=-1394.3901> <Mlp=-1261.4211> <PB=-1283> 
<DWph=1> <it= 20> <et=90.75> <Mt= 0.41> <Spt= 0.26> <nCl= 27> <DB=-1351.9371> <Mlp=-1274.9085> <PB=-1283> 
<DWph=1> <it= 30> <et=91.49> <Mt= 0.37> <Spt= 0.29> <nCl= 25> <DB=-1320.5103> <Mlp=-1279.6756> <PB=-1283> 
<DWph=1> <it= 40> <et=92.15> <Mt= 0.30> <Spt= 0.28> <nCl= 24> <DB=-1305.9394> <Mlp=-1281.9271> <PB=-1283> 
<DWph=1> <it= 43> <et=92.33> <Mt= 0.07> <Spt= 0.08> <nCl=  5> <DB=-1280.1520> <Mlp=-1282.2261> <PB=-1283> 
<DWph=0> <it= 47> <et=113.34> <Mt= 0.20> <Spt=20.79> <nCl=900> <DB=-1284.0000> <Mlp=-1284.0000> <PB=-1283> 
ColGenEvalAlg final dual bound: -1284 (rounded: -1284)
Gap improvement since the last cut separation : -2.41014e-11 (-1284)
----- Add fac. cuts : R1C(263), max.viol = 0.429494, aver.viol = 0.211083, sep/add took 0.07/0.57 sec. -----
4045 columns (3702 active), 616 dyn. constrs. (611 active), 879 art. vars. (874 active)
<DWph=2> <it=  5> <et=117.25> <Mt= 3.06> <Spt= 0.13> <nCl=  7> <DB=-1277.5728> <Mlp=-1272.8052> <PB=-1283> 
<DWph=1> <it= 10> <et=119.15> <Mt= 1.58> <Spt= 0.25> <nCl= 15> <DB=-1323.8864> <Mlp=-1278.0947> <PB=-1283> 
<DWph=1> <it= 20> <et=121.47> <Mt= 1.60> <Spt= 0.55> <nCl= 19> <DB=-1306.0448> <Mlp=-1281.4819> <PB=-1283> 
<DWph=1> <it= 30> <et=123.45> <Mt= 1.26> <Spt= 0.54> <nCl= 19> <DB=-1302.3425> <Mlp=-1282.6620> <PB=-1283> 
<DWph=1> <it= 40> <et=125.03> <Mt= 0.86> <Spt= 0.54> <nCl= 22> <DB=-1291.3623> <Mlp=-1283.1880> <PB=-1283> 
<DWph=1> <it= 48> <et=126.27> <Mt= 0.60> <Spt= 0.50> <nCl= 19> <DB=-1276.1585> <Mlp=-1283.5705> <PB=-1283> 
ColGenEvalAlg final dual bound: -1284 (rounded: -1284)
Gap improvement since the last cut separation : 2.61477e-11 (-1284)
----- Cut generation stopped by the pricing solver
**** SB phase 3 evaluation of candidate 1, branch 2 ( x_43_49 <= 0 ), value = -1284
<DWph=2> <it=  1> <et=155.43> <Mt= 0.00> <Spt= 0.00> <nCl=  0> <DB=-1284.0000> <Mlp=-1284.0000> <PB=-1283> 
<DWph=1> <it=  2> <et=155.44> <Mt= 0.01> <Spt= 0.00> <nCl=  0> <DB=-1284.0000> <Mlp=-1284.0000> <PB=-1283> 
<DWph=0> <it=  3> <et=155.44> <Mt= 0.00> <Spt= 0.00> <nCl=  0> <DB=-1284.0000> <Mlp=-1284.0000> <PB=-1283> 
ColGenEvalAlg final dual bound: -1284 (rounded: -1284)
----- Add fac. cuts : R1C(193), max.viol = 0.430599, aver.viol = 0.186454, sep/add took 0.01/0.11 sec. -----
4166 columns (1187 active), 805 dyn. constrs. (352 active), 1068 art. vars. (615 active)
<DWph=2> <it= 10> <et=156.13> <Mt= 0.30> <Spt= 0.17> <nCl= 17> <DB=-1303.1352> <Mlp=-1248.2864> <PB=-1283> 
<DWph=2> <it= 20> <et=156.58> <Mt= 0.16> <Spt= 0.21> <nCl= 14> <DB=-1275.3562> <Mlp=-1254.7997> <PB=-1283> 
<DWph=2> <it= 30> <et=157.04> <Mt= 0.13> <Spt= 0.24> <nCl= 12> <DB=-1286.2682> <Mlp=-1258.7245> <PB=-1283> 
<DWph=2> <it= 40> <et=157.47> <Mt= 0.10> <Spt= 0.23> <nCl= 12> <DB=-1267.0930> <Mlp=-1260.1279> <PB=-1283> 
<DWph=2> <it= 41> <et=157.48> <Mt= 0.01> <Spt= 0.00> <nCl=  0> <DB=-1267.0930> <Mlp=-1260.2872> <PB=-1283> 
<DWph=1> <it= 50> <et=158.10> <Mt= 0.26> <Spt= 0.28> <nCl= 26> <DB=-1330.4426> <Mlp=-1271.0224> <PB=-1283> 
<DWph=1> <it= 60> <et=158.72> <Mt= 0.19> <Spt= 0.33> <nCl= 29> <DB=-1303.3318> <Mlp=-1276.8982> <PB=-1283> 
<DWph=1> <it= 70> <et=159.36> <Mt= 0.21> <Spt= 0.35> <nCl= 22> <DB=-1278.4507> <Mlp=-1280.5984> <PB=-1283> 
<DWph=0> <it= 71> <et=233.29> <Mt= 0.01> <Spt=73.91> <nCl=  0> <DB=-1284.0000> <Mlp=-1280.6338> <PB=-1283> 
ColGenEvalAlg final dual bound: -1284 (rounded: -1284)
----- Column generation is interrupted by the pricing solver, we do rollback to the point before the latest cut generation round
SB exact phase 3 branch on x_43_49 (lhs=0.417788) : [-1284, -1284], tree depth = 1e+12, tree size = 1e+12, score = -1e+12
************************************************************************************************
**** BaB tree node (N° 2, parent N° 1, depth 1)
**** Local DB = -1284, global bounds : [ -1284 , -1283 ], TIME = 0h3m53s29t = 23329
**** 2 open nodes, 4328 columns (1349 active), 805 dyn. constrs. (352 active), 1068 art. vars. (615 active)
************************************************************************************************
**** Strong branching phase 1 is started *****
SB phase 1 cand.  1 branch on x_9_14 (lhs=0.3917)           : [-1281.8659, -1266.8659], score = 36.57 (h)  <et=236.54>
SB phase 1 cand.  2 branch on var g_0_4_OmastV (lhs=0.6403) : [-1279.1302, -1271.8427], score = 59.20      <et=240.26>
SB phase 1 cand.  3 branch on x_47_53 (lhs=0.6561)          : [-1278.4549, -1275.6366], score = 46.38 (h)  <et=244.17>
SB phase 1 cand.  4 branch on var g_0_5_OmastV (lhs=0.3597) : [-1279.1302, -1271.1415], score = 62.62      <et=247.66>
SB phase 1 cand. 11 branch on x_23_29 (lhs=0.5090)          : [-1281.7060, -1255.3268], score = 65.78 (h)  <et=274.78>
SB phase 1 cand. 15 branch on x_47_52 (lhs=0.3874)          : [-1279.6683, -1266.0217], score = 77.88 (h)  <et=290.75>
SB phase 1 cand. 30 branch on x_22_28 (lhs=0.4127)          : [-1279.8160, -1265.9145], score = 75.67      <et=350.78>
SB phase 1 cand. 44 branch on x_19_26 (lhs=0.6195)          : [-1275.7979, -1275.4066], score = 70.48      <et=403.24>
SB phase 1 cand. 57 branch on x_41_47 (lhs=0.4755)          : [-1277.9896, -1269.8116], score = 85.28 (h)  <et=453.83>
SB phase 1 cand. 63 branch on x_43_50 (lhs=0.3989)          : [-1281.9642, -1008.1951], score = 561.48 (h)  <et=477.45>
SB phase 1 cand. 65 branch on x_40_47 (lhs=0.4809)          : [-1277.1357, -1271.7731], score = 83.93 (h)  <et=485.45>
**** Strong branching phase 2 is started *****
<DWph=1> <it=  7> <et=623.75> <Mt= 1.67> <Spt= 0.33> <nCl= 10> <DB= 8456.0587> <Mlp=-1272.7393> <PB=-1283> 
<DWph=1> <it= 32> <et=633.97> <Mt= 7.91> <Spt= 1.65> <nCl= 63> <DB=-1288.6450> <Mlp=-1284.0000> <PB=-1283> 
SB phase 2 cand.  1 branch on x_43_50 (lhs=0.3989): [-1284.0000, -1272.7393], score = 0.00 (h)  <et=633.98>
<DWph=1> <it= 62> <et=646.41> <Mt= 8.22> <Spt= 3.06> <nCl=124> <DB=-1286.6152> <Mlp=-1284.0000> <PB=-1283> 
<DWph=1> <it= 42> <et=656.99> <Mt= 7.46> <Spt= 2.24> <nCl= 76> <DB=-1297.3568> <Mlp=-1283.0670> <PB=-1283> 
SB phase 2 cand.  2 branch on x_41_47 (lhs=0.4755): [-1284.0000, -1283.0670], score = 0.00 (h)  <et=657>
<DWph=1> <it= 13> <et=659.67> <Mt= 1.72> <Spt= 0.66> <nCl= 28> <DB=-1261.9785> <Mlp=-1279.1433> <PB=-1283> 
<DWph=1> <it= 14> <et=662.24> <Mt= 1.56> <Spt= 0.69> <nCl= 28> <DB=-1278.5651> <Mlp=-1280.0998> <PB=-1283> 
SB phase 2 cand.  3 branch on x_40_47 (lhs=0.4809): [-1280.0998, -1279.1433], score = 18.94 (h)  <et=662.25>
**** Strong branching phase 3 is started *****
**** SB phase 3 evaluation of candidate 1, branch 1 ( x_40_47 >= 1 ), value = -1279.14
<DWph=2> <it=  2> <et=662.45> <Mt= 0.05> <Spt= 0.09> <nCl=  3> <DB=-1259.7673> <Mlp=-1279.1469> <PB=-1283> 
<DWph=1> <it= 10> <et=663.87> <Mt= 0.85> <Spt= 0.40> <nCl= 19> <DB=-1296.9546> <Mlp=-1280.6463> <PB=-1283> 
<DWph=1> <it= 20> <et=665.62> <Mt= 1.11> <Spt= 0.46> <nCl= 19> <DB=-1295.8540> <Mlp=-1282.0829> <PB=-1283> 
<DWph=1> <it= 30> <et=667.53> <Mt= 1.25> <Spt= 0.46> <nCl= 18> <DB=-1290.8596> <Mlp=-1283.1394> <PB=-1283> 
<DWph=1> <it= 38> <et=669.07> <Mt= 1.08> <Spt= 0.32> <nCl= 14> <DB=-1293.8122> <Mlp=-1283.6714> <PB=-1283> 
ColGenEvalAlg final dual bound: -1284 (rounded: -1284)
----- Add fac. cuts : R1C(159), max.viol = 0.297279, aver.viol = 0.189872, sep/add took 0.02/0.43 sec. -----
4986 columns (4572 active), 777 dyn. constrs. (771 active), 1040 art. vars. (1034 active)
<DWph=2> <it=  1> <et=724.06> <Mt= 3.21> <Spt=51.27> <nCl=301> <DB=-1250.5383> <Mlp=-1278.9352> <PB=-1283> 
<DWph=1> <it= 10> <et=728.44> <Mt= 3.59> <Spt= 0.56> <nCl= 20> <DB=-1300.4613> <Mlp=-1282.5368> <PB=-1283> 
<DWph=1> <it= 20> <et=731.57> <Mt= 2.23> <Spt= 0.65> <nCl= 24> <DB=-1286.9923> <Mlp=-1283.2535> <PB=-1283> 
<DWph=1> <it= 23> <et=732.72> <Mt= 0.88> <Spt= 0.20> <nCl=  9> <DB=-1283.2068> <Mlp=-1283.5171> <PB=-1283> 
<DWph=0> <it= 24> <et=841.08> <Mt= 0.02> <Spt=108.34> <nCl=  0> <DB=-1284.0000> <Mlp=-1283.5171> <PB=-1283> 
ColGenEvalAlg final dual bound: -1284 (rounded: -1284)
----- Column generation is interrupted by the pricing solver, we do rollback to the point before the latest cut generation round
**** SB phase 3 evaluation of candidate 1, branch 2 ( x_40_47 <= 0 ), value = -1280.1
<DWph=2> <it=  2> <et=841.42> <Mt= 0.15> <Spt= 0.08> <nCl=  3> <DB=-1261.8606> <Mlp=-1280.1928> <PB=-1283> 
<DWph=1> <it= 10> <et=842.96> <Mt= 0.92> <Spt= 0.44> <nCl= 15> <DB=-1279.6170> <Mlp=-1281.0266> <PB=-1283> 
<DWph=0> <it= 13> <et=1180.75> <Mt= 7.69> <Spt=330.05> <nCl=600> <DB=-1284.0000> <Mlp=-1284.0000> <PB=-1283> 
ColGenEvalAlg final dual bound: -1284 (rounded: -1284)
----- Add fac. cuts : R1C(160), max.viol = 0.255887, aver.viol = 0.178959, sep/add took 0.02/0.47 sec. -----
5327 columns (4793 active), 933 dyn. constrs. (772 active), 1196 art. vars. (1035 active)
<DWph=2> <it=  2> <et=1185.32> <Mt= 3.93> <Spt= 0.09> <nCl=  4> <DB=-1268.0741> <Mlp=-1270.4278> <PB=-1283> 
<DWph=1> <it= 10> <et=1192.84> <Mt= 6.77> <Spt= 0.53> <nCl= 18> <DB=-1316.0362> <Mlp=-1275.6634> <PB=-1283> 
<DWph=1> <it= 20> <et=1200.88> <Mt= 7.07> <Spt= 0.67> <nCl= 23> <DB=-1295.4802> <Mlp=-1279.2222> <PB=-1283> 
<DWph=1> <it= 24> <et=1203.57> <Mt= 2.30> <Spt= 0.27> <nCl=  8> <DB=-1279.3805> <Mlp=-1280.3528> <PB=-1283> 
<DWph=0> <it= 25> <et=1354.75> <Mt= 0.25> <Spt=150.92> <nCl=  0> <DB=-1284.0000> <Mlp=-1280.3981> <PB=-1283> 
ColGenEvalAlg final dual bound: -1284 (rounded: -1284)
----- Column generation is interrupted by the pricing solver, we do rollback to the point before the latest cut generation round
SB exact phase 3 branch on x_40_47 (lhs=0.480914) : [-1284, -1284], tree depth = 1e+12, tree size = 1e+12, score = -1e+12 (h)
************************************************************************************************
**** BaB tree node (N° 4, parent N° 2, depth 2)
**** Local DB = -1284, global bounds : [ -1284 , -1283 ], TIME = 0h22m34s84t = 135484
**** 3 open nodes, 5324 columns (4854 active), 774 dyn. constrs. (772 active), 1037 art. vars. (1035 active)
************************************************************************************************
**** Strong branching phase 1 is started *****
SB phase 1 cand.  1 branch on x_9_14 (lhs=0.3503)           : [-1284.0000, -1280.3545], score = 0.00 (h)  <et=1357.47>
SB phase 1 cand.  2 branch on var g_0_58_OmastV (lhs=0.5209): [-1283.8270, -1282.2964], score = 0.17      <et=1359.85>
SB phase 1 cand.  3 branch on x_41_47 (lhs=0.2717)          : [-1284.0000, -1264.6969], score = 0.00 (h)  <et=1362.07>
SB phase 1 cand.  4 branch on var g_0_64_OmastV (lhs=0.4686): [-1283.0319, -1281.1756], score = 0.97      <et=1364.82>
SB phase 1 cand.  5 branch on x_43_50 (lhs=0.4626)          : [-1283.4142, -1267.3171], score = 0.59 (h)  <et=1367.86>
SB phase 1 cand.  6 branch on var g_0_65_OmastV (lhs=0.5314): [-1283.0319, -1280.2558], score = 0.97      <et=1370.39>
SB phase 1 cand.  7 branch on x_20_27 (lhs=0.5069)          : [-1283.3902, -1280.5784], score = 0.61 (h)  <et=1373.58>
SB phase 1 cand. 10 branch on var g_0_4_OmastV (lhs=0.6426) : [-1282.4263, -1274.8104], score = 14.46      <et=1380.98>
SB phase 1 cand. 12 branch on var g_0_5_OmastV (lhs=0.3574) : [-1282.4263, -1274.8104], score = 14.46      <et=1385.94>
SB phase 1 cand. 13 branch on x_41_48 (lhs=0.4042)          : [-1281.2911, -1277.1275], score = 18.62 (h)  <et=1388.31>
SB phase 1 cand. 17 branch on x_36_43 (lhs=0.3897)          : [-1282.6190, -1266.8138], score = 23.73 (h)  <et=1398.93>
SB phase 1 cand. 46 branch on x_1_5 (lhs=0.3574)            : [-1282.4263, -1274.8104], score = 14.46      <et=1474.23>
SB phase 1 cand. 49 branch on x_34_41 (lhs=0.5090)          : [-1280.7538, -1279.0707], score = 16.00 (h)  <et=1482>
SB phase 1 cand. 79 branch on x_22_28 (lhs=0.4127)          : [-1282.5039, -1272.5114], score = 17.19 (h)  <et=1559.75>
**** Strong branching phase 2 is started *****
<DWph=1> <it= 37> <et=1623.32> <Mt= 8.41> <Spt= 1.83> <nCl= 81> <DB=-1281.1588> <Mlp=-1283.2524> <PB=-1283> 
<DWph=1> <it= 10> <et=1627.52> <Mt= 3.39> <Spt= 0.42> <nCl= 17> <DB=-1297.3940> <Mlp=-1284.0000> <PB=-1283> 
SB phase 2 cand.  1 branch on x_36_43 (lhs=0.3897): [-1284.0000, -1283.2524], score = 0.00 (h)  <et=1627.53>
<DWph=1> <it= 20> <et=1634.08> <Mt= 5.21> <Spt= 0.87> <nCl= 42> <DB=-1288.0522> <Mlp=-1284.0000> <PB=-1283> 
<DWph=1> <it= 16> <et=1640.56> <Mt= 5.41> <Spt= 0.68> <nCl= 28> <DB=-1298.3914> <Mlp=-1284.0000> <PB=-1283> 
SB phase 2 cand.  2 branch on x_41_48 (lhs=0.4042): [-1284.0000, -1284.0000], score = 0.00 (h)  <et=1640.57>
<DWph=1> <it= 32> <et=1649.90> <Mt= 7.08> <Spt= 1.45> <nCl= 67> <DB=-1294.5494> <Mlp=-1284.0000> <PB=-1283> 
<DWph=1> <it=  7> <et=1653.66> <Mt= 3.26> <Spt= 0.30> <nCl= 12> <DB=-1304.5911> <Mlp=-1284.0000> <PB=-1283> 
SB phase 2 cand.  3 branch on x_22_28 (lhs=0.4127): [-1284.0000, -1284.0000], score = 0.00 (h)  <et=1653.67>
**** Strong branching phase 3 is started *****
**** SB phase 3 evaluation of candidate 1, branch 1 ( x_36_43 >= 1 ), value = -1283.25
<DWph=2> <it=  1> <et=1653.79> <Mt= 0.02> <Spt= 0.04> <nCl=  2> <DB=-1282.2028> <Mlp=-1283.2524> <PB=-1283> 
<DWph=1> <it=  3> <et=1654.04> <Mt= 0.03> <Spt= 0.15> <nCl=  3> <DB=-1287.1871> <Mlp=-1283.2524> <PB=-1283> 
<DWph=0> <it=  7> <et=1758.71> <Mt= 3.34> <Spt=101.24> <nCl=822> <DB=-1284.0000> <Mlp=-1284.0000> <PB=-1283> 
ColGenEvalAlg final dual bound: -1284 (rounded: -1284)
----- Add fac. cuts : R1C(162), max.viol = 0.331614, aver.viol = 0.211447, sep/add took 0.02/0.5 sec. -----
6409 columns (5501 active), 782 dyn. constrs. (775 active), 1045 art. vars. (1038 active)
<DWph=2> <it=  3> <et=1760.83> <Mt= 1.35> <Spt= 0.14> <nCl=  5> <DB=-1259.6419> <Mlp=-1275.2709> <PB=-1283> 
<DWph=1> <it= 10> <et=1763.74> <Mt= 2.25> <Spt= 0.41> <nCl= 16> <DB=-1297.6304> <Mlp=-1280.7472> <PB=-1283> 
<DWph=1> <it= 20> <et=1766.73> <Mt= 2.05> <Spt= 0.60> <nCl= 21> <DB=-1290.7210> <Mlp=-1282.1668> <PB=-1283> 
<DWph=1> <it= 30> <et=1769.08> <Mt= 1.40> <Spt= 0.62> <nCl= 19> <DB=-1285.8565> <Mlp=-1282.6649> <PB=-1283> 
<DWph=0> <it= 31> <et=1831.85> <Mt= 0.03> <Spt=62.74> <nCl=  0> <DB=-1284.0000> <Mlp=-1282.6649> <PB=-1283> 
ColGenEvalAlg final dual bound: -1284 (rounded: -1284)
----- Column generation is interrupted by the pricing solver, we do rollback to the point before the latest cut generation round
**** SB phase 3 evaluation of candidate 1, branch 2 ( x_36_43 <= 0 ), value = -1284
<DWph=2> <it=  1> <et=1831.91> <Mt= 0.01> <Spt= 0.00> <nCl=  0> <DB=-1284.0000> <Mlp=-1284.0000> <PB=-1283> 
<DWph=1> <it=  2> <et=1831.92> <Mt= 0.01> <Spt= 0.00> <nCl=  0> <DB=-1284.0000> <Mlp=-1284.0000> <PB=-1283> 
<DWph=0> <it=  3> <et=1831.93> <Mt= 0.01> <Spt= 0.00> <nCl=  0> <DB=-1284.0000> <Mlp=-1284.0000> <PB=-1283> 
ColGenEvalAlg final dual bound: -1284 (rounded: -1284)
----- Add fac. cuts : R1C(160), max.viol = 0.342357, aver.viol = 0.178623, sep/add took 0.01/0.43 sec. -----
6300 columns (4598 active), 938 dyn. constrs. (773 active), 1201 art. vars. (1036 active)
<DWph=2> <it= 10> <et=1839.22> <Mt= 6.03> <Spt= 0.47> <nCl= 15> <DB=-1276.4158> <Mlp=-1275.6398> <PB=-1283> 
<DWph=2> <it= 13> <et=1840.47> <Mt= 1.08> <Spt= 0.11> <nCl=  3> <DB=-1328.8794> <Mlp=-1276.7880> <PB=-1283> 
<DWph=1> <it= 20> <et=1844.42> <Mt= 3.23> <Spt= 0.47> <nCl= 15> <DB=-1308.5350> <Mlp=-1279.5588> <PB=-1283> 
<DWph=1> <it= 30> <et=1849.07> <Mt= 3.60> <Spt= 0.68> <nCl= 21> <DB=-1303.6118> <Mlp=-1281.2268> <PB=-1283> 
<DWph=1> <it= 40> <et=1852.23> <Mt= 2.14> <Spt= 0.67> <nCl= 20> <DB=-1287.1344> <Mlp=-1281.8810> <PB=-1283> 
<DWph=1> <it= 50> <et=1857.11> <Mt= 3.89> <Spt= 0.66> <nCl= 21> <DB=-1290.5541> <Mlp=-1282.4676> <PB=-1283> 
<DWph=1> <it= 59> <et=1860.42> <Mt= 2.42> <Spt= 0.58> <nCl= 18> <DB=-1280.6490> <Mlp=-1282.8679> <PB=-1283> 
ColGenEvalAlg final dual bound: -1284 (rounded: -1284)
----- Column generation is interrupted by the pricing solver, we do rollback to the point before the latest cut generation round
SB exact phase 3 branch on x_36_43 (lhs=0.389667) : [-1284, -1284], tree depth = 1e+12, tree size = 1e+12, score = -1e+12 (h)
************************************************************************************************
**** BaB tree node (N° 6, parent N° 4, depth 3)
**** Local DB = -1284, global bounds : [ -1284 , -1283 ], TIME = 0h32m3s31t = 192331
**** 4 open nodes, 6374 columns (4754 active), 776 dyn. constrs. (773 active), 1039 art. vars. (1036 active)
************************************************************************************************
**** Strong branching phase 1 is started *****
SB phase 1 cand.  1 branch on x_41_48 (lhs=0.4222)          : [-1280.4525, -1280.3997], score = 12.77 (h)  <et=1925.09>
SB phase 1 cand.  2 branch on var g_0_61_OmastV (lhs=0.6942): [-1284.0000, -1261.8461], score = 0.00      <et=1926.92>
SB phase 1 cand.  3 branch on x_22_28 (lhs=0.5278)          : [-1280.9178, -1279.5936], score = 13.58 (h)  <et=1928.77>
SB phase 1 cand.  4 branch on var g_0_10_OmastV (lhs=0.2748): [-1283.6719, -1280.1286], score = 0.33      <et=1930.94>
SB phase 1 cand.  6 branch on var g_0_4_OmastV (lhs=0.7671) : [-1282.9391, -1274.1212], score = 10.48      <et=1934.39>
SB phase 1 cand. 13 branch on x_2_64 (lhs=0.5587)           : [-1280.7524, -1273.6849], score = 33.50 (h)  <et=1948.04>
SB phase 1 cand. 15 branch on x_63_65 (lhs=0.4413)          : [-1280.3928, -1273.6848], score = 37.21 (h)  <et=1952.18>
SB phase 1 cand. 17 branch on var g_0_65_OmastV (lhs=0.4413): [-1280.3928, -1274.1525], score = 35.52 (h)  <et=1955.81>
SB phase 1 cand. 21 branch on x_2_65 (lhs=0.4413)           : [-1280.3928, -1274.1525], score = 35.52 (h)  <et=1963.43>
SB phase 1 cand. 65 branch on x_44_51 (lhs=0.3962)          : [-1281.7379, -1253.7579], score = 68.41 (h)  <et=2049.74>
SB phase 1 cand. 77 branch on x_28_36 (lhs=0.4825)          : [-1279.7080, -1273.7935], score = 43.81 (h)  <et=2073.65>
**** Strong branching phase 2 is started *****
<DWph=1> <it= 14> <et=2119.06> <Mt= 1.35> <Spt= 0.62> <nCl= 25> <DB=-1197.8287> <Mlp=-1271.4345> <PB=-1283> 
<DWph=1> <it= 12> <et=2122.10> <Mt= 1.90> <Spt= 0.60> <nCl= 23> <DB= 9905.2474> <Mlp=-1283.0354> <PB=-1283> 
SB phase 2 cand.  1 branch on x_44_51 (lhs=0.3962): [-1283.0354, -1271.4345], score = 0.96 (h)  <et=2122.11>
<DWph=1> <it= 21> <et=2125.97> <Mt= 2.20> <Spt= 0.99> <nCl= 43> <DB=-1258.0697> <Mlp=-1278.2414> <PB=-1283> 
<DWph=1> <it= 20> <et=2130.95> <Mt= 3.31> <Spt= 1.00> <nCl= 40> <DB=-1283.7106> <Mlp=-1283.9970> <PB=-1283> 
SB phase 2 cand.  2 branch on x_28_36 (lhs=0.4825): [-1283.9970, -1278.2414], score = 0.00 (h)  <et=2130.96>
<DWph=1> <it= 51> <et=2141.39> <Mt= 6.47> <Spt= 2.37> <nCl= 99> <DB=-1302.7484> <Mlp=-1283.0668> <PB=-1283> 
<DWph=1> <it= 37> <et=2148.22> <Mt= 3.74> <Spt= 1.81> <nCl= 71> <DB=-1287.5785> <Mlp=-1283.7714> <PB=-1283> 
SB phase 2 cand.  3 branch on x_63_65 (lhs=0.4413): [-1283.7714, -1283.0668], score = 0.21 (h)  <et=2148.23>
**** Strong branching phase 3 is started *****
**** SB phase 3 evaluation of candidate 1, branch 1 ( x_44_51 >= 1 ), value = -1271.43
<DWph=2> <it=  1> <et=2148.44> <Mt= 0.11> <Spt= 0.04> <nCl=  1> <DB=-1224.8404> <Mlp=-1271.9795> <PB=-1283> 
<DWph=1> <it=  4> <et=2148.96> <Mt= 0.30> <Spt= 0.13> <nCl=  7> <DB=-1272.6115> <Mlp=-1273.2427> <PB=-1283> 
ColGenEvalAlg final dual bound: -1284 (rounded: -1284)
----- Add fac. cuts : R1C(163), max.viol = 0.297332, aver.viol = 0.22056, sep/add took 0.01/0.66 sec. -----
8071 columns (6974 active), 785 dyn. constrs. (777 active), 1048 art. vars. (1040 active)
<DWph=2> <it=  1> <et=2432.56> <Mt= 9.71> <Spt=272.97> <nCl=1421> <DB=-1254.2892> <Mlp=-1280.1514> <PB=-1283> 
<DWph=1> <it= 10> <et=2435.89> <Mt= 2.35> <Spt= 0.55> <nCl= 16> <DB=-1296.7554> <Mlp=-1282.0745> <PB=-1283> 
<DWph=1> <it= 20> <et=2439.56> <Mt= 2.68> <Spt= 0.56> <nCl= 21> <DB=-1287.9038> <Mlp=-1283.3062> <PB=-1283> 
<DWph=1> <it= 30> <et=2442.16> <Mt= 1.63> <Spt= 0.56> <nCl= 17> <DB=-1288.5318> <Mlp=-1283.5648> <PB=-1283> 
<DWph=1> <it= 31> <et=2442.30> <Mt= 0.03> <Spt= 0.05> <nCl=  2> <DB=-1283.3626> <Mlp=-1283.5648> <PB=-1283> 
<DWph=0> <it= 32> <et=2514.33> <Mt= 0.17> <Spt=71.86> <nCl=  0> <DB=-1284.0000> <Mlp=-1283.5775> <PB=-1283> 
ColGenEvalAlg final dual bound: -1284 (rounded: -1284)
----- Column generation is interrupted by the pricing solver, we do rollback to the point before the latest cut generation round
**** SB phase 3 evaluation of candidate 1, branch 2 ( x_44_51 <= 0 ), value = -1283.04
<DWph=2> <it=  1> <et=2514.50> <Mt= 0.02> <Spt= 0.04> <nCl=  1> <DB= 9984.9188> <Mlp=-1283.0354> <PB=-1283> 
<DWph=1> <it=  3> <et=2514.76> <Mt= 0.10> <Spt= 0.09> <nCl=  3> <DB=10028.6298> <Mlp=-1283.0604> <PB=-1283> 
<DWph=0> <it=  6> <et=2541.50> <Mt= 3.71> <Spt=22.94> <nCl=600> <DB=-1284.0000> <Mlp=-1284.0000> <PB=-1283> 
ColGenEvalAlg final dual bound: -1284 (rounded: -1284)
----- Add fac. cuts : R1C(158), max.viol = 0.261392, aver.viol = 0.151805, sep/add took 0.01/0.56 sec. -----
8558 columns (6141 active), 939 dyn. constrs. (772 active), 1202 art. vars. (1035 active)
<DWph=2> <it=  1> <et=2545.79> <Mt= 3.62> <Spt= 0.05> <nCl=  1> <DB=10412.6072> <Mlp=-1281.0599> <PB=-1283> 
<DWph=1> <it=  7> <et=2549.06> <Mt= 2.69> <Spt= 0.31> <nCl= 11> <DB=10709.4432> <Mlp=-1282.3170> <PB=-1283> 
<DWph=0> <it=  8> <et=2591.55> <Mt= 0.27> <Spt=42.23> <nCl=  0> <DB=-1284.0000> <Mlp=-1282.4184> <PB=-1283> 
ColGenEvalAlg final dual bound: -1284 (rounded: -1284)
----- Column generation is interrupted by the pricing solver, we do rollback to the point before the latest cut generation round
SB exact phase 3 branch on x_44_51 (lhs=0.396193) : [-1284, -1284], tree depth = 1e+12, tree size = 1e+12, score = -1e+12 (h)
************************************************************************************************
**** BaB tree node (N° 8, parent N° 6, depth 4)
**** Local DB = -1284, global bounds : [ -1284 , -1283 ], TIME = 0h43m11s70t = 259170
**** 5 open nodes, 8499 columns (6309 active), 776 dyn. constrs. (772 active), 1039 art. vars. (1035 active)
************************************************************************************************
**** Strong branching phase 1 is started *****
SB phase 1 cand.  1 branch on x_63_65 (lhs=0.3756)          : [-1282.0277, -1278.0000], score = 11.83 (h)  <et=2596.7>
SB phase 1 cand.  2 branch on var g_0_10_OmastV (lhs=0.4229): [-1282.3854, -1280.3256], score = 5.93      <et=2600.74>
SB phase 1 cand.  3 branch on x_28_36 (lhs=0.3604)          : [-1281.7836, -1278.0000], score = 13.30 (h)  <et=2605.5>
SB phase 1 cand.  4 branch on var g_0_59_OmastV (lhs=0.6612): [-1282.6918,  -371.8631], score = 1193.29      <et=2610.88>
SB phase 1 cand.  5 branch on x_41_48 (lhs=0.4136)          : [-1280.2700, -1279.6710], score = 16.15 (h)  <et=2615.79>
SB phase 1 cand.  7 branch on x_22_28 (lhs=0.5630)          : [-1280.0337, -1278.6601], score = 21.18 (h)  <et=2624.31>
SB phase 1 cand. 13 branch on var g_0_4_OmastV (lhs=0.5550) : [-1279.9670, -1276.6278], score = 29.73 (h)  <et=2651.4>
SB phase 1 cand. 15 branch on var g_0_5_OmastV (lhs=0.4450) : [-1280.5931, -1274.6419], score = 31.88 (h)  <et=2660.41>
SB phase 1 cand. 19 branch on x_1_4 (lhs=0.5550)            : [-1279.9670, -1276.6278], score = 29.73 (h)  <et=2679.51>
SB phase 1 cand. 21 branch on x_1_5 (lhs=0.4450)            : [-1280.5931, -1274.6419], score = 31.88 (h)  <et=2688.82>
**** Strong branching phase 2 is started *****
<DWph=1> <it= 14> <et=3035.83> <Mt= 5.39> <Spt= 0.59> <nCl= 26> <DB=-1085.5101> <Mlp=-1269.3188> <PB=-1283> 
<DWph=1> <it=  8> <et=3037.93> <Mt= 1.18> <Spt= 0.35> <nCl= 14> <DB=-1282.1283> <Mlp=-1283.3769> <PB=-1283> 
SB phase 2 cand.  1 branch on var g_0_59_OmastV (lhs=0.6612): [-1283.3769, -1269.3188], score = 0.62      <et=3037.94>
<DWph=1> <it= 20> <et=3043.18> <Mt= 3.44> <Spt= 0.94> <nCl= 48> <DB=-1288.6101> <Mlp=-1282.8271> <PB=-1283> 
<DWph=1> <it= 22> <et=3047.22> <Mt= 1.99> <Spt= 1.04> <nCl= 35> <DB=-1283.9843> <Mlp=-1282.2108> <PB=-1283> 
SB phase 2 cand.  2 branch on var g_0_5_OmastV (lhs=0.4450) : [-1282.8271, -1282.2108], score = 2.10 (h)  <et=3047.23>
<DWph=1> <it= 12> <et=3049.91> <Mt= 1.53> <Spt= 0.56> <nCl= 24> <DB=-1300.6994> <Mlp=-1279.2036> <PB=-1283> 
<DWph=1> <it= 14> <et=3052.57> <Mt= 1.44> <Spt= 0.61> <nCl= 24> <DB=-1281.8858> <Mlp=-1281.4303> <PB=-1283> 
SB phase 2 cand.  3 branch on x_1_4 (lhs=0.5550)            : [-1281.4303, -1279.2036], score = 12.33 (h)  <et=3052.57>
**** Strong branching phase 3 is started *****
**** SB phase 3 evaluation of candidate 1, branch 1 ( x_1_4 <= 0 ), value = -1279.2
<DWph=2> <it=  1> <et=3052.79> <Mt= 0.03> <Spt= 0.08> <nCl=  0> <DB=-1252.9511> <Mlp=-1279.2036> <PB=-1283> 
<DWph=1> <it=  3> <et=3053.11> <Mt= 0.14> <Spt= 0.09> <nCl=  3> <DB=-1277.5452> <Mlp=-1279.2874> <PB=-1283> 
<DWph=0> <it=  6> <et=3102.48> <Mt= 6.26> <Spt=43.01> <nCl=575> <DB=-1284.0000> <Mlp=-1284.0000> <PB=-1283> 
ColGenEvalAlg final dual bound: -1284 (rounded: -1284)
----- Add fac. cuts : R1C(169), max.viol = 0.258607, aver.viol = 0.1739, sep/add took 0.01/0.68 sec. -----
9134 columns (7591 active), 793 dyn. constrs. (784 active), 1056 art. vars. (1047 active)
<DWph=2> <it=  1> <et=3105.78> <Mt= 2.48> <Spt= 0.07> <nCl=  2> <DB=-1299.4094> <Mlp=-1277.3573> <PB=-1283> 
<DWph=1> <it= 10> <et=3108.64> <Mt= 1.96> <Spt= 0.47> <nCl= 16> <DB=-1307.0252> <Mlp=-1279.0308> <PB=-1283> 
<DWph=1> <it= 20> <et=3115.39> <Mt= 5.71> <Spt= 0.55> <nCl= 17> <DB=-1282.5241> <Mlp=-1280.3657> <PB=-1283> 
<DWph=1> <it= 23> <et=3116.42> <Mt= 0.73> <Spt= 0.16> <nCl=  5> <DB=-1272.7266> <Mlp=-1280.6496> <PB=-1283> 
<DWph=0> <it= 24> <et=3200.88> <Mt= 0.03> <Spt=84.43> <nCl=  0> <DB=-1284.0000> <Mlp=-1280.6496> <PB=-1283> 
ColGenEvalAlg final dual bound: -1284 (rounded: -1284)
----- Column generation is interrupted by the pricing solver, we do rollback to the point before the latest cut generation round
**** SB phase 3 evaluation of candidate 1, branch 2 ( x_1_4 >= 1 ), value = -1281.43
<DWph=2> <it=  1> <et=3201.04> <Mt= 0.02> <Spt= 0.05> <nCl=  0> <DB=-1269.4258> <Mlp=-1281.4303> <PB=-1283> 
<DWph=1> <it=  3> <et=3201.26> <Mt= 0.04> <Spt= 0.09> <nCl=  1> <DB=-1280.2869> <Mlp=-1281.4303> <PB=-1283> 
<DWph=0> <it=  7> <et=3300.63> <Mt=20.03> <Spt=79.28> <nCl=875> <DB=-1284.0000> <Mlp=-1284.0000> <PB=-1283> 
ColGenEvalAlg final dual bound: -1284 (rounded: -1284)
----- Add fac. cuts : R1C(153), max.viol = 0.300603, aver.viol = 0.207039, sep/add took 0.01/0.7 sec. -----
9919 columns (7885 active), 942 dyn. constrs. (768 active), 1205 art. vars. (1031 active)
<DWph=2> <it=  1> <et=3313.01> <Mt=11.57> <Spt= 0.04> <nCl=  1> <DB=-1264.1508> <Mlp=-1280.4335> <PB=-1283> 
<DWph=1> <it= 10> <et=3320.48> <Mt= 6.63> <Spt= 0.41> <nCl= 18> <DB=-1283.5219> <Mlp=-1281.8199> <PB=-1283> 
<DWph=1> <it= 16> <et=3322.90> <Mt= 1.68> <Spt= 0.39> <nCl= 11> <DB=-1288.4499> <Mlp=-1282.3009> <PB=-1283> 
<DWph=0> <it= 17> <et=3400.10> <Mt= 0.03> <Spt=77.16> <nCl=  0> <DB=-1284.0000> <Mlp=-1282.3009> <PB=-1283> 
ColGenEvalAlg final dual bound: -1284 (rounded: -1284)
----- Column generation is interrupted by the pricing solver, we do rollback to the point before the latest cut generation round
SB exact phase 3 branch on x_1_4 (lhs=0.555031) : [-1284, -1284], tree depth = 1e+12, tree size = 1e+12, score = -1e+12 (h)
************************************************************************************************
**** BaB tree node (N° 10, parent N° 8, depth 5)
**** Local DB = -1284, global bounds : [ -1284 , -1283 ], TIME = 0h56m40s23t = 340023
**** 6 open nodes, 9899 columns (7925 active), 773 dyn. constrs. (768 active), 1036 art. vars. (1031 active)
************************************************************************************************
**** Strong branching phase 1 is started *****
SB phase 1 cand.  1 branch on var g_0_59_OmastV (lhs=0.7143): [-1283.1385,  -890.0280], score = 0.86 (h)  <et=3403.42>
SB phase 1 cand.  2 branch on var g_0_6_OmastV (lhs=0.4967) : [-1280.6020, -1279.8802], score = 14.00      <et=3406.26>
SB phase 1 cand.  3 branch on x_63_65 (lhs=0.2563)          : [-1282.4743, -1265.8430], score = 27.70 (h)  <et=3409.25>
SB phase 1 cand.  5 branch on x_28_36 (lhs=0.4212)          : [-1281.7340, -1276.8282], score = 16.25 (h)  <et=3414.31>
SB phase 1 cand.  9 branch on x_22_28 (lhs=0.5318)          : [-1279.4418, -1278.8163], score = 23.63 (h)  <et=3424.36>
SB phase 1 cand. 13 branch on x_41_47 (lhs=0.3401)          : [-1281.9988, -1261.4219], score = 45.18 (h)  <et=3434.75>
SB phase 1 cand. 14 branch on x_18_25 (lhs=0.5182)          : [-1280.2061, -1275.8871], score = 30.78      <et=3437.31>
SB phase 1 cand. 45 branch on x_22_29 (lhs=0.5641)          : [-1279.6191, -1277.3747], score = 29.02 (h)  <et=3509.6>
SB phase 1 cand. 46 branch on x_33_40 (lhs=0.2708)          : [-1281.9034, -1261.2816], score = 47.63      <et=3511.85>
SB phase 1 cand. 56 branch on x_21_28 (lhs=0.2153)          : [-1282.4761, -1260.9086], score = 35.19      <et=3534.67>
**** Strong branching phase 2 is started *****
<DWph=1> <it= 16> <et=3639.13> <Mt= 2.30> <Spt= 0.70> <nCl= 26> <DB=-1206.4703> <Mlp=-1269.2866> <PB=-1283> 
<DWph=1> <it=  6> <et=3640.66> <Mt= 0.71> <Spt= 0.26> <nCl=  8> <DB=-1280.7482> <Mlp=-1282.2099> <PB=-1283> 
SB phase 2 cand.  1 branch on x_33_40 (lhs=0.2708): [-1282.2099, -1269.2866], score = 26.34      <et=3640.67>
<DWph=1> <it= 29> <et=3648.38> <Mt= 4.95> <Spt= 1.27> <nCl= 59> <DB=-1273.4183> <Mlp=-1275.8518> <PB=-1283> 
<DWph=1> <it= 14> <et=3650.93> <Mt= 1.24> <Spt= 0.60> <nCl= 19> <DB=-1290.4010> <Mlp=-1282.3187> <PB=-1283> 
SB phase 2 cand.  2 branch on x_41_47 (lhs=0.3401): [-1282.3187, -1275.8518], score = 13.70 (h)  <et=3650.94>
<DWph=1> <it= 37> <et=3658.27> <Mt= 4.33> <Spt= 1.32> <nCl= 75> <DB=-1306.0221> <Mlp=-1277.0708> <PB=-1283> 
<DWph=1> <it= 12> <et=3661.39> <Mt= 1.82> <Spt= 0.57> <nCl= 23> <DB=-1281.6175> <Mlp=-1283.0207> <PB=-1283> 
SB phase 2 cand.  3 branch on x_21_28 (lhs=0.2153): [-1283.0207, -1277.0708], score = 0.98      <et=3661.4>
**** Strong branching phase 3 is started *****
**** SB phase 3 evaluation of candidate 1, branch 1 ( x_33_40 >= 1 ), value = -1269.29
<DWph=2> <it=  1> <et=3661.64> <Mt= 0.11> <Spt= 0.04> <nCl=  1> <DB=-1153.6722> <Mlp=-1269.3587> <PB=-1283> 
<DWph=1> <it=  3> <et=3662.05> <Mt= 0.22> <Spt= 0.08> <nCl=  3> <DB=-1123.4355> <Mlp=-1269.5683> <PB=-1283> 
<DWph=0> <it=  9> <et=4067.71> <Mt=31.27> <Spt=374.10> <nCl=1446> <DB=-1284.0000> <Mlp=-1284.0000> <PB=-1283> 
ColGenEvalAlg final dual bound: -1284 (rounded: -1284)
----- Add fac. cuts : R1C(155), max.viol = 0.301759, aver.viol = 0.208848, sep/add took 0.01/0.78 sec. -----
11600 columns (9092 active), 781 dyn. constrs. (771 active), 1044 art. vars. (1034 active)
<DWph=2> <it=  1> <et=4069.07> <Mt= 0.55> <Spt= 0.00> <nCl=  0> <DB=-1284.0000> <Mlp=-1284.0000> <PB=-1284> 
ColGenEvalAlg final dual bound: -1284 (rounded: -1284)
Gap improvement since the last cut separation : 1 (-1284)
----- Cut generation stopped by the pricing solver
**** SB phase 3 evaluation of candidate 1, branch 2 ( x_33_40 <= 0 ), value = -1282.21
<DWph=2> <it=  1> <et=4069.17> <Mt= 0.04> <Spt= 0.00> <nCl=  0> <DB=-1284.0000> <Mlp=-1282.2099> <PB=-1284> 
ColGenEvalAlg final dual bound: -1284 (rounded: -1284)
 SB phase 3 candidate 1 is conquered !
New model incumbent solution -1284, TIME = 1h7m49s42t = 406942
************************************************************************************************
Search is finished, global bounds : [ -1284 , -1284 ], TIME = 1h7m49s42t = 406942
************************************************************************************************
[32mBaPCod : solution defined.[00m
statistics_cols: instance & :Optimal & cutoff & :bcRecRootDb & :bcTimeRootEval & :bcCountNodeProc & :bcRecBestDb & :bcRecBestInc & :bcTimeMain \\
statistics: 64-80-1-2 & 1 & -1282.99999 & -1284.00 & 75.18 & 13 & -1284.00 & -1284 & 4069.42 \\
########################################################
trip 1 : 1 5 8 12 17 22 29 23 30 38 45 37 44 51 56 50 55 60 63 59 54 48 53 47 40 33 41 34 42 3 
trip 2 : 3 49 43 36 28 35 27 21 16 11 15 20 26 19 14 9 13 18 25 32 24 31 39 46 52 57 61 64 2 
tour : 1 5 8 12 17 22 29 23 30 38 45 37 44 51 56 50 55 60 63 59 54 48 53 47 40 33 41 34 42 3 49 43 36 28 35 27 21 16 11 15 20 26 19 14 9 13 18 25 32 24 31 39 46 52 57 61 64 2
Cost 1284.0
########################################################
