Application parameters:
  batch  =>  nothing
  tikz  =>  "/TIKZ/66-125-1-2.tex"
  instance  =>  "/IN/66-125-1-2.ophs"
  out  =>  "/OUT/66-125-1-2.sol"
  nosolve  =>  false
  ub  =>  -1670
  complete  =>  false
  cfg  =>  "/BWTSP/src/../config/OPHS.cfg"
VRPSolver warning: Interval set for resource 1 on source node (when source != sink) is ignored (by definition is [0.0,0.0])
VRPSolver warning: Interval set for resource 1 on source node (when source != sink) is ignored (by definition is [0.0,0.0])
[41m solve [00m
~~~~~~~~~~~~~~~~~~~~~~~~~~~~~~~~~~~~~~~~~~~~~~~~~~~~~~~~~~~~~~~~~~~~~~~~~~~~~~
VRPSolver v0.4.1, 24/03/2021. Web: vrpsolver.math.u-bordeaux.fr
Corresponds to the solver by Pessoa, Sadykov, Uchoa and Vanderbeck (2020)
Paper: dx.doi.org/10.1007/s10107-020-01523-z
USE THIS CODE ONLY FOR ACADEMIC PURPOSES AT YOUR OWN RISK
~~~~~~~~~~~~~~~~~~~~~~~~~~~~~~~~~~~~~~~~~~~~~~~~~~~~~~~~~~~~~~~~~~~~~~~~~~~~~~
BaPCod v053, 24/03/2021, © Inria Bordeaux, France
~~~~~~~~~~~~~~~~~~~~~~~~~~~~~~~~~~~~~~~~~~~~~~~~~~~~~~~~~~~~~~~~~~~~~~~~~~~~~~
VRPSolver parameters:
GlobalTimeLimit = 18000
MaxNbOfBBtreeNodeTreated = 100000
treeSearchStrategy = 1
RCSPstopCutGenTimeThresholdInPricing = 10
RCSPhardTimeThresholdInPricing = 25
RCSPnumberOfBucketsPerVertex = 25
RCSPdynamicBucketSteps = 1
RCSPuseBidirectionalSearch = 2
RCSPapplyReducedCostFixing = 1
RCSPredCostFixingFalseGap = 0
RCSPmaxNumOfColsPerIteration = 30
RCSPmaxNumOfColsPerExactIteration = 150
RCSPheurLabelingStrategy = 0
StabilizationMinPhaseOfStage = 0
RCSPmaxNumOfLabelsInEnumeration = 500000
RCSPmaxNumOfEnumeratedSolutions = 5000000
RCSPmaxNumOfEnumSolutionsForMIP = 10000
RCSPinitNGneighbourhoodSize = 8
RCSPmaxNGneighbourhoodSize = 8
RCSPrankOneCutsMaxNumPerRound = 100
RCSPrankOneCutsMaxNumRows = 5
RCSPrankOneCutsMemoryType = 0
CutTailingOffThreshold = 0.015
CutTailingOffCounterThreshold = 3
SafeDualBoundScaleFactor = -1
StrongBranchingPhaseOneCandidatesNumber = 100
StrongBranchingPhaseOneTreeSizeEstimRatio = 0.2
StrongBranchingPhaseTwoCandidatesNumber = 3
StrongBranchingPhaseTwoTreeSizeEstimRatio = 0.02
MaxTimeForRestrictedMasterIpHeur = -1
DivingHeurUseDepthLimit = 0
MaxLDSbreadth = 1
MaxLDSdepth = 10000
New model incumbent solution -1669, TIME = 0h0m0s2t = 2
Model is built TIME = 0h0m0s86t = 86
************************************************************************************************
**** BaB tree root node
**** Local DB = -1e+12, global bounds : [ -1e+12 , -1669 ], TIME = 0h0m0s86t = 86
**** 1 open nodes, 0 columns (0 active), 0 dyn. constrs. (0 active), 271 art. vars. (271 active)
************************************************************************************************
--------------------------------------------------------------------------
BaPCod info : first we run the root node with rank-1 cuts with node memory
--------------------------------------------------------------------------
<DWph=2> <it= 10> <et=0.99> <Mt= 0.00> <Spt= 0.11> <nCl= 60> <DB=-46181.6183> <Mlp= 5275.0070> <PB=-1669> 
<DWph=2> <it= 20> <et=1.11> <Mt= 0.01> <Spt= 0.11> <nCl= 60> <DB=-1981.0801> <Mlp=-1562.2571> <PB=-1669> 
<DWph=2> <it= 30> <et=1.24> <Mt= 0.01> <Spt= 0.12> <nCl= 60> <DB=-1777.7913> <Mlp=-1593.6134> <PB=-1669> 
<DWph=2> <it= 40> <et=1.36> <Mt= 0.01> <Spt= 0.11> <nCl= 59> <DB=-1701.0457> <Mlp=-1617.0763> <PB=-1669> 
<DWph=2> <it= 50> <et=1.49> <Mt= 0.01> <Spt= 0.11> <nCl= 52> <DB=-1664.6472> <Mlp=-1629.6741> <PB=-1669> 
<DWph=2> <it= 60> <et=1.62> <Mt= 0.01> <Spt= 0.12> <nCl= 57> <DB=-1651.5451> <Mlp=-1633.9688> <PB=-1669> 
<DWph=2> <it= 70> <et=1.75> <Mt= 0.01> <Spt= 0.11> <nCl= 41> <DB=-1656.3522> <Mlp=-1636.0588> <PB=-1669> 
<DWph=2> <it= 76> <et=1.83> <Mt= 0.01> <Spt= 0.07> <nCl= 21> <DB=-1634.1745> <Mlp=-1637.8165> <PB=-1669> 
<DWph=1> <it= 80> <et=2.10> <Mt= 0.00> <Spt= 0.27> <nCl= 23> <DB=-1708.0071> <Mlp=-1640.9217> <PB=-1669> 
<DWph=1> <it= 90> <et=2.81> <Mt= 0.02> <Spt= 0.68> <nCl= 55> <DB=-1694.0904> <Mlp=-1656.2696> <PB=-1669> 
<DWph=1> <it=100> <et=3.49> <Mt= 0.02> <Spt= 0.65> <nCl= 48> <DB=-1685.0893> <Mlp=-1662.2053> <PB=-1669> 
<DWph=1> <it=110> <et=4.13> <Mt= 0.02> <Spt= 0.62> <nCl= 59> <DB=-1679.4471> <Mlp=-1666.3621> <PB=-1669> 
<DWph=1> <it=120> <et=4.81> <Mt= 0.02> <Spt= 0.65> <nCl= 56> <DB=-1677.8469> <Mlp=-1669.0152> <PB=-1669> 
<DWph=1> <it=130> <et=5.53> <Mt= 0.02> <Spt= 0.70> <nCl= 48> <DB=-1673.0486> <Mlp=-1670.0000> <PB=-1669> 
<DWph=1> <it=132> <et=5.80> <Mt= 0.00> <Spt= 0.25> <nCl=  4> <DB=-1670.0000> <Mlp=-1670.0000> <PB=-1669> 
<DWph=0> <it=133> <et=6.51> <Mt= 0.00> <Spt= 0.72> <nCl=  0> <DB=-1670.0000> <Mlp=-1670.0000> <PB=-1669> 
Reduced cost fixing for graph G_2... took 0.1 sec., 6597 buck. arcs remain (7.04% from prev., 3.12% from max.)
Run enumeration... took 0.21 sec. and not succeeded.
Reduced cost fixing for graph G_1... took 0.12 sec., 6656 buck. arcs remain (7.08% from prev., 3.14% from max.)
Run enumeration... took 0.24 sec. and not succeeded.
ColGenEvalAlg final dual bound: -1670 (rounded: -1670)
----- Add fac. cuts : R1C(209), max.viol = 0.434805, aver.viol = 0.215843, sep/add took 0/0.1 sec. -----
1084 columns (1084 active), 209 dyn. constrs. (209 active), 480 art. vars. (480 active)
<DWph=2> <it=  1> <et=7.48> <Mt= 0.14> <Spt= 0.02> <nCl=  0> <DB= 2533.9886> <Mlp= 2533.9886> <PB=-1669> 
<DWph=1> <it=  2> <et=7.50> <Mt= 0.01> <Spt= 0.02> <nCl=  0> <DB= 2533.9886> <Mlp= 2533.9886> <PB=-1669> 
<DWph=0> <it= 10> <et=37.77> <Mt= 0.15> <Spt=30.08> <nCl=2083> <DB=-1759.0170> <Mlp=-1650.2350> <PB=-1669> 
<DWph=0> <it= 19> <et=81.90> <Mt= 0.44> <Spt=43.61> <nCl=2380> <DB=-1670.0000> <Mlp=-1670.0000> <PB=-1669> 
Bucket graph for G_2 is regenerated as bucket steps were adjusted for 72 vertices
Bucket graph for G_1 is regenerated as bucket steps were adjusted for 72 vertices
ColGenEvalAlg final dual bound: -1670 (rounded: -1670)
Gap improvement since the last cut separation : -1.90992e-11 (-1670)
----- Add fac. cuts : R1C(191), max.viol = 0.404278, aver.viol = 0.221518, sep/add took 0.24/0.55 sec. -----
5683 columns (5683 active), 400 dyn. constrs. (400 active), 671 art. vars. (671 active)
<DWph=2> <it= 10> <et=85.55> <Mt= 2.37> <Spt= 0.31> <nCl= 20> <DB=-1672.0740> <Mlp=-1655.8247> <PB=-1669> 
<DWph=2> <it= 20> <et=86.83> <Mt= 0.83> <Spt= 0.30> <nCl= 20> <DB=-1669.3718> <Mlp=-1663.4726> <PB=-1669> 
<DWph=2> <it= 28> <et=87.66> <Mt= 0.49> <Spt= 0.23> <nCl= 12> <DB=-1669.5235> <Mlp=-1666.5845> <PB=-1669> 
<DWph=1> <it= 30> <et=87.89> <Mt= 0.11> <Spt= 0.08> <nCl=  4> <DB=-1677.2141> <Mlp=-1667.0809> <PB=-1669> 
<DWph=1> <it= 40> <et=89.35> <Mt= 0.86> <Spt= 0.43> <nCl= 18> <DB=-1675.8844> <Mlp=-1668.8631> <PB=-1669> 
<DWph=1> <it= 50> <et=90.71> <Mt= 0.74> <Spt= 0.45> <nCl= 20> <DB=-1674.5694> <Mlp=-1669.8674> <PB=-1669> 
<DWph=1> <it= 57> <et=91.42> <Mt= 0.20> <Spt= 0.36> <nCl=  8> <DB=-1670.0000> <Mlp=-1670.0000> <PB=-1669> 
<DWph=0> <it= 58> <et=91.43> <Mt= 0.01> <Spt= 0.00> <nCl=  0> <DB=-1670.0000> <Mlp=-1670.0000> <PB=-1669> 
ColGenEvalAlg final dual bound: -1670 (rounded: -1670)
Gap improvement since the last cut separation : -1.75076e-11 (-1670)
----- Add fac. cuts : R1C(298), max.viol = 0.450758, aver.viol = 0.255416, sep/add took 0.48/0.96 sec. -----
5843 columns (5843 active), 698 dyn. constrs. (698 active), 969 art. vars. (969 active)
<DWph=2> <it= 10> <et=99.69> <Mt= 6.41> <Spt= 0.27> <nCl= 20> <DB=-1675.0173> <Mlp=-1651.8452> <PB=-1669> 
<DWph=2> <it= 20> <et=102.14> <Mt= 2.06> <Spt= 0.26> <nCl= 18> <DB=-1666.2691> <Mlp=-1657.9956> <PB=-1669> 
<DWph=2> <it= 30> <et=104.61> <Mt= 1.99> <Spt= 0.33> <nCl= 17> <DB=-1672.8107> <Mlp=-1662.1723> <PB=-1669> 
<DWph=2> <it= 40> <et=107.39> <Mt= 2.20> <Spt= 0.39> <nCl= 18> <DB=-1668.5534> <Mlp=-1665.0979> <PB=-1669> 
<DWph=2> <it= 50> <et=109.43> <Mt= 1.44> <Spt= 0.41> <nCl= 16> <DB=-1677.6225> <Mlp=-1665.8891> <PB=-1669> 
<DWph=2> <it= 53> <et=109.90> <Mt= 0.35> <Spt= 0.07> <nCl=  3> <DB=-1672.7665> <Mlp=-1666.0231> <PB=-1669> 
<DWph=1> <it= 60> <et=111.72> <Mt= 1.36> <Spt= 0.33> <nCl= 13> <DB=-1674.7279> <Mlp=-1667.1578> <PB=-1669> 
<DWph=1> <it= 70> <et=114.86> <Mt= 2.43> <Spt= 0.52> <nCl= 20> <DB=-1678.2215> <Mlp=-1668.5670> <PB=-1669> 
<DWph=1> <it= 80> <et=117.51> <Mt= 1.88> <Spt= 0.55> <nCl= 20> <DB=-1681.5620> <Mlp=-1669.4184> <PB=-1669> 
<DWph=1> <it= 90> <et=119.77> <Mt= 1.47> <Spt= 0.58> <nCl= 18> <DB=-1673.1975> <Mlp=-1669.7595> <PB=-1669> 
<DWph=1> <it=100> <et=121.87> <Mt= 1.27> <Spt= 0.62> <nCl= 18> <DB=-1673.9858> <Mlp=-1670.0000> <PB=-1669> 
<DWph=1> <it=105> <et=122.66> <Mt= 0.09> <Spt= 0.50> <nCl=  4> <DB=-1670.0000> <Mlp=-1670.0000> <PB=-1669> 
<DWph=0> <it=106> <et=122.67> <Mt= 0.02> <Spt= 0.00> <nCl=  0> <DB=-1670.0000> <Mlp=-1670.0000> <PB=-1669> 
ColGenEvalAlg final dual bound: -1670 (rounded: -1670)
Gap improvement since the last cut separation : 3.61521e-11 (-1670)
----- Add fac. cuts : R1C(182), max.viol = 0.25071, aver.viol = 0.160588, sep/add took 0.5/0.65 sec. -----
6116 columns (6116 active), 880 dyn. constrs. (880 active), 1151 art. vars. (1151 active)
<DWph=2> <it= 10> <et=136.29> <Mt=11.92> <Spt= 0.37> <nCl= 20> <DB=-1678.9076> <Mlp=-1660.3478> <PB=-1669> 
<DWph=2> <it= 20> <et=141.14> <Mt= 4.26> <Spt= 0.41> <nCl= 19> <DB=-1678.0897> <Mlp=-1663.8800> <PB=-1669> 
<DWph=2> <it= 30> <et=145.22> <Mt= 3.42> <Spt= 0.47> <nCl= 20> <DB=-1674.9916> <Mlp=-1666.0926> <PB=-1669> 
<DWph=2> <it= 40> <et=149.09> <Mt= 3.11> <Spt= 0.53> <nCl= 18> <DB=-1669.0041> <Mlp=-1667.3823> <PB=-1669> 
<DWph=2> <it= 44> <et=151.45> <Mt= 2.06> <Spt= 0.21> <nCl=  6> <DB=-1678.9013> <Mlp=-1668.0792> <PB=-1669> 
<DWph=1> <it= 50> <et=153.17> <Mt= 1.16> <Spt= 0.42> <nCl= 12> <DB=-1673.3079> <Mlp=-1668.4195> <PB=-1669> 
<DWph=1> <it= 60> <et=156.36> <Mt= 2.21> <Spt= 0.73> <nCl= 17> <DB=-1675.7323> <Mlp=-1668.7861> <PB=-1669> 
<DWph=1> <it= 70> <et=160.87> <Mt= 3.48> <Spt= 0.76> <nCl= 19> <DB=-1671.7747> <Mlp=-1669.2253> <PB=-1669> 
<DWph=1> <it= 80> <et=164.95> <Mt= 3.02> <Spt= 0.79> <nCl= 19> <DB=-1673.8738> <Mlp=-1669.5223> <PB=-1669> 
<DWph=1> <it= 90> <et=169.99> <Mt= 3.93> <Spt= 0.83> <nCl= 18> <DB=-1671.5880> <Mlp=-1669.6308> <PB=-1669> 
<DWph=1> <it=100> <et=173.52> <Mt= 2.39> <Spt= 0.84> <nCl= 24> <DB=-1673.1477> <Mlp=-1669.7081> <PB=-1669> 
<DWph=1> <it=110> <et=177.05> <Mt= 2.36> <Spt= 0.88> <nCl= 26> <DB=-1670.9686> <Mlp=-1669.8150> <PB=-1669> 
<DWph=1> <it=120> <et=180.42> <Mt= 2.19> <Spt= 0.89> <nCl= 16> <DB=-1674.2515> <Mlp=-1669.9143> <PB=-1669> 
<DWph=1> <it=127> <et=184.20> <Mt= 2.91> <Spt= 0.65> <nCl= 11> <DB=-1670.0000> <Mlp=-1670.0000> <PB=-1669> 
<DWph=0> <it=128> <et=184.22> <Mt= 0.02> <Spt= 0.00> <nCl=  0> <DB=-1670.0000> <Mlp=-1670.0000> <PB=-1669> 
ColGenEvalAlg final dual bound: -1670 (rounded: -1670)
Gap improvement since the last cut separation : -2.72391e-10 (-1670)
----- Cut generation is stopped due to tailing off -----
----------- Diving heuristic started -----------
<DWph=2> <it=  1> <et=184.26> <Mt= 0.03> <Spt= 0.00> <nCl=  0> <DB=-1670.0000> <Mlp=-1670.0000> <PB=-1669> 
<DWph=1> <it=  2> <et=184.28> <Mt= 0.02> <Spt= 0.00> <nCl=  0> <DB=-1670.0000> <Mlp=-1670.0000> <PB=-1669> 
---- Diving heuristic node with dive number = 0, fix depth = 1 and tabu list size = 0
Fixed projected solution = [t_2_2_2_2_OspV=1, x_2_2_40_2_OspV=1, x_2_3_58_2_OspV=1, x_2_4_5_2_OspV=1, x_2_4_12_2_OspV=1, x_2_5_13_2_OspV=1, x_2_12_20_2_OspV=1, x_2_13_21_2_OspV=1, x_2_20_28_2_OspV=1, x_2_21_29_2_OspV=1, x_2_28_36_2_OspV=1, x_2_29_30_2_OspV=1, x_2_30_38_2_OspV=1, x_2_36_44_2_OspV=1, x_2_37_38_2_OspV=1, x_2_37_45_2_OspV=1, x_2_40_48_2_OspV=1, x_2_44_52_2_OspV=1, x_2_45_53_2_OspV=1, x_2_47_48_2_OspV=1, x_2_47_55_2_OspV=1, x_2_52_60_2_OspV=1, x_2_53_54_2_OspV=1, x_2_54_55_2_OspV=1, x_2_58_59_2_OspV=1, x_2_59_67_2_OspV=1, x_2_60_61_2_OspV=1, x_2_61_62_2_OspV=1, x_2_62_63_2_OspV=1, x_2_63_64_2_OspV=1, x_2_64_65_2_OspV=1, x_2_65_66_2_OspV=1, x_2_66_67_2_OspV=1, y_2_3_2_2_OspV=1]
<DWph=2> <it= 10> <et=189.14> <Mt= 4.63> <Spt= 0.08> <nCl= 10> <DB=-2101.7483> <Mlp=-1245.0000> <PB=-1669> 
<DWph=2> <it= 20> <et=189.52> <Mt= 0.21> <Spt= 0.07> <nCl= 10> <DB=-1851.2942> <Mlp=-1245.0000> <PB=-1669> 
<DWph=2> <it= 30> <et=189.90> <Mt= 0.20> <Spt= 0.08> <nCl= 10> <DB=-1764.9298> <Mlp=-1245.0000> <PB=-1669> 
<DWph=2> <it= 40> <et=190.31> <Mt= 0.24> <Spt= 0.07> <nCl= 10> <DB=-1766.5437> <Mlp=-1245.0000> <PB=-1669> 
<DWph=2> <it= 50> <et=190.67> <Mt= 0.19> <Spt= 0.07> <nCl= 10> <DB=-1758.6950> <Mlp=-1245.0000> <PB=-1669> 
<DWph=2> <it= 60> <et=191.10> <Mt= 0.25> <Spt= 0.08> <nCl= 10> <DB=-1811.6401> <Mlp=-1245.0000> <PB=-1669> 
<DWph=2> <it= 70> <et=191.47> <Mt= 0.20> <Spt= 0.07> <nCl= 10> <DB=-1764.4708> <Mlp=-1245.0000> <PB=-1669> 
<DWph=2> <it= 80> <et=191.83> <Mt= 0.19> <Spt= 0.07> <nCl= 10> <DB=-1757.5439> <Mlp=-1245.0000> <PB=-1669> 
<DWph=2> <it= 90> <et=192.24> <Mt= 0.23> <Spt= 0.08> <nCl= 10> <DB=-3050.1336> <Mlp=-1245.0000> <PB=-1669> 
<DWph=2> <it=100> <et=192.64> <Mt= 0.23> <Spt= 0.07> <nCl= 10> <DB=-1845.7250> <Mlp=-1245.0000> <PB=-1669> 
<DWph=2> <it=110> <et=193.00> <Mt= 0.19> <Spt= 0.08> <nCl= 10> <DB=-1819.2453> <Mlp=-1245.0000> <PB=-1669> 
<DWph=2> <it=120> <et=193.39> <Mt= 0.21> <Spt= 0.07> <nCl= 10> <DB=-1782.7999> <Mlp=-1245.0000> <PB=-1669> 
<DWph=2> <it=130> <et=193.75> <Mt= 0.18> <Spt= 0.07> <nCl= 10> <DB=-1771.0833> <Mlp=-1245.0000> <PB=-1669> 
<DWph=2> <it=140> <et=194.12> <Mt= 0.20> <Spt= 0.08> <nCl= 10> <DB=-1755.4575> <Mlp=-1245.0000> <PB=-1669> 
<DWph=2> <it=150> <et=194.51> <Mt= 0.22> <Spt= 0.07> <nCl= 10> <DB=-1798.5726> <Mlp=-1245.0000> <PB=-1669> 
<DWph=2> <it=160> <et=194.93> <Mt= 0.24> <Spt= 0.08> <nCl= 10> <DB=-1795.5011> <Mlp=-1397.5000> <PB=-1669> 
<DWph=2> <it=170> <et=195.62> <Mt= 0.50> <Spt= 0.08> <nCl= 10> <DB=-1905.8171> <Mlp=-1397.5000> <PB=-1669> 
<DWph=2> <it=180> <et=196.06> <Mt= 0.25> <Spt= 0.08> <nCl= 10> <DB=-1846.1525> <Mlp=-1397.5000> <PB=-1669> 
<DWph=2> <it=190> <et=196.55> <Mt= 0.30> <Spt= 0.08> <nCl= 10> <DB=-1774.0454> <Mlp=-1397.5000> <PB=-1669> 
<DWph=2> <it=200> <et=196.99> <Mt= 0.26> <Spt= 0.08> <nCl= 10> <DB=-1768.0544> <Mlp=-1397.5000> <PB=-1669> 
<DWph=2> <it=210> <et=197.45> <Mt= 0.26> <Spt= 0.08> <nCl= 10> <DB=-1845.1556> <Mlp=-1397.5000> <PB=-1669> 
<DWph=2> <it=220> <et=197.93> <Mt= 0.30> <Spt= 0.08> <nCl= 10> <DB=-1769.6635> <Mlp=-1397.5000> <PB=-1669> 
<DWph=2> <it=230> <et=198.37> <Mt= 0.25> <Spt= 0.08> <nCl= 10> <DB=-1836.1122> <Mlp=-1397.5000> <PB=-1669> 
<DWph=2> <it=240> <et=198.82> <Mt= 0.27> <Spt= 0.08> <nCl= 10> <DB=-1759.7912> <Mlp=-1397.5000> <PB=-1669> 
<DWph=2> <it=250> <et=199.32> <Mt= 0.30> <Spt= 0.08> <nCl= 10> <DB=-1758.5519> <Mlp=-1397.5000> <PB=-1669> 
<DWph=2> <it=260> <et=199.96> <Mt= 0.45> <Spt= 0.08> <nCl= 10> <DB=-1730.7709> <Mlp=-1397.5000> <PB=-1669> 
<DWph=2> <it=270> <et=200.50> <Mt= 0.36> <Spt= 0.08> <nCl= 10> <DB=-1725.4862> <Mlp=-1397.5000> <PB=-1669> 
<DWph=2> <it=280> <et=201.27> <Mt= 0.57> <Spt= 0.09> <nCl= 10> <DB=-1710.7300> <Mlp=-1397.5000> <PB=-1669> 
<DWph=2> <it=290> <et=202.05> <Mt= 0.58> <Spt= 0.08> <nCl= 10> <DB=-1903.3051> <Mlp=-1397.5000> <PB=-1669> 
<DWph=2> <it=300> <et=202.54> <Mt= 0.30> <Spt= 0.08> <nCl= 10> <DB=-1792.2693> <Mlp=-1397.5000> <PB=-1669> 
<DWph=2> <it=310> <et=203.09> <Mt= 0.35> <Spt= 0.09> <nCl= 10> <DB=-1760.9593> <Mlp=-1397.5000> <PB=-1669> 
<DWph=2> <it=320> <et=203.84> <Mt= 0.56> <Spt= 0.08> <nCl= 10> <DB=-1740.7121> <Mlp=-1438.0556> <PB=-1669> 
<DWph=2> <it=330> <et=204.25> <Mt= 0.22> <Spt= 0.08> <nCl= 10> <DB=-1769.8485> <Mlp=-1438.0556> <PB=-1669> 
<DWph=2> <it=340> <et=204.67> <Mt= 0.23> <Spt= 0.08> <nCl= 10> <DB=-1754.1579> <Mlp=-1438.0556> <PB=-1669> 
<DWph=2> <it=350> <et=205.06> <Mt= 0.17> <Spt= 0.10> <nCl= 10> <DB=-1794.6631> <Mlp=-1438.0556> <PB=-1669> 
<DWph=2> <it=360> <et=205.45> <Mt= 0.18> <Spt= 0.09> <nCl= 10> <DB=-2541.0674> <Mlp=-1438.0556> <PB=-1669> 
<DWph=2> <it=364> <et=205.62> <Mt= 0.09> <Spt= 0.04> <nCl=  4> <DB=-1324.4765> <Mlp=-1438.0556> <PB=-1669> 
<DWph=1> <it=370> <et=205.86> <Mt= 0.11> <Spt= 0.06> <nCl=  6> <DB=-1963.2920> <Mlp=-1438.0556> <PB=-1669> 
<DWph=1> <it=378> <et=206.20> <Mt= 0.16> <Spt= 0.08> <nCl=  8> <DB=-1277.7519> <Mlp=-1438.0556> <PB=-1669> 
---- Diving heuristic node with dive number = 1, fix depth = 1 and tabu list size = 1
Fixed projected solution = [t_1_3_1_1_OspV=1, x_1_1_32_1_OspV=1, x_1_3_57_1_OspV=1, x_1_20_21_1_OspV=1, x_1_20_28_1_OspV=1, x_1_21_29_1_OspV=1, x_1_24_25_1_OspV=1, x_1_24_32_1_OspV=1, x_1_25_26_1_OspV=1, x_1_26_34_1_OspV=1, x_1_28_36_1_OspV=1, x_1_29_37_1_OspV=1, x_1_34_42_1_OspV=1, x_1_36_44_1_OspV=1, x_1_37_45_1_OspV=1, x_1_42_43_1_OspV=1, x_1_43_51_1_OspV=1, x_1_44_52_1_OspV=1, x_1_45_53_1_OspV=1, x_1_51_59_1_OspV=1, x_1_52_60_1_OspV=1, x_1_53_54_1_OspV=1, x_1_54_55_1_OspV=1, x_1_55_56_1_OspV=1, x_1_56_57_1_OspV=1, x_1_59_67_1_OspV=1, x_1_60_61_1_OspV=1, x_1_61_62_1_OspV=1, x_1_62_63_1_OspV=1, x_1_63_64_1_OspV=1, x_1_64_65_1_OspV=1, x_1_65_66_1_OspV=1, x_1_66_67_1_OspV=1, y_1_1_1_1_OspV=1]
<DWph=2> <it= 10> <et=210.20> <Mt= 3.27> <Spt= 0.09> <nCl= 20> <DB=-1768.7853> <Mlp= -965.0000> <PB=-1669> 
<DWph=2> <it= 20> <et=210.58> <Mt= 0.19> <Spt= 0.09> <nCl= 20> <DB=-1728.5142> <Mlp= -965.0000> <PB=-1669> 
<DWph=2> <it= 30> <et=210.98> <Mt= 0.20> <Spt= 0.09> <nCl= 20> <DB=-2121.7678> <Mlp= -965.0000> <PB=-1669> 
<DWph=2> <it= 40> <et=211.38> <Mt= 0.20> <Spt= 0.08> <nCl= 20> <DB=-1794.7756> <Mlp= -965.0000> <PB=-1669> 
<DWph=2> <it= 50> <et=211.77> <Mt= 0.20> <Spt= 0.09> <nCl= 20> <DB=-1753.5059> <Mlp= -965.0000> <PB=-1669> 
<DWph=2> <it= 60> <et=212.19> <Mt= 0.22> <Spt= 0.09> <nCl= 20> <DB=-1727.4063> <Mlp= -965.0000> <PB=-1669> 
<DWph=2> <it= 70> <et=212.57> <Mt= 0.19> <Spt= 0.09> <nCl= 20> <DB=-1725.3877> <Mlp= -965.0000> <PB=-1669> 
<DWph=2> <it= 80> <et=212.98> <Mt= 0.21> <Spt= 0.08> <nCl= 20> <DB=-1740.6734> <Mlp= -965.0000> <PB=-1669> 
<DWph=2> <it= 90> <et=213.40> <Mt= 0.22> <Spt= 0.09> <nCl= 20> <DB=-1807.5028> <Mlp= -965.0000> <PB=-1669> 
<DWph=2> <it=100> <et=213.85> <Mt= 0.26> <Spt= 0.09> <nCl= 20> <DB=-1734.5200> <Mlp=-1267.5000> <PB=-1669> 
<DWph=2> <it=110> <et=214.25> <Mt= 0.19> <Spt= 0.09> <nCl= 19> <DB=-1864.5524> <Mlp=-1267.5000> <PB=-1669> 
<DWph=2> <it=120> <et=214.66> <Mt= 0.22> <Spt= 0.09> <nCl= 20> <DB=-1732.0683> <Mlp=-1267.5000> <PB=-1669> 
<DWph=2> <it=130> <et=215.07> <Mt= 0.21> <Spt= 0.08> <nCl= 20> <DB=-1725.7236> <Mlp=-1267.5000> <PB=-1669> 
<DWph=2> <it=140> <et=215.50> <Mt= 0.23> <Spt= 0.09> <nCl= 20> <DB=-1756.5327> <Mlp=-1267.5000> <PB=-1669> 
<DWph=2> <it=150> <et=215.97> <Mt= 0.27> <Spt= 0.09> <nCl= 20> <DB=-1743.2634> <Mlp=-1267.5000> <PB=-1669> 
<DWph=2> <it=160> <et=216.40> <Mt= 0.23> <Spt= 0.09> <nCl= 20> <DB=-1850.9358> <Mlp=-1267.5000> <PB=-1669> 
<DWph=2> <it=170> <et=216.83> <Mt= 0.23> <Spt= 0.08> <nCl= 20> <DB=-1742.8533> <Mlp=-1267.5000> <PB=-1669> 
<DWph=2> <it=180> <et=217.27> <Mt= 0.24> <Spt= 0.09> <nCl= 20> <DB=-1729.7976> <Mlp=-1267.5000> <PB=-1669> 
<DWph=2> <it=190> <et=217.78> <Mt= 0.31> <Spt= 0.09> <nCl= 20> <DB=-1745.4443> <Mlp=-1267.5000> <PB=-1669> 
<DWph=2> <it=200> <et=218.27> <Mt= 0.29> <Spt= 0.09> <nCl= 20> <DB=-1766.8384> <Mlp=-1267.5000> <PB=-1669> 
<DWph=2> <it=210> <et=218.78> <Mt= 0.31> <Spt= 0.09> <nCl= 20> <DB=-1718.4833> <Mlp=-1267.5000> <PB=-1669> 
<DWph=2> <it=220> <et=219.28> <Mt= 0.29> <Spt= 0.09> <nCl= 20> <DB=-1719.5570> <Mlp=-1267.5000> <PB=-1669> 
<DWph=2> <it=230> <et=219.86> <Mt= 0.37> <Spt= 0.09> <nCl= 20> <DB=-1727.4022> <Mlp=-1267.5000> <PB=-1669> 
<DWph=2> <it=240> <et=220.51> <Mt= 0.45> <Spt= 0.09> <nCl= 20> <DB=-1732.5344> <Mlp=-1267.5000> <PB=-1669> 
<DWph=2> <it=250> <et=221.13> <Mt= 0.41> <Spt= 0.09> <nCl= 20> <DB=-1727.4920> <Mlp=-1267.5000> <PB=-1669> 
<DWph=2> <it=260> <et=221.73> <Mt= 0.40> <Spt= 0.08> <nCl= 20> <DB=-1781.8263> <Mlp=-1267.5000> <PB=-1669> 
<DWph=2> <it=270> <et=222.26> <Mt= 0.32> <Spt= 0.09> <nCl= 20> <DB=-1800.4160> <Mlp=-1267.5000> <PB=-1669> 
<DWph=2> <it=280> <et=222.86> <Mt= 0.40> <Spt= 0.09> <nCl= 20> <DB=-1728.9216> <Mlp=-1267.5000> <PB=-1669> 
<DWph=2> <it=290> <et=223.47> <Mt= 0.40> <Spt= 0.09> <nCl= 20> <DB=-1775.8244> <Mlp=-1267.5000> <PB=-1669> 
<DWph=2> <it=300> <et=224.08> <Mt= 0.41> <Spt= 0.09> <nCl= 20> <DB=-1716.0656> <Mlp=-1267.5000> <PB=-1669> 
<DWph=2> <it=310> <et=224.51> <Mt= 0.22> <Spt= 0.09> <nCl= 20> <DB=-1765.0667> <Mlp=-1267.5000> <PB=-1669> 
<DWph=2> <it=320> <et=225.01> <Mt= 0.29> <Spt= 0.09> <nCl= 20> <DB=-1774.5344> <Mlp=-1267.5000> <PB=-1669> 
<DWph=2> <it=330> <et=225.56> <Mt= 0.34> <Spt= 0.09> <nCl= 20> <DB=-2196.9621> <Mlp=-1267.5000> <PB=-1669> 
<DWph=2> <it=340> <et=226.10> <Mt= 0.34> <Spt= 0.09> <nCl= 20> <DB=-1712.2478> <Mlp=-1267.5000> <PB=-1669> 
<DWph=2> <it=350> <et=226.54> <Mt= 0.23> <Spt= 0.09> <nCl= 20> <DB=-1473.9371> <Mlp=-1267.5000> <PB=-1669> 
<DWph=2> <it=360> <et=226.91> <Mt= 0.16> <Spt= 0.09> <nCl= 12> <DB=-1267.5000> <Mlp=-1267.5000> <PB=-1669> 
<DWph=1> <it=364> <et=227.04> <Mt= 0.07> <Spt= 0.05> <nCl=  7> <DB=-1595.6250> <Mlp=-1267.5000> <PB=-1669> 
**** Strong branching phase 1 is started *****
SB phase 1 cand.  1 branch on var g_0_31_OmastV (lhs=0.5985): [-1668.4942, -1656.7885], score = 19.89      <et=237.4>
SB phase 1 cand.  2 branch on var g_0_40_OmastV (lhs=0.4015): [-1665.5947, -1662.9090], score = 31.24      <et=249.5>
SB phase 1 cand.  3 branch on x_26_34 (lhs=0.5077)          : [-1663.1407, -1656.3321], score = 93.75      <et=260.12>
SB phase 1 cand.  4 branch on x_37_38 (lhs=0.5090)          : [-1661.0763, -1660.2105], score = 87.36      <et=272.43>
SB phase 1 cand.  5 branch on x_42_43 (lhs=0.5122)          : [-1664.1728, -1651.5644], score = 107.43      <et=283.71>
SB phase 1 cand.  6 branch on x_15_23 (lhs=0.4844)          : [-1663.5501, -1639.7568], score = 195.07      <et=295.11>
SB phase 1 cand.  7 branch on x_50_51 (lhs=0.4792)          : [-1665.4243, -1648.7108], score = 97.41      <et=306.07>
SB phase 1 cand.  8 branch on x_34_35 (lhs=0.4769)          : [-1664.4143, -1646.7378], score = 129.93      <et=317.51>
SB phase 1 cand. 16 branch on x_55_56 (lhs=0.5625)          : [-1659.7590, -1654.9786], score = 153.83      <et=412.12>
SB phase 1 cand. 23 branch on x_14_15 (lhs=0.5912)          : [-1661.8675, -1650.7406], score = 156.63      <et=496.09>
SB phase 1 cand. 38 branch on x_17_18 (lhs=0.6302)          : [-1657.7995, -1656.2471], score = 167.79      <et=676.66>
SB phase 1 cand. 46 branch on x_44_45 (lhs=0.3498)          : [-1663.3019, -1639.7631], score = 202.53      <et=775.33>
**** Strong branching phase 2 is started *****
<DWph=1> <it=123> <et=1465.01> <Mt=34.95> <Spt= 6.65> <nCl=237> <DB=-1676.8642> <Mlp=-1669.2725> <PB=-1669> 
<DWph=1> <it= 88> <et=1496.68> <Mt=24.71> <Spt= 4.64> <nCl=167> <DB=-1671.4242> <Mlp=-1669.8968> <PB=-1669> 
SB phase 2 cand.  1 branch on x_44_45 (lhs=0.3498): [-1669.8968, -1669.2725], score = 0.08      <et=1496.69>
<DWph=1> <it=132> <et=1546.52> <Mt=37.32> <Spt= 8.43> <nCl=269> <DB=-1672.0812> <Mlp=-1669.8480> <PB=-1669> 
<DWph=1> <it=100> <et=1581.14> <Mt=26.16> <Spt= 5.51> <nCl=188> <DB=-1670.7206> <Mlp=-1670.0000> <PB=-1669> 
SB phase 2 cand.  2 branch on x_15_23 (lhs=0.4844): [-1670.0000, -1669.8480], score = 0.00      <et=1581.15>
<DWph=1> <it=130> <et=1630.31> <Mt=36.83> <Spt= 7.90> <nCl=246> <DB=-1672.5701> <Mlp=-1669.9760> <PB=-1669> 
<DWph=1> <it=103> <et=1668.33> <Mt=28.57> <Spt= 5.87> <nCl=218> <DB=-1674.7158> <Mlp=-1668.9588> <PB=-1669> 
SB phase 2 cand.  3 branch on x_17_18 (lhs=0.6302): [-1669.9760, -1668.9588], score = 0.02      <et=1668.34>
**** Strong branching phase 3 is started *****
**** SB phase 3 evaluation of candidate 1, branch 1 ( x_44_45 >= 1 ), value = -1669.27
<DWph=2> <it=  1> <et=1668.55> <Mt= 0.02> <Spt= 0.07> <nCl=  1> <DB=-1667.2576> <Mlp=-1669.2725> <PB=-1669> 
<DWph=1> <it=  8> <et=1670.37> <Mt= 0.92> <Spt= 0.59> <nCl= 13> <DB=-1669.2204> <Mlp=-1669.3255> <PB=-1669> 
ColGenEvalAlg final dual bound: -1670 (rounded: -1670)
----- Add fac. cuts : R1C(162), max.viol = 0.308351, aver.viol = 0.198934, sep/add took 0.03/0.68 sec. -----
8575 columns (7098 active), 1048 dyn. constrs. (1043 active), 1319 art. vars. (1314 active)
<DWph=2> <it= 10> <et=2329.99> <Mt=68.98> <Spt=589.32> <nCl=319> <DB=-1670.0784> <Mlp=-1658.4994> <PB=-1669> 
<DWph=2> <it= 20> <et=2337.92> <Mt= 6.54> <Spt= 0.84> <nCl= 17> <DB=-1668.3106> <Mlp=-1661.6098> <PB=-1669> 
<DWph=2> <it= 30> <et=2344.46> <Mt= 5.10> <Spt= 0.88> <nCl= 17> <DB=-1679.5150> <Mlp=-1663.3348> <PB=-1669> 
<DWph=2> <it= 38> <et=2351.37> <Mt= 5.77> <Spt= 0.69> <nCl= 11> <DB=-1673.5681> <Mlp=-1665.0955> <PB=-1669> 
<DWph=1> <it= 40> <et=2352.78> <Mt= 1.08> <Spt= 0.21> <nCl=  4> <DB=-1682.0358> <Mlp=-1665.5068> <PB=-1669> 
<DWph=1> <it= 50> <et=2360.69> <Mt= 6.26> <Spt= 1.06> <nCl= 16> <DB=-1682.2359> <Mlp=-1666.4662> <PB=-1669> 
<DWph=1> <it= 60> <et=2368.33> <Mt= 5.91> <Spt= 1.12> <nCl= 19> <DB=-1673.2786> <Mlp=-1667.2755> <PB=-1669> 
<DWph=1> <it= 70> <et=2380.80> <Mt=10.72> <Spt= 1.13> <nCl= 16> <DB=-1673.7816> <Mlp=-1667.8875> <PB=-1669> 
<DWph=1> <it= 80> <et=2387.53> <Mt= 4.94> <Spt= 1.16> <nCl= 19> <DB=-1674.2326> <Mlp=-1668.2073> <PB=-1669> 
<DWph=1> <it= 90> <et=2392.96> <Mt= 3.58> <Spt= 1.21> <nCl= 19> <DB=-1681.7576> <Mlp=-1668.4816> <PB=-1669> 
<DWph=1> <it=100> <et=2401.44> <Mt= 6.61> <Spt= 1.21> <nCl= 17> <DB=-1672.9496> <Mlp=-1668.7378> <PB=-1669> 
<DWph=1> <it=110> <et=2407.84> <Mt= 4.52> <Spt= 1.24> <nCl= 17> <DB=-1668.9835> <Mlp=-1668.9102> <PB=-1669> 
<DWph=1> <it=119> <et=2410.90> <Mt= 1.20> <Spt= 1.20> <nCl= 14> <DB=-1668.5165> <Mlp=-1668.9279> <PB=-1669> 
ColGenEvalAlg final dual bound: -1670 (rounded: -1670)
----- Column generation is interrupted by the pricing solver, we do rollback to the point before the latest cut generation round
**** SB phase 3 evaluation of candidate 1, branch 2 ( x_44_45 <= 0 ), value = -1669.9
<DWph=2> <it=  1> <et=2461.64> <Mt= 0.02> <Spt= 0.06> <nCl=  2> <DB=-1667.6640> <Mlp=-1669.8968> <PB=-1669> 
<DWph=1> <it= 10> <et=2463.74> <Mt= 1.12> <Spt= 0.66> <nCl= 16> <DB=-1671.7670> <Mlp=-1669.9317> <PB=-1669> 
<DWph=1> <it= 17> <et=2466.18> <Mt= 1.77> <Spt= 0.46> <nCl= 12> <DB=-1672.6066> <Mlp=-1670.0000> <PB=-1669> 
<DWph=0> <it= 18> <et=2466.20> <Mt= 0.02> <Spt= 0.00> <nCl=  0> <DB=-1670.0000> <Mlp=-1670.0000> <PB=-1669> 
ColGenEvalAlg final dual bound: -1670 (rounded: -1670)
----- Add fac. cuts : R1C(174), max.viol = 0.26229, aver.viol = 0.173369, sep/add took 0.03/0.68 sec. -----
7639 columns (6710 active), 1218 dyn. constrs. (1055 active), 1489 art. vars. (1326 active)
<DWph=2> <it= 10> <et=2484.70> <Mt=16.54> <Spt= 0.80> <nCl= 27> <DB=-1671.9360> <Mlp=-1657.1576> <PB=-1669> 
<DWph=2> <it= 20> <et=2491.23> <Mt= 5.14> <Spt= 0.91> <nCl= 20> <DB=-1673.0801> <Mlp=-1661.0888> <PB=-1669> 
<DWph=2> <it= 30> <et=2498.56> <Mt= 6.04> <Spt= 0.83> <nCl= 18> <DB=-1666.7208> <Mlp=-1663.9677> <PB=-1669> 
<DWph=2> <it= 37> <et=2501.69> <Mt= 2.35> <Spt= 0.50> <nCl= 10> <DB=-1676.0834> <Mlp=-1664.6498> <PB=-1669> 
<DWph=1> <it= 40> <et=2503.02> <Mt= 0.87> <Spt= 0.32> <nCl=  6> <DB=-1679.1011> <Mlp=-1664.8565> <PB=-1669> 
<DWph=1> <it= 50> <et=2507.99> <Mt= 3.42> <Spt= 1.07> <nCl= 21> <DB=-1680.2764> <Mlp=-1665.6441> <PB=-1669> 
<DWph=1> <it= 60> <et=2514.39> <Mt= 4.80> <Spt= 1.09> <nCl= 19> <DB=-1674.2713> <Mlp=-1666.3322> <PB=-1669> 
<DWph=1> <it= 70> <et=2526.36> <Mt=10.35> <Spt= 1.12> <nCl= 23> <DB=-1675.2042> <Mlp=-1667.2676> <PB=-1669> 
<DWph=1> <it= 80> <et=2533.16> <Mt= 5.15> <Spt= 1.14> <nCl= 20> <DB=-1677.5827> <Mlp=-1668.0955> <PB=-1669> 
<DWph=1> <it= 90> <et=2537.93> <Mt= 3.12> <Spt= 1.13> <nCl= 15> <DB=-1676.3931> <Mlp=-1668.3655> <PB=-1669> 
<DWph=1> <it=100> <et=2541.65> <Mt= 2.08> <Spt= 1.13> <nCl= 17> <DB=-1673.2430> <Mlp=-1668.5227> <PB=-1669> 
<DWph=1> <it=110> <et=2544.91> <Mt= 1.61> <Spt= 1.12> <nCl= 16> <DB=-1671.6625> <Mlp=-1668.5808> <PB=-1669> 
<DWph=1> <it=120> <et=2551.65> <Mt= 5.05> <Spt= 1.17> <nCl= 18> <DB=-1672.1208> <Mlp=-1669.0605> <PB=-1669> 
<DWph=1> <it=128> <et=2555.70> <Mt= 2.54> <Spt= 1.03> <nCl= 16> <DB=-1675.8440> <Mlp=-1669.1886> <PB=-1669> 
<DWph=0> <it=129> <et=2605.85> <Mt= 0.04> <Spt=50.11> <nCl=  0> <DB=-1670.0000> <Mlp=-1669.1886> <PB=-1669> 
ColGenEvalAlg final dual bound: -1670 (rounded: -1670)
----- Column generation is interrupted by the pricing solver, we do rollback to the point before the latest cut generation round
SB exact phase 3 branch on x_44_45 (lhs=0.349779) : [-1670, -1670], tree depth = 1e+12, tree size = 1e+12, score = -1e+12
************************************************************************************************
**** BaB tree node (N° 2, parent N° 1, depth 1)
**** Local DB = -1670, global bounds : [ -1670 , -1669 ], TIME = 0h43m26s3t = 260603
**** 2 open nodes, 7651 columns (7006 active), 1056 dyn. constrs. (1055 active), 1327 art. vars. (1326 active)
************************************************************************************************
**** Strong branching phase 1 is started *****
SB phase 1 cand.  1 branch on x_17_18 (lhs=0.4842)          : [-1661.1268, -1654.7567], score = 135.26 (h)  <et=2638.54>
SB phase 1 cand.  2 branch on x_46_54 (lhs=0.4946)          : [-1668.1940, -1658.2405], score = 21.24      <et=2671.37>
SB phase 1 cand.  3 branch on x_15_23 (lhs=0.4796)          : [-1665.2898, -1648.6980], score = 100.34 (h)  <et=2704.14>
SB phase 1 cand.  4 branch on x_33_41 (lhs=0.5105)          : [-1666.4088, -1661.4099], score = 30.85      <et=2737.72>
SB phase 1 cand.  5 branch on x_26_27 (lhs=0.3799)          : [-1667.5190, -1644.0474], score = 64.39 (h)  <et=2771.05>
SB phase 1 cand.  8 branch on x_55_56 (lhs=0.4736)          : [-1663.2236, -1659.3794], score = 71.97      <et=2863.2>
SB phase 1 cand. 23 branch on x_16_24 (lhs=0.5299)          : [-1663.8797, -1657.7337], score = 75.07 (h)  <et=3336.8>
SB phase 1 cand. 25 branch on x_16_17 (lhs=0.5259)          : [-1660.9560, -1656.0581], score = 126.09 (h)  <et=3392.44>
SB phase 1 cand. 47 branch on x_29_37 (lhs=0.5957)          : [-1659.3577, -1655.2875], score = 156.58 (h)  <et=4100.49>
**** Strong branching phase 2 is started *****
<DWph=1> <it=130> <et=5892.74> <Mt=72.25> <Spt=12.73> <nCl=242> <DB=-1674.9743> <Mlp=-1669.6956> <PB=-1669> 
<DWph=1> <it= 84> <et=5931.22> <Mt=26.57> <Spt= 7.76> <nCl=153> <DB=-1671.4120> <Mlp=-1669.5526> <PB=-1669> 
SB phase 2 cand.  1 branch on x_29_37 (lhs=0.5957): [-1669.6956, -1669.5526], score = 0.14 (h)  <et=5931.23>
<DWph=1> <it=130> <et=6027.79> <Mt=76.13> <Spt=13.56> <nCl=245> <DB=-1676.9152> <Mlp=-1669.8768> <PB=-1669> 
<DWph=1> <it= 81> <et=6070.28> <Mt=30.00> <Spt= 8.09> <nCl=157> <DB=-1668.8347> <Mlp=-1668.9890> <PB=-1669> 
SB phase 2 cand.  2 branch on x_17_18 (lhs=0.4842): [-1669.8768, -1668.9890], score = 0.12 (h)  <et=6070.29>
<DWph=1> <it= 95> <et=6115.38> <Mt=30.10> <Spt= 9.55> <nCl=179> <DB=-1669.0700> <Mlp=-1669.1994> <PB=-1669> 
<DWph=1> <it= 84> <et=6176.83> <Mt=48.59> <Spt= 8.05> <nCl=158> <DB=-1674.8018> <Mlp=-1669.7022> <PB=-1669> 
SB phase 2 cand.  3 branch on x_16_17 (lhs=0.5259): [-1669.7022, -1669.1994], score = 0.24 (h)  <et=6176.84>
**** Strong branching phase 3 is started *****
**** SB phase 3 evaluation of candidate 1, branch 1 ( x_16_17 >= 1 ), value = -1669.2
<DWph=2> <it=  1> <et=6177.08> <Mt= 0.03> <Spt= 0.08> <nCl=  1> <DB=-1668.0620> <Mlp=-1669.1994> <PB=-1669> 
<DWph=1> <it=  6> <et=6179.27> <Mt= 1.28> <Spt= 0.58> <nCl=  9> <DB=-1679.7077> <Mlp=-1669.3796> <PB=-1669> 
ColGenEvalAlg final dual bound: -1670 (rounded: -1670)
----- Add fac. cuts : R1C(165), max.viol = 0.312988, aver.viol = 0.201502, sep/add took 0.03/0.78 sec. -----
9829 columns (8293 active), 1053 dyn. constrs. (1047 active), 1324 art. vars. (1318 active)
<DWph=2> <it= 10> <et=6698.97> <Mt=49.74> <Spt=468.24> <nCl=920> <DB=-1677.6479> <Mlp=-1663.3559> <PB=-1669> 
<DWph=2> <it= 20> <et=6711.75> <Mt=11.22> <Spt= 0.88> <nCl= 23> <DB=-1672.8277> <Mlp=-1665.2171> <PB=-1669> 
<DWph=2> <it= 26> <et=6717.38> <Mt= 4.66> <Spt= 0.54> <nCl= 12> <DB=-1673.0409> <Mlp=-1666.6051> <PB=-1669> 
<DWph=1> <it= 30> <et=6719.48> <Mt= 1.38> <Spt= 0.44> <nCl=  8> <DB=-1673.2578> <Mlp=-1666.8230> <PB=-1669> 
<DWph=1> <it= 40> <et=6727.81> <Mt= 6.48> <Spt= 1.10> <nCl= 14> <DB=-1674.0132> <Mlp=-1668.0977> <PB=-1669> 
<DWph=1> <it= 50> <et=6735.25> <Mt= 5.58> <Spt= 1.14> <nCl= 18> <DB=-1670.8196> <Mlp=-1668.5956> <PB=-1669> 
<DWph=1> <it= 60> <et=6743.54> <Mt= 6.40> <Spt= 1.14> <nCl= 17> <DB=-1673.6398> <Mlp=-1669.0633> <PB=-1669> 
<DWph=1> <it= 70> <et=6750.04> <Mt= 4.26> <Spt= 1.36> <nCl= 19> <DB=-1674.4679> <Mlp=-1669.3581> <PB=-1669> 
<DWph=1> <it= 79> <et=6758.03> <Mt= 6.27> <Spt= 1.04> <nCl= 15> <DB=-1666.8997> <Mlp=-1669.4964> <PB=-1669> 
ColGenEvalAlg final dual bound: -1670 (rounded: -1670)
----- Column generation is interrupted by the pricing solver, we do rollback to the point before the latest cut generation round
**** SB phase 3 evaluation of candidate 1, branch 2 ( x_16_17 <= 0 ), value = -1669.7
<DWph=2> <it=  2> <et=6808.93> <Mt= 0.10> <Spt= 0.17> <nCl=  4> <DB=-1667.3920> <Mlp=-1669.7022> <PB=-1669> 
<DWph=1> <it=  7> <et=6810.67> <Mt= 0.78> <Spt= 0.61> <nCl= 11> <DB=-1669.6129> <Mlp=-1669.7162> <PB=-1669> 
<DWph=0> <it=  9> <et=7002.70> <Mt=32.40> <Spt=159.57> <nCl=300> <DB=-1670.0000> <Mlp=-1670.0000> <PB=-1669> 
ColGenEvalAlg final dual bound: -1670 (rounded: -1670)
----- Add fac. cuts : R1C(153), max.viol = 0.247732, aver.viol = 0.182765, sep/add took 0.03/0.73 sec. -----
9293 columns (7634 active), 1202 dyn. constrs. (1035 active), 1473 art. vars. (1306 active)
<DWph=2> <it= 10> <et=7027.81> <Mt=22.71> <Spt= 0.95> <nCl= 22> <DB=-1672.9657> <Mlp=-1664.9634> <PB=-1669> 
<DWph=2> <it= 20> <et=7035.54> <Mt= 5.92> <Spt= 1.07> <nCl= 17> <DB=-1680.2124> <Mlp=-1665.9995> <PB=-1669> 
<DWph=2> <it= 28> <et=7042.24> <Mt= 5.38> <Spt= 0.78> <nCl= 13> <DB=-1664.9830> <Mlp=-1666.5949> <PB=-1669> 
<DWph=1> <it= 30> <et=7043.20> <Mt= 0.60> <Spt= 0.23> <nCl=  5> <DB=-1677.6423> <Mlp=-1666.6760> <PB=-1669> 
<DWph=1> <it= 40> <et=7049.17> <Mt= 4.09> <Spt= 1.18> <nCl= 22> <DB=-1676.5609> <Mlp=-1667.0556> <PB=-1669> 
<DWph=1> <it= 50> <et=7058.22> <Mt= 7.18> <Spt= 1.18> <nCl= 21> <DB=-1679.4231> <Mlp=-1667.3540> <PB=-1669> 
<DWph=1> <it= 60> <et=7063.70> <Mt= 3.64> <Spt= 1.15> <nCl= 17> <DB=-1677.6101> <Mlp=-1667.6248> <PB=-1669> 
<DWph=1> <it= 70> <et=7069.17> <Mt= 3.63> <Spt= 1.17> <nCl= 18> <DB=-1670.1451> <Mlp=-1667.8690> <PB=-1669> 
<DWph=1> <it= 80> <et=7075.22> <Mt= 4.29> <Spt= 1.10> <nCl= 21> <DB=-1672.7384> <Mlp=-1668.0896> <PB=-1669> 
<DWph=1> <it= 90> <et=7083.12> <Mt= 6.15> <Spt= 1.08> <nCl= 18> <DB=-1668.8438> <Mlp=-1668.3749> <PB=-1669> 
<DWph=1> <it=100> <et=7091.17> <Mt= 6.15> <Spt= 1.20> <nCl= 18> <DB=-1671.3929> <Mlp=-1668.7227> <PB=-1669> 
<DWph=1> <it=110> <et=7095.90> <Mt= 3.01> <Spt= 1.06> <nCl= 15> <DB=-1673.3514> <Mlp=-1668.7884> <PB=-1669> 
<DWph=1> <it=114> <et=7098.24> <Mt= 1.84> <Spt= 0.32> <nCl=  3> <DB=-1671.3423> <Mlp=-1668.8460> <PB=-1669> 
<DWph=0> <it=115> <et=7148.98> <Mt= 0.03> <Spt=50.71> <nCl=  0> <DB=-1670.0000> <Mlp=-1668.8460> <PB=-1669> 
ColGenEvalAlg final dual bound: -1670 (rounded: -1670)
----- Column generation is interrupted by the pricing solver, we do rollback to the point before the latest cut generation round
SB exact phase 3 branch on x_16_17 (lhs=0.525883) : [-1670, -1670], tree depth = 1e+12, tree size = 1e+12, score = -1e+12 (h)
************************************************************************************************
**** BaB tree node (N° 4, parent N° 2, depth 2)
**** Local DB = -1670, global bounds : [ -1670 , -1669 ], TIME = 1h59m9s16t = 714916
**** 3 open nodes, 9364 columns (7912 active), 1037 dyn. constrs. (1035 active), 1308 art. vars. (1306 active)
************************************************************************************************
**** Strong branching phase 1 is started *****
SB phase 1 cand.  1 branch on x_29_37 (lhs=0.5899)          : [-1662.1828, -1658.5613], score = 89.42 (h)  <et=7162.38>
SB phase 1 cand.  2 branch on var g_0_31_OmastV (lhs=0.6756): [-1669.5685, -1665.6076], score = 0.43      <et=7175.51>
SB phase 1 cand.  3 branch on x_17_18 (lhs=0.5542)          : [-1665.2498, -1651.7311], score = 86.78 (h)  <et=7188.14>
SB phase 1 cand.  4 branch on x_53_54 (lhs=0.5168)          : [-1662.4948, -1658.8640], score = 83.58      <et=7199.98>
SB phase 1 cand. 16 branch on x_17_25 (lhs=0.3505)          : [-1663.4964, -1650.7318], score = 125.31      <et=7356.49>
**** Strong branching phase 2 is started *****
<DWph=1> <it= 75> <et=8441.24> <Mt=32.12> <Spt= 6.35> <nCl=139> <DB=-1669.0069> <Mlp=-1669.1023> <PB=-1669> 
<DWph=1> <it= 43> <et=8502.97> <Mt=54.74> <Spt= 3.99> <nCl= 88> <DB=-1674.5174> <Mlp=-1670.0000> <PB=-1669> 
SB phase 2 cand.  1 branch on x_17_25 (lhs=0.3505): [-1670.0000, -1669.1023], score = 0.00      <et=8502.98>
<DWph=1> <it= 68> <et=8539.70> <Mt=26.20> <Spt= 6.00> <nCl=142> <DB=-1667.8495> <Mlp=-1668.1183> <PB=-1669> 
<DWph=1> <it= 99> <et=8592.19> <Mt=35.48> <Spt=10.22> <nCl=178> <DB=-1679.0131> <Mlp=-1669.9565> <PB=-1669> 
SB phase 2 cand.  2 branch on x_29_37 (lhs=0.5899): [-1669.9565, -1668.1183], score = 0.04 (h)  <et=8592.2>
<DWph=1> <it= 74> <et=8625.73> <Mt=21.14> <Spt= 7.21> <nCl=151> <DB=-1675.6820> <Mlp=-1669.5358> <PB=-1669> 
<DWph=1> <it= 39> <et=8656.12> <Mt=22.89> <Spt= 4.29> <nCl= 75> <DB=-1670.4557> <Mlp=-1669.4423> <PB=-1669> 
SB phase 2 cand.  3 branch on x_17_18 (lhs=0.5542): [-1669.5358, -1669.4423], score = 0.26 (h)  <et=8656.13>
**** Strong branching phase 3 is started *****
**** SB phase 3 evaluation of candidate 1, branch 1 ( x_17_18 <= 0 ), value = -1669.44
<DWph=2> <it=  2> <et=8656.51> <Mt= 0.08> <Spt= 0.15> <nCl=  2> <DB=-1668.6691> <Mlp=-1669.4423> <PB=-1669> 
<DWph=1> <it= 10> <et=8660.22> <Mt= 2.43> <Spt= 0.76> <nCl= 13> <DB=-1683.3017> <Mlp=-1669.5379> <PB=-1669> 
<DWph=1> <it= 20> <et=8663.27> <Mt= 1.41> <Spt= 0.96> <nCl= 19> <DB=-1669.8884> <Mlp=-1669.6223> <PB=-1669> 
<DWph=1> <it= 23> <et=8664.28> <Mt= 0.35> <Spt= 0.38> <nCl=  6> <DB=-1673.4570> <Mlp=-1669.6352> <PB=-1669> 
<DWph=0> <it= 25> <et=8765.40> <Mt= 7.90> <Spt=93.16> <nCl=300> <DB=-1670.0000> <Mlp=-1670.0000> <PB=-1669> 
ColGenEvalAlg final dual bound: -1670 (rounded: -1670)
----- Add fac. cuts : R1C(162), max.viol = 0.269012, aver.viol = 0.172252, sep/add took 0.03/0.87 sec. -----
10466 columns (8768 active), 1052 dyn. constrs. (1045 active), 1323 art. vars. (1316 active)
<DWph=2> <it= 10> <et=8800.94> <Mt=32.94> <Spt= 0.91> <nCl= 20> <DB=-1672.3238> <Mlp=-1667.9926> <PB=-1669> 
<DWph=2> <it= 16> <et=8806.02> <Mt= 3.91> <Spt= 0.63> <nCl= 10> <DB=-1668.0274> <Mlp=-1668.1431> <PB=-1669> 
<DWph=1> <it= 20> <et=8807.50> <Mt= 0.75> <Spt= 0.43> <nCl=  8> <DB=-1677.3970> <Mlp=-1668.1575> <PB=-1669> 
<DWph=1> <it= 30> <et=8814.82> <Mt= 5.43> <Spt= 1.12> <nCl= 19> <DB=-1675.7704> <Mlp=-1668.5274> <PB=-1669> 
<DWph=1> <it= 40> <et=8821.89> <Mt= 5.13> <Spt= 1.14> <nCl= 19> <DB=-1670.8971> <Mlp=-1668.8393> <PB=-1669> 
<DWph=1> <it= 49> <et=8833.87> <Mt=10.19> <Spt= 1.07> <nCl= 19> <DB=-1679.3993> <Mlp=-1669.0094> <PB=-1669> 
ColGenEvalAlg final dual bound: -1670 (rounded: -1670)
----- Column generation is interrupted by the pricing solver, we do rollback to the point before the latest cut generation round
**** SB phase 3 evaluation of candidate 1, branch 2 ( x_17_18 >= 1 ), value = -1669.54
<DWph=2> <it=  1> <et=8884.68> <Mt= 0.03> <Spt= 0.11> <nCl=  3> <DB=-1679.9517> <Mlp=-1669.5358> <PB=-1669> 
<DWph=1> <it= 10> <et=8892.70> <Mt= 6.52> <Spt= 0.90> <nCl= 17> <DB=-1671.9169> <Mlp=-1669.8663> <PB=-1669> 
<DWph=0> <it= 22> <et=9061.01> <Mt= 1.67> <Spt=165.97> <nCl=313> <DB=-1670.0000> <Mlp=-1670.0000> <PB=-1669> 
ColGenEvalAlg final dual bound: -1670 (rounded: -1670)
----- Add fac. cuts : R1C(162), max.viol = 0.316623, aver.viol = 0.184854, sep/add took 0.03/0.9 sec. -----
10221 columns (8826 active), 1210 dyn. constrs. (1045 active), 1481 art. vars. (1316 active)
<DWph=2> <it= 10> <et=9083.16> <Mt=19.50> <Spt= 0.95> <nCl= 24> <DB=-1673.0757> <Mlp=-1658.6838> <PB=-1669> 
<DWph=2> <it= 20> <et=9094.07> <Mt= 9.19> <Spt= 0.96> <nCl= 19> <DB=-1676.2037> <Mlp=-1661.1343> <PB=-1669> 
<DWph=2> <it= 30> <et=9100.73> <Mt= 4.73> <Spt= 1.07> <nCl= 19> <DB=-1675.1386> <Mlp=-1663.8939> <PB=-1669> 
<DWph=2> <it= 36> <et=9103.48> <Mt= 1.86> <Spt= 0.50> <nCl=  9> <DB=-1669.0082> <Mlp=-1664.4977> <PB=-1669> 
<DWph=1> <it= 40> <et=9106.71> <Mt= 2.43> <Spt= 0.47> <nCl=  8> <DB=-1671.0411> <Mlp=-1665.4141> <PB=-1669> 
<DWph=1> <it= 50> <et=9113.69> <Mt= 4.75> <Spt= 1.34> <nCl= 18> <DB=-1679.7061> <Mlp=-1666.2909> <PB=-1669> 
<DWph=1> <it= 60> <et=9120.16> <Mt= 4.42> <Spt= 1.23> <nCl= 20> <DB=-1682.2523> <Mlp=-1666.9620> <PB=-1669> 
<DWph=1> <it= 70> <et=9126.25> <Mt= 4.04> <Spt= 1.24> <nCl= 22> <DB=-1683.8200> <Mlp=-1667.4545> <PB=-1669> 
<DWph=1> <it= 80> <et=9131.62> <Mt= 3.27> <Spt= 1.27> <nCl= 20> <DB=-1681.3300> <Mlp=-1667.7679> <PB=-1669> 
<DWph=1> <it= 90> <et=9137.02> <Mt= 3.26> <Spt= 1.29> <nCl= 17> <DB=-1672.9155> <Mlp=-1668.0313> <PB=-1669> 
<DWph=1> <it= 98> <et=9142.15> <Mt= 3.33> <Spt= 1.13> <nCl= 16> <DB=-1677.8320> <Mlp=-1668.2307> <PB=-1669> 
<DWph=0> <it= 99> <et=9193.69> <Mt= 1.07> <Spt=50.46> <nCl=  0> <DB=-1670.0000> <Mlp=-1668.3177> <PB=-1669> 
ColGenEvalAlg final dual bound: -1670 (rounded: -1670)
----- Column generation is interrupted by the pricing solver, we do rollback to the point before the latest cut generation round
SB exact phase 3 branch on x_17_18 (lhs=0.554237) : [-1670, -1670], tree depth = 1e+12, tree size = 1e+12, score = -1e+12 (h)
************************************************************************************************
**** BaB tree node (N° 6, parent N° 4, depth 3)
**** Local DB = -1670, global bounds : [ -1670 , -1669 ], TIME = 2h33m13s88t = 919388
**** 4 open nodes, 10351 columns (9083 active), 1048 dyn. constrs. (1045 active), 1319 art. vars. (1316 active)
************************************************************************************************
**** Strong branching phase 1 is started *****
SB phase 1 cand.  1 branch on x_29_37 (lhs=0.5943)          : [-1667.0358, -1655.2680], score = 43.67 (h)  <et=9211.42>
SB phase 1 cand.  2 branch on var g_0_31_OmastV (lhs=0.5333): [-1669.2317, -1663.7829], score = 0.77      <et=9226.89>
SB phase 1 cand.  3 branch on x_17_25 (lhs=0.7647)          : [-1668.8337, -1597.0516], score = 85.08 (h)  <et=9241.53>
SB phase 1 cand.  4 branch on x_23_24 (lhs=0.6098)          : [-1667.4682, -1666.6250], score = 8.54      <et=9256.86>
SB phase 1 cand.  5 branch on x_15_23 (lhs=0.4657)          : [-1665.4017, -1661.6738], score = 38.29 (h)  <et=9271.34>
SB phase 1 cand. 27 branch on x_14_15 (lhs=0.5651)          : [-1664.6943, -1661.0505], score = 47.48 (h)  <et=9594.25>
SB phase 1 cand. 32 branch on x_7_15 (lhs=0.2380)           : [-1668.6850, -1604.8613], score = 85.66      <et=9665.68>
SB phase 1 cand. 33 branch on x_21_29 (lhs=0.6468)          : [-1666.4908, -1655.5211], score = 50.81 (h)  <et=9680.74>
SB phase 1 cand. 34 branch on x_9_17 (lhs=0.2353)           : [-1668.8337, -1596.4354], score = 85.80      <et=9696.19>
SB phase 1 cand. 69 branch on x_53_54 (lhs=0.4946)          : [-1660.6009, -1660.3864], score = 90.36 (h)  <et=10205>
**** Strong branching phase 2 is started *****
<DWph=1> <it= 46> <et=10644.37> <Mt=15.00> <Spt= 5.16> <nCl= 92> <DB=-1667.1747> <Mlp=-1667.4507> <PB=-1669> 
<DWph=1> <it= 86> <et=10686.46> <Mt=26.56> <Spt= 8.62> <nCl=161> <DB=-1677.0470> <Mlp=-1667.9165> <PB=-1669> 
SB phase 2 cand.  1 branch on x_53_54 (lhs=0.4946): [-1667.9165, -1667.4507], score = 5.31 (h)  <et=10686.5>
<DWph=1> <it=153> <et=10765.85> <Mt=52.47> <Spt=14.82> <nCl=294> <DB=-1665.9657> <Mlp=-1665.9971> <PB=-1669> 
<DWph=1> <it= 31> <et=10783.18> <Mt=11.46> <Spt= 3.12> <nCl= 49> <DB=-1669.3113> <Mlp=-1669.6779> <PB=-1669> 
SB phase 2 cand.  2 branch on x_9_17 (lhs=0.2353) : [-1669.6779, -1665.9971], score = 0.32      <et=10783.2>
<DWph=1> <it=138> <et=10852.02> <Mt=44.02> <Spt=12.90> <nCl=270> <DB=-1675.4329> <Mlp=-1666.3230> <PB=-1669> 
<DWph=1> <it= 38> <et=10877.41> <Mt=18.35> <Spt= 3.62> <nCl= 62> <DB=-1669.4091> <Mlp=-1669.6585> <PB=-1669> 
SB phase 2 cand.  3 branch on x_7_15 (lhs=0.2380) : [-1669.6585, -1666.3230], score = 0.34      <et=10877.4>
**** Strong branching phase 3 is started *****
**** SB phase 3 evaluation of candidate 1, branch 1 ( x_53_54 >= 1 ), value = -1667.45
<DWph=2> <it=  7> <et=10879.62> <Mt= 0.94> <Spt= 0.60> <nCl=  9> <DB=-1665.2872> <Mlp=-1667.4806> <PB=-1669> 
<DWph=1> <it= 10> <et=10880.31> <Mt= 0.17> <Spt= 0.28> <nCl=  6> <DB=-1674.8339> <Mlp=-1667.4806> <PB=-1669> 
<DWph=1> <it= 20> <et=10883.87> <Mt= 2.06> <Spt= 0.78> <nCl= 23> <DB=-1670.7545> <Mlp=-1667.6999> <PB=-1669> 
<DWph=1> <it= 30> <et=10886.75> <Mt= 1.46> <Spt= 0.74> <nCl= 16> <DB=-1668.8360> <Mlp=-1667.7904> <PB=-1669> 
<DWph=1> <it= 33> <et=10887.55> <Mt= 0.37> <Spt= 0.21> <nCl=  5> <DB=-1667.7075> <Mlp=-1667.7955> <PB=-1669> 
<DWph=0> <it= 39> <et=11542.44> <Mt=42.84> <Spt=611.56> <nCl=1500> <DB=-1670.0000> <Mlp=-1670.0000> <PB=-1669> 
ColGenEvalAlg final dual bound: -1670 (rounded: -1670)
----- Add fac. cuts : R1C(168), max.viol = 0.222973, aver.viol = 0.163313, sep/add took 0.03/0.73 sec. -----
12013 columns (7012 active), 1060 dyn. constrs. (1052 active), 1331 art. vars. (1323 active)
<DWph=2> <it= 10> <et=11560.75> <Mt=15.91> <Spt= 0.78> <nCl= 23> <DB=-1675.2486> <Mlp=-1664.8042> <PB=-1669> 
<DWph=2> <it= 20> <et=11566.50> <Mt= 4.04> <Spt= 0.82> <nCl= 21> <DB=-1669.5760> <Mlp=-1665.4730> <PB=-1669> 
<DWph=2> <it= 21> <et=11567.07> <Mt= 0.57> <Spt= 0.00> <nCl=  0> <DB=-1669.5760> <Mlp=-1665.5485> <PB=-1669> 
<DWph=1> <it= 30> <et=11570.62> <Mt= 1.83> <Spt= 0.90> <nCl= 12> <DB=-1677.4646> <Mlp=-1665.6926> <PB=-1669> 
<DWph=1> <it= 37> <et=11579.40> <Mt= 7.19> <Spt= 0.83> <nCl= 11> <DB=-1664.2023> <Mlp=-1666.2340> <PB=-1669> 
<DWph=0> <it= 38> <et=11632.79> <Mt= 0.04> <Spt=53.36> <nCl=  0> <DB=-1670.0000> <Mlp=-1666.2340> <PB=-1669> 
ColGenEvalAlg final dual bound: -1670 (rounded: -1670)
----- Column generation is interrupted by the pricing solver, we do rollback to the point before the latest cut generation round
**** SB phase 3 evaluation of candidate 1, branch 2 ( x_53_54 <= 0 ), value = -1667.92
<DWph=2> <it=  3> <et=11634.25> <Mt= 0.34> <Spt= 0.28> <nCl=  4> <DB=-1665.4300> <Mlp=-1667.9238> <PB=-1669> 
<DWph=1> <it= 10> <et=11636.52> <Mt= 1.63> <Spt= 0.35> <nCl= 12> <DB=-1668.7807> <Mlp=-1667.9933> <PB=-1669> 
<DWph=0> <it= 13> <et=12060.44> <Mt=27.88> <Spt=395.92> <nCl=596> <DB=-1670.0000> <Mlp=-1670.0000> <PB=-1670> 
ColGenEvalAlg final dual bound: -1670 (rounded: -1670)
SB exact phase 3 branch on x_53_54 (lhs=0.49464) : [-1670, -1670], tree depth = 1e+12, tree size = 1e+12, score = -1e+12 (h)
New model incumbent solution -1670, TIME = 3h21m0s61t = 1206061
************************************************************************************************
Search is finished, global bounds : [ -1670 , -1670 ], TIME = 3h21m0s61t = 1206061
************************************************************************************************
[32mBaPCod : solution defined.[00m
statistics_cols: instance & :Optimal & cutoff & :bcRecRootDb & :bcTimeRootEval & :bcCountNodeProc & :bcRecBestDb & :bcRecBestInc & :bcTimeMain \\
statistics: 66-125-1-2 & 1 & -1668.99999 & -1670.00 & 184.23 & 9 & -1670.00 & -1670 & 12060.61 \\
########################################################
trip 1 : 1 32 33 25 24 16 17 9 8 7 6 5 4 12 13 21 20 28 36 44 45 53 52 60 61 62 63 64 65 66 67 59 58 3 
trip 2 : 3 50 51 43 35 27 19 11 10 18 26 34 42 41 49 57 56 48 47 55 54 46 38 37 29 30 22 14 15 23 31 2 
tour : 1 32 33 25 24 16 17 9 8 7 6 5 4 12 13 21 20 28 36 44 45 53 52 60 61 62 63 64 65 66 67 59 58 3 50 51 43 35 27 19 11 10 18 26 34 42 41 49 57 56 48 47 55 54 46 38 37 29 30 22 14 15 23 31 2
Cost 1670.0
########################################################
