Application parameters:
  batch  =>  nothing
  tikz  =>  "/TIKZ/66-45-1-2.tex"
  instance  =>  "/IN/66-45-1-2.ophs"
  out  =>  "/OUT/66-45-1-2.sol"
  nosolve  =>  false
  ub  =>  -650
  complete  =>  false
  cfg  =>  "/BWTSP/src/../config/OPHS.cfg"
VRPSolver warning: Interval set for resource 1 on source node (when source != sink) is ignored (by definition is [0.0,0.0])
VRPSolver warning: Interval set for resource 1 on source node (when source != sink) is ignored (by definition is [0.0,0.0])
[41m solve [00m
~~~~~~~~~~~~~~~~~~~~~~~~~~~~~~~~~~~~~~~~~~~~~~~~~~~~~~~~~~~~~~~~~~~~~~~~~~~~~~
VRPSolver v0.4.1, 24/03/2021. Web: vrpsolver.math.u-bordeaux.fr
Corresponds to the solver by Pessoa, Sadykov, Uchoa and Vanderbeck (2020)
Paper: dx.doi.org/10.1007/s10107-020-01523-z
USE THIS CODE ONLY FOR ACADEMIC PURPOSES AT YOUR OWN RISK
~~~~~~~~~~~~~~~~~~~~~~~~~~~~~~~~~~~~~~~~~~~~~~~~~~~~~~~~~~~~~~~~~~~~~~~~~~~~~~
BaPCod v053, 24/03/2021, © Inria Bordeaux, France
~~~~~~~~~~~~~~~~~~~~~~~~~~~~~~~~~~~~~~~~~~~~~~~~~~~~~~~~~~~~~~~~~~~~~~~~~~~~~~
VRPSolver parameters:
GlobalTimeLimit = 18000
MaxNbOfBBtreeNodeTreated = 100000
treeSearchStrategy = 1
RCSPstopCutGenTimeThresholdInPricing = 10
RCSPhardTimeThresholdInPricing = 25
RCSPnumberOfBucketsPerVertex = 25
RCSPdynamicBucketSteps = 1
RCSPuseBidirectionalSearch = 2
RCSPapplyReducedCostFixing = 1
RCSPredCostFixingFalseGap = 0
RCSPmaxNumOfColsPerIteration = 30
RCSPmaxNumOfColsPerExactIteration = 150
RCSPheurLabelingStrategy = 0
StabilizationMinPhaseOfStage = 0
RCSPmaxNumOfLabelsInEnumeration = 500000
RCSPmaxNumOfEnumeratedSolutions = 5000000
RCSPmaxNumOfEnumSolutionsForMIP = 10000
RCSPinitNGneighbourhoodSize = 8
RCSPmaxNGneighbourhoodSize = 8
RCSPrankOneCutsMaxNumPerRound = 100
RCSPrankOneCutsMaxNumRows = 5
RCSPrankOneCutsMemoryType = 0
CutTailingOffThreshold = 0.015
CutTailingOffCounterThreshold = 3
SafeDualBoundScaleFactor = -1
StrongBranchingPhaseOneCandidatesNumber = 100
StrongBranchingPhaseOneTreeSizeEstimRatio = 0.2
StrongBranchingPhaseTwoCandidatesNumber = 3
StrongBranchingPhaseTwoTreeSizeEstimRatio = 0.02
MaxTimeForRestrictedMasterIpHeur = -1
DivingHeurUseDepthLimit = 0
MaxLDSbreadth = 1
MaxLDSdepth = 10000
New model incumbent solution -649, TIME = 0h0m0s3t = 3
Model is built TIME = 0h0m0s86t = 86
************************************************************************************************
**** BaB tree root node
**** Local DB = -1e+12, global bounds : [ -1e+12 , -649 ], TIME = 0h0m0s86t = 86
**** 1 open nodes, 0 columns (0 active), 0 dyn. constrs. (0 active), 271 art. vars. (271 active)
************************************************************************************************
--------------------------------------------------------------------------
BaPCod info : first we run the root node with rank-1 cuts with node memory
--------------------------------------------------------------------------
<DWph=2> <it= 10> <et=0.93> <Mt= 0.00> <Spt= 0.05> <nCl= 47> <DB= -758.7500> <Mlp= -556.2500> <PB=-648.99999> 
<DWph=2> <it= 14> <et=0.96> <Mt= 0.00> <Spt= 0.03> <nCl=  6> <DB= -645.0000> <Mlp= -645.0000> <PB=-648.99999> 
<DWph=1> <it= 16> <et=1.02> <Mt= 0.00> <Spt= 0.06> <nCl=  1> <DB= -650.0000> <Mlp= -650.0000> <PB=-650> 
<DWph=0> <it= 18> <et=1.11> <Mt= 0.00> <Spt= 0.09> <nCl=  1> <DB= -650.0000> <Mlp= -650.0000> <PB=-650> 
ColGenEvalAlg final dual bound: -650 (rounded: -650)
New model incumbent solution -650, TIME = 0h0m1s12t = 112
************************************************************************************************
Search is finished, global bounds : [ -650 , -650 ], TIME = 0h0m1s12t = 112
************************************************************************************************
[32mBaPCod : solution defined.[00m
statistics_cols: instance & :Optimal & cutoff & :bcRecRootDb & :bcTimeRootEval & :bcCountNodeProc & :bcRecBestDb & :bcRecBestInc & :bcTimeMain \\
statistics: 66-45-1-2 & 1 & -648.99999 & -650.00 & 1.12 & 1 & -650.00 & -650 & 1.12 \\
########################################################
trip 1 : 1 32 33 34 35 43 51 59 67 66 65 64 63 3 
trip 2 : 3 62 61 60 52 44 36 28 29 30 31 2 
tour : 1 32 33 34 35 43 51 59 67 66 65 64 63 3 62 61 60 52 44 36 28 29 30 31 2
Cost 650.0
########################################################
