Application parameters:
  batch  =>  nothing
  tikz  =>  "/TIKZ/66-50-1-2.tex"
  instance  =>  "/IN/66-50-1-2.ophs"
  out  =>  "/OUT/66-50-1-2.sol"
  nosolve  =>  false
  ub  =>  -730
  complete  =>  false
  cfg  =>  "/BWTSP/src/../config/OPHS.cfg"
VRPSolver warning: Interval set for resource 1 on source node (when source != sink) is ignored (by definition is [0.0,0.0])
VRPSolver warning: Interval set for resource 1 on source node (when source != sink) is ignored (by definition is [0.0,0.0])
[41m solve [00m
~~~~~~~~~~~~~~~~~~~~~~~~~~~~~~~~~~~~~~~~~~~~~~~~~~~~~~~~~~~~~~~~~~~~~~~~~~~~~~
VRPSolver v0.4.1, 24/03/2021. Web: vrpsolver.math.u-bordeaux.fr
Corresponds to the solver by Pessoa, Sadykov, Uchoa and Vanderbeck (2020)
Paper: dx.doi.org/10.1007/s10107-020-01523-z
USE THIS CODE ONLY FOR ACADEMIC PURPOSES AT YOUR OWN RISK
~~~~~~~~~~~~~~~~~~~~~~~~~~~~~~~~~~~~~~~~~~~~~~~~~~~~~~~~~~~~~~~~~~~~~~~~~~~~~~
BaPCod v053, 24/03/2021, © Inria Bordeaux, France
~~~~~~~~~~~~~~~~~~~~~~~~~~~~~~~~~~~~~~~~~~~~~~~~~~~~~~~~~~~~~~~~~~~~~~~~~~~~~~
VRPSolver parameters:
GlobalTimeLimit = 18000
MaxNbOfBBtreeNodeTreated = 100000
treeSearchStrategy = 1
RCSPstopCutGenTimeThresholdInPricing = 10
RCSPhardTimeThresholdInPricing = 25
RCSPnumberOfBucketsPerVertex = 25
RCSPdynamicBucketSteps = 1
RCSPuseBidirectionalSearch = 2
RCSPapplyReducedCostFixing = 1
RCSPredCostFixingFalseGap = 0
RCSPmaxNumOfColsPerIteration = 30
RCSPmaxNumOfColsPerExactIteration = 150
RCSPheurLabelingStrategy = 0
StabilizationMinPhaseOfStage = 0
RCSPmaxNumOfLabelsInEnumeration = 500000
RCSPmaxNumOfEnumeratedSolutions = 5000000
RCSPmaxNumOfEnumSolutionsForMIP = 10000
RCSPinitNGneighbourhoodSize = 8
RCSPmaxNGneighbourhoodSize = 8
RCSPrankOneCutsMaxNumPerRound = 100
RCSPrankOneCutsMaxNumRows = 5
RCSPrankOneCutsMemoryType = 0
CutTailingOffThreshold = 0.015
CutTailingOffCounterThreshold = 3
SafeDualBoundScaleFactor = -1
StrongBranchingPhaseOneCandidatesNumber = 100
StrongBranchingPhaseOneTreeSizeEstimRatio = 0.2
StrongBranchingPhaseTwoCandidatesNumber = 3
StrongBranchingPhaseTwoTreeSizeEstimRatio = 0.02
MaxTimeForRestrictedMasterIpHeur = -1
DivingHeurUseDepthLimit = 0
MaxLDSbreadth = 1
MaxLDSdepth = 10000
New model incumbent solution -729, TIME = 0h0m0s2t = 2
Model is built TIME = 0h0m0s86t = 86
************************************************************************************************
**** BaB tree root node
**** Local DB = -1e+12, global bounds : [ -1e+12 , -729 ], TIME = 0h0m0s86t = 86
**** 1 open nodes, 0 columns (0 active), 0 dyn. constrs. (0 active), 271 art. vars. (271 active)
************************************************************************************************
--------------------------------------------------------------------------
BaPCod info : first we run the root node with rank-1 cuts with node memory
--------------------------------------------------------------------------
<DWph=2> <it= 10> <et=0.94> <Mt= 0.00> <Spt= 0.06> <nCl= 44> <DB= -682.5000> <Mlp= -667.5000> <PB=-728.99999> 
<DWph=2> <it= 12> <et=0.94> <Mt= 0.00> <Spt= 0.01> <nCl=  1> <DB= -702.5000> <Mlp= -695.0000> <PB=-728.99999> 
<DWph=1> <it= 16> <et=1.06> <Mt= 0.00> <Spt= 0.11> <nCl=  4> <DB= -695.0000> <Mlp= -695.0000> <PB=-728.99999> 
<DWph=0> <it= 18> <et=1.12> <Mt= 0.00> <Spt= 0.07> <nCl= 62> <DB= -730.0000> <Mlp= -730.0000> <PB=-730> 
ColGenEvalAlg final dual bound: -730 (rounded: -730)
New model incumbent solution -730, TIME = 0h0m1s13t = 113
************************************************************************************************
Search is finished, global bounds : [ -730 , -730 ], TIME = 0h0m1s13t = 113
************************************************************************************************
[32mBaPCod : solution defined.[00m
statistics_cols: instance & :Optimal & cutoff & :bcRecRootDb & :bcTimeRootEval & :bcCountNodeProc & :bcRecBestDb & :bcRecBestInc & :bcTimeMain \\
statistics: 66-50-1-2 & 1 & -728.99999 & -730.00 & 1.13 & 1 & -730.00 & -730 & 1.13 \\
########################################################
trip 1 : 1 31 30 29 21 13 5 6 7 8 9 10 11 3 
trip 2 : 3 19 27 35 43 51 59 67 66 65 64 56 48 2 
tour : 1 31 30 29 21 13 5 6 7 8 9 10 11 3 19 27 35 43 51 59 67 66 65 64 56 48 2
Cost 730.0
########################################################
