Application parameters:
  batch  =>  nothing
  tikz  =>  "/TIKZ/66-60-1-2.tex"
  instance  =>  "/IN/66-60-1-2.ophs"
  out  =>  "/OUT/66-60-1-2.sol"
  nosolve  =>  false
  ub  =>  -915
  complete  =>  false
  cfg  =>  "/BWTSP/src/../config/OPHS.cfg"
VRPSolver warning: Interval set for resource 1 on source node (when source != sink) is ignored (by definition is [0.0,0.0])
VRPSolver warning: Interval set for resource 1 on source node (when source != sink) is ignored (by definition is [0.0,0.0])
[41m solve [00m
~~~~~~~~~~~~~~~~~~~~~~~~~~~~~~~~~~~~~~~~~~~~~~~~~~~~~~~~~~~~~~~~~~~~~~~~~~~~~~
VRPSolver v0.4.1, 24/03/2021. Web: vrpsolver.math.u-bordeaux.fr
Corresponds to the solver by Pessoa, Sadykov, Uchoa and Vanderbeck (2020)
Paper: dx.doi.org/10.1007/s10107-020-01523-z
USE THIS CODE ONLY FOR ACADEMIC PURPOSES AT YOUR OWN RISK
~~~~~~~~~~~~~~~~~~~~~~~~~~~~~~~~~~~~~~~~~~~~~~~~~~~~~~~~~~~~~~~~~~~~~~~~~~~~~~
BaPCod v053, 24/03/2021, © Inria Bordeaux, France
~~~~~~~~~~~~~~~~~~~~~~~~~~~~~~~~~~~~~~~~~~~~~~~~~~~~~~~~~~~~~~~~~~~~~~~~~~~~~~
VRPSolver parameters:
GlobalTimeLimit = 18000
MaxNbOfBBtreeNodeTreated = 100000
treeSearchStrategy = 1
RCSPstopCutGenTimeThresholdInPricing = 10
RCSPhardTimeThresholdInPricing = 25
RCSPnumberOfBucketsPerVertex = 25
RCSPdynamicBucketSteps = 1
RCSPuseBidirectionalSearch = 2
RCSPapplyReducedCostFixing = 1
RCSPredCostFixingFalseGap = 0
RCSPmaxNumOfColsPerIteration = 30
RCSPmaxNumOfColsPerExactIteration = 150
RCSPheurLabelingStrategy = 0
StabilizationMinPhaseOfStage = 0
RCSPmaxNumOfLabelsInEnumeration = 500000
RCSPmaxNumOfEnumeratedSolutions = 5000000
RCSPmaxNumOfEnumSolutionsForMIP = 10000
RCSPinitNGneighbourhoodSize = 8
RCSPmaxNGneighbourhoodSize = 8
RCSPrankOneCutsMaxNumPerRound = 100
RCSPrankOneCutsMaxNumRows = 5
RCSPrankOneCutsMemoryType = 0
CutTailingOffThreshold = 0.015
CutTailingOffCounterThreshold = 3
SafeDualBoundScaleFactor = -1
StrongBranchingPhaseOneCandidatesNumber = 100
StrongBranchingPhaseOneTreeSizeEstimRatio = 0.2
StrongBranchingPhaseTwoCandidatesNumber = 3
StrongBranchingPhaseTwoTreeSizeEstimRatio = 0.02
MaxTimeForRestrictedMasterIpHeur = -1
DivingHeurUseDepthLimit = 0
MaxLDSbreadth = 1
MaxLDSdepth = 10000
New model incumbent solution -914, TIME = 0h0m0s2t = 2
Model is built TIME = 0h0m0s87t = 87
************************************************************************************************
**** BaB tree root node
**** Local DB = -1e+12, global bounds : [ -1e+12 , -914 ], TIME = 0h0m0s87t = 87
**** 1 open nodes, 0 columns (0 active), 0 dyn. constrs. (0 active), 271 art. vars. (271 active)
************************************************************************************************
--------------------------------------------------------------------------
BaPCod info : first we run the root node with rank-1 cuts with node memory
--------------------------------------------------------------------------
<DWph=2> <it= 10> <et=0.95> <Mt= 0.00> <Spt= 0.07> <nCl= 53> <DB= -971.6667> <Mlp= -848.3333> <PB=-913.99999> 
<DWph=2> <it= 13> <et=0.98> <Mt= 0.00> <Spt= 0.03> <nCl=  6> <DB= -905.0000> <Mlp= -905.0000> <PB=-913.99999> 
<DWph=1> <it= 14> <et=1.01> <Mt= 0.00> <Spt= 0.02> <nCl=  0> <DB= -905.0000> <Mlp= -905.0000> <PB=-913.99999> 
<DWph=0> <it= 17> <et=1.17> <Mt= 0.00> <Spt= 0.17> <nCl= 11> <DB= -915.0000> <Mlp= -915.0000> <PB=-915> 
ColGenEvalAlg final dual bound: -915 (rounded: -915)
New model incumbent solution -915, TIME = 0h0m1s18t = 118
************************************************************************************************
Search is finished, global bounds : [ -915 , -915 ], TIME = 0h0m1s18t = 118
************************************************************************************************
[32mBaPCod : solution defined.[00m
statistics_cols: instance & :Optimal & cutoff & :bcRecRootDb & :bcTimeRootEval & :bcCountNodeProc & :bcRecBestDb & :bcRecBestInc & :bcTimeMain \\
statistics: 66-60-1-2 & 1 & -913.99999 & -915.00 & 1.18 & 1 & -915.00 & -915 & 1.18 \\
########################################################
trip 1 : 1 23 15 14 6 7 8 9 10 11 19 27 35 43 51 3 
trip 2 : 3 59 67 66 65 64 63 62 61 60 52 44 36 37 38 39 2 
tour : 1 23 15 14 6 7 8 9 10 11 19 27 35 43 51 3 59 67 66 65 64 63 62 61 60 52 44 36 37 38 39 2
Cost 915.0
########################################################
