Application parameters:
  batch  =>  nothing
  tikz  =>  "/TIKZ/T1-65-1-2.tex"
  instance  =>  "/IN/T1-65-1-2.ophs"
  out  =>  "/OUT/T1-65-1-2.sol"
  nosolve  =>  false
  ub  =>  -240
  complete  =>  false
  cfg  =>  "/BWTSP/src/../config/OPHS.cfg"
VRPSolver warning: Interval set for resource 1 on source node (when source != sink) is ignored (by definition is [0.0,0.0])
VRPSolver warning: Interval set for resource 1 on source node (when source != sink) is ignored (by definition is [0.0,0.0])
[41m solve [00m
~~~~~~~~~~~~~~~~~~~~~~~~~~~~~~~~~~~~~~~~~~~~~~~~~~~~~~~~~~~~~~~~~~~~~~~~~~~~~~
VRPSolver v0.4.1, 24/03/2021. Web: vrpsolver.math.u-bordeaux.fr
Corresponds to the solver by Pessoa, Sadykov, Uchoa and Vanderbeck (2020)
Paper: dx.doi.org/10.1007/s10107-020-01523-z
USE THIS CODE ONLY FOR ACADEMIC PURPOSES AT YOUR OWN RISK
~~~~~~~~~~~~~~~~~~~~~~~~~~~~~~~~~~~~~~~~~~~~~~~~~~~~~~~~~~~~~~~~~~~~~~~~~~~~~~
BaPCod v053, 24/03/2021, © Inria Bordeaux, France
~~~~~~~~~~~~~~~~~~~~~~~~~~~~~~~~~~~~~~~~~~~~~~~~~~~~~~~~~~~~~~~~~~~~~~~~~~~~~~
VRPSolver parameters:
GlobalTimeLimit = 18000
MaxNbOfBBtreeNodeTreated = 100000
treeSearchStrategy = 1
RCSPstopCutGenTimeThresholdInPricing = 10
RCSPhardTimeThresholdInPricing = 25
RCSPnumberOfBucketsPerVertex = 25
RCSPdynamicBucketSteps = 1
RCSPuseBidirectionalSearch = 2
RCSPapplyReducedCostFixing = 1
RCSPredCostFixingFalseGap = 0
RCSPmaxNumOfColsPerIteration = 30
RCSPmaxNumOfColsPerExactIteration = 150
RCSPheurLabelingStrategy = 0
StabilizationMinPhaseOfStage = 0
RCSPmaxNumOfLabelsInEnumeration = 500000
RCSPmaxNumOfEnumeratedSolutions = 5000000
RCSPmaxNumOfEnumSolutionsForMIP = 10000
RCSPinitNGneighbourhoodSize = 8
RCSPmaxNGneighbourhoodSize = 8
RCSPrankOneCutsMaxNumPerRound = 100
RCSPrankOneCutsMaxNumRows = 5
RCSPrankOneCutsMemoryType = 0
CutTailingOffThreshold = 0.015
CutTailingOffCounterThreshold = 3
SafeDualBoundScaleFactor = -1
StrongBranchingPhaseOneCandidatesNumber = 100
StrongBranchingPhaseOneTreeSizeEstimRatio = 0.2
StrongBranchingPhaseTwoCandidatesNumber = 3
StrongBranchingPhaseTwoTreeSizeEstimRatio = 0.02
MaxTimeForRestrictedMasterIpHeur = -1
DivingHeurUseDepthLimit = 0
MaxLDSbreadth = 1
MaxLDSdepth = 10000
New model incumbent solution -239, TIME = 0h0m0s3t = 3
Model is built TIME = 0h0m0s81t = 81
************************************************************************************************
**** BaB tree root node
**** Local DB = -1e+12, global bounds : [ -1e+12 , -239 ], TIME = 0h0m0s81t = 81
**** 1 open nodes, 0 columns (0 active), 0 dyn. constrs. (0 active), 135 art. vars. (135 active)
************************************************************************************************
--------------------------------------------------------------------------
BaPCod info : first we run the root node with rank-1 cuts with node memory
--------------------------------------------------------------------------
<DWph=2> <it= 10> <et=0.83> <Mt= 0.00> <Spt= 0.02> <nCl= 54> <DB= -267.6276> <Mlp= -225.0000> <PB=-238.99999> 
<DWph=2> <it= 20> <et=0.85> <Mt= 0.00> <Spt= 0.01> <nCl= 45> <DB= -239.8398> <Mlp= -235.0000> <PB=-238.99999> 
<DWph=2> <it= 23> <et=0.86> <Mt= 0.00> <Spt= 0.01> <nCl=  7> <DB= -234.5820> <Mlp= -235.0000> <PB=-238.99999> 
<DWph=1> <it= 30> <et=0.94> <Mt= 0.00> <Spt= 0.08> <nCl= 19> <DB= -240.0000> <Mlp= -240.0000> <PB=-240> 
<DWph=0> <it= 34> <et=1.03> <Mt= 0.00> <Spt= 0.08> <nCl= 18> <DB= -240.0000> <Mlp= -240.0000> <PB=-240> 
ColGenEvalAlg final dual bound: -240 (rounded: -240)
New model incumbent solution -240, TIME = 0h0m1s3t = 103
************************************************************************************************
Search is finished, global bounds : [ -240 , -240 ], TIME = 0h0m1s3t = 103
************************************************************************************************
[32mBaPCod : solution defined.[00m
statistics_cols: instance & :Optimal & cutoff & :bcRecRootDb & :bcTimeRootEval & :bcCountNodeProc & :bcRecBestDb & :bcRecBestInc & :bcTimeMain \\
statistics: T1-65-1-2 & 1 & -238.99999 & -240.00 & 1.03 & 1 & -240.00 & -240 & 1.03 \\
########################################################
trip 1 : 1 29 33 28 27 26 25 24 23 14 13 12 10 4 5 3 
trip 2 : 3 9 8 7 6 16 17 18 19 30 2 
tour : 1 29 33 28 27 26 25 24 23 14 13 12 10 4 5 3 9 8 7 6 16 17 18 19 30 2
Cost 240.0
########################################################
