Application parameters:
  batch  =>  nothing
  tikz  =>  "/TIKZ/T1-75-1-2.tex"
  instance  =>  "/IN/T1-75-1-2.ophs"
  out  =>  "/OUT/T1-75-1-2.sol"
  nosolve  =>  false
  ub  =>  -270
  complete  =>  false
  cfg  =>  "/BWTSP/src/../config/OPHS.cfg"
VRPSolver warning: Interval set for resource 1 on source node (when source != sink) is ignored (by definition is [0.0,0.0])
VRPSolver warning: Interval set for resource 1 on source node (when source != sink) is ignored (by definition is [0.0,0.0])
[41m solve [00m
~~~~~~~~~~~~~~~~~~~~~~~~~~~~~~~~~~~~~~~~~~~~~~~~~~~~~~~~~~~~~~~~~~~~~~~~~~~~~~
VRPSolver v0.4.1, 24/03/2021. Web: vrpsolver.math.u-bordeaux.fr
Corresponds to the solver by Pessoa, Sadykov, Uchoa and Vanderbeck (2020)
Paper: dx.doi.org/10.1007/s10107-020-01523-z
USE THIS CODE ONLY FOR ACADEMIC PURPOSES AT YOUR OWN RISK
~~~~~~~~~~~~~~~~~~~~~~~~~~~~~~~~~~~~~~~~~~~~~~~~~~~~~~~~~~~~~~~~~~~~~~~~~~~~~~
BaPCod v053, 24/03/2021, © Inria Bordeaux, France
~~~~~~~~~~~~~~~~~~~~~~~~~~~~~~~~~~~~~~~~~~~~~~~~~~~~~~~~~~~~~~~~~~~~~~~~~~~~~~
VRPSolver parameters:
GlobalTimeLimit = 18000
MaxNbOfBBtreeNodeTreated = 100000
treeSearchStrategy = 1
RCSPstopCutGenTimeThresholdInPricing = 10
RCSPhardTimeThresholdInPricing = 25
RCSPnumberOfBucketsPerVertex = 25
RCSPdynamicBucketSteps = 1
RCSPuseBidirectionalSearch = 2
RCSPapplyReducedCostFixing = 1
RCSPredCostFixingFalseGap = 0
RCSPmaxNumOfColsPerIteration = 30
RCSPmaxNumOfColsPerExactIteration = 150
RCSPheurLabelingStrategy = 0
StabilizationMinPhaseOfStage = 0
RCSPmaxNumOfLabelsInEnumeration = 500000
RCSPmaxNumOfEnumeratedSolutions = 5000000
RCSPmaxNumOfEnumSolutionsForMIP = 10000
RCSPinitNGneighbourhoodSize = 8
RCSPmaxNGneighbourhoodSize = 8
RCSPrankOneCutsMaxNumPerRound = 100
RCSPrankOneCutsMaxNumRows = 5
RCSPrankOneCutsMemoryType = 0
CutTailingOffThreshold = 0.015
CutTailingOffCounterThreshold = 3
SafeDualBoundScaleFactor = -1
StrongBranchingPhaseOneCandidatesNumber = 100
StrongBranchingPhaseOneTreeSizeEstimRatio = 0.2
StrongBranchingPhaseTwoCandidatesNumber = 3
StrongBranchingPhaseTwoTreeSizeEstimRatio = 0.02
MaxTimeForRestrictedMasterIpHeur = -1
DivingHeurUseDepthLimit = 0
MaxLDSbreadth = 1
MaxLDSdepth = 10000
New model incumbent solution -269, TIME = 0h0m0s2t = 2
Model is built TIME = 0h0m0s80t = 80
************************************************************************************************
**** BaB tree root node
**** Local DB = -1e+12, global bounds : [ -1e+12 , -269 ], TIME = 0h0m0s80t = 80
**** 1 open nodes, 0 columns (0 active), 0 dyn. constrs. (0 active), 135 art. vars. (135 active)
************************************************************************************************
--------------------------------------------------------------------------
BaPCod info : first we run the root node with rank-1 cuts with node memory
--------------------------------------------------------------------------
<DWph=2> <it= 10> <et=0.82> <Mt= 0.00> <Spt= 0.02> <nCl= 55> <DB= -347.1429> <Mlp= -237.8571> <PB=-268.99999> 
<DWph=1> <it= 30> <et=0.95> <Mt= 0.00> <Spt= 0.11> <nCl= 76> <DB= -270.8656> <Mlp= -270.0000> <PB=-270> 
<DWph=1> <it= 33> <et=0.99> <Mt= 0.00> <Spt= 0.04> <nCl=  2> <DB= -270.0000> <Mlp= -270.0000> <PB=-270> 
<DWph=0> <it= 36> <et=1.12> <Mt= 0.01> <Spt= 0.13> <nCl=212> <DB= -270.0000> <Mlp= -270.0000> <PB=-270> 
ColGenEvalAlg final dual bound: -270 (rounded: -270)
New model incumbent solution -270, TIME = 0h0m1s12t = 112
************************************************************************************************
Search is finished, global bounds : [ -270 , -270 ], TIME = 0h0m1s12t = 112
************************************************************************************************
[32mBaPCod : solution defined.[00m
statistics_cols: instance & :Optimal & cutoff & :bcRecRootDb & :bcTimeRootEval & :bcCountNodeProc & :bcRecBestDb & :bcRecBestInc & :bcTimeMain \\
statistics: T1-75-1-2 & 1 & -268.99999 & -270.00 & 1.12 & 1 & -270.00 & -270 & 1.12 \\
########################################################
trip 1 : 1 21 22 29 28 33 32 27 26 25 24 23 14 13 12 10 3 
trip 2 : 3 4 5 9 8 7 6 16 17 18 19 31 30 2 
tour : 1 21 22 29 28 33 32 27 26 25 24 23 14 13 12 10 3 4 5 9 8 7 6 16 17 18 19 31 30 2
Cost 270.0
########################################################
