Application parameters:
  batch  =>  nothing
  tikz  =>  "/TIKZ/T1-80-1-2.tex"
  instance  =>  "/IN/T1-80-1-2.ophs"
  out  =>  "/OUT/T1-80-1-2.sol"
  nosolve  =>  false
  ub  =>  -280
  complete  =>  false
  cfg  =>  "/BWTSP/src/../config/OPHS.cfg"
VRPSolver warning: Interval set for resource 1 on source node (when source != sink) is ignored (by definition is [0.0,0.0])
VRPSolver warning: Interval set for resource 1 on source node (when source != sink) is ignored (by definition is [0.0,0.0])
[41m solve [00m
~~~~~~~~~~~~~~~~~~~~~~~~~~~~~~~~~~~~~~~~~~~~~~~~~~~~~~~~~~~~~~~~~~~~~~~~~~~~~~
VRPSolver v0.4.1, 24/03/2021. Web: vrpsolver.math.u-bordeaux.fr
Corresponds to the solver by Pessoa, Sadykov, Uchoa and Vanderbeck (2020)
Paper: dx.doi.org/10.1007/s10107-020-01523-z
USE THIS CODE ONLY FOR ACADEMIC PURPOSES AT YOUR OWN RISK
~~~~~~~~~~~~~~~~~~~~~~~~~~~~~~~~~~~~~~~~~~~~~~~~~~~~~~~~~~~~~~~~~~~~~~~~~~~~~~
BaPCod v053, 24/03/2021, © Inria Bordeaux, France
~~~~~~~~~~~~~~~~~~~~~~~~~~~~~~~~~~~~~~~~~~~~~~~~~~~~~~~~~~~~~~~~~~~~~~~~~~~~~~
VRPSolver parameters:
GlobalTimeLimit = 18000
MaxNbOfBBtreeNodeTreated = 100000
treeSearchStrategy = 1
RCSPstopCutGenTimeThresholdInPricing = 10
RCSPhardTimeThresholdInPricing = 25
RCSPnumberOfBucketsPerVertex = 25
RCSPdynamicBucketSteps = 1
RCSPuseBidirectionalSearch = 2
RCSPapplyReducedCostFixing = 1
RCSPredCostFixingFalseGap = 0
RCSPmaxNumOfColsPerIteration = 30
RCSPmaxNumOfColsPerExactIteration = 150
RCSPheurLabelingStrategy = 0
StabilizationMinPhaseOfStage = 0
RCSPmaxNumOfLabelsInEnumeration = 500000
RCSPmaxNumOfEnumeratedSolutions = 5000000
RCSPmaxNumOfEnumSolutionsForMIP = 10000
RCSPinitNGneighbourhoodSize = 8
RCSPmaxNGneighbourhoodSize = 8
RCSPrankOneCutsMaxNumPerRound = 100
RCSPrankOneCutsMaxNumRows = 5
RCSPrankOneCutsMemoryType = 0
CutTailingOffThreshold = 0.015
CutTailingOffCounterThreshold = 3
SafeDualBoundScaleFactor = -1
StrongBranchingPhaseOneCandidatesNumber = 100
StrongBranchingPhaseOneTreeSizeEstimRatio = 0.2
StrongBranchingPhaseTwoCandidatesNumber = 3
StrongBranchingPhaseTwoTreeSizeEstimRatio = 0.02
MaxTimeForRestrictedMasterIpHeur = -1
DivingHeurUseDepthLimit = 0
MaxLDSbreadth = 1
MaxLDSdepth = 10000
New model incumbent solution -279, TIME = 0h0m0s2t = 2
Model is built TIME = 0h0m0s79t = 79
************************************************************************************************
**** BaB tree root node
**** Local DB = -1e+12, global bounds : [ -1e+12 , -279 ], TIME = 0h0m0s79t = 79
**** 1 open nodes, 0 columns (0 active), 0 dyn. constrs. (0 active), 135 art. vars. (135 active)
************************************************************************************************
--------------------------------------------------------------------------
BaPCod info : first we run the root node with rank-1 cuts with node memory
--------------------------------------------------------------------------
<DWph=2> <it= 10> <et=0.81> <Mt= 0.00> <Spt= 0.02> <nCl= 55> <DB=-4949.1072> <Mlp= -226.4179> <PB=-278.99999> 
<DWph=2> <it= 20> <et=0.84> <Mt= 0.00> <Spt= 0.02> <nCl= 57> <DB= -281.6827> <Mlp= -258.4016> <PB=-278.99999> 
<DWph=2> <it= 30> <et=0.86> <Mt= 0.00> <Spt= 0.02> <nCl= 41> <DB= -282.5948> <Mlp= -275.0000> <PB=-278.99999> 
<DWph=2> <it= 32> <et=0.87> <Mt= 0.01> <Spt= 0.00> <nCl=  7> <DB= -274.3321> <Mlp= -275.0000> <PB=-278.99999> 
<DWph=1> <it= 40> <et=0.96> <Mt= 0.00> <Spt= 0.09> <nCl= 27> <DB= -282.8808> <Mlp= -280.0000> <PB=-280> 
<DWph=1> <it= 46> <et=1.05> <Mt= 0.00> <Spt= 0.08> <nCl= 14> <DB= -279.6765> <Mlp= -280.0000> <PB=-280> 
<DWph=0> <it= 50> <et=1.29> <Mt= 0.00> <Spt= 0.25> <nCl=284> <DB= -280.1073> <Mlp= -280.0000> <PB=-280> 
ColGenEvalAlg final dual bound: -280.107 (rounded: -280)
New model incumbent solution -280, TIME = 0h0m1s30t = 130
************************************************************************************************
Search is finished, global bounds : [ -280 , -280 ], TIME = 0h0m1s30t = 130
************************************************************************************************
[32mBaPCod : solution defined.[00m
statistics_cols: instance & :Optimal & cutoff & :bcRecRootDb & :bcTimeRootEval & :bcCountNodeProc & :bcRecBestDb & :bcRecBestInc & :bcTimeMain \\
statistics: T1-80-1-2 & 1 & -278.99999 & -280.00 & 1.30 & 1 & -280.00 & -280 & 1.30 \\
########################################################
trip 1 : 1 30 31 19 18 17 16 6 7 8 9 5 4 15 11 3 
trip 2 : 3 10 12 13 14 23 24 25 26 27 32 33 28 29 22 21 2 
tour : 1 30 31 19 18 17 16 6 7 8 9 5 4 15 11 3 10 12 13 14 23 24 25 26 27 32 33 28 29 22 21 2
Cost 280.0
########################################################
