Application parameters:
  batch  =>  nothing
  tikz  =>  "/TIKZ/T1-85-1-2.tex"
  instance  =>  "/IN/T1-85-1-2.ophs"
  out  =>  "/OUT/T1-85-1-2.sol"
  nosolve  =>  false
  ub  =>  -285
  complete  =>  false
  cfg  =>  "/BWTSP/src/../config/OPHS.cfg"
VRPSolver warning: Interval set for resource 1 on source node (when source != sink) is ignored (by definition is [0.0,0.0])
VRPSolver warning: Interval set for resource 1 on source node (when source != sink) is ignored (by definition is [0.0,0.0])
[41m solve [00m
~~~~~~~~~~~~~~~~~~~~~~~~~~~~~~~~~~~~~~~~~~~~~~~~~~~~~~~~~~~~~~~~~~~~~~~~~~~~~~
VRPSolver v0.4.1, 24/03/2021. Web: vrpsolver.math.u-bordeaux.fr
Corresponds to the solver by Pessoa, Sadykov, Uchoa and Vanderbeck (2020)
Paper: dx.doi.org/10.1007/s10107-020-01523-z
USE THIS CODE ONLY FOR ACADEMIC PURPOSES AT YOUR OWN RISK
~~~~~~~~~~~~~~~~~~~~~~~~~~~~~~~~~~~~~~~~~~~~~~~~~~~~~~~~~~~~~~~~~~~~~~~~~~~~~~
BaPCod v053, 24/03/2021, © Inria Bordeaux, France
~~~~~~~~~~~~~~~~~~~~~~~~~~~~~~~~~~~~~~~~~~~~~~~~~~~~~~~~~~~~~~~~~~~~~~~~~~~~~~
VRPSolver parameters:
GlobalTimeLimit = 18000
MaxNbOfBBtreeNodeTreated = 100000
treeSearchStrategy = 1
RCSPstopCutGenTimeThresholdInPricing = 10
RCSPhardTimeThresholdInPricing = 25
RCSPnumberOfBucketsPerVertex = 25
RCSPdynamicBucketSteps = 1
RCSPuseBidirectionalSearch = 2
RCSPapplyReducedCostFixing = 1
RCSPredCostFixingFalseGap = 0
RCSPmaxNumOfColsPerIteration = 30
RCSPmaxNumOfColsPerExactIteration = 150
RCSPheurLabelingStrategy = 0
StabilizationMinPhaseOfStage = 0
RCSPmaxNumOfLabelsInEnumeration = 500000
RCSPmaxNumOfEnumeratedSolutions = 5000000
RCSPmaxNumOfEnumSolutionsForMIP = 10000
RCSPinitNGneighbourhoodSize = 8
RCSPmaxNGneighbourhoodSize = 8
RCSPrankOneCutsMaxNumPerRound = 100
RCSPrankOneCutsMaxNumRows = 5
RCSPrankOneCutsMemoryType = 0
CutTailingOffThreshold = 0.015
CutTailingOffCounterThreshold = 3
SafeDualBoundScaleFactor = -1
StrongBranchingPhaseOneCandidatesNumber = 100
StrongBranchingPhaseOneTreeSizeEstimRatio = 0.2
StrongBranchingPhaseTwoCandidatesNumber = 3
StrongBranchingPhaseTwoTreeSizeEstimRatio = 0.02
MaxTimeForRestrictedMasterIpHeur = -1
DivingHeurUseDepthLimit = 0
MaxLDSbreadth = 1
MaxLDSdepth = 10000
New model incumbent solution -284, TIME = 0h0m0s2t = 2
Model is built TIME = 0h0m0s79t = 79
************************************************************************************************
**** BaB tree root node
**** Local DB = -1e+12, global bounds : [ -1e+12 , -284 ], TIME = 0h0m0s79t = 79
**** 1 open nodes, 0 columns (0 active), 0 dyn. constrs. (0 active), 135 art. vars. (135 active)
************************************************************************************************
--------------------------------------------------------------------------
BaPCod info : first we run the root node with rank-1 cuts with node memory
--------------------------------------------------------------------------
<DWph=2> <it= 10> <et=0.81> <Mt= 0.00> <Spt= 0.02> <nCl= 60> <DB= -334.1877> <Mlp= -239.5668> <PB=-283.99999> 
<DWph=2> <it= 20> <et=0.84> <Mt= 0.00> <Spt= 0.02> <nCl= 57> <DB= -287.8823> <Mlp= -264.8095> <PB=-283.99999> 
<DWph=2> <it= 30> <et=0.86> <Mt= 0.01> <Spt= 0.02> <nCl= 32> <DB= -283.5988> <Mlp= -278.7500> <PB=-283.99999> 
<DWph=2> <it= 40> <et=0.89> <Mt= 0.00> <Spt= 0.02> <nCl= 35> <DB= -284.5142> <Mlp= -280.3409> <PB=-283.99999> 
<DWph=2> <it= 41> <et=0.89> <Mt= 0.00> <Spt= 0.00> <nCl=  2> <DB= -276.5557> <Mlp= -280.9091> <PB=-283.99999> 
<DWph=1> <it= 50> <et=0.99> <Mt= 0.00> <Spt= 0.09> <nCl= 36> <DB= -286.1601> <Mlp= -280.9091> <PB=-283.99999> 
<DWph=1> <it= 60> <et=1.10> <Mt= 0.01> <Spt= 0.11> <nCl= 19> <DB= -285.0554> <Mlp= -281.3889> <PB=-283.99999> 
<DWph=1> <it= 70> <et=1.21> <Mt= 0.00> <Spt= 0.10> <nCl= 24> <DB= -282.6427> <Mlp= -281.8750> <PB=-283.99999> 
<DWph=1> <it= 74> <et=1.26> <Mt= 0.00> <Spt= 0.05> <nCl= 11> <DB= -285.5055> <Mlp= -282.1429> <PB=-283.99999> 
<DWph=0> <it= 78> <et=1.47> <Mt= 0.01> <Spt= 0.21> <nCl=666> <DB= -285.0000> <Mlp= -285.0000> <PB=-285> 
ColGenEvalAlg final dual bound: -285 (rounded: -285)
New model incumbent solution -285, TIME = 0h0m1s47t = 147
************************************************************************************************
Search is finished, global bounds : [ -285 , -285 ], TIME = 0h0m1s47t = 147
************************************************************************************************
[32mBaPCod : solution defined.[00m
statistics_cols: instance & :Optimal & cutoff & :bcRecRootDb & :bcTimeRootEval & :bcCountNodeProc & :bcRecBestDb & :bcRecBestInc & :bcTimeMain \\
statistics: T1-85-1-2 & 1 & -283.99999 & -285.00 & 1.47 & 1 & -285.00 & -285 & 1.47 \\
########################################################
trip 1 : 1 21 22 29 28 33 32 27 26 25 24 23 14 13 12 10 11 15 4 3 
trip 2 : 3 5 9 8 7 6 16 17 18 19 31 30 20 2 
tour : 1 21 22 29 28 33 32 27 26 25 24 23 14 13 12 10 11 15 4 3 5 9 8 7 6 16 17 18 19 31 30 20 2
Cost 285.0
########################################################
