Application parameters:
  batch  =>  nothing
  tikz  =>  "/TIKZ/T3-100-1-2.tex"
  instance  =>  "/IN/T3-100-1-2.ophs"
  out  =>  "/OUT/T3-100-1-2.sol"
  nosolve  =>  false
  ub  =>  -800
  complete  =>  false
  cfg  =>  "/BWTSP/src/../config/OPHS.cfg"
VRPSolver warning: Interval set for resource 1 on source node (when source != sink) is ignored (by definition is [0.0,0.0])
VRPSolver warning: Interval set for resource 1 on source node (when source != sink) is ignored (by definition is [0.0,0.0])
[41m solve [00m
~~~~~~~~~~~~~~~~~~~~~~~~~~~~~~~~~~~~~~~~~~~~~~~~~~~~~~~~~~~~~~~~~~~~~~~~~~~~~~
VRPSolver v0.4.1, 24/03/2021. Web: vrpsolver.math.u-bordeaux.fr
Corresponds to the solver by Pessoa, Sadykov, Uchoa and Vanderbeck (2020)
Paper: dx.doi.org/10.1007/s10107-020-01523-z
USE THIS CODE ONLY FOR ACADEMIC PURPOSES AT YOUR OWN RISK
~~~~~~~~~~~~~~~~~~~~~~~~~~~~~~~~~~~~~~~~~~~~~~~~~~~~~~~~~~~~~~~~~~~~~~~~~~~~~~
BaPCod v053, 24/03/2021, © Inria Bordeaux, France
~~~~~~~~~~~~~~~~~~~~~~~~~~~~~~~~~~~~~~~~~~~~~~~~~~~~~~~~~~~~~~~~~~~~~~~~~~~~~~
VRPSolver parameters:
GlobalTimeLimit = 18000
MaxNbOfBBtreeNodeTreated = 100000
treeSearchStrategy = 1
RCSPstopCutGenTimeThresholdInPricing = 10
RCSPhardTimeThresholdInPricing = 25
RCSPnumberOfBucketsPerVertex = 25
RCSPdynamicBucketSteps = 1
RCSPuseBidirectionalSearch = 2
RCSPapplyReducedCostFixing = 1
RCSPredCostFixingFalseGap = 0
RCSPmaxNumOfColsPerIteration = 30
RCSPmaxNumOfColsPerExactIteration = 150
RCSPheurLabelingStrategy = 0
StabilizationMinPhaseOfStage = 0
RCSPmaxNumOfLabelsInEnumeration = 500000
RCSPmaxNumOfEnumeratedSolutions = 5000000
RCSPmaxNumOfEnumSolutionsForMIP = 10000
RCSPinitNGneighbourhoodSize = 8
RCSPmaxNGneighbourhoodSize = 8
RCSPrankOneCutsMaxNumPerRound = 100
RCSPrankOneCutsMaxNumRows = 5
RCSPrankOneCutsMemoryType = 0
CutTailingOffThreshold = 0.015
CutTailingOffCounterThreshold = 3
SafeDualBoundScaleFactor = -1
StrongBranchingPhaseOneCandidatesNumber = 100
StrongBranchingPhaseOneTreeSizeEstimRatio = 0.2
StrongBranchingPhaseTwoCandidatesNumber = 3
StrongBranchingPhaseTwoTreeSizeEstimRatio = 0.02
MaxTimeForRestrictedMasterIpHeur = -1
DivingHeurUseDepthLimit = 0
MaxLDSbreadth = 1
MaxLDSdepth = 10000
New model incumbent solution -799, TIME = 0h0m0s2t = 2
Model is built TIME = 0h0m0s80t = 80
************************************************************************************************
**** BaB tree root node
**** Local DB = -1e+12, global bounds : [ -1e+12 , -799 ], TIME = 0h0m0s80t = 80
**** 1 open nodes, 0 columns (0 active), 0 dyn. constrs. (0 active), 139 art. vars. (139 active)
************************************************************************************************
--------------------------------------------------------------------------
BaPCod info : first we run the root node with rank-1 cuts with node memory
--------------------------------------------------------------------------
<DWph=2> <it= 10> <et=0.83> <Mt= 0.00> <Spt= 0.02> <nCl= 58> <DB=-16130.8428> <Mlp= -691.0345> <PB=-798.99999> 
<DWph=2> <it= 20> <et=0.86> <Mt= 0.00> <Spt= 0.02> <nCl= 58> <DB= -828.3708> <Mlp= -753.3969> <PB=-798.99999> 
<DWph=2> <it= 30> <et=0.89> <Mt= 0.01> <Spt= 0.03> <nCl= 51> <DB= -816.4651> <Mlp= -778.2752> <PB=-798.99999> 
<DWph=2> <it= 40> <et=0.92> <Mt= 0.00> <Spt= 0.02> <nCl= 40> <DB= -801.6105> <Mlp= -785.2168> <PB=-798.99999> 
<DWph=2> <it= 50> <et=0.95> <Mt= 0.01> <Spt= 0.03> <nCl= 41> <DB= -807.0761> <Mlp= -788.6874> <PB=-798.99999> 
<DWph=2> <it= 54> <et=0.96> <Mt= 0.00> <Spt= 0.01> <nCl=  9> <DB= -804.0755> <Mlp= -790.0356> <PB=-798.99999> 
<DWph=1> <it= 60> <et=1.06> <Mt= 0.00> <Spt= 0.09> <nCl= 28> <DB= -807.1322> <Mlp= -792.4468> <PB=-798.99999> 
<DWph=1> <it= 70> <et=1.24> <Mt= 0.01> <Spt= 0.16> <nCl= 40> <DB= -803.7642> <Mlp= -800.0000> <PB=-800> 
<DWph=1> <it= 75> <et=1.34> <Mt= 0.01> <Spt= 0.11> <nCl= 14> <DB= -799.6163> <Mlp= -800.0000> <PB=-800> 
<DWph=0> <it= 80> <et=2.01> <Mt= 0.00> <Spt= 0.65> <nCl=466> <DB= -802.1358> <Mlp= -800.0000> <PB=-800> 
<DWph=0> <it= 81> <et=2.25> <Mt= 0.01> <Spt= 0.24> <nCl=  1> <DB= -800.6176> <Mlp= -800.0000> <PB=-800> 
ColGenEvalAlg final dual bound: -800.618 (rounded: -800)
New model incumbent solution -800, TIME = 0h0m2s25t = 225
************************************************************************************************
Search is finished, global bounds : [ -800 , -800 ], TIME = 0h0m2s25t = 225
************************************************************************************************
[32mBaPCod : solution defined.[00m
statistics_cols: instance & :Optimal & cutoff & :bcRecRootDb & :bcTimeRootEval & :bcCountNodeProc & :bcRecBestDb & :bcRecBestInc & :bcTimeMain \\
statistics: T3-100-1-2 & 1 & -798.99999 & -800.00 & 2.25 & 1 & -800.00 & -800 & 2.25 \\
########################################################
trip 1 : 1 26 24 9 7 30 16 6 22 19 23 18 17 15 5 8 4 10 33 14 3 
trip 2 : 3 13 21 20 12 11 27 32 31 28 34 25 29 2 
tour : 1 26 24 9 7 30 16 6 22 19 23 18 17 15 5 8 4 10 33 14 3 13 21 20 12 11 27 32 31 28 34 25 29 2
Cost 800.0
########################################################
