Application parameters:
  batch  =>  nothing
  tikz  =>  "/TIKZ/T3-105-1-2.tex"
  instance  =>  "/IN/T3-105-1-2.ophs"
  out  =>  "/OUT/T3-105-1-2.sol"
  nosolve  =>  false
  ub  =>  -800
  complete  =>  false
  cfg  =>  "/BWTSP/src/../config/OPHS.cfg"
VRPSolver warning: Interval set for resource 1 on source node (when source != sink) is ignored (by definition is [0.0,0.0])
VRPSolver warning: Interval set for resource 1 on source node (when source != sink) is ignored (by definition is [0.0,0.0])
[41m solve [00m
~~~~~~~~~~~~~~~~~~~~~~~~~~~~~~~~~~~~~~~~~~~~~~~~~~~~~~~~~~~~~~~~~~~~~~~~~~~~~~
VRPSolver v0.4.1, 24/03/2021. Web: vrpsolver.math.u-bordeaux.fr
Corresponds to the solver by Pessoa, Sadykov, Uchoa and Vanderbeck (2020)
Paper: dx.doi.org/10.1007/s10107-020-01523-z
USE THIS CODE ONLY FOR ACADEMIC PURPOSES AT YOUR OWN RISK
~~~~~~~~~~~~~~~~~~~~~~~~~~~~~~~~~~~~~~~~~~~~~~~~~~~~~~~~~~~~~~~~~~~~~~~~~~~~~~
BaPCod v053, 24/03/2021, © Inria Bordeaux, France
~~~~~~~~~~~~~~~~~~~~~~~~~~~~~~~~~~~~~~~~~~~~~~~~~~~~~~~~~~~~~~~~~~~~~~~~~~~~~~
VRPSolver parameters:
GlobalTimeLimit = 18000
MaxNbOfBBtreeNodeTreated = 100000
treeSearchStrategy = 1
RCSPstopCutGenTimeThresholdInPricing = 10
RCSPhardTimeThresholdInPricing = 25
RCSPnumberOfBucketsPerVertex = 25
RCSPdynamicBucketSteps = 1
RCSPuseBidirectionalSearch = 2
RCSPapplyReducedCostFixing = 1
RCSPredCostFixingFalseGap = 0
RCSPmaxNumOfColsPerIteration = 30
RCSPmaxNumOfColsPerExactIteration = 150
RCSPheurLabelingStrategy = 0
StabilizationMinPhaseOfStage = 0
RCSPmaxNumOfLabelsInEnumeration = 500000
RCSPmaxNumOfEnumeratedSolutions = 5000000
RCSPmaxNumOfEnumSolutionsForMIP = 10000
RCSPinitNGneighbourhoodSize = 8
RCSPmaxNGneighbourhoodSize = 8
RCSPrankOneCutsMaxNumPerRound = 100
RCSPrankOneCutsMaxNumRows = 5
RCSPrankOneCutsMemoryType = 0
CutTailingOffThreshold = 0.015
CutTailingOffCounterThreshold = 3
SafeDualBoundScaleFactor = -1
StrongBranchingPhaseOneCandidatesNumber = 100
StrongBranchingPhaseOneTreeSizeEstimRatio = 0.2
StrongBranchingPhaseTwoCandidatesNumber = 3
StrongBranchingPhaseTwoTreeSizeEstimRatio = 0.02
MaxTimeForRestrictedMasterIpHeur = -1
DivingHeurUseDepthLimit = 0
MaxLDSbreadth = 1
MaxLDSdepth = 10000
New model incumbent solution -799, TIME = 0h0m0s2t = 2
Model is built TIME = 0h0m0s79t = 79
************************************************************************************************
**** BaB tree root node
**** Local DB = -1e+12, global bounds : [ -1e+12 , -799 ], TIME = 0h0m0s79t = 79
**** 1 open nodes, 0 columns (0 active), 0 dyn. constrs. (0 active), 139 art. vars. (139 active)
************************************************************************************************
--------------------------------------------------------------------------
BaPCod info : first we run the root node with rank-1 cuts with node memory
--------------------------------------------------------------------------
<DWph=2> <it= 10> <et=0.82> <Mt= 0.00> <Spt= 0.02> <nCl= 59> <DB=-1082.7862> <Mlp= -743.8411> <PB=-798.99999> 
<DWph=2> <it= 20> <et=0.85> <Mt= 0.00> <Spt= 0.02> <nCl= 58> <DB= -827.1256> <Mlp= -774.4771> <PB=-798.99999> 
<DWph=2> <it= 30> <et=0.88> <Mt= 0.01> <Spt= 0.03> <nCl= 43> <DB= -807.4251> <Mlp= -794.5568> <PB=-798.99999> 
<DWph=2> <it= 40> <et=0.91> <Mt= 0.00> <Spt= 0.02> <nCl= 35> <DB= -800.0000> <Mlp= -800.0000> <PB=-798.99999> 
<DWph=1> <it= 41> <et=0.91> <Mt= 0.00> <Spt= 0.01> <nCl=  0> <DB= -800.0000> <Mlp= -800.0000> <PB=-798.99999> 
<DWph=0> <it= 42> <et=0.93> <Mt= 0.00> <Spt= 0.01> <nCl=  0> <DB= -800.0000> <Mlp= -800.0000> <PB=-798.99999> 
Reduced cost fixing for graph G_2... took 0.01 sec., 16090 buck. arcs remain (85.2% from prev., 32.9% from max.)
Run enumeration... took 1.25 sec. and not succeeded.
Reduced cost fixing for graph G_1... took 0.02 sec., 17961 buck. arcs remain (89.1% from prev., 37.3% from max.)
Run enumeration... took 0.2 sec. and not succeeded.
ColGenEvalAlg final dual bound: -800 (rounded: -800)
----- Add fac. cuts : R1C(166), max.viol = 0.398619, aver.viol = 0.238071, sep/add took 0/0.01 sec. -----
585 columns (585 active), 166 dyn. constrs. (166 active), 305 art. vars. (305 active)
<DWph=2> <it= 10> <et=2.56> <Mt= 0.05> <Spt= 0.06> <nCl= 60> <DB= -813.5565> <Mlp= -756.3368> <PB=-798.99999> 
<DWph=2> <it= 20> <et=2.66> <Mt= 0.04> <Spt= 0.05> <nCl= 57> <DB= -802.0257> <Mlp= -774.9752> <PB=-798.99999> 
<DWph=2> <it= 30> <et=2.76> <Mt= 0.03> <Spt= 0.06> <nCl= 52> <DB= -800.7655> <Mlp= -782.2387> <PB=-798.99999> 
<DWph=2> <it= 40> <et=2.85> <Mt= 0.04> <Spt= 0.05> <nCl= 54> <DB= -800.1646> <Mlp= -785.9520> <PB=-798.99999> 
<DWph=2> <it= 50> <et=2.93> <Mt= 0.02> <Spt= 0.06> <nCl= 36> <DB= -804.9878> <Mlp= -786.6616> <PB=-798.99999> 
<DWph=2> <it= 60> <et=3.07> <Mt= 0.06> <Spt= 0.08> <nCl= 27> <DB= -804.4630> <Mlp= -788.3333> <PB=-798.99999> 
<DWph=2> <it= 70> <et=3.23> <Mt= 0.06> <Spt= 0.09> <nCl= 16> <DB= -795.6017> <Mlp= -789.2955> <PB=-798.99999> 
<DWph=2> <it= 73> <et=3.26> <Mt= 0.00> <Spt= 0.02> <nCl=  3> <DB= -789.4282> <Mlp= -789.4433> <PB=-798.99999> 
<DWph=1> <it= 80> <et=3.64> <Mt= 0.05> <Spt= 0.32> <nCl= 36> <DB= -812.4569> <Mlp= -793.8966> <PB=-798.99999> 
<DWph=1> <it= 90> <et=4.26> <Mt= 0.13> <Spt= 0.48> <nCl= 44> <DB= -811.5289> <Mlp= -799.9087> <PB=-798.99999> 
<DWph=1> <it= 91> <et=4.36> <Mt= 0.00> <Spt= 0.10> <nCl=  0> <DB= -800.0000> <Mlp= -800.0000> <PB=-798.99999> 
<DWph=0> <it= 92> <et=4.36> <Mt= 0.00> <Spt= 0.00> <nCl=  0> <DB= -800.0000> <Mlp= -800.0000> <PB=-798.99999> 
ColGenEvalAlg final dual bound: -800 (rounded: -800)
Gap improvement since the last cut separation : 0 (-800)
----- Add fac. cuts : R1C(257), max.viol = 0.409086, aver.viol = 0.227643, sep/add took 0.02/0.09 sec. -----
1064 columns (1064 active), 423 dyn. constrs. (423 active), 562 art. vars. (562 active)
<DWph=2> <it= 10> <et=5.09> <Mt= 0.49> <Spt= 0.10> <nCl= 50> <DB= -804.9462> <Mlp= -788.9729> <PB=-798.99999> 
<DWph=2> <it= 20> <et=5.36> <Mt= 0.16> <Spt= 0.10> <nCl= 42> <DB= -800.9514> <Mlp= -790.8932> <PB=-798.99999> 
<DWph=2> <it= 30> <et=5.62> <Mt= 0.14> <Spt= 0.10> <nCl= 37> <DB= -800.1573> <Mlp= -791.8228> <PB=-798.99999> 
<DWph=2> <it= 40> <et=5.85> <Mt= 0.09> <Spt= 0.13> <nCl= 17> <DB= -799.3661> <Mlp= -791.9972> <PB=-798.99999> 
<DWph=2> <it= 50> <et=6.10> <Mt= 0.10> <Spt= 0.14> <nCl= 22> <DB= -795.8077> <Mlp= -792.3300> <PB=-798.99999> 
<DWph=2> <it= 51> <et=6.13> <Mt= 0.00> <Spt= 0.02> <nCl=  0> <DB= -792.3300> <Mlp= -792.3300> <PB=-798.99999> 
<DWph=1> <it= 60> <et=6.99> <Mt= 0.20> <Spt= 0.64> <nCl= 40> <DB= -804.1672> <Mlp= -793.4783> <PB=-798.99999> 
<DWph=1> <it= 66> <et=7.58> <Mt= 0.13> <Spt= 0.44> <nCl= 20> <DB= -802.3240> <Mlp= -800.0000> <PB=-800> 
ColGenEvalAlg final dual bound: -800 (rounded: -800)
Gap improvement since the last cut separation : 1 (-800)
New model incumbent solution -800, TIME = 0h0m7s59t = 759
************************************************************************************************
Search is finished, global bounds : [ -800 , -800 ], TIME = 0h0m7s59t = 759
************************************************************************************************
[32mBaPCod : solution defined.[00m
statistics_cols: instance & :Optimal & cutoff & :bcRecRootDb & :bcTimeRootEval & :bcCountNodeProc & :bcRecBestDb & :bcRecBestInc & :bcTimeMain \\
statistics: T3-105-1-2 & 1 & -798.99999 & -800.00 & 7.59 & 1 & -800.00 & -800 & 7.59 \\
########################################################
trip 1 : 1 26 24 9 7 30 16 6 22 19 18 23 17 15 5 8 4 34 25 29 3 
trip 2 : 3 27 11 12 20 21 13 14 33 10 31 32 28 2 
tour : 1 26 24 9 7 30 16 6 22 19 18 23 17 15 5 8 4 34 25 29 3 27 11 12 20 21 13 14 33 10 31 32 28 2
Cost 800.0
########################################################
