Application parameters:
  batch  =>  nothing
  tikz  =>  "/TIKZ/T3-65-1-2.tex"
  instance  =>  "/IN/T3-65-1-2.ophs"
  out  =>  "/OUT/T3-65-1-2.sol"
  nosolve  =>  false
  ub  =>  -610
  complete  =>  false
  cfg  =>  "/BWTSP/src/../config/OPHS.cfg"
VRPSolver warning: Interval set for resource 1 on source node (when source != sink) is ignored (by definition is [0.0,0.0])
VRPSolver warning: Interval set for resource 1 on source node (when source != sink) is ignored (by definition is [0.0,0.0])
[41m solve [00m
~~~~~~~~~~~~~~~~~~~~~~~~~~~~~~~~~~~~~~~~~~~~~~~~~~~~~~~~~~~~~~~~~~~~~~~~~~~~~~
VRPSolver v0.4.1, 24/03/2021. Web: vrpsolver.math.u-bordeaux.fr
Corresponds to the solver by Pessoa, Sadykov, Uchoa and Vanderbeck (2020)
Paper: dx.doi.org/10.1007/s10107-020-01523-z
USE THIS CODE ONLY FOR ACADEMIC PURPOSES AT YOUR OWN RISK
~~~~~~~~~~~~~~~~~~~~~~~~~~~~~~~~~~~~~~~~~~~~~~~~~~~~~~~~~~~~~~~~~~~~~~~~~~~~~~
BaPCod v053, 24/03/2021, © Inria Bordeaux, France
~~~~~~~~~~~~~~~~~~~~~~~~~~~~~~~~~~~~~~~~~~~~~~~~~~~~~~~~~~~~~~~~~~~~~~~~~~~~~~
VRPSolver parameters:
GlobalTimeLimit = 18000
MaxNbOfBBtreeNodeTreated = 100000
treeSearchStrategy = 1
RCSPstopCutGenTimeThresholdInPricing = 10
RCSPhardTimeThresholdInPricing = 25
RCSPnumberOfBucketsPerVertex = 25
RCSPdynamicBucketSteps = 1
RCSPuseBidirectionalSearch = 2
RCSPapplyReducedCostFixing = 1
RCSPredCostFixingFalseGap = 0
RCSPmaxNumOfColsPerIteration = 30
RCSPmaxNumOfColsPerExactIteration = 150
RCSPheurLabelingStrategy = 0
StabilizationMinPhaseOfStage = 0
RCSPmaxNumOfLabelsInEnumeration = 500000
RCSPmaxNumOfEnumeratedSolutions = 5000000
RCSPmaxNumOfEnumSolutionsForMIP = 10000
RCSPinitNGneighbourhoodSize = 8
RCSPmaxNGneighbourhoodSize = 8
RCSPrankOneCutsMaxNumPerRound = 100
RCSPrankOneCutsMaxNumRows = 5
RCSPrankOneCutsMemoryType = 0
CutTailingOffThreshold = 0.015
CutTailingOffCounterThreshold = 3
SafeDualBoundScaleFactor = -1
StrongBranchingPhaseOneCandidatesNumber = 100
StrongBranchingPhaseOneTreeSizeEstimRatio = 0.2
StrongBranchingPhaseTwoCandidatesNumber = 3
StrongBranchingPhaseTwoTreeSizeEstimRatio = 0.02
MaxTimeForRestrictedMasterIpHeur = -1
DivingHeurUseDepthLimit = 0
MaxLDSbreadth = 1
MaxLDSdepth = 10000
New model incumbent solution -609, TIME = 0h0m0s2t = 2
Model is built TIME = 0h0m0s81t = 81
************************************************************************************************
**** BaB tree root node
**** Local DB = -1e+12, global bounds : [ -1e+12 , -609 ], TIME = 0h0m0s81t = 81
**** 1 open nodes, 0 columns (0 active), 0 dyn. constrs. (0 active), 139 art. vars. (139 active)
************************************************************************************************
--------------------------------------------------------------------------
BaPCod info : first we run the root node with rank-1 cuts with node memory
--------------------------------------------------------------------------
<DWph=2> <it= 10> <et=0.83> <Mt= 0.00> <Spt= 0.02> <nCl= 55> <DB= -816.6667> <Mlp= -541.1111> <PB=-608.99999> 
<DWph=2> <it= 20> <et=0.86> <Mt= 0.00> <Spt= 0.02> <nCl= 51> <DB= -624.8459> <Mlp= -585.1991> <PB=-608.99999> 
<DWph=2> <it= 30> <et=0.88> <Mt= 0.00> <Spt= 0.02> <nCl= 23> <DB= -598.3981> <Mlp= -589.4444> <PB=-608.99999> 
<DWph=2> <it= 37> <et=0.90> <Mt= 0.01> <Spt= 0.01> <nCl= 16> <DB= -601.7330> <Mlp= -596.7830> <PB=-608.99999> 
<DWph=1> <it= 40> <et=0.93> <Mt= 0.00> <Spt= 0.03> <nCl=  9> <DB=-8696.7449> <Mlp= -599.5000> <PB=-608.99999> 
<DWph=1> <it= 50> <et=1.03> <Mt= 0.00> <Spt= 0.10> <nCl= 23> <DB= -610.0000> <Mlp= -610.0000> <PB=-610> 
<DWph=0> <it= 53> <et=1.14> <Mt= 0.00> <Spt= 0.11> <nCl= 53> <DB= -610.0000> <Mlp= -610.0000> <PB=-610> 
ColGenEvalAlg final dual bound: -610 (rounded: -610)
New model incumbent solution -610, TIME = 0h0m1s15t = 115
************************************************************************************************
Search is finished, global bounds : [ -610 , -610 ], TIME = 0h0m1s15t = 115
************************************************************************************************
[32mBaPCod : solution defined.[00m
statistics_cols: instance & :Optimal & cutoff & :bcRecRootDb & :bcTimeRootEval & :bcCountNodeProc & :bcRecBestDb & :bcRecBestInc & :bcTimeMain \\
statistics: T3-65-1-2 & 1 & -608.99999 & -610.00 & 1.15 & 1 & -610.00 & -610 & 1.15 \\
########################################################
trip 1 : 1 26 24 9 7 30 16 6 22 19 18 17 15 5 8 4 3 
trip 2 : 3 10 33 14 13 12 32 31 28 34 2 
tour : 1 26 24 9 7 30 16 6 22 19 18 17 15 5 8 4 3 10 33 14 13 12 32 31 28 34 2
Cost 610.0
########################################################
