Application parameters:
  batch  =>  nothing
  tikz  =>  "/TIKZ/T3-75-1-2.tex"
  instance  =>  "/IN/T3-75-1-2.ophs"
  out  =>  "/OUT/T3-75-1-2.sol"
  nosolve  =>  false
  ub  =>  -670
  complete  =>  false
  cfg  =>  "/BWTSP/src/../config/OPHS.cfg"
VRPSolver warning: Interval set for resource 1 on source node (when source != sink) is ignored (by definition is [0.0,0.0])
VRPSolver warning: Interval set for resource 1 on source node (when source != sink) is ignored (by definition is [0.0,0.0])
[41m solve [00m
~~~~~~~~~~~~~~~~~~~~~~~~~~~~~~~~~~~~~~~~~~~~~~~~~~~~~~~~~~~~~~~~~~~~~~~~~~~~~~
VRPSolver v0.4.1, 24/03/2021. Web: vrpsolver.math.u-bordeaux.fr
Corresponds to the solver by Pessoa, Sadykov, Uchoa and Vanderbeck (2020)
Paper: dx.doi.org/10.1007/s10107-020-01523-z
USE THIS CODE ONLY FOR ACADEMIC PURPOSES AT YOUR OWN RISK
~~~~~~~~~~~~~~~~~~~~~~~~~~~~~~~~~~~~~~~~~~~~~~~~~~~~~~~~~~~~~~~~~~~~~~~~~~~~~~
BaPCod v053, 24/03/2021, © Inria Bordeaux, France
~~~~~~~~~~~~~~~~~~~~~~~~~~~~~~~~~~~~~~~~~~~~~~~~~~~~~~~~~~~~~~~~~~~~~~~~~~~~~~
VRPSolver parameters:
GlobalTimeLimit = 18000
MaxNbOfBBtreeNodeTreated = 100000
treeSearchStrategy = 1
RCSPstopCutGenTimeThresholdInPricing = 10
RCSPhardTimeThresholdInPricing = 25
RCSPnumberOfBucketsPerVertex = 25
RCSPdynamicBucketSteps = 1
RCSPuseBidirectionalSearch = 2
RCSPapplyReducedCostFixing = 1
RCSPredCostFixingFalseGap = 0
RCSPmaxNumOfColsPerIteration = 30
RCSPmaxNumOfColsPerExactIteration = 150
RCSPheurLabelingStrategy = 0
StabilizationMinPhaseOfStage = 0
RCSPmaxNumOfLabelsInEnumeration = 500000
RCSPmaxNumOfEnumeratedSolutions = 5000000
RCSPmaxNumOfEnumSolutionsForMIP = 10000
RCSPinitNGneighbourhoodSize = 8
RCSPmaxNGneighbourhoodSize = 8
RCSPrankOneCutsMaxNumPerRound = 100
RCSPrankOneCutsMaxNumRows = 5
RCSPrankOneCutsMemoryType = 0
CutTailingOffThreshold = 0.015
CutTailingOffCounterThreshold = 3
SafeDualBoundScaleFactor = -1
StrongBranchingPhaseOneCandidatesNumber = 100
StrongBranchingPhaseOneTreeSizeEstimRatio = 0.2
StrongBranchingPhaseTwoCandidatesNumber = 3
StrongBranchingPhaseTwoTreeSizeEstimRatio = 0.02
MaxTimeForRestrictedMasterIpHeur = -1
DivingHeurUseDepthLimit = 0
MaxLDSbreadth = 1
MaxLDSdepth = 10000
New model incumbent solution -669, TIME = 0h0m0s2t = 2
Model is built TIME = 0h0m0s80t = 80
************************************************************************************************
**** BaB tree root node
**** Local DB = -1e+12, global bounds : [ -1e+12 , -669 ], TIME = 0h0m0s80t = 80
**** 1 open nodes, 0 columns (0 active), 0 dyn. constrs. (0 active), 139 art. vars. (139 active)
************************************************************************************************
--------------------------------------------------------------------------
BaPCod info : first we run the root node with rank-1 cuts with node memory
--------------------------------------------------------------------------
<DWph=2> <it= 10> <et=0.82> <Mt= 0.00> <Spt= 0.02> <nCl= 57> <DB= -894.4444> <Mlp= -614.4444> <PB=-668.99999> 
<DWph=2> <it= 20> <et=0.85> <Mt= 0.00> <Spt= 0.02> <nCl= 56> <DB= -696.0097> <Mlp= -647.1099> <PB=-668.99999> 
<DWph=2> <it= 30> <et=0.87> <Mt= 0.00> <Spt= 0.02> <nCl= 43> <DB= -683.5582> <Mlp= -660.9375> <PB=-668.99999> 
<DWph=2> <it= 40> <et=0.90> <Mt= 0.01> <Spt= 0.02> <nCl= 26> <DB= -670.9615> <Mlp= -664.0909> <PB=-668.99999> 
<DWph=2> <it= 44> <et=0.91> <Mt= 0.00> <Spt= 0.01> <nCl=  7> <DB= -662.5758> <Mlp= -664.2424> <PB=-668.99999> 
<DWph=1> <it= 50> <et=0.98> <Mt= 0.00> <Spt= 0.07> <nCl= 21> <DB= -678.4603> <Mlp= -670.0000> <PB=-670> 
<DWph=1> <it= 59> <et=1.12> <Mt= 0.01> <Spt= 0.13> <nCl= 16> <DB= -670.0000> <Mlp= -670.0000> <PB=-670> 
<DWph=0> <it= 60> <et=1.18> <Mt= 0.00> <Spt= 0.06> <nCl= 19> <DB= -678.5714> <Mlp= -670.0000> <PB=-670> 
<DWph=0> <it= 61> <et=1.26> <Mt= 0.00> <Spt= 0.07> <nCl=  0> <DB= -670.0000> <Mlp= -670.0000> <PB=-670> 
ColGenEvalAlg final dual bound: -670 (rounded: -670)
New model incumbent solution -670, TIME = 0h0m1s26t = 126
************************************************************************************************
Search is finished, global bounds : [ -670 , -670 ], TIME = 0h0m1s26t = 126
************************************************************************************************
[32mBaPCod : solution defined.[00m
statistics_cols: instance & :Optimal & cutoff & :bcRecRootDb & :bcTimeRootEval & :bcCountNodeProc & :bcRecBestDb & :bcRecBestInc & :bcTimeMain \\
statistics: T3-75-1-2 & 1 & -668.99999 & -670.00 & 1.26 & 1 & -670.00 & -670 & 1.26 \\
########################################################
trip 1 : 1 27 11 12 32 31 14 33 10 4 8 5 15 3 
trip 2 : 3 17 18 23 19 22 6 16 30 7 9 24 26 29 25 2 
tour : 1 27 11 12 32 31 14 33 10 4 8 5 15 3 17 18 23 19 22 6 16 30 7 9 24 26 29 25 2
Cost 670.0
########################################################
