Application parameters:
  batch  =>  nothing
  tikz  =>  "/TIKZ/T3-85-1-2.tex"
  instance  =>  "/IN/T3-85-1-2.ophs"
  out  =>  "/OUT/T3-85-1-2.sol"
  nosolve  =>  false
  ub  =>  -740
  complete  =>  false
  cfg  =>  "/BWTSP/src/../config/OPHS.cfg"
VRPSolver warning: Interval set for resource 1 on source node (when source != sink) is ignored (by definition is [0.0,0.0])
VRPSolver warning: Interval set for resource 1 on source node (when source != sink) is ignored (by definition is [0.0,0.0])
[41m solve [00m
~~~~~~~~~~~~~~~~~~~~~~~~~~~~~~~~~~~~~~~~~~~~~~~~~~~~~~~~~~~~~~~~~~~~~~~~~~~~~~
VRPSolver v0.4.1, 24/03/2021. Web: vrpsolver.math.u-bordeaux.fr
Corresponds to the solver by Pessoa, Sadykov, Uchoa and Vanderbeck (2020)
Paper: dx.doi.org/10.1007/s10107-020-01523-z
USE THIS CODE ONLY FOR ACADEMIC PURPOSES AT YOUR OWN RISK
~~~~~~~~~~~~~~~~~~~~~~~~~~~~~~~~~~~~~~~~~~~~~~~~~~~~~~~~~~~~~~~~~~~~~~~~~~~~~~
BaPCod v053, 24/03/2021, © Inria Bordeaux, France
~~~~~~~~~~~~~~~~~~~~~~~~~~~~~~~~~~~~~~~~~~~~~~~~~~~~~~~~~~~~~~~~~~~~~~~~~~~~~~
VRPSolver parameters:
GlobalTimeLimit = 18000
MaxNbOfBBtreeNodeTreated = 100000
treeSearchStrategy = 1
RCSPstopCutGenTimeThresholdInPricing = 10
RCSPhardTimeThresholdInPricing = 25
RCSPnumberOfBucketsPerVertex = 25
RCSPdynamicBucketSteps = 1
RCSPuseBidirectionalSearch = 2
RCSPapplyReducedCostFixing = 1
RCSPredCostFixingFalseGap = 0
RCSPmaxNumOfColsPerIteration = 30
RCSPmaxNumOfColsPerExactIteration = 150
RCSPheurLabelingStrategy = 0
StabilizationMinPhaseOfStage = 0
RCSPmaxNumOfLabelsInEnumeration = 500000
RCSPmaxNumOfEnumeratedSolutions = 5000000
RCSPmaxNumOfEnumSolutionsForMIP = 10000
RCSPinitNGneighbourhoodSize = 8
RCSPmaxNGneighbourhoodSize = 8
RCSPrankOneCutsMaxNumPerRound = 100
RCSPrankOneCutsMaxNumRows = 5
RCSPrankOneCutsMemoryType = 0
CutTailingOffThreshold = 0.015
CutTailingOffCounterThreshold = 3
SafeDualBoundScaleFactor = -1
StrongBranchingPhaseOneCandidatesNumber = 100
StrongBranchingPhaseOneTreeSizeEstimRatio = 0.2
StrongBranchingPhaseTwoCandidatesNumber = 3
StrongBranchingPhaseTwoTreeSizeEstimRatio = 0.02
MaxTimeForRestrictedMasterIpHeur = -1
DivingHeurUseDepthLimit = 0
MaxLDSbreadth = 1
MaxLDSdepth = 10000
New model incumbent solution -739, TIME = 0h0m0s2t = 2
Model is built TIME = 0h0m0s79t = 79
************************************************************************************************
**** BaB tree root node
**** Local DB = -1e+12, global bounds : [ -1e+12 , -739 ], TIME = 0h0m0s79t = 79
**** 1 open nodes, 0 columns (0 active), 0 dyn. constrs. (0 active), 139 art. vars. (139 active)
************************************************************************************************
--------------------------------------------------------------------------
BaPCod info : first we run the root node with rank-1 cuts with node memory
--------------------------------------------------------------------------
<DWph=2> <it= 10> <et=0.82> <Mt= 0.00> <Spt= 0.02> <nCl= 58> <DB=-1231.0938> <Mlp= -647.6562> <PB=-738.99999> 
<DWph=2> <it= 20> <et=0.84> <Mt= 0.00> <Spt= 0.02> <nCl= 57> <DB= -760.7359> <Mlp= -698.6364> <PB=-738.99999> 
<DWph=2> <it= 30> <et=0.87> <Mt= 0.01> <Spt= 0.02> <nCl= 43> <DB= -722.9525> <Mlp= -715.7143> <PB=-738.99999> 
<DWph=2> <it= 36> <et=0.89> <Mt= 0.00> <Spt= 0.02> <nCl= 13> <DB= -744.2069> <Mlp= -716.2069> <PB=-738.99999> 
<DWph=1> <it= 40> <et=0.94> <Mt= 0.00> <Spt= 0.05> <nCl= 21> <DB= -754.9219> <Mlp= -722.1622> <PB=-738.99999> 
<DWph=1> <it= 42> <et=0.96> <Mt= 0.00> <Spt= 0.01> <nCl=  3> <DB= -743.4635> <Mlp= -740.0000> <PB=-740> 
<DWph=0> <it= 46> <et=1.28> <Mt= 0.00> <Spt= 0.32> <nCl=740> <DB= -740.7684> <Mlp= -740.0000> <PB=-740> 
ColGenEvalAlg final dual bound: -740.768 (rounded: -740)
New model incumbent solution -740, TIME = 0h0m1s28t = 128
************************************************************************************************
Search is finished, global bounds : [ -740 , -740 ], TIME = 0h0m1s28t = 128
************************************************************************************************
[32mBaPCod : solution defined.[00m
statistics_cols: instance & :Optimal & cutoff & :bcRecRootDb & :bcTimeRootEval & :bcCountNodeProc & :bcRecBestDb & :bcRecBestInc & :bcTimeMain \\
statistics: T3-85-1-2 & 1 & -738.99999 & -740.00 & 1.28 & 1 & -740.00 & -740 & 1.28 \\
########################################################
trip 1 : 1 26 27 11 12 20 21 13 32 28 31 14 3 
trip 2 : 3 33 10 4 8 5 15 17 18 19 22 6 16 30 7 9 24 29 25 2 
tour : 1 26 27 11 12 20 21 13 32 28 31 14 3 33 10 4 8 5 15 17 18 19 22 6 16 30 7 9 24 29 25 2
Cost 740.0
########################################################
