Application parameters:
  batch  =>  nothing
  tikz  =>  "/TIKZ/T3-80-1-2.tex"
  instance  =>  "/IN/T3-80-1-2.ophs"
  out  =>  "/OUT/T3-80-1-2.sol"
  nosolve  =>  false
  ub  =>  -710
  complete  =>  false
  cfg  =>  "/BWTSP/src/../config/OPHS.cfg"
VRPSolver warning: Interval set for resource 1 on source node (when source != sink) is ignored (by definition is [0.0,0.0])
VRPSolver warning: Interval set for resource 1 on source node (when source != sink) is ignored (by definition is [0.0,0.0])
[41m solve [00m
~~~~~~~~~~~~~~~~~~~~~~~~~~~~~~~~~~~~~~~~~~~~~~~~~~~~~~~~~~~~~~~~~~~~~~~~~~~~~~
VRPSolver v0.4.1, 24/03/2021. Web: vrpsolver.math.u-bordeaux.fr
Corresponds to the solver by Pessoa, Sadykov, Uchoa and Vanderbeck (2020)
Paper: dx.doi.org/10.1007/s10107-020-01523-z
USE THIS CODE ONLY FOR ACADEMIC PURPOSES AT YOUR OWN RISK
~~~~~~~~~~~~~~~~~~~~~~~~~~~~~~~~~~~~~~~~~~~~~~~~~~~~~~~~~~~~~~~~~~~~~~~~~~~~~~
BaPCod v053, 24/03/2021, © Inria Bordeaux, France
~~~~~~~~~~~~~~~~~~~~~~~~~~~~~~~~~~~~~~~~~~~~~~~~~~~~~~~~~~~~~~~~~~~~~~~~~~~~~~
VRPSolver parameters:
GlobalTimeLimit = 18000
MaxNbOfBBtreeNodeTreated = 100000
treeSearchStrategy = 1
RCSPstopCutGenTimeThresholdInPricing = 10
RCSPhardTimeThresholdInPricing = 25
RCSPnumberOfBucketsPerVertex = 25
RCSPdynamicBucketSteps = 1
RCSPuseBidirectionalSearch = 2
RCSPapplyReducedCostFixing = 1
RCSPredCostFixingFalseGap = 0
RCSPmaxNumOfColsPerIteration = 30
RCSPmaxNumOfColsPerExactIteration = 150
RCSPheurLabelingStrategy = 0
StabilizationMinPhaseOfStage = 0
RCSPmaxNumOfLabelsInEnumeration = 500000
RCSPmaxNumOfEnumeratedSolutions = 5000000
RCSPmaxNumOfEnumSolutionsForMIP = 10000
RCSPinitNGneighbourhoodSize = 8
RCSPmaxNGneighbourhoodSize = 8
RCSPrankOneCutsMaxNumPerRound = 100
RCSPrankOneCutsMaxNumRows = 5
RCSPrankOneCutsMemoryType = 0
CutTailingOffThreshold = 0.015
CutTailingOffCounterThreshold = 3
SafeDualBoundScaleFactor = -1
StrongBranchingPhaseOneCandidatesNumber = 100
StrongBranchingPhaseOneTreeSizeEstimRatio = 0.2
StrongBranchingPhaseTwoCandidatesNumber = 3
StrongBranchingPhaseTwoTreeSizeEstimRatio = 0.02
MaxTimeForRestrictedMasterIpHeur = -1
DivingHeurUseDepthLimit = 0
MaxLDSbreadth = 1
MaxLDSdepth = 10000
New model incumbent solution -709, TIME = 0h0m0s2t = 2
Model is built TIME = 0h0m0s80t = 80
************************************************************************************************
**** BaB tree root node
**** Local DB = -1e+12, global bounds : [ -1e+12 , -709 ], TIME = 0h0m0s80t = 80
**** 1 open nodes, 0 columns (0 active), 0 dyn. constrs. (0 active), 139 art. vars. (139 active)
************************************************************************************************
--------------------------------------------------------------------------
BaPCod info : first we run the root node with rank-1 cuts with node memory
--------------------------------------------------------------------------
<DWph=2> <it= 10> <et=0.83> <Mt= 0.00> <Spt= 0.02> <nCl= 57> <DB= -795.3846> <Mlp= -654.6154> <PB=-708.99999> 
<DWph=2> <it= 20> <et=0.85> <Mt= 0.00> <Spt= 0.02> <nCl= 55> <DB= -717.0551> <Mlp= -682.0000> <PB=-708.99999> 
<DWph=2> <it= 30> <et=0.88> <Mt= 0.00> <Spt= 0.02> <nCl= 29> <DB= -705.1413> <Mlp= -691.3793> <PB=-708.99999> 
<DWph=2> <it= 38> <et=0.90> <Mt= 0.01> <Spt= 0.02> <nCl= 15> <DB= -699.7139> <Mlp= -693.5802> <PB=-708.99999> 
<DWph=1> <it= 40> <et=0.92> <Mt= 0.00> <Spt= 0.02> <nCl=  6> <DB= -704.7738> <Mlp= -693.8961> <PB=-708.99999> 
<DWph=1> <it= 50> <et=1.09> <Mt= 0.00> <Spt= 0.16> <nCl= 25> <DB= -704.3914> <Mlp= -698.3333> <PB=-708.99999> 
<DWph=1> <it= 54> <et=1.17> <Mt= 0.00> <Spt= 0.09> <nCl=  5> <DB= -698.3333> <Mlp= -698.3333> <PB=-708.99999> 
<DWph=0> <it= 57> <et=1.35> <Mt= 0.01> <Spt= 0.17> <nCl=108> <DB= -710.8669> <Mlp= -710.0000> <PB=-710> 
ColGenEvalAlg final dual bound: -710.867 (rounded: -710)
New model incumbent solution -710, TIME = 0h0m1s36t = 136
************************************************************************************************
Search is finished, global bounds : [ -710 , -710 ], TIME = 0h0m1s36t = 136
************************************************************************************************
[32mBaPCod : solution defined.[00m
statistics_cols: instance & :Optimal & cutoff & :bcRecRootDb & :bcTimeRootEval & :bcCountNodeProc & :bcRecBestDb & :bcRecBestInc & :bcTimeMain \\
statistics: T3-80-1-2 & 1 & -708.99999 & -710.00 & 1.36 & 1 & -710.00 & -710 & 1.36 \\
########################################################
trip 1 : 1 26 24 9 7 30 16 6 22 19 18 17 15 5 8 4 10 33 14 3 
trip 2 : 3 31 32 13 21 20 12 11 27 2 
tour : 1 26 24 9 7 30 16 6 22 19 18 17 15 5 8 4 10 33 14 3 31 32 13 21 20 12 11 27 2
Cost 710.0
########################################################
