Application parameters:
  batch  =>  nothing
  tikz  =>  "/TIKZ/T3-95-1-2.tex"
  instance  =>  "/IN/T3-95-1-2.ophs"
  out  =>  "/OUT/T3-95-1-2.sol"
  nosolve  =>  false
  ub  =>  -790
  complete  =>  false
  cfg  =>  "/BWTSP/src/../config/OPHS.cfg"
VRPSolver warning: Interval set for resource 1 on source node (when source != sink) is ignored (by definition is [0.0,0.0])
VRPSolver warning: Interval set for resource 1 on source node (when source != sink) is ignored (by definition is [0.0,0.0])
[41m solve [00m
~~~~~~~~~~~~~~~~~~~~~~~~~~~~~~~~~~~~~~~~~~~~~~~~~~~~~~~~~~~~~~~~~~~~~~~~~~~~~~
VRPSolver v0.4.1, 24/03/2021. Web: vrpsolver.math.u-bordeaux.fr
Corresponds to the solver by Pessoa, Sadykov, Uchoa and Vanderbeck (2020)
Paper: dx.doi.org/10.1007/s10107-020-01523-z
USE THIS CODE ONLY FOR ACADEMIC PURPOSES AT YOUR OWN RISK
~~~~~~~~~~~~~~~~~~~~~~~~~~~~~~~~~~~~~~~~~~~~~~~~~~~~~~~~~~~~~~~~~~~~~~~~~~~~~~
BaPCod v053, 24/03/2021, © Inria Bordeaux, France
~~~~~~~~~~~~~~~~~~~~~~~~~~~~~~~~~~~~~~~~~~~~~~~~~~~~~~~~~~~~~~~~~~~~~~~~~~~~~~
VRPSolver parameters:
GlobalTimeLimit = 18000
MaxNbOfBBtreeNodeTreated = 100000
treeSearchStrategy = 1
RCSPstopCutGenTimeThresholdInPricing = 10
RCSPhardTimeThresholdInPricing = 25
RCSPnumberOfBucketsPerVertex = 25
RCSPdynamicBucketSteps = 1
RCSPuseBidirectionalSearch = 2
RCSPapplyReducedCostFixing = 1
RCSPredCostFixingFalseGap = 0
RCSPmaxNumOfColsPerIteration = 30
RCSPmaxNumOfColsPerExactIteration = 150
RCSPheurLabelingStrategy = 0
StabilizationMinPhaseOfStage = 0
RCSPmaxNumOfLabelsInEnumeration = 500000
RCSPmaxNumOfEnumeratedSolutions = 5000000
RCSPmaxNumOfEnumSolutionsForMIP = 10000
RCSPinitNGneighbourhoodSize = 8
RCSPmaxNGneighbourhoodSize = 8
RCSPrankOneCutsMaxNumPerRound = 100
RCSPrankOneCutsMaxNumRows = 5
RCSPrankOneCutsMemoryType = 0
CutTailingOffThreshold = 0.015
CutTailingOffCounterThreshold = 3
SafeDualBoundScaleFactor = -1
StrongBranchingPhaseOneCandidatesNumber = 100
StrongBranchingPhaseOneTreeSizeEstimRatio = 0.2
StrongBranchingPhaseTwoCandidatesNumber = 3
StrongBranchingPhaseTwoTreeSizeEstimRatio = 0.02
MaxTimeForRestrictedMasterIpHeur = -1
DivingHeurUseDepthLimit = 0
MaxLDSbreadth = 1
MaxLDSdepth = 10000
New model incumbent solution -789, TIME = 0h0m0s2t = 2
Model is built TIME = 0h0m0s79t = 79
************************************************************************************************
**** BaB tree root node
**** Local DB = -1e+12, global bounds : [ -1e+12 , -789 ], TIME = 0h0m0s79t = 79
**** 1 open nodes, 0 columns (0 active), 0 dyn. constrs. (0 active), 139 art. vars. (139 active)
************************************************************************************************
--------------------------------------------------------------------------
BaPCod info : first we run the root node with rank-1 cuts with node memory
--------------------------------------------------------------------------
<DWph=2> <it= 10> <et=0.82> <Mt= 0.00> <Spt= 0.02> <nCl= 60> <DB=-1359.1379> <Mlp= -702.2414> <PB=-788.99999> 
<DWph=2> <it= 20> <et=0.85> <Mt= 0.00> <Spt= 0.02> <nCl= 60> <DB= -817.3280> <Mlp= -736.5143> <PB=-788.99999> 
<DWph=2> <it= 30> <et=0.88> <Mt= 0.01> <Spt= 0.02> <nCl= 41> <DB= -799.3300> <Mlp= -761.1673> <PB=-788.99999> 
<DWph=2> <it= 40> <et=0.91> <Mt= 0.00> <Spt= 0.03> <nCl= 30> <DB= -793.1892> <Mlp= -771.1111> <PB=-788.99999> 
<DWph=2> <it= 46> <et=0.93> <Mt= 0.00> <Spt= 0.01> <nCl= 11> <DB= -772.5227> <Mlp= -772.7273> <PB=-788.99999> 
<DWph=1> <it= 50> <et=0.99> <Mt= 0.00> <Spt= 0.06> <nCl= 24> <DB= -800.8521> <Mlp= -778.2353> <PB=-788.99999> 
<DWph=1> <it= 60> <et=1.14> <Mt= 0.01> <Spt= 0.15> <nCl= 36> <DB= -791.9350> <Mlp= -790.0000> <PB=-790> 
<DWph=1> <it= 63> <et=1.21> <Mt= 0.00> <Spt= 0.07> <nCl= 13> <DB= -805.1225> <Mlp= -790.0000> <PB=-790> 
<DWph=0> <it= 68> <et=1.74> <Mt= 0.00> <Spt= 0.52> <nCl=254> <DB= -790.0000> <Mlp= -790.0000> <PB=-790> 
ColGenEvalAlg final dual bound: -790 (rounded: -790)
New model incumbent solution -790, TIME = 0h0m1s74t = 174
************************************************************************************************
Search is finished, global bounds : [ -790 , -790 ], TIME = 0h0m1s74t = 174
************************************************************************************************
[32mBaPCod : solution defined.[00m
statistics_cols: instance & :Optimal & cutoff & :bcRecRootDb & :bcTimeRootEval & :bcCountNodeProc & :bcRecBestDb & :bcRecBestInc & :bcTimeMain \\
statistics: T3-95-1-2 & 1 & -788.99999 & -790.00 & 1.74 & 1 & -790.00 & -790 & 1.74 \\
########################################################
trip 1 : 1 26 24 9 7 30 16 6 5 22 19 23 18 17 15 8 4 10 33 3 
trip 2 : 3 14 13 21 20 12 11 32 31 28 34 25 29 2 
tour : 1 26 24 9 7 30 16 6 5 22 19 23 18 17 15 8 4 10 33 3 14 13 21 20 12 11 32 31 28 34 25 29 2
Cost 790.0
########################################################
