Application parameters:
  batch  =>  nothing
  tikz  =>  nothing
  instance  =>  "/IN/h10_c50_k100_09.txt"
  out  =>  nothing
  nosolve  =>  false
  ub  =>  1.0e7
  qvalue  =>  14
  cfg  =>  "/BWTSP/src/../config/TSPHS.cfg"
  sol  =>  nothing
########################################################
[41m solve [00m
Info about modified params should be ignored for params which are not in the config file.
Such warnings may have been triggered because the default value of the param was modified.
 BaPCod info - PARAM MODIFIED : 
     StabilizationFunctionType::none 
     ===> 
     StabilFuncInnerAngle = 0 and StabilFuncOuterAngle = 0 
 BaPCod info - PARAM MODIFIED : 
     colGenStabilizationFunctionType::none 
     ===> 
     colGenProximalStabilizationRule::undefined 
~~~~~~~~~~~~~~~~~~~~~~~~~~~~~~~~~~~~~~~~~~~~~~~~~~~~~~~~~~~~~~~~~~~~~~~~~~~~~~
VRPSolver v0.4.1, 24/03/2021. Web: vrpsolver.math.u-bordeaux.fr
Corresponds to the solver by Pessoa, Sadykov, Uchoa and Vanderbeck (2020)
Paper: dx.doi.org/10.1007/s10107-020-01523-z
USE THIS CODE ONLY FOR ACADEMIC PURPOSES AT YOUR OWN RISK
~~~~~~~~~~~~~~~~~~~~~~~~~~~~~~~~~~~~~~~~~~~~~~~~~~~~~~~~~~~~~~~~~~~~~~~~~~~~~~
BaPCod v053, 24/03/2021, © Inria Bordeaux, France
~~~~~~~~~~~~~~~~~~~~~~~~~~~~~~~~~~~~~~~~~~~~~~~~~~~~~~~~~~~~~~~~~~~~~~~~~~~~~~
/* SOLUTION MODE */
  ovfSolMode = none
  masterSolMode = mipSolver
  colGenSubProbSolMode = customSolver
  sepSubProbSolMode = mipSolver

/* MIP SOLVER PARAMETERS */ 
MipSolverMaxBBNodes = 2000000
MipSolverMaxTime = 360000
MipSolverRecordNamesInFormulation = true
nameVarConstrInFormulations = true

/* BRANCH-AND-PRICE CONTROL PARAMETERS */  
MaxNbOfCgIterations = 100000
MaxNbOfBendersIterations = 5000
MaxNbOfBBtreeNodeTreated = 100000

 /* STABILIZATION OF COLUMN GENERATION CONTROL PARAMETERS */ 
mastInitMode = localArtCol
colGenDualPriceSmoothingRule = Wentges
bendersPrimalSolSmoothingRule = none

/* STRATEGIES FOR COLUMN GENERATION CONTROL PARAMETERS */ 
Search4NegRedCostColInInactivePool = false
MultiColGeneration = true

/* STRATEGIES FOR SEPARATION CONTROL PARAMETERS */ 
bendersSpInitMode = localArtVar
bendersSpInitModeUseLocalArtVarForEqualityConstraints = false
BendersSepOracleNthreads = 0
bendersCutGenerationMode = cutAndBranch
bendersMultiSolnCutGen = true
bendersMultiSolnCutGenPoolCapacity = 0
bendersMultiSolnCutGenEleminateSeenSolns = false

/* PRIMAL HEURISTIC CONTROL PARAMETERS */ 
UseInitialPrimalHeur = false
UseDivingHeur = true
UseRestrictedMasterIpHeur = true

/* Code OUTPUT CONTROL  */ 
DEFAULTPRINTLEVEL = 0
ClockType = 0

/* SOLVER Name */
solverName = CPLEX_SOLVER

/* ADVANCED USER PARAMETERS */
ApplyPreprocessing = true
ApplyStrongBranchingEvaluation = true
StrongBranchingParameter4MaxNbOfCandidates = 10
MaxNbOfStagesInColGenProcedure = 3
GenerateProperColumns = false
DynamicSpVarGen = false
bendersCutScaling = false

!!-- ADVANCED PARAMETERS --!! 

/* MIP SOLVER PARAMETERS */ 
MipSolverMaxNbLpIterations = 2147483645
RequiredSolStatForOvf = SolutionStatus includes     Optimum ,    PrimalFeasSolFound ,

PreprocessorOnForOvf = true
ProbingOnForOvf = true
AutomaticCuttingPlanesOnForOvf = true
SolverSelectForOvf = d
RequiredSolStatForMast = SolutionStatus includes     Optimum ,    DualFeasSolFound ,    OptimumUnscalInfeas ,

PreprocessorOnForMast = true
ProbingOnForMast = true
AutomaticCuttingPlanesOnForMast = true
SolverSelectForMast = a
SolverSelectForMastAfterBarrierConvergence = d
RequiredSolStatForColGenSp = SolutionStatus includes     Optimum ,    PrimalFeasSolFound ,

PreprocessorOnForColGenSp = true
ProbingOnForColGenSp = true
AutomaticCuttingPlanesOnForColGenSp = true
SolverSelectForSepSp = d
RequiredSolStatForSepSp = SolutionStatus includes     Optimum ,    PrimalFeasSolFound ,

PreprocessorOnForSepSp = true
ProbingOnForSepSp = true
AutomaticCuttingPlanesOnForSepSp = true
SolverSelectForSepSp = d
SafeDualBoundScaleFactor = -1
MasterMipSolverRightHAndSideZeroTol = 1e-07
MasterMipSolverReducedCostTolerance = 1e-07
MasterMipSolverClassicalBendersWarmStart = false
MasterMipSolverClassicalBendersEpGap = 0.01
MasterMipSolverClassicalBendersEpGapFactor = 0.5
MasterMipSolverClassicalBendersMIPEmphasis = 0
MasterMipSolverBarrierMinConvergTol = 1e-06
MasterMipSolverBarrierConvergTolFactor = 0.01
ColGenMipSolverRightHAndSideZeroTol = 1e-08
ColGenMipSolverReducedCostTolerance = 1e-06
BendersSpMipSolverRightHAndSideZeroTol = 1e-06
BendersSpMipSolverReducedCostTolerance = 1e-08
MipSolverMultiThread = 1
MipSolverIntegerFeasibility = 1e-08
MipSolverNbOfExtraRows = 1000
MipSolverNbOfExtraCols = 1000
MipSolverNbOfExtraGlobalEntities = 10000
MipSolverNbOfExtraMatrixElements = 50000
MipSolverNbOfExtraElementsInPresolve = 1000

/* BRANCH-AND-PRICE CONTROL PARAMETERS */  
MaxNbOfColPerIteration = 1
MaxDepthInBBtree = 5000
StopWhenBranchingFails = true
fullSearchForBestBranchingSet = true
BapCodReducedCostTolerance = 1e-06
BapCodCutViolationTolerance = 0.02
BapCodIntegralityTolerance = 1e-08
treeSearchStrategy = 1

/* BRANCH-AND-PRICE OPTION PARAMETERS */ 
PseudoLagrangianBounds = false
DCP_MaxIterWithSameSg = 0
TestAggregateMasterSol4Integrality = false
VerifyColsIntegralityInTestSolForIntegrality = false
BranchFirstOnPureMasterVariables = true
BranchFirstOnSubProblemVariables = false
StrongBranchingParameter4BestVsWorstBd = 0.9
StrongBranchingParameter4MaxNbOfCandidatesAfterRM = 5
StrongBranchingParameter4NodesNbRatio = 0.1
StrongBranchingParameter4NotPromissingConservativeness = 1
StrongBranchingPhaseOne = max#cand. = 100 max#cg.iters = 0 min.lvl.sp.restr. = 0 min#cut.rounds = 0 max#cut.rounds = 0 red.cost.fix&enum. = false tree.size.ratio = 0.2
StrongBranchingPhaseTwo = max#cand. = 3 max#cg.iters = 10000 min.lvl.sp.restr. = 1 min#cut.rounds = 0 max#cut.rounds = 0 red.cost.fix&enum. = false tree.size.ratio = 0.02
StrongBranchingPhaseThree = max#cand. = 1 max#cg.iters = 10000 min.lvl.sp.restr. = 0 min#cut.rounds = 0 max#cut.rounds = 10000 red.cost.fix&enum. = true tree.size.ratio = 1
StrongBranchingPhaseFour =not active
StrongBranchingPhaseOneCandidatesNumber = 100
StrongBranchingPhaseOneTreeSizeEstimRatio = 0.2
StrongBranchingPhaseTwoCandidatesNumber = 3
StrongBranchingPhaseTwoTreeSizeEstimRatio = 0.02
StrongBranchingExactPhaseInterrupt = false
StrongBranchingUseHistorySubtreeSize = false
TerminateCgWhenRoundedDbCannotImprove = false
UseObjScalingFact = false
UseMasterCuttingPlanes = true
ExploreCutPoolBeforeSeparation = true
GoIntoSeparationEvenIfViolatedCutsFromPool = false
MasterCuttingPlanesDepthLimit = 1000
MaxNbOfCutGeneratedAtEachIter = 1000
NbOfCutTargetedBeforeSwitchingTemplate = 10
OpenNodesLimit = 1000

 /* STABILIZATION OF COLUMN GENERATION CONTROL PARAMETERS */ 
LocArtVarInConvexityConstr = true
dualCPInitWithArtCol = false
ArtVarPenaltyUpdateFactor = 2
ArtVarUniformPenaltyUpdate = true
ArtVarMaxNbOfPenaltyUpdates = 5
BendersSepSpArtVarPenaltyUpdateFactor = 5
BendersSepSpArtVarUniformPenaltyUpdate = true
BendersSepSpArtVarMaxNbOfPenaltyUpdates = 3
BendersSepSpArtVarPenaltyInit = 1
BendersSepSpFreeCostArtVar = false
BendersSepSpFreeCostArtVarMaxNbOfLBResets = -1
colGenStabilizationFunctionType = none
colGenProximalStabilizationRule = undefined
bendersProximalStabilizationFunctionType = none
StabilFuncKappa = 1
StabilFuncArtVarInSolUpdateFactor = 10
StabilFuncCurvature = 1
StabilFuncCurvatureAdvanceRate = 1
StabilFuncOuterHalfInterval = 100
StabilFuncInnerHalfInterval = 10
StabilFuncHalfIntervalChildNodeFactor = 10
StabilFuncOuterAngle = 0
StabilFuncInnerAngle = 0
colGenDualPriceSmoothingAlphaFactor = 1
colGenDualPriceSmoothingBetaFactor = 0
colGenDualPriceSmoothingMinGap = 0
colGenDualPriceSmoothingMaxGap = 0
bendersPrimalSolSmoothingAlphaFactor = 0
bendersPrimalSolSmoothingBetaFactor = 0
bendersPrimalSolSmoothingMinGap = 0
bendersPrimalSolSmoothingMaxGap = 0
colGenStabilizationMaxTreeDepth = 10000
bendersStabilizationMaxTreeDepthStabilizationMaxTreeDepth = 10000
colGenDualPriceSmoothingMaxNbOfUpdate = 10
bendersPrimalSolSmoothingMaxNbOfUpdate = 10
StabilizationMinPhaseOfStage = 0

/* STRATEGIES FOR COLUMN GENERATION CONTROL PARAMETERS */ 
SplitColIntoDissagregateSpVar = false
SplitColIntoDissagregateSpVarInHeadIn = true
dynamicallyAddVarConstrInCallBacks = false
PriceAllSubproblemsForBestDualBound = true
CyclicSpScanning = false
Col4AllSubproblems = false
UseColumnsPool = false
InsertAllGeneratedColumnsInFormRatherThanInPool = true
InsertNewNonNegColumnsDirectlyInFormRatherThanInPool = true
ColumnCleanupFrequenceInNbOfCgIter = 1
ColumnCleanupThreshold = 10000
ColumnCleanupRatio = 0.66
CutCleanupThreshold = 1
CutTailingOffThreshold = 0.015
CutTailingOffCounterThreshold = 3
CutTailingOffAbsTolerance = -1
MinNumOfCutRoundsBeforeStopBySp = 1
CutCleanupRatio = 0.66
CutDynamicPriorityLevel = false
SetColFromBasisWhenProcNewNode = true
SetVarWithLowRedCostOnlyWhenProcNewNode = false
CleanupMasterCutsWhenProcNewNode = false
ReducedCostFixingThreshold = 0.9
runColGenUntilFullConvergence = false

/* PRIMAL HEURISTIC CONTROL PARAMETERS */ 
UseGreedyHeur = 0
MaxNbGhIter = 50
UseSeqRoundingHeur = false
UseFeasibilityPumpHeur = false
UseCustomFracSolBasedHeur = false
UseDive2RestrictHeur = false
UseLocalSearchHeur = false
UseDivingProximalHeur = false
UseRestrictMastProximalHeur = false
ActivateAllColumnsForRestrictedMasterIpHeur = false
MaxTimeForRestrictedMasterIpHeur = -1
PolishingAfterTimeInRestrictedMasterIpHeur = -1
MaxNumEnumSolsInRestrictedMasterIpHeur = 5000
MIPemphasisInRestrictedMasterIpHeur = 1
CallFrequencyOfRestrictedMasterIpHeur = 5
CallFrequencyOfDivingHeur = 1
UseDivingHeurAfterBranchOnly = false
UseDivingHeurOnMasterColOnly = true
UseDivingHeurOnPureMastVarOnly = false
UseSeqRoundingHeurAfterBranchOnly = false
MaxFeasibilityPumpIterationCounter = 20
FeasibilityPumpModCostFunction = 2
MaxLocalSearchIterationCounter = 3
MaxProximalIterationCounter = 3
MaxDepthInDivingHeur = 50
EvalAlgParamsInDiving = max#cand. = 1 max#cg.iters = 10000 min.lvl.sp.restr. = 1 min#cut.rounds = 0 max#cut.rounds = 0 red.cost.fix&enum. = false tree.size.ratio = 1
MaxFactorOfPartialSolValueInDive2RestrictHeur = 0.5
MaxFactorOfColFixedByLocalSearchHeur = 0.8
StrongDivingCandidatesNumber = 1
MaxNbOfCgIteDuringRh = 5000
MaxNbOfPenaltUpdatesDuringRH = 10
MaxLDSbreadth = 0
MaxLDSdepth = 0
DivingHeurUseDepthLimit = -1
LocalSearchHeurUseDepthLimit = 2
DivingHeurStopsWithFirstFeasSol = false
DivingHeurPreprocessBeforeChoosingVar = false
FixIntValBeforeRoundingHeur = true
IgnoreIntValWhenSelectingRoundedVarInRH = true
NbOfSelectionCriteriaForRoundingHeur = 1
RecordingNodeInfo = false
/* RCSP SOLVER CONTROL PARAMETERS */ 
RCSPcheckDominInOtherBuckets = true
RCSPuseBidirectionalSearch = 2
RCSPuseCompletionBoundsInPricing = 0
RCSPdomChecksThresholdInPricing = 1e+15
RCSPstopCutGenTimeThresholdInPricing = 10
RCSPhardTimeThresholdInPricing = 25
RCSPmaxNumOfColsPerIteration = 30
RCSPmaxNumOfColsPerExactIteration = 150
RCSPallowRoutesWithSameVerticesSet = true
RCSPheurLabelingStrategy = 0
RCSPnumberOfBucketsPerVertex = 25
RCSPdynamicBucketSteps = 1
RCSPdynBuckStepAdjustRatioThreshold = 500
RCSPdynBuckStepAdjustNumBuckArcsThreshold = 10000
RCSPapplyReducedCostFixing = 1
RCSPredCostFixingFalseGap = 0
RCSPuseComplBoundsInRedCostFixing = 2
RCSPuseDSSRInMode = 0
RCSPmaxNumOfColumnsInDSSR = 100
RCSPmaxCycleSizeInDSSR = 5
RCSPdynamicNGmode = 0
RCSPmaxNumOfColumnsInDynamicNG = 100
RCSPmaxCycleSizeInDynamicNG = 5
RCSPmaxNGneighbourhoodSize = 8
RCSPmaxNGneighbourhoodSize = 8
RCSPmaxNGaverNeighbourhoodSize = 8
RCSPuseCapacityCuts = true
RCSPresConsKnapsackCutsMode = 8
RCSPcapCutsMaxNumPerRound = 100
RCSPcliqueCutsMaxNumPerRound = 0
RCSPcliqueCutsMaxSepTime = 5
RCSPrankOneCutsMaxNumRows = 5
RCSPrankOneCutsMaxNumPerRound = 100
RCSPrankOneCutsMemoryType = 0
RCSPrankOneCutsArcMemoryType = 2
RCSPrankOneCutsSpDependentMemory = false
RCSPrankOneCutsLSnumIterations = 1000
RCSPrankOneCutsNeighbourhoodSize = 16
RCSPrankOneCutsMaxNumTriplets = 10000
RCSPuseExactComplBoundsInEnumeration = true
RCSPmaxGapToRunEnumeration = 1
RCSPmaxNumOfLabelsInEnumeration = 0
RCSPmaxNumOfLabelsInHeurEnumeration = 0
RCSPmaxNumOfEnumeratedSolutions = 0
RCSPmaxNumOfEnumSolutionsForMIP = 10000
RCSPmaxNumOfEnumSolsForEndOfNodeMIP = 10000
RCSPstopRatioForConcatenationInEnum = 30
RCSPenableSimplePricing = false
LeastFractional
Closest2RoundUp
LeastGreedyCost
LeastCost
selectColBasedOnLpSoInDivingHeur = false
breakTiesByGreedyCostInRh = true
RestrictedMasterIpHeurColRenewalBeforeReUse = 0.5

/* Code OUTPUT CONTROL  */ 
ColGenLogFrequency = 1
BundleOutput = 0
time key = bcTimeNow
time key = now
/* BOUND */
minimizationProblem = true
integerValuedBound = true
optimalityGapTolerance = 1e-06
relOptimalityGapTolerance = 1e-06
/* ADVANCED PARAMETERS */
useDirectAccessForMastColumnMembership = false
useSPVarMembershipCache = false
CheckSpOracleFeasibility = false
CheckOracleOptimality = false

prName & bcTimeMain \\ 
New model incumbent solution 1e+07, TIME = 0h0m0s2t = 2
Bucket steps were recalculated for graph G_1 : [4]
RCSP solver info : symmetric case is detected for graph G_1! 
Bidirectional border value is initialised to 50
RCSP solver info : number of forw. reachable buckets / buck. strongly connected components is 1307( 81.0794% ) / 1307( 100% )
Generating neibourhoods for rank-1 cuts separation
Building structures for 4- and 5-row rank-1 packing cut separation...done!
Model is built TIME = 0h0m0s91t = 91
************************************************************************************************
**** BaB tree root node
**** Local DB = -1e+12, global bounds : [ -1e+12 , 1e+07 ], TIME = 0h0m0s91t = 91
**** 1 open nodes, 0 columns (0 active), 0 dyn. constrs. (0 active), 123 art. vars. (123 active)
************************************************************************************************
--------------------------------------------------------------------------
BaPCod info : first we run the root node with rank-1 cuts with node memory
--------------------------------------------------------------------------
#<DWph=2> <it=  1> <et=0.91> <Mt= 0.00> <Spt= 0.00> <nCl= 10> <al=0.00> <DB=-2807999479.2000> <Mlp=1392000000.0000> <PB=10000000> 
#<DWph=2> <it=  2> <et=0.91> <Mt= 0.00> <Spt= 0.00> <nCl=  6> <al=0.55> <DB=-1625399187.3025> <Mlp=1248000253.5500> <PB=10000000> 
#<DWph=2> <it=  3> <et=0.92> <Mt= 0.00> <Spt= 0.00> <nCl= 10> <al=0.45> <DB=-1008589335.4140> <Mlp=1158000301.4583> <PB=10000000> 
#<DWph=2> <it=  4> <et=0.92> <Mt= 0.00> <Spt= 0.00> <nCl= 10> <al=0.35> <DB=-660026930.5947> <Mlp=778000527.5417> <PB=10000000> 
#<DWph=2> <it=  5> <et=0.92> <Mt= 0.00> <Spt= 0.00> <nCl= 10> <al=0.25> <DB=-875239865.4180> <Mlp=544400628.4750> <PB=10000000> 
#<DWph=2> <it=  6> <et=0.92> <Mt= 0.00> <Spt= 0.00> <nCl= 10> <al=0.33> <DB=-790831792.9890> <Mlp=292400831.1000> <PB=10000000> 
#<DWph=2> <it=  7> <et=0.92> <Mt= 0.00> <Spt= 0.00> <nCl= 10> <al=0.39> <DB=-609861462.5339> <Mlp=198000885.4000> <PB=10000000> 
#<DWph=2> <it=  8> <et=0.92> <Mt= 0.00> <Spt= 0.01> <nCl= 10> <al=0.45> <DB=-557656888.7944> <Mlp=144000905.9083> <PB=10000000> 
#<DWph=2> <it=  9> <et=0.93> <Mt= 0.00> <Spt= 0.00> <nCl= 10> <al=0.51> <DB=-544371583.8107> <Mlp=11229488.2774> <PB=10000000> 
#<DWph=2> <it= 10> <et=0.93> <Mt= 0.00> <Spt= 0.00> <nCl= 10> <al=0.56> <DB=-466395210.3797> <Mlp=5479469.3190> <PB=10000000> 
#<DWph=2> <it= 11> <et=0.93> <Mt= 0.00> <Spt= 0.00> <nCl=  9> <al=0.60> <DB=-406490155.0454> <Mlp=5479469.3190> <PB=10000000> 
#<DWph=2> <it= 12> <et=0.93> <Mt= 0.00> <Spt= 0.00> <nCl=  6> <al=0.64> <DB=-315732786.4780> <Mlp=5479469.3190> <PB=10000000> 
#<DWph=2> <it= 13> <et=0.93> <Mt= 0.00> <Spt= 0.00> <nCl=  2> <al=0.68> <DB=-212029278.7999> <Mlp=5479469.3190> <PB=10000000> 
#<DWph=2> <it= 14> <et=0.93> <Mt= 0.00> <Spt= 0.00> <nCl=  1> <al=0.58> <DB=-120311461.2605> <Mlp=4874420.2686> <PB=10000000> 
#<DWph=2> <it= 15> <et=0.94> <Mt= 0.00> <Spt= 0.00> <nCl=  7> <al=0.48> <DB=-70099801.0736> <Mlp=4050887.3167> <PB=10000000> 
<DWph=2> <it= 16> <et=0.94> <Mt= 0.00> <Spt= 0.01> <nCl= 10> <al=0.00> <DB= -128.2814> <Mlp=  849.6186> <PB=10000000> 
<DWph=2> <it= 17> <et=0.94> <Mt= 0.00> <Spt= 0.00> <nCl=  6> <al=0.28> <DB=  186.8593> <Mlp=  844.4583> <PB=10000000> 
<DWph=2> <it= 18> <et=0.94> <Mt= 0.00> <Spt= 0.00> <nCl= 10> <al=0.35> <DB=-1580.4321> <Mlp=  832.3183> <PB=10000000> 
<DWph=2> <it= 19> <et=0.94> <Mt= 0.00> <Spt= 0.00> <nCl=  9> <al=0.41> <DB=  393.4266> <Mlp=  802.3167> <PB=10000000> 
<DWph=2> <it= 20> <et=0.95> <Mt= 0.00> <Spt= 0.00> <nCl=  9> <al=0.31> <DB=  467.4406> <Mlp=  783.9611> <PB=10000000> 
<DWph=2> <it= 21> <et=0.95> <Mt= 0.00> <Spt= 0.00> <nCl=  9> <al=0.38> <DB=  594.8170> <Mlp=  763.8000> <PB=10000000> 
<DWph=2> <it= 22> <et=0.95> <Mt= 0.00> <Spt= 0.00> <nCl=  7> <al=0.44> <DB=  609.8646> <Mlp=  757.9814> <PB=10000000> 
<DWph=2> <it= 23> <et=0.95> <Mt= 0.00> <Spt= 0.01> <nCl=  7> <al=0.50> <DB=  625.4483> <Mlp=  746.3850> <PB=10000000> 
<DWph=2> <it= 24> <et=0.95> <Mt= 0.00> <Spt= 0.00> <nCl=  5> <al=0.55> <DB=  643.0898> <Mlp=  746.3850> <PB=10000000> 
<DWph=2> <it= 25> <et=0.95> <Mt= 0.00> <Spt= 0.00> <nCl=  1> <al=0.60> <DB=  644.9931> <Mlp=  745.8800> <PB=10000000> 
<DWph=2> <it= 26> <et=0.96> <Mt= 0.00> <Spt= 0.00> <nCl=  3> <al=0.64> <DB=  671.6896> <Mlp=  743.1633> <PB=10000000> 
<DWph=2> <it= 27> <et=0.96> <Mt= 0.00> <Spt= 0.00> <nCl=  5> <al=0.67> <DB=  593.7004> <Mlp=  743.1633> <PB=10000000> 
<DWph=2> <it= 28> <et=0.96> <Mt= 0.00> <Spt= 0.00> <nCl=  1> <al=0.70> <DB=  692.7138> <Mlp=  742.9367> <PB=10000000> 
<DWph=2> <it= 29> <et=0.96> <Mt= 0.00> <Spt= 0.00> <nCl=  2> <al=0.60> <DB=  708.3082> <Mlp=  741.1367> <PB=10000000> 
<DWph=2> <it= 30> <et=0.96> <Mt= 0.00> <Spt= 0.01> <nCl=  0> <al=0.00> <DB=  741.1007> <Mlp=  741.1007> <PB=10000000> 
<DWph=1> <it= 31> <et=0.97> <Mt= 0.00> <Spt= 0.00> <nCl=  0> <al=0.00> <DB=  741.1007> <Mlp=  741.1007> <PB=10000000> 
    RCSP exact solver info for graph G_1 : TT = 0.001188, pt = 1.5e-05, dt = 0.000605, ct = 0.00023, ndl = 0', bdl = 0', odl = 0', odf = 1', bsi = 0', cnt = 0', bdch = 0', odch = 0', lcp = 0', #sols = 150
    RCSP exact solver info for graph G_1 : TT = 0.0011, pt = 2.2e-05, dt = 0.000505, ct = 0.000242, ndl = 0', bdl = 0', odl = 0', odf = 1', bsi = 0', cnt = 0', bdch = 0', odch = 0', lcp = 0', #sols = 150
<DWph=0> <it= 32> <et=0.97> <Mt= 0.00> <Spt= 0.01> <nCl=  0> <al=0.00> <DB=  741.1007> <Mlp=  741.1007> <PB=10000000> 
Labels distribution in buckets (bucket size) : largest - 4, top 0.1% - 4, top 0.5% - 3, top 2% - 3, top 10% - 1, top 50% - 0
Reduced cost fixing for graph G_1... 13207 buck. arcs remain (61.4% from prev., 17.4% from max.) + 0 jump buck. arcs (0% from max.)
 TT = 0.00701, pt = 0.000405, dt = 0.000855, ct = 0.005591, ndl = 1', bdl = 6', odl = 2', odf = 13', lpcb = 3', cnt = 9', bdch = 21', odch = 10', lcp = 6'
Labels distribution in buckets (bucket size) : largest - 5, top 0.1% - 5, top 0.5% - 4, top 2% - 3, top 10% - 2, top 50% - 0
Dynamic params and stats :  aver.obdmd = 19.3226 aver.buck.num. = 26
ColGenEvalAlg final dual bound: 741.101 (rounded: 741.101)
>>>>> Add min cuts : 2 cut(s) added
----- Add fac. cuts : UserCuts0(2), max.viol = 2, aver.viol = 1.5, sep/add took 0.68/0 sec. -----
339 columns (339 active), 2 dyn. constrs. (2 active), 127 art. vars. (127 active)
<DWph=2> <it=  1> <et=1.67> <Mt= 0.01> <Spt= 0.00> <nCl=  7> <al=0.50> <DB= -158.5369> <Mlp=  779.3722> <PB=10000000> 
<DWph=2> <it=  2> <et=1.67> <Mt= 0.00> <Spt= 0.00> <nCl=  2> <al=0.55> <DB=  685.9576> <Mlp=  751.6523> <PB=10000000> 
<DWph=2> <it=  3> <et=1.67> <Mt= 0.00> <Spt= 0.00> <nCl=  8> <al=0.19> <DB=  690.2797> <Mlp=  751.6523> <PB=10000000> 
<DWph=2> <it=  4> <et=1.68> <Mt= 0.00> <Spt= 0.00> <nCl=  4> <al=0.00> <DB=  721.7857> <Mlp=  751.6523> <PB=10000000> 
<DWph=2> <it=  5> <et=1.68> <Mt= 0.00> <Spt= 0.00> <nCl=  1> <al=0.40> <DB=  748.4901> <Mlp=  751.6523> <PB=10000000> 
<DWph=2> <it=  6> <et=1.68> <Mt= 0.00> <Spt= 0.01> <nCl=  3> <al=0.00> <DB=  741.8897> <Mlp=  751.6523> <PB=10000000> 
<DWph=2> <it=  7> <et=1.68> <Mt= 0.00> <Spt= 0.00> <nCl=  2> <al=0.00> <DB=  749.4730> <Mlp=  751.6523> <PB=10000000> 
<DWph=2> <it=  8> <et=1.69> <Mt= 0.00> <Spt= 0.00> <nCl=  0> <al=0.00> <DB=  751.5882> <Mlp=  751.5882> <PB=10000000> 
<DWph=1> <it=  9> <et=1.69> <Mt= 0.00> <Spt= 0.00> <nCl=  0> <al=0.00> <DB=  751.5882> <Mlp=  751.5882> <PB=10000000> 
    RCSP exact solver info for graph G_1 : TT = 0.001018, pt = 1.5e-05, dt = 0.000412, ct = 0.000215, ndl = 0', bdl = 0', odl = 0', odf = 1', bsi = 0', cnt = 1', bdch = 0', odch = 0', lcp = 0', #sols = 150
    RCSP exact solver info for graph G_1 : TT = 0.001011, pt = 2.3e-05, dt = 0.000427, ct = 0.000211, ndl = 0', bdl = 0', odl = 0', odf = 1', bsi = 0', cnt = 1', bdch = 0', odch = 0', lcp = 0', #sols = 150
<DWph=0> <it= 10> <et=1.69> <Mt= 0.00> <Spt= 0.01> <nCl=  0> <al=0.00> <DB=  751.5882> <Mlp=  751.5882> <PB=10000000> 
    Full reduced cost fixing is not called (gap ratio is 0.999999)
Dynamic params and stats :  aver.obdmd = 18.6774 aver.buck.num. = 26
ColGenEvalAlg final dual bound: 751.588 (rounded: 751.588)
False gap improvement since the last cut separation : 0.141513 (741.101)
>>>>> Add min cuts : 6 cut(s) added
----- Add fac. cuts : UserCuts0(6), max.viol = 2, aver.viol = 1.16667, sep/add took 0.01/0 sec. -----
420 columns (420 active), 8 dyn. constrs. (8 active), 139 art. vars. (139 active)
<DWph=2> <it=  1> <et=1.71> <Mt= 0.00> <Spt= 0.00> <nCl=  4> <al=0.00> <DB=  581.3817> <Mlp=  771.8517> <PB=10000000> 
<DWph=2> <it=  2> <et=1.71> <Mt= 0.00> <Spt= 0.00> <nCl=  7> <al=0.40> <DB=  737.4030> <Mlp=  769.7250> <PB=10000000> 
<DWph=2> <it=  3> <et=1.71> <Mt= 0.00> <Spt= 0.00> <nCl=  2> <al=0.46> <DB=  761.7246> <Mlp=  768.4000> <PB=10000000> 
<DWph=2> <it=  4> <et=1.71> <Mt= 0.00> <Spt= 0.00> <nCl=  3> <al=0.51> <DB=  762.3046> <Mlp=  768.4000> <PB=10000000> 
<DWph=2> <it=  5> <et=1.72> <Mt= 0.00> <Spt= 0.01> <nCl=  2> <al=0.13> <DB=  748.5889> <Mlp=  768.4000> <PB=10000000> 
<DWph=2> <it=  6> <et=1.72> <Mt= 0.00> <Spt= 0.00> <nCl=  4> <al=0.00> <DB=  751.7200> <Mlp=  768.3333> <PB=10000000> 
<DWph=2> <it=  7> <et=1.72> <Mt= 0.00> <Spt= 0.00> <nCl=  0> <al=0.00> <DB=  768.3333> <Mlp=  768.3333> <PB=10000000> 
<DWph=1> <it=  8> <et=1.73> <Mt= 0.00> <Spt= 0.00> <nCl=  0> <al=0.00> <DB=  768.3333> <Mlp=  768.3333> <PB=10000000> 
    RCSP exact solver info for graph G_1 : TT = 0.00101, pt = 1.5e-05, dt = 0.000449, ct = 0.000183, ndl = 0', bdl = 0', odl = 0', odf = 2', bsi = 0', cnt = 0', bdch = 0', odch = 0', lcp = 0', #sols = 150
    RCSP exact solver info for graph G_1 : TT = 0.001014, pt = 5.9e-05, dt = 0.000406, ct = 0.000192, ndl = 0', bdl = 0', odl = 0', odf = 2', bsi = 0', cnt = 0', bdch = 0', odch = 0', lcp = 0', #sols = 150
<DWph=0> <it=  9> <et=1.73> <Mt= 0.00> <Spt= 0.01> <nCl=  0> <al=0.00> <DB=  768.3333> <Mlp=  768.3333> <PB=10000000> 
    Full reduced cost fixing is not called (gap ratio is 0.999997)
Dynamic params and stats :  aver.obdmd = 18.1774 aver.buck.num. = 26
ColGenEvalAlg final dual bound: 768.333 (rounded: 768.333)
False gap improvement since the last cut separation : 0.222796 (751.588)
>>>>> Add min cuts : 4 cut(s) added
----- Add fac. cuts : UserCuts0(4), max.viol = 2, aver.viol = 1.16667, sep/add took 0/0 sec. -----
494 columns (494 active), 12 dyn. constrs. (8 active), 147 art. vars. (139 active)
<DWph=2> <it=  1> <et=1.75> <Mt= 0.00> <Spt= 0.00> <nCl=  4> <al=0.50> <DB=  757.0523> <Mlp=  775.0196> <PB=10000000> 
<DWph=2> <it=  2> <et=1.75> <Mt= 0.00> <Spt= 0.00> <nCl=  1> <al=0.55> <DB=  766.6233> <Mlp=  771.5333> <PB=10000000> 
<DWph=2> <it=  3> <et=1.75> <Mt= 0.00> <Spt= 0.00> <nCl=  2> <al=0.19> <DB=  767.5619> <Mlp=  771.5333> <PB=10000000> 
<DWph=2> <it=  4> <et=1.75> <Mt= 0.01> <Spt= 0.01> <nCl=  1> <al=0.00> <DB=  756.1333> <Mlp=  771.5333> <PB=10000000> 
<DWph=2> <it=  5> <et=1.76> <Mt= 0.00> <Spt= 0.00> <nCl=  0> <al=0.00> <DB=  771.5333> <Mlp=  771.5333> <PB=10000000> 
<DWph=1> <it=  6> <et=1.76> <Mt= 0.00> <Spt= 0.00> <nCl=  0> <al=0.00> <DB=  771.5333> <Mlp=  771.5333> <PB=10000000> 
    RCSP exact solver info for graph G_1 : TT = 0.000966, pt = 1.4e-05, dt = 0.000396, ct = 0.000184, ndl = 0', bdl = 0', odl = 0', odf = 2', bsi = 0', cnt = 0', bdch = 0', odch = 0', lcp = 0', #sols = 150
    RCSP exact solver info for graph G_1 : TT = 0.000975, pt = 2.1e-05, dt = 0.000421, ct = 0.000183, ndl = 0', bdl = 0', odl = 0', odf = 2', bsi = 0', cnt = 0', bdch = 0', odch = 0', lcp = 0', #sols = 150
<DWph=0> <it=  7> <et=1.76> <Mt= 0.00> <Spt= 0.01> <nCl=  0> <al=0.00> <DB=  771.5333> <Mlp=  771.5333> <PB=10000000> 
    Full reduced cost fixing is not called (gap ratio is 0.999997)
Dynamic params and stats :  aver.obdmd = 17.7742 aver.buck.num. = 26
ColGenEvalAlg final dual bound: 771.533 (rounded: 771.533)
False gap improvement since the last cut separation : 0.0416486 (768.333)
>>>>> Add min cuts : 3 cut(s) added
----- Add fac. cuts : UserCuts0(3), max.viol = 1, aver.viol = 0.888889, sep/add took 0/0 sec. -----
515 columns (515 active), 11 dyn. constrs. (8 active), 153 art. vars. (139 active)
<DWph=2> <it=  1> <et=1.77> <Mt= 0.00> <Spt= 0.00> <nCl=  8> <al=0.50> <DB=  670.1949> <Mlp=  786.5228> <PB=10000000> 
<DWph=2> <it=  2> <et=1.77> <Mt= 0.00> <Spt= 0.00> <nCl=  3> <al=0.55> <DB=  763.0612> <Mlp=  782.7907> <PB=10000000> 
<DWph=2> <it=  3> <et=1.78> <Mt= 0.00> <Spt= 0.00> <nCl=  3> <al=0.60> <DB=  768.9435> <Mlp=  781.1170> <PB=10000000> 
<DWph=2> <it=  4> <et=1.78> <Mt= 0.00> <Spt= 0.00> <nCl=  4> <al=0.27> <DB=  755.3689> <Mlp=  779.4875> <PB=10000000> 
<DWph=2> <it=  5> <et=1.78> <Mt= 0.00> <Spt= 0.00> <nCl=  4> <al=0.07> <DB=  749.7756> <Mlp=  778.9662> <PB=10000000> 
<DWph=2> <it=  6> <et=1.78> <Mt= 0.00> <Spt= 0.01> <nCl=  1> <al=0.44> <DB=  763.7870> <Mlp=  778.9604> <PB=10000000> 
<DWph=2> <it=  7> <et=1.79> <Mt= 0.00> <Spt= 0.00> <nCl=  1> <al=0.49> <DB=  775.4700> <Mlp=  778.6883> <PB=10000000> 
<DWph=2> <it=  8> <et=1.79> <Mt= 0.00> <Spt= 0.00> <nCl=  2> <al=0.09> <DB=  764.7483> <Mlp=  778.6167> <PB=10000000> 
<DWph=2> <it=  9> <et=1.79> <Mt= 0.00> <Spt= 0.00> <nCl=  0> <al=0.00> <DB=  778.6167> <Mlp=  778.6167> <PB=10000000> 
<DWph=1> <it= 10> <et=1.80> <Mt= 0.00> <Spt= 0.00> <nCl=  0> <al=0.00> <DB=  778.6167> <Mlp=  778.6167> <PB=10000000> 
    RCSP exact solver info for graph G_1 : TT = 0.001035, pt = 1.6e-05, dt = 0.000427, ct = 0.000217, ndl = 0', bdl = 0', odl = 0', odf = 2', bsi = 0', cnt = 1', bdch = 0', odch = 0', lcp = 0', #sols = 150
    RCSP exact solver info for graph G_1 : TT = 0.001027, pt = 2.1e-05, dt = 0.000437, ct = 0.000214, ndl = 0', bdl = 0', odl = 0', odf = 2', bsi = 0', cnt = 1', bdch = 0', odch = 0', lcp = 0', #sols = 150
<DWph=0> <it= 11> <et=1.80> <Mt= 0.00> <Spt= 0.01> <nCl=  0> <al=0.00> <DB=  778.6167> <Mlp=  778.6167> <PB=10000000> 
    Full reduced cost fixing is not called (gap ratio is 0.999996)
Dynamic params and stats :  aver.obdmd = 17.4516 aver.buck.num. = 26
ColGenEvalAlg final dual bound: 778.617 (rounded: 778.617)
False gap improvement since the last cut separation : 0.0918085 (771.533)
>>>>> Add min cuts : 4 cut(s) added
----- Add fac. cuts : UserCuts0(4), max.viol = 1.16667, aver.viol = 0.65625, sep/add took 0/0 sec. -----
592 columns (592 active), 12 dyn. constrs. (12 active), 161 art. vars. (147 active)
<DWph=2> <it=  1> <et=1.81> <Mt= 0.00> <Spt= 0.00> <nCl=  1> <al=0.50> <DB=  778.9383> <Mlp=  779.2599> <PB=10000000> 
<DWph=2> <it=  2> <et=1.81> <Mt= 0.00> <Spt= 0.00> <nCl=  0> <al=0.00> <DB=  779.2571> <Mlp=  779.2571> <PB=10000000> 
<DWph=1> <it=  3> <et=1.82> <Mt= 0.00> <Spt= 0.01> <nCl=  0> <al=0.00> <DB=  779.2571> <Mlp=  779.2571> <PB=10000000> 
    RCSP exact solver info for graph G_1 : TT = 0.001056, pt = 1.5e-05, dt = 0.000444, ct = 0.000224, ndl = 0', bdl = 0', odl = 0', odf = 2', bsi = 0', cnt = 1', bdch = 0', odch = 0', lcp = 0', #sols = 150
    RCSP exact solver info for graph G_1 : TT = 0.001049, pt = 2.2e-05, dt = 0.000442, ct = 0.000222, ndl = 0', bdl = 0', odl = 0', odf = 2', bsi = 0', cnt = 1', bdch = 0', odch = 0', lcp = 0', #sols = 150
<DWph=0> <it=  4> <et=1.82> <Mt= 0.00> <Spt= 0.00> <nCl=  0> <al=0.00> <DB=  779.2571> <Mlp=  779.2571> <PB=10000000> 
    Full reduced cost fixing is not called (gap ratio is 0.999996)
Dynamic params and stats :  aver.obdmd = 17.2419 aver.buck.num. = 26
ColGenEvalAlg final dual bound: 779.257 (rounded: 779.257)
False gap improvement since the last cut separation : 0.00822509 (778.617)
Cut generation tailing off counter increased to 1
>>>>> Add min cuts : 8 cut(s) added
----- Add fac. cuts : UserCuts0(8), max.viol = 0.830908, aver.viol = 0.282398, sep/add took 0/0 sec. -----
598 columns (598 active), 20 dyn. constrs. (18 active), 177 art. vars. (159 active)
<DWph=2> <it=  1> <et=1.84> <Mt= 0.00> <Spt= 0.00> <nCl=  4> <al=0.50> <DB=  776.0495> <Mlp=  782.6927> <PB=10000000> 
<DWph=2> <it=  2> <et=1.84> <Mt= 0.01> <Spt= 0.01> <nCl=  7> <al=0.10> <DB=  756.5622> <Mlp=  781.6517> <PB=10000000> 
<DWph=2> <it=  3> <et=1.84> <Mt= 0.00> <Spt= 0.00> <nCl=  2> <al=0.00> <DB=  773.3833> <Mlp=  781.5500> <PB=10000000> 
<DWph=2> <it=  4> <et=1.85> <Mt= 0.00> <Spt= 0.00> <nCl=  3> <al=0.35> <DB=  771.2871> <Mlp=  781.5500> <PB=10000000> 
<DWph=2> <it=  5> <et=1.85> <Mt= 0.00> <Spt= 0.00> <nCl=  0> <al=0.00> <DB=  781.5500> <Mlp=  781.5500> <PB=10000000> 
<DWph=1> <it=  6> <et=1.85> <Mt= 0.00> <Spt= 0.01> <nCl=  0> <al=0.00> <DB=  781.5500> <Mlp=  781.5500> <PB=10000000> 
    RCSP exact solver info for graph G_1 : TT = 0.001015, pt = 1.5e-05, dt = 0.000426, ct = 0.00021, ndl = 0', bdl = 0', odl = 0', odf = 1', bsi = 0', cnt = 0', bdch = 0', odch = 0', lcp = 0', #sols = 150
    RCSP exact solver info for graph G_1 : TT = 0.00103, pt = 2.1e-05, dt = 0.00045, ct = 0.00021, ndl = 0', bdl = 0', odl = 0', odf = 1', bsi = 0', cnt = 0', bdch = 0', odch = 0', lcp = 0', #sols = 150
<DWph=0> <it=  7> <et=1.86> <Mt= 0.00> <Spt= 0.00> <nCl=  0> <al=0.00> <DB=  781.5500> <Mlp=  781.5500> <PB=10000000> 
    Full reduced cost fixing is not called (gap ratio is 0.999996)
Dynamic params and stats :  aver.obdmd = 16.8548 aver.buck.num. = 26
ColGenEvalAlg final dual bound: 781.55 (rounded: 781.55)
False gap improvement since the last cut separation : 0.0294244 (779.257)
5 Rank-1 1-rows pack. cuts added ,  max viol. = 0.5, aver. viol. = 0.366667
22 Rank-1 3-rows pack. cuts added ,  max viol. = 0.291667, aver. viol. = 0.200758
Building structures for heuristic rank-1 packing cut separation...done!
29 Rank-1 4-rows pack. cuts added ,  max viol. = 0.333333, aver. viol. = 0.188218
100 Rank-1 5-rows pack. cuts added ,  max viol. = 0.333333, aver. viol. = 0.248958
----- Add fac. cuts : R1C(156), max.viol = 0.5, aver.viol = 0.241186, sep/add took 0.15/0.01 sec. -----
642 columns (642 active), 174 dyn. constrs. (168 active), 333 art. vars. (303 active)
<DWph=2> <it=  1> <et=2.03> <Mt= 0.00> <Spt= 0.00> <nCl=  2> <al=0.50> <DB=  734.5739> <Mlp=  791.2348> <PB=10000000> 
<DWph=2> <it=  2> <et=2.04> <Mt= 0.00> <Spt= 0.00> <nCl=  3> <al=0.55> <DB=  766.5010> <Mlp=  788.9967> <PB=10000000> 
<DWph=2> <it=  3> <et=2.04> <Mt= 0.00> <Spt= 0.01> <nCl=  2> <al=0.19> <DB=  775.2680> <Mlp=  788.7930> <PB=10000000> 
<DWph=2> <it=  4> <et=2.04> <Mt= 0.00> <Spt= 0.00> <nCl=  3> <al=0.00> <DB=  750.9930> <Mlp=  788.7930> <PB=10000000> 
<DWph=2> <it=  5> <et=2.05> <Mt= 0.00> <Spt= 0.00> <nCl=  2> <al=0.40> <DB=  779.1490> <Mlp=  788.7722> <PB=10000000> 
<DWph=2> <it=  6> <et=2.05> <Mt= 0.00> <Spt= 0.00> <nCl=  1> <al=0.46> <DB=  787.2054> <Mlp=  788.7642> <PB=10000000> 
<DWph=2> <it=  7> <et=2.05> <Mt= 0.00> <Spt= 0.01> <nCl=  0> <al=0.00> <DB=  788.7642> <Mlp=  788.7642> <PB=10000000> 
<DWph=1> <it=  8> <et=2.06> <Mt= 0.00> <Spt= 0.00> <nCl=  1> <al=0.41> <DB=  785.8343> <Mlp=  788.7642> <PB=10000000> 
<DWph=1> <it=  9> <et=2.06> <Mt= 0.01> <Spt= 0.00> <nCl=  0> <al=0.00> <DB=  788.7398> <Mlp=  788.7398> <PB=10000000> 
    RCSP exact solver info for graph G_1 : TT = 0.001625, pt = 0.000132, dt = 0.00088, ct = 0.000242, ndl = 0', bdl = 0', odl = 0', odf = 1', bsi = 0', cnt = 1', bdch = 0', odch = 0', lcp = 0', #sols = 150
<DWph=0> <it= 10> <et=2.07> <Mt= 0.00> <Spt= 0.01> <nCl=  2> <al=0.31> <DB=  766.8843> <Mlp=  788.7398> <PB=10000000> 
    RCSP exact solver info for graph G_1 : TT = 0.001308, pt = 0.000161, dt = 0.000544, ct = 0.000243, ndl = 0', bdl = 0', odl = 0', odf = 1', bsi = 0', cnt = 1', bdch = 0', odch = 0', lcp = 0', #sols = 150
<DWph=0> <it= 11> <et=2.07> <Mt= 0.00> <Spt= 0.00> <nCl=  4> <al=0.38> <DB=  780.4194> <Mlp=  788.6783> <PB=10000000> 
    RCSP exact solver info for graph G_1 : TT = 0.001304, pt = 0.000143, dt = 0.000549, ct = 0.000244, ndl = 0', bdl = 0', odl = 0', odf = 1', bsi = 0', cnt = 1', bdch = 0', odch = 0', lcp = 0', #sols = 150
<DWph=0> <it= 12> <et=2.07> <Mt= 0.00> <Spt= 0.00> <nCl=  2> <al=0.28> <DB=  782.1746> <Mlp=  788.5418> <PB=10000000> 
    RCSP exact solver info for graph G_1 : TT = 0.00138, pt = 0.000144, dt = 0.00061, ct = 0.000252, ndl = 0', bdl = 0', odl = 0', odf = 1', bsi = 0', cnt = 1', bdch = 0', odch = 0', lcp = 0', #sols = 150
    RCSP exact solver info for graph G_1 : TT = 0.001251, pt = 0.000125, dt = 0.00052, ct = 0.000246, ndl = 0', bdl = 0', odl = 0', odf = 1', bsi = 0', cnt = 1', bdch = 0', odch = 0', lcp = 0', #sols = 150
<DWph=0> <it= 13> <et=2.08> <Mt= 0.00> <Spt= 0.01> <nCl=  0> <al=0.00> <DB=  788.5418> <Mlp=  788.5418> <PB=10000000> 
    Full reduced cost fixing is not called (gap ratio is 0.999995)
Dynamic params and stats :  aver.obdmd = 16.7581 aver.buck.num. = 26 nbR1C = 10 with avMem = 4.1
ColGenEvalAlg final dual bound: 788.542 (rounded: 788.542)
False gap improvement since the last cut separation : 0.0894611 (781.55)
>>>>> Add min cuts : 4 cut(s) added
12 Rank-1 1-rows pack. cuts added ,  max viol. = 0.5, aver. viol. = 0.283088
15 Rank-1 3-rows pack. cuts added ,  max viol. = 0.0326797, aver. viol. = 0.0293573
Building structures for heuristic rank-1 packing cut separation...done!
18 Rank-1 4-rows pack. cuts added ,  max viol. = 0.0588235, aver. viol. = 0.0382625
98 Rank-1 5-rows pack. cuts added ,  max viol. = 0.0882353, aver. viol. = 0.0331299
----- Add fac. cuts : R1C(143) UserCuts0(4), max.viol = 0.5, aver.viol = 0.0722845, sep/add took 0.18/0.01 sec. -----
717 columns (717 active), 315 dyn. constrs. (168 active), 484 art. vars. (306 active)
#<DWph=2> <it=  1> <et=2.29> <Mt= 0.00> <Spt= 0.00> <nCl= 10> <al=0.50> <DB=-45134934.0140> <Mlp=37125.6136> <PB=10000000> 
<DWph=2> <it=  2> <et=2.29> <Mt= 0.00> <Spt= 0.00> <nCl=  9> <al=0.55> <DB=  650.4493> <Mlp=  801.2839> <PB=10000000> 
<DWph=2> <it=  3> <et=2.30> <Mt= 0.01> <Spt= 0.01> <nCl=  4> <al=0.19> <DB=  742.7665> <Mlp=  796.6279> <PB=10000000> 
<DWph=2> <it=  4> <et=2.30> <Mt= 0.00> <Spt= 0.00> <nCl=  2> <al=0.50> <DB=  785.7393> <Mlp=  795.8325> <PB=10000000> 
<DWph=2> <it=  5> <et=2.31> <Mt= 0.00> <Spt= 0.00> <nCl=  6> <al=0.09> <DB=  776.4118> <Mlp=  795.8325> <PB=10000000> 
<DWph=2> <it=  6> <et=2.31> <Mt= 0.00> <Spt= 0.01> <nCl=  1> <al=0.45> <DB=  793.5795> <Mlp=  795.8325> <PB=10000000> 
<DWph=2> <it=  7> <et=2.31> <Mt= 0.00> <Spt= 0.00> <nCl=  1> <al=0.00> <DB=  795.5115> <Mlp=  795.7225> <PB=10000000> 
<DWph=2> <it=  8> <et=2.32> <Mt= 0.00> <Spt= 0.00> <nCl=  0> <al=0.00> <DB=  795.7225> <Mlp=  795.7225> <PB=10000000> 
<DWph=1> <it=  9> <et=2.32> <Mt= 0.00> <Spt= 0.01> <nCl=  0> <al=0.00> <DB=  795.7225> <Mlp=  795.7225> <PB=10000000> 
    RCSP exact solver info for graph G_1 : TT = 0.001404, pt = 0.000188, dt = 0.000574, ct = 0.000265, ndl = 0', bdl = 0', odl = 0', odf = 1', bsi = 0', cnt = 1', bdch = 0', odch = 0', lcp = 0', #sols = 150
<DWph=0> <it= 10> <et=2.33> <Mt= 0.00> <Spt= 0.00> <nCl=  4> <al=0.20> <DB=  772.0703> <Mlp=  795.7225> <PB=10000000> 
    RCSP exact solver info for graph G_1 : TT = 0.001539, pt = 0.000204, dt = 0.000636, ct = 0.000326, ndl = 0', bdl = 0', odl = 0', odf = 1', bsi = 0', cnt = 1', bdch = 0', odch = 0', lcp = 0', #sols = 150
<DWph=0> <it= 11> <et=2.33> <Mt= 0.00> <Spt= 0.00> <nCl=  2> <al=0.10> <DB=  793.3101> <Mlp=  795.6950> <PB=10000000> 
    RCSP exact solver info for graph G_1 : TT = 0.001486, pt = 0.000203, dt = 0.000633, ct = 0.000277, ndl = 0', bdl = 0', odl = 0', odf = 1', bsi = 0', cnt = 1', bdch = 0', odch = 0', lcp = 0', #sols = 150
    RCSP exact solver info for graph G_1 : TT = 0.001466, pt = 0.000189, dt = 0.000625, ct = 0.000279, ndl = 0', bdl = 0', odl = 0', odf = 1', bsi = 0', cnt = 1', bdch = 0', odch = 0', lcp = 0', #sols = 150
<DWph=0> <it= 12> <et=2.34> <Mt= 0.00> <Spt= 0.01> <nCl=  0> <al=0.00> <DB=  795.6950> <Mlp=  795.6950> <PB=10000000> 
    Full reduced cost fixing is not called (gap ratio is 0.999995)
Dynamic params and stats :  aver.obdmd = 16.5323 aver.buck.num. = 26 nbR1C = 20 with avMem = 4.05
ColGenEvalAlg final dual bound: 795.695 (rounded: 795.695)
False gap improvement since the last cut separation : 0.0907139 (788.542)
>>>>> Add min cuts : 1 cut(s) added
2 Rank-1 1-rows pack. cuts added ,  max viol. = 0.25, aver. viol. = 0.225
17 Rank-1 3-rows pack. cuts added ,  max viol. = 0.2, aver. viol. = 0.170588
Building structures for heuristic rank-1 packing cut separation...done!
17 Rank-1 4-rows pack. cuts added ,  max viol. = 0.2, aver. viol. = 0.170588
100 Rank-1 5-rows pack. cuts added ,  max viol. = 0.3, aver. viol. = 0.16
----- Add fac. cuts : R1C(136) UserCuts0(1), max.viol = 0.4, aver.viol = 0.186861, sep/add took 0.18/0.01 sec. -----
843 columns (843 active), 306 dyn. constrs. (169 active), 622 art. vars. (304 active)
<DWph=2> <it=  1> <et=2.55> <Mt= 0.01> <Spt= 0.00> <nCl=  7> <al=0.50> <DB=  765.2660> <Mlp=  798.8014> <PB=10000000> 
<DWph=2> <it=  2> <et=2.55> <Mt= 0.00> <Spt= 0.01> <nCl=  3> <al=0.55> <DB=  784.8188> <Mlp=  798.0695> <PB=10000000> 
<DWph=2> <it=  3> <et=2.56> <Mt= 0.00> <Spt= 0.00> <nCl=  3> <al=0.19> <DB=  775.5085> <Mlp=  797.8887> <PB=10000000> 
<DWph=2> <it=  4> <et=2.56> <Mt= 0.00> <Spt= 0.00> <nCl=  0> <al=0.00> <DB=  797.7706> <Mlp=  797.7706> <PB=10000000> 
<DWph=1> <it=  5> <et=2.56> <Mt= 0.00> <Spt= 0.00> <nCl=  1> <al=0.40> <DB=  796.5706> <Mlp=  797.7706> <PB=10000000> 
<DWph=1> <it=  6> <et=2.57> <Mt= 0.00> <Spt= 0.01> <nCl=  0> <al=0.00> <DB=  797.7706> <Mlp=  797.7706> <PB=10000000> 
    RCSP exact solver info for graph G_1 : TT = 0.001539, pt = 0.000237, dt = 0.000621, ct = 0.000288, ndl = 0', bdl = 0', odl = 0', odf = 1', bsi = 0', cnt = 1', bdch = 0', odch = 0', lcp = 0', #sols = 150
    RCSP exact solver info for graph G_1 : TT = 0.001475, pt = 0.000251, dt = 0.000589, ct = 0.000274, ndl = 0', bdl = 0', odl = 0', odf = 1', bsi = 0', cnt = 1', bdch = 0', odch = 0', lcp = 0', #sols = 150
<DWph=0> <it=  7> <et=2.57> <Mt= 0.00> <Spt= 0.01> <nCl=  0> <al=0.00> <DB=  797.7706> <Mlp=  797.7706> <PB=10000000> 
    Full reduced cost fixing is not called (gap ratio is 0.999994)
Dynamic params and stats :  aver.obdmd = 16.5 aver.buck.num. = 26 nbR1C = 26 with avMem = 4.53846
ColGenEvalAlg final dual bound: 797.771 (rounded: 797.771)
False gap improvement since the last cut separation : 0.0260857 (795.695)
>>>>> Add min cuts : 1 cut(s) added
5 Rank-1 1-rows pack. cuts added ,  max viol. = 0.377622, aver. viol. = 0.165035
6 Rank-1 3-rows pack. cuts added ,  max viol. = 0.118881, aver. viol. = 0.118881
Building structures for heuristic rank-1 packing cut separation...done!
8 Rank-1 4-rows pack. cuts added ,  max viol. = 0.118881, aver. viol. = 0.118881
100 Rank-1 5-rows pack. cuts added ,  max viol. = 0.118881, aver. viol. = 0.0855944
----- Add fac. cuts : R1C(119) UserCuts0(1), max.viol = 1.18881, aver.viol = 0.148893, sep/add took 0.17/0.01 sec. -----
887 columns (887 active), 291 dyn. constrs. (158 active), 743 art. vars. (294 active)
<DWph=2> <it=  1> <et=2.77> <Mt= 0.00> <Spt= 0.00> <nCl=  5> <al=0.50> <DB=  780.0162> <Mlp=  800.0619> <PB=10000000> 
<DWph=2> <it=  2> <et=2.78> <Mt= 0.00> <Spt= 0.00> <nCl=  2> <al=0.55> <DB=  775.9255> <Mlp=  799.2308> <PB=10000000> 
<DWph=2> <it=  3> <et=2.78> <Mt= 0.01> <Spt= 0.00> <nCl=  1> <al=0.19> <DB=  734.3882> <Mlp=  799.0040> <PB=10000000> 
<DWph=2> <it=  4> <et=2.79> <Mt= 0.00> <Spt= 0.01> <nCl=  4> <al=0.00> <DB=  778.4089> <Mlp=  798.7350> <PB=10000000> 
<DWph=2> <it=  5> <et=2.79> <Mt= 0.00> <Spt= 0.00> <nCl=  1> <al=0.00> <DB=  796.4877> <Mlp=  798.7073> <PB=10000000> 
<DWph=2> <it=  6> <et=2.80> <Mt= 0.00> <Spt= 0.01> <nCl=  0> <al=0.00> <DB=  798.7073> <Mlp=  798.7073> <PB=10000000> 
<DWph=1> <it=  7> <et=2.80> <Mt= 0.00> <Spt= 0.00> <nCl=  1> <al=0.20> <DB=  787.9740> <Mlp=  798.7073> <PB=10000000> 
<DWph=1> <it=  8> <et=2.81> <Mt= 0.00> <Spt= 0.00> <nCl=  1> <al=0.00> <DB=  781.8741> <Mlp=  798.6741> <PB=10000000> 
<DWph=1> <it=  9> <et=2.81> <Mt= 0.00> <Spt= 0.00> <nCl=  0> <al=0.00> <DB=  798.6211> <Mlp=  798.6211> <PB=10000000> 
    RCSP exact solver info for graph G_1 : TT = 0.001729, pt = 0.000332, dt = 0.000706, ct = 0.000302, ndl = 0', bdl = 0', odl = 0', odf = 1', bsi = 0', cnt = 1', bdch = 0', odch = 0', lcp = 0', #sols = 150
<DWph=0> <it= 10> <et=2.82> <Mt= 0.00> <Spt= 0.01> <nCl=  4> <al=0.00> <DB=  794.4211> <Mlp=  798.6211> <PB=10000000> 
    RCSP exact solver info for graph G_1 : TT = 0.001745, pt = 0.000332, dt = 0.000716, ct = 0.0003, ndl = 0', bdl = 0', odl = 0', odf = 1', bsi = 0', cnt = 1', bdch = 0', odch = 0', lcp = 0', #sols = 150
<DWph=0> <it= 11> <et=2.82> <Mt= 0.00> <Spt= 0.00> <nCl=  0> <al=0.00> <DB=  798.6078> <Mlp=  798.6078> <PB=10000000> 
    Full reduced cost fixing is not called (gap ratio is 0.999994)
Dynamic params and stats :  aver.obdmd = 16.4677 aver.buck.num. = 26 nbR1C = 34 with avMem = 4.85294
ColGenEvalAlg final dual bound: 798.608 (rounded: 798.608)
False gap improvement since the last cut separation : 0.0104934 (797.771)
Cut generation tailing off counter increased to 1
>>>>> Add min cuts : 1 cut(s) added
3 Rank-1 1-rows pack. cuts added ,  max viol. = 0.044335, aver. viol. = 0.0311987
26 Rank-1 3-rows pack. cuts added ,  max viol. = 0.08867, aver. viol. = 0.0736074
Building structures for heuristic rank-1 packing cut separation...done!
21 Rank-1 4-rows pack. cuts added ,  max viol. = 0.0862069, aver. viol. = 0.0802252
100 Rank-1 5-rows pack. cuts added ,  max viol. = 0.0862069, aver. viol. = 0.0862069
----- Add fac. cuts : R1C(150) UserCuts0(1), max.viol = 0.172414, aver.viol = 0.0850488, sep/add took 0.21/0.02 sec. -----
937 columns (937 active), 311 dyn. constrs. (198 active), 895 art. vars. (335 active)
<DWph=2> <it=  1> <et=3.07> <Mt= 0.01> <Spt= 0.01> <nCl=  2> <al=0.50> <DB=  793.8325> <Mlp=  799.6750> <PB=10000000> 
<DWph=2> <it=  2> <et=3.08> <Mt= 0.00> <Spt= 0.00> <nCl=  3> <al=0.10> <DB=  771.1133> <Mlp=  799.6750> <PB=10000000> 
<DWph=2> <it=  3> <et=3.09> <Mt= 0.00> <Spt= 0.00> <nCl=  3> <al=0.00> <DB=  793.3750> <Mlp=  799.6750> <PB=10000000> 
<DWph=2> <it=  4> <et=3.09> <Mt= 0.00> <Spt= 0.01> <nCl=  1> <al=0.00> <DB=  792.9472> <Mlp=  799.6750> <PB=10000000> 
<DWph=2> <it=  5> <et=3.10> <Mt= 0.00> <Spt= 0.00> <nCl=  0> <al=0.00> <DB=  799.6750> <Mlp=  799.6750> <PB=10000000> 
<DWph=1> <it=  6> <et=3.10> <Mt= 0.00> <Spt= 0.01> <nCl=  0> <al=0.00> <DB=  799.6750> <Mlp=  799.6750> <PB=10000000> 
    RCSP exact solver info for graph G_1 : TT = 0.001912, pt = 0.000426, dt = 0.000746, ct = 0.000326, ndl = 0', bdl = 0', odl = 0', odf = 2', bsi = 0', cnt = 1', bdch = 0', odch = 1', lcp = 0', #sols = 150
<DWph=0> <it=  7> <et=3.11> <Mt= 0.00> <Spt= 0.00> <nCl=  2> <al=0.05> <DB=  798.2750> <Mlp=  799.6750> <PB=10000000> 
    RCSP exact solver info for graph G_1 : TT = 0.001774, pt = 0.000382, dt = 0.000704, ct = 0.000302, ndl = 0', bdl = 0', odl = 0', odf = 2', bsi = 0', cnt = 1', bdch = 0', odch = 1', lcp = 0', #sols = 150
    RCSP exact solver info for graph G_1 : TT = 0.001769, pt = 0.000374, dt = 0.000724, ct = 0.000302, ndl = 0', bdl = 0', odl = 0', odf = 2', bsi = 0', cnt = 1', bdch = 0', odch = 0', lcp = 0', #sols = 150
<DWph=0> <it=  8> <et=3.11> <Mt= 0.00> <Spt= 0.01> <nCl=  0> <al=0.00> <DB=  799.6500> <Mlp=  799.6500> <PB=10000000> 
    Full reduced cost fixing is not called (gap ratio is 0.999994)
Dynamic params and stats :  aver.obdmd = 16.4516 aver.buck.num. = 26 nbR1C = 40 with avMem = 4.95
ColGenEvalAlg final dual bound: 799.65 (rounded: 799.65)
False gap improvement since the last cut separation : 0.0130507 (798.608)
Cut generation tailing off counter increased to 2
2 Rank-1 1-rows pack. cuts added ,  max viol. = 0.25, aver. viol. = 0.25
1 Rank-1 3-rows pack. cuts added ,  max viol. = 0.25, aver. viol. = 0.25
Building structures for heuristic rank-1 packing cut separation...done!
4 Rank-1 4-rows pack. cuts added ,  max viol. = 0.25, aver. viol. = 0.25
43 Rank-1 5-rows pack. cuts added ,  max viol. = 0.25, aver. viol. = 0.15407
----- Add fac. cuts : R1C(50), max.viol = 0.25, aver.viol = 0.25, sep/add took 0.15/0 sec. -----
961 columns (961 active), 250 dyn. constrs. (101 active), 945 art. vars. (235 active)
<DWph=2> <it=  1> <et=3.29> <Mt= 0.00> <Spt= 0.00> <nCl=  0> <al=0.00> <DB=  799.8261> <Mlp=  799.8261> <PB=10000000> 
<DWph=1> <it=  2> <et=3.29> <Mt= 0.01> <Spt= 0.01> <nCl=  0> <al=0.00> <DB=  799.8261> <Mlp=  799.8261> <PB=10000000> 
    RCSP exact solver info for graph G_1 : TT = 0.001728, pt = 0.00036, dt = 0.000659, ct = 0.000301, ndl = 0', bdl = 0', odl = 0', odf = 2', bsi = 0', cnt = 1', bdch = 0', odch = 0', lcp = 0', #sols = 150
    RCSP exact solver info for graph G_1 : TT = 0.001726, pt = 0.00037, dt = 0.000687, ct = 0.0003, ndl = 0', bdl = 0', odl = 0', odf = 2', bsi = 0', cnt = 1', bdch = 0', odch = 0', lcp = 0', #sols = 150
<DWph=0> <it=  3> <et=3.30> <Mt= 0.00> <Spt= 0.00> <nCl=  0> <al=0.00> <DB=  799.8261> <Mlp=  799.8261> <PB=10000000> 
    Full reduced cost fixing is not called (gap ratio is 0.999994)
Dynamic params and stats :  aver.obdmd = 16.4516 aver.buck.num. = 26 nbR1C = 41 with avMem = 4.92683
ColGenEvalAlg final dual bound: 799.826 (rounded: 799.826)
False gap improvement since the last cut separation : 0.00220205 (799.65)
----- Cut generation is stopped due to tailing off -----
**** Strong branching phase 1 is started *****
SB phase 1 cand.  1 branch on var b_0_1_OmastV (lhs=2.6957)    : [  800.4000,   808.1000], score = 4.75      <et=3.31>
SB phase 1 cand.  2 branch on var b_0_6_OmastV (lhs=1.6957)    : [  800.5714,   800.5750], score = 0.56      <et=3.31>
SB phase 1 cand.  3 branch on var b_0_3_OmastV (lhs=2.0435)    : [  799.8308,   803.3531], score = 0.02      <et=3.31>
SB phase 1 cand.  4 branch on var x_1_16_53_1_OspV (lhs=0.4783): [  799.8261,   800.7134], score = 0.00      <et=3.32>
SB phase 1 cand.  5 branch on var x_1_8_18_1_OspV (lhs=0.5652) : [  800.4628,   801.3903], score = 1.00      <et=3.32>
SB phase 1 cand.  6 branch on var x_1_8_46_1_OspV (lhs=0.4348) : [  800.2267,   800.8458], score = 0.41      <et=3.32>
SB phase 1 cand.  7 branch on var x_1_46_60_1_OspV (lhs=0.5652): [  800.3300,   802.2083], score = 1.20      <et=3.32>
SB phase 1 cand.  8 branch on var x_1_1_42_1_OspV (lhs=0.3913) : [  799.9435,   801.7238], score = 0.22      <et=3.33>
SB phase 1 cand.  9 branch on var x_1_11_34_1_OspV (lhs=0.3913): [  799.9435,   800.2194], score = 0.05      <et=3.33>
SB phase 1 cand. 10 branch on var x_1_14_60_1_OspV (lhs=0.3913): [  803.3719,   803.7923], score = 14.06      <et=3.33>
SB phase 1 cand. 11 branch on var x_1_47_52_1_OspV (lhs=0.6087): [  800.6458,   802.3162], score = 2.04      <et=3.34>
SB phase 1 cand. 12 branch on var x_1_6_22_1_OspV (lhs=0.6522) : [  799.8481,   800.1500], score = 0.01      <et=3.34>
SB phase 1 cand. 13 branch on var x_1_1_26_1_OspV (lhs=0.6957) : [  800.5338,   801.4289], score = 1.13      <et=3.34>
SB phase 1 cand. 14 branch on var x_1_1_31_1_OspV (lhs=0.3043) : [  799.9679,   801.0691], score = 0.18      <et=3.34>
SB phase 1 cand. 15 branch on var x_1_1_34_1_OspV (lhs=0.3043) : [  799.8554,   801.1945], score = 0.04      <et=3.35>
SB phase 1 cand. 16 branch on var x_1_1_40_1_OspV (lhs=0.3043) : [  799.8554,   800.7261], score = 0.03      <et=3.35>
SB phase 1 cand. 17 branch on var x_1_1_41_1_OspV (lhs=0.6957) : [  800.1037,   800.8218], score = 0.28      <et=3.35>
SB phase 1 cand. 18 branch on var x_1_1_56_1_OspV (lhs=0.6957) : [  799.8554,   801.1077], score = 0.04      <et=3.35>
SB phase 1 cand. 19 branch on var x_1_8_47_1_OspV (lhs=0.6957) : [  800.6333,   801.9900], score = 1.75      <et=3.36>
SB phase 1 cand. 20 branch on var x_1_11_36_1_OspV (lhs=0.3043): [  800.0679,   808.6000], score = 2.12      <et=3.36>
SB phase 1 cand. 21 branch on var x_1_11_42_1_OspV (lhs=0.3043): [  799.8554,   802.5269], score = 0.08      <et=3.36>
SB phase 1 cand. 22 branch on var x_1_18_47_1_OspV (lhs=0.3043): [  800.6433,   810.4594], score = 8.69      <et=3.36>
SB phase 1 cand. 23 branch on var x_1_26_45_1_OspV (lhs=0.3043): [  800.0840,   803.5000], score = 0.95      <et=3.37>
SB phase 1 cand. 24 branch on var x_1_31_40_1_OspV (lhs=0.6957): [  799.9679,   801.0691], score = 0.18      <et=3.37>
SB phase 1 cand. 25 branch on var x_1_32_40_1_OspV (lhs=0.6957): [  799.8554,   800.7261], score = 0.03      <et=3.37>
SB phase 1 cand. 26 branch on var x_1_32_56_1_OspV (lhs=0.3043): [  799.8554,   801.8075], score = 0.06      <et=3.37>
SB phase 1 cand. 27 branch on var x_1_34_42_1_OspV (lhs=0.3043): [  800.8136,   803.7074], score = 3.83      <et=3.38>
SB phase 1 cand. 28 branch on var x_1_36_45_1_OspV (lhs=0.6957): [  801.1452,   801.3238], score = 1.98      <et=3.38>
SB phase 1 cand. 29 branch on var x_1_40_50_1_OspV (lhs=0.3043): [  801.0691,   803.6449], score = 4.75      <et=3.38>
SB phase 1 cand. 30 branch on var x_1_41_56_1_OspV (lhs=0.3043): [  800.1038,   800.3094], score = 0.13      <et=3.39>
SB phase 1 cand. 31 branch on var x_1_50_56_1_OspV (lhs=0.6957): [  800.1037,   801.0691], score = 0.35      <et=3.39>
SB phase 1 cand. 32 branch on var x_1_52_53_1_OspV (lhs=0.3043): [  800.1700,   804.1595], score = 1.49      <et=3.39>
SB phase 1 cand. 33 branch on var x_1_6_60_1_OspV (lhs=0.2609) : [  799.9524,   801.2179], score = 0.18      <et=3.39>
SB phase 1 cand. 34 branch on var x_1_4_6_1_OspV (lhs=0.2174)  : [  799.8393,   822.0000], score = 0.29      <et=3.4>
SB phase 1 cand. 35 branch on var x_1_4_60_1_OspV (lhs=0.7826) : [  800.2111,   801.1284], score = 0.50      <et=3.4>
SB phase 1 cand. 36 branch on var x_1_6_16_1_OspV (lhs=0.2174) : [  799.8363,   800.3526], score = 0.01      <et=3.4>
SB phase 1 cand. 37 branch on var x_1_6_47_1_OspV (lhs=0.2174) : [  800.0831,   805.2410], score = 1.39      <et=3.4>
SB phase 1 cand. 38 branch on var x_1_14_18_1_OspV (lhs=0.2174): [  799.9321,   803.4621], score = 0.39      <et=3.41>
SB phase 1 cand. 39 branch on var x_1_14_22_1_OspV (lhs=0.2174): [  799.8363, 457984.8726], score = 4673.73      <et=3.41>
SB phase 1 cand. 40 branch on var x_1_6_53_1_OspV (lhs=0.8261) : [  800.1500,   803.3964], score = 1.16      <et=3.41>
SB phase 1 cand. 41 branch on var x_1_8_35_1_OspV (lhs=0.1739) : [  800.8292,   806.3822], score = 6.58      <et=3.42>
SB phase 1 cand. 42 branch on var x_1_14_53_1_OspV (lhs=0.1739): [  800.1500,   806.5729], score = 2.19      <et=3.42>
SB phase 1 cand. 43 branch on var x_1_18_35_1_OspV (lhs=0.8261): [  800.1167,   807.5612], score = 2.25      <et=3.42>
SB phase 1 cand. 44 branch on var x_1_8_16_1_OspV (lhs=0.1304) : [  799.8479,   803.8333], score = 0.09      <et=3.43>
SB phase 1 cand. 45 branch on var x_1_22_53_1_OspV (lhs=0.1304): [  799.8479,   800.6125], score = 0.02      <et=3.43>
SB phase 1 cand. 46 branch on var x_1_3_23_1_OspV (lhs=0.0870) : [  799.8308,   801.6881], score = 0.01      <et=3.43>
SB phase 1 cand. 47 branch on var x_1_16_23_1_OspV (lhs=0.0870): [  799.8308,   808.0333], score = 0.04      <et=3.43>
SB phase 1 cand. 48 branch on var x_1_16_47_1_OspV (lhs=0.0870): [  800.0885,   807.9880], score = 2.14      <et=3.44>
SB phase 1 cand. 49 branch on var x_1_18_52_1_OspV (lhs=0.0870): [  800.0885,   818.1614], score = 4.81      <et=3.44>
SB phase 1 cand. 50 branch on var x_1_23_52_1_OspV (lhs=0.9130): [  799.8308,   801.6881], score = 0.01      <et=3.44>
SB phase 1 cand. 51 branch on var x_1_23_55_1_OspV (lhs=0.9130): [  799.8308,   803.8375], score = 0.02      <et=3.44>
SB phase 1 cand. 52 branch on var x_1_47_53_1_OspV (lhs=0.0870): [  799.8521,   810.0458], score = 0.27      <et=3.45>
SB phase 1 cand. 53 branch on var x_1_52_55_1_OspV (lhs=0.0870): [  799.8308,   801.6881], score = 0.01      <et=3.45>
**** Strong branching phase 2 is started *****
#<DWph=1> <it= 12> <et=3.50> <Mt= 0.01> <Spt= 0.04> <nCl= 30> <al=0.00> <DB=  804.9925> <Mlp=  804.9925> <PB=10000000> 
<DWph=1> <it=  3> <et=3.52> <Mt= 0.00> <Spt= 0.01> <nCl=  1> <al=0.00> <DB=  799.8309> <Mlp=  799.8309> <PB=10000000> 
SB phase 2 cand.  1 branch on var x_1_14_22_1_OspV (lhs=0.2174): [  799.8309,   804.9925], score = 0.02      <et=3.52>
<DWph=1> <it=  8> <et=3.56> <Mt= 0.00> <Spt= 0.03> <nCl= 10> <al=0.00> <DB=  802.4214> <Mlp=  802.4214> <PB=10000000> 
<DWph=1> <it=  8> <et=3.61> <Mt= 0.01> <Spt= 0.02> <nCl= 17> <al=0.00> <DB=  800.1000> <Mlp=  800.1000> <PB=800.1> 
SB phase 2 cand.  2 branch on var x_1_14_60_1_OspV (lhs=0.3913): [  800.1000,   802.4214], score = 0.71      <et=3.61>
<DWph=1> <it=  5> <et=3.64> <Mt= 0.01> <Spt= 0.02> <nCl= 12> <al=0.00> <DB=  804.7573> <Mlp=  804.7573> <PB=800.1> 
<DWph=1> <it=  5> <et=3.66> <Mt= 0.00> <Spt= 0.02> <nCl=  5> <al=0.00> <DB=  800.1000> <Mlp=  800.1000> <PB=800.1> 
SB phase 2 cand.  3 branch on var x_1_18_47_1_OspV (lhs=0.3043): [  800.1000,   804.7573], score = 1.35      <et=3.66>
**** Strong branching phase 3 is started *****
**** SB phase 3 evaluation of candidate 1, branch 1 ( x_1_18_47_1_OspV >= 1 ), value = 804.757
<DWph=2> <it=  1> <et=3.67> <Mt= 0.00> <Spt= 0.00> <nCl=  0> <al=0.00> <DB=  804.7573> <Mlp=  804.7573> <PB=800.1> 
<DWph=1> <it=  2> <et=3.68> <Mt= 0.00> <Spt= 0.01> <nCl=  0> <al=0.00> <DB=  804.7573> <Mlp=  804.7573> <PB=800.1> 
    RCSP exact solver info for graph G_1 : TT = 0.001812, pt = 0.000251, dt = 0.000803, ct = 0.000336, ndl = 0', bdl = 0', odl = 0', odf = 2', bsi = 0', cnt = 1', bdch = 1', odch = 0', lcp = 0', #sols = 150
    RCSP exact solver info for graph G_1 : TT = 0.00168, pt = 0.000258, dt = 0.000738, ct = 0.000309, ndl = 0', bdl = 0', odl = 0', odf = 2', bsi = 0', cnt = 1', bdch = 1', odch = 0', lcp = 0', #sols = 150
<DWph=0> <it=  3> <et=3.69> <Mt= 0.00> <Spt= 0.00> <nCl=  0> <al=0.00> <DB=  804.7573> <Mlp=  804.7573> <PB=800.1> 
Dynamic params and stats :  aver.obdmd = 16.4516 aver.buck.num. = 26 nbR1C = 31 with avMem = 4.3871
ColGenEvalAlg final dual bound: 804.757 (rounded: 804.757)
**** SB phase 3 evaluation of candidate 1, branch 2 ( x_1_18_47_1_OspV <= 0 ), value = 800.1
<DWph=2> <it=  1> <et=3.70> <Mt= 0.00> <Spt= 0.01> <nCl=  0> <al=0.00> <DB=  800.1000> <Mlp=  800.1000> <PB=800.1> 
<DWph=1> <it=  2> <et=3.70> <Mt= 0.00> <Spt= 0.00> <nCl=  0> <al=0.00> <DB=  800.1000> <Mlp=  800.1000> <PB=800.1> 
    RCSP exact solver info for graph G_1 : TT = 0.001862, pt = 0.000319, dt = 0.00081, ct = 0.000314, ndl = 0', bdl = 0', odl = 0', odf = 2', bsi = 0', cnt = 1', bdch = 0', odch = 1', lcp = 0', #sols = 150
    RCSP exact solver info for graph G_1 : TT = 0.001764, pt = 0.000327, dt = 0.000762, ct = 0.000297, ndl = 0', bdl = 0', odl = 0', odf = 2', bsi = 0', cnt = 1', bdch = 0', odch = 1', lcp = 0', #sols = 150
<DWph=0> <it=  3> <et=3.71> <Mt= 0.00> <Spt= 0.01> <nCl=  0> <al=0.00> <DB=  800.1000> <Mlp=  800.1000> <PB=800.1> 
Dynamic params and stats :  aver.obdmd = 16.4516 aver.buck.num. = 26 nbR1C = 38 with avMem = 4.86842
ColGenEvalAlg final dual bound: 800.1 (rounded: 800.1)
 SB phase 3 candidate 1 is conquered !
SB with phases chosed candidate var x_1_18_47_1_OspV (lhs=0.304348)
New model incumbent solution 800.1, TIME = 0h0m3s71t = 371
************************************************************************************************
Search is finished, global bounds : [ 800.1 , 800.1 ], TIME = 0h0m3s71t = 371
************************************************************************************************
[32mBaPCod : solution defined.[00m
statistics_cols: instance & :Optimal & cutoff & :bcRecRootDb & :bcTimeRootEval & :bcCountNodeProc & :bcRecBestDb & :bcRecBestInc & :bcTimeMain \\
statistics: h10_c50_k100_09 & 1 & 1.0e7 & 799.83 & 3.30 & 3 & 800.10 & 800.10 & 3.71 \\
 
########################################################
Route #1: 2 54 22 51 46 7 45 20 34 17 13 5 52 15 21 5 59 29 16 49 0 25 33 10 31 0 41 30 39 55 0 40 35 44 28 9 11 32 37 53 4 57 50 36 27 9 23 18 12 2 26 14 19 6 42 47 6 48 38 58 8 43 24 56 2 
Cost 800.1
########################################################
