Application parameters:
  batch  =>  nothing
  tikz  =>  "/TIKZ/eil51-H10-T4-S4.tex"
  instance  =>  "/IN/eil51-H10-T4-S4.ophs"
  out  =>  "/OUT/eil51-H10-T4-S4.sol"
  nosolve  =>  false
  ub  =>  -2600
  complete  =>  false
  cfg  =>  "/BWTSP/src/../config/OPHS.cfg"
VRPSolver warning: Interval set for resource 1 on source node (when source != sink) is ignored (by definition is [0.0,0.0])
[41m solve [00m
Info about modified params should be ignored for params which are not in the config file.
Such warnings may have been triggered because the default value of the param was modified.
 BaPCod info - PARAM MODIFIED : 
     StabilizationFunctionType::none 
     ===> 
     StabilFuncInnerAngle = 0 and StabilFuncOuterAngle = 0 
 BaPCod info - PARAM MODIFIED : 
     colGenStabilizationFunctionType::none 
     ===> 
     colGenProximalStabilizationRule::undefined 
~~~~~~~~~~~~~~~~~~~~~~~~~~~~~~~~~~~~~~~~~~~~~~~~~~~~~~~~~~~~~~~~~~~~~~~~~~~~~~
VRPSolver v0.4.1, 24/03/2021. Web: vrpsolver.math.u-bordeaux.fr
Corresponds to the solver by Pessoa, Sadykov, Uchoa and Vanderbeck (2020)
Paper: dx.doi.org/10.1007/s10107-020-01523-z
USE THIS CODE ONLY FOR ACADEMIC PURPOSES AT YOUR OWN RISK
~~~~~~~~~~~~~~~~~~~~~~~~~~~~~~~~~~~~~~~~~~~~~~~~~~~~~~~~~~~~~~~~~~~~~~~~~~~~~~
BaPCod v053, 24/03/2021, © Inria Bordeaux, France
~~~~~~~~~~~~~~~~~~~~~~~~~~~~~~~~~~~~~~~~~~~~~~~~~~~~~~~~~~~~~~~~~~~~~~~~~~~~~~
/* SOLUTION MODE */
  ovfSolMode = none
  masterSolMode = mipSolver
  colGenSubProbSolMode = customSolver
  sepSubProbSolMode = mipSolver

/* MIP SOLVER PARAMETERS */ 
MipSolverMaxBBNodes = 2000000
MipSolverMaxTime = 360000
MipSolverRecordNamesInFormulation = true
nameVarConstrInFormulations = true

/* BRANCH-AND-PRICE CONTROL PARAMETERS */  
MaxNbOfCgIterations = 100000
MaxNbOfBendersIterations = 5000
MaxNbOfBBtreeNodeTreated = 100000

 /* STABILIZATION OF COLUMN GENERATION CONTROL PARAMETERS */ 
mastInitMode = localArtCol
colGenDualPriceSmoothingRule = Wentges
bendersPrimalSolSmoothingRule = none

/* STRATEGIES FOR COLUMN GENERATION CONTROL PARAMETERS */ 
Search4NegRedCostColInInactivePool = false
MultiColGeneration = true

/* STRATEGIES FOR SEPARATION CONTROL PARAMETERS */ 
bendersSpInitMode = localArtVar
bendersSpInitModeUseLocalArtVarForEqualityConstraints = false
BendersSepOracleNthreads = 0
bendersCutGenerationMode = cutAndBranch
bendersMultiSolnCutGen = true
bendersMultiSolnCutGenPoolCapacity = 0
bendersMultiSolnCutGenEleminateSeenSolns = false

/* PRIMAL HEURISTIC CONTROL PARAMETERS */ 
UseInitialPrimalHeur = false
UseDivingHeur = true
UseRestrictedMasterIpHeur = true

/* Code OUTPUT CONTROL  */ 
DEFAULTPRINTLEVEL = 0
ClockType = 0

/* SOLVER Name */
solverName = CPLEX_SOLVER

/* ADVANCED USER PARAMETERS */
ApplyPreprocessing = true
ApplyStrongBranchingEvaluation = true
StrongBranchingParameter4MaxNbOfCandidates = 10
MaxNbOfStagesInColGenProcedure = 3
GenerateProperColumns = false
DynamicSpVarGen = false
bendersCutScaling = false

!!-- ADVANCED PARAMETERS --!! 

/* MIP SOLVER PARAMETERS */ 
MipSolverMaxNbLpIterations = 2147483645
RequiredSolStatForOvf = SolutionStatus includes     Optimum ,    PrimalFeasSolFound ,

PreprocessorOnForOvf = true
ProbingOnForOvf = true
AutomaticCuttingPlanesOnForOvf = true
SolverSelectForOvf = d
RequiredSolStatForMast = SolutionStatus includes     Optimum ,    DualFeasSolFound ,    OptimumUnscalInfeas ,

PreprocessorOnForMast = true
ProbingOnForMast = true
AutomaticCuttingPlanesOnForMast = true
SolverSelectForMast = a
SolverSelectForMastAfterBarrierConvergence = d
RequiredSolStatForColGenSp = SolutionStatus includes     Optimum ,    PrimalFeasSolFound ,

PreprocessorOnForColGenSp = true
ProbingOnForColGenSp = true
AutomaticCuttingPlanesOnForColGenSp = true
SolverSelectForSepSp = d
RequiredSolStatForSepSp = SolutionStatus includes     Optimum ,    PrimalFeasSolFound ,

PreprocessorOnForSepSp = true
ProbingOnForSepSp = true
AutomaticCuttingPlanesOnForSepSp = true
SolverSelectForSepSp = d
SafeDualBoundScaleFactor = -1
MasterMipSolverRightHAndSideZeroTol = 1e-07
MasterMipSolverReducedCostTolerance = 1e-07
MasterMipSolverClassicalBendersWarmStart = false
MasterMipSolverClassicalBendersEpGap = 0.01
MasterMipSolverClassicalBendersEpGapFactor = 0.5
MasterMipSolverClassicalBendersMIPEmphasis = 0
MasterMipSolverBarrierMinConvergTol = 1e-06
MasterMipSolverBarrierConvergTolFactor = 0.01
ColGenMipSolverRightHAndSideZeroTol = 1e-08
ColGenMipSolverReducedCostTolerance = 1e-06
BendersSpMipSolverRightHAndSideZeroTol = 1e-06
BendersSpMipSolverReducedCostTolerance = 1e-08
MipSolverMultiThread = 1
MipSolverIntegerFeasibility = 1e-08
MipSolverNbOfExtraRows = 1000
MipSolverNbOfExtraCols = 1000
MipSolverNbOfExtraGlobalEntities = 10000
MipSolverNbOfExtraMatrixElements = 50000
MipSolverNbOfExtraElementsInPresolve = 1000

/* BRANCH-AND-PRICE CONTROL PARAMETERS */  
MaxNbOfColPerIteration = 1
MaxDepthInBBtree = 5000
StopWhenBranchingFails = true
fullSearchForBestBranchingSet = true
BapCodReducedCostTolerance = 1e-06
BapCodCutViolationTolerance = 0.02
BapCodIntegralityTolerance = 1e-08
treeSearchStrategy = 1

/* BRANCH-AND-PRICE OPTION PARAMETERS */ 
PseudoLagrangianBounds = false
DCP_MaxIterWithSameSg = 0
TestAggregateMasterSol4Integrality = false
VerifyColsIntegralityInTestSolForIntegrality = false
BranchFirstOnPureMasterVariables = true
BranchFirstOnSubProblemVariables = false
StrongBranchingParameter4BestVsWorstBd = 0.9
StrongBranchingParameter4MaxNbOfCandidatesAfterRM = 5
StrongBranchingParameter4NodesNbRatio = 0.1
StrongBranchingParameter4NotPromissingConservativeness = 1
StrongBranchingPhaseOne = max#cand. = 100 max#cg.iters = 0 min.lvl.sp.restr. = 0 min#cut.rounds = 0 max#cut.rounds = 0 red.cost.fix&enum. = false tree.size.ratio = 0.2
StrongBranchingPhaseTwo = max#cand. = 3 max#cg.iters = 10000 min.lvl.sp.restr. = 1 min#cut.rounds = 0 max#cut.rounds = 0 red.cost.fix&enum. = false tree.size.ratio = 0.02
StrongBranchingPhaseThree = max#cand. = 1 max#cg.iters = 10000 min.lvl.sp.restr. = 0 min#cut.rounds = 0 max#cut.rounds = 10000 red.cost.fix&enum. = true tree.size.ratio = 1
StrongBranchingPhaseFour =not active
StrongBranchingPhaseOneCandidatesNumber = 100
StrongBranchingPhaseOneTreeSizeEstimRatio = 0.2
StrongBranchingPhaseTwoCandidatesNumber = 3
StrongBranchingPhaseTwoTreeSizeEstimRatio = 0.02
StrongBranchingExactPhaseInterrupt = false
StrongBranchingUseHistorySubtreeSize = false
TerminateCgWhenRoundedDbCannotImprove = false
UseObjScalingFact = false
UseMasterCuttingPlanes = true
ExploreCutPoolBeforeSeparation = true
GoIntoSeparationEvenIfViolatedCutsFromPool = false
MasterCuttingPlanesDepthLimit = 1000
MaxNbOfCutGeneratedAtEachIter = 1000
NbOfCutTargetedBeforeSwitchingTemplate = 10
OpenNodesLimit = 1000

 /* STABILIZATION OF COLUMN GENERATION CONTROL PARAMETERS */ 
LocArtVarInConvexityConstr = true
dualCPInitWithArtCol = false
ArtVarPenaltyUpdateFactor = 2
ArtVarUniformPenaltyUpdate = true
ArtVarMaxNbOfPenaltyUpdates = 5
BendersSepSpArtVarPenaltyUpdateFactor = 5
BendersSepSpArtVarUniformPenaltyUpdate = true
BendersSepSpArtVarMaxNbOfPenaltyUpdates = 3
BendersSepSpArtVarPenaltyInit = 1
BendersSepSpFreeCostArtVar = false
BendersSepSpFreeCostArtVarMaxNbOfLBResets = -1
colGenStabilizationFunctionType = none
colGenProximalStabilizationRule = undefined
bendersProximalStabilizationFunctionType = none
StabilFuncKappa = 1
StabilFuncArtVarInSolUpdateFactor = 10
StabilFuncCurvature = 1
StabilFuncCurvatureAdvanceRate = 1
StabilFuncOuterHalfInterval = 100
StabilFuncInnerHalfInterval = 10
StabilFuncHalfIntervalChildNodeFactor = 10
StabilFuncOuterAngle = 0
StabilFuncInnerAngle = 0
colGenDualPriceSmoothingAlphaFactor = 1
colGenDualPriceSmoothingBetaFactor = 0
colGenDualPriceSmoothingMinGap = 0
colGenDualPriceSmoothingMaxGap = 0
bendersPrimalSolSmoothingAlphaFactor = 0
bendersPrimalSolSmoothingBetaFactor = 0
bendersPrimalSolSmoothingMinGap = 0
bendersPrimalSolSmoothingMaxGap = 0
colGenStabilizationMaxTreeDepth = 10000
bendersStabilizationMaxTreeDepthStabilizationMaxTreeDepth = 10000
colGenDualPriceSmoothingMaxNbOfUpdate = 10
bendersPrimalSolSmoothingMaxNbOfUpdate = 10
StabilizationMinPhaseOfStage = 0

/* STRATEGIES FOR COLUMN GENERATION CONTROL PARAMETERS */ 
SplitColIntoDissagregateSpVar = false
SplitColIntoDissagregateSpVarInHeadIn = true
dynamicallyAddVarConstrInCallBacks = false
PriceAllSubproblemsForBestDualBound = true
CyclicSpScanning = false
Col4AllSubproblems = false
UseColumnsPool = false
InsertAllGeneratedColumnsInFormRatherThanInPool = true
InsertNewNonNegColumnsDirectlyInFormRatherThanInPool = true
ColumnCleanupFrequenceInNbOfCgIter = 1
ColumnCleanupThreshold = 10000
ColumnCleanupRatio = 0.66
CutCleanupThreshold = 1
CutTailingOffThreshold = 0.015
CutTailingOffCounterThreshold = 3
CutTailingOffAbsTolerance = -1
MinNumOfCutRoundsBeforeStopBySp = 1
CutCleanupRatio = 0.66
CutDynamicPriorityLevel = false
SetColFromBasisWhenProcNewNode = true
SetVarWithLowRedCostOnlyWhenProcNewNode = false
CleanupMasterCutsWhenProcNewNode = false
ReducedCostFixingThreshold = 0.9
runColGenUntilFullConvergence = false

/* PRIMAL HEURISTIC CONTROL PARAMETERS */ 
UseGreedyHeur = 0
MaxNbGhIter = 50
UseSeqRoundingHeur = false
UseFeasibilityPumpHeur = false
UseCustomFracSolBasedHeur = false
UseDive2RestrictHeur = false
UseLocalSearchHeur = false
UseDivingProximalHeur = false
UseRestrictMastProximalHeur = false
ActivateAllColumnsForRestrictedMasterIpHeur = false
MaxTimeForRestrictedMasterIpHeur = -1
PolishingAfterTimeInRestrictedMasterIpHeur = -1
MaxNumEnumSolsInRestrictedMasterIpHeur = 5000
MIPemphasisInRestrictedMasterIpHeur = 1
CallFrequencyOfRestrictedMasterIpHeur = 5
CallFrequencyOfDivingHeur = 1
UseDivingHeurAfterBranchOnly = false
UseDivingHeurOnMasterColOnly = true
UseDivingHeurOnPureMastVarOnly = false
UseSeqRoundingHeurAfterBranchOnly = false
MaxFeasibilityPumpIterationCounter = 20
FeasibilityPumpModCostFunction = 2
MaxLocalSearchIterationCounter = 3
MaxProximalIterationCounter = 3
MaxDepthInDivingHeur = 50
EvalAlgParamsInDiving = max#cand. = 1 max#cg.iters = 10000 min.lvl.sp.restr. = 1 min#cut.rounds = 0 max#cut.rounds = 0 red.cost.fix&enum. = false tree.size.ratio = 1
MaxFactorOfPartialSolValueInDive2RestrictHeur = 0.5
MaxFactorOfColFixedByLocalSearchHeur = 0.8
StrongDivingCandidatesNumber = 1
MaxNbOfCgIteDuringRh = 5000
MaxNbOfPenaltUpdatesDuringRH = 10
MaxLDSbreadth = 0
MaxLDSdepth = 0
DivingHeurUseDepthLimit = -1
LocalSearchHeurUseDepthLimit = 2
DivingHeurStopsWithFirstFeasSol = false
DivingHeurPreprocessBeforeChoosingVar = false
FixIntValBeforeRoundingHeur = true
IgnoreIntValWhenSelectingRoundedVarInRH = true
NbOfSelectionCriteriaForRoundingHeur = 1
RecordingNodeInfo = false
/* RCSP SOLVER CONTROL PARAMETERS */ 
RCSPcheckDominInOtherBuckets = true
RCSPuseBidirectionalSearch = 2
RCSPuseCompletionBoundsInPricing = 0
RCSPdomChecksThresholdInPricing = 1e+15
RCSPstopCutGenTimeThresholdInPricing = 10
RCSPhardTimeThresholdInPricing = 25
RCSPmaxNumOfColsPerIteration = 30
RCSPmaxNumOfColsPerExactIteration = 150
RCSPallowRoutesWithSameVerticesSet = true
RCSPheurLabelingStrategy = 0
RCSPnumberOfBucketsPerVertex = 25
RCSPdynamicBucketSteps = 1
RCSPdynBuckStepAdjustRatioThreshold = 500
RCSPdynBuckStepAdjustNumBuckArcsThreshold = 10000
RCSPapplyReducedCostFixing = 1
RCSPredCostFixingFalseGap = 0
RCSPuseComplBoundsInRedCostFixing = 2
RCSPuseDSSRInMode = 0
RCSPmaxNumOfColumnsInDSSR = 100
RCSPmaxCycleSizeInDSSR = 5
RCSPdynamicNGmode = 0
RCSPmaxNumOfColumnsInDynamicNG = 100
RCSPmaxCycleSizeInDynamicNG = 5
RCSPmaxNGneighbourhoodSize = 8
RCSPmaxNGneighbourhoodSize = 8
RCSPmaxNGaverNeighbourhoodSize = 8
RCSPuseCapacityCuts = true
RCSPresConsKnapsackCutsMode = 8
RCSPcapCutsMaxNumPerRound = 100
RCSPcliqueCutsMaxNumPerRound = 0
RCSPcliqueCutsMaxSepTime = 5
RCSPrankOneCutsMaxNumRows = 5
RCSPrankOneCutsMaxNumPerRound = 100
RCSPrankOneCutsMemoryType = 0
RCSPrankOneCutsArcMemoryType = 2
RCSPrankOneCutsSpDependentMemory = false
RCSPrankOneCutsLSnumIterations = 1000
RCSPrankOneCutsNeighbourhoodSize = 16
RCSPrankOneCutsMaxNumTriplets = 10000
RCSPuseExactComplBoundsInEnumeration = true
RCSPmaxGapToRunEnumeration = 1
RCSPmaxNumOfLabelsInEnumeration = 0
RCSPmaxNumOfLabelsInHeurEnumeration = 0
RCSPmaxNumOfEnumeratedSolutions = 0
RCSPmaxNumOfEnumSolutionsForMIP = 10000
RCSPmaxNumOfEnumSolsForEndOfNodeMIP = 10000
RCSPstopRatioForConcatenationInEnum = 30
RCSPenableSimplePricing = false
LeastFractional
Closest2RoundUp
LeastGreedyCost
LeastCost
selectColBasedOnLpSoInDivingHeur = false
breakTiesByGreedyCostInRh = true
RestrictedMasterIpHeurColRenewalBeforeReUse = 0.5

/* Code OUTPUT CONTROL  */ 
ColGenLogFrequency = 1
BundleOutput = 0
time key = bcTimeNow
time key = now
/* BOUND */
minimizationProblem = true
integerValuedBound = true
optimalityGapTolerance = 1e-06
relOptimalityGapTolerance = 1e-06
/* ADVANCED PARAMETERS */
useDirectAccessForMastColumnMembership = false
useSPVarMembershipCache = false
CheckSpOracleFeasibility = false
CheckOracleOptimality = false

prName & bcTimeMain \\ 
New model incumbent solution -2599, TIME = 0h0m0s4t = 4
Bucket steps were recalculated for graph G_1 : [3.4081]
RCSP solver info : non-symmetric case as the reverse arc for 0->10 does not exist
Bidirectional border value is initialised to 42
RCSP solver info : number of forw. reachable buckets / buck. strongly connected components is 1433( 79.5669% ) / 1410( 98.395% )
RCSP solver info : number of back. reachable buckets / buck. strongly connected components is 1410( 78.2898% ) / 1387( 98.3688% )
Generating neibourhoods for rank-1 cuts separation
Building structures for 4- and 5-row rank-1 packing cut separation...done!
Model is built TIME = 0h0m0s98t = 98
************************************************************************************************
**** BaB tree root node
**** Local DB = -1e+12, global bounds : [ -1e+12 , -2599 ], TIME = 0h0m0s98t = 98
**** 1 open nodes, 0 columns (0 active), 0 dyn. constrs. (0 active), 230 art. vars. (230 active)
************************************************************************************************
--------------------------------------------------------------------------
BaPCod info : first we run the root node with rank-1 cuts with node memory
--------------------------------------------------------------------------
#<DWph=2> <it=  1> <et=0.99> <Mt= 0.00> <Spt= 0.00> <nCl= 10> <al=0.00> <DB=-1764000.0000> <Mlp=96000.0000> <PB=-2599> 
#<DWph=2> <it=  2> <et=1.00> <Mt= 0.00> <Spt= 0.00> <nCl= 10> <al=0.55> <DB=-1187152.5000> <Mlp=89310.0000> <PB=-2599> 
#<DWph=2> <it=  3> <et=1.00> <Mt= 0.00> <Spt= 0.00> <nCl= 10> <al=0.45> <DB=-743325.7500> <Mlp=81754.0000> <PB=-2599> 
#<DWph=2> <it=  4> <et=1.00> <Mt= 0.00> <Spt= 0.01> <nCl= 10> <al=0.35> <DB=-346006.1358> <Mlp=59391.6667> <PB=-2599> 
#<DWph=2> <it=  5> <et=1.01> <Mt= 0.00> <Spt= 0.00> <nCl= 10> <al=0.25> <DB=-145077.8731> <Mlp=41095.8372> <PB=-2599> 
#<DWph=2> <it=  6> <et=1.01> <Mt= 0.00> <Spt= 0.00> <nCl= 10> <al=0.33> <DB=-227873.8709> <Mlp= 6073.5714> <PB=-2599> 
<DWph=2> <it=  7> <et=1.01> <Mt= 0.00> <Spt= 0.00> <nCl=  2> <al=0.39> <DB=-57499.6312> <Mlp=-2272.7489> <PB=-2599> 
<DWph=2> <it=  8> <et=1.02> <Mt= 0.00> <Spt= 0.01> <nCl=  9> <al=0.29> <DB=-17899.8616> <Mlp=-2283.5714> <PB=-2599> 
<DWph=2> <it=  9> <et=1.02> <Mt= 0.00> <Spt= 0.00> <nCl= 10> <al=0.19> <DB=-6556.6841> <Mlp=-2367.8676> <PB=-2599> 
<DWph=2> <it= 10> <et=1.02> <Mt= 0.00> <Spt= 0.00> <nCl= 10> <al=0.09> <DB=-4257.4491> <Mlp=-2421.9853> <PB=-2599> 
<DWph=2> <it= 11> <et=1.03> <Mt= 0.00> <Spt= 0.00> <nCl= 10> <al=0.18> <DB=-3706.7428> <Mlp=-2463.0397> <PB=-2599> 
<DWph=2> <it= 12> <et=1.03> <Mt= 0.00> <Spt= 0.01> <nCl= 10> <al=0.26> <DB=-3618.4185> <Mlp=-2485.9684> <PB=-2599> 
<DWph=2> <it= 13> <et=1.03> <Mt= 0.01> <Spt= 0.00> <nCl= 10> <al=0.34> <DB=-3331.8622> <Mlp=-2518.7442> <PB=-2599> 
<DWph=2> <it= 14> <et=1.04> <Mt= 0.00> <Spt= 0.00> <nCl= 10> <al=0.40> <DB=-3286.0993> <Mlp=-2545.3828> <PB=-2599> 
<DWph=2> <it= 15> <et=1.04> <Mt= 0.00> <Spt= 0.01> <nCl= 10> <al=0.46> <DB=-3287.1164> <Mlp=-2573.8331> <PB=-2599> 
<DWph=2> <it= 16> <et=1.05> <Mt= 0.00> <Spt= 0.00> <nCl= 10> <al=0.52> <DB=-3108.1483> <Mlp=-2594.5392> <PB=-2599> 
<DWph=2> <it= 17> <et=1.05> <Mt= 0.00> <Spt= 0.00> <nCl= 10> <al=0.42> <DB=-2990.4775> <Mlp=-2612.9570> <PB=-2599> 
<DWph=2> <it= 18> <et=1.05> <Mt= 0.00> <Spt= 0.00> <nCl= 10> <al=0.48> <DB=-2966.9262> <Mlp=-2629.8925> <PB=-2599> 
<DWph=2> <it= 19> <et=1.06> <Mt= 0.00> <Spt= 0.01> <nCl=  8> <al=0.53> <DB=-2915.8063> <Mlp=-2639.5061> <PB=-2599> 
<DWph=2> <it= 20> <et=1.06> <Mt= 0.00> <Spt= 0.00> <nCl= 10> <al=0.58> <DB=-2865.1350> <Mlp=-2656.4033> <PB=-2599> 
<DWph=2> <it= 21> <et=1.06> <Mt= 0.00> <Spt= 0.00> <nCl=  8> <al=0.62> <DB=-2848.0455> <Mlp=-2670.4757> <PB=-2599> 
<DWph=2> <it= 22> <et=1.07> <Mt= 0.00> <Spt= 0.00> <nCl=  9> <al=0.66> <DB=-2794.4733> <Mlp=-2673.3574> <PB=-2599> 
<DWph=2> <it= 23> <et=1.07> <Mt= 0.01> <Spt= 0.01> <nCl=  9> <al=0.56> <DB=-2810.8955> <Mlp=-2676.5538> <PB=-2599> 
<DWph=2> <it= 24> <et=1.08> <Mt= 0.00> <Spt= 0.00> <nCl=  2> <al=0.60> <DB=-2745.7605> <Mlp=-2682.2825> <PB=-2599> 
<DWph=2> <it= 25> <et=1.08> <Mt= 0.00> <Spt= 0.00> <nCl=  8> <al=0.50> <DB=-2755.1190> <Mlp=-2683.9212> <PB=-2599> 
<DWph=2> <it= 26> <et=1.08> <Mt= 0.00> <Spt= 0.00> <nCl=  9> <al=0.55> <DB=-2754.1567> <Mlp=-2688.2005> <PB=-2599> 
<DWph=2> <it= 27> <et=1.09> <Mt= 0.00> <Spt= 0.01> <nCl=  4> <al=0.60> <DB=-2744.0396> <Mlp=-2690.4616> <PB=-2599> 
<DWph=2> <it= 28> <et=1.09> <Mt= 0.00> <Spt= 0.00> <nCl=  9> <al=0.64> <DB=-2786.6402> <Mlp=-2692.3452> <PB=-2599> 
<DWph=2> <it= 29> <et=1.09> <Mt= 0.00> <Spt= 0.00> <nCl=  3> <al=0.67> <DB=-2723.0245> <Mlp=-2694.4119> <PB=-2599> 
<DWph=2> <it= 30> <et=1.10> <Mt= 0.00> <Spt= 0.00> <nCl=  3> <al=0.57> <DB=-2712.9200> <Mlp=-2696.0902> <PB=-2599> 
<DWph=2> <it= 31> <et=1.10> <Mt= 0.00> <Spt= 0.01> <nCl=  4> <al=0.47> <DB=-2752.4344> <Mlp=-2696.3128> <PB=-2599> 
<DWph=2> <it= 32> <et=1.10> <Mt= 0.00> <Spt= 0.00> <nCl=  3> <al=0.53> <DB=-2741.9773> <Mlp=-2696.6742> <PB=-2599> 
<DWph=2> <it= 33> <et=1.11> <Mt= 0.00> <Spt= 0.00> <nCl=  5> <al=0.57> <DB=-2736.3858> <Mlp=-2696.9815> <PB=-2599> 
<DWph=2> <it= 34> <et=1.11> <Mt= 0.00> <Spt= 0.01> <nCl=  4> <al=0.62> <DB=-2759.5403> <Mlp=-2697.7243> <PB=-2599> 
<DWph=2> <it= 35> <et=1.11> <Mt= 0.01> <Spt= 0.00> <nCl=  1> <al=0.65> <DB=-2704.1187> <Mlp=-2698.6429> <PB=-2599> 
<DWph=2> <it= 36> <et=1.12> <Mt= 0.00> <Spt= 0.00> <nCl=  1> <al=0.55> <DB=-2731.6327> <Mlp=-2698.7763> <PB=-2599> 
<DWph=2> <it= 37> <et=1.12> <Mt= 0.00> <Spt= 0.00> <nCl=  1> <al=0.60> <DB=-2730.8355> <Mlp=-2698.9555> <PB=-2599> 
<DWph=2> <it= 38> <et=1.13> <Mt= 0.00> <Spt= 0.01> <nCl=  2> <al=0.28> <DB=-2760.2202> <Mlp=-2699.6909> <PB=-2599> 
<DWph=2> <it= 39> <et=1.13> <Mt= 0.00> <Spt= 0.00> <nCl=  2> <al=0.08> <DB=-2738.6324> <Mlp=-2700.2239> <PB=-2599> 
<DWph=2> <it= 40> <et=1.14> <Mt= 0.00> <Spt= 0.01> <nCl=  2> <al=0.00> <DB=-2725.9282> <Mlp=-2700.4298> <PB=-2599> 
<DWph=2> <it= 41> <et=1.14> <Mt= 0.00> <Spt= 0.00> <nCl=  2> <al=0.34> <DB=-2743.9324> <Mlp=-2700.5598> <PB=-2599> 
<DWph=2> <it= 42> <et=1.15> <Mt= 0.00> <Spt= 0.01> <nCl=  2> <al=0.00> <DB=-2739.7018> <Mlp=-2700.9683> <PB=-2599> 
<DWph=2> <it= 43> <et=1.15> <Mt= 0.00> <Spt= 0.00> <nCl=  2> <al=0.30> <DB=-2714.7203> <Mlp=-2701.0027> <PB=-2599> 
<DWph=2> <it= 44> <et=1.16> <Mt= 0.00> <Spt= 0.00> <nCl=  0> <al=0.00> <DB=-2701.0894> <Mlp=-2701.0894> <PB=-2599> 
<DWph=1> <it= 45> <et=1.17> <Mt= 0.00> <Spt= 0.01> <nCl=  8> <al=0.27> <DB=-2851.0894> <Mlp=-2701.0894> <PB=-2599> 
<DWph=1> <it= 46> <et=1.18> <Mt= 0.00> <Spt= 0.01> <nCl= 10> <al=0.17> <DB=-2779.1861> <Mlp=-2705.8257> <PB=-2599> 
<DWph=1> <it= 47> <et=1.19> <Mt= 0.00> <Spt= 0.01> <nCl=  6> <al=0.26> <DB=-2737.8311> <Mlp=-2707.5502> <PB=-2599> 
<DWph=1> <it= 48> <et=1.20> <Mt= 0.00> <Spt= 0.01> <nCl=  6> <al=0.16> <DB=-2784.5631> <Mlp=-2707.7872> <PB=-2599> 
<DWph=1> <it= 49> <et=1.21> <Mt= 0.01> <Spt= 0.01> <nCl=  7> <al=0.24> <DB=-2743.6088> <Mlp=-2708.9643> <PB=-2599> 
<DWph=1> <it= 50> <et=1.22> <Mt= 0.00> <Spt= 0.01> <nCl=  1> <al=0.32> <DB=-2717.9882> <Mlp=-2709.1990> <PB=-2599> 
<DWph=1> <it= 51> <et=1.23> <Mt= 0.00> <Spt= 0.00> <nCl=  4> <al=0.22> <DB=-2723.0664> <Mlp=-2709.2458> <PB=-2599> 
<DWph=1> <it= 52> <et=1.24> <Mt= 0.00> <Spt= 0.01> <nCl=  4> <al=0.30> <DB=-2722.3935> <Mlp=-2709.4938> <PB=-2599> 
<DWph=1> <it= 53> <et=1.24> <Mt= 0.00> <Spt= 0.01> <nCl=  1> <al=0.37> <DB=-2712.6198> <Mlp=-2709.5235> <PB=-2599> 
<DWph=1> <it= 54> <et=1.26> <Mt= 0.00> <Spt= 0.02> <nCl=  0> <al=0.00> <DB=-2709.5258> <Mlp=-2709.5258> <PB=-2599> 
    RCSP exact solver info for graph G_1 : TT = 0.014879, pt = 7.5e-05, dt = 0.011056, ct = 0.002828, ndl = 8', bdl = 33', odl = 5', odf = 30', bsi = 3', cnt = 8', bdch = 309', odch = 67', lcp = 104', #sols = 150
<DWph=0> <it= 55> <et=1.28> <Mt= 0.00> <Spt= 0.02> <nCl= 22> <al=0.17> <DB=-2747.1298> <Mlp=-2709.5258> <PB=-2599> 
    RCSP exact solver info for graph G_1 : TT = 0.013245, pt = 9.2e-05, dt = 0.009285, ct = 0.002844, ndl = 8', bdl = 35', odl = 5', odf = 30', bsi = 3', cnt = 9', bdch = 321', odch = 69', lcp = 108', #sols = 150
<DWph=0> <it= 56> <et=1.30> <Mt= 0.00> <Spt= 0.01> <nCl= 28> <al=0.07> <DB=-2743.4773> <Mlp=-2710.8696> <PB=-2599> 
    RCSP exact solver info for graph G_1 : TT = 0.013148, pt = 8e-05, dt = 0.009262, ct = 0.002862, ndl = 8', bdl = 35', odl = 5', odf = 30', bsi = 3', cnt = 8', bdch = 324', odch = 71', lcp = 109', #sols = 150
<DWph=0> <it= 57> <et=1.31> <Mt= 0.00> <Spt= 0.02> <nCl=  2> <al=0.16> <DB=-2716.0609> <Mlp=-2710.8696> <PB=-2599> 
    RCSP exact solver info for graph G_1 : TT = 0.012926, pt = 7.3e-05, dt = 0.009085, ct = 0.002834, ndl = 8', bdl = 36', odl = 5', odf = 30', bsi = 3', cnt = 8', bdch = 323', odch = 69', lcp = 108', #sols = 150
    RCSP exact solver info for graph G_1 : TT = 0.012406, pt = 6.5e-05, dt = 0.008724, ct = 0.002707, ndl = 8', bdl = 34', odl = 5', odf = 29', bsi = 3', cnt = 8', bdch = 299', odch = 65', lcp = 98', #sols = 150
<DWph=0> <it= 58> <et=1.34> <Mt= 0.00> <Spt= 0.03> <nCl=  0> <al=0.00> <DB=-2710.8696> <Mlp=-2710.8696> <PB=-2599> 
Labels distribution in buckets (bucket size) : largest - 39, top 0.1% - 39, top 0.5% - 28, top 2% - 24, top 10% - 15, top 50% - 4
Reduced cost fixing for graph G_1... 24920 buck. arcs remain (58% from prev., 35.4% from max.) + 5488 jump buck. arcs (7.79% from max.)
Backward reduced cost fixing... 24920 buck. arcs remain (58% from prev., 35.4% from max.) + 5488 jump buck. arcs (7.79% from max.)
 TT = 0.108957, pt = 0.008731, dt = 0.056862, ct = 0.042482, ndl = 37', bdl = 453', odl = 18', odf = 128', lpcb = 361', cnt = 1093', bdch = 4574', odch = 641', lcp = 1031'
Labels distribution in buckets (bucket size) : largest - 39, top 0.1% - 39, top 0.5% - 31, top 2% - 26, top 10% - 18, top 50% - 4
Dynamic params and stats :  bidir.bord. = 42 aver.obdmd = 18.4658 aver.buck.num. = 24.6712
ColGenEvalAlg final dual bound: -2710.87 (rounded: -2710)
data.cuts = 8
>>>>> Add min cuts : 8 cut(s) added
----- Add fac. cuts : UserCuts0(8), max.viol = 1.21739, aver.viol = 0.771739, sep/add took 0.76/0 sec. -----
585 columns (585 active), 8 dyn. constrs. (8 active), 246 art. vars. (246 active)
<DWph=2> <it=  1> <et=2.23> <Mt= 0.01> <Spt= 0.00> <nCl=  1> <al=0.50> <DB=-2707.4954> <Mlp=-2704.1213> <PB=-2599> 
<DWph=2> <it=  2> <et=2.24> <Mt= 0.00> <Spt= 0.00> <nCl=  4> <al=0.00> <DB=-2747.9597> <Mlp=-2704.1213> <PB=-2599> 
<DWph=2> <it=  3> <et=2.24> <Mt= 0.00> <Spt= 0.01> <nCl=  3> <al=0.30> <DB=-2711.1591> <Mlp=-2705.2111> <PB=-2599> 
<DWph=2> <it=  4> <et=2.25> <Mt= 0.00> <Spt= 0.00> <nCl=  0> <al=0.00> <DB=-2705.3601> <Mlp=-2705.3601> <PB=-2599> 
<DWph=1> <it=  5> <et=2.26> <Mt= 0.00> <Spt= 0.01> <nCl=  5> <al=0.27> <DB=-2737.4027> <Mlp=-2705.3601> <PB=-2599> 
<DWph=1> <it=  6> <et=2.27> <Mt= 0.00> <Spt= 0.01> <nCl=  1> <al=0.00> <DB=-2705.8566> <Mlp=-2705.7550> <PB=-2599> 
<DWph=1> <it=  7> <et=2.28> <Mt= 0.00> <Spt= 0.01> <nCl=  0> <al=0.00> <DB=-2705.7550> <Mlp=-2705.7550> <PB=-2599> 
    RCSP exact solver info for graph G_1 : TT = 0.011238, pt = 7e-05, dt = 0.007918, ct = 0.002306, ndl = 8', bdl = 27', odl = 4', odf = 29', bsi = 3', cnt = 9', bdch = 320', odch = 71', lcp = 112', #sols = 150
<DWph=0> <it=  8> <et=2.30> <Mt= 0.00> <Spt= 0.02> <nCl=  4> <al=0.00> <DB=-2725.0737> <Mlp=-2705.7550> <PB=-2599> 
    RCSP exact solver info for graph G_1 : TT = 0.011411, pt = 6.8e-05, dt = 0.008078, ct = 0.002343, ndl = 8', bdl = 26', odl = 4', odf = 28', bsi = 3', cnt = 9', bdch = 317', odch = 71', lcp = 111', #sols = 150
<DWph=0> <it=  9> <et=2.31> <Mt= 0.00> <Spt= 0.01> <nCl=  4> <al=0.00> <DB=-2706.8464> <Mlp=-2706.1889> <PB=-2599> 
    RCSP exact solver info for graph G_1 : TT = 0.011323, pt = 7.3e-05, dt = 0.007964, ct = 0.002354, ndl = 8', bdl = 26', odl = 4', odf = 28', bsi = 3', cnt = 9', bdch = 317', odch = 71', lcp = 112', #sols = 150
    RCSP exact solver info for graph G_1 : TT = 0.011205, pt = 6.2e-05, dt = 0.007894, ct = 0.002354, ndl = 8', bdl = 26', odl = 4', odf = 28', bsi = 3', cnt = 9', bdch = 317', odch = 71', lcp = 111', #sols = 150
<DWph=0> <it= 10> <et=2.34> <Mt= 0.00> <Spt= 0.03> <nCl=  0> <al=0.00> <DB=-2706.1889> <Mlp=-2706.1889> <PB=-2599> 
    Full reduced cost fixing is not called (gap ratio is 0.958159)
Dynamic params and stats :  bidir.bord. = 42 aver.obdmd = 18.4658 aver.buck.num. = 24.6712
ColGenEvalAlg final dual bound: -2706.19 (rounded: -2706)
Gap improvement since the last cut separation : 0.0418406 (-2710.87)
data.cuts = 21
>>>>> Add min cuts : 13 cut(s) added
----- Add fac. cuts : UserCuts0(13), max.viol = 0.976474, aver.viol = 0.581971, sep/add took 0.02/0 sec. -----
677 columns (677 active), 21 dyn. constrs. (16 active), 272 art. vars. (262 active)
<DWph=2> <it=  1> <et=2.38> <Mt= 0.01> <Spt= 0.00> <nCl= 10> <al=0.50> <DB=-3060.4387> <Mlp=-2632.0181> <PB=-2599> 
<DWph=2> <it=  2> <et=2.39> <Mt= 0.01> <Spt= 0.00> <nCl=  6> <al=0.55> <DB=-2718.3500> <Mlp=-2641.5969> <PB=-2599> 
<DWph=2> <it=  3> <et=2.39> <Mt= 0.00> <Spt= 0.01> <nCl=  6> <al=0.60> <DB=-2693.4817> <Mlp=-2655.9269> <PB=-2599> 
<DWph=2> <it=  4> <et=2.40> <Mt= 0.00> <Spt= 0.00> <nCl=  6> <al=0.64> <DB=-2748.6487> <Mlp=-2662.7424> <PB=-2599> 
<DWph=2> <it=  5> <et=2.40> <Mt= 0.00> <Spt= 0.00> <nCl=  1> <al=0.67> <DB=-2683.7059> <Mlp=-2665.5943> <PB=-2599> 
<DWph=2> <it=  6> <et=2.41> <Mt= 0.00> <Spt= 0.00> <nCl=  6> <al=0.57> <DB=-2784.6292> <Mlp=-2665.5964> <PB=-2599> 
<DWph=2> <it=  7> <et=2.41> <Mt= 0.00> <Spt= 0.01> <nCl=  7> <al=0.23> <DB=-2756.7155> <Mlp=-2667.6087> <PB=-2599> 
<DWph=2> <it=  8> <et=2.42> <Mt= 0.00> <Spt= 0.00> <nCl=  3> <al=0.51> <DB=-2728.3424> <Mlp=-2667.8784> <PB=-2599> 
<DWph=2> <it=  9> <et=2.42> <Mt= 0.01> <Spt= 0.00> <nCl=  1> <al=0.56> <DB=-2677.9685> <Mlp=-2670.5684> <PB=-2599> 
<DWph=2> <it= 10> <et=2.43> <Mt= 0.00> <Spt= 0.01> <nCl=  1> <al=0.46> <DB=-2684.6174> <Mlp=-2670.5684> <PB=-2599> 
<DWph=2> <it= 11> <et=2.43> <Mt= 0.00> <Spt= 0.00> <nCl=  2> <al=0.36> <DB=-2749.2777> <Mlp=-2670.7146> <PB=-2599> 
<DWph=2> <it= 12> <et=2.43> <Mt= 0.00> <Spt= 0.00> <nCl=  2> <al=0.43> <DB=-2674.2825> <Mlp=-2671.1968> <PB=-2599> 
<DWph=2> <it= 13> <et=2.44> <Mt= 0.00> <Spt= 0.01> <nCl=  1> <al=0.48> <DB=-2672.7539> <Mlp=-2671.3186> <PB=-2599> 
<DWph=2> <it= 14> <et=2.44> <Mt= 0.00> <Spt= 0.00> <nCl=  2> <al=0.00> <DB=-2673.1263> <Mlp=-2671.3280> <PB=-2599> 
<DWph=2> <it= 15> <et=2.45> <Mt= 0.00> <Spt= 0.00> <nCl=  0> <al=0.00> <DB=-2671.3327> <Mlp=-2671.3327> <PB=-2599> 
<DWph=1> <it= 16> <et=2.46> <Mt= 0.00> <Spt= 0.01> <nCl=  7> <al=0.18> <DB=-2771.3327> <Mlp=-2671.3327> <PB=-2599> 
<DWph=1> <it= 17> <et=2.47> <Mt= 0.01> <Spt= 0.01> <nCl=  6> <al=0.27> <DB=-2745.9517> <Mlp=-2674.1873> <PB=-2599> 
<DWph=1> <it= 18> <et=2.47> <Mt= 0.00> <Spt= 0.00> <nCl=  5> <al=0.34> <DB=-2715.9887> <Mlp=-2674.9242> <PB=-2599> 
<DWph=1> <it= 19> <et=2.48> <Mt= 0.00> <Spt= 0.01> <nCl=  4> <al=0.41> <DB=-2711.3741> <Mlp=-2675.2837> <PB=-2599> 
<DWph=1> <it= 20> <et=2.49> <Mt= 0.00> <Spt= 0.01> <nCl=  2> <al=0.46> <DB=-2696.3441> <Mlp=-2675.6377> <PB=-2599> 
<DWph=1> <it= 21> <et=2.50> <Mt= 0.00> <Spt= 0.01> <nCl=  2> <al=0.52> <DB=-2689.3809> <Mlp=-2675.7233> <PB=-2599> 
<DWph=1> <it= 22> <et=2.51> <Mt= 0.00> <Spt= 0.00> <nCl=  1> <al=0.57> <DB=-2685.1730> <Mlp=-2675.8300> <PB=-2599> 
<DWph=1> <it= 23> <et=2.52> <Mt= 0.00> <Spt= 0.02> <nCl=  3> <al=0.22> <DB=-2682.8456> <Mlp=-2675.8611> <PB=-2599> 
<DWph=1> <it= 24> <et=2.55> <Mt= 0.00> <Spt= 0.02> <nCl=  0> <al=0.00> <DB=-2675.8827> <Mlp=-2675.8827> <PB=-2599> 
    RCSP exact solver info for graph G_1 : TT = 0.011121, pt = 7.1e-05, dt = 0.00787, ct = 0.002312, ndl = 8', bdl = 25', odl = 4', odf = 28', bsi = 3', cnt = 8', bdch = 310', odch = 73', lcp = 107', #sols = 150
<DWph=0> <it= 25> <et=2.56> <Mt= 0.00> <Spt= 0.01> <nCl= 25> <al=0.41> <DB=-2720.5125> <Mlp=-2675.8827> <PB=-2599> 
    RCSP exact solver info for graph G_1 : TT = 0.011747, pt = 7.9e-05, dt = 0.008364, ct = 0.002394, ndl = 9', bdl = 26', odl = 4', odf = 29', bsi = 3', cnt = 9', bdch = 330', odch = 75', lcp = 115', #sols = 150
<DWph=0> <it= 26> <et=2.58> <Mt= 0.01> <Spt= 0.02> <nCl= 10> <al=0.47> <DB=-2697.6393> <Mlp=-2677.4490> <PB=-2599> 
    RCSP exact solver info for graph G_1 : TT = 0.01185, pt = 7.9e-05, dt = 0.008418, ct = 0.002408, ndl = 9', bdl = 26', odl = 4', odf = 29', bsi = 3', cnt = 9', bdch = 329', odch = 74', lcp = 114', #sols = 150
<DWph=0> <it= 27> <et=2.59> <Mt= 0.00> <Spt= 0.01> <nCl=  1> <al=0.37> <DB=-2684.9688> <Mlp=-2677.5641> <PB=-2599> 
    RCSP exact solver info for graph G_1 : TT = 0.01164, pt = 7.9e-05, dt = 0.008246, ct = 0.00238, ndl = 9', bdl = 26', odl = 4', odf = 28', bsi = 3', cnt = 9', bdch = 325', odch = 73', lcp = 113', #sols = 150
    RCSP exact solver info for graph G_1 : TT = 0.010736, pt = 6.7e-05, dt = 0.007525, ct = 0.002246, ndl = 8', bdl = 24', odl = 4', odf = 27', bsi = 3', cnt = 9', bdch = 285', odch = 65', lcp = 99', #sols = 150
<DWph=0> <it= 28> <et=2.62> <Mt= 0.00> <Spt= 0.03> <nCl=  0> <al=0.00> <DB=-2677.5641> <Mlp=-2677.5641> <PB=-2599> 
Labels distribution in buckets (bucket size) : largest - 35, top 0.1% - 35, top 0.5% - 30, top 2% - 26, top 10% - 17, top 50% - 4
Reduced cost fixing for graph G_1... 12981 buck. arcs remain (52.1% from prev., 18.4% from max.) + 5314 jump buck. arcs (7.54% from max.)
Backward reduced cost fixing... 12981 buck. arcs remain (52.1% from prev., 18.4% from max.) + 5314 jump buck. arcs (7.54% from max.)
 TT = 0.065293, pt = 0.006999, dt = 0.031193, ct = 0.026405, ndl = 34', bdl = 227', odl = 13', odf = 100', lpcb = 386', cnt = 549', bdch = 2291', odch = 376', lcp = 637'
Labels distribution in buckets (bucket size) : largest - 38, top 0.1% - 38, top 0.5% - 34, top 2% - 29, top 10% - 20, top 50% - 4
Dynamic params and stats :  bidir.bord. = 42 aver.obdmd = 18.4658 aver.buck.num. = 24.6712
ColGenEvalAlg final dual bound: -2677.56 (rounded: -2677)
Gap improvement since the last cut separation : 0.26705 (-2706.19)
data.cuts = 33
>>>>> Add min cuts : 12 cut(s) added
----- Add fac. cuts : UserCuts0(12), max.viol = 0.948718, aver.viol = 0.732906, sep/add took 0.02/0 sec. -----
959 columns (959 active), 28 dyn. constrs. (19 active), 296 art. vars. (268 active)
<DWph=2> <it=  1> <et=2.73> <Mt= 0.00> <Spt= 0.00> <nCl=  0> <al=0.00> <DB=-2673.7000> <Mlp=-2673.7000> <PB=-2599> 
<DWph=1> <it=  2> <et=2.74> <Mt= 0.00> <Spt= 0.01> <nCl=  2> <al=0.40> <DB=-2681.2398> <Mlp=-2673.7000> <PB=-2599> 
<DWph=1> <it=  3> <et=2.75> <Mt= 0.00> <Spt= 0.01> <nCl=  0> <al=0.00> <DB=-2673.7128> <Mlp=-2673.7128> <PB=-2599> 
    RCSP exact solver info for graph G_1 : TT = 0.009075, pt = 7.1e-05, dt = 0.006584, ct = 0.001434, ndl = 9', bdl = 21', odl = 4', odf = 27', bsi = 2', cnt = 9', bdch = 298', odch = 68', lcp = 106', #sols = 150
    RCSP exact solver info for graph G_1 : TT = 0.008896, pt = 6.5e-05, dt = 0.006481, ct = 0.001447, ndl = 9', bdl = 21', odl = 4', odf = 27', bsi = 2', cnt = 9', bdch = 298', odch = 68', lcp = 106', #sols = 150
<DWph=0> <it=  4> <et=2.77> <Mt= 0.01> <Spt= 0.02> <nCl=  0> <al=0.00> <DB=-2673.7128> <Mlp=-2673.7128> <PB=-2599> 
    Full reduced cost fixing is not called (gap ratio is 0.950979)
Dynamic params and stats :  bidir.bord. = 42 aver.obdmd = 18.4658 aver.buck.num. = 24.6712
ColGenEvalAlg final dual bound: -2673.71 (rounded: -2673)
Gap improvement since the last cut separation : 0.049021 (-2677.56)
data.cuts = 49
>>>>> Add min cuts : 16 cut(s) added
----- Add fac. cuts : UserCuts0(16), max.viol = 1, aver.viol = 0.604623, sep/add took 0.03/0 sec. -----
1000 columns (1000 active), 35 dyn. constrs. (26 active), 328 art. vars. (282 active)
<DWph=2> <it=  1> <et=2.83> <Mt= 0.00> <Spt= 0.00> <nCl=  1> <al=0.50> <DB=-2691.0547> <Mlp=-2668.2154> <PB=-2599> 
<DWph=2> <it=  2> <et=2.84> <Mt= 0.00> <Spt= 0.01> <nCl=  3> <al=0.00> <DB=-2691.6802> <Mlp=-2668.4351> <PB=-2599> 
<DWph=2> <it=  3> <et=2.85> <Mt= 0.01> <Spt= 0.01> <nCl=  0> <al=0.00> <DB=-2668.5898> <Mlp=-2668.5898> <PB=-2599> 
<DWph=1> <it=  4> <et=2.85> <Mt= 0.00> <Spt= 0.00> <nCl=  5> <al=0.35> <DB=-2700.6217> <Mlp=-2668.5898> <PB=-2599> 
<DWph=1> <it=  5> <et=2.87> <Mt= 0.00> <Spt= 0.01> <nCl=  1> <al=0.00> <DB=-2669.6137> <Mlp=-2668.9957> <PB=-2599> 
<DWph=1> <it=  6> <et=2.88> <Mt= 0.00> <Spt= 0.01> <nCl=  0> <al=0.00> <DB=-2668.9961> <Mlp=-2668.9961> <PB=-2599> 
    RCSP exact solver info for graph G_1 : TT = 0.009678, pt = 7e-05, dt = 0.007068, ct = 0.001543, ndl = 9', bdl = 23', odl = 4', odf = 29', bsi = 3', cnt = 9', bdch = 333', odch = 75', lcp = 117', #sols = 150
    RCSP exact solver info for graph G_1 : TT = 0.009594, pt = 6.8e-05, dt = 0.00703, ct = 0.001574, ndl = 9', bdl = 23', odl = 4', odf = 29', bsi = 3', cnt = 9', bdch = 333', odch = 75', lcp = 117', #sols = 150
<DWph=0> <it=  7> <et=2.91> <Mt= 0.00> <Spt= 0.03> <nCl=  0> <al=0.00> <DB=-2668.9961> <Mlp=-2668.9961> <PB=-2599> 
Labels distribution in buckets (bucket size) : largest - 43, top 0.1% - 43, top 0.5% - 36, top 2% - 29, top 10% - 19, top 50% - 4
Reduced cost fixing for graph G_1... 12211 buck. arcs remain (94.1% from prev., 17.3% from max.) + 5142 jump buck. arcs (7.3% from max.)
Backward reduced cost fixing... 12211 buck. arcs remain (94.1% from prev., 17.3% from max.) + 5142 jump buck. arcs (7.3% from max.)
 TT = 0.063801, pt = 0.004736, dt = 0.035377, ct = 0.023005, ndl = 41', bdl = 189', odl = 14', odf = 112', lpcb = 260', cnt = 688', bdch = 2841', odch = 495', lcp = 824'
Labels distribution in buckets (bucket size) : largest - 44, top 0.1% - 44, top 0.5% - 43, top 2% - 35, top 10% - 23, top 50% - 4
Dynamic params and stats :  bidir.bord. = 42 aver.obdmd = 18.4658 aver.buck.num. = 24.6712
ColGenEvalAlg final dual bound: -2669 (rounded: -2668)
Gap improvement since the last cut separation : 0.0631312 (-2673.71)
data.cuts = 64
>>>>> Add min cuts : 15 cut(s) added
----- Add fac. cuts : UserCuts0(15), max.viol = 0.959729, aver.viol = 0.5068, sep/add took 0.02/0 sec. -----
1059 columns (1059 active), 41 dyn. constrs. (28 active), 358 art. vars. (286 active)
<DWph=2> <it=  1> <et=3.02> <Mt= 0.01> <Spt= 0.00> <nCl=  1> <al=0.50> <DB=-2666.7662> <Mlp=-2664.5362> <PB=-2599> 
<DWph=2> <it=  2> <et=3.02> <Mt= 0.00> <Spt= 0.00> <nCl=  1> <al=0.40> <DB=-2668.9993> <Mlp=-2664.5362> <PB=-2599> 
<DWph=2> <it=  3> <et=3.03> <Mt= 0.00> <Spt= 0.01> <nCl=  0> <al=0.00> <DB=-2664.5899> <Mlp=-2664.5899> <PB=-2599> 
<DWph=1> <it=  4> <et=3.04> <Mt= 0.00> <Spt= 0.00> <nCl=  2> <al=0.36> <DB=-2671.9641> <Mlp=-2664.5899> <PB=-2599> 
<DWph=1> <it=  5> <et=3.04> <Mt= 0.00> <Spt= 0.01> <nCl=  1> <al=0.42> <DB=-2667.7208> <Mlp=-2664.5972> <PB=-2599> 
<DWph=1> <it=  6> <et=3.05> <Mt= 0.00> <Spt= 0.01> <nCl=  0> <al=0.00> <DB=-2664.5972> <Mlp=-2664.5972> <PB=-2599> 
    RCSP exact solver info for graph G_1 : TT = 0.00935, pt = 6.9e-05, dt = 0.006793, ct = 0.001469, ndl = 9', bdl = 22', odl = 4', odf = 28', bsi = 3', cnt = 9', bdch = 323', odch = 73', lcp = 116', #sols = 150
<DWph=0> <it=  7> <et=3.07> <Mt= 0.01> <Spt= 0.01> <nCl=  2> <al=0.22> <DB=-2671.9453> <Mlp=-2664.5972> <PB=-2599> 
    RCSP exact solver info for graph G_1 : TT = 0.009252, pt = 7.4e-05, dt = 0.006772, ct = 0.001457, ndl = 9', bdl = 22', odl = 4', odf = 28', bsi = 3', cnt = 9', bdch = 320', odch = 72', lcp = 114', #sols = 150
    RCSP exact solver info for graph G_1 : TT = 0.009552, pt = 6.5e-05, dt = 0.007058, ct = 0.001476, ndl = 10', bdl = 23', odl = 4', odf = 28', bsi = 3', cnt = 9', bdch = 337', odch = 75', lcp = 120', #sols = 150
<DWph=0> <it=  8> <et=3.09> <Mt= 0.00> <Spt= 0.02> <nCl=  0> <al=0.00> <DB=-2664.6154> <Mlp=-2664.6154> <PB=-2599> 
    Full reduced cost fixing is not called (gap ratio is 0.937415)
Dynamic params and stats :  bidir.bord. = 42 aver.obdmd = 18.4658 aver.buck.num. = 24.6712
ColGenEvalAlg final dual bound: -2664.62 (rounded: -2664)
Gap improvement since the last cut separation : 0.0625851 (-2669)
data.cuts = 81
>>>>> Add min cuts : 17 cut(s) added
----- Add fac. cuts : UserCuts0(17), max.viol = 0.942308, aver.viol = 0.432127, sep/add took 0.02/0 sec. -----
1094 columns (1094 active), 45 dyn. constrs. (28 active), 392 art. vars. (286 active)
<DWph=2> <it=  1> <et=3.15> <Mt= 0.01> <Spt= 0.01> <nCl= 10> <al=0.50> <DB=-3028.9598> <Mlp=-2598.1295> <PB=-2599> 
<DWph=2> <it=  2> <et=3.16> <Mt= 0.01> <Spt= 0.00> <nCl=  4> <al=0.55> <DB=-2660.5741> <Mlp=-2617.1391> <PB=-2599> 
<DWph=2> <it=  3> <et=3.17> <Mt= 0.00> <Spt= 0.00> <nCl=  7> <al=0.60> <DB=-2735.0567> <Mlp=-2622.5878> <PB=-2599> 
<DWph=2> <it=  4> <et=3.17> <Mt= 0.01> <Spt= 0.01> <nCl=  2> <al=0.64> <DB=-2651.4198> <Mlp=-2629.4140> <PB=-2599> 
<DWph=2> <it=  5> <et=3.18> <Mt= 0.00> <Spt= 0.00> <nCl=  2> <al=0.54> <DB=-2659.3152> <Mlp=-2629.5279> <PB=-2599> 
<DWph=2> <it=  6> <et=3.18> <Mt= 0.00> <Spt= 0.00> <nCl=  2> <al=0.58> <DB=-2690.0583> <Mlp=-2630.6000> <PB=-2599> 
<DWph=2> <it=  7> <et=3.19> <Mt= 0.00> <Spt= 0.00> <nCl=  1> <al=0.62> <DB=-2644.2289> <Mlp=-2632.3077> <PB=-2599> 
<DWph=2> <it=  8> <et=3.19> <Mt= 0.00> <Spt= 0.01> <nCl=  4> <al=0.52> <DB=-2656.0847> <Mlp=-2632.3077> <PB=-2599> 
<DWph=2> <it=  9> <et=3.20> <Mt= 0.01> <Spt= 0.00> <nCl=  1> <al=0.57> <DB=-2644.9303> <Mlp=-2632.3077> <PB=-2599> 
<DWph=2> <it= 10> <et=3.21> <Mt= 0.00> <Spt= 0.01> <nCl=  3> <al=0.00> <DB=-2648.5438> <Mlp=-2632.3121> <PB=-2599> 
<DWph=2> <it= 11> <et=3.21> <Mt= 0.00> <Spt= 0.00> <nCl=  1> <al=0.51> <DB=-2647.9116> <Mlp=-2632.3480> <PB=-2599> 
<DWph=2> <it= 12> <et=3.22> <Mt= 0.00> <Spt= 0.00> <nCl=  1> <al=0.56> <DB=-2633.9267> <Mlp=-2632.5000> <PB=-2599> 
<DWph=2> <it= 13> <et=3.22> <Mt= 0.00> <Spt= 0.01> <nCl=  0> <al=0.00> <DB=-2632.5000> <Mlp=-2632.5000> <PB=-2599> 
<DWph=1> <it= 14> <et=3.23> <Mt= 0.00> <Spt= 0.00> <nCl=  7> <al=0.36> <DB=-2670.0000> <Mlp=-2632.5000> <PB=-2599> 
<DWph=1> <it= 15> <et=3.24> <Mt= 0.00> <Spt= 0.01> <nCl=  3> <al=0.36> <DB=-2670.0000> <Mlp=-2632.5000> <PB=-2599> 
<DWph=1> <it= 16> <et=3.24> <Mt= 0.01> <Spt= 0.00> <nCl=  7> <al=0.36> <DB=-2666.1062> <Mlp=-2633.2258> <PB=-2599> 
<DWph=1> <it= 17> <et=3.25> <Mt= 0.00> <Spt= 0.01> <nCl=  5> <al=0.43> <DB=-2663.1018> <Mlp=-2633.2738> <PB=-2599> 
<DWph=1> <it= 18> <et=3.26> <Mt= 0.00> <Spt= 0.00> <nCl=  2> <al=0.33> <DB=-2650.4140> <Mlp=-2633.4946> <PB=-2599> 
<DWph=1> <it= 19> <et=3.27> <Mt= 0.00> <Spt= 0.01> <nCl=  0> <al=0.00> <DB=-2633.5088> <Mlp=-2633.5088> <PB=-2599> 
    RCSP exact solver info for graph G_1 : TT = 0.009105, pt = 7e-05, dt = 0.006693, ct = 0.001436, ndl = 9', bdl = 20', odl = 3', odf = 27', bsi = 3', cnt = 10', bdch = 325', odch = 74', lcp = 115', #sols = 150
<DWph=0> <it= 20> <et=3.28> <Mt= 0.00> <Spt= 0.01> <nCl= 10> <al=0.29> <DB=-2663.9912> <Mlp=-2633.5088> <PB=-2599> 
    RCSP exact solver info for graph G_1 : TT = 0.008902, pt = 7.4e-05, dt = 0.006487, ct = 0.0014, ndl = 9', bdl = 19', odl = 3', odf = 26', bsi = 3', cnt = 9', bdch = 295', odch = 68', lcp = 104', #sols = 150
    RCSP exact solver info for graph G_1 : TT = 0.008733, pt = 6.2e-05, dt = 0.006399, ct = 0.0014, ndl = 9', bdl = 19', odl = 3', odf = 26', bsi = 3', cnt = 9', bdch = 298', odch = 69', lcp = 105', #sols = 150
<DWph=0> <it= 21> <et=3.31> <Mt= 0.00> <Spt= 0.03> <nCl=  0> <al=0.00> <DB=-2633.5088> <Mlp=-2633.5088> <PB=-2599> 
Labels distribution in buckets (bucket size) : largest - 48, top 0.1% - 48, top 0.5% - 44, top 2% - 29, top 10% - 19, top 50% - 4
Reduced cost fixing for graph G_1... 5122 buck. arcs remain (41.9% from prev., 7.27% from max.) + 3257 jump buck. arcs (4.62% from max.)
Backward reduced cost fixing... 5122 buck. arcs remain (41.9% from prev., 7.27% from max.) + 3257 jump buck. arcs (4.62% from max.)
 TT = 0.033007, pt = 0.004251, dt = 0.014518, ct = 0.01357, ndl = 28', bdl = 84', odl = 5', odf = 56', lpcb = 274', cnt = 253', bdch = 913', odch = 167', lcp = 275'
Labels distribution in buckets (bucket size) : largest - 48, top 0.1% - 48, top 0.5% - 45, top 2% - 35, top 10% - 20, top 50% - 4
Dynamic params and stats :  bidir.bord. = 42 aver.obdmd = 18.4658 aver.buck.num. = 24.6712
ColGenEvalAlg final dual bound: -2633.51 (rounded: -2633)
Gap improvement since the last cut separation : 0.474075 (-2664.62)
data.cuts = 86
>>>>> Add min cuts : 5 cut(s) added
----- Add fac. cuts : UserCuts0(5), max.viol = 1, aver.viol = 0.375439, sep/add took 0.01/0 sec. -----
1324 columns (1324 active), 33 dyn. constrs. (19 active), 402 art. vars. (268 active)
<DWph=2> <it=  1> <et=3.38> <Mt= 0.01> <Spt= 0.00> <nCl=  0> <al=0.00> <DB=-2628.2010> <Mlp=-2628.2010> <PB=-2599> 
<DWph=1> <it=  2> <et=3.38> <Mt= 0.00> <Spt= 0.01> <nCl=  4> <al=0.40> <DB=-2654.9613> <Mlp=-2628.2010> <PB=-2599> 
<DWph=1> <it=  3> <et=3.39> <Mt= 0.00> <Spt= 0.00> <nCl=  5> <al=0.40> <DB=-2642.3379> <Mlp=-2628.5695> <PB=-2599> 
<DWph=1> <it=  4> <et=3.40> <Mt= 0.00> <Spt= 0.01> <nCl=  2> <al=0.00> <DB=-2629.6920> <Mlp=-2628.5797> <PB=-2599> 
<DWph=1> <it=  5> <et=3.40> <Mt= 0.01> <Spt= 0.00> <nCl=  2> <al=0.20> <DB=-2629.6920> <Mlp=-2628.5797> <PB=-2599> 
<DWph=1> <it=  6> <et=3.41> <Mt= 0.00> <Spt= 0.00> <nCl=  0> <al=0.00> <DB=-2628.5800> <Mlp=-2628.5800> <PB=-2599> 
    RCSP exact solver info for graph G_1 : TT = 0.004912, pt = 6.8e-05, dt = 0.003217, ct = 0.00068, ndl = 7', bdl = 6', odl = 1', odf = 16', bsi = 2', cnt = 8', bdch = 130', odch = 32', lcp = 45', #sols = 150
<DWph=0> <it=  7> <et=3.42> <Mt= 0.00> <Spt= 0.01> <nCl=  0> <al=0.00> <DB=-2628.5800> <Mlp=-2628.5800> <PB=-2599> 
Labels distribution in buckets (bucket size) : largest - 43, top 0.1% - 43, top 0.5% - 34, top 2% - 27, top 10% - 16, top 50% - 2
Reduced cost fixing for graph G_1... 4505 buck. arcs remain (88% from prev., 6.39% from max.) + 2978 jump buck. arcs (4.23% from max.)
Backward reduced cost fixing... 4505 buck. arcs remain (88% from prev., 6.39% from max.) + 2978 jump buck. arcs (4.23% from max.)
 TT = 0.019708, pt = 0.00133, dt = 0.009209, ct = 0.008556, ndl = 24', bdl = 31', odl = 2', odf = 41', lpcb = 96', cnt = 207', bdch = 489', odch = 88', lcp = 168'
Labels distribution in buckets (bucket size) : largest - 43, top 0.1% - 43, top 0.5% - 37, top 2% - 30, top 10% - 18, top 50% - 2
Dynamic params and stats :  bidir.bord. = 42 aver.obdmd = 18.4658 aver.buck.num. = 24.6712
ColGenEvalAlg final dual bound: -2628.58 (rounded: -2628)
Gap improvement since the last cut separation : 0.142827 (-2633.51)
data.cuts = 92
>>>>> Add min cuts : 6 cut(s) added
----- Add fac. cuts : UserCuts0(6), max.viol = 1, aver.viol = 0.351644, sep/add took 0.01/0 sec. -----
1392 columns (1392 active), 25 dyn. constrs. (20 active), 414 art. vars. (270 active)
<DWph=2> <it=  1> <et=3.47> <Mt= 0.01> <Spt= 0.01> <nCl=  0> <al=0.00> <DB=-2627.5277> <Mlp=-2627.5277> <PB=-2599> 
<DWph=1> <it=  2> <et=3.48> <Mt= 0.00> <Spt= 0.00> <nCl=  1> <al=0.40> <DB=-2629.2739> <Mlp=-2627.5277> <PB=-2599> 
<DWph=1> <it=  3> <et=3.48> <Mt= 0.00> <Spt= 0.00> <nCl=  0> <al=0.00> <DB=-2627.5277> <Mlp=-2627.5277> <PB=-2599> 
    RCSP exact solver info for graph G_1 : TT = 0.004253, pt = 6.6e-05, dt = 0.002665, ct = 0.000614, ndl = 6', bdl = 4', odl = 1', odf = 14', bsi = 2', cnt = 8', bdch = 96', odch = 23', lcp = 33', #sols = 150
    RCSP exact solver info for graph G_1 : TT = 0.004022, pt = 5.5e-05, dt = 0.002498, ct = 0.000617, ndl = 6', bdl = 4', odl = 1', odf = 14', bsi = 2', cnt = 8', bdch = 96', odch = 23', lcp = 33', #sols = 150
<DWph=0> <it=  4> <et=3.50> <Mt= 0.00> <Spt= 0.01> <nCl=  0> <al=0.00> <DB=-2627.5277> <Mlp=-2627.5277> <PB=-2599> 
    Full reduced cost fixing is not called (gap ratio is 0.964426)
Dynamic params and stats :  bidir.bord. = 42 aver.obdmd = 18.4658 aver.buck.num. = 24.6712
ColGenEvalAlg final dual bound: -2627.53 (rounded: -2627)
Gap improvement since the last cut separation : 0.0355743 (-2628.58)
data.cuts = 99
>>>>> Add min cuts : 7 cut(s) added
----- Add fac. cuts : UserCuts0(7), max.viol = 1, aver.viol = 0.338829, sep/add took 0.01/0 sec. -----
1460 columns (1460 active), 27 dyn. constrs. (23 active), 428 art. vars. (276 active)
<DWph=2> <it=  1> <et=3.54> <Mt= 0.01> <Spt= 0.01> <nCl=  3> <al=0.50> <DB=-2619.7236> <Mlp=-2608.8889> <PB=-2599> 
<DWph=2> <it=  2> <et=3.54> <Mt= 0.00> <Spt= 0.00> <nCl=  2> <al=0.55> <DB=-2616.3723> <Mlp=-2609.1407> <PB=-2599> 
<DWph=2> <it=  3> <et=3.55> <Mt= 0.00> <Spt= 0.00> <nCl=  1> <al=0.45> <DB=-2614.3089> <Mlp=-2609.5947> <PB=-2599> 
<DWph=2> <it=  4> <et=3.55> <Mt= 0.00> <Spt= 0.00> <nCl=  2> <al=0.01> <DB=-2621.8590> <Mlp=-2609.6223> <PB=-2599> 
<DWph=2> <it=  5> <et=3.56> <Mt= 0.01> <Spt= 0.01> <nCl=  0> <al=0.00> <DB=-2609.6288> <Mlp=-2609.6288> <PB=-2599> 
<DWph=1> <it=  6> <et=3.56> <Mt= 0.00> <Spt= 0.00> <nCl=  7> <al=0.31> <DB=-2670.1154> <Mlp=-2609.6288> <PB=-2599> 
<DWph=1> <it=  7> <et=3.57> <Mt= 0.00> <Spt= 0.00> <nCl=  4> <al=0.31> <DB=-2640.4096> <Mlp=-2610.4769> <PB=-2599> 
<DWph=1> <it=  8> <et=3.57> <Mt= 0.00> <Spt= 0.00> <nCl=  1> <al=0.21> <DB=-2631.0293> <Mlp=-2610.4786> <PB=-2599> 
<DWph=1> <it=  9> <et=3.58> <Mt= 0.00> <Spt= 0.01> <nCl=  1> <al=0.11> <DB=-2618.3796> <Mlp=-2610.5682> <PB=-2599> 
<DWph=1> <it= 10> <et=3.58> <Mt= 0.00> <Spt= 0.00> <nCl=  1> <al=0.19> <DB=-2618.4419> <Mlp=-2610.5682> <PB=-2599> 
<DWph=1> <it= 11> <et=3.58> <Mt= 0.01> <Spt= 0.00> <nCl=  2> <al=0.28> <DB=-2614.4373> <Mlp=-2610.6110> <PB=-2599> 
<DWph=1> <it= 12> <et=3.59> <Mt= 0.00> <Spt= 0.00> <nCl=  1> <al=0.18> <DB=-2611.6303> <Mlp=-2610.6220> <PB=-2599> 
<DWph=1> <it= 13> <et=3.59> <Mt= 0.00> <Spt= 0.01> <nCl=  0> <al=0.00> <DB=-2610.6240> <Mlp=-2610.6240> <PB=-2599> 
    RCSP exact solver info for graph G_1 : TT = 0.004279, pt = 6.6e-05, dt = 0.002679, ct = 0.000609, ndl = 6', bdl = 4', odl = 1', odf = 14', bsi = 2', cnt = 7', bdch = 95', odch = 26', lcp = 34', #sols = 150
<DWph=0> <it= 14> <et=3.60> <Mt= 0.00> <Spt= 0.01> <nCl=  4> <al=0.16> <DB=-2613.7633> <Mlp=-2610.6240> <PB=-2599> 
    RCSP exact solver info for graph G_1 : TT = 0.004389, pt = 8e-05, dt = 0.002771, ct = 0.000603, ndl = 6', bdl = 4', odl = 1', odf = 14', bsi = 2', cnt = 7', bdch = 94', odch = 25', lcp = 33', #sols = 150
    RCSP exact solver info for graph G_1 : TT = 0.004225, pt = 6.1e-05, dt = 0.002682, ct = 0.000608, ndl = 6', bdl = 4', odl = 1', odf = 14', bsi = 2', cnt = 7', bdch = 97', odch = 26', lcp = 35', #sols = 150
<DWph=0> <it= 15> <et=3.62> <Mt= 0.00> <Spt= 0.01> <nCl=  0> <al=0.00> <DB=-2610.6247> <Mlp=-2610.6247> <PB=-2599> 
Labels distribution in buckets (bucket size) : largest - 41, top 0.1% - 41, top 0.5% - 37, top 2% - 26, top 10% - 14, top 50% - 2
Reduced cost fixing for graph G_1... 2240 buck. arcs remain (49.7% from prev., 3.18% from max.) + 2745 jump buck. arcs (3.9% from max.)
Backward reduced cost fixing... 2240 buck. arcs remain (49.7% from prev., 3.18% from max.) + 2745 jump buck. arcs (3.9% from max.)
 TT = 0.010595, pt = 0.001052, dt = 0.003333, ct = 0.005526, ndl = 12', bdl = 14', odl = 1', odf = 19', lpcb = 47', cnt = 78', bdch = 131', odch = 35', lcp = 38'
Labels distribution in buckets (bucket size) : largest - 41, top 0.1% - 41, top 0.5% - 38, top 2% - 29, top 10% - 16, top 50% - 2
Dynamic params and stats :  bidir.bord. = 42 aver.obdmd = 18.4658 aver.buck.num. = 24.6712
ColGenEvalAlg final dual bound: -2610.62 (rounded: -2610)
Gap improvement since the last cut separation : 0.59251 (-2627.53)
data.cuts = 105
>>>>> Add min cuts : 6 cut(s) added
----- Add fac. cuts : UserCuts0(6), max.viol = 0.882224, aver.viol = 0.569788, sep/add took 0.01/0 sec. -----
1573 columns (1573 active), 29 dyn. constrs. (18 active), 440 art. vars. (266 active)
<DWph=2> <it=  1> <et=3.66> <Mt= 0.01> <Spt= 0.00> <nCl=  0> <al=0.00> <DB=-2609.6135> <Mlp=-2609.6135> <PB=-2599> 
<DWph=1> <it=  2> <et=3.67> <Mt= 0.00> <Spt= 0.01> <nCl=  2> <al=0.40> <DB=-2626.7633> <Mlp=-2609.6135> <PB=-2599> 
<DWph=1> <it=  3> <et=3.67> <Mt= 0.00> <Spt= 0.00> <nCl=  1> <al=0.40> <DB=-2616.5108> <Mlp=-2609.6758> <PB=-2599> 
<DWph=1> <it=  4> <et=3.68> <Mt= 0.00> <Spt= 0.00> <nCl=  0> <al=0.00> <DB=-2609.6758> <Mlp=-2609.6758> <PB=-2599> 
    RCSP exact solver info for graph G_1 : TT = 0.002548, pt = 6.5e-05, dt = 0.001212, ct = 0.000371, ndl = 3', bdl = 1', odl = 0', odf = 5', bsi = 1', cnt = 5', bdch = 20', odch = 4', lcp = 6', #sols = 150
    RCSP exact solver info for graph G_1 : TT = 0.002332, pt = 5.1e-05, dt = 0.001082, ct = 0.000372, ndl = 3', bdl = 1', odl = 0', odf = 5', bsi = 1', cnt = 5', bdch = 20', odch = 4', lcp = 6', #sols = 150
<DWph=0> <it=  5> <et=3.69> <Mt= 0.00> <Spt= 0.01> <nCl=  0> <al=0.00> <DB=-2609.6758> <Mlp=-2609.6758> <PB=-2599> 
    Full reduced cost fixing is not called (gap ratio is 0.918371)
Dynamic params and stats :  bidir.bord. = 42 aver.obdmd = 18.4658 aver.buck.num. = 24.6712
ColGenEvalAlg final dual bound: -2609.68 (rounded: -2609)
Gap improvement since the last cut separation : 0.081629 (-2610.62)
data.cuts = 115
>>>>> Add min cuts : 10 cut(s) added
----- Add fac. cuts : UserCuts0(10), max.viol = 0.578554, aver.viol = 0.303242, sep/add took 0.01/0 sec. -----
1622 columns (1622 active), 28 dyn. constrs. (25 active), 460 art. vars. (280 active)
<DWph=2> <it=  1> <et=3.73> <Mt= 0.01> <Spt= 0.00> <nCl=  0> <al=0.00> <DB=-2607.7275> <Mlp=-2607.7275> <PB=-2599> 
<DWph=1> <it=  2> <et=3.73> <Mt= 0.00> <Spt= 0.01> <nCl=  2> <al=0.40> <DB=-2617.3933> <Mlp=-2607.7275> <PB=-2599> 
<DWph=1> <it=  3> <et=3.74> <Mt= 0.00> <Spt= 0.00> <nCl=  0> <al=0.00> <DB=-2607.7275> <Mlp=-2607.7275> <PB=-2599> 
    RCSP exact solver info for graph G_1 : TT = 0.002528, pt = 6.6e-05, dt = 0.001193, ct = 0.000385, ndl = 3', bdl = 1', odl = 0', odf = 5', bsi = 1', cnt = 4', bdch = 18', odch = 4', lcp = 5', #sols = 150
    RCSP exact solver info for graph G_1 : TT = 0.00247, pt = 0.000138, dt = 0.001052, ct = 0.000415, ndl = 3', bdl = 1', odl = 0', odf = 5', bsi = 1', cnt = 4', bdch = 18', odch = 4', lcp = 5', #sols = 150
<DWph=0> <it=  4> <et=3.75> <Mt= 0.00> <Spt= 0.01> <nCl=  0> <al=0.00> <DB=-2607.7275> <Mlp=-2607.7275> <PB=-2599> 
Labels distribution in buckets (bucket size) : largest - 25, top 0.1% - 25, top 0.5% - 18, top 2% - 13, top 10% - 7, top 50% - 1
Reduced cost fixing for graph G_1... 1741 buck. arcs remain (77.7% from prev., 2.47% from max.) + 2698 jump buck. arcs (3.83% from max.)
Backward reduced cost fixing... 1741 buck. arcs remain (77.7% from prev., 2.47% from max.) + 2698 jump buck. arcs (3.83% from max.)
 TT = 0.005366, pt = 0.000276, dt = 0.001466, ct = 0.003064, ndl = 6', bdl = 4', odl = 0', odf = 7', lpcb = 13', cnt = 30', bdch = 29', odch = 7', lcp = 7'
Labels distribution in buckets (bucket size) : largest - 25, top 0.1% - 25, top 0.5% - 20, top 2% - 14, top 10% - 8, top 50% - 1
Dynamic params and stats :  bidir.bord. = 42 aver.obdmd = 18.4658 aver.buck.num. = 24.6712
ColGenEvalAlg final dual bound: -2607.73 (rounded: -2607)
Gap improvement since the last cut separation : 0.182497 (-2609.68)
data.cuts = 121
>>>>> Add min cuts : 6 cut(s) added
----- Add fac. cuts : UserCuts0(6), max.viol = 0.607712, aver.viol = 0.390831, sep/add took 0.01/0 sec. -----
1646 columns (1646 active), 31 dyn. constrs. (22 active), 472 art. vars. (274 active)
<DWph=2> <it=  1> <et=3.79> <Mt= 0.01> <Spt= 0.00> <nCl=  0> <al=0.00> <DB=-2607.5603> <Mlp=-2607.5603> <PB=-2599> 
<DWph=1> <it=  2> <et=3.79> <Mt= 0.00> <Spt= 0.01> <nCl=  0> <al=0.00> <DB=-2607.5603> <Mlp=-2607.5603> <PB=-2599> 
    RCSP exact solver info for graph G_1 : TT = 0.002217, pt = 6.4e-05, dt = 0.00095, ct = 0.000337, ndl = 2', bdl = 0', odl = 0', odf = 3', bsi = 1', cnt = 3', bdch = 9', odch = 2', lcp = 2', #sols = 150
    RCSP exact solver info for graph G_1 : TT = 0.001994, pt = 5e-05, dt = 0.000797, ct = 0.000333, ndl = 2', bdl = 0', odl = 0', odf = 3', bsi = 1', cnt = 3', bdch = 9', odch = 2', lcp = 2', #sols = 150
<DWph=0> <it=  3> <et=3.80> <Mt= 0.00> <Spt= 0.00> <nCl=  0> <al=0.00> <DB=-2607.5603> <Mlp=-2607.5603> <PB=-2599> 
    Full reduced cost fixing is not called (gap ratio is 0.980845)
Dynamic params and stats :  bidir.bord. = 42 aver.obdmd = 18.4658 aver.buck.num. = 24.6712
ColGenEvalAlg final dual bound: -2607.56 (rounded: -2607)
Gap improvement since the last cut separation : 0.0191546 (-2607.73)
data.cuts = 129
>>>>> Add min cuts : 8 cut(s) added
----- Add fac. cuts : UserCuts0(8), max.viol = 0.551493, aver.viol = 0.349223, sep/add took 0.01/0 sec. -----
1665 columns (1665 active), 30 dyn. constrs. (25 active), 488 art. vars. (280 active)
<DWph=2> <it=  1> <et=3.84> <Mt= 0.01> <Spt= 0.01> <nCl=  1> <al=0.00> <DB=-2615.1638> <Mlp=-2605.4100> <PB=-2599> 
<DWph=2> <it=  2> <et=3.85> <Mt= 0.00> <Spt= 0.00> <nCl=  0> <al=0.00> <DB=-2605.4108> <Mlp=-2605.4108> <PB=-2599> 
<DWph=1> <it=  3> <et=3.85> <Mt= 0.00> <Spt= 0.00> <nCl=  1> <al=0.30> <DB=-2614.9569> <Mlp=-2605.4108> <PB=-2599> 
<DWph=1> <it=  4> <et=3.86> <Mt= 0.01> <Spt= 0.01> <nCl=  1> <al=0.37> <DB=-2609.1539> <Mlp=-2605.4732> <PB=-2599> 
<DWph=1> <it=  5> <et=3.86> <Mt= 0.00> <Spt= 0.00> <nCl=  0> <al=0.00> <DB=-2605.4733> <Mlp=-2605.4733> <PB=-2599> 
    RCSP exact solver info for graph G_1 : TT = 0.002262, pt = 6.5e-05, dt = 0.000967, ct = 0.000326, ndl = 2', bdl = 0', odl = 0', odf = 3', bsi = 1', cnt = 3', bdch = 8', odch = 2', lcp = 2', #sols = 150
    RCSP exact solver info for graph G_1 : TT = 0.001988, pt = 5e-05, dt = 0.000801, ct = 0.000323, ndl = 2', bdl = 0', odl = 0', odf = 3', bsi = 1', cnt = 3', bdch = 8', odch = 2', lcp = 2', #sols = 150
<DWph=0> <it=  6> <et=3.87> <Mt= 0.00> <Spt= 0.01> <nCl=  0> <al=0.00> <DB=-2605.4733> <Mlp=-2605.4733> <PB=-2599> 
Labels distribution in buckets (bucket size) : largest - 16, top 0.1% - 15, top 0.5% - 13, top 2% - 10, top 10% - 5, top 50% - 1
Reduced cost fixing for graph G_1... 1499 buck. arcs remain (86.1% from prev., 2.13% from max.) + 2618 jump buck. arcs (3.72% from max.)
Backward reduced cost fixing... 1499 buck. arcs remain (86.1% from prev., 2.13% from max.) + 2588 jump buck. arcs (3.67% from max.)
 TT = 0.004115, pt = 0.000175, dt = 0.001082, ct = 0.002345, ndl = 4', bdl = 2', odl = 0', odf = 5', lpcb = 8', cnt = 16', bdch = 14', odch = 4', lcp = 3'
Labels distribution in buckets (bucket size) : largest - 19, top 0.1% - 19, top 0.5% - 14, top 2% - 11, top 10% - 6, top 50% - 1
Dynamic params and stats :  bidir.bord. = 42 aver.obdmd = 18.4658 aver.buck.num. = 24.6712
ColGenEvalAlg final dual bound: -2605.47 (rounded: -2605)
Gap improvement since the last cut separation : 0.243804 (-2607.56)
data.cuts = 137
>>>>> Add min cuts : 8 cut(s) added
----- Add fac. cuts : UserCuts0(8), max.viol = 0.561259, aver.viol = 0.186224, sep/add took 0.01/0 sec. -----
1693 columns (1693 active), 33 dyn. constrs. (26 active), 504 art. vars. (282 active)
<DWph=2> <it=  1> <et=3.91> <Mt= 0.00> <Spt= 0.00> <nCl=  0> <al=0.00> <DB=-2605.0333> <Mlp=-2605.0333> <PB=-2599> 
<DWph=1> <it=  2> <et=3.92> <Mt= 0.00> <Spt= 0.01> <nCl=  0> <al=0.00> <DB=-2605.0333> <Mlp=-2605.0333> <PB=-2599> 
    RCSP exact solver info for graph G_1 : TT = 0.002045, pt = 6.9e-05, dt = 0.000824, ct = 0.000272, ndl = 1', bdl = 0', odl = 0', odf = 2', bsi = 1', cnt = 3', bdch = 5', odch = 1', lcp = 1', #sols = 150
    RCSP exact solver info for graph G_1 : TT = 0.001806, pt = 5e-05, dt = 0.000672, ct = 0.000273, ndl = 1', bdl = 0', odl = 0', odf = 2', bsi = 1', cnt = 3', bdch = 5', odch = 1', lcp = 1', #sols = 150
<DWph=0> <it=  3> <et=3.93> <Mt= 0.00> <Spt= 0.00> <nCl=  0> <al=0.00> <DB=-2605.0333> <Mlp=-2605.0333> <PB=-2599> 
    Full reduced cost fixing is not called (gap ratio is 0.932032)
Dynamic params and stats :  bidir.bord. = 42 aver.obdmd = 18.4658 aver.buck.num. = 24.6712
ColGenEvalAlg final dual bound: -2605.03 (rounded: -2605)
Gap improvement since the last cut separation : 0.0679678 (-2605.47)
data.cuts = 149
>>>>> Add min cuts : 12 cut(s) added
----- Add fac. cuts : UserCuts0(12), max.viol = 0.291552, aver.viol = 0.120754, sep/add took 0.02/0 sec. -----
1697 columns (1697 active), 38 dyn. constrs. (29 active), 528 art. vars. (288 active)
<DWph=2> <it=  1> <et=3.98> <Mt= 0.01> <Spt= 0.01> <nCl=  0> <al=0.00> <DB=-2604.4138> <Mlp=-2604.4138> <PB=-2599> 
<DWph=1> <it=  2> <et=3.99> <Mt= 0.00> <Spt= 0.00> <nCl=  0> <al=0.00> <DB=-2604.4138> <Mlp=-2604.4138> <PB=-2599> 
    RCSP exact solver info for graph G_1 : TT = 0.002051, pt = 7.4e-05, dt = 0.000814, ct = 0.00027, ndl = 1', bdl = 0', odl = 0', odf = 2', bsi = 1', cnt = 3', bdch = 5', odch = 1', lcp = 1', #sols = 150
    RCSP exact solver info for graph G_1 : TT = 0.001811, pt = 5e-05, dt = 0.000669, ct = 0.000276, ndl = 1', bdl = 0', odl = 0', odf = 2', bsi = 1', cnt = 3', bdch = 5', odch = 1', lcp = 1', #sols = 150
<DWph=0> <it=  3> <et=4.00> <Mt= 0.01> <Spt= 0.01> <nCl=  0> <al=0.00> <DB=-2604.4138> <Mlp=-2604.4138> <PB=-2599> 
Labels distribution in buckets (bucket size) : largest - 14, top 0.1% - 14, top 0.5% - 12, top 2% - 9, top 10% - 4, top 50% - 0
Reduced cost fixing for graph G_1... 1454 buck. arcs remain (97% from prev., 2.06% from max.) + 2624 jump buck. arcs (3.72% from max.)
Backward reduced cost fixing... 1454 buck. arcs remain (97% from prev., 2.06% from max.) + 2594 jump buck. arcs (3.68% from max.)
 TT = 0.003694, pt = 0.000127, dt = 0.000937, ct = 0.002138, ndl = 3', bdl = 1', odl = 0', odf = 4', lpcb = 5', cnt = 11', bdch = 10', odch = 2', lcp = 2'
Labels distribution in buckets (bucket size) : largest - 14, top 0.1% - 14, top 0.5% - 13, top 2% - 9, top 10% - 4, top 50% - 0
Dynamic params and stats :  bidir.bord. = 42 aver.obdmd = 18.4658 aver.buck.num. = 24.6712
ColGenEvalAlg final dual bound: -2604.41 (rounded: -2604)
Gap improvement since the last cut separation : 0.102681 (-2605.03)
data.cuts = 154
>>>>> Add min cuts : 5 cut(s) added
----- Add fac. cuts : UserCuts0(5), max.viol = 0.366509, aver.viol = 0.151112, sep/add took 0.01/0 sec. -----
1700 columns (1700 active), 34 dyn. constrs. (22 active), 538 art. vars. (274 active)
<DWph=2> <it=  1> <et=4.03> <Mt= 0.00> <Spt= 0.00> <nCl=  0> <al=0.00> <DB=-2604.2094> <Mlp=-2604.2094> <PB=-2599> 
<DWph=1> <it=  2> <et=4.04> <Mt= 0.00> <Spt= 0.01> <nCl=  0> <al=0.00> <DB=-2604.2094> <Mlp=-2604.2094> <PB=-2599> 
    RCSP exact solver info for graph G_1 : TT = 0.002205, pt = 6.9e-05, dt = 0.000899, ct = 0.000264, ndl = 1', bdl = 0', odl = 0', odf = 2', bsi = 1', cnt = 2', bdch = 4', odch = 1', lcp = 1', #sols = 150
    RCSP exact solver info for graph G_1 : TT = 0.001856, pt = 5.5e-05, dt = 0.000682, ct = 0.000257, ndl = 1', bdl = 0', odl = 0', odf = 2', bsi = 1', cnt = 2', bdch = 4', odch = 1', lcp = 1', #sols = 150
<DWph=0> <it=  3> <et=4.04> <Mt= 0.00> <Spt= 0.00> <nCl=  0> <al=0.00> <DB=-2604.2094> <Mlp=-2604.2094> <PB=-2599> 
    Full reduced cost fixing is not called (gap ratio is 0.962239)
Dynamic params and stats :  bidir.bord. = 42 aver.obdmd = 18.4658 aver.buck.num. = 24.6712
ColGenEvalAlg final dual bound: -2604.21 (rounded: -2604)
Gap improvement since the last cut separation : 0.037761 (-2604.41)
data.cuts = 161
>>>>> Add min cuts : 7 cut(s) added
----- Add fac. cuts : UserCuts0(7), max.viol = 0.154459, aver.viol = 0.114224, sep/add took 0.01/0 sec. -----
1704 columns (1704 active), 29 dyn. constrs. (26 active), 552 art. vars. (282 active)
<DWph=2> <it=  1> <et=4.08> <Mt= 0.01> <Spt= 0.01> <nCl=  0> <al=0.00> <DB=-2603.9086> <Mlp=-2603.9086> <PB=-2599> 
<DWph=1> <it=  2> <et=4.09> <Mt= 0.00> <Spt= 0.00> <nCl=  0> <al=0.00> <DB=-2603.9086> <Mlp=-2603.9086> <PB=-2599> 
    RCSP exact solver info for graph G_1 : TT = 0.001991, pt = 6.9e-05, dt = 0.000788, ct = 0.000265, ndl = 1', bdl = 0', odl = 0', odf = 2', bsi = 1', cnt = 2', bdch = 4', odch = 1', lcp = 1', #sols = 150
    RCSP exact solver info for graph G_1 : TT = 0.00177, pt = 5.2e-05, dt = 0.000638, ct = 0.000262, ndl = 1', bdl = 0', odl = 0', odf = 2', bsi = 1', cnt = 2', bdch = 4', odch = 1', lcp = 1', #sols = 150
<DWph=0> <it=  3> <et=4.09> <Mt= 0.00> <Spt= 0.01> <nCl=  0> <al=0.00> <DB=-2603.9086> <Mlp=-2603.9086> <PB=-2599> 
    Full reduced cost fixing is not called (gap ratio is 0.906686)
Dynamic params and stats :  bidir.bord. = 42 aver.obdmd = 18.4658 aver.buck.num. = 24.6712
ColGenEvalAlg final dual bound: -2603.91 (rounded: -2603)
Gap improvement since the last cut separation : 0.0577325 (-2604.21)
data.cuts = 171
>>>>> Add min cuts : 10 cut(s) added
----- Add fac. cuts : UserCuts0(10), max.viol = 0.162425, aver.viol = 0.0747849, sep/add took 0.02/0 sec. -----
1720 columns (1720 active), 36 dyn. constrs. (29 active), 572 art. vars. (288 active)
<DWph=2> <it=  1> <et=4.14> <Mt= 0.01> <Spt= 0.00> <nCl=  0> <al=0.00> <DB=-2603.6097> <Mlp=-2603.6097> <PB=-2599> 
<DWph=1> <it=  2> <et=4.14> <Mt= 0.00> <Spt= 0.01> <nCl=  0> <al=0.00> <DB=-2603.6097> <Mlp=-2603.6097> <PB=-2599> 
    RCSP exact solver info for graph G_1 : TT = 0.001996, pt = 6.5e-05, dt = 0.000794, ct = 0.000256, ndl = 1', bdl = 0', odl = 0', odf = 2', bsi = 1', cnt = 2', bdch = 4', odch = 1', lcp = 1', #sols = 150
    RCSP exact solver info for graph G_1 : TT = 0.001773, pt = 5.1e-05, dt = 0.000632, ct = 0.000259, ndl = 1', bdl = 0', odl = 0', odf = 2', bsi = 1', cnt = 2', bdch = 4', odch = 1', lcp = 1', #sols = 150
<DWph=0> <it=  3> <et=4.15> <Mt= 0.00> <Spt= 0.00> <nCl=  0> <al=0.00> <DB=-2603.6097> <Mlp=-2603.6097> <PB=-2599> 
Labels distribution in buckets (bucket size) : largest - 14, top 0.1% - 14, top 0.5% - 10, top 2% - 7, top 10% - 4, top 50% - 0
Reduced cost fixing for graph G_1... 1311 buck. arcs remain (90.2% from prev., 1.86% from max.) + 2628 jump buck. arcs (3.73% from max.)
Backward reduced cost fixing... 1311 buck. arcs remain (90.2% from prev., 1.86% from max.) + 2598 jump buck. arcs (3.69% from max.)
 TT = 0.003462, pt = 0.00012, dt = 0.000849, ct = 0.001982, ndl = 3', bdl = 1', odl = 0', odf = 4', lpcb = 4', cnt = 9', bdch = 8', odch = 2', lcp = 2'
Labels distribution in buckets (bucket size) : largest - 14, top 0.1% - 14, top 0.5% - 13, top 2% - 8, top 10% - 4, top 50% - 0
Dynamic params and stats :  bidir.bord. = 42 aver.obdmd = 18.4658 aver.buck.num. = 24.6712
ColGenEvalAlg final dual bound: -2603.61 (rounded: -2603)
Gap improvement since the last cut separation : 0.0608942 (-2603.91)
data.cuts = 183
>>>>> Add min cuts : 12 cut(s) added
----- Add fac. cuts : UserCuts0(12), max.viol = 0.146946, aver.viol = 0.073391, sep/add took 0.02/0 sec. -----
1726 columns (1726 active), 41 dyn. constrs. (29 active), 596 art. vars. (288 active)
<DWph=2> <it=  1> <et=4.20> <Mt= 0.01> <Spt= 0.01> <nCl=  1> <al=0.00> <DB=-2629.1386> <Mlp=-2603.2959> <PB=-2599> 
<DWph=2> <it=  2> <et=4.21> <Mt= 0.00> <Spt= 0.00> <nCl=  0> <al=0.00> <DB=-2603.3090> <Mlp=-2603.3090> <PB=-2599> 
<DWph=1> <it=  3> <et=4.21> <Mt= 0.00> <Spt= 0.00> <nCl=  1> <al=0.30> <DB=-2613.7904> <Mlp=-2603.3090> <PB=-2599> 
<DWph=1> <it=  4> <et=4.22> <Mt= 0.00> <Spt= 0.01> <nCl=  0> <al=0.00> <DB=-2603.3180> <Mlp=-2603.3180> <PB=-2599> 
    RCSP exact solver info for graph G_1 : TT = 0.001907, pt = 6.6e-05, dt = 0.000718, ct = 0.000221, ndl = 1', bdl = 0', odl = 0', odf = 1', bsi = 1', cnt = 2', bdch = 2', odch = 0', lcp = 0', #sols = 150
    RCSP exact solver info for graph G_1 : TT = 0.001674, pt = 5e-05, dt = 0.000568, ct = 0.000219, ndl = 1', bdl = 0', odl = 0', odf = 1', bsi = 1', cnt = 2', bdch = 2', odch = 0', lcp = 0', #sols = 150
<DWph=0> <it=  5> <et=4.23> <Mt= 0.00> <Spt= 0.01> <nCl=  0> <al=0.00> <DB=-2603.3180> <Mlp=-2603.3180> <PB=-2599> 
    Full reduced cost fixing is not called (gap ratio is 0.936709)
Dynamic params and stats :  bidir.bord. = 42 aver.obdmd = 18.4658 aver.buck.num. = 24.6712
ColGenEvalAlg final dual bound: -2603.32 (rounded: -2603)
Gap improvement since the last cut separation : 0.0632913 (-2603.61)
data.cuts = 187
>>>>> Add min cuts : 4 cut(s) added
----- Add fac. cuts : UserCuts0(4), max.viol = 0.11155, aver.viol = 0.0727931, sep/add took 0.01/0 sec. -----
1735 columns (1735 active), 33 dyn. constrs. (22 active), 604 art. vars. (274 active)
<DWph=2> <it=  1> <et=4.26> <Mt= 0.01> <Spt= 0.00> <nCl=  0> <al=0.00> <DB=-2603.1427> <Mlp=-2603.1427> <PB=-2599> 
<DWph=1> <it=  2> <et=4.27> <Mt= 0.00> <Spt= 0.00> <nCl=  0> <al=0.00> <DB=-2603.1427> <Mlp=-2603.1427> <PB=-2599> 
    RCSP exact solver info for graph G_1 : TT = 0.001864, pt = 6.4e-05, dt = 0.000717, ct = 0.000215, ndl = 1', bdl = 0', odl = 0', odf = 1', bsi = 1', cnt = 2', bdch = 2', odch = 0', lcp = 0', #sols = 150
    RCSP exact solver info for graph G_1 : TT = 0.001707, pt = 5.1e-05, dt = 0.000563, ct = 0.000209, ndl = 1', bdl = 0', odl = 0', odf = 1', bsi = 1', cnt = 2', bdch = 2', odch = 0', lcp = 0', #sols = 150
<DWph=0> <it=  3> <et=4.27> <Mt= 0.00> <Spt= 0.01> <nCl=  0> <al=0.00> <DB=-2603.1427> <Mlp=-2603.1427> <PB=-2599> 
Labels distribution in buckets (bucket size) : largest - 10, top 0.1% - 10, top 0.5% - 9, top 2% - 6, top 10% - 3, top 50% - 0
Reduced cost fixing for graph G_1... 1255 buck. arcs remain (95.7% from prev., 1.78% from max.) + 2591 jump buck. arcs (3.68% from max.)
Backward reduced cost fixing... 1255 buck. arcs remain (95.7% from prev., 1.78% from max.) + 2561 jump buck. arcs (3.64% from max.)
 TT = 0.003201, pt = 0.0001, dt = 0.000776, ct = 0.001866, ndl = 3', bdl = 1', odl = 0', odf = 3', lpcb = 3', cnt = 7', bdch = 6', odch = 1', lcp = 1'
Labels distribution in buckets (bucket size) : largest - 11, top 0.1% - 10, top 0.5% - 9, top 2% - 7, top 10% - 3, top 50% - 0
Dynamic params and stats :  bidir.bord. = 42 aver.obdmd = 18.4658 aver.buck.num. = 24.6712
ColGenEvalAlg final dual bound: -2603.14 (rounded: -2603)
Gap improvement since the last cut separation : 0.0405789 (-2603.32)
data.cuts = 192
>>>>> Add min cuts : 5 cut(s) added
----- Add fac. cuts : UserCuts0(5), max.viol = 0.0909271, aver.viol = 0.0632519, sep/add took 0.01/0 sec. -----
1735 columns (1735 active), 27 dyn. constrs. (24 active), 614 art. vars. (278 active)
<DWph=2> <it=  1> <et=4.31> <Mt= 0.00> <Spt= 0.00> <nCl=  1> <al=0.00> <DB=-2606.9208> <Mlp=-2602.9460> <PB=-2599> 
<DWph=2> <it=  2> <et=4.31> <Mt= 0.00> <Spt= 0.01> <nCl=  0> <al=0.00> <DB=-2602.9460> <Mlp=-2602.9460> <PB=-2599> 
<DWph=1> <it=  3> <et=4.32> <Mt= 0.00> <Spt= 0.00> <nCl=  0> <al=0.00> <DB=-2602.9460> <Mlp=-2602.9460> <PB=-2599> 
    RCSP exact solver info for graph G_1 : TT = 0.001831, pt = 6.5e-05, dt = 0.000681, ct = 0.000211, ndl = 1', bdl = 0', odl = 0', odf = 1', bsi = 1', cnt = 2', bdch = 2', odch = 0', lcp = 0', #sols = 150
    RCSP exact solver info for graph G_1 : TT = 0.001597, pt = 4.9e-05, dt = 0.00052, ct = 0.000211, ndl = 1', bdl = 0', odl = 0', odf = 1', bsi = 1', cnt = 2', bdch = 2', odch = 0', lcp = 0', #sols = 150
<DWph=0> <it=  4> <et=4.33> <Mt= 0.01> <Spt= 0.01> <nCl=  0> <al=0.00> <DB=-2602.9460> <Mlp=-2602.9460> <PB=-2599> 
    Full reduced cost fixing is not called (gap ratio is 0.952516)
Dynamic params and stats :  bidir.bord. = 42 aver.obdmd = 18.4658 aver.buck.num. = 24.6712
ColGenEvalAlg final dual bound: -2602.95 (rounded: -2602)
Gap improvement since the last cut separation : 0.0474839 (-2603.14)
data.cuts = 198
>>>>> Add min cuts : 6 cut(s) added
----- Add fac. cuts : UserCuts0(6), max.viol = 0.0913316, aver.viol = 0.0545107, sep/add took 0.01/0 sec. -----
1741 columns (1741 active), 30 dyn. constrs. (26 active), 626 art. vars. (282 active)
<DWph=2> <it=  1> <et=4.36> <Mt= 0.00> <Spt= 0.00> <nCl=  1> <al=0.00> <DB=-2602.0629> <Mlp=-2600.4895> <PB=-2599> 
<DWph=2> <it=  2> <et=4.36> <Mt= 0.01> <Spt= 0.00> <nCl=  0> <al=0.00> <DB=-2600.4895> <Mlp=-2600.4895> <PB=-2599> 
<DWph=1> <it=  3> <et=4.37> <Mt= 0.00> <Spt= 0.00> <nCl=  3> <al=0.30> <DB=-2644.8951> <Mlp=-2600.4895> <PB=-2599> 
<DWph=1> <it=  4> <et=4.37> <Mt= 0.00> <Spt= 0.01> <nCl=  0> <al=0.00> <DB=-2600.7208> <Mlp=-2600.7208> <PB=-2599> 
    RCSP exact solver info for graph G_1 : TT = 0.001844, pt = 6.5e-05, dt = 0.000691, ct = 0.000205, ndl = 1', bdl = 0', odl = 0', odf = 1', bsi = 1', cnt = 2', bdch = 2', odch = 0', lcp = 0', #sols = 150
    RCSP exact solver info for graph G_1 : TT = 0.00162, pt = 5.1e-05, dt = 0.000559, ct = 0.000207, ndl = 1', bdl = 0', odl = 0', odf = 1', bsi = 1', cnt = 2', bdch = 2', odch = 0', lcp = 0', #sols = 150
<DWph=0> <it=  5> <et=4.38> <Mt= 0.00> <Spt= 0.00> <nCl=  0> <al=0.00> <DB=-2600.7208> <Mlp=-2600.7208> <PB=-2599> 
Labels distribution in buckets (bucket size) : largest - 11, top 0.1% - 10, top 0.5% - 7, top 2% - 5, top 10% - 3, top 50% - 0
Reduced cost fixing for graph G_1... 845 buck. arcs remain (67.3% from prev., 1.2% from max.) + 2271 jump buck. arcs (3.22% from max.)
Backward reduced cost fixing... 845 buck. arcs remain (67.3% from prev., 1.2% from max.) + 2271 jump buck. arcs (3.22% from max.)
 TT = 0.002745, pt = 9e-05, dt = 0.000645, ct = 0.001492, ndl = 2', bdl = 1', odl = 0', odf = 2', lpcb = 3', cnt = 4', bdch = 3', odch = 1', lcp = 0'
Labels distribution in buckets (bucket size) : largest - 12, top 0.1% - 11, top 0.5% - 10, top 2% - 6, top 10% - 3, top 50% - 0
Dynamic params and stats :  bidir.bord. = 42 aver.obdmd = 18.4658 aver.buck.num. = 24.6712
ColGenEvalAlg final dual bound: -2600.72 (rounded: -2600)
Gap improvement since the last cut separation : 0.563909 (-2602.95)
data.cuts = 200
>>>>> Add min cuts : 2 cut(s) added
----- Add fac. cuts : UserCuts0(2), max.viol = 0.167048, aver.viol = 0.120137, sep/add took 0/0 sec. -----
1787 columns (1787 active), 28 dyn. constrs. (21 active), 630 art. vars. (272 active)
<DWph=2> <it=  1> <et=4.41> <Mt= 0.00> <Spt= 0.01> <nCl=  0> <al=0.00> <DB=-2600.6718> <Mlp=-2600.6718> <PB=-2599> 
<DWph=1> <it=  2> <et=4.41> <Mt= 0.01> <Spt= 0.00> <nCl=  0> <al=0.00> <DB=-2600.6718> <Mlp=-2600.6718> <PB=-2599> 
    RCSP exact solver info for graph G_1 : TT = 0.001551, pt = 6.3e-05, dt = 0.000521, ct = 0.000131, ndl = 0', bdl = 0', odl = 0', odf = 0', bsi = 0', cnt = 1', bdch = 0', odch = 0', lcp = 0', #sols = 150
    RCSP exact solver info for graph G_1 : TT = 0.001387, pt = 5e-05, dt = 0.000411, ct = 0.000133, ndl = 0', bdl = 0', odl = 0', odf = 0', bsi = 0', cnt = 1', bdch = 0', odch = 0', lcp = 0', #sols = 150
<DWph=0> <it=  3> <et=4.42> <Mt= 0.00> <Spt= 0.01> <nCl=  0> <al=0.00> <DB=-2600.6718> <Mlp=-2600.6718> <PB=-2599> 
    Full reduced cost fixing is not called (gap ratio is 0.971501)
Dynamic params and stats :  bidir.bord. = 42 aver.obdmd = 18.3973 aver.buck.num. = 24.6712
ColGenEvalAlg final dual bound: -2600.67 (rounded: -2600)
Gap improvement since the last cut separation : 0.0284983 (-2600.72)
data.cuts = 203
>>>>> Add min cuts : 3 cut(s) added
----- Add fac. cuts : UserCuts0(3), max.viol = 0.00556112, aver.viol = 0.00333667, sep/add took 0.01/0 sec. -----
1838 columns (1838 active), 24 dyn. constrs. (21 active), 636 art. vars. (272 active)
<DWph=2> <it=  1> <et=4.45> <Mt= 0.00> <Spt= 0.00> <nCl=  0> <al=0.00> <DB=-2600.6660> <Mlp=-2600.6660> <PB=-2599> 
<DWph=1> <it=  2> <et=4.46> <Mt= 0.00> <Spt= 0.00> <nCl=  0> <al=0.00> <DB=-2600.6660> <Mlp=-2600.6660> <PB=-2599> 
    RCSP exact solver info for graph G_1 : TT = 0.001542, pt = 6.3e-05, dt = 0.000527, ct = 0.00013, ndl = 0', bdl = 0', odl = 0', odf = 0', bsi = 0', cnt = 1', bdch = 0', odch = 0', lcp = 0', #sols = 150
    RCSP exact solver info for graph G_1 : TT = 0.001359, pt = 4.8e-05, dt = 0.000391, ct = 0.000132, ndl = 0', bdl = 0', odl = 0', odf = 0', bsi = 0', cnt = 1', bdch = 0', odch = 0', lcp = 0', #sols = 150
<DWph=0> <it=  3> <et=4.46> <Mt= 0.00> <Spt= 0.01> <nCl=  0> <al=0.00> <DB=-2600.6660> <Mlp=-2600.6660> <PB=-2599> 
    Full reduced cost fixing is not called (gap ratio is 0.968125)
Dynamic params and stats :  bidir.bord. = 42 aver.obdmd = 18.3425 aver.buck.num. = 24.6712
ColGenEvalAlg final dual bound: -2600.67 (rounded: -2600)
Gap improvement since the last cut separation : 0.00347528 (-2600.67)
Cut generation tailing off counter increased to 1
8 Rank-1 1-rows pack. cuts added ,  max viol. = 0.130073, aver. viol. = 0.0507284
150 Rank-1 3-rows pack. cuts added ,  max viol. = 0.147763, aver. viol. = 0.0557336
----- Add fac. cuts : R1C(158), max.viol = 0.229969, aver.viol = 0.0782742, sep/add took 0/0.08 sec. -----
1844 columns (1844 active), 179 dyn. constrs. (177 active), 794 art. vars. (426 active)
<DWph=2> <it=  1> <et=4.57> <Mt= 0.01> <Spt= 0.00> <nCl=  0> <al=0.00> <DB=-2600.0000> <Mlp=-2600.0000> <PB=-2599> 
<DWph=1> <it=  2> <et=4.58> <Mt= 0.00> <Spt= 0.01> <nCl=  0> <al=0.00> <DB=-2600.0000> <Mlp=-2600.0000> <PB=-2599> 
    RCSP exact solver info for graph G_1 : TT = 0.002068, pt = 0.000337, dt = 0.000694, ct = 0.000146, ndl = 0', bdl = 0', odl = 0', odf = 1', bsi = 0', cnt = 1', bdch = 0', odch = 0', lcp = 0', #sols = 150
    RCSP exact solver info for graph G_1 : TT = 0.001639, pt = 0.000263, dt = 0.000472, ct = 0.000131, ndl = 0', bdl = 0', odl = 0', odf = 1', bsi = 0', cnt = 1', bdch = 0', odch = 0', lcp = 0', #sols = 150
<DWph=0> <it=  3> <et=4.59> <Mt= 0.00> <Spt= 0.01> <nCl=  0> <al=0.00> <DB=-2600.0000> <Mlp=-2600.0000> <PB=-2599> 
Labels distribution in buckets (bucket size) : largest - 8, top 0.1% - 8, top 0.5% - 6, top 2% - 3, top 10% - 2, top 50% - 0
Reduced cost fixing for graph G_1... 817 buck. arcs remain (96.7% from prev., 1.16% from max.) + 2267 jump buck. arcs (3.22% from max.)
Backward reduced cost fixing... 817 buck. arcs remain (96.7% from prev., 1.16% from max.) + 2267 jump buck. arcs (3.22% from max.)
 TT = 0.002778, pt = 0.000269, dt = 0.000593, ct = 0.001427, ndl = 1', bdl = 0', odl = 0', odf = 2', lpcb = 1', cnt = 2', bdch = 1', odch = 0', lcp = 0'
Labels distribution in buckets (bucket size) : largest - 8, top 0.1% - 8, top 0.5% - 7, top 2% - 4, top 10% - 2, top 50% - 0
Dynamic params and stats :  bidir.bord. = 42 aver.obdmd = 18.2192 aver.buck.num. = 24.6712 nbR1C = 4 with avMem = 11.75
ColGenEvalAlg final dual bound: -2600 (rounded: -2600)
Gap improvement since the last cut separation : 0.399748 (-2600.67)
Building structures for heuristic rank-1 packing cut separation...done!
----- Add fac. cuts : sep. took 0.1 sec.----- no cuts found  -----
-----------------------------------------------------------------------
BaPCod info : now we run the root node with rank-1 cuts with arc memory
-----------------------------------------------------------------------
ColGenEvalAlg final dual bound: -2600.67 (rounded: -2600)
8 Rank-1 1-rows pack. cuts added ,  max viol. = 0.130073, aver. viol. = 0.0507284
150 Rank-1 3-rows pack. cuts added ,  max viol. = 0.152966, aver. viol. = 0.0629778
----- Add fac. cuts : R1C(158), max.viol = 0.254943, aver.viol = 0.0840254, sep/add took 0/0.07 sec. -----
1874 columns (1844 active), 187 dyn. constrs. (177 active), 436 art. vars. (426 active)
<DWph=2> <it=  1> <et=4.86> <Mt= 0.05> <Spt= 0.00> <nCl=  3> <al=0.50> <DB=-2602.6057> <Mlp=-2600.0000> <PB=-2599> 
<DWph=2> <it=  2> <et=4.86> <Mt= 0.01> <Spt= 0.00> <nCl=  1> <al=0.55> <DB=-2601.3091> <Mlp=-2600.0000> <PB=-2599> 
<DWph=2> <it=  3> <et=4.87> <Mt= 0.00> <Spt= 0.00> <nCl=  1> <al=0.60> <DB=-2601.5989> <Mlp=-2600.0000> <PB=-2599> 
<DWph=2> <it=  4> <et=4.88> <Mt= 0.00> <Spt= 0.01> <nCl=  0> <al=0.00> <DB=-2600.0000> <Mlp=-2600.0000> <PB=-2599> 
<DWph=1> <it=  5> <et=4.88> <Mt= 0.00> <Spt= 0.00> <nCl=  0> <al=0.00> <DB=-2600.0000> <Mlp=-2600.0000> <PB=-2599> 
    RCSP exact solver info for graph G_1 : TT = 0.002039, pt = 0.00024, dt = 0.000698, ct = 0.000153, ndl = 0', bdl = 0', odl = 0', odf = 1', bsi = 0', cnt = 1', bdch = 0', odch = 0', lcp = 0', #sols = 150
    RCSP exact solver info for graph G_1 : TT = 0.001853, pt = 0.000247, dt = 0.000595, ct = 0.000138, ndl = 0', bdl = 0', odl = 0', odf = 1', bsi = 0', cnt = 1', bdch = 0', odch = 0', lcp = 0', #sols = 150
<DWph=0> <it=  6> <et=4.90> <Mt= 0.00> <Spt= 0.02> <nCl=  0> <al=0.00> <DB=-2600.0000> <Mlp=-2600.0000> <PB=-2599> 
Labels distribution in buckets (bucket size) : largest - 7, top 0.1% - 6, top 0.5% - 4, top 2% - 3, top 10% - 2, top 50% - 0
Reduced cost fixing for graph G_1... 702 buck. arcs remain (83.1% from prev., 0.996% from max.) + 2082 jump buck. arcs (2.96% from max.)
Backward reduced cost fixing... 702 buck. arcs remain (83.1% from prev., 0.996% from max.) + 2144 jump buck. arcs (3.04% from max.)
 TT = 0.002639, pt = 0.000217, dt = 0.000599, ct = 0.001312, ndl = 1', bdl = 0', odl = 0', odf = 1', lpcb = 1', cnt = 2', bdch = 1', odch = 0', lcp = 0'
Labels distribution in buckets (bucket size) : largest - 7, top 0.1% - 7, top 0.5% - 5, top 2% - 4, top 10% - 2, top 50% - 0
Dynamic params and stats :  bidir.bord. = 42 aver.obdmd = 18.2192 aver.buck.num. = 24.6712 nbR1C = 4 with avMem = 30.5
ColGenEvalAlg final dual bound: -2600 (rounded: -2600)
Gap improvement since the last cut separation : 0.399748 (-2600.67)
Building structures for heuristic rank-1 packing cut separation...done!
----- Add fac. cuts : sep. took 0.1 sec.----- no cuts found  -----
-----------------------------------------------------------------------
Run with node memory : bound is -2600, elapsed time is 0.12983
Run with arc memory : bound is -2600, elapsed time is 0.305932
Node memory is preferred (score = 0.424375)
-----------------------------------------------------------------------
**** Strong branching phase 1 is started *****
SB phase 1 cand.  1 branch on var y_1_4_1_OspV (lhs=0.5000)    : [-2600.0000, -2583.6667], score = 0.00      <et=5.04>
SB phase 1 cand.  2 branch on var y_1_5_1_OspV (lhs=0.5000)    : [-2600.0000, -2584.8395], score = 0.00      <et=5.06>
SB phase 1 cand.  3 branch on var x_1_4_26_1_OspV (lhs=0.5000) : [-2600.0000, -2583.6667], score = 0.00      <et=5.08>
SB phase 1 cand.  4 branch on var x_1_4_60_1_OspV (lhs=0.5000) : [-2600.0000, -2580.0000], score = 0.00      <et=5.1>
SB phase 1 cand.  5 branch on var x_1_5_31_1_OspV (lhs=0.5000) : [-2600.0000, -2586.5686], score = 0.00      <et=5.11>
SB phase 1 cand.  6 branch on var x_1_5_39_1_OspV (lhs=0.5000) : [-2600.0000, -2578.3784], score = 0.00      <et=5.13>
SB phase 1 cand.  7 branch on var x_1_9_23_1_OspV (lhs=0.5000) : [-2600.0000, -2600.0000], score = 0.00      <et=5.14>
SB phase 1 cand.  8 branch on var x_1_9_29_1_OspV (lhs=0.5000) : [-2600.0000, -2600.0000], score = 0.00      <et=5.14>
SB phase 1 cand.  9 branch on var x_1_19_26_1_OspV (lhs=0.5000): [-2600.0000, -2600.0000], score = 0.00      <et=5.15>
SB phase 1 cand. 10 branch on var x_1_19_60_1_OspV (lhs=0.5000): [-2600.0000, -2600.0000], score = 0.00      <et=5.15>
SB phase 1 cand. 11 branch on var x_1_22_56_1_OspV (lhs=0.5000): [-2600.0000, -2600.0000], score = 0.00      <et=5.16>
SB phase 1 cand. 12 branch on var x_1_22_61_1_OspV (lhs=0.5000): [-2600.0000, -2600.0000], score = 0.00      <et=5.16>
SB phase 1 cand. 13 branch on var x_1_23_51_1_OspV (lhs=0.5000): [-2600.0000, -2600.0000], score = 0.00      <et=5.17>
SB phase 1 cand. 14 branch on var x_1_26_31_1_OspV (lhs=0.5000): [-2600.0000, -2590.0000], score = 0.00      <et=5.18>
SB phase 1 cand. 15 branch on var x_1_26_60_1_OspV (lhs=0.5000): [-2600.0000, -2600.0000], score = 0.00      <et=5.19>
SB phase 1 cand. 16 branch on var x_1_29_51_1_OspV (lhs=0.5000): [-2600.0000, -2600.0000], score = 0.00      <et=5.19>
SB phase 1 cand. 17 branch on var x_1_31_39_1_OspV (lhs=0.5000): [-2600.0000, -2590.0000], score = 0.00      <et=5.21>
SB phase 1 cand. 18 branch on var x_1_31_60_1_OspV (lhs=0.5000): [-2600.0000, -2583.3333], score = 0.00      <et=5.23>
SB phase 1 cand. 19 branch on var x_1_42_56_1_OspV (lhs=0.5000): [-2600.0000, -2600.0000], score = 0.00      <et=5.23>
SB phase 1 cand. 20 branch on var x_1_42_61_1_OspV (lhs=0.5000): [-2600.0000, -2600.0000], score = 0.00      <et=5.23>
**** Strong branching phase 2 is started *****
<DWph=1> <it=  2> <et=5.25> <Mt= 0.00> <Spt= 0.00> <nCl=  3> <al=0.00> <DB=-2663.8075> <Mlp=-2600.0000> <PB=-2600> 
<DWph=1> <it=  1> <et=5.27> <Mt= 0.01> <Spt= 0.00> <nCl=  0> <al=0.00> <DB=-2600.0000> <Mlp=-2600.0000> <PB=-2600> 
 SB phase 2 candidate 1 is conquered !
**** Strong branching phase 3 is started *****
**** SB phase 3 evaluation of candidate 1, branch 1 ( x_1_5_39_1_OspV >= 1 ), value = -2600
Branch is already conquered!
**** SB phase 3 evaluation of candidate 1, branch 2 ( x_1_5_39_1_OspV <= 0 ), value = -2600
Branch is already conquered!
 SB phase 3 candidate 1 is conquered !
SB with phases chosed candidate var x_1_5_39_1_OspV (lhs=0.5)
New model incumbent solution -2600, TIME = 0h0m5s27t = 527
************************************************************************************************
Search is finished, global bounds : [ -2600 , -2600 ], TIME = 0h0m5s27t = 527
************************************************************************************************
[32mBaPCod : solution defined.[00m
statistics_cols: instance & :Optimal & cutoff & :bcRecRootDb & :bcTimeRootEval & :bcCountNodeProc & :bcRecBestDb & :bcRecBestInc & :bcTimeMain \\
statistics: eil51-H10-T4-S4 & 1 & -2598.99999 & -2600.00 & 5.02 & 3 & -2600.00 & -2600 & 5.27 \\
tour = Any[1, 11, 32, 18, 36, 41, 38, 13, 45, 39, 5, 31, 60, 26, 19, 40, 49, 20, 59, 15, 48, 21, 3, 42, 61, 56, 22, 57, 14, 27, 47, 54, 52, 29, 9, 51, 23, 35, 24, 34, 53, 33, 58, 16, 2]
########################################################
trip 1 : 9 51 23 35 24 34 53 33 58 16 2 
trip 2 : 3 42 61 56 22 57 14 27 47 54 52 29 9 
trip 3 : 1 11 32 18 36 41 38 13 45 39 5 
trip 4 : 5 31 60 26 19 40 49 20 59 15 48 21 3 
tour : 1 11 32 18 36 41 38 13 45 39 5 31 60 26 19 40 49 20 59 15 48 21 3 42 61 56 22 57 14 27 47 54 52 29 9 51 23 35 24 34 53 33 58 16 2
Cost 2600.0
Number of user cuts 203
########################################################
